[0.032s] Invoking command in '/home/pheonix/ros2_ws/build/rcl_interfaces': CMAKE_PREFIX_PATH=${CMAKE_PREFIX_PATH}:/opt/ros/jazzy DEBUGINFOD_URLS=https://debuginfod.ubuntu.com /usr/bin/cmake --build /home/pheonix/ros2_ws/build/rcl_interfaces -- -j2 -l2
[0.196s] [  0%] Built target rcl_interfaces__rosidl_generator_type_description
[0.271s] [  0%] Built target ament_cmake_python_copy_rcl_interfaces
[0.306s] [  0%] Built target rcl_interfaces__cpp
[0.415s] [ 28%] Built target rcl_interfaces__rosidl_generator_c
[0.675s] running egg_info
[0.712s] writing rcl_interfaces.egg-info/PKG-INFO
[0.717s] writing dependency_links to rcl_interfaces.egg-info/dependency_links.txt
[0.719s] writing top-level names to rcl_interfaces.egg-info/top_level.txt
[0.776s] reading manifest file 'rcl_interfaces.egg-info/SOURCES.txt'
[0.786s] writing manifest file 'rcl_interfaces.egg-info/SOURCES.txt'
[0.829s] [ 28%] Built target ament_cmake_python_build_rcl_interfaces_egg
[0.920s] [ 38%] Built target rcl_interfaces__rosidl_typesupport_cpp
[1.012s] [ 47%] Built target rcl_interfaces__rosidl_typesupport_fastrtps_c
[1.069s] [ 57%] Built target rcl_interfaces__rosidl_typesupport_introspection_c
[1.219s] [ 67%] Built target rcl_interfaces__rosidl_typesupport_c
[1.432s] [ 77%] Built target rcl_interfaces__rosidl_typesupport_fastrtps_cpp
[1.604s] [ 87%] Built target rcl_interfaces__rosidl_typesupport_introspection_cpp
[1.668s] [ 87%] Built target rcl_interfaces
[1.765s] [ 87%] Built target rcl_interfaces__py
[1.917s] [ 97%] Built target rcl_interfaces__rosidl_generator_py
[2.029s] [ 98%] Built target rcl_interfaces_s__rosidl_typesupport_fastrtps_c
[2.203s] [ 99%] Built target rcl_interfaces_s__rosidl_typesupport_introspection_c
[2.256s] [100%] Built target rcl_interfaces_s__rosidl_typesupport_c
[2.280s] Invoked command in '/home/pheonix/ros2_ws/build/rcl_interfaces' returned '0': CMAKE_PREFIX_PATH=${CMAKE_PREFIX_PATH}:/opt/ros/jazzy DEBUGINFOD_URLS=https://debuginfod.ubuntu.com /usr/bin/cmake --build /home/pheonix/ros2_ws/build/rcl_interfaces -- -j2 -l2
[5.650s] Invoking command in '/home/pheonix/ros2_ws/build/rcl_interfaces': CMAKE_PREFIX_PATH=${CMAKE_PREFIX_PATH}:/opt/ros/jazzy DEBUGINFOD_URLS=https://debuginfod.ubuntu.com /usr/bin/cmake --install /home/pheonix/ros2_ws/build/rcl_interfaces
[5.677s] -- Install configuration: ""
[5.679s] -- Up-to-date: /home/pheonix/ros2_ws/install/rcl_interfaces/share/ament_index/resource_index/rosidl_interfaces/rcl_interfaces
[5.680s] -- Up-to-date: /home/pheonix/ros2_ws/install/rcl_interfaces/share/rcl_interfaces/msg/FloatingPointRange.json
[5.680s] -- Up-to-date: /home/pheonix/ros2_ws/install/rcl_interfaces/share/rcl_interfaces/msg/IntegerRange.json
[5.680s] -- Up-to-date: /home/pheonix/ros2_ws/install/rcl_interfaces/share/rcl_interfaces/msg/ListParametersResult.json
[5.690s] -- Up-to-date: /home/pheonix/ros2_ws/install/rcl_interfaces/share/rcl_interfaces/msg/Log.json
[5.690s] -- Up-to-date: /home/pheonix/ros2_ws/install/rcl_interfaces/share/rcl_interfaces/msg/ParameterDescriptor.json
[5.690s] -- Up-to-date: /home/pheonix/ros2_ws/install/rcl_interfaces/share/rcl_interfaces/msg/ParameterEventDescriptors.json
[5.690s] -- Up-to-date: /home/pheonix/ros2_ws/install/rcl_interfaces/share/rcl_interfaces/msg/ParameterEvent.json
[5.691s] -- Up-to-date: /home/pheonix/ros2_ws/install/rcl_interfaces/share/rcl_interfaces/msg/Parameter.json
[5.691s] -- Up-to-date: /home/pheonix/ros2_ws/install/rcl_interfaces/share/rcl_interfaces/msg/ParameterType.json
[5.691s] -- Up-to-date: /home/pheonix/ros2_ws/install/rcl_interfaces/share/rcl_interfaces/msg/ParameterValue.json
[5.691s] -- Up-to-date: /home/pheonix/ros2_ws/install/rcl_interfaces/share/rcl_interfaces/msg/SetParametersResult.json
[5.691s] -- Up-to-date: /home/pheonix/ros2_ws/install/rcl_interfaces/share/rcl_interfaces/msg/LoggerLevel.json
[5.691s] -- Up-to-date: /home/pheonix/ros2_ws/install/rcl_interfaces/share/rcl_interfaces/msg/SetLoggerLevelsResult.json
[5.691s] -- Up-to-date: /home/pheonix/ros2_ws/install/rcl_interfaces/share/rcl_interfaces/srv/DescribeParameters.json
[5.691s] -- Up-to-date: /home/pheonix/ros2_ws/install/rcl_interfaces/share/rcl_interfaces/srv/GetParameters.json
[5.691s] -- Up-to-date: /home/pheonix/ros2_ws/install/rcl_interfaces/share/rcl_interfaces/srv/GetParameterTypes.json
[5.692s] -- Up-to-date: /home/pheonix/ros2_ws/install/rcl_interfaces/share/rcl_interfaces/srv/ListParameters.json
[5.692s] -- Up-to-date: /home/pheonix/ros2_ws/install/rcl_interfaces/share/rcl_interfaces/srv/SetParametersAtomically.json
[5.692s] -- Up-to-date: /home/pheonix/ros2_ws/install/rcl_interfaces/share/rcl_interfaces/srv/SetParameters.json
[5.692s] -- Up-to-date: /home/pheonix/ros2_ws/install/rcl_interfaces/share/rcl_interfaces/srv/GetLoggerLevels.json
[5.692s] -- Up-to-date: /home/pheonix/ros2_ws/install/rcl_interfaces/share/rcl_interfaces/srv/SetLoggerLevels.json
[5.692s] -- Up-to-date: /home/pheonix/ros2_ws/install/rcl_interfaces/include/rcl_interfaces/rcl_interfaces
[5.692s] -- Up-to-date: /home/pheonix/ros2_ws/install/rcl_interfaces/include/rcl_interfaces/rcl_interfaces/msg
[5.698s] -- Up-to-date: /home/pheonix/ros2_ws/install/rcl_interfaces/include/rcl_interfaces/rcl_interfaces/msg/parameter_value.h
[5.698s] -- Up-to-date: /home/pheonix/ros2_ws/install/rcl_interfaces/include/rcl_interfaces/rcl_interfaces/msg/set_parameters_result.h
[5.698s] -- Up-to-date: /home/pheonix/ros2_ws/install/rcl_interfaces/include/rcl_interfaces/rcl_interfaces/msg/parameter_type.h
[5.698s] -- Up-to-date: /home/pheonix/ros2_ws/install/rcl_interfaces/include/rcl_interfaces/rcl_interfaces/msg/set_logger_levels_result.h
[5.698s] -- Up-to-date: /home/pheonix/ros2_ws/install/rcl_interfaces/include/rcl_interfaces/rcl_interfaces/msg/integer_range.h
[5.698s] -- Up-to-date: /home/pheonix/ros2_ws/install/rcl_interfaces/include/rcl_interfaces/rcl_interfaces/msg/log.h
[5.698s] -- Up-to-date: /home/pheonix/ros2_ws/install/rcl_interfaces/include/rcl_interfaces/rcl_interfaces/msg/rosidl_generator_c__visibility_control.h
[5.698s] -- Up-to-date: /home/pheonix/ros2_ws/install/rcl_interfaces/include/rcl_interfaces/rcl_interfaces/msg/detail
[5.698s] -- Up-to-date: /home/pheonix/ros2_ws/install/rcl_interfaces/include/rcl_interfaces/rcl_interfaces/msg/detail/logger_level__description.c
[5.698s] -- Up-to-date: /home/pheonix/ros2_ws/install/rcl_interfaces/include/rcl_interfaces/rcl_interfaces/msg/detail/integer_range__struct.h
[5.698s] -- Up-to-date: /home/pheonix/ros2_ws/install/rcl_interfaces/include/rcl_interfaces/rcl_interfaces/msg/detail/floating_point_range__functions.h
[5.698s] -- Installing: /home/pheonix/ros2_ws/install/rcl_interfaces/include/rcl_interfaces/rcl_interfaces/msg/detail/integer_range__type_support.c
[5.698s] -- Installing: /home/pheonix/ros2_ws/install/rcl_interfaces/include/rcl_interfaces/rcl_interfaces/msg/detail/parameter_event__type_support.c
[5.699s] -- Up-to-date: /home/pheonix/ros2_ws/install/rcl_interfaces/include/rcl_interfaces/rcl_interfaces/msg/detail/set_logger_levels_result__struct.h
[5.699s] -- Installing: /home/pheonix/ros2_ws/install/rcl_interfaces/include/rcl_interfaces/rcl_interfaces/msg/detail/set_parameters_result__type_support.c
[5.699s] -- Up-to-date: /home/pheonix/ros2_ws/install/rcl_interfaces/include/rcl_interfaces/rcl_interfaces/msg/detail/list_parameters_result__functions.c
[5.699s] -- Up-to-date: /home/pheonix/ros2_ws/install/rcl_interfaces/include/rcl_interfaces/rcl_interfaces/msg/detail/parameter_descriptor__functions.h
[5.699s] -- Up-to-date: /home/pheonix/ros2_ws/install/rcl_interfaces/include/rcl_interfaces/rcl_interfaces/msg/detail/parameter__description.c
[5.699s] -- Up-to-date: /home/pheonix/ros2_ws/install/rcl_interfaces/include/rcl_interfaces/rcl_interfaces/msg/detail/set_parameters_result__struct.h
[5.700s] -- Up-to-date: /home/pheonix/ros2_ws/install/rcl_interfaces/include/rcl_interfaces/rcl_interfaces/msg/detail/log__description.c
[5.700s] -- Installing: /home/pheonix/ros2_ws/install/rcl_interfaces/include/rcl_interfaces/rcl_interfaces/msg/detail/logger_level__type_support.c
[5.700s] -- Up-to-date: /home/pheonix/ros2_ws/install/rcl_interfaces/include/rcl_interfaces/rcl_interfaces/msg/detail/parameter_type__type_support.h
[5.701s] -- Up-to-date: /home/pheonix/ros2_ws/install/rcl_interfaces/include/rcl_interfaces/rcl_interfaces/msg/detail/parameter__functions.h
[5.702s] -- Up-to-date: /home/pheonix/ros2_ws/install/rcl_interfaces/include/rcl_interfaces/rcl_interfaces/msg/detail/set_parameters_result__description.c
[5.702s] -- Installing: /home/pheonix/ros2_ws/install/rcl_interfaces/include/rcl_interfaces/rcl_interfaces/msg/detail/parameter_type__type_support.c
[5.702s] -- Up-to-date: /home/pheonix/ros2_ws/install/rcl_interfaces/include/rcl_interfaces/rcl_interfaces/msg/detail/floating_point_range__type_support.h
[5.702s] -- Up-to-date: /home/pheonix/ros2_ws/install/rcl_interfaces/include/rcl_interfaces/rcl_interfaces/msg/detail/parameter_type__struct.h
[5.702s] -- Up-to-date: /home/pheonix/ros2_ws/install/rcl_interfaces/include/rcl_interfaces/rcl_interfaces/msg/detail/parameter_event__description.c
[5.702s] -- Up-to-date: /home/pheonix/ros2_ws/install/rcl_interfaces/include/rcl_interfaces/rcl_interfaces/msg/detail/floating_point_range__struct.h
[5.702s] -- Up-to-date: /home/pheonix/ros2_ws/install/rcl_interfaces/include/rcl_interfaces/rcl_interfaces/msg/detail/parameter_value__type_support.h
[5.702s] -- Up-to-date: /home/pheonix/ros2_ws/install/rcl_interfaces/include/rcl_interfaces/rcl_interfaces/msg/detail/list_parameters_result__description.c
[5.702s] -- Installing: /home/pheonix/ros2_ws/install/rcl_interfaces/include/rcl_interfaces/rcl_interfaces/msg/detail/log__type_support.c
[5.702s] -- Up-to-date: /home/pheonix/ros2_ws/install/rcl_interfaces/include/rcl_interfaces/rcl_interfaces/msg/detail/logger_level__functions.c
[5.702s] -- Up-to-date: /home/pheonix/ros2_ws/install/rcl_interfaces/include/rcl_interfaces/rcl_interfaces/msg/detail/parameter__struct.h
[5.702s] -- Up-to-date: /home/pheonix/ros2_ws/install/rcl_interfaces/include/rcl_interfaces/rcl_interfaces/msg/detail/parameter_value__functions.h
[5.702s] -- Installing: /home/pheonix/ros2_ws/install/rcl_interfaces/include/rcl_interfaces/rcl_interfaces/msg/detail/parameter_event_descriptors__type_support.c
[5.702s] -- Up-to-date: /home/pheonix/ros2_ws/install/rcl_interfaces/include/rcl_interfaces/rcl_interfaces/msg/detail/parameter__functions.c
[5.702s] -- Up-to-date: /home/pheonix/ros2_ws/install/rcl_interfaces/include/rcl_interfaces/rcl_interfaces/msg/detail/parameter_event_descriptors__description.c
[5.702s] -- Installing: /home/pheonix/ros2_ws/install/rcl_interfaces/include/rcl_interfaces/rcl_interfaces/msg/detail/parameter_descriptor__type_support.c
[5.703s] -- Up-to-date: /home/pheonix/ros2_ws/install/rcl_interfaces/include/rcl_interfaces/rcl_interfaces/msg/detail/set_logger_levels_result__functions.h
[5.703s] -- Up-to-date: /home/pheonix/ros2_ws/install/rcl_interfaces/include/rcl_interfaces/rcl_interfaces/msg/detail/parameter_descriptor__type_support.h
[5.703s] -- Up-to-date: /home/pheonix/ros2_ws/install/rcl_interfaces/include/rcl_interfaces/rcl_interfaces/msg/detail/parameter_type__functions.h
[5.703s] -- Up-to-date: /home/pheonix/ros2_ws/install/rcl_interfaces/include/rcl_interfaces/rcl_interfaces/msg/detail/log__type_support.h
[5.703s] -- Installing: /home/pheonix/ros2_ws/install/rcl_interfaces/include/rcl_interfaces/rcl_interfaces/msg/detail/list_parameters_result__type_support.c
[5.703s] -- Up-to-date: /home/pheonix/ros2_ws/install/rcl_interfaces/include/rcl_interfaces/rcl_interfaces/msg/detail/parameter_descriptor__struct.h
[5.703s] -- Up-to-date: /home/pheonix/ros2_ws/install/rcl_interfaces/include/rcl_interfaces/rcl_interfaces/msg/detail/log__functions.h
[5.703s] -- Up-to-date: /home/pheonix/ros2_ws/install/rcl_interfaces/include/rcl_interfaces/rcl_interfaces/msg/detail/parameter_value__struct.h
[5.703s] -- Up-to-date: /home/pheonix/ros2_ws/install/rcl_interfaces/include/rcl_interfaces/rcl_interfaces/msg/detail/log__struct.h
[5.703s] -- Installing: /home/pheonix/ros2_ws/install/rcl_interfaces/include/rcl_interfaces/rcl_interfaces/msg/detail/set_logger_levels_result__type_support.c
[5.703s] -- Up-to-date: /home/pheonix/ros2_ws/install/rcl_interfaces/include/rcl_interfaces/rcl_interfaces/msg/detail/set_logger_levels_result__type_support.h
[5.703s] -- Up-to-date: /home/pheonix/ros2_ws/install/rcl_interfaces/include/rcl_interfaces/rcl_interfaces/msg/detail/list_parameters_result__type_support.h
[5.703s] -- Up-to-date: /home/pheonix/ros2_ws/install/rcl_interfaces/include/rcl_interfaces/rcl_interfaces/msg/detail/set_parameters_result__functions.c
[5.703s] -- Up-to-date: /home/pheonix/ros2_ws/install/rcl_interfaces/include/rcl_interfaces/rcl_interfaces/msg/detail/parameter_event__functions.c
[5.703s] -- Installing: /home/pheonix/ros2_ws/install/rcl_interfaces/include/rcl_interfaces/rcl_interfaces/msg/detail/parameter_value__type_support.c
[5.703s] -- Up-to-date: /home/pheonix/ros2_ws/install/rcl_interfaces/include/rcl_interfaces/rcl_interfaces/msg/detail/parameter_event_descriptors__type_support.h
[5.703s] -- Up-to-date: /home/pheonix/ros2_ws/install/rcl_interfaces/include/rcl_interfaces/rcl_interfaces/msg/detail/list_parameters_result__functions.h
[5.705s] -- Up-to-date: /home/pheonix/ros2_ws/install/rcl_interfaces/include/rcl_interfaces/rcl_interfaces/msg/detail/set_logger_levels_result__description.c
[5.705s] -- Up-to-date: /home/pheonix/ros2_ws/install/rcl_interfaces/include/rcl_interfaces/rcl_interfaces/msg/detail/integer_range__description.c
[5.705s] -- Up-to-date: /home/pheonix/ros2_ws/install/rcl_interfaces/include/rcl_interfaces/rcl_interfaces/msg/detail/parameter_descriptor__description.c
[5.705s] -- Up-to-date: /home/pheonix/ros2_ws/install/rcl_interfaces/include/rcl_interfaces/rcl_interfaces/msg/detail/set_logger_levels_result__functions.c
[5.705s] -- Up-to-date: /home/pheonix/ros2_ws/install/rcl_interfaces/include/rcl_interfaces/rcl_interfaces/msg/detail/logger_level__struct.h
[5.706s] -- Up-to-date: /home/pheonix/ros2_ws/install/rcl_interfaces/include/rcl_interfaces/rcl_interfaces/msg/detail/parameter_event__type_support.h
[5.706s] -- Up-to-date: /home/pheonix/ros2_ws/install/rcl_interfaces/include/rcl_interfaces/rcl_interfaces/msg/detail/parameter_value__description.c
[5.706s] -- Up-to-date: /home/pheonix/ros2_ws/install/rcl_interfaces/include/rcl_interfaces/rcl_interfaces/msg/detail/parameter_event__struct.h
[5.706s] -- Up-to-date: /home/pheonix/ros2_ws/install/rcl_interfaces/include/rcl_interfaces/rcl_interfaces/msg/detail/integer_range__functions.h
[5.706s] -- Up-to-date: /home/pheonix/ros2_ws/install/rcl_interfaces/include/rcl_interfaces/rcl_interfaces/msg/detail/parameter_event_descriptors__functions.c
[5.706s] -- Up-to-date: /home/pheonix/ros2_ws/install/rcl_interfaces/include/rcl_interfaces/rcl_interfaces/msg/detail/parameter_type__description.c
[5.706s] -- Up-to-date: /home/pheonix/ros2_ws/install/rcl_interfaces/include/rcl_interfaces/rcl_interfaces/msg/detail/parameter_descriptor__functions.c
[5.706s] -- Installing: /home/pheonix/ros2_ws/install/rcl_interfaces/include/rcl_interfaces/rcl_interfaces/msg/detail/parameter__type_support.c
[5.706s] -- Up-to-date: /home/pheonix/ros2_ws/install/rcl_interfaces/include/rcl_interfaces/rcl_interfaces/msg/detail/floating_point_range__functions.c
[5.706s] -- Up-to-date: /home/pheonix/ros2_ws/install/rcl_interfaces/include/rcl_interfaces/rcl_interfaces/msg/detail/list_parameters_result__struct.h
[5.706s] -- Up-to-date: /home/pheonix/ros2_ws/install/rcl_interfaces/include/rcl_interfaces/rcl_interfaces/msg/detail/set_parameters_result__functions.h
[5.706s] -- Up-to-date: /home/pheonix/ros2_ws/install/rcl_interfaces/include/rcl_interfaces/rcl_interfaces/msg/detail/parameter_event_descriptors__struct.h
[5.706s] -- Up-to-date: /home/pheonix/ros2_ws/install/rcl_interfaces/include/rcl_interfaces/rcl_interfaces/msg/detail/floating_point_range__description.c
[5.706s] -- Up-to-date: /home/pheonix/ros2_ws/install/rcl_interfaces/include/rcl_interfaces/rcl_interfaces/msg/detail/logger_level__functions.h
[5.706s] -- Up-to-date: /home/pheonix/ros2_ws/install/rcl_interfaces/include/rcl_interfaces/rcl_interfaces/msg/detail/set_parameters_result__type_support.h
[5.706s] -- Up-to-date: /home/pheonix/ros2_ws/install/rcl_interfaces/include/rcl_interfaces/rcl_interfaces/msg/detail/integer_range__functions.c
[5.706s] -- Up-to-date: /home/pheonix/ros2_ws/install/rcl_interfaces/include/rcl_interfaces/rcl_interfaces/msg/detail/log__functions.c
[5.706s] -- Up-to-date: /home/pheonix/ros2_ws/install/rcl_interfaces/include/rcl_interfaces/rcl_interfaces/msg/detail/logger_level__type_support.h
[5.706s] -- Up-to-date: /home/pheonix/ros2_ws/install/rcl_interfaces/include/rcl_interfaces/rcl_interfaces/msg/detail/parameter_type__functions.c
[5.706s] -- Up-to-date: /home/pheonix/ros2_ws/install/rcl_interfaces/include/rcl_interfaces/rcl_interfaces/msg/detail/parameter_event__functions.h
[5.706s] -- Up-to-date: /home/pheonix/ros2_ws/install/rcl_interfaces/include/rcl_interfaces/rcl_interfaces/msg/detail/parameter_value__functions.c
[5.706s] -- Up-to-date: /home/pheonix/ros2_ws/install/rcl_interfaces/include/rcl_interfaces/rcl_interfaces/msg/detail/parameter_event_descriptors__functions.h
[5.706s] -- Up-to-date: /home/pheonix/ros2_ws/install/rcl_interfaces/include/rcl_interfaces/rcl_interfaces/msg/detail/parameter__type_support.h
[5.706s] -- Installing: /home/pheonix/ros2_ws/install/rcl_interfaces/include/rcl_interfaces/rcl_interfaces/msg/detail/floating_point_range__type_support.c
[5.706s] -- Up-to-date: /home/pheonix/ros2_ws/install/rcl_interfaces/include/rcl_interfaces/rcl_interfaces/msg/detail/integer_range__type_support.h
[5.707s] -- Up-to-date: /home/pheonix/ros2_ws/install/rcl_interfaces/include/rcl_interfaces/rcl_interfaces/msg/list_parameters_result.h
[5.707s] -- Up-to-date: /home/pheonix/ros2_ws/install/rcl_interfaces/include/rcl_interfaces/rcl_interfaces/msg/logger_level.h
[5.707s] -- Up-to-date: /home/pheonix/ros2_ws/install/rcl_interfaces/include/rcl_interfaces/rcl_interfaces/msg/floating_point_range.h
[5.707s] -- Up-to-date: /home/pheonix/ros2_ws/install/rcl_interfaces/include/rcl_interfaces/rcl_interfaces/msg/parameter_event.h
[5.707s] -- Up-to-date: /home/pheonix/ros2_ws/install/rcl_interfaces/include/rcl_interfaces/rcl_interfaces/msg/parameter_event_descriptors.h
[5.707s] -- Up-to-date: /home/pheonix/ros2_ws/install/rcl_interfaces/include/rcl_interfaces/rcl_interfaces/msg/parameter_descriptor.h
[5.707s] -- Up-to-date: /home/pheonix/ros2_ws/install/rcl_interfaces/include/rcl_interfaces/rcl_interfaces/msg/parameter.h
[5.707s] -- Up-to-date: /home/pheonix/ros2_ws/install/rcl_interfaces/include/rcl_interfaces/rcl_interfaces/srv
[5.707s] -- Up-to-date: /home/pheonix/ros2_ws/install/rcl_interfaces/include/rcl_interfaces/rcl_interfaces/srv/set_parameters_atomically.h
[5.707s] -- Up-to-date: /home/pheonix/ros2_ws/install/rcl_interfaces/include/rcl_interfaces/rcl_interfaces/srv/set_logger_levels.h
[5.707s] -- Up-to-date: /home/pheonix/ros2_ws/install/rcl_interfaces/include/rcl_interfaces/rcl_interfaces/srv/list_parameters.h
[5.707s] -- Up-to-date: /home/pheonix/ros2_ws/install/rcl_interfaces/include/rcl_interfaces/rcl_interfaces/srv/set_parameters.h
[5.707s] -- Up-to-date: /home/pheonix/ros2_ws/install/rcl_interfaces/include/rcl_interfaces/rcl_interfaces/srv/detail
[5.707s] -- Up-to-date: /home/pheonix/ros2_ws/install/rcl_interfaces/include/rcl_interfaces/rcl_interfaces/srv/detail/get_parameters__functions.h
[5.707s] -- Up-to-date: /home/pheonix/ros2_ws/install/rcl_interfaces/include/rcl_interfaces/rcl_interfaces/srv/detail/describe_parameters__description.c
[5.707s] -- Up-to-date: /home/pheonix/ros2_ws/install/rcl_interfaces/include/rcl_interfaces/rcl_interfaces/srv/detail/get_parameter_types__description.c
[5.707s] -- Installing: /home/pheonix/ros2_ws/install/rcl_interfaces/include/rcl_interfaces/rcl_interfaces/srv/detail/describe_parameters__type_support.c
[5.707s] -- Installing: /home/pheonix/ros2_ws/install/rcl_interfaces/include/rcl_interfaces/rcl_interfaces/srv/detail/set_logger_levels__type_support.c
[5.707s] -- Up-to-date: /home/pheonix/ros2_ws/install/rcl_interfaces/include/rcl_interfaces/rcl_interfaces/srv/detail/get_logger_levels__struct.h
[5.707s] -- Up-to-date: /home/pheonix/ros2_ws/install/rcl_interfaces/include/rcl_interfaces/rcl_interfaces/srv/detail/set_parameters__functions.c
[5.707s] -- Installing: /home/pheonix/ros2_ws/install/rcl_interfaces/include/rcl_interfaces/rcl_interfaces/srv/detail/set_parameters_atomically__type_support.c
[5.709s] -- Up-to-date: /home/pheonix/ros2_ws/install/rcl_interfaces/include/rcl_interfaces/rcl_interfaces/srv/detail/set_logger_levels__struct.h
[5.709s] -- Up-to-date: /home/pheonix/ros2_ws/install/rcl_interfaces/include/rcl_interfaces/rcl_interfaces/srv/detail/describe_parameters__functions.c
[5.709s] -- Up-to-date: /home/pheonix/ros2_ws/install/rcl_interfaces/include/rcl_interfaces/rcl_interfaces/srv/detail/list_parameters__struct.h
[5.709s] -- Up-to-date: /home/pheonix/ros2_ws/install/rcl_interfaces/include/rcl_interfaces/rcl_interfaces/srv/detail/get_parameters__struct.h
[5.709s] -- Up-to-date: /home/pheonix/ros2_ws/install/rcl_interfaces/include/rcl_interfaces/rcl_interfaces/srv/detail/list_parameters__functions.c
[5.709s] -- Up-to-date: /home/pheonix/ros2_ws/install/rcl_interfaces/include/rcl_interfaces/rcl_interfaces/srv/detail/get_parameter_types__functions.h
[5.709s] -- Up-to-date: /home/pheonix/ros2_ws/install/rcl_interfaces/include/rcl_interfaces/rcl_interfaces/srv/detail/get_logger_levels__description.c
[5.709s] -- Up-to-date: /home/pheonix/ros2_ws/install/rcl_interfaces/include/rcl_interfaces/rcl_interfaces/srv/detail/set_logger_levels__description.c
[5.709s] -- Installing: /home/pheonix/ros2_ws/install/rcl_interfaces/include/rcl_interfaces/rcl_interfaces/srv/detail/get_parameter_types__type_support.c
[5.709s] -- Up-to-date: /home/pheonix/ros2_ws/install/rcl_interfaces/include/rcl_interfaces/rcl_interfaces/srv/detail/describe_parameters__struct.h
[5.710s] -- Up-to-date: /home/pheonix/ros2_ws/install/rcl_interfaces/include/rcl_interfaces/rcl_interfaces/srv/detail/set_parameters__functions.h
[5.710s] -- Up-to-date: /home/pheonix/ros2_ws/install/rcl_interfaces/include/rcl_interfaces/rcl_interfaces/srv/detail/list_parameters__functions.h
[5.710s] -- Up-to-date: /home/pheonix/ros2_ws/install/rcl_interfaces/include/rcl_interfaces/rcl_interfaces/srv/detail/get_logger_levels__type_support.h
[5.710s] -- Up-to-date: /home/pheonix/ros2_ws/install/rcl_interfaces/include/rcl_interfaces/rcl_interfaces/srv/detail/describe_parameters__type_support.h
[5.710s] -- Up-to-date: /home/pheonix/ros2_ws/install/rcl_interfaces/include/rcl_interfaces/rcl_interfaces/srv/detail/list_parameters__type_support.h
[5.711s] -- Up-to-date: /home/pheonix/ros2_ws/install/rcl_interfaces/include/rcl_interfaces/rcl_interfaces/srv/detail/set_parameters_atomically__type_support.h
[5.711s] -- Up-to-date: /home/pheonix/ros2_ws/install/rcl_interfaces/include/rcl_interfaces/rcl_interfaces/srv/detail/set_parameters__type_support.h
[5.711s] -- Up-to-date: /home/pheonix/ros2_ws/install/rcl_interfaces/include/rcl_interfaces/rcl_interfaces/srv/detail/set_parameters_atomically__description.c
[5.711s] -- Up-to-date: /home/pheonix/ros2_ws/install/rcl_interfaces/include/rcl_interfaces/rcl_interfaces/srv/detail/set_parameters__description.c
[5.711s] -- Installing: /home/pheonix/ros2_ws/install/rcl_interfaces/include/rcl_interfaces/rcl_interfaces/srv/detail/set_parameters__type_support.c
[5.712s] -- Up-to-date: /home/pheonix/ros2_ws/install/rcl_interfaces/include/rcl_interfaces/rcl_interfaces/srv/detail/get_parameter_types__functions.c
[5.712s] -- Installing: /home/pheonix/ros2_ws/install/rcl_interfaces/include/rcl_interfaces/rcl_interfaces/srv/detail/get_logger_levels__type_support.c
[5.712s] -- Up-to-date: /home/pheonix/ros2_ws/install/rcl_interfaces/include/rcl_interfaces/rcl_interfaces/srv/detail/set_parameters_atomically__functions.c
[5.713s] -- Up-to-date: /home/pheonix/ros2_ws/install/rcl_interfaces/include/rcl_interfaces/rcl_interfaces/srv/detail/set_parameters__struct.h
[5.713s] -- Installing: /home/pheonix/ros2_ws/install/rcl_interfaces/include/rcl_interfaces/rcl_interfaces/srv/detail/list_parameters__type_support.c
[5.713s] -- Up-to-date: /home/pheonix/ros2_ws/install/rcl_interfaces/include/rcl_interfaces/rcl_interfaces/srv/detail/get_parameter_types__type_support.h
[5.713s] -- Up-to-date: /home/pheonix/ros2_ws/install/rcl_interfaces/include/rcl_interfaces/rcl_interfaces/srv/detail/set_logger_levels__type_support.h
[5.713s] -- Up-to-date: /home/pheonix/ros2_ws/install/rcl_interfaces/include/rcl_interfaces/rcl_interfaces/srv/detail/set_logger_levels__functions.h
[5.713s] -- Up-to-date: /home/pheonix/ros2_ws/install/rcl_interfaces/include/rcl_interfaces/rcl_interfaces/srv/detail/get_parameters__type_support.h
[5.713s] -- Up-to-date: /home/pheonix/ros2_ws/install/rcl_interfaces/include/rcl_interfaces/rcl_interfaces/srv/detail/get_logger_levels__functions.h
[5.714s] -- Up-to-date: /home/pheonix/ros2_ws/install/rcl_interfaces/include/rcl_interfaces/rcl_interfaces/srv/detail/set_parameters_atomically__functions.h
[5.714s] -- Up-to-date: /home/pheonix/ros2_ws/install/rcl_interfaces/include/rcl_interfaces/rcl_interfaces/srv/detail/get_parameter_types__struct.h
[5.714s] -- Installing: /home/pheonix/ros2_ws/install/rcl_interfaces/include/rcl_interfaces/rcl_interfaces/srv/detail/get_parameters__type_support.c
[5.714s] -- Up-to-date: /home/pheonix/ros2_ws/install/rcl_interfaces/include/rcl_interfaces/rcl_interfaces/srv/detail/get_parameters__functions.c
[5.715s] -- Up-to-date: /home/pheonix/ros2_ws/install/rcl_interfaces/include/rcl_interfaces/rcl_interfaces/srv/detail/get_logger_levels__functions.c
[5.715s] -- Up-to-date: /home/pheonix/ros2_ws/install/rcl_interfaces/include/rcl_interfaces/rcl_interfaces/srv/detail/set_parameters_atomically__struct.h
[5.715s] -- Up-to-date: /home/pheonix/ros2_ws/install/rcl_interfaces/include/rcl_interfaces/rcl_interfaces/srv/detail/describe_parameters__functions.h
[5.715s] -- Up-to-date: /home/pheonix/ros2_ws/install/rcl_interfaces/include/rcl_interfaces/rcl_interfaces/srv/detail/get_parameters__description.c
[5.715s] -- Up-to-date: /home/pheonix/ros2_ws/install/rcl_interfaces/include/rcl_interfaces/rcl_interfaces/srv/detail/list_parameters__description.c
[5.715s] -- Up-to-date: /home/pheonix/ros2_ws/install/rcl_interfaces/include/rcl_interfaces/rcl_interfaces/srv/detail/set_logger_levels__functions.c
[5.715s] -- Up-to-date: /home/pheonix/ros2_ws/install/rcl_interfaces/include/rcl_interfaces/rcl_interfaces/srv/get_parameters.h
[5.715s] -- Up-to-date: /home/pheonix/ros2_ws/install/rcl_interfaces/include/rcl_interfaces/rcl_interfaces/srv/get_logger_levels.h
[5.715s] -- Up-to-date: /home/pheonix/ros2_ws/install/rcl_interfaces/include/rcl_interfaces/rcl_interfaces/srv/describe_parameters.h
[5.715s] -- Up-to-date: /home/pheonix/ros2_ws/install/rcl_interfaces/include/rcl_interfaces/rcl_interfaces/srv/get_parameter_types.h
[5.715s] -- Up-to-date: /home/pheonix/ros2_ws/install/rcl_interfaces/share/rcl_interfaces/environment/library_path.sh
[5.715s] -- Up-to-date: /home/pheonix/ros2_ws/install/rcl_interfaces/share/rcl_interfaces/environment/library_path.dsv
[5.716s] -- Up-to-date: /home/pheonix/ros2_ws/install/rcl_interfaces/lib/librcl_interfaces__rosidl_generator_c.so
[5.717s] -- Up-to-date: /home/pheonix/ros2_ws/install/rcl_interfaces/include/rcl_interfaces/rcl_interfaces
[5.717s] -- Up-to-date: /home/pheonix/ros2_ws/install/rcl_interfaces/include/rcl_interfaces/rcl_interfaces/msg
[5.717s] -- Up-to-date: /home/pheonix/ros2_ws/install/rcl_interfaces/include/rcl_interfaces/rcl_interfaces/msg/rosidl_typesupport_fastrtps_c__visibility_control.h
[5.717s] -- Up-to-date: /home/pheonix/ros2_ws/install/rcl_interfaces/include/rcl_interfaces/rcl_interfaces/msg/detail
[5.717s] -- Up-to-date: /home/pheonix/ros2_ws/install/rcl_interfaces/include/rcl_interfaces/rcl_interfaces/msg/detail/floating_point_range__rosidl_typesupport_fastrtps_c.h
[5.717s] -- Up-to-date: /home/pheonix/ros2_ws/install/rcl_interfaces/include/rcl_interfaces/rcl_interfaces/msg/detail/log__rosidl_typesupport_fastrtps_c.h
[5.717s] -- Up-to-date: /home/pheonix/ros2_ws/install/rcl_interfaces/include/rcl_interfaces/rcl_interfaces/msg/detail/parameter_event_descriptors__rosidl_typesupport_fastrtps_c.h
[5.717s] -- Up-to-date: /home/pheonix/ros2_ws/install/rcl_interfaces/include/rcl_interfaces/rcl_interfaces/msg/detail/set_logger_levels_result__rosidl_typesupport_fastrtps_c.h
[5.717s] -- Up-to-date: /home/pheonix/ros2_ws/install/rcl_interfaces/include/rcl_interfaces/rcl_interfaces/msg/detail/set_parameters_result__rosidl_typesupport_fastrtps_c.h
[5.717s] -- Up-to-date: /home/pheonix/ros2_ws/install/rcl_interfaces/include/rcl_interfaces/rcl_interfaces/msg/detail/parameter_descriptor__rosidl_typesupport_fastrtps_c.h
[5.717s] -- Up-to-date: /home/pheonix/ros2_ws/install/rcl_interfaces/include/rcl_interfaces/rcl_interfaces/msg/detail/parameter__rosidl_typesupport_fastrtps_c.h
[5.718s] -- Up-to-date: /home/pheonix/ros2_ws/install/rcl_interfaces/include/rcl_interfaces/rcl_interfaces/msg/detail/logger_level__rosidl_typesupport_fastrtps_c.h
[5.718s] -- Up-to-date: /home/pheonix/ros2_ws/install/rcl_interfaces/include/rcl_interfaces/rcl_interfaces/msg/detail/list_parameters_result__rosidl_typesupport_fastrtps_c.h
[5.718s] -- Up-to-date: /home/pheonix/ros2_ws/install/rcl_interfaces/include/rcl_interfaces/rcl_interfaces/msg/detail/parameter_type__rosidl_typesupport_fastrtps_c.h
[5.718s] -- Up-to-date: /home/pheonix/ros2_ws/install/rcl_interfaces/include/rcl_interfaces/rcl_interfaces/msg/detail/parameter_event__rosidl_typesupport_fastrtps_c.h
[5.718s] -- Up-to-date: /home/pheonix/ros2_ws/install/rcl_interfaces/include/rcl_interfaces/rcl_interfaces/msg/detail/integer_range__rosidl_typesupport_fastrtps_c.h
[5.718s] -- Up-to-date: /home/pheonix/ros2_ws/install/rcl_interfaces/include/rcl_interfaces/rcl_interfaces/msg/detail/parameter_value__rosidl_typesupport_fastrtps_c.h
[5.718s] -- Up-to-date: /home/pheonix/ros2_ws/install/rcl_interfaces/include/rcl_interfaces/rcl_interfaces/srv
[5.718s] -- Up-to-date: /home/pheonix/ros2_ws/install/rcl_interfaces/include/rcl_interfaces/rcl_interfaces/srv/detail
[5.719s] -- Up-to-date: /home/pheonix/ros2_ws/install/rcl_interfaces/include/rcl_interfaces/rcl_interfaces/srv/detail/get_parameters__rosidl_typesupport_fastrtps_c.h
[5.719s] -- Up-to-date: /home/pheonix/ros2_ws/install/rcl_interfaces/include/rcl_interfaces/rcl_interfaces/srv/detail/get_logger_levels__rosidl_typesupport_fastrtps_c.h
[5.719s] -- Up-to-date: /home/pheonix/ros2_ws/install/rcl_interfaces/include/rcl_interfaces/rcl_interfaces/srv/detail/set_parameters_atomically__rosidl_typesupport_fastrtps_c.h
[5.719s] -- Up-to-date: /home/pheonix/ros2_ws/install/rcl_interfaces/include/rcl_interfaces/rcl_interfaces/srv/detail/list_parameters__rosidl_typesupport_fastrtps_c.h
[5.720s] -- Up-to-date: /home/pheonix/ros2_ws/install/rcl_interfaces/include/rcl_interfaces/rcl_interfaces/srv/detail/set_parameters__rosidl_typesupport_fastrtps_c.h
[5.725s] -- Up-to-date: /home/pheonix/ros2_ws/install/rcl_interfaces/include/rcl_interfaces/rcl_interfaces/srv/detail/describe_parameters__rosidl_typesupport_fastrtps_c.h
[5.725s] -- Up-to-date: /home/pheonix/ros2_ws/install/rcl_interfaces/include/rcl_interfaces/rcl_interfaces/srv/detail/set_logger_levels__rosidl_typesupport_fastrtps_c.h
[5.725s] -- Up-to-date: /home/pheonix/ros2_ws/install/rcl_interfaces/include/rcl_interfaces/rcl_interfaces/srv/detail/get_parameter_types__rosidl_typesupport_fastrtps_c.h
[5.727s] -- Up-to-date: /home/pheonix/ros2_ws/install/rcl_interfaces/lib/librcl_interfaces__rosidl_typesupport_fastrtps_c.so
[5.727s] -- Up-to-date: /home/pheonix/ros2_ws/install/rcl_interfaces/include/rcl_interfaces/rcl_interfaces
[5.727s] -- Up-to-date: /home/pheonix/ros2_ws/install/rcl_interfaces/include/rcl_interfaces/rcl_interfaces/msg
[5.728s] -- Up-to-date: /home/pheonix/ros2_ws/install/rcl_interfaces/include/rcl_interfaces/rcl_interfaces/msg/detail
[5.728s] -- Installing: /home/pheonix/ros2_ws/install/rcl_interfaces/include/rcl_interfaces/rcl_interfaces/msg/detail/integer_range__type_support.c
[5.728s] -- Installing: /home/pheonix/ros2_ws/install/rcl_interfaces/include/rcl_interfaces/rcl_interfaces/msg/detail/parameter_event__type_support.c
[5.729s] -- Installing: /home/pheonix/ros2_ws/install/rcl_interfaces/include/rcl_interfaces/rcl_interfaces/msg/detail/set_parameters_result__type_support.c
[5.729s] -- Installing: /home/pheonix/ros2_ws/install/rcl_interfaces/include/rcl_interfaces/rcl_interfaces/msg/detail/logger_level__type_support.c
[5.729s] -- Up-to-date: /home/pheonix/ros2_ws/install/rcl_interfaces/include/rcl_interfaces/rcl_interfaces/msg/detail/parameter_event__rosidl_typesupport_introspection_c.h
[5.729s] -- Installing: /home/pheonix/ros2_ws/install/rcl_interfaces/include/rcl_interfaces/rcl_interfaces/msg/detail/parameter_type__type_support.c
[5.729s] -- Up-to-date: /home/pheonix/ros2_ws/install/rcl_interfaces/include/rcl_interfaces/rcl_interfaces/msg/detail/integer_range__rosidl_typesupport_introspection_c.h
[5.729s] -- Up-to-date: /home/pheonix/ros2_ws/install/rcl_interfaces/include/rcl_interfaces/rcl_interfaces/msg/detail/parameter_type__rosidl_typesupport_introspection_c.h
[5.729s] -- Up-to-date: /home/pheonix/ros2_ws/install/rcl_interfaces/include/rcl_interfaces/rcl_interfaces/msg/detail/set_parameters_result__rosidl_typesupport_introspection_c.h
[5.729s] -- Installing: /home/pheonix/ros2_ws/install/rcl_interfaces/include/rcl_interfaces/rcl_interfaces/msg/detail/log__type_support.c
[5.730s] -- Up-to-date: /home/pheonix/ros2_ws/install/rcl_interfaces/include/rcl_interfaces/rcl_interfaces/msg/detail/parameter_descriptor__rosidl_typesupport_introspection_c.h
[5.730s] -- Installing: /home/pheonix/ros2_ws/install/rcl_interfaces/include/rcl_interfaces/rcl_interfaces/msg/detail/parameter_event_descriptors__type_support.c
[5.730s] -- Installing: /home/pheonix/ros2_ws/install/rcl_interfaces/include/rcl_interfaces/rcl_interfaces/msg/detail/parameter_descriptor__type_support.c
[5.730s] -- Installing: /home/pheonix/ros2_ws/install/rcl_interfaces/include/rcl_interfaces/rcl_interfaces/msg/detail/list_parameters_result__type_support.c
[5.731s] -- Installing: /home/pheonix/ros2_ws/install/rcl_interfaces/include/rcl_interfaces/rcl_interfaces/msg/detail/set_logger_levels_result__type_support.c
[5.731s] -- Up-to-date: /home/pheonix/ros2_ws/install/rcl_interfaces/include/rcl_interfaces/rcl_interfaces/msg/detail/parameter_value__rosidl_typesupport_introspection_c.h
[5.731s] -- Up-to-date: /home/pheonix/ros2_ws/install/rcl_interfaces/include/rcl_interfaces/rcl_interfaces/msg/detail/parameter__rosidl_typesupport_introspection_c.h
[5.731s] -- Installing: /home/pheonix/ros2_ws/install/rcl_interfaces/include/rcl_interfaces/rcl_interfaces/msg/detail/parameter_value__type_support.c
[5.731s] -- Up-to-date: /home/pheonix/ros2_ws/install/rcl_interfaces/include/rcl_interfaces/rcl_interfaces/msg/detail/logger_level__rosidl_typesupport_introspection_c.h
[5.731s] -- Up-to-date: /home/pheonix/ros2_ws/install/rcl_interfaces/include/rcl_interfaces/rcl_interfaces/msg/detail/floating_point_range__rosidl_typesupport_introspection_c.h
[5.731s] -- Up-to-date: /home/pheonix/ros2_ws/install/rcl_interfaces/include/rcl_interfaces/rcl_interfaces/msg/detail/parameter_event_descriptors__rosidl_typesupport_introspection_c.h
[5.731s] -- Up-to-date: /home/pheonix/ros2_ws/install/rcl_interfaces/include/rcl_interfaces/rcl_interfaces/msg/detail/list_parameters_result__rosidl_typesupport_introspection_c.h
[5.731s] -- Installing: /home/pheonix/ros2_ws/install/rcl_interfaces/include/rcl_interfaces/rcl_interfaces/msg/detail/parameter__type_support.c
[5.731s] -- Up-to-date: /home/pheonix/ros2_ws/install/rcl_interfaces/include/rcl_interfaces/rcl_interfaces/msg/detail/log__rosidl_typesupport_introspection_c.h
[5.731s] -- Installing: /home/pheonix/ros2_ws/install/rcl_interfaces/include/rcl_interfaces/rcl_interfaces/msg/detail/floating_point_range__type_support.c
[5.732s] -- Up-to-date: /home/pheonix/ros2_ws/install/rcl_interfaces/include/rcl_interfaces/rcl_interfaces/msg/detail/set_logger_levels_result__rosidl_typesupport_introspection_c.h
[5.732s] -- Up-to-date: /home/pheonix/ros2_ws/install/rcl_interfaces/include/rcl_interfaces/rcl_interfaces/msg/rosidl_typesupport_introspection_c__visibility_control.h
[5.732s] -- Up-to-date: /home/pheonix/ros2_ws/install/rcl_interfaces/include/rcl_interfaces/rcl_interfaces/srv
[5.734s] -- Up-to-date: /home/pheonix/ros2_ws/install/rcl_interfaces/include/rcl_interfaces/rcl_interfaces/srv/detail
[5.734s] -- Installing: /home/pheonix/ros2_ws/install/rcl_interfaces/include/rcl_interfaces/rcl_interfaces/srv/detail/describe_parameters__type_support.c
[5.735s] -- Up-to-date: /home/pheonix/ros2_ws/install/rcl_interfaces/include/rcl_interfaces/rcl_interfaces/srv/detail/get_parameters__rosidl_typesupport_introspection_c.h
[5.735s] -- Installing: /home/pheonix/ros2_ws/install/rcl_interfaces/include/rcl_interfaces/rcl_interfaces/srv/detail/set_logger_levels__type_support.c
[5.735s] -- Installing: /home/pheonix/ros2_ws/install/rcl_interfaces/include/rcl_interfaces/rcl_interfaces/srv/detail/set_parameters_atomically__type_support.c
[5.737s] -- Up-to-date: /home/pheonix/ros2_ws/install/rcl_interfaces/include/rcl_interfaces/rcl_interfaces/srv/detail/describe_parameters__rosidl_typesupport_introspection_c.h
[5.737s] -- Up-to-date: /home/pheonix/ros2_ws/install/rcl_interfaces/include/rcl_interfaces/rcl_interfaces/srv/detail/set_parameters_atomically__rosidl_typesupport_introspection_c.h
[5.738s] -- Installing: /home/pheonix/ros2_ws/install/rcl_interfaces/include/rcl_interfaces/rcl_interfaces/srv/detail/get_parameter_types__type_support.c
[5.738s] -- Up-to-date: /home/pheonix/ros2_ws/install/rcl_interfaces/include/rcl_interfaces/rcl_interfaces/srv/detail/set_parameters__rosidl_typesupport_introspection_c.h
[5.738s] -- Up-to-date: /home/pheonix/ros2_ws/install/rcl_interfaces/include/rcl_interfaces/rcl_interfaces/srv/detail/list_parameters__rosidl_typesupport_introspection_c.h
[5.738s] -- Installing: /home/pheonix/ros2_ws/install/rcl_interfaces/include/rcl_interfaces/rcl_interfaces/srv/detail/set_parameters__type_support.c
[5.739s] -- Installing: /home/pheonix/ros2_ws/install/rcl_interfaces/include/rcl_interfaces/rcl_interfaces/srv/detail/get_logger_levels__type_support.c
[5.739s] -- Installing: /home/pheonix/ros2_ws/install/rcl_interfaces/include/rcl_interfaces/rcl_interfaces/srv/detail/list_parameters__type_support.c
[5.739s] -- Up-to-date: /home/pheonix/ros2_ws/install/rcl_interfaces/include/rcl_interfaces/rcl_interfaces/srv/detail/set_logger_levels__rosidl_typesupport_introspection_c.h
[5.739s] -- Up-to-date: /home/pheonix/ros2_ws/install/rcl_interfaces/include/rcl_interfaces/rcl_interfaces/srv/detail/get_parameter_types__rosidl_typesupport_introspection_c.h
[5.739s] -- Installing: /home/pheonix/ros2_ws/install/rcl_interfaces/include/rcl_interfaces/rcl_interfaces/srv/detail/get_parameters__type_support.c
[5.739s] -- Up-to-date: /home/pheonix/ros2_ws/install/rcl_interfaces/include/rcl_interfaces/rcl_interfaces/srv/detail/get_logger_levels__rosidl_typesupport_introspection_c.h
[5.741s] -- Up-to-date: /home/pheonix/ros2_ws/install/rcl_interfaces/lib/librcl_interfaces__rosidl_typesupport_introspection_c.so
[5.744s] -- Up-to-date: /home/pheonix/ros2_ws/install/rcl_interfaces/lib/librcl_interfaces__rosidl_typesupport_c.so
[5.744s] -- Up-to-date: /home/pheonix/ros2_ws/install/rcl_interfaces/include/rcl_interfaces/rcl_interfaces
[5.745s] -- Up-to-date: /home/pheonix/ros2_ws/install/rcl_interfaces/include/rcl_interfaces/rcl_interfaces/msg
[5.745s] -- Up-to-date: /home/pheonix/ros2_ws/install/rcl_interfaces/include/rcl_interfaces/rcl_interfaces/msg/floating_point_range.hpp
[5.745s] -- Up-to-date: /home/pheonix/ros2_ws/install/rcl_interfaces/include/rcl_interfaces/rcl_interfaces/msg/list_parameters_result.hpp
[5.745s] -- Up-to-date: /home/pheonix/ros2_ws/install/rcl_interfaces/include/rcl_interfaces/rcl_interfaces/msg/rosidl_generator_cpp__visibility_control.hpp
[5.745s] -- Up-to-date: /home/pheonix/ros2_ws/install/rcl_interfaces/include/rcl_interfaces/rcl_interfaces/msg/parameter_event.hpp
[5.745s] -- Up-to-date: /home/pheonix/ros2_ws/install/rcl_interfaces/include/rcl_interfaces/rcl_interfaces/msg/parameter.hpp
[5.745s] -- Up-to-date: /home/pheonix/ros2_ws/install/rcl_interfaces/include/rcl_interfaces/rcl_interfaces/msg/integer_range.hpp
[5.745s] -- Up-to-date: /home/pheonix/ros2_ws/install/rcl_interfaces/include/rcl_interfaces/rcl_interfaces/msg/detail
[5.745s] -- Up-to-date: /home/pheonix/ros2_ws/install/rcl_interfaces/include/rcl_interfaces/rcl_interfaces/msg/detail/parameter__builder.hpp
[5.745s] -- Up-to-date: /home/pheonix/ros2_ws/install/rcl_interfaces/include/rcl_interfaces/rcl_interfaces/msg/detail/floating_point_range__builder.hpp
[5.745s] -- Up-to-date: /home/pheonix/ros2_ws/install/rcl_interfaces/include/rcl_interfaces/rcl_interfaces/msg/detail/parameter_type__struct.hpp
[5.746s] -- Up-to-date: /home/pheonix/ros2_ws/install/rcl_interfaces/include/rcl_interfaces/rcl_interfaces/msg/detail/parameter_descriptor__type_support.hpp
[5.746s] -- Up-to-date: /home/pheonix/ros2_ws/install/rcl_interfaces/include/rcl_interfaces/rcl_interfaces/msg/detail/integer_range__type_support.hpp
[5.746s] -- Up-to-date: /home/pheonix/ros2_ws/install/rcl_interfaces/include/rcl_interfaces/rcl_interfaces/msg/detail/floating_point_range__struct.hpp
[5.746s] -- Up-to-date: /home/pheonix/ros2_ws/install/rcl_interfaces/include/rcl_interfaces/rcl_interfaces/msg/detail/parameter_descriptor__builder.hpp
[5.746s] -- Up-to-date: /home/pheonix/ros2_ws/install/rcl_interfaces/include/rcl_interfaces/rcl_interfaces/msg/detail/set_parameters_result__type_support.hpp
[5.747s] -- Up-to-date: /home/pheonix/ros2_ws/install/rcl_interfaces/include/rcl_interfaces/rcl_interfaces/msg/detail/parameter_event_descriptors__builder.hpp
[5.747s] -- Up-to-date: /home/pheonix/ros2_ws/install/rcl_interfaces/include/rcl_interfaces/rcl_interfaces/msg/detail/set_parameters_result__builder.hpp
[5.747s] -- Up-to-date: /home/pheonix/ros2_ws/install/rcl_interfaces/include/rcl_interfaces/rcl_interfaces/msg/detail/set_logger_levels_result__builder.hpp
[5.747s] -- Up-to-date: /home/pheonix/ros2_ws/install/rcl_interfaces/include/rcl_interfaces/rcl_interfaces/msg/detail/parameter_event__traits.hpp
[5.747s] -- Up-to-date: /home/pheonix/ros2_ws/install/rcl_interfaces/include/rcl_interfaces/rcl_interfaces/msg/detail/logger_level__type_support.hpp
[5.748s] -- Up-to-date: /home/pheonix/ros2_ws/install/rcl_interfaces/include/rcl_interfaces/rcl_interfaces/msg/detail/log__struct.hpp
[5.749s] -- Up-to-date: /home/pheonix/ros2_ws/install/rcl_interfaces/include/rcl_interfaces/rcl_interfaces/msg/detail/parameter_event__struct.hpp
[5.749s] -- Up-to-date: /home/pheonix/ros2_ws/install/rcl_interfaces/include/rcl_interfaces/rcl_interfaces/msg/detail/set_parameters_result__struct.hpp
[5.749s] -- Up-to-date: /home/pheonix/ros2_ws/install/rcl_interfaces/include/rcl_interfaces/rcl_interfaces/msg/detail/list_parameters_result__traits.hpp
[5.749s] -- Up-to-date: /home/pheonix/ros2_ws/install/rcl_interfaces/include/rcl_interfaces/rcl_interfaces/msg/detail/parameter__struct.hpp
[5.749s] -- Up-to-date: /home/pheonix/ros2_ws/install/rcl_interfaces/include/rcl_interfaces/rcl_interfaces/msg/detail/floating_point_range__type_support.hpp
[5.749s] -- Up-to-date: /home/pheonix/ros2_ws/install/rcl_interfaces/include/rcl_interfaces/rcl_interfaces/msg/detail/set_logger_levels_result__type_support.hpp
[5.749s] -- Up-to-date: /home/pheonix/ros2_ws/install/rcl_interfaces/include/rcl_interfaces/rcl_interfaces/msg/detail/logger_level__builder.hpp
[5.749s] -- Up-to-date: /home/pheonix/ros2_ws/install/rcl_interfaces/include/rcl_interfaces/rcl_interfaces/msg/detail/parameter_value__struct.hpp
[5.749s] -- Up-to-date: /home/pheonix/ros2_ws/install/rcl_interfaces/include/rcl_interfaces/rcl_interfaces/msg/detail/parameter_event__builder.hpp
[5.749s] -- Up-to-date: /home/pheonix/ros2_ws/install/rcl_interfaces/include/rcl_interfaces/rcl_interfaces/msg/detail/parameter__type_support.hpp
[5.749s] -- Up-to-date: /home/pheonix/ros2_ws/install/rcl_interfaces/include/rcl_interfaces/rcl_interfaces/msg/detail/parameter_event_descriptors__struct.hpp
[5.749s] -- Up-to-date: /home/pheonix/ros2_ws/install/rcl_interfaces/include/rcl_interfaces/rcl_interfaces/msg/detail/logger_level__traits.hpp
[5.749s] -- Up-to-date: /home/pheonix/ros2_ws/install/rcl_interfaces/include/rcl_interfaces/rcl_interfaces/msg/detail/list_parameters_result__struct.hpp
[5.749s] -- Up-to-date: /home/pheonix/ros2_ws/install/rcl_interfaces/include/rcl_interfaces/rcl_interfaces/msg/detail/list_parameters_result__type_support.hpp
[5.749s] -- Up-to-date: /home/pheonix/ros2_ws/install/rcl_interfaces/include/rcl_interfaces/rcl_interfaces/msg/detail/floating_point_range__traits.hpp
[5.749s] -- Up-to-date: /home/pheonix/ros2_ws/install/rcl_interfaces/include/rcl_interfaces/rcl_interfaces/msg/detail/parameter_event_descriptors__type_support.hpp
[5.749s] -- Up-to-date: /home/pheonix/ros2_ws/install/rcl_interfaces/include/rcl_interfaces/rcl_interfaces/msg/detail/parameter_descriptor__traits.hpp
[5.749s] -- Up-to-date: /home/pheonix/ros2_ws/install/rcl_interfaces/include/rcl_interfaces/rcl_interfaces/msg/detail/parameter__traits.hpp
[5.749s] -- Up-to-date: /home/pheonix/ros2_ws/install/rcl_interfaces/include/rcl_interfaces/rcl_interfaces/msg/detail/log__builder.hpp
[5.749s] -- Up-to-date: /home/pheonix/ros2_ws/install/rcl_interfaces/include/rcl_interfaces/rcl_interfaces/msg/detail/parameter_value__traits.hpp
[5.749s] -- Up-to-date: /home/pheonix/ros2_ws/install/rcl_interfaces/include/rcl_interfaces/rcl_interfaces/msg/detail/parameter_value__type_support.hpp
[5.749s] -- Up-to-date: /home/pheonix/ros2_ws/install/rcl_interfaces/include/rcl_interfaces/rcl_interfaces/msg/detail/set_logger_levels_result__struct.hpp
[5.751s] -- Up-to-date: /home/pheonix/ros2_ws/install/rcl_interfaces/include/rcl_interfaces/rcl_interfaces/msg/detail/parameter_event_descriptors__traits.hpp
[5.751s] -- Up-to-date: /home/pheonix/ros2_ws/install/rcl_interfaces/include/rcl_interfaces/rcl_interfaces/msg/detail/parameter_type__type_support.hpp
[5.751s] -- Up-to-date: /home/pheonix/ros2_ws/install/rcl_interfaces/include/rcl_interfaces/rcl_interfaces/msg/detail/set_parameters_result__traits.hpp
[5.751s] -- Up-to-date: /home/pheonix/ros2_ws/install/rcl_interfaces/include/rcl_interfaces/rcl_interfaces/msg/detail/logger_level__struct.hpp
[5.751s] -- Up-to-date: /home/pheonix/ros2_ws/install/rcl_interfaces/include/rcl_interfaces/rcl_interfaces/msg/detail/integer_range__traits.hpp
[5.751s] -- Up-to-date: /home/pheonix/ros2_ws/install/rcl_interfaces/include/rcl_interfaces/rcl_interfaces/msg/detail/integer_range__struct.hpp
[5.752s] -- Up-to-date: /home/pheonix/ros2_ws/install/rcl_interfaces/include/rcl_interfaces/rcl_interfaces/msg/detail/log__type_support.hpp
[5.752s] -- Up-to-date: /home/pheonix/ros2_ws/install/rcl_interfaces/include/rcl_interfaces/rcl_interfaces/msg/detail/integer_range__builder.hpp
[5.752s] -- Up-to-date: /home/pheonix/ros2_ws/install/rcl_interfaces/include/rcl_interfaces/rcl_interfaces/msg/detail/set_logger_levels_result__traits.hpp
[5.752s] -- Up-to-date: /home/pheonix/ros2_ws/install/rcl_interfaces/include/rcl_interfaces/rcl_interfaces/msg/detail/parameter_value__builder.hpp
[5.752s] -- Up-to-date: /home/pheonix/ros2_ws/install/rcl_interfaces/include/rcl_interfaces/rcl_interfaces/msg/detail/list_parameters_result__builder.hpp
[5.752s] -- Up-to-date: /home/pheonix/ros2_ws/install/rcl_interfaces/include/rcl_interfaces/rcl_interfaces/msg/detail/parameter_event__type_support.hpp
[5.752s] -- Up-to-date: /home/pheonix/ros2_ws/install/rcl_interfaces/include/rcl_interfaces/rcl_interfaces/msg/detail/parameter_type__traits.hpp
[5.752s] -- Up-to-date: /home/pheonix/ros2_ws/install/rcl_interfaces/include/rcl_interfaces/rcl_interfaces/msg/detail/parameter_type__builder.hpp
[5.752s] -- Up-to-date: /home/pheonix/ros2_ws/install/rcl_interfaces/include/rcl_interfaces/rcl_interfaces/msg/detail/log__traits.hpp
[5.752s] -- Up-to-date: /home/pheonix/ros2_ws/install/rcl_interfaces/include/rcl_interfaces/rcl_interfaces/msg/detail/parameter_descriptor__struct.hpp
[5.752s] -- Up-to-date: /home/pheonix/ros2_ws/install/rcl_interfaces/include/rcl_interfaces/rcl_interfaces/msg/parameter_descriptor.hpp
[5.752s] -- Up-to-date: /home/pheonix/ros2_ws/install/rcl_interfaces/include/rcl_interfaces/rcl_interfaces/msg/set_parameters_result.hpp
[5.752s] -- Up-to-date: /home/pheonix/ros2_ws/install/rcl_interfaces/include/rcl_interfaces/rcl_interfaces/msg/parameter_type.hpp
[5.752s] -- Up-to-date: /home/pheonix/ros2_ws/install/rcl_interfaces/include/rcl_interfaces/rcl_interfaces/msg/set_logger_levels_result.hpp
[5.752s] -- Up-to-date: /home/pheonix/ros2_ws/install/rcl_interfaces/include/rcl_interfaces/rcl_interfaces/msg/parameter_event_descriptors.hpp
[5.752s] -- Up-to-date: /home/pheonix/ros2_ws/install/rcl_interfaces/include/rcl_interfaces/rcl_interfaces/msg/log.hpp
[5.752s] -- Up-to-date: /home/pheonix/ros2_ws/install/rcl_interfaces/include/rcl_interfaces/rcl_interfaces/msg/logger_level.hpp
[5.752s] -- Up-to-date: /home/pheonix/ros2_ws/install/rcl_interfaces/include/rcl_interfaces/rcl_interfaces/msg/parameter_value.hpp
[5.753s] -- Up-to-date: /home/pheonix/ros2_ws/install/rcl_interfaces/include/rcl_interfaces/rcl_interfaces/srv
[5.753s] -- Up-to-date: /home/pheonix/ros2_ws/install/rcl_interfaces/include/rcl_interfaces/rcl_interfaces/srv/get_parameters.hpp
[5.753s] -- Up-to-date: /home/pheonix/ros2_ws/install/rcl_interfaces/include/rcl_interfaces/rcl_interfaces/srv/set_parameters.hpp
[5.753s] -- Up-to-date: /home/pheonix/ros2_ws/install/rcl_interfaces/include/rcl_interfaces/rcl_interfaces/srv/get_logger_levels.hpp
[5.753s] -- Up-to-date: /home/pheonix/ros2_ws/install/rcl_interfaces/include/rcl_interfaces/rcl_interfaces/srv/describe_parameters.hpp
[5.753s] -- Up-to-date: /home/pheonix/ros2_ws/install/rcl_interfaces/include/rcl_interfaces/rcl_interfaces/srv/detail
[5.753s] -- Up-to-date: /home/pheonix/ros2_ws/install/rcl_interfaces/include/rcl_interfaces/rcl_interfaces/srv/detail/get_parameters__type_support.hpp
[5.753s] -- Up-to-date: /home/pheonix/ros2_ws/install/rcl_interfaces/include/rcl_interfaces/rcl_interfaces/srv/detail/set_parameters_atomically__traits.hpp
[5.753s] -- Up-to-date: /home/pheonix/ros2_ws/install/rcl_interfaces/include/rcl_interfaces/rcl_interfaces/srv/detail/get_parameter_types__type_support.hpp
[5.753s] -- Up-to-date: /home/pheonix/ros2_ws/install/rcl_interfaces/include/rcl_interfaces/rcl_interfaces/srv/detail/get_parameter_types__struct.hpp
[5.753s] -- Up-to-date: /home/pheonix/ros2_ws/install/rcl_interfaces/include/rcl_interfaces/rcl_interfaces/srv/detail/list_parameters__struct.hpp
[5.753s] -- Up-to-date: /home/pheonix/ros2_ws/install/rcl_interfaces/include/rcl_interfaces/rcl_interfaces/srv/detail/get_logger_levels__struct.hpp
[5.753s] -- Up-to-date: /home/pheonix/ros2_ws/install/rcl_interfaces/include/rcl_interfaces/rcl_interfaces/srv/detail/describe_parameters__struct.hpp
[5.753s] -- Up-to-date: /home/pheonix/ros2_ws/install/rcl_interfaces/include/rcl_interfaces/rcl_interfaces/srv/detail/describe_parameters__traits.hpp
[5.753s] -- Up-to-date: /home/pheonix/ros2_ws/install/rcl_interfaces/include/rcl_interfaces/rcl_interfaces/srv/detail/get_parameters__builder.hpp
[5.753s] -- Up-to-date: /home/pheonix/ros2_ws/install/rcl_interfaces/include/rcl_interfaces/rcl_interfaces/srv/detail/set_parameters_atomically__builder.hpp
[5.753s] -- Up-to-date: /home/pheonix/ros2_ws/install/rcl_interfaces/include/rcl_interfaces/rcl_interfaces/srv/detail/get_parameters__struct.hpp
[5.756s] -- Up-to-date: /home/pheonix/ros2_ws/install/rcl_interfaces/include/rcl_interfaces/rcl_interfaces/srv/detail/describe_parameters__type_support.hpp
[5.756s] -- Up-to-date: /home/pheonix/ros2_ws/install/rcl_interfaces/include/rcl_interfaces/rcl_interfaces/srv/detail/set_parameters__type_support.hpp
[5.756s] -- Up-to-date: /home/pheonix/ros2_ws/install/rcl_interfaces/include/rcl_interfaces/rcl_interfaces/srv/detail/list_parameters__traits.hpp
[5.756s] -- Up-to-date: /home/pheonix/ros2_ws/install/rcl_interfaces/include/rcl_interfaces/rcl_interfaces/srv/detail/get_logger_levels__type_support.hpp
[5.760s] -- Up-to-date: /home/pheonix/ros2_ws/install/rcl_interfaces/include/rcl_interfaces/rcl_interfaces/srv/detail/set_logger_levels__builder.hpp
[5.760s] -- Up-to-date: /home/pheonix/ros2_ws/install/rcl_interfaces/include/rcl_interfaces/rcl_interfaces/srv/detail/get_logger_levels__traits.hpp
[5.761s] -- Up-to-date: /home/pheonix/ros2_ws/install/rcl_interfaces/include/rcl_interfaces/rcl_interfaces/srv/detail/set_logger_levels__traits.hpp
[5.761s] -- Up-to-date: /home/pheonix/ros2_ws/install/rcl_interfaces/include/rcl_interfaces/rcl_interfaces/srv/detail/get_parameters__traits.hpp
[5.761s] -- Up-to-date: /home/pheonix/ros2_ws/install/rcl_interfaces/include/rcl_interfaces/rcl_interfaces/srv/detail/set_logger_levels__struct.hpp
[5.761s] -- Up-to-date: /home/pheonix/ros2_ws/install/rcl_interfaces/include/rcl_interfaces/rcl_interfaces/srv/detail/describe_parameters__builder.hpp
[5.761s] -- Up-to-date: /home/pheonix/ros2_ws/install/rcl_interfaces/include/rcl_interfaces/rcl_interfaces/srv/detail/get_logger_levels__builder.hpp
[5.761s] -- Up-to-date: /home/pheonix/ros2_ws/install/rcl_interfaces/include/rcl_interfaces/rcl_interfaces/srv/detail/set_logger_levels__type_support.hpp
[5.761s] -- Up-to-date: /home/pheonix/ros2_ws/install/rcl_interfaces/include/rcl_interfaces/rcl_interfaces/srv/detail/set_parameters_atomically__type_support.hpp
[5.761s] -- Up-to-date: /home/pheonix/ros2_ws/install/rcl_interfaces/include/rcl_interfaces/rcl_interfaces/srv/detail/list_parameters__type_support.hpp
[5.761s] -- Up-to-date: /home/pheonix/ros2_ws/install/rcl_interfaces/include/rcl_interfaces/rcl_interfaces/srv/detail/set_parameters__struct.hpp
[5.761s] -- Up-to-date: /home/pheonix/ros2_ws/install/rcl_interfaces/include/rcl_interfaces/rcl_interfaces/srv/detail/set_parameters_atomically__struct.hpp
[5.761s] -- Up-to-date: /home/pheonix/ros2_ws/install/rcl_interfaces/include/rcl_interfaces/rcl_interfaces/srv/detail/list_parameters__builder.hpp
[5.761s] -- Up-to-date: /home/pheonix/ros2_ws/install/rcl_interfaces/include/rcl_interfaces/rcl_interfaces/srv/detail/set_parameters__builder.hpp
[5.762s] -- Up-to-date: /home/pheonix/ros2_ws/install/rcl_interfaces/include/rcl_interfaces/rcl_interfaces/srv/detail/set_parameters__traits.hpp
[5.762s] -- Up-to-date: /home/pheonix/ros2_ws/install/rcl_interfaces/include/rcl_interfaces/rcl_interfaces/srv/detail/get_parameter_types__traits.hpp
[5.762s] -- Up-to-date: /home/pheonix/ros2_ws/install/rcl_interfaces/include/rcl_interfaces/rcl_interfaces/srv/detail/get_parameter_types__builder.hpp
[5.762s] -- Up-to-date: /home/pheonix/ros2_ws/install/rcl_interfaces/include/rcl_interfaces/rcl_interfaces/srv/list_parameters.hpp
[5.765s] -- Up-to-date: /home/pheonix/ros2_ws/install/rcl_interfaces/include/rcl_interfaces/rcl_interfaces/srv/set_parameters_atomically.hpp
[5.765s] -- Up-to-date: /home/pheonix/ros2_ws/install/rcl_interfaces/include/rcl_interfaces/rcl_interfaces/srv/set_logger_levels.hpp
[5.766s] -- Up-to-date: /home/pheonix/ros2_ws/install/rcl_interfaces/include/rcl_interfaces/rcl_interfaces/srv/get_parameter_types.hpp
[5.766s] -- Up-to-date: /home/pheonix/ros2_ws/install/rcl_interfaces/include/rcl_interfaces/rcl_interfaces
[5.766s] -- Up-to-date: /home/pheonix/ros2_ws/install/rcl_interfaces/include/rcl_interfaces/rcl_interfaces/msg
[5.766s] -- Up-to-date: /home/pheonix/ros2_ws/install/rcl_interfaces/include/rcl_interfaces/rcl_interfaces/msg/detail
[5.766s] -- Up-to-date: /home/pheonix/ros2_ws/install/rcl_interfaces/include/rcl_interfaces/rcl_interfaces/msg/detail/list_parameters_result__rosidl_typesupport_fastrtps_cpp.hpp
[5.766s] -- Up-to-date: /home/pheonix/ros2_ws/install/rcl_interfaces/include/rcl_interfaces/rcl_interfaces/msg/detail/parameter__rosidl_typesupport_fastrtps_cpp.hpp
[5.766s] -- Up-to-date: /home/pheonix/ros2_ws/install/rcl_interfaces/include/rcl_interfaces/rcl_interfaces/msg/detail/log__rosidl_typesupport_fastrtps_cpp.hpp
[5.766s] -- Up-to-date: /home/pheonix/ros2_ws/install/rcl_interfaces/include/rcl_interfaces/rcl_interfaces/msg/detail/integer_range__rosidl_typesupport_fastrtps_cpp.hpp
[5.766s] -- Up-to-date: /home/pheonix/ros2_ws/install/rcl_interfaces/include/rcl_interfaces/rcl_interfaces/msg/detail/dds_fastrtps
[5.766s] -- Up-to-date: /home/pheonix/ros2_ws/install/rcl_interfaces/include/rcl_interfaces/rcl_interfaces/msg/detail/parameter_type__rosidl_typesupport_fastrtps_cpp.hpp
[5.766s] -- Up-to-date: /home/pheonix/ros2_ws/install/rcl_interfaces/include/rcl_interfaces/rcl_interfaces/msg/detail/floating_point_range__rosidl_typesupport_fastrtps_cpp.hpp
[5.766s] -- Up-to-date: /home/pheonix/ros2_ws/install/rcl_interfaces/include/rcl_interfaces/rcl_interfaces/msg/detail/logger_level__rosidl_typesupport_fastrtps_cpp.hpp
[5.766s] -- Up-to-date: /home/pheonix/ros2_ws/install/rcl_interfaces/include/rcl_interfaces/rcl_interfaces/msg/detail/parameter_event__rosidl_typesupport_fastrtps_cpp.hpp
[5.767s] -- Up-to-date: /home/pheonix/ros2_ws/install/rcl_interfaces/include/rcl_interfaces/rcl_interfaces/msg/detail/set_parameters_result__rosidl_typesupport_fastrtps_cpp.hpp
[5.767s] -- Up-to-date: /home/pheonix/ros2_ws/install/rcl_interfaces/include/rcl_interfaces/rcl_interfaces/msg/detail/set_logger_levels_result__rosidl_typesupport_fastrtps_cpp.hpp
[5.767s] -- Up-to-date: /home/pheonix/ros2_ws/install/rcl_interfaces/include/rcl_interfaces/rcl_interfaces/msg/detail/parameter_event_descriptors__rosidl_typesupport_fastrtps_cpp.hpp
[5.767s] -- Up-to-date: /home/pheonix/ros2_ws/install/rcl_interfaces/include/rcl_interfaces/rcl_interfaces/msg/detail/parameter_value__rosidl_typesupport_fastrtps_cpp.hpp
[5.767s] -- Up-to-date: /home/pheonix/ros2_ws/install/rcl_interfaces/include/rcl_interfaces/rcl_interfaces/msg/detail/parameter_descriptor__rosidl_typesupport_fastrtps_cpp.hpp
[5.767s] -- Up-to-date: /home/pheonix/ros2_ws/install/rcl_interfaces/include/rcl_interfaces/rcl_interfaces/msg/rosidl_typesupport_fastrtps_cpp__visibility_control.h
[5.767s] -- Up-to-date: /home/pheonix/ros2_ws/install/rcl_interfaces/include/rcl_interfaces/rcl_interfaces/srv
[5.767s] -- Up-to-date: /home/pheonix/ros2_ws/install/rcl_interfaces/include/rcl_interfaces/rcl_interfaces/srv/detail
[5.767s] -- Up-to-date: /home/pheonix/ros2_ws/install/rcl_interfaces/include/rcl_interfaces/rcl_interfaces/srv/detail/dds_fastrtps
[5.767s] -- Up-to-date: /home/pheonix/ros2_ws/install/rcl_interfaces/include/rcl_interfaces/rcl_interfaces/srv/detail/describe_parameters__rosidl_typesupport_fastrtps_cpp.hpp
[5.767s] -- Up-to-date: /home/pheonix/ros2_ws/install/rcl_interfaces/include/rcl_interfaces/rcl_interfaces/srv/detail/list_parameters__rosidl_typesupport_fastrtps_cpp.hpp
[5.767s] -- Up-to-date: /home/pheonix/ros2_ws/install/rcl_interfaces/include/rcl_interfaces/rcl_interfaces/srv/detail/set_parameters_atomically__rosidl_typesupport_fastrtps_cpp.hpp
[5.767s] -- Up-to-date: /home/pheonix/ros2_ws/install/rcl_interfaces/include/rcl_interfaces/rcl_interfaces/srv/detail/get_parameter_types__rosidl_typesupport_fastrtps_cpp.hpp
[5.767s] -- Up-to-date: /home/pheonix/ros2_ws/install/rcl_interfaces/include/rcl_interfaces/rcl_interfaces/srv/detail/set_parameters__rosidl_typesupport_fastrtps_cpp.hpp
[5.767s] -- Up-to-date: /home/pheonix/ros2_ws/install/rcl_interfaces/include/rcl_interfaces/rcl_interfaces/srv/detail/set_logger_levels__rosidl_typesupport_fastrtps_cpp.hpp
[5.767s] -- Up-to-date: /home/pheonix/ros2_ws/install/rcl_interfaces/include/rcl_interfaces/rcl_interfaces/srv/detail/get_parameters__rosidl_typesupport_fastrtps_cpp.hpp
[5.767s] -- Up-to-date: /home/pheonix/ros2_ws/install/rcl_interfaces/include/rcl_interfaces/rcl_interfaces/srv/detail/get_logger_levels__rosidl_typesupport_fastrtps_cpp.hpp
[5.767s] -- Up-to-date: /home/pheonix/ros2_ws/install/rcl_interfaces/lib/librcl_interfaces__rosidl_typesupport_fastrtps_cpp.so
[5.768s] -- Up-to-date: /home/pheonix/ros2_ws/install/rcl_interfaces/include/rcl_interfaces/rcl_interfaces
[5.768s] -- Up-to-date: /home/pheonix/ros2_ws/install/rcl_interfaces/include/rcl_interfaces/rcl_interfaces/msg
[5.768s] -- Up-to-date: /home/pheonix/ros2_ws/install/rcl_interfaces/include/rcl_interfaces/rcl_interfaces/msg/detail
[5.768s] -- Up-to-date: /home/pheonix/ros2_ws/install/rcl_interfaces/include/rcl_interfaces/rcl_interfaces/msg/detail/floating_point_range__rosidl_typesupport_introspection_cpp.hpp
[5.768s] -- Up-to-date: /home/pheonix/ros2_ws/install/rcl_interfaces/include/rcl_interfaces/rcl_interfaces/msg/detail/parameter_event_descriptors__rosidl_typesupport_introspection_cpp.hpp
[5.768s] -- Up-to-date: /home/pheonix/ros2_ws/install/rcl_interfaces/include/rcl_interfaces/rcl_interfaces/msg/detail/integer_range__rosidl_typesupport_introspection_cpp.hpp
[5.768s] -- Up-to-date: /home/pheonix/ros2_ws/install/rcl_interfaces/include/rcl_interfaces/rcl_interfaces/msg/detail/parameter_descriptor__type_support.cpp
[5.768s] -- Up-to-date: /home/pheonix/ros2_ws/install/rcl_interfaces/include/rcl_interfaces/rcl_interfaces/msg/detail/log__rosidl_typesupport_introspection_cpp.hpp
[5.768s] -- Up-to-date: /home/pheonix/ros2_ws/install/rcl_interfaces/include/rcl_interfaces/rcl_interfaces/msg/detail/parameter__rosidl_typesupport_introspection_cpp.hpp
[5.768s] -- Up-to-date: /home/pheonix/ros2_ws/install/rcl_interfaces/include/rcl_interfaces/rcl_interfaces/msg/detail/parameter_value__type_support.cpp
[5.768s] -- Up-to-date: /home/pheonix/ros2_ws/install/rcl_interfaces/include/rcl_interfaces/rcl_interfaces/msg/detail/parameter__type_support.cpp
[5.768s] -- Up-to-date: /home/pheonix/ros2_ws/install/rcl_interfaces/include/rcl_interfaces/rcl_interfaces/msg/detail/logger_level__rosidl_typesupport_introspection_cpp.hpp
[5.769s] -- Up-to-date: /home/pheonix/ros2_ws/install/rcl_interfaces/include/rcl_interfaces/rcl_interfaces/msg/detail/list_parameters_result__type_support.cpp
[5.769s] -- Up-to-date: /home/pheonix/ros2_ws/install/rcl_interfaces/include/rcl_interfaces/rcl_interfaces/msg/detail/parameter_event__rosidl_typesupport_introspection_cpp.hpp
[5.769s] -- Up-to-date: /home/pheonix/ros2_ws/install/rcl_interfaces/include/rcl_interfaces/rcl_interfaces/msg/detail/parameter_event_descriptors__type_support.cpp
[5.769s] -- Up-to-date: /home/pheonix/ros2_ws/install/rcl_interfaces/include/rcl_interfaces/rcl_interfaces/msg/detail/parameter_descriptor__rosidl_typesupport_introspection_cpp.hpp
[5.769s] -- Up-to-date: /home/pheonix/ros2_ws/install/rcl_interfaces/include/rcl_interfaces/rcl_interfaces/msg/detail/parameter_value__rosidl_typesupport_introspection_cpp.hpp
[5.769s] -- Up-to-date: /home/pheonix/ros2_ws/install/rcl_interfaces/include/rcl_interfaces/rcl_interfaces/msg/detail/parameter_event__type_support.cpp
[5.769s] -- Up-to-date: /home/pheonix/ros2_ws/install/rcl_interfaces/include/rcl_interfaces/rcl_interfaces/msg/detail/set_parameters_result__type_support.cpp
[5.769s] -- Up-to-date: /home/pheonix/ros2_ws/install/rcl_interfaces/include/rcl_interfaces/rcl_interfaces/msg/detail/integer_range__type_support.cpp
[5.769s] -- Up-to-date: /home/pheonix/ros2_ws/install/rcl_interfaces/include/rcl_interfaces/rcl_interfaces/msg/detail/parameter_type__type_support.cpp
[5.769s] -- Up-to-date: /home/pheonix/ros2_ws/install/rcl_interfaces/include/rcl_interfaces/rcl_interfaces/msg/detail/set_logger_levels_result__type_support.cpp
[5.769s] -- Up-to-date: /home/pheonix/ros2_ws/install/rcl_interfaces/include/rcl_interfaces/rcl_interfaces/msg/detail/set_logger_levels_result__rosidl_typesupport_introspection_cpp.hpp
[5.769s] -- Up-to-date: /home/pheonix/ros2_ws/install/rcl_interfaces/include/rcl_interfaces/rcl_interfaces/msg/detail/list_parameters_result__rosidl_typesupport_introspection_cpp.hpp
[5.769s] -- Up-to-date: /home/pheonix/ros2_ws/install/rcl_interfaces/include/rcl_interfaces/rcl_interfaces/msg/detail/log__type_support.cpp
[5.769s] -- Up-to-date: /home/pheonix/ros2_ws/install/rcl_interfaces/include/rcl_interfaces/rcl_interfaces/msg/detail/parameter_type__rosidl_typesupport_introspection_cpp.hpp
[5.769s] -- Up-to-date: /home/pheonix/ros2_ws/install/rcl_interfaces/include/rcl_interfaces/rcl_interfaces/msg/detail/floating_point_range__type_support.cpp
[5.769s] -- Up-to-date: /home/pheonix/ros2_ws/install/rcl_interfaces/include/rcl_interfaces/rcl_interfaces/msg/detail/set_parameters_result__rosidl_typesupport_introspection_cpp.hpp
[5.769s] -- Up-to-date: /home/pheonix/ros2_ws/install/rcl_interfaces/include/rcl_interfaces/rcl_interfaces/msg/detail/logger_level__type_support.cpp
[5.769s] -- Up-to-date: /home/pheonix/ros2_ws/install/rcl_interfaces/include/rcl_interfaces/rcl_interfaces/srv
[5.769s] -- Up-to-date: /home/pheonix/ros2_ws/install/rcl_interfaces/include/rcl_interfaces/rcl_interfaces/srv/detail
[5.769s] -- Up-to-date: /home/pheonix/ros2_ws/install/rcl_interfaces/include/rcl_interfaces/rcl_interfaces/srv/detail/get_logger_levels__type_support.cpp
[5.769s] -- Up-to-date: /home/pheonix/ros2_ws/install/rcl_interfaces/include/rcl_interfaces/rcl_interfaces/srv/detail/get_logger_levels__rosidl_typesupport_introspection_cpp.hpp
[5.769s] -- Up-to-date: /home/pheonix/ros2_ws/install/rcl_interfaces/include/rcl_interfaces/rcl_interfaces/srv/detail/describe_parameters__rosidl_typesupport_introspection_cpp.hpp
[5.769s] -- Up-to-date: /home/pheonix/ros2_ws/install/rcl_interfaces/include/rcl_interfaces/rcl_interfaces/srv/detail/set_logger_levels__rosidl_typesupport_introspection_cpp.hpp
[5.769s] -- Up-to-date: /home/pheonix/ros2_ws/install/rcl_interfaces/include/rcl_interfaces/rcl_interfaces/srv/detail/get_parameter_types__rosidl_typesupport_introspection_cpp.hpp
[5.769s] -- Up-to-date: /home/pheonix/ros2_ws/install/rcl_interfaces/include/rcl_interfaces/rcl_interfaces/srv/detail/get_parameter_types__type_support.cpp
[5.770s] -- Up-to-date: /home/pheonix/ros2_ws/install/rcl_interfaces/include/rcl_interfaces/rcl_interfaces/srv/detail/set_parameters__rosidl_typesupport_introspection_cpp.hpp
[5.770s] -- Up-to-date: /home/pheonix/ros2_ws/install/rcl_interfaces/include/rcl_interfaces/rcl_interfaces/srv/detail/get_parameters__rosidl_typesupport_introspection_cpp.hpp
[5.770s] -- Up-to-date: /home/pheonix/ros2_ws/install/rcl_interfaces/include/rcl_interfaces/rcl_interfaces/srv/detail/get_parameters__type_support.cpp
[5.770s] -- Up-to-date: /home/pheonix/ros2_ws/install/rcl_interfaces/include/rcl_interfaces/rcl_interfaces/srv/detail/list_parameters__type_support.cpp
[5.770s] -- Up-to-date: /home/pheonix/ros2_ws/install/rcl_interfaces/include/rcl_interfaces/rcl_interfaces/srv/detail/describe_parameters__type_support.cpp
[5.771s] -- Up-to-date: /home/pheonix/ros2_ws/install/rcl_interfaces/include/rcl_interfaces/rcl_interfaces/srv/detail/set_parameters_atomically__rosidl_typesupport_introspection_cpp.hpp
[5.771s] -- Up-to-date: /home/pheonix/ros2_ws/install/rcl_interfaces/include/rcl_interfaces/rcl_interfaces/srv/detail/set_parameters_atomically__type_support.cpp
[5.771s] -- Up-to-date: /home/pheonix/ros2_ws/install/rcl_interfaces/include/rcl_interfaces/rcl_interfaces/srv/detail/set_logger_levels__type_support.cpp
[5.772s] -- Up-to-date: /home/pheonix/ros2_ws/install/rcl_interfaces/include/rcl_interfaces/rcl_interfaces/srv/detail/list_parameters__rosidl_typesupport_introspection_cpp.hpp
[5.772s] -- Up-to-date: /home/pheonix/ros2_ws/install/rcl_interfaces/include/rcl_interfaces/rcl_interfaces/srv/detail/set_parameters__type_support.cpp
[5.772s] -- Up-to-date: /home/pheonix/ros2_ws/install/rcl_interfaces/lib/librcl_interfaces__rosidl_typesupport_introspection_cpp.so
[5.772s] -- Up-to-date: /home/pheonix/ros2_ws/install/rcl_interfaces/lib/librcl_interfaces__rosidl_typesupport_cpp.so
[5.772s] -- Up-to-date: /home/pheonix/ros2_ws/install/rcl_interfaces/share/rcl_interfaces/environment/pythonpath.sh
[5.772s] -- Up-to-date: /home/pheonix/ros2_ws/install/rcl_interfaces/share/rcl_interfaces/environment/pythonpath.dsv
[5.772s] -- Up-to-date: /home/pheonix/ros2_ws/install/rcl_interfaces/lib/python3.12/site-packages/rcl_interfaces-2.2.0-py3.12.egg-info
[5.772s] -- Installing: /home/pheonix/ros2_ws/install/rcl_interfaces/lib/python3.12/site-packages/rcl_interfaces-2.2.0-py3.12.egg-info/SOURCES.txt
[5.772s] -- Installing: /home/pheonix/ros2_ws/install/rcl_interfaces/lib/python3.12/site-packages/rcl_interfaces-2.2.0-py3.12.egg-info/dependency_links.txt
[5.772s] -- Installing: /home/pheonix/ros2_ws/install/rcl_interfaces/lib/python3.12/site-packages/rcl_interfaces-2.2.0-py3.12.egg-info/PKG-INFO
[5.772s] -- Installing: /home/pheonix/ros2_ws/install/rcl_interfaces/lib/python3.12/site-packages/rcl_interfaces-2.2.0-py3.12.egg-info/top_level.txt
[5.772s] -- Up-to-date: /home/pheonix/ros2_ws/install/rcl_interfaces/lib/python3.12/site-packages/rcl_interfaces
[5.772s] -- Up-to-date: /home/pheonix/ros2_ws/install/rcl_interfaces/lib/python3.12/site-packages/rcl_interfaces/rcl_interfaces_s__rosidl_typesupport_introspection_c.so
[5.772s] -- Up-to-date: /home/pheonix/ros2_ws/install/rcl_interfaces/lib/python3.12/site-packages/rcl_interfaces/rcl_interfaces_s__rosidl_typesupport_c.so
[5.772s] -- Up-to-date: /home/pheonix/ros2_ws/install/rcl_interfaces/lib/python3.12/site-packages/rcl_interfaces/rcl_interfaces_s__rosidl_typesupport_fastrtps_c.so
[5.772s] -- Up-to-date: /home/pheonix/ros2_ws/install/rcl_interfaces/lib/python3.12/site-packages/rcl_interfaces/msg
[5.772s] -- Up-to-date: /home/pheonix/ros2_ws/install/rcl_interfaces/lib/python3.12/site-packages/rcl_interfaces/msg/_parameter_value.py
[5.772s] -- Up-to-date: /home/pheonix/ros2_ws/install/rcl_interfaces/lib/python3.12/site-packages/rcl_interfaces/msg/_logger_level.py
[5.772s] -- Up-to-date: /home/pheonix/ros2_ws/install/rcl_interfaces/lib/python3.12/site-packages/rcl_interfaces/msg/_parameter_value_s.c
[5.772s] -- Up-to-date: /home/pheonix/ros2_ws/install/rcl_interfaces/lib/python3.12/site-packages/rcl_interfaces/msg/_integer_range_s.c
[5.772s] -- Up-to-date: /home/pheonix/ros2_ws/install/rcl_interfaces/lib/python3.12/site-packages/rcl_interfaces/msg/_parameter_event_descriptors_s.c
[5.772s] -- Up-to-date: /home/pheonix/ros2_ws/install/rcl_interfaces/lib/python3.12/site-packages/rcl_interfaces/msg/_logger_level_s.c
[5.772s] -- Up-to-date: /home/pheonix/ros2_ws/install/rcl_interfaces/lib/python3.12/site-packages/rcl_interfaces/msg/_parameter_event_descriptors.py
[5.772s] -- Up-to-date: /home/pheonix/ros2_ws/install/rcl_interfaces/lib/python3.12/site-packages/rcl_interfaces/msg/_parameter_descriptor.py
[5.772s] -- Up-to-date: /home/pheonix/ros2_ws/install/rcl_interfaces/lib/python3.12/site-packages/rcl_interfaces/msg/_parameter.py
[5.772s] -- Up-to-date: /home/pheonix/ros2_ws/install/rcl_interfaces/lib/python3.12/site-packages/rcl_interfaces/msg/_list_parameters_result.py
[5.772s] -- Up-to-date: /home/pheonix/ros2_ws/install/rcl_interfaces/lib/python3.12/site-packages/rcl_interfaces/msg/_floating_point_range_s.c
[5.772s] -- Up-to-date: /home/pheonix/ros2_ws/install/rcl_interfaces/lib/python3.12/site-packages/rcl_interfaces/msg/_integer_range.py
[5.772s] -- Up-to-date: /home/pheonix/ros2_ws/install/rcl_interfaces/lib/python3.12/site-packages/rcl_interfaces/msg/_parameter_type.py
[5.773s] -- Up-to-date: /home/pheonix/ros2_ws/install/rcl_interfaces/lib/python3.12/site-packages/rcl_interfaces/msg/_set_logger_levels_result_s.c
[5.774s] -- Up-to-date: /home/pheonix/ros2_ws/install/rcl_interfaces/lib/python3.12/site-packages/rcl_interfaces/msg/_log_s.c
[5.774s] -- Up-to-date: /home/pheonix/ros2_ws/install/rcl_interfaces/lib/python3.12/site-packages/rcl_interfaces/msg/_parameter_event.py
[5.774s] -- Up-to-date: /home/pheonix/ros2_ws/install/rcl_interfaces/lib/python3.12/site-packages/rcl_interfaces/msg/_parameter_type_s.c
[5.777s] -- Up-to-date: /home/pheonix/ros2_ws/install/rcl_interfaces/lib/python3.12/site-packages/rcl_interfaces/msg/_set_parameters_result_s.c
[5.778s] -- Up-to-date: /home/pheonix/ros2_ws/install/rcl_interfaces/lib/python3.12/site-packages/rcl_interfaces/msg/_floating_point_range.py
[5.778s] -- Up-to-date: /home/pheonix/ros2_ws/install/rcl_interfaces/lib/python3.12/site-packages/rcl_interfaces/msg/_set_logger_levels_result.py
[5.778s] -- Up-to-date: /home/pheonix/ros2_ws/install/rcl_interfaces/lib/python3.12/site-packages/rcl_interfaces/msg/_list_parameters_result_s.c
[5.778s] -- Up-to-date: /home/pheonix/ros2_ws/install/rcl_interfaces/lib/python3.12/site-packages/rcl_interfaces/msg/_parameter_s.c
[5.778s] -- Up-to-date: /home/pheonix/ros2_ws/install/rcl_interfaces/lib/python3.12/site-packages/rcl_interfaces/msg/__init__.py
[5.778s] -- Up-to-date: /home/pheonix/ros2_ws/install/rcl_interfaces/lib/python3.12/site-packages/rcl_interfaces/msg/_set_parameters_result.py
[5.778s] -- Up-to-date: /home/pheonix/ros2_ws/install/rcl_interfaces/lib/python3.12/site-packages/rcl_interfaces/msg/_parameter_event_s.c
[5.778s] -- Up-to-date: /home/pheonix/ros2_ws/install/rcl_interfaces/lib/python3.12/site-packages/rcl_interfaces/msg/_parameter_descriptor_s.c
[5.778s] -- Up-to-date: /home/pheonix/ros2_ws/install/rcl_interfaces/lib/python3.12/site-packages/rcl_interfaces/msg/_log.py
[5.778s] -- Up-to-date: /home/pheonix/ros2_ws/install/rcl_interfaces/lib/python3.12/site-packages/rcl_interfaces/_rcl_interfaces_s.ep.rosidl_typesupport_c.c
[5.778s] -- Up-to-date: /home/pheonix/ros2_ws/install/rcl_interfaces/lib/python3.12/site-packages/rcl_interfaces/_rcl_interfaces_s.ep.rosidl_typesupport_introspection_c.c
[5.783s] -- Up-to-date: /home/pheonix/ros2_ws/install/rcl_interfaces/lib/python3.12/site-packages/rcl_interfaces/__init__.py
[5.783s] -- Up-to-date: /home/pheonix/ros2_ws/install/rcl_interfaces/lib/python3.12/site-packages/rcl_interfaces/_rcl_interfaces_s.ep.rosidl_typesupport_fastrtps_c.c
[5.783s] -- Up-to-date: /home/pheonix/ros2_ws/install/rcl_interfaces/lib/python3.12/site-packages/rcl_interfaces/srv
[5.783s] -- Up-to-date: /home/pheonix/ros2_ws/install/rcl_interfaces/lib/python3.12/site-packages/rcl_interfaces/srv/_set_parameters.py
[5.783s] -- Up-to-date: /home/pheonix/ros2_ws/install/rcl_interfaces/lib/python3.12/site-packages/rcl_interfaces/srv/_list_parameters.py
[5.783s] -- Up-to-date: /home/pheonix/ros2_ws/install/rcl_interfaces/lib/python3.12/site-packages/rcl_interfaces/srv/_get_parameters.py
[5.783s] -- Up-to-date: /home/pheonix/ros2_ws/install/rcl_interfaces/lib/python3.12/site-packages/rcl_interfaces/srv/_list_parameters_s.c
[5.783s] -- Up-to-date: /home/pheonix/ros2_ws/install/rcl_interfaces/lib/python3.12/site-packages/rcl_interfaces/srv/_set_parameters_s.c
[5.783s] -- Up-to-date: /home/pheonix/ros2_ws/install/rcl_interfaces/lib/python3.12/site-packages/rcl_interfaces/srv/_set_parameters_atomically.py
[5.783s] -- Up-to-date: /home/pheonix/ros2_ws/install/rcl_interfaces/lib/python3.12/site-packages/rcl_interfaces/srv/_get_logger_levels_s.c
[5.783s] -- Up-to-date: /home/pheonix/ros2_ws/install/rcl_interfaces/lib/python3.12/site-packages/rcl_interfaces/srv/_get_logger_levels.py
[5.783s] -- Up-to-date: /home/pheonix/ros2_ws/install/rcl_interfaces/lib/python3.12/site-packages/rcl_interfaces/srv/_set_logger_levels.py
[5.783s] -- Up-to-date: /home/pheonix/ros2_ws/install/rcl_interfaces/lib/python3.12/site-packages/rcl_interfaces/srv/_set_parameters_atomically_s.c
[5.783s] -- Up-to-date: /home/pheonix/ros2_ws/install/rcl_interfaces/lib/python3.12/site-packages/rcl_interfaces/srv/_describe_parameters.py
[5.783s] -- Up-to-date: /home/pheonix/ros2_ws/install/rcl_interfaces/lib/python3.12/site-packages/rcl_interfaces/srv/_get_parameter_types_s.c
[5.783s] -- Up-to-date: /home/pheonix/ros2_ws/install/rcl_interfaces/lib/python3.12/site-packages/rcl_interfaces/srv/_set_logger_levels_s.c
[5.783s] -- Up-to-date: /home/pheonix/ros2_ws/install/rcl_interfaces/lib/python3.12/site-packages/rcl_interfaces/srv/__init__.py
[5.783s] -- Up-to-date: /home/pheonix/ros2_ws/install/rcl_interfaces/lib/python3.12/site-packages/rcl_interfaces/srv/_describe_parameters_s.c
[5.783s] -- Up-to-date: /home/pheonix/ros2_ws/install/rcl_interfaces/lib/python3.12/site-packages/rcl_interfaces/srv/_get_parameters_s.c
[5.783s] -- Up-to-date: /home/pheonix/ros2_ws/install/rcl_interfaces/lib/python3.12/site-packages/rcl_interfaces/srv/_get_parameter_types.py
[5.849s] Listing '/home/pheonix/ros2_ws/install/rcl_interfaces/lib/python3.12/site-packages/rcl_interfaces'...
[5.849s] Listing '/home/pheonix/ros2_ws/install/rcl_interfaces/lib/python3.12/site-packages/rcl_interfaces/msg'...
[5.849s] Listing '/home/pheonix/ros2_ws/install/rcl_interfaces/lib/python3.12/site-packages/rcl_interfaces/srv'...
[5.856s] -- Up-to-date: /home/pheonix/ros2_ws/install/rcl_interfaces/lib/python3.12/site-packages/rcl_interfaces/rcl_interfaces_s__rosidl_typesupport_fastrtps_c.so
[5.861s] -- Up-to-date: /home/pheonix/ros2_ws/install/rcl_interfaces/lib/python3.12/site-packages/rcl_interfaces/rcl_interfaces_s__rosidl_typesupport_introspection_c.so
[5.863s] -- Up-to-date: /home/pheonix/ros2_ws/install/rcl_interfaces/lib/python3.12/site-packages/rcl_interfaces/rcl_interfaces_s__rosidl_typesupport_c.so
[5.865s] -- Up-to-date: /home/pheonix/ros2_ws/install/rcl_interfaces/lib/librcl_interfaces__rosidl_generator_py.so
[5.866s] -- Up-to-date: /home/pheonix/ros2_ws/install/rcl_interfaces/share/rcl_interfaces/msg/FloatingPointRange.idl
[5.866s] -- Up-to-date: /home/pheonix/ros2_ws/install/rcl_interfaces/share/rcl_interfaces/msg/IntegerRange.idl
[5.866s] -- Up-to-date: /home/pheonix/ros2_ws/install/rcl_interfaces/share/rcl_interfaces/msg/ListParametersResult.idl
[5.866s] -- Up-to-date: /home/pheonix/ros2_ws/install/rcl_interfaces/share/rcl_interfaces/msg/Log.idl
[5.866s] -- Up-to-date: /home/pheonix/ros2_ws/install/rcl_interfaces/share/rcl_interfaces/msg/ParameterDescriptor.idl
[5.866s] -- Up-to-date: /home/pheonix/ros2_ws/install/rcl_interfaces/share/rcl_interfaces/msg/ParameterEventDescriptors.idl
[5.866s] -- Up-to-date: /home/pheonix/ros2_ws/install/rcl_interfaces/share/rcl_interfaces/msg/ParameterEvent.idl
[5.867s] -- Up-to-date: /home/pheonix/ros2_ws/install/rcl_interfaces/share/rcl_interfaces/msg/Parameter.idl
[5.867s] -- Up-to-date: /home/pheonix/ros2_ws/install/rcl_interfaces/share/rcl_interfaces/msg/ParameterType.idl
[5.867s] -- Up-to-date: /home/pheonix/ros2_ws/install/rcl_interfaces/share/rcl_interfaces/msg/ParameterValue.idl
[5.867s] -- Up-to-date: /home/pheonix/ros2_ws/install/rcl_interfaces/share/rcl_interfaces/msg/SetParametersResult.idl
[5.867s] -- Up-to-date: /home/pheonix/ros2_ws/install/rcl_interfaces/share/rcl_interfaces/msg/LoggerLevel.idl
[5.868s] -- Up-to-date: /home/pheonix/ros2_ws/install/rcl_interfaces/share/rcl_interfaces/msg/SetLoggerLevelsResult.idl
[5.868s] -- Up-to-date: /home/pheonix/ros2_ws/install/rcl_interfaces/share/rcl_interfaces/srv/DescribeParameters.idl
[5.869s] -- Up-to-date: /home/pheonix/ros2_ws/install/rcl_interfaces/share/rcl_interfaces/srv/GetParameters.idl
[5.869s] -- Up-to-date: /home/pheonix/ros2_ws/install/rcl_interfaces/share/rcl_interfaces/srv/GetParameterTypes.idl
[5.869s] -- Up-to-date: /home/pheonix/ros2_ws/install/rcl_interfaces/share/rcl_interfaces/srv/ListParameters.idl
[5.871s] -- Up-to-date: /home/pheonix/ros2_ws/install/rcl_interfaces/share/rcl_interfaces/srv/SetParametersAtomically.idl
[5.871s] -- Up-to-date: /home/pheonix/ros2_ws/install/rcl_interfaces/share/rcl_interfaces/srv/SetParameters.idl
[5.871s] -- Up-to-date: /home/pheonix/ros2_ws/install/rcl_interfaces/share/rcl_interfaces/srv/GetLoggerLevels.idl
[5.872s] -- Up-to-date: /home/pheonix/ros2_ws/install/rcl_interfaces/share/rcl_interfaces/srv/SetLoggerLevels.idl
[5.872s] -- Up-to-date: /home/pheonix/ros2_ws/install/rcl_interfaces/share/rcl_interfaces/msg/FloatingPointRange.msg
[5.872s] -- Up-to-date: /home/pheonix/ros2_ws/install/rcl_interfaces/share/rcl_interfaces/msg/IntegerRange.msg
[5.872s] -- Up-to-date: /home/pheonix/ros2_ws/install/rcl_interfaces/share/rcl_interfaces/msg/ListParametersResult.msg
[5.872s] -- Up-to-date: /home/pheonix/ros2_ws/install/rcl_interfaces/share/rcl_interfaces/msg/Log.msg
[5.872s] -- Up-to-date: /home/pheonix/ros2_ws/install/rcl_interfaces/share/rcl_interfaces/msg/ParameterDescriptor.msg
[5.872s] -- Up-to-date: /home/pheonix/ros2_ws/install/rcl_interfaces/share/rcl_interfaces/msg/ParameterEventDescriptors.msg
[5.873s] -- Up-to-date: /home/pheonix/ros2_ws/install/rcl_interfaces/share/rcl_interfaces/msg/ParameterEvent.msg
[5.873s] -- Up-to-date: /home/pheonix/ros2_ws/install/rcl_interfaces/share/rcl_interfaces/msg/Parameter.msg
[5.873s] -- Up-to-date: /home/pheonix/ros2_ws/install/rcl_interfaces/share/rcl_interfaces/msg/ParameterType.msg
[5.875s] -- Up-to-date: /home/pheonix/ros2_ws/install/rcl_interfaces/share/rcl_interfaces/msg/ParameterValue.msg
[5.878s] -- Up-to-date: /home/pheonix/ros2_ws/install/rcl_interfaces/share/rcl_interfaces/msg/SetParametersResult.msg
[5.878s] -- Up-to-date: /home/pheonix/ros2_ws/install/rcl_interfaces/share/rcl_interfaces/msg/LoggerLevel.msg
[5.878s] -- Up-to-date: /home/pheonix/ros2_ws/install/rcl_interfaces/share/rcl_interfaces/msg/SetLoggerLevelsResult.msg
[5.878s] -- Up-to-date: /home/pheonix/ros2_ws/install/rcl_interfaces/share/rcl_interfaces/srv/DescribeParameters.srv
[5.878s] -- Up-to-date: /home/pheonix/ros2_ws/install/rcl_interfaces/share/rcl_interfaces/srv/GetParameters.srv
[5.878s] -- Up-to-date: /home/pheonix/ros2_ws/install/rcl_interfaces/share/rcl_interfaces/srv/GetParameterTypes.srv
[5.878s] -- Up-to-date: /home/pheonix/ros2_ws/install/rcl_interfaces/share/rcl_interfaces/srv/ListParameters.srv
[5.878s] -- Up-to-date: /home/pheonix/ros2_ws/install/rcl_interfaces/share/rcl_interfaces/srv/SetParametersAtomically.srv
[5.878s] -- Up-to-date: /home/pheonix/ros2_ws/install/rcl_interfaces/share/rcl_interfaces/srv/SetParameters.srv
[5.878s] -- Up-to-date: /home/pheonix/ros2_ws/install/rcl_interfaces/share/rcl_interfaces/srv/GetLoggerLevels.srv
[5.878s] -- Up-to-date: /home/pheonix/ros2_ws/install/rcl_interfaces/share/rcl_interfaces/srv/SetLoggerLevels.srv
[5.878s] -- Up-to-date: /home/pheonix/ros2_ws/install/rcl_interfaces/share/rcl_interfaces/mapping_rules.yaml
[5.878s] -- Up-to-date: /home/pheonix/ros2_ws/install/rcl_interfaces/share/ament_index/resource_index/package_run_dependencies/rcl_interfaces
[5.880s] -- Up-to-date: /home/pheonix/ros2_ws/install/rcl_interfaces/share/ament_index/resource_index/parent_prefix_path/rcl_interfaces
[5.880s] -- Up-to-date: /home/pheonix/ros2_ws/install/rcl_interfaces/share/rcl_interfaces/environment/ament_prefix_path.sh
[5.880s] -- Up-to-date: /home/pheonix/ros2_ws/install/rcl_interfaces/share/rcl_interfaces/environment/ament_prefix_path.dsv
[5.880s] -- Up-to-date: /home/pheonix/ros2_ws/install/rcl_interfaces/share/rcl_interfaces/environment/path.sh
[5.880s] -- Up-to-date: /home/pheonix/ros2_ws/install/rcl_interfaces/share/rcl_interfaces/environment/path.dsv
[5.880s] -- Up-to-date: /home/pheonix/ros2_ws/install/rcl_interfaces/share/rcl_interfaces/local_setup.bash
[5.880s] -- Up-to-date: /home/pheonix/ros2_ws/install/rcl_interfaces/share/rcl_interfaces/local_setup.sh
[5.880s] -- Up-to-date: /home/pheonix/ros2_ws/install/rcl_interfaces/share/rcl_interfaces/local_setup.zsh
[5.880s] -- Up-to-date: /home/pheonix/ros2_ws/install/rcl_interfaces/share/rcl_interfaces/local_setup.dsv
[5.880s] -- Installing: /home/pheonix/ros2_ws/install/rcl_interfaces/share/rcl_interfaces/package.dsv
[5.881s] -- Up-to-date: /home/pheonix/ros2_ws/install/rcl_interfaces/share/ament_index/resource_index/packages/rcl_interfaces
[5.883s] -- Up-to-date: /home/pheonix/ros2_ws/install/rcl_interfaces/share/rcl_interfaces/cmake/export_rcl_interfaces__rosidl_generator_cExport.cmake
[5.883s] -- Up-to-date: /home/pheonix/ros2_ws/install/rcl_interfaces/share/rcl_interfaces/cmake/export_rcl_interfaces__rosidl_generator_cExport-noconfig.cmake
[5.884s] -- Up-to-date: /home/pheonix/ros2_ws/install/rcl_interfaces/share/rcl_interfaces/cmake/export_rcl_interfaces__rosidl_typesupport_fastrtps_cExport.cmake
[5.885s] -- Up-to-date: /home/pheonix/ros2_ws/install/rcl_interfaces/share/rcl_interfaces/cmake/export_rcl_interfaces__rosidl_typesupport_fastrtps_cExport-noconfig.cmake
[5.888s] -- Up-to-date: /home/pheonix/ros2_ws/install/rcl_interfaces/share/rcl_interfaces/cmake/rcl_interfaces__rosidl_typesupport_introspection_cExport.cmake
[5.889s] -- Up-to-date: /home/pheonix/ros2_ws/install/rcl_interfaces/share/rcl_interfaces/cmake/rcl_interfaces__rosidl_typesupport_introspection_cExport-noconfig.cmake
[5.891s] -- Up-to-date: /home/pheonix/ros2_ws/install/rcl_interfaces/share/rcl_interfaces/cmake/rcl_interfaces__rosidl_typesupport_cExport.cmake
[5.891s] -- Up-to-date: /home/pheonix/ros2_ws/install/rcl_interfaces/share/rcl_interfaces/cmake/rcl_interfaces__rosidl_typesupport_cExport-noconfig.cmake
[5.894s] -- Up-to-date: /home/pheonix/ros2_ws/install/rcl_interfaces/share/rcl_interfaces/cmake/export_rcl_interfaces__rosidl_generator_cppExport.cmake
[5.894s] -- Up-to-date: /home/pheonix/ros2_ws/install/rcl_interfaces/share/rcl_interfaces/cmake/export_rcl_interfaces__rosidl_typesupport_fastrtps_cppExport.cmake
[5.894s] -- Up-to-date: /home/pheonix/ros2_ws/install/rcl_interfaces/share/rcl_interfaces/cmake/export_rcl_interfaces__rosidl_typesupport_fastrtps_cppExport-noconfig.cmake
[5.894s] -- Up-to-date: /home/pheonix/ros2_ws/install/rcl_interfaces/share/rcl_interfaces/cmake/rcl_interfaces__rosidl_typesupport_introspection_cppExport.cmake
[5.899s] -- Up-to-date: /home/pheonix/ros2_ws/install/rcl_interfaces/share/rcl_interfaces/cmake/rcl_interfaces__rosidl_typesupport_introspection_cppExport-noconfig.cmake
[5.900s] -- Up-to-date: /home/pheonix/ros2_ws/install/rcl_interfaces/share/rcl_interfaces/cmake/rcl_interfaces__rosidl_typesupport_cppExport.cmake
[5.900s] -- Up-to-date: /home/pheonix/ros2_ws/install/rcl_interfaces/share/rcl_interfaces/cmake/rcl_interfaces__rosidl_typesupport_cppExport-noconfig.cmake
[5.903s] -- Up-to-date: /home/pheonix/ros2_ws/install/rcl_interfaces/share/rcl_interfaces/cmake/export_rcl_interfaces__rosidl_generator_pyExport.cmake
[5.903s] -- Up-to-date: /home/pheonix/ros2_ws/install/rcl_interfaces/share/rcl_interfaces/cmake/export_rcl_interfaces__rosidl_generator_pyExport-noconfig.cmake
[5.906s] -- Up-to-date: /home/pheonix/ros2_ws/install/rcl_interfaces/share/rcl_interfaces/cmake/rosidl_cmake-extras.cmake
[5.906s] -- Up-to-date: /home/pheonix/ros2_ws/install/rcl_interfaces/share/rcl_interfaces/cmake/ament_cmake_export_dependencies-extras.cmake
[5.906s] -- Up-to-date: /home/pheonix/ros2_ws/install/rcl_interfaces/share/rcl_interfaces/cmake/ament_cmake_export_include_directories-extras.cmake
[5.906s] -- Up-to-date: /home/pheonix/ros2_ws/install/rcl_interfaces/share/rcl_interfaces/cmake/ament_cmake_export_libraries-extras.cmake
[5.906s] -- Up-to-date: /home/pheonix/ros2_ws/install/rcl_interfaces/share/rcl_interfaces/cmake/ament_cmake_export_targets-extras.cmake
[5.906s] -- Up-to-date: /home/pheonix/ros2_ws/install/rcl_interfaces/share/rcl_interfaces/cmake/rosidl_cmake_export_typesupport_targets-extras.cmake
[5.906s] -- Up-to-date: /home/pheonix/ros2_ws/install/rcl_interfaces/share/rcl_interfaces/cmake/rosidl_cmake_export_typesupport_libraries-extras.cmake
[5.911s] -- Up-to-date: /home/pheonix/ros2_ws/install/rcl_interfaces/share/rcl_interfaces/cmake/rcl_interfacesConfig.cmake
[5.911s] -- Up-to-date: /home/pheonix/ros2_ws/install/rcl_interfaces/share/rcl_interfaces/cmake/rcl_interfacesConfig-version.cmake
[5.911s] -- Up-to-date: /home/pheonix/ros2_ws/install/rcl_interfaces/share/rcl_interfaces/package.xml
[5.913s] Invoked command in '/home/pheonix/ros2_ws/build/rcl_interfaces' returned '0': CMAKE_PREFIX_PATH=${CMAKE_PREFIX_PATH}:/opt/ros/jazzy DEBUGINFOD_URLS=https://debuginfod.ubuntu.com /usr/bin/cmake --install /home/pheonix/ros2_ws/build/rcl_interfaces
