[0.170s] Invoking command in '/home/pheonix/ros2_ws/build/joy': CMAKE_PREFIX_PATH=/home/pheonix/ros2_ws/install/urdfdom_headers:/home/pheonix/ros2_ws/install/turtlesim:/home/pheonix/ros2_ws/install/test_msgs:/home/pheonix/ros2_ws/install/test_interface_files:/home/pheonix/ros2_ws/install/teleop_twist_joy:/home/pheonix/ros2_ws/install/statistics_msgs:/home/pheonix/ros2_ws/install/action_msgs:/home/pheonix/ros2_ws/install/service_msgs:/home/pheonix/ros2_ws/install/rosgraph_msgs:/home/pheonix/ros2_ws/install/rosbag2_test_common:/home/pheonix/ros2_ws/install/composition_interfaces:/home/pheonix/ros2_ws/install/rcl_interfaces:/home/pheonix/ros2_ws/install/lifecycle_msgs:/home/pheonix/ros2_ws/install/joy_linux:/home/pheonix/ros2_ws/install/type_description_interfaces:/home/pheonix/ros2_ws/install/test_launch_ros:/home/pheonix/ros2_ws/install/ros2launch:/home/pheonix/ros2_ws/install/launch_testing_ros:/home/pheonix/ros2_ws/install/launch_ros:/opt/ros/jazzy:/home/pheonix/ros2_ws/install/joy:/opt/ros/jazzy/opt/gz_sim_vendor:/opt/ros/jazzy/opt/gz_sensors_vendor:/opt/ros/jazzy/opt/gz_physics_vendor:/opt/ros/jazzy/opt/sdformat_vendor:/opt/ros/jazzy/opt/gz_gui_vendor:/opt/ros/jazzy/opt/gz_transport_vendor:/opt/ros/jazzy/opt/gz_rendering_vendor:/opt/ros/jazzy/opt/gz_plugin_vendor:/opt/ros/jazzy/opt/gz_fuel_tools_vendor:/opt/ros/jazzy/opt/gz_msgs_vendor:/opt/ros/jazzy/opt/gz_common_vendor:/opt/ros/jazzy/opt/gz_math_vendor:/opt/ros/jazzy/opt/gz_utils_vendor:/opt/ros/jazzy/opt/gz_tools_vendor:/opt/ros/jazzy/opt/gz_ogre_next_vendor:/opt/ros/jazzy/opt/gz_dartsim_vendor:/opt/ros/jazzy/opt/gz_cmake_vendor DEBUGINFOD_URLS=https://debuginfod.ubuntu.com /usr/bin/cmake --build /home/pheonix/ros2_ws/build/joy -- -j2 -l2
[0.391s] [ 20%] Built target joy_node
[0.394s] [ 40%] Built target joy
[0.433s] [ 60%] Built target game_controller_node
[0.454s] [ 80%] Built target game_controller
[0.460s] [100%] Built target joy_enumerate_devices
[0.469s] Invoked command in '/home/pheonix/ros2_ws/build/joy' returned '0': CMAKE_PREFIX_PATH=/home/pheonix/ros2_ws/install/urdfdom_headers:/home/pheonix/ros2_ws/install/turtlesim:/home/pheonix/ros2_ws/install/test_msgs:/home/pheonix/ros2_ws/install/test_interface_files:/home/pheonix/ros2_ws/install/teleop_twist_joy:/home/pheonix/ros2_ws/install/statistics_msgs:/home/pheonix/ros2_ws/install/action_msgs:/home/pheonix/ros2_ws/install/service_msgs:/home/pheonix/ros2_ws/install/rosgraph_msgs:/home/pheonix/ros2_ws/install/rosbag2_test_common:/home/pheonix/ros2_ws/install/composition_interfaces:/home/pheonix/ros2_ws/install/rcl_interfaces:/home/pheonix/ros2_ws/install/lifecycle_msgs:/home/pheonix/ros2_ws/install/joy_linux:/home/pheonix/ros2_ws/install/type_description_interfaces:/home/pheonix/ros2_ws/install/test_launch_ros:/home/pheonix/ros2_ws/install/ros2launch:/home/pheonix/ros2_ws/install/launch_testing_ros:/home/pheonix/ros2_ws/install/launch_ros:/opt/ros/jazzy:/home/pheonix/ros2_ws/install/joy:/opt/ros/jazzy/opt/gz_sim_vendor:/opt/ros/jazzy/opt/gz_sensors_vendor:/opt/ros/jazzy/opt/gz_physics_vendor:/opt/ros/jazzy/opt/sdformat_vendor:/opt/ros/jazzy/opt/gz_gui_vendor:/opt/ros/jazzy/opt/gz_transport_vendor:/opt/ros/jazzy/opt/gz_rendering_vendor:/opt/ros/jazzy/opt/gz_plugin_vendor:/opt/ros/jazzy/opt/gz_fuel_tools_vendor:/opt/ros/jazzy/opt/gz_msgs_vendor:/opt/ros/jazzy/opt/gz_common_vendor:/opt/ros/jazzy/opt/gz_math_vendor:/opt/ros/jazzy/opt/gz_utils_vendor:/opt/ros/jazzy/opt/gz_tools_vendor:/opt/ros/jazzy/opt/gz_ogre_next_vendor:/opt/ros/jazzy/opt/gz_dartsim_vendor:/opt/ros/jazzy/opt/gz_cmake_vendor DEBUGINFOD_URLS=https://debuginfod.ubuntu.com /usr/bin/cmake --build /home/pheonix/ros2_ws/build/joy -- -j2 -l2
[0.543s] Invoking command in '/home/pheonix/ros2_ws/build/joy': CMAKE_PREFIX_PATH=/home/pheonix/ros2_ws/install/urdfdom_headers:/home/pheonix/ros2_ws/install/turtlesim:/home/pheonix/ros2_ws/install/test_msgs:/home/pheonix/ros2_ws/install/test_interface_files:/home/pheonix/ros2_ws/install/teleop_twist_joy:/home/pheonix/ros2_ws/install/statistics_msgs:/home/pheonix/ros2_ws/install/action_msgs:/home/pheonix/ros2_ws/install/service_msgs:/home/pheonix/ros2_ws/install/rosgraph_msgs:/home/pheonix/ros2_ws/install/rosbag2_test_common:/home/pheonix/ros2_ws/install/composition_interfaces:/home/pheonix/ros2_ws/install/rcl_interfaces:/home/pheonix/ros2_ws/install/lifecycle_msgs:/home/pheonix/ros2_ws/install/joy_linux:/home/pheonix/ros2_ws/install/type_description_interfaces:/home/pheonix/ros2_ws/install/test_launch_ros:/home/pheonix/ros2_ws/install/ros2launch:/home/pheonix/ros2_ws/install/launch_testing_ros:/home/pheonix/ros2_ws/install/launch_ros:/opt/ros/jazzy:/home/pheonix/ros2_ws/install/joy:/opt/ros/jazzy/opt/gz_sim_vendor:/opt/ros/jazzy/opt/gz_sensors_vendor:/opt/ros/jazzy/opt/gz_physics_vendor:/opt/ros/jazzy/opt/sdformat_vendor:/opt/ros/jazzy/opt/gz_gui_vendor:/opt/ros/jazzy/opt/gz_transport_vendor:/opt/ros/jazzy/opt/gz_rendering_vendor:/opt/ros/jazzy/opt/gz_plugin_vendor:/opt/ros/jazzy/opt/gz_fuel_tools_vendor:/opt/ros/jazzy/opt/gz_msgs_vendor:/opt/ros/jazzy/opt/gz_common_vendor:/opt/ros/jazzy/opt/gz_math_vendor:/opt/ros/jazzy/opt/gz_utils_vendor:/opt/ros/jazzy/opt/gz_tools_vendor:/opt/ros/jazzy/opt/gz_ogre_next_vendor:/opt/ros/jazzy/opt/gz_dartsim_vendor:/opt/ros/jazzy/opt/gz_cmake_vendor DEBUGINFOD_URLS=https://debuginfod.ubuntu.com /usr/bin/cmake --install /home/pheonix/ros2_ws/build/joy
[0.550s] -- Install configuration: ""
[0.553s] -- Up-to-date: /home/pheonix/ros2_ws/install/joy/lib/libjoy.so
[0.555s] -- Up-to-date: /home/pheonix/ros2_ws/install/joy/lib/joy/joy_node
[0.556s] -- Up-to-date: /home/pheonix/ros2_ws/install/joy/lib/libgame_controller.so
[0.558s] -- Up-to-date: /home/pheonix/ros2_ws/install/joy/lib/joy/game_controller_node
[0.559s] -- Up-to-date: /home/pheonix/ros2_ws/install/joy/lib/joy/joy_enumerate_devices
[0.559s] -- Up-to-date: /home/pheonix/ros2_ws/install/joy/include/joy
[0.560s] -- Up-to-date: /home/pheonix/ros2_ws/install/joy/include/joy/joy
[0.561s] -- Up-to-date: /home/pheonix/ros2_ws/install/joy/include/joy/joy/game_controller.hpp
[0.561s] -- Up-to-date: /home/pheonix/ros2_ws/install/joy/include/joy/joy/joy.hpp
[0.561s] -- Up-to-date: /home/pheonix/ros2_ws/install/joy/share/joy/config
[0.561s] -- Up-to-date: /home/pheonix/ros2_ws/install/joy/share/joy/config/joy-params.yaml
[0.561s] -- Up-to-date: /home/pheonix/ros2_ws/install/joy/share/joy/launch
[0.561s] -- Up-to-date: /home/pheonix/ros2_ws/install/joy/share/joy/launch/joy-composed-launch.py
[0.561s] -- Up-to-date: /home/pheonix/ros2_ws/install/joy/share/joy/launch/joy-launch.py
[0.561s] -- Up-to-date: /home/pheonix/ros2_ws/install/joy/share/ament_index/resource_index/package_run_dependencies/joy
[0.562s] -- Up-to-date: /home/pheonix/ros2_ws/install/joy/share/ament_index/resource_index/parent_prefix_path/joy
[0.563s] -- Up-to-date: /home/pheonix/ros2_ws/install/joy/share/joy/environment/ament_prefix_path.sh
[0.563s] -- Up-to-date: /home/pheonix/ros2_ws/install/joy/share/joy/environment/ament_prefix_path.dsv
[0.563s] -- Up-to-date: /home/pheonix/ros2_ws/install/joy/share/joy/environment/path.sh
[0.563s] -- Up-to-date: /home/pheonix/ros2_ws/install/joy/share/joy/environment/path.dsv
[0.563s] -- Up-to-date: /home/pheonix/ros2_ws/install/joy/share/joy/local_setup.bash
[0.563s] -- Up-to-date: /home/pheonix/ros2_ws/install/joy/share/joy/local_setup.sh
[0.563s] -- Up-to-date: /home/pheonix/ros2_ws/install/joy/share/joy/local_setup.zsh
[0.563s] -- Up-to-date: /home/pheonix/ros2_ws/install/joy/share/joy/local_setup.dsv
[0.563s] -- Installing: /home/pheonix/ros2_ws/install/joy/share/joy/package.dsv
[0.564s] -- Up-to-date: /home/pheonix/ros2_ws/install/joy/share/ament_index/resource_index/packages/joy
[0.564s] -- Up-to-date: /home/pheonix/ros2_ws/install/joy/share/ament_index/resource_index/rclcpp_components/joy
[0.567s] -- Up-to-date: /home/pheonix/ros2_ws/install/joy/share/joy/cmake/export_joyExport.cmake
[0.567s] -- Up-to-date: /home/pheonix/ros2_ws/install/joy/share/joy/cmake/export_joyExport-noconfig.cmake
[0.568s] -- Up-to-date: /home/pheonix/ros2_ws/install/joy/share/joy/cmake/export_game_controllerExport.cmake
[0.568s] -- Up-to-date: /home/pheonix/ros2_ws/install/joy/share/joy/cmake/export_game_controllerExport-noconfig.cmake
[0.568s] -- Up-to-date: /home/pheonix/ros2_ws/install/joy/share/joy/cmake/ament_cmake_export_targets-extras.cmake
[0.568s] -- Up-to-date: /home/pheonix/ros2_ws/install/joy/share/joy/cmake/ament_cmake_export_dependencies-extras.cmake
[0.568s] -- Up-to-date: /home/pheonix/ros2_ws/install/joy/share/joy/cmake/joyConfig.cmake
[0.568s] -- Up-to-date: /home/pheonix/ros2_ws/install/joy/share/joy/cmake/joyConfig-version.cmake
[0.569s] -- Up-to-date: /home/pheonix/ros2_ws/install/joy/share/joy/package.xml
[0.570s] Invoked command in '/home/pheonix/ros2_ws/build/joy' returned '0': CMAKE_PREFIX_PATH=/home/pheonix/ros2_ws/install/urdfdom_headers:/home/pheonix/ros2_ws/install/turtlesim:/home/pheonix/ros2_ws/install/test_msgs:/home/pheonix/ros2_ws/install/test_interface_files:/home/pheonix/ros2_ws/install/teleop_twist_joy:/home/pheonix/ros2_ws/install/statistics_msgs:/home/pheonix/ros2_ws/install/action_msgs:/home/pheonix/ros2_ws/install/service_msgs:/home/pheonix/ros2_ws/install/rosgraph_msgs:/home/pheonix/ros2_ws/install/rosbag2_test_common:/home/pheonix/ros2_ws/install/composition_interfaces:/home/pheonix/ros2_ws/install/rcl_interfaces:/home/pheonix/ros2_ws/install/lifecycle_msgs:/home/pheonix/ros2_ws/install/joy_linux:/home/pheonix/ros2_ws/install/type_description_interfaces:/home/pheonix/ros2_ws/install/test_launch_ros:/home/pheonix/ros2_ws/install/ros2launch:/home/pheonix/ros2_ws/install/launch_testing_ros:/home/pheonix/ros2_ws/install/launch_ros:/opt/ros/jazzy:/home/pheonix/ros2_ws/install/joy:/opt/ros/jazzy/opt/gz_sim_vendor:/opt/ros/jazzy/opt/gz_sensors_vendor:/opt/ros/jazzy/opt/gz_physics_vendor:/opt/ros/jazzy/opt/sdformat_vendor:/opt/ros/jazzy/opt/gz_gui_vendor:/opt/ros/jazzy/opt/gz_transport_vendor:/opt/ros/jazzy/opt/gz_rendering_vendor:/opt/ros/jazzy/opt/gz_plugin_vendor:/opt/ros/jazzy/opt/gz_fuel_tools_vendor:/opt/ros/jazzy/opt/gz_msgs_vendor:/opt/ros/jazzy/opt/gz_common_vendor:/opt/ros/jazzy/opt/gz_math_vendor:/opt/ros/jazzy/opt/gz_utils_vendor:/opt/ros/jazzy/opt/gz_tools_vendor:/opt/ros/jazzy/opt/gz_ogre_next_vendor:/opt/ros/jazzy/opt/gz_dartsim_vendor:/opt/ros/jazzy/opt/gz_cmake_vendor DEBUGINFOD_URLS=https://debuginfod.ubuntu.com /usr/bin/cmake --install /home/pheonix/ros2_ws/build/joy
