[0.040s] Invoking command in '/home/pheonix/ros2_ws/build/robot_state_publisher': CMAKE_PREFIX_PATH=${CMAKE_PREFIX_PATH}:/opt/ros/jazzy DEBUGINFOD_URLS=https://debuginfod.ubuntu.com /usr/bin/cmake /home/pheonix/ros2_ws/src/robot_state_publisher -DCMAKE_INSTALL_PREFIX=/home/pheonix/ros2_ws/install/robot_state_publisher
[0.330s] -- The C compiler identification is GNU 13.2.0
[0.563s] -- The CXX compiler identification is GNU 13.2.0
[0.679s] -- Detecting C compiler ABI info
[0.952s] -- Detecting C compiler ABI info - done
[0.981s] -- Check for working C compiler: /usr/bin/cc - skipped
[0.981s] -- Detecting C compile features
[0.981s] -- Detecting C compile features - done
[1.063s] -- Detecting CXX compiler ABI info
[1.377s] -- Detecting CXX compiler ABI info - done
[1.394s] -- Check for working CXX compiler: /usr/bin/c++ - skipped
[1.394s] -- Detecting CXX compile features
[1.395s] -- Detecting CXX compile features - done
[1.396s] -- Configuring incomplete, errors occurred!
[1.412s] [31mCMake Error at CMakeLists.txt:4 (message):
[1.412s]   https://github.com/ros2/robot_state_publisher is deprecated in favor of the
[1.412s]   'ros2' branch of https://github.com/ros/robot_state_publisher.git.  Please
[1.412s]   update your repository to point to the new location.
[1.412s] 
[1.412s] [0m
[1.421s] Invoked command in '/home/pheonix/ros2_ws/build/robot_state_publisher' returned '1': CMAKE_PREFIX_PATH=${CMAKE_PREFIX_PATH}:/opt/ros/jazzy DEBUGINFOD_URLS=https://debuginfod.ubuntu.com /usr/bin/cmake /home/pheonix/ros2_ws/src/robot_state_publisher -DCMAKE_INSTALL_PREFIX=/home/pheonix/ros2_ws/install/robot_state_publisher
