[0.132s] DEBUG:colcon:Command line arguments: ['/usr/bin/colcon', 'build', '--symlink-install']
[0.132s] DEBUG:colcon:Parsed command line arguments: Namespace(log_base=None, log_level=None, verb_name='build', build_base='build', install_base='install', merge_install=False, symlink_install=True, test_result_base=None, continue_on_error=False, executor='parallel', parallel_workers=2, event_handlers=None, ignore_user_meta=False, metas=['./colcon.meta'], base_paths=['.'], packages_ignore=None, packages_ignore_regex=None, paths=None, packages_up_to=None, packages_up_to_regex=None, packages_above=None, packages_above_and_dependencies=None, packages_above_depth=None, packages_select_by_dep=None, packages_skip_by_dep=None, packages_skip_up_to=None, packages_select_build_failed=False, packages_skip_build_finished=False, packages_select_test_failures=False, packages_skip_test_passed=False, packages_select=None, packages_skip=None, packages_select_regex=None, packages_skip_regex=None, packages_start=None, packages_end=None, allow_overriding=[], cmake_args=None, cmake_target=None, cmake_target_skip_unavailable=False, cmake_clean_cache=False, cmake_clean_first=False, cmake_force_configure=False, ament_cmake_args=None, catkin_cmake_args=None, catkin_skip_building_tests=False, mixin_files=None, mixin=None, verb_parser=<colcon_mixin.mixin.mixin_argument.MixinArgumentDecorator object at 0x782e2988bc20>, verb_extension=<colcon_core.verb.build.BuildVerb object at 0x782e29830170>, main=<bound method BuildVerb.main of <colcon_core.verb.build.BuildVerb object at 0x782e29830170>>, mixin_verb=('build',))
[0.170s] Level 1:colcon.colcon_core.package_discovery:discover_packages(colcon_meta) check parameters
[0.170s] Level 1:colcon.colcon_core.package_discovery:discover_packages(recursive) check parameters
[0.170s] Level 1:colcon.colcon_core.package_discovery:discover_packages(ignore) check parameters
[0.170s] Level 1:colcon.colcon_core.package_discovery:discover_packages(path) check parameters
[0.170s] Level 1:colcon.colcon_core.package_discovery:discover_packages(colcon_meta) discover
[0.170s] Level 1:colcon.colcon_core.package_discovery:discover_packages(recursive) discover
[0.170s] INFO:colcon.colcon_core.package_discovery:Crawling recursively for packages in '/home/pheonix/ros2_ws'
[0.170s] Level 1:colcon.colcon_core.package_identification:_identify(.) by extensions ['ignore', 'ignore_ament_install']
[0.170s] Level 1:colcon.colcon_core.package_identification:_identify(.) by extension 'ignore'
[0.170s] Level 1:colcon.colcon_core.package_identification:_identify(.) by extension 'ignore_ament_install'
[0.170s] Level 1:colcon.colcon_core.package_identification:_identify(.) by extensions ['colcon_pkg']
[0.170s] Level 1:colcon.colcon_core.package_identification:_identify(.) by extension 'colcon_pkg'
[0.170s] Level 1:colcon.colcon_core.package_identification:_identify(.) by extensions ['colcon_meta']
[0.170s] Level 1:colcon.colcon_core.package_identification:_identify(.) by extension 'colcon_meta'
[0.171s] Level 1:colcon.colcon_core.package_identification:_identify(.) by extensions ['ros']
[0.171s] Level 1:colcon.colcon_core.package_identification:_identify(.) by extension 'ros'
[0.197s] Level 1:colcon.colcon_core.package_identification:_identify(.) by extensions ['cmake', 'python']
[0.197s] Level 1:colcon.colcon_core.package_identification:_identify(.) by extension 'cmake'
[0.197s] Level 1:colcon.colcon_core.package_identification:_identify(.) by extension 'python'
[0.197s] Level 1:colcon.colcon_core.package_identification:_identify(.) by extensions ['python_setup_py']
[0.197s] Level 1:colcon.colcon_core.package_identification:_identify(.) by extension 'python_setup_py'
[0.197s] Level 1:colcon.colcon_core.package_identification:_identify(build) by extensions ['ignore', 'ignore_ament_install']
[0.197s] Level 1:colcon.colcon_core.package_identification:_identify(build) by extension 'ignore'
[0.197s] Level 1:colcon.colcon_core.package_identification:_identify(build) ignored
[0.198s] Level 1:colcon.colcon_core.package_identification:_identify(install) by extensions ['ignore', 'ignore_ament_install']
[0.198s] Level 1:colcon.colcon_core.package_identification:_identify(install) by extension 'ignore'
[0.198s] Level 1:colcon.colcon_core.package_identification:_identify(install) ignored
[0.198s] Level 1:colcon.colcon_core.package_identification:_identify(log) by extensions ['ignore', 'ignore_ament_install']
[0.198s] Level 1:colcon.colcon_core.package_identification:_identify(log) by extension 'ignore'
[0.198s] Level 1:colcon.colcon_core.package_identification:_identify(log) ignored
[0.198s] Level 1:colcon.colcon_core.package_identification:_identify(src) by extensions ['ignore', 'ignore_ament_install']
[0.198s] Level 1:colcon.colcon_core.package_identification:_identify(src) by extension 'ignore'
[0.198s] Level 1:colcon.colcon_core.package_identification:_identify(src) by extension 'ignore_ament_install'
[0.198s] Level 1:colcon.colcon_core.package_identification:_identify(src) by extensions ['colcon_pkg']
[0.198s] Level 1:colcon.colcon_core.package_identification:_identify(src) by extension 'colcon_pkg'
[0.198s] Level 1:colcon.colcon_core.package_identification:_identify(src) by extensions ['colcon_meta']
[0.198s] Level 1:colcon.colcon_core.package_identification:_identify(src) by extension 'colcon_meta'
[0.198s] Level 1:colcon.colcon_core.package_identification:_identify(src) by extensions ['ros']
[0.198s] Level 1:colcon.colcon_core.package_identification:_identify(src) by extension 'ros'
[0.198s] Level 1:colcon.colcon_core.package_identification:_identify(src) by extensions ['cmake', 'python']
[0.198s] Level 1:colcon.colcon_core.package_identification:_identify(src) by extension 'cmake'
[0.198s] Level 1:colcon.colcon_core.package_identification:_identify(src) by extension 'python'
[0.198s] Level 1:colcon.colcon_core.package_identification:_identify(src) by extensions ['python_setup_py']
[0.198s] Level 1:colcon.colcon_core.package_identification:_identify(src) by extension 'python_setup_py'
[0.198s] Level 1:colcon.colcon_core.package_identification:_identify(src/joystick_drivers) by extensions ['ignore', 'ignore_ament_install']
[0.198s] Level 1:colcon.colcon_core.package_identification:_identify(src/joystick_drivers) by extension 'ignore'
[0.198s] Level 1:colcon.colcon_core.package_identification:_identify(src/joystick_drivers) by extension 'ignore_ament_install'
[0.199s] Level 1:colcon.colcon_core.package_identification:_identify(src/joystick_drivers) by extensions ['colcon_pkg']
[0.199s] Level 1:colcon.colcon_core.package_identification:_identify(src/joystick_drivers) by extension 'colcon_pkg'
[0.199s] Level 1:colcon.colcon_core.package_identification:_identify(src/joystick_drivers) by extensions ['colcon_meta']
[0.199s] Level 1:colcon.colcon_core.package_identification:_identify(src/joystick_drivers) by extension 'colcon_meta'
[0.199s] Level 1:colcon.colcon_core.package_identification:_identify(src/joystick_drivers) by extensions ['ros']
[0.199s] Level 1:colcon.colcon_core.package_identification:_identify(src/joystick_drivers) by extension 'ros'
[0.199s] Level 1:colcon.colcon_core.package_identification:_identify(src/joystick_drivers) by extensions ['cmake', 'python']
[0.199s] Level 1:colcon.colcon_core.package_identification:_identify(src/joystick_drivers) by extension 'cmake'
[0.199s] Level 1:colcon.colcon_core.package_identification:_identify(src/joystick_drivers) by extension 'python'
[0.199s] Level 1:colcon.colcon_core.package_identification:_identify(src/joystick_drivers) by extensions ['python_setup_py']
[0.199s] Level 1:colcon.colcon_core.package_identification:_identify(src/joystick_drivers) by extension 'python_setup_py'
[0.199s] Level 1:colcon.colcon_core.package_identification:_identify(src/joystick_drivers/joy) by extensions ['ignore', 'ignore_ament_install']
[0.199s] Level 1:colcon.colcon_core.package_identification:_identify(src/joystick_drivers/joy) by extension 'ignore'
[0.199s] Level 1:colcon.colcon_core.package_identification:_identify(src/joystick_drivers/joy) by extension 'ignore_ament_install'
[0.199s] Level 1:colcon.colcon_core.package_identification:_identify(src/joystick_drivers/joy) by extensions ['colcon_pkg']
[0.199s] Level 1:colcon.colcon_core.package_identification:_identify(src/joystick_drivers/joy) by extension 'colcon_pkg'
[0.199s] Level 1:colcon.colcon_core.package_identification:_identify(src/joystick_drivers/joy) by extensions ['colcon_meta']
[0.199s] Level 1:colcon.colcon_core.package_identification:_identify(src/joystick_drivers/joy) by extension 'colcon_meta'
[0.199s] Level 1:colcon.colcon_core.package_identification:_identify(src/joystick_drivers/joy) by extensions ['ros']
[0.199s] Level 1:colcon.colcon_core.package_identification:_identify(src/joystick_drivers/joy) by extension 'ros'
[0.201s] DEBUG:colcon.colcon_core.package_identification:Package 'src/joystick_drivers/joy' with type 'ros.ament_cmake' and name 'joy'
[0.202s] Level 1:colcon.colcon_core.package_identification:_identify(src/joystick_drivers/joy_linux) by extensions ['ignore', 'ignore_ament_install']
[0.202s] Level 1:colcon.colcon_core.package_identification:_identify(src/joystick_drivers/joy_linux) by extension 'ignore'
[0.202s] Level 1:colcon.colcon_core.package_identification:_identify(src/joystick_drivers/joy_linux) by extension 'ignore_ament_install'
[0.202s] Level 1:colcon.colcon_core.package_identification:_identify(src/joystick_drivers/joy_linux) by extensions ['colcon_pkg']
[0.202s] Level 1:colcon.colcon_core.package_identification:_identify(src/joystick_drivers/joy_linux) by extension 'colcon_pkg'
[0.202s] Level 1:colcon.colcon_core.package_identification:_identify(src/joystick_drivers/joy_linux) by extensions ['colcon_meta']
[0.202s] Level 1:colcon.colcon_core.package_identification:_identify(src/joystick_drivers/joy_linux) by extension 'colcon_meta'
[0.202s] Level 1:colcon.colcon_core.package_identification:_identify(src/joystick_drivers/joy_linux) by extensions ['ros']
[0.202s] Level 1:colcon.colcon_core.package_identification:_identify(src/joystick_drivers/joy_linux) by extension 'ros'
[0.202s] DEBUG:colcon.colcon_core.package_identification:Package 'src/joystick_drivers/joy_linux' with type 'ros.ament_cmake' and name 'joy_linux'
[0.203s] Level 1:colcon.colcon_core.package_identification:_identify(src/ros_tutorials) by extensions ['ignore', 'ignore_ament_install']
[0.203s] Level 1:colcon.colcon_core.package_identification:_identify(src/ros_tutorials) by extension 'ignore'
[0.203s] Level 1:colcon.colcon_core.package_identification:_identify(src/ros_tutorials) by extension 'ignore_ament_install'
[0.203s] Level 1:colcon.colcon_core.package_identification:_identify(src/ros_tutorials) by extensions ['colcon_pkg']
[0.203s] Level 1:colcon.colcon_core.package_identification:_identify(src/ros_tutorials) by extension 'colcon_pkg'
[0.203s] Level 1:colcon.colcon_core.package_identification:_identify(src/ros_tutorials) by extensions ['colcon_meta']
[0.203s] Level 1:colcon.colcon_core.package_identification:_identify(src/ros_tutorials) by extension 'colcon_meta'
[0.203s] Level 1:colcon.colcon_core.package_identification:_identify(src/ros_tutorials) by extensions ['ros']
[0.203s] Level 1:colcon.colcon_core.package_identification:_identify(src/ros_tutorials) by extension 'ros'
[0.203s] Level 1:colcon.colcon_core.package_identification:_identify(src/ros_tutorials) by extensions ['cmake', 'python']
[0.203s] Level 1:colcon.colcon_core.package_identification:_identify(src/ros_tutorials) by extension 'cmake'
[0.203s] Level 1:colcon.colcon_core.package_identification:_identify(src/ros_tutorials) by extension 'python'
[0.203s] Level 1:colcon.colcon_core.package_identification:_identify(src/ros_tutorials) by extensions ['python_setup_py']
[0.203s] Level 1:colcon.colcon_core.package_identification:_identify(src/ros_tutorials) by extension 'python_setup_py'
[0.203s] Level 1:colcon.colcon_core.package_identification:_identify(src/ros_tutorials/turtlesim) by extensions ['ignore', 'ignore_ament_install']
[0.203s] Level 1:colcon.colcon_core.package_identification:_identify(src/ros_tutorials/turtlesim) by extension 'ignore'
[0.203s] Level 1:colcon.colcon_core.package_identification:_identify(src/ros_tutorials/turtlesim) by extension 'ignore_ament_install'
[0.203s] Level 1:colcon.colcon_core.package_identification:_identify(src/ros_tutorials/turtlesim) by extensions ['colcon_pkg']
[0.203s] Level 1:colcon.colcon_core.package_identification:_identify(src/ros_tutorials/turtlesim) by extension 'colcon_pkg'
[0.203s] Level 1:colcon.colcon_core.package_identification:_identify(src/ros_tutorials/turtlesim) by extensions ['colcon_meta']
[0.203s] Level 1:colcon.colcon_core.package_identification:_identify(src/ros_tutorials/turtlesim) by extension 'colcon_meta'
[0.203s] Level 1:colcon.colcon_core.package_identification:_identify(src/ros_tutorials/turtlesim) by extensions ['ros']
[0.203s] Level 1:colcon.colcon_core.package_identification:_identify(src/ros_tutorials/turtlesim) by extension 'ros'
[0.204s] DEBUG:colcon.colcon_core.package_identification:Package 'src/ros_tutorials/turtlesim' with type 'ros.ament_cmake' and name 'turtlesim'
[0.204s] Level 1:colcon.colcon_core.package_identification:_identify(src/teleop_twist_joy) by extensions ['ignore', 'ignore_ament_install']
[0.204s] Level 1:colcon.colcon_core.package_identification:_identify(src/teleop_twist_joy) by extension 'ignore'
[0.204s] Level 1:colcon.colcon_core.package_identification:_identify(src/teleop_twist_joy) by extension 'ignore_ament_install'
[0.204s] Level 1:colcon.colcon_core.package_identification:_identify(src/teleop_twist_joy) by extensions ['colcon_pkg']
[0.204s] Level 1:colcon.colcon_core.package_identification:_identify(src/teleop_twist_joy) by extension 'colcon_pkg'
[0.204s] Level 1:colcon.colcon_core.package_identification:_identify(src/teleop_twist_joy) by extensions ['colcon_meta']
[0.204s] Level 1:colcon.colcon_core.package_identification:_identify(src/teleop_twist_joy) by extension 'colcon_meta'
[0.204s] Level 1:colcon.colcon_core.package_identification:_identify(src/teleop_twist_joy) by extensions ['ros']
[0.204s] Level 1:colcon.colcon_core.package_identification:_identify(src/teleop_twist_joy) by extension 'ros'
[0.205s] DEBUG:colcon.colcon_core.package_identification:Package 'src/teleop_twist_joy' with type 'ros.ament_cmake' and name 'teleop_twist_joy'
[0.205s] Level 1:colcon.colcon_core.package_discovery:discover_packages(recursive) using defaults
[0.205s] Level 1:colcon.colcon_core.package_discovery:discover_packages(ignore) discover
[0.205s] Level 1:colcon.colcon_core.package_discovery:discover_packages(ignore) using defaults
[0.205s] Level 1:colcon.colcon_core.package_discovery:discover_packages(path) discover
[0.205s] Level 1:colcon.colcon_core.package_discovery:discover_packages(path) using defaults
[0.223s] Level 1:colcon.colcon_core.package_discovery:discover_packages(prefix_path) check parameters
[0.223s] Level 1:colcon.colcon_core.package_discovery:discover_packages(prefix_path) discover
[0.225s] DEBUG:colcon.colcon_installed_package_information.package_discovery:Found 25 installed packages in /home/pheonix/ros2_ws/install
[0.227s] DEBUG:colcon.colcon_installed_package_information.package_discovery:Found 337 installed packages in /opt/ros/jazzy
[0.229s] Level 1:colcon.colcon_core.package_discovery:discover_packages(prefix_path) using defaults
[0.271s] WARNING:colcon.colcon_core.package_selection:Some selected packages are already built in one or more underlay workspaces:
	'turtlesim' is in: /home/pheonix/ros2_ws/install/turtlesim, /opt/ros/jazzy
	'joy' is in: /home/pheonix/ros2_ws/install/joy, /opt/ros/jazzy
	'teleop_twist_joy' is in: /home/pheonix/ros2_ws/install/teleop_twist_joy, /opt/ros/jazzy
If a package in a merged underlay workspace is overridden and it installs headers, then all packages in the overlay must sort their include directories by workspace order. Failure to do so may result in build failures or undefined behavior at run time.
If the overridden package is used by another package in any underlay, then the overriding package in the overlay must be API and ABI compatible or undefined behavior at run time may occur.

If you understand the risks and want to override a package anyways, add the following to the command line:
	--allow-overriding joy teleop_twist_joy turtlesim

This may be promoted to an error in a future release of colcon-override-check.
[0.272s] Level 5:colcon.colcon_core.verb:set package 'joy' build argument 'cmake_args' from command line to 'None'
[0.272s] Level 5:colcon.colcon_core.verb:set package 'joy' build argument 'cmake_target' from command line to 'None'
[0.272s] Level 5:colcon.colcon_core.verb:set package 'joy' build argument 'cmake_target_skip_unavailable' from command line to 'False'
[0.272s] Level 5:colcon.colcon_core.verb:set package 'joy' build argument 'cmake_clean_cache' from command line to 'False'
[0.273s] Level 5:colcon.colcon_core.verb:set package 'joy' build argument 'cmake_clean_first' from command line to 'False'
[0.273s] Level 5:colcon.colcon_core.verb:set package 'joy' build argument 'cmake_force_configure' from command line to 'False'
[0.273s] Level 5:colcon.colcon_core.verb:set package 'joy' build argument 'ament_cmake_args' from command line to 'None'
[0.273s] Level 5:colcon.colcon_core.verb:set package 'joy' build argument 'catkin_cmake_args' from command line to 'None'
[0.273s] Level 5:colcon.colcon_core.verb:set package 'joy' build argument 'catkin_skip_building_tests' from command line to 'False'
[0.273s] DEBUG:colcon.colcon_core.verb:Building package 'joy' with the following arguments: {'ament_cmake_args': None, 'build_base': '/home/pheonix/ros2_ws/build/joy', 'catkin_cmake_args': None, 'catkin_skip_building_tests': False, 'cmake_args': None, 'cmake_clean_cache': False, 'cmake_clean_first': False, 'cmake_force_configure': False, 'cmake_target': None, 'cmake_target_skip_unavailable': False, 'install_base': '/home/pheonix/ros2_ws/install/joy', 'merge_install': False, 'path': '/home/pheonix/ros2_ws/src/joystick_drivers/joy', 'symlink_install': True, 'test_result_base': None}
[0.273s] Level 5:colcon.colcon_core.verb:set package 'joy_linux' build argument 'cmake_args' from command line to 'None'
[0.273s] Level 5:colcon.colcon_core.verb:set package 'joy_linux' build argument 'cmake_target' from command line to 'None'
[0.273s] Level 5:colcon.colcon_core.verb:set package 'joy_linux' build argument 'cmake_target_skip_unavailable' from command line to 'False'
[0.273s] Level 5:colcon.colcon_core.verb:set package 'joy_linux' build argument 'cmake_clean_cache' from command line to 'False'
[0.273s] Level 5:colcon.colcon_core.verb:set package 'joy_linux' build argument 'cmake_clean_first' from command line to 'False'
[0.273s] Level 5:colcon.colcon_core.verb:set package 'joy_linux' build argument 'cmake_force_configure' from command line to 'False'
[0.273s] Level 5:colcon.colcon_core.verb:set package 'joy_linux' build argument 'ament_cmake_args' from command line to 'None'
[0.273s] Level 5:colcon.colcon_core.verb:set package 'joy_linux' build argument 'catkin_cmake_args' from command line to 'None'
[0.273s] Level 5:colcon.colcon_core.verb:set package 'joy_linux' build argument 'catkin_skip_building_tests' from command line to 'False'
[0.273s] DEBUG:colcon.colcon_core.verb:Building package 'joy_linux' with the following arguments: {'ament_cmake_args': None, 'build_base': '/home/pheonix/ros2_ws/build/joy_linux', 'catkin_cmake_args': None, 'catkin_skip_building_tests': False, 'cmake_args': None, 'cmake_clean_cache': False, 'cmake_clean_first': False, 'cmake_force_configure': False, 'cmake_target': None, 'cmake_target_skip_unavailable': False, 'install_base': '/home/pheonix/ros2_ws/install/joy_linux', 'merge_install': False, 'path': '/home/pheonix/ros2_ws/src/joystick_drivers/joy_linux', 'symlink_install': True, 'test_result_base': None}
[0.273s] Level 5:colcon.colcon_core.verb:set package 'turtlesim' build argument 'cmake_args' from command line to 'None'
[0.273s] Level 5:colcon.colcon_core.verb:set package 'turtlesim' build argument 'cmake_target' from command line to 'None'
[0.273s] Level 5:colcon.colcon_core.verb:set package 'turtlesim' build argument 'cmake_target_skip_unavailable' from command line to 'False'
[0.273s] Level 5:colcon.colcon_core.verb:set package 'turtlesim' build argument 'cmake_clean_cache' from command line to 'False'
[0.273s] Level 5:colcon.colcon_core.verb:set package 'turtlesim' build argument 'cmake_clean_first' from command line to 'False'
[0.273s] Level 5:colcon.colcon_core.verb:set package 'turtlesim' build argument 'cmake_force_configure' from command line to 'False'
[0.273s] Level 5:colcon.colcon_core.verb:set package 'turtlesim' build argument 'ament_cmake_args' from command line to 'None'
[0.273s] Level 5:colcon.colcon_core.verb:set package 'turtlesim' build argument 'catkin_cmake_args' from command line to 'None'
[0.273s] Level 5:colcon.colcon_core.verb:set package 'turtlesim' build argument 'catkin_skip_building_tests' from command line to 'False'
[0.273s] DEBUG:colcon.colcon_core.verb:Building package 'turtlesim' with the following arguments: {'ament_cmake_args': None, 'build_base': '/home/pheonix/ros2_ws/build/turtlesim', 'catkin_cmake_args': None, 'catkin_skip_building_tests': False, 'cmake_args': None, 'cmake_clean_cache': False, 'cmake_clean_first': False, 'cmake_force_configure': False, 'cmake_target': None, 'cmake_target_skip_unavailable': False, 'install_base': '/home/pheonix/ros2_ws/install/turtlesim', 'merge_install': False, 'path': '/home/pheonix/ros2_ws/src/ros_tutorials/turtlesim', 'symlink_install': True, 'test_result_base': None}
[0.274s] Level 5:colcon.colcon_core.verb:set package 'teleop_twist_joy' build argument 'cmake_args' from command line to 'None'
[0.274s] Level 5:colcon.colcon_core.verb:set package 'teleop_twist_joy' build argument 'cmake_target' from command line to 'None'
[0.274s] Level 5:colcon.colcon_core.verb:set package 'teleop_twist_joy' build argument 'cmake_target_skip_unavailable' from command line to 'False'
[0.274s] Level 5:colcon.colcon_core.verb:set package 'teleop_twist_joy' build argument 'cmake_clean_cache' from command line to 'False'
[0.274s] Level 5:colcon.colcon_core.verb:set package 'teleop_twist_joy' build argument 'cmake_clean_first' from command line to 'False'
[0.274s] Level 5:colcon.colcon_core.verb:set package 'teleop_twist_joy' build argument 'cmake_force_configure' from command line to 'False'
[0.274s] Level 5:colcon.colcon_core.verb:set package 'teleop_twist_joy' build argument 'ament_cmake_args' from command line to 'None'
[0.274s] Level 5:colcon.colcon_core.verb:set package 'teleop_twist_joy' build argument 'catkin_cmake_args' from command line to 'None'
[0.274s] Level 5:colcon.colcon_core.verb:set package 'teleop_twist_joy' build argument 'catkin_skip_building_tests' from command line to 'False'
[0.274s] DEBUG:colcon.colcon_core.verb:Building package 'teleop_twist_joy' with the following arguments: {'ament_cmake_args': None, 'build_base': '/home/pheonix/ros2_ws/build/teleop_twist_joy', 'catkin_cmake_args': None, 'catkin_skip_building_tests': False, 'cmake_args': None, 'cmake_clean_cache': False, 'cmake_clean_first': False, 'cmake_force_configure': False, 'cmake_target': None, 'cmake_target_skip_unavailable': False, 'install_base': '/home/pheonix/ros2_ws/install/teleop_twist_joy', 'merge_install': False, 'path': '/home/pheonix/ros2_ws/src/teleop_twist_joy', 'symlink_install': True, 'test_result_base': None}
[0.274s] INFO:colcon.colcon_core.executor:Executing jobs using 'parallel' executor
[0.275s] DEBUG:colcon.colcon_parallel_executor.executor.parallel:run_until_complete
[0.276s] INFO:colcon.colcon_ros.task.ament_cmake.build:Building ROS package in '/home/pheonix/ros2_ws/src/joystick_drivers/joy' with build type 'ament_cmake'
[0.276s] INFO:colcon.colcon_cmake.task.cmake.build:Building CMake package in '/home/pheonix/ros2_ws/src/joystick_drivers/joy'
[0.279s] INFO:colcon.colcon_core.plugin_system:Skipping extension 'colcon_core.shell.bat': Not used on non-Windows systems
[0.280s] INFO:colcon.colcon_core.shell:Skip shell extension 'powershell' for command environment: Not usable outside of PowerShell
[0.280s] DEBUG:colcon.colcon_core.shell:Skip shell extension 'dsv' for command environment
[0.287s] INFO:colcon.colcon_ros.task.ament_cmake.build:Building ROS package in '/home/pheonix/ros2_ws/src/joystick_drivers/joy_linux' with build type 'ament_cmake'
[0.287s] INFO:colcon.colcon_cmake.task.cmake.build:Building CMake package in '/home/pheonix/ros2_ws/src/joystick_drivers/joy_linux'
[0.287s] INFO:colcon.colcon_core.shell:Skip shell extension 'powershell' for command environment: Not usable outside of PowerShell
[0.287s] DEBUG:colcon.colcon_core.shell:Skip shell extension 'dsv' for command environment
[0.315s] DEBUG:colcon.colcon_core.event_handler.log_command:Invoking command in '/home/pheonix/ros2_ws/build/joy_linux': CMAKE_PREFIX_PATH=/home/pheonix/ros2_ws/install/urdfdom_headers:/home/pheonix/ros2_ws/install/turtlesim:/home/pheonix/ros2_ws/install/test_msgs:/home/pheonix/ros2_ws/install/test_interface_files:/home/pheonix/ros2_ws/install/teleop_twist_joy:/home/pheonix/ros2_ws/install/statistics_msgs:/home/pheonix/ros2_ws/install/action_msgs:/home/pheonix/ros2_ws/install/service_msgs:/home/pheonix/ros2_ws/install/rosgraph_msgs:/home/pheonix/ros2_ws/install/rosbag2_test_common:/home/pheonix/ros2_ws/install/composition_interfaces:/home/pheonix/ros2_ws/install/rcl_interfaces:/home/pheonix/ros2_ws/install/lifecycle_msgs:/home/pheonix/ros2_ws/install/joy_linux:/home/pheonix/ros2_ws/install/type_description_interfaces:/home/pheonix/ros2_ws/install/test_launch_ros:/home/pheonix/ros2_ws/install/ros2launch:/home/pheonix/ros2_ws/install/launch_testing_ros:/home/pheonix/ros2_ws/install/launch_ros:/opt/ros/jazzy:/home/pheonix/ros2_ws/install/joy:/opt/ros/jazzy/opt/gz_sim_vendor:/opt/ros/jazzy/opt/gz_sensors_vendor:/opt/ros/jazzy/opt/gz_physics_vendor:/opt/ros/jazzy/opt/sdformat_vendor:/opt/ros/jazzy/opt/gz_gui_vendor:/opt/ros/jazzy/opt/gz_transport_vendor:/opt/ros/jazzy/opt/gz_rendering_vendor:/opt/ros/jazzy/opt/gz_plugin_vendor:/opt/ros/jazzy/opt/gz_fuel_tools_vendor:/opt/ros/jazzy/opt/gz_msgs_vendor:/opt/ros/jazzy/opt/gz_common_vendor:/opt/ros/jazzy/opt/gz_math_vendor:/opt/ros/jazzy/opt/gz_utils_vendor:/opt/ros/jazzy/opt/gz_tools_vendor:/opt/ros/jazzy/opt/gz_ogre_next_vendor:/opt/ros/jazzy/opt/gz_dartsim_vendor:/opt/ros/jazzy/opt/gz_cmake_vendor DEBUGINFOD_URLS=https://debuginfod.ubuntu.com /usr/bin/cmake --build /home/pheonix/ros2_ws/build/joy_linux -- -j2 -l2
[0.324s] DEBUG:colcon.colcon_core.event_handler.log_command:Invoking command in '/home/pheonix/ros2_ws/build/joy': CMAKE_PREFIX_PATH=/home/pheonix/ros2_ws/install/urdfdom_headers:/home/pheonix/ros2_ws/install/turtlesim:/home/pheonix/ros2_ws/install/test_msgs:/home/pheonix/ros2_ws/install/test_interface_files:/home/pheonix/ros2_ws/install/teleop_twist_joy:/home/pheonix/ros2_ws/install/statistics_msgs:/home/pheonix/ros2_ws/install/action_msgs:/home/pheonix/ros2_ws/install/service_msgs:/home/pheonix/ros2_ws/install/rosgraph_msgs:/home/pheonix/ros2_ws/install/rosbag2_test_common:/home/pheonix/ros2_ws/install/composition_interfaces:/home/pheonix/ros2_ws/install/rcl_interfaces:/home/pheonix/ros2_ws/install/lifecycle_msgs:/home/pheonix/ros2_ws/install/joy_linux:/home/pheonix/ros2_ws/install/type_description_interfaces:/home/pheonix/ros2_ws/install/test_launch_ros:/home/pheonix/ros2_ws/install/ros2launch:/home/pheonix/ros2_ws/install/launch_testing_ros:/home/pheonix/ros2_ws/install/launch_ros:/opt/ros/jazzy:/home/pheonix/ros2_ws/install/joy:/opt/ros/jazzy/opt/gz_sim_vendor:/opt/ros/jazzy/opt/gz_sensors_vendor:/opt/ros/jazzy/opt/gz_physics_vendor:/opt/ros/jazzy/opt/sdformat_vendor:/opt/ros/jazzy/opt/gz_gui_vendor:/opt/ros/jazzy/opt/gz_transport_vendor:/opt/ros/jazzy/opt/gz_rendering_vendor:/opt/ros/jazzy/opt/gz_plugin_vendor:/opt/ros/jazzy/opt/gz_fuel_tools_vendor:/opt/ros/jazzy/opt/gz_msgs_vendor:/opt/ros/jazzy/opt/gz_common_vendor:/opt/ros/jazzy/opt/gz_math_vendor:/opt/ros/jazzy/opt/gz_utils_vendor:/opt/ros/jazzy/opt/gz_tools_vendor:/opt/ros/jazzy/opt/gz_ogre_next_vendor:/opt/ros/jazzy/opt/gz_dartsim_vendor:/opt/ros/jazzy/opt/gz_cmake_vendor DEBUGINFOD_URLS=https://debuginfod.ubuntu.com /usr/bin/cmake --build /home/pheonix/ros2_ws/build/joy -- -j2 -l2
[0.459s] DEBUG:colcon.colcon_core.event_handler.log_command:Invoked command in '/home/pheonix/ros2_ws/build/joy_linux' returned '0': CMAKE_PREFIX_PATH=/home/pheonix/ros2_ws/install/urdfdom_headers:/home/pheonix/ros2_ws/install/turtlesim:/home/pheonix/ros2_ws/install/test_msgs:/home/pheonix/ros2_ws/install/test_interface_files:/home/pheonix/ros2_ws/install/teleop_twist_joy:/home/pheonix/ros2_ws/install/statistics_msgs:/home/pheonix/ros2_ws/install/action_msgs:/home/pheonix/ros2_ws/install/service_msgs:/home/pheonix/ros2_ws/install/rosgraph_msgs:/home/pheonix/ros2_ws/install/rosbag2_test_common:/home/pheonix/ros2_ws/install/composition_interfaces:/home/pheonix/ros2_ws/install/rcl_interfaces:/home/pheonix/ros2_ws/install/lifecycle_msgs:/home/pheonix/ros2_ws/install/joy_linux:/home/pheonix/ros2_ws/install/type_description_interfaces:/home/pheonix/ros2_ws/install/test_launch_ros:/home/pheonix/ros2_ws/install/ros2launch:/home/pheonix/ros2_ws/install/launch_testing_ros:/home/pheonix/ros2_ws/install/launch_ros:/opt/ros/jazzy:/home/pheonix/ros2_ws/install/joy:/opt/ros/jazzy/opt/gz_sim_vendor:/opt/ros/jazzy/opt/gz_sensors_vendor:/opt/ros/jazzy/opt/gz_physics_vendor:/opt/ros/jazzy/opt/sdformat_vendor:/opt/ros/jazzy/opt/gz_gui_vendor:/opt/ros/jazzy/opt/gz_transport_vendor:/opt/ros/jazzy/opt/gz_rendering_vendor:/opt/ros/jazzy/opt/gz_plugin_vendor:/opt/ros/jazzy/opt/gz_fuel_tools_vendor:/opt/ros/jazzy/opt/gz_msgs_vendor:/opt/ros/jazzy/opt/gz_common_vendor:/opt/ros/jazzy/opt/gz_math_vendor:/opt/ros/jazzy/opt/gz_utils_vendor:/opt/ros/jazzy/opt/gz_tools_vendor:/opt/ros/jazzy/opt/gz_ogre_next_vendor:/opt/ros/jazzy/opt/gz_dartsim_vendor:/opt/ros/jazzy/opt/gz_cmake_vendor DEBUGINFOD_URLS=https://debuginfod.ubuntu.com /usr/bin/cmake --build /home/pheonix/ros2_ws/build/joy_linux -- -j2 -l2
[0.562s] DEBUG:colcon.colcon_core.event_handler.log_command:Invoking command in '/home/pheonix/ros2_ws/build/joy_linux': CMAKE_PREFIX_PATH=/home/pheonix/ros2_ws/install/urdfdom_headers:/home/pheonix/ros2_ws/install/turtlesim:/home/pheonix/ros2_ws/install/test_msgs:/home/pheonix/ros2_ws/install/test_interface_files:/home/pheonix/ros2_ws/install/teleop_twist_joy:/home/pheonix/ros2_ws/install/statistics_msgs:/home/pheonix/ros2_ws/install/action_msgs:/home/pheonix/ros2_ws/install/service_msgs:/home/pheonix/ros2_ws/install/rosgraph_msgs:/home/pheonix/ros2_ws/install/rosbag2_test_common:/home/pheonix/ros2_ws/install/composition_interfaces:/home/pheonix/ros2_ws/install/rcl_interfaces:/home/pheonix/ros2_ws/install/lifecycle_msgs:/home/pheonix/ros2_ws/install/joy_linux:/home/pheonix/ros2_ws/install/type_description_interfaces:/home/pheonix/ros2_ws/install/test_launch_ros:/home/pheonix/ros2_ws/install/ros2launch:/home/pheonix/ros2_ws/install/launch_testing_ros:/home/pheonix/ros2_ws/install/launch_ros:/opt/ros/jazzy:/home/pheonix/ros2_ws/install/joy:/opt/ros/jazzy/opt/gz_sim_vendor:/opt/ros/jazzy/opt/gz_sensors_vendor:/opt/ros/jazzy/opt/gz_physics_vendor:/opt/ros/jazzy/opt/sdformat_vendor:/opt/ros/jazzy/opt/gz_gui_vendor:/opt/ros/jazzy/opt/gz_transport_vendor:/opt/ros/jazzy/opt/gz_rendering_vendor:/opt/ros/jazzy/opt/gz_plugin_vendor:/opt/ros/jazzy/opt/gz_fuel_tools_vendor:/opt/ros/jazzy/opt/gz_msgs_vendor:/opt/ros/jazzy/opt/gz_common_vendor:/opt/ros/jazzy/opt/gz_math_vendor:/opt/ros/jazzy/opt/gz_utils_vendor:/opt/ros/jazzy/opt/gz_tools_vendor:/opt/ros/jazzy/opt/gz_ogre_next_vendor:/opt/ros/jazzy/opt/gz_dartsim_vendor:/opt/ros/jazzy/opt/gz_cmake_vendor DEBUGINFOD_URLS=https://debuginfod.ubuntu.com /usr/bin/cmake --install /home/pheonix/ros2_ws/build/joy_linux
[0.572s] DEBUG:colcon.colcon_core.event_handler.log_command:Invoked command in '/home/pheonix/ros2_ws/build/joy' returned '0': CMAKE_PREFIX_PATH=/home/pheonix/ros2_ws/install/urdfdom_headers:/home/pheonix/ros2_ws/install/turtlesim:/home/pheonix/ros2_ws/install/test_msgs:/home/pheonix/ros2_ws/install/test_interface_files:/home/pheonix/ros2_ws/install/teleop_twist_joy:/home/pheonix/ros2_ws/install/statistics_msgs:/home/pheonix/ros2_ws/install/action_msgs:/home/pheonix/ros2_ws/install/service_msgs:/home/pheonix/ros2_ws/install/rosgraph_msgs:/home/pheonix/ros2_ws/install/rosbag2_test_common:/home/pheonix/ros2_ws/install/composition_interfaces:/home/pheonix/ros2_ws/install/rcl_interfaces:/home/pheonix/ros2_ws/install/lifecycle_msgs:/home/pheonix/ros2_ws/install/joy_linux:/home/pheonix/ros2_ws/install/type_description_interfaces:/home/pheonix/ros2_ws/install/test_launch_ros:/home/pheonix/ros2_ws/install/ros2launch:/home/pheonix/ros2_ws/install/launch_testing_ros:/home/pheonix/ros2_ws/install/launch_ros:/opt/ros/jazzy:/home/pheonix/ros2_ws/install/joy:/opt/ros/jazzy/opt/gz_sim_vendor:/opt/ros/jazzy/opt/gz_sensors_vendor:/opt/ros/jazzy/opt/gz_physics_vendor:/opt/ros/jazzy/opt/sdformat_vendor:/opt/ros/jazzy/opt/gz_gui_vendor:/opt/ros/jazzy/opt/gz_transport_vendor:/opt/ros/jazzy/opt/gz_rendering_vendor:/opt/ros/jazzy/opt/gz_plugin_vendor:/opt/ros/jazzy/opt/gz_fuel_tools_vendor:/opt/ros/jazzy/opt/gz_msgs_vendor:/opt/ros/jazzy/opt/gz_common_vendor:/opt/ros/jazzy/opt/gz_math_vendor:/opt/ros/jazzy/opt/gz_utils_vendor:/opt/ros/jazzy/opt/gz_tools_vendor:/opt/ros/jazzy/opt/gz_ogre_next_vendor:/opt/ros/jazzy/opt/gz_dartsim_vendor:/opt/ros/jazzy/opt/gz_cmake_vendor DEBUGINFOD_URLS=https://debuginfod.ubuntu.com /usr/bin/cmake --build /home/pheonix/ros2_ws/build/joy -- -j2 -l2
[0.590s] Level 1:colcon.colcon_core.environment:create_environment_scripts_only(joy_linux)
[0.591s] DEBUG:colcon.colcon_core.event_handler.log_command:Invoked command in '/home/pheonix/ros2_ws/build/joy_linux' returned '0': CMAKE_PREFIX_PATH=/home/pheonix/ros2_ws/install/urdfdom_headers:/home/pheonix/ros2_ws/install/turtlesim:/home/pheonix/ros2_ws/install/test_msgs:/home/pheonix/ros2_ws/install/test_interface_files:/home/pheonix/ros2_ws/install/teleop_twist_joy:/home/pheonix/ros2_ws/install/statistics_msgs:/home/pheonix/ros2_ws/install/action_msgs:/home/pheonix/ros2_ws/install/service_msgs:/home/pheonix/ros2_ws/install/rosgraph_msgs:/home/pheonix/ros2_ws/install/rosbag2_test_common:/home/pheonix/ros2_ws/install/composition_interfaces:/home/pheonix/ros2_ws/install/rcl_interfaces:/home/pheonix/ros2_ws/install/lifecycle_msgs:/home/pheonix/ros2_ws/install/joy_linux:/home/pheonix/ros2_ws/install/type_description_interfaces:/home/pheonix/ros2_ws/install/test_launch_ros:/home/pheonix/ros2_ws/install/ros2launch:/home/pheonix/ros2_ws/install/launch_testing_ros:/home/pheonix/ros2_ws/install/launch_ros:/opt/ros/jazzy:/home/pheonix/ros2_ws/install/joy:/opt/ros/jazzy/opt/gz_sim_vendor:/opt/ros/jazzy/opt/gz_sensors_vendor:/opt/ros/jazzy/opt/gz_physics_vendor:/opt/ros/jazzy/opt/sdformat_vendor:/opt/ros/jazzy/opt/gz_gui_vendor:/opt/ros/jazzy/opt/gz_transport_vendor:/opt/ros/jazzy/opt/gz_rendering_vendor:/opt/ros/jazzy/opt/gz_plugin_vendor:/opt/ros/jazzy/opt/gz_fuel_tools_vendor:/opt/ros/jazzy/opt/gz_msgs_vendor:/opt/ros/jazzy/opt/gz_common_vendor:/opt/ros/jazzy/opt/gz_math_vendor:/opt/ros/jazzy/opt/gz_utils_vendor:/opt/ros/jazzy/opt/gz_tools_vendor:/opt/ros/jazzy/opt/gz_ogre_next_vendor:/opt/ros/jazzy/opt/gz_dartsim_vendor:/opt/ros/jazzy/opt/gz_cmake_vendor DEBUGINFOD_URLS=https://debuginfod.ubuntu.com /usr/bin/cmake --install /home/pheonix/ros2_ws/build/joy_linux
[0.593s] Level 1:colcon.colcon_core.environment:checking '/home/pheonix/ros2_ws/install/joy_linux' for CMake module files
[0.594s] Level 1:colcon.colcon_core.environment:checking '/home/pheonix/ros2_ws/install/joy_linux' for CMake config files
[0.594s] Level 1:colcon.colcon_core.shell:create_environment_hook('joy_linux', 'cmake_prefix_path')
[0.594s] INFO:colcon.colcon_core.shell:Creating environment hook '/home/pheonix/ros2_ws/install/joy_linux/share/joy_linux/hook/cmake_prefix_path.ps1'
[0.598s] INFO:colcon.colcon_core.shell:Creating environment descriptor '/home/pheonix/ros2_ws/install/joy_linux/share/joy_linux/hook/cmake_prefix_path.dsv'
[0.600s] INFO:colcon.colcon_core.shell:Creating environment hook '/home/pheonix/ros2_ws/install/joy_linux/share/joy_linux/hook/cmake_prefix_path.sh'
[0.602s] Level 1:colcon.colcon_core.environment:checking '/home/pheonix/ros2_ws/install/joy_linux/lib'
[0.602s] Level 1:colcon.colcon_core.environment:checking '/home/pheonix/ros2_ws/install/joy_linux/bin'
[0.602s] Level 1:colcon.colcon_core.environment:checking '/home/pheonix/ros2_ws/install/joy_linux/lib/pkgconfig/joy_linux.pc'
[0.602s] Level 1:colcon.colcon_core.environment:checking '/home/pheonix/ros2_ws/install/joy_linux/lib/python3.12/site-packages'
[0.602s] Level 1:colcon.colcon_core.environment:checking '/home/pheonix/ros2_ws/install/joy_linux/bin'
[0.603s] INFO:colcon.colcon_core.shell:Creating package script '/home/pheonix/ros2_ws/install/joy_linux/share/joy_linux/package.ps1'
[0.603s] INFO:colcon.colcon_core.shell:Creating package descriptor '/home/pheonix/ros2_ws/install/joy_linux/share/joy_linux/package.dsv'
[0.606s] INFO:colcon.colcon_core.shell:Creating package script '/home/pheonix/ros2_ws/install/joy_linux/share/joy_linux/package.sh'
[0.607s] INFO:colcon.colcon_core.shell:Creating package script '/home/pheonix/ros2_ws/install/joy_linux/share/joy_linux/package.bash'
[0.608s] INFO:colcon.colcon_core.shell:Creating package script '/home/pheonix/ros2_ws/install/joy_linux/share/joy_linux/package.zsh'
[0.610s] Level 1:colcon.colcon_core.environment:create_file_with_runtime_dependencies(/home/pheonix/ros2_ws/install/joy_linux/share/colcon-core/packages/joy_linux)
[0.673s] Level 1:colcon.colcon_core.environment:create_environment_scripts_only(joy_linux)
[0.673s] Level 1:colcon.colcon_core.environment:checking '/home/pheonix/ros2_ws/install/joy_linux' for CMake module files
[0.674s] Level 1:colcon.colcon_core.environment:checking '/home/pheonix/ros2_ws/install/joy_linux' for CMake config files
[0.674s] Level 1:colcon.colcon_core.shell:create_environment_hook('joy_linux', 'cmake_prefix_path')
[0.674s] INFO:colcon.colcon_core.shell:Creating environment hook '/home/pheonix/ros2_ws/install/joy_linux/share/joy_linux/hook/cmake_prefix_path.ps1'
[0.675s] INFO:colcon.colcon_core.shell:Creating environment descriptor '/home/pheonix/ros2_ws/install/joy_linux/share/joy_linux/hook/cmake_prefix_path.dsv'
[0.675s] INFO:colcon.colcon_core.shell:Creating environment hook '/home/pheonix/ros2_ws/install/joy_linux/share/joy_linux/hook/cmake_prefix_path.sh'
[0.676s] Level 1:colcon.colcon_core.environment:checking '/home/pheonix/ros2_ws/install/joy_linux/lib'
[0.676s] Level 1:colcon.colcon_core.environment:checking '/home/pheonix/ros2_ws/install/joy_linux/bin'
[0.676s] Level 1:colcon.colcon_core.environment:checking '/home/pheonix/ros2_ws/install/joy_linux/lib/pkgconfig/joy_linux.pc'
[0.677s] Level 1:colcon.colcon_core.environment:checking '/home/pheonix/ros2_ws/install/joy_linux/lib/python3.12/site-packages'
[0.677s] Level 1:colcon.colcon_core.environment:checking '/home/pheonix/ros2_ws/install/joy_linux/bin'
[0.677s] INFO:colcon.colcon_core.shell:Creating package script '/home/pheonix/ros2_ws/install/joy_linux/share/joy_linux/package.ps1'
[0.678s] INFO:colcon.colcon_core.shell:Creating package descriptor '/home/pheonix/ros2_ws/install/joy_linux/share/joy_linux/package.dsv'
[0.678s] INFO:colcon.colcon_core.shell:Creating package script '/home/pheonix/ros2_ws/install/joy_linux/share/joy_linux/package.sh'
[0.679s] INFO:colcon.colcon_core.shell:Creating package script '/home/pheonix/ros2_ws/install/joy_linux/share/joy_linux/package.bash'
[0.680s] INFO:colcon.colcon_core.shell:Creating package script '/home/pheonix/ros2_ws/install/joy_linux/share/joy_linux/package.zsh'
[0.680s] Level 1:colcon.colcon_core.environment:create_file_with_runtime_dependencies(/home/pheonix/ros2_ws/install/joy_linux/share/colcon-core/packages/joy_linux)
[0.681s] INFO:colcon.colcon_ros.task.ament_cmake.build:Building ROS package in '/home/pheonix/ros2_ws/src/ros_tutorials/turtlesim' with build type 'ament_cmake'
[0.681s] INFO:colcon.colcon_cmake.task.cmake.build:Building CMake package in '/home/pheonix/ros2_ws/src/ros_tutorials/turtlesim'
[0.681s] INFO:colcon.colcon_core.shell:Skip shell extension 'powershell' for command environment: Not usable outside of PowerShell
[0.681s] DEBUG:colcon.colcon_core.shell:Skip shell extension 'dsv' for command environment
[0.694s] DEBUG:colcon.colcon_core.event_handler.log_command:Invoking command in '/home/pheonix/ros2_ws/build/joy': CMAKE_PREFIX_PATH=/home/pheonix/ros2_ws/install/urdfdom_headers:/home/pheonix/ros2_ws/install/turtlesim:/home/pheonix/ros2_ws/install/test_msgs:/home/pheonix/ros2_ws/install/test_interface_files:/home/pheonix/ros2_ws/install/teleop_twist_joy:/home/pheonix/ros2_ws/install/statistics_msgs:/home/pheonix/ros2_ws/install/action_msgs:/home/pheonix/ros2_ws/install/service_msgs:/home/pheonix/ros2_ws/install/rosgraph_msgs:/home/pheonix/ros2_ws/install/rosbag2_test_common:/home/pheonix/ros2_ws/install/composition_interfaces:/home/pheonix/ros2_ws/install/rcl_interfaces:/home/pheonix/ros2_ws/install/lifecycle_msgs:/home/pheonix/ros2_ws/install/joy_linux:/home/pheonix/ros2_ws/install/type_description_interfaces:/home/pheonix/ros2_ws/install/test_launch_ros:/home/pheonix/ros2_ws/install/ros2launch:/home/pheonix/ros2_ws/install/launch_testing_ros:/home/pheonix/ros2_ws/install/launch_ros:/opt/ros/jazzy:/home/pheonix/ros2_ws/install/joy:/opt/ros/jazzy/opt/gz_sim_vendor:/opt/ros/jazzy/opt/gz_sensors_vendor:/opt/ros/jazzy/opt/gz_physics_vendor:/opt/ros/jazzy/opt/sdformat_vendor:/opt/ros/jazzy/opt/gz_gui_vendor:/opt/ros/jazzy/opt/gz_transport_vendor:/opt/ros/jazzy/opt/gz_rendering_vendor:/opt/ros/jazzy/opt/gz_plugin_vendor:/opt/ros/jazzy/opt/gz_fuel_tools_vendor:/opt/ros/jazzy/opt/gz_msgs_vendor:/opt/ros/jazzy/opt/gz_common_vendor:/opt/ros/jazzy/opt/gz_math_vendor:/opt/ros/jazzy/opt/gz_utils_vendor:/opt/ros/jazzy/opt/gz_tools_vendor:/opt/ros/jazzy/opt/gz_ogre_next_vendor:/opt/ros/jazzy/opt/gz_dartsim_vendor:/opt/ros/jazzy/opt/gz_cmake_vendor DEBUGINFOD_URLS=https://debuginfod.ubuntu.com /usr/bin/cmake --install /home/pheonix/ros2_ws/build/joy
[0.722s] DEBUG:colcon.colcon_core.event_handler.log_command:Invoking command in '/home/pheonix/ros2_ws/build/turtlesim': CMAKE_PREFIX_PATH=/home/pheonix/ros2_ws/install/urdfdom_headers:/home/pheonix/ros2_ws/install/turtlesim:/home/pheonix/ros2_ws/install/test_msgs:/home/pheonix/ros2_ws/install/test_interface_files:/home/pheonix/ros2_ws/install/teleop_twist_joy:/home/pheonix/ros2_ws/install/statistics_msgs:/home/pheonix/ros2_ws/install/action_msgs:/home/pheonix/ros2_ws/install/service_msgs:/home/pheonix/ros2_ws/install/rosgraph_msgs:/home/pheonix/ros2_ws/install/rosbag2_test_common:/home/pheonix/ros2_ws/install/composition_interfaces:/home/pheonix/ros2_ws/install/rcl_interfaces:/home/pheonix/ros2_ws/install/lifecycle_msgs:/home/pheonix/ros2_ws/install/joy_linux:/home/pheonix/ros2_ws/install/type_description_interfaces:/home/pheonix/ros2_ws/install/test_launch_ros:/home/pheonix/ros2_ws/install/ros2launch:/home/pheonix/ros2_ws/install/launch_testing_ros:/home/pheonix/ros2_ws/install/launch_ros:/opt/ros/jazzy:/home/pheonix/ros2_ws/install/joy:/opt/ros/jazzy/opt/gz_sim_vendor:/opt/ros/jazzy/opt/gz_sensors_vendor:/opt/ros/jazzy/opt/gz_physics_vendor:/opt/ros/jazzy/opt/sdformat_vendor:/opt/ros/jazzy/opt/gz_gui_vendor:/opt/ros/jazzy/opt/gz_transport_vendor:/opt/ros/jazzy/opt/gz_rendering_vendor:/opt/ros/jazzy/opt/gz_plugin_vendor:/opt/ros/jazzy/opt/gz_fuel_tools_vendor:/opt/ros/jazzy/opt/gz_msgs_vendor:/opt/ros/jazzy/opt/gz_common_vendor:/opt/ros/jazzy/opt/gz_math_vendor:/opt/ros/jazzy/opt/gz_utils_vendor:/opt/ros/jazzy/opt/gz_tools_vendor:/opt/ros/jazzy/opt/gz_ogre_next_vendor:/opt/ros/jazzy/opt/gz_dartsim_vendor:/opt/ros/jazzy/opt/gz_cmake_vendor DEBUGINFOD_URLS=https://debuginfod.ubuntu.com /usr/bin/cmake --build /home/pheonix/ros2_ws/build/turtlesim -- -j2 -l2
[0.743s] Level 1:colcon.colcon_core.environment:create_environment_scripts_only(joy)
[0.744s] Level 1:colcon.colcon_core.environment:checking '/home/pheonix/ros2_ws/install/joy' for CMake module files
[0.744s] DEBUG:colcon.colcon_core.event_handler.log_command:Invoked command in '/home/pheonix/ros2_ws/build/joy' returned '0': CMAKE_PREFIX_PATH=/home/pheonix/ros2_ws/install/urdfdom_headers:/home/pheonix/ros2_ws/install/turtlesim:/home/pheonix/ros2_ws/install/test_msgs:/home/pheonix/ros2_ws/install/test_interface_files:/home/pheonix/ros2_ws/install/teleop_twist_joy:/home/pheonix/ros2_ws/install/statistics_msgs:/home/pheonix/ros2_ws/install/action_msgs:/home/pheonix/ros2_ws/install/service_msgs:/home/pheonix/ros2_ws/install/rosgraph_msgs:/home/pheonix/ros2_ws/install/rosbag2_test_common:/home/pheonix/ros2_ws/install/composition_interfaces:/home/pheonix/ros2_ws/install/rcl_interfaces:/home/pheonix/ros2_ws/install/lifecycle_msgs:/home/pheonix/ros2_ws/install/joy_linux:/home/pheonix/ros2_ws/install/type_description_interfaces:/home/pheonix/ros2_ws/install/test_launch_ros:/home/pheonix/ros2_ws/install/ros2launch:/home/pheonix/ros2_ws/install/launch_testing_ros:/home/pheonix/ros2_ws/install/launch_ros:/opt/ros/jazzy:/home/pheonix/ros2_ws/install/joy:/opt/ros/jazzy/opt/gz_sim_vendor:/opt/ros/jazzy/opt/gz_sensors_vendor:/opt/ros/jazzy/opt/gz_physics_vendor:/opt/ros/jazzy/opt/sdformat_vendor:/opt/ros/jazzy/opt/gz_gui_vendor:/opt/ros/jazzy/opt/gz_transport_vendor:/opt/ros/jazzy/opt/gz_rendering_vendor:/opt/ros/jazzy/opt/gz_plugin_vendor:/opt/ros/jazzy/opt/gz_fuel_tools_vendor:/opt/ros/jazzy/opt/gz_msgs_vendor:/opt/ros/jazzy/opt/gz_common_vendor:/opt/ros/jazzy/opt/gz_math_vendor:/opt/ros/jazzy/opt/gz_utils_vendor:/opt/ros/jazzy/opt/gz_tools_vendor:/opt/ros/jazzy/opt/gz_ogre_next_vendor:/opt/ros/jazzy/opt/gz_dartsim_vendor:/opt/ros/jazzy/opt/gz_cmake_vendor DEBUGINFOD_URLS=https://debuginfod.ubuntu.com /usr/bin/cmake --install /home/pheonix/ros2_ws/build/joy
[0.745s] Level 1:colcon.colcon_core.environment:checking '/home/pheonix/ros2_ws/install/joy' for CMake config files
[0.745s] Level 1:colcon.colcon_core.shell:create_environment_hook('joy', 'cmake_prefix_path')
[0.745s] INFO:colcon.colcon_core.shell:Creating environment hook '/home/pheonix/ros2_ws/install/joy/share/joy/hook/cmake_prefix_path.ps1'
[0.746s] INFO:colcon.colcon_core.shell:Creating environment descriptor '/home/pheonix/ros2_ws/install/joy/share/joy/hook/cmake_prefix_path.dsv'
[0.746s] INFO:colcon.colcon_core.shell:Creating environment hook '/home/pheonix/ros2_ws/install/joy/share/joy/hook/cmake_prefix_path.sh'
[0.747s] Level 1:colcon.colcon_core.environment:checking '/home/pheonix/ros2_ws/install/joy/lib'
[0.747s] Level 1:colcon.colcon_core.shell:create_environment_hook('joy', 'ld_library_path_lib')
[0.748s] INFO:colcon.colcon_core.shell:Creating environment hook '/home/pheonix/ros2_ws/install/joy/share/joy/hook/ld_library_path_lib.ps1'
[0.748s] INFO:colcon.colcon_core.shell:Creating environment descriptor '/home/pheonix/ros2_ws/install/joy/share/joy/hook/ld_library_path_lib.dsv'
[0.749s] INFO:colcon.colcon_core.shell:Creating environment hook '/home/pheonix/ros2_ws/install/joy/share/joy/hook/ld_library_path_lib.sh'
[0.750s] Level 1:colcon.colcon_core.environment:checking '/home/pheonix/ros2_ws/install/joy/bin'
[0.750s] Level 1:colcon.colcon_core.environment:checking '/home/pheonix/ros2_ws/install/joy/lib/pkgconfig/joy.pc'
[0.750s] Level 1:colcon.colcon_core.environment:checking '/home/pheonix/ros2_ws/install/joy/lib/python3.12/site-packages'
[0.750s] Level 1:colcon.colcon_core.environment:checking '/home/pheonix/ros2_ws/install/joy/bin'
[0.750s] INFO:colcon.colcon_core.shell:Creating package script '/home/pheonix/ros2_ws/install/joy/share/joy/package.ps1'
[0.751s] INFO:colcon.colcon_core.shell:Creating package descriptor '/home/pheonix/ros2_ws/install/joy/share/joy/package.dsv'
[0.751s] INFO:colcon.colcon_core.shell:Creating package script '/home/pheonix/ros2_ws/install/joy/share/joy/package.sh'
[0.752s] INFO:colcon.colcon_core.shell:Creating package script '/home/pheonix/ros2_ws/install/joy/share/joy/package.bash'
[0.752s] INFO:colcon.colcon_core.shell:Creating package script '/home/pheonix/ros2_ws/install/joy/share/joy/package.zsh'
[0.753s] Level 1:colcon.colcon_core.environment:create_file_with_runtime_dependencies(/home/pheonix/ros2_ws/install/joy/share/colcon-core/packages/joy)
[0.900s] DEBUG:colcon.colcon_core.event_handler.log_command:Invoked command in '/home/pheonix/ros2_ws/build/turtlesim' returned '2': CMAKE_PREFIX_PATH=/home/pheonix/ros2_ws/install/urdfdom_headers:/home/pheonix/ros2_ws/install/turtlesim:/home/pheonix/ros2_ws/install/test_msgs:/home/pheonix/ros2_ws/install/test_interface_files:/home/pheonix/ros2_ws/install/teleop_twist_joy:/home/pheonix/ros2_ws/install/statistics_msgs:/home/pheonix/ros2_ws/install/action_msgs:/home/pheonix/ros2_ws/install/service_msgs:/home/pheonix/ros2_ws/install/rosgraph_msgs:/home/pheonix/ros2_ws/install/rosbag2_test_common:/home/pheonix/ros2_ws/install/composition_interfaces:/home/pheonix/ros2_ws/install/rcl_interfaces:/home/pheonix/ros2_ws/install/lifecycle_msgs:/home/pheonix/ros2_ws/install/joy_linux:/home/pheonix/ros2_ws/install/type_description_interfaces:/home/pheonix/ros2_ws/install/test_launch_ros:/home/pheonix/ros2_ws/install/ros2launch:/home/pheonix/ros2_ws/install/launch_testing_ros:/home/pheonix/ros2_ws/install/launch_ros:/opt/ros/jazzy:/home/pheonix/ros2_ws/install/joy:/opt/ros/jazzy/opt/gz_sim_vendor:/opt/ros/jazzy/opt/gz_sensors_vendor:/opt/ros/jazzy/opt/gz_physics_vendor:/opt/ros/jazzy/opt/sdformat_vendor:/opt/ros/jazzy/opt/gz_gui_vendor:/opt/ros/jazzy/opt/gz_transport_vendor:/opt/ros/jazzy/opt/gz_rendering_vendor:/opt/ros/jazzy/opt/gz_plugin_vendor:/opt/ros/jazzy/opt/gz_fuel_tools_vendor:/opt/ros/jazzy/opt/gz_msgs_vendor:/opt/ros/jazzy/opt/gz_common_vendor:/opt/ros/jazzy/opt/gz_math_vendor:/opt/ros/jazzy/opt/gz_utils_vendor:/opt/ros/jazzy/opt/gz_tools_vendor:/opt/ros/jazzy/opt/gz_ogre_next_vendor:/opt/ros/jazzy/opt/gz_dartsim_vendor:/opt/ros/jazzy/opt/gz_cmake_vendor DEBUGINFOD_URLS=https://debuginfod.ubuntu.com /usr/bin/cmake --build /home/pheonix/ros2_ws/build/turtlesim -- -j2 -l2
[0.914s] Level 1:colcon.colcon_core.environment:create_environment_scripts_only(joy)
[0.915s] Level 1:colcon.colcon_core.environment:checking '/home/pheonix/ros2_ws/install/joy' for CMake module files
[0.915s] Level 1:colcon.colcon_core.environment:checking '/home/pheonix/ros2_ws/install/joy' for CMake config files
[0.915s] Level 1:colcon.colcon_core.shell:create_environment_hook('joy', 'cmake_prefix_path')
[0.916s] INFO:colcon.colcon_core.shell:Creating environment hook '/home/pheonix/ros2_ws/install/joy/share/joy/hook/cmake_prefix_path.ps1'
[0.917s] INFO:colcon.colcon_core.shell:Creating environment descriptor '/home/pheonix/ros2_ws/install/joy/share/joy/hook/cmake_prefix_path.dsv'
[0.918s] INFO:colcon.colcon_core.shell:Creating environment hook '/home/pheonix/ros2_ws/install/joy/share/joy/hook/cmake_prefix_path.sh'
[0.919s] Level 1:colcon.colcon_core.environment:checking '/home/pheonix/ros2_ws/install/joy/lib'
[0.919s] Level 1:colcon.colcon_core.shell:create_environment_hook('joy', 'ld_library_path_lib')
[0.920s] INFO:colcon.colcon_core.shell:Creating environment hook '/home/pheonix/ros2_ws/install/joy/share/joy/hook/ld_library_path_lib.ps1'
[0.920s] INFO:colcon.colcon_core.shell:Creating environment descriptor '/home/pheonix/ros2_ws/install/joy/share/joy/hook/ld_library_path_lib.dsv'
[0.921s] INFO:colcon.colcon_core.shell:Creating environment hook '/home/pheonix/ros2_ws/install/joy/share/joy/hook/ld_library_path_lib.sh'
[0.921s] Level 1:colcon.colcon_core.environment:checking '/home/pheonix/ros2_ws/install/joy/bin'
[0.921s] Level 1:colcon.colcon_core.environment:checking '/home/pheonix/ros2_ws/install/joy/lib/pkgconfig/joy.pc'
[0.922s] Level 1:colcon.colcon_core.environment:checking '/home/pheonix/ros2_ws/install/joy/lib/python3.12/site-packages'
[0.922s] Level 1:colcon.colcon_core.environment:checking '/home/pheonix/ros2_ws/install/joy/bin'
[0.922s] INFO:colcon.colcon_core.shell:Creating package script '/home/pheonix/ros2_ws/install/joy/share/joy/package.ps1'
[0.923s] INFO:colcon.colcon_core.shell:Creating package descriptor '/home/pheonix/ros2_ws/install/joy/share/joy/package.dsv'
[0.923s] INFO:colcon.colcon_core.shell:Creating package script '/home/pheonix/ros2_ws/install/joy/share/joy/package.sh'
[0.924s] INFO:colcon.colcon_core.shell:Creating package script '/home/pheonix/ros2_ws/install/joy/share/joy/package.bash'
[0.924s] INFO:colcon.colcon_core.shell:Creating package script '/home/pheonix/ros2_ws/install/joy/share/joy/package.zsh'
[0.925s] Level 1:colcon.colcon_core.environment:create_file_with_runtime_dependencies(/home/pheonix/ros2_ws/install/joy/share/colcon-core/packages/joy)
[0.925s] INFO:colcon.colcon_ros.task.ament_cmake.build:Building ROS package in '/home/pheonix/ros2_ws/src/teleop_twist_joy' with build type 'ament_cmake'
[0.926s] INFO:colcon.colcon_cmake.task.cmake.build:Building CMake package in '/home/pheonix/ros2_ws/src/teleop_twist_joy'
[0.926s] INFO:colcon.colcon_core.shell:Skip shell extension 'powershell' for command environment: Not usable outside of PowerShell
[0.926s] DEBUG:colcon.colcon_core.shell:Skip shell extension 'dsv' for command environment
[0.976s] DEBUG:colcon.colcon_core.event_handler.log_command:Invoking command in '/home/pheonix/ros2_ws/build/teleop_twist_joy': CMAKE_PREFIX_PATH=/home/pheonix/ros2_ws/install/type_description_interfaces:/home/pheonix/ros2_ws/install/test_launch_ros:/home/pheonix/ros2_ws/install/ros2launch:/home/pheonix/ros2_ws/install/launch_testing_ros:/home/pheonix/ros2_ws/install/launch_ros:/opt/ros/jazzy:/home/pheonix/ros2_ws/install/joy:/home/pheonix/ros2_ws/install/urdfdom_headers:/home/pheonix/ros2_ws/install/turtlesim:/home/pheonix/ros2_ws/install/test_msgs:/home/pheonix/ros2_ws/install/test_interface_files:/home/pheonix/ros2_ws/install/teleop_twist_joy:/home/pheonix/ros2_ws/install/statistics_msgs:/home/pheonix/ros2_ws/install/action_msgs:/home/pheonix/ros2_ws/install/service_msgs:/home/pheonix/ros2_ws/install/rosgraph_msgs:/home/pheonix/ros2_ws/install/rosbag2_test_common:/home/pheonix/ros2_ws/install/composition_interfaces:/home/pheonix/ros2_ws/install/rcl_interfaces:/home/pheonix/ros2_ws/install/lifecycle_msgs:/home/pheonix/ros2_ws/install/joy_linux:/opt/ros/jazzy/opt/gz_sim_vendor:/opt/ros/jazzy/opt/gz_sensors_vendor:/opt/ros/jazzy/opt/gz_physics_vendor:/opt/ros/jazzy/opt/sdformat_vendor:/opt/ros/jazzy/opt/gz_gui_vendor:/opt/ros/jazzy/opt/gz_transport_vendor:/opt/ros/jazzy/opt/gz_rendering_vendor:/opt/ros/jazzy/opt/gz_plugin_vendor:/opt/ros/jazzy/opt/gz_fuel_tools_vendor:/opt/ros/jazzy/opt/gz_msgs_vendor:/opt/ros/jazzy/opt/gz_common_vendor:/opt/ros/jazzy/opt/gz_math_vendor:/opt/ros/jazzy/opt/gz_utils_vendor:/opt/ros/jazzy/opt/gz_tools_vendor:/opt/ros/jazzy/opt/gz_ogre_next_vendor:/opt/ros/jazzy/opt/gz_dartsim_vendor:/opt/ros/jazzy/opt/gz_cmake_vendor DEBUGINFOD_URLS=https://debuginfod.ubuntu.com LD_LIBRARY_PATH=/home/pheonix/ros2_ws/install/joy/lib:/home/pheonix/ros2_ws/install/type_description_interfaces/lib:/home/pheonix/ros2_ws/install/turtlesim/lib:/home/pheonix/ros2_ws/install/test_msgs/lib:/home/pheonix/ros2_ws/install/teleop_twist_joy/lib:/home/pheonix/ros2_ws/install/statistics_msgs/lib:/home/pheonix/ros2_ws/install/action_msgs/lib:/home/pheonix/ros2_ws/install/service_msgs/lib:/home/pheonix/ros2_ws/install/rosgraph_msgs/lib:/home/pheonix/ros2_ws/install/composition_interfaces/lib:/home/pheonix/ros2_ws/install/rcl_interfaces/lib:/home/pheonix/ros2_ws/install/lifecycle_msgs/lib:/opt/ros/jazzy/opt/gz_sim_vendor/lib:/opt/ros/jazzy/opt/gz_sensors_vendor/lib:/opt/ros/jazzy/opt/gz_physics_vendor/lib:/opt/ros/jazzy/opt/sdformat_vendor/lib:/opt/ros/jazzy/opt/rviz_ogre_vendor/lib:/opt/ros/jazzy/lib/x86_64-linux-gnu:/opt/ros/jazzy/opt/gz_gui_vendor/lib:/opt/ros/jazzy/opt/gz_transport_vendor/lib:/opt/ros/jazzy/opt/gz_rendering_vendor/lib:/opt/ros/jazzy/opt/gz_plugin_vendor/lib:/opt/ros/jazzy/opt/gz_fuel_tools_vendor/lib:/opt/ros/jazzy/opt/gz_msgs_vendor/lib:/opt/ros/jazzy/opt/gz_common_vendor/lib:/opt/ros/jazzy/opt/gz_math_vendor/lib:/opt/ros/jazzy/opt/gz_utils_vendor/lib:/opt/ros/jazzy/opt/gz_tools_vendor/lib:/opt/ros/jazzy/opt/gz_ogre_next_vendor/lib:/opt/ros/jazzy/opt/gz_dartsim_vendor/lib:/opt/ros/jazzy/opt/gz_cmake_vendor/lib:/opt/ros/jazzy/lib /usr/bin/cmake /home/pheonix/ros2_ws/src/teleop_twist_joy -DAMENT_CMAKE_SYMLINK_INSTALL=1 -DCMAKE_INSTALL_PREFIX=/home/pheonix/ros2_ws/install/teleop_twist_joy
[1.750s] Level 1:colcon.colcon_core.environment:create_environment_scripts_only(turtlesim)
[1.750s] Level 1:colcon.colcon_core.environment:checking '/home/pheonix/ros2_ws/install/turtlesim' for CMake module files
[1.751s] Level 1:colcon.colcon_core.environment:checking '/home/pheonix/ros2_ws/install/turtlesim' for CMake config files
[1.751s] Level 1:colcon.colcon_core.shell:create_environment_hook('turtlesim', 'cmake_prefix_path')
[1.751s] INFO:colcon.colcon_core.shell:Creating environment hook '/home/pheonix/ros2_ws/install/turtlesim/share/turtlesim/hook/cmake_prefix_path.ps1'
[1.752s] INFO:colcon.colcon_core.shell:Creating environment descriptor '/home/pheonix/ros2_ws/install/turtlesim/share/turtlesim/hook/cmake_prefix_path.dsv'
[1.753s] INFO:colcon.colcon_core.shell:Creating environment hook '/home/pheonix/ros2_ws/install/turtlesim/share/turtlesim/hook/cmake_prefix_path.sh'
[1.754s] Level 1:colcon.colcon_core.environment:checking '/home/pheonix/ros2_ws/install/turtlesim/lib'
[1.754s] Level 1:colcon.colcon_core.shell:create_environment_hook('turtlesim', 'ld_library_path_lib')
[1.754s] INFO:colcon.colcon_core.shell:Creating environment hook '/home/pheonix/ros2_ws/install/turtlesim/share/turtlesim/hook/ld_library_path_lib.ps1'
[1.755s] INFO:colcon.colcon_core.shell:Creating environment descriptor '/home/pheonix/ros2_ws/install/turtlesim/share/turtlesim/hook/ld_library_path_lib.dsv'
[1.756s] INFO:colcon.colcon_core.shell:Creating environment hook '/home/pheonix/ros2_ws/install/turtlesim/share/turtlesim/hook/ld_library_path_lib.sh'
[1.756s] Level 1:colcon.colcon_core.environment:checking '/home/pheonix/ros2_ws/install/turtlesim/bin'
[1.757s] Level 1:colcon.colcon_core.environment:checking '/home/pheonix/ros2_ws/install/turtlesim/lib/pkgconfig/turtlesim.pc'
[1.757s] Level 1:colcon.colcon_core.environment:checking '/home/pheonix/ros2_ws/install/turtlesim/lib/python3.12/site-packages'
[1.757s] Level 1:colcon.colcon_core.shell:create_environment_hook('turtlesim', 'pythonpath')
[1.757s] INFO:colcon.colcon_core.shell:Creating environment hook '/home/pheonix/ros2_ws/install/turtlesim/share/turtlesim/hook/pythonpath.ps1'
[1.758s] INFO:colcon.colcon_core.shell:Creating environment descriptor '/home/pheonix/ros2_ws/install/turtlesim/share/turtlesim/hook/pythonpath.dsv'
[1.758s] INFO:colcon.colcon_core.shell:Creating environment hook '/home/pheonix/ros2_ws/install/turtlesim/share/turtlesim/hook/pythonpath.sh'
[1.760s] Level 1:colcon.colcon_core.environment:checking '/home/pheonix/ros2_ws/install/turtlesim/bin'
[1.760s] INFO:colcon.colcon_core.shell:Creating package script '/home/pheonix/ros2_ws/install/turtlesim/share/turtlesim/package.ps1'
[1.761s] INFO:colcon.colcon_core.shell:Creating package descriptor '/home/pheonix/ros2_ws/install/turtlesim/share/turtlesim/package.dsv'
[1.762s] INFO:colcon.colcon_core.shell:Creating package script '/home/pheonix/ros2_ws/install/turtlesim/share/turtlesim/package.sh'
[1.763s] INFO:colcon.colcon_core.shell:Creating package script '/home/pheonix/ros2_ws/install/turtlesim/share/turtlesim/package.bash'
[1.764s] INFO:colcon.colcon_core.shell:Creating package script '/home/pheonix/ros2_ws/install/turtlesim/share/turtlesim/package.zsh'
[1.765s] Level 1:colcon.colcon_core.environment:create_file_with_runtime_dependencies(/home/pheonix/ros2_ws/install/turtlesim/share/colcon-core/packages/turtlesim)
[2.300s] DEBUG:colcon.colcon_parallel_executor.executor.parallel:closing loop
[2.300s] DEBUG:colcon.colcon_parallel_executor.executor.parallel:loop closed
[2.300s] DEBUG:colcon.colcon_parallel_executor.executor.parallel:run_until_complete finished with '2'
[2.300s] DEBUG:colcon.colcon_core.event_reactor:joining thread
[2.306s] INFO:colcon.colcon_core.plugin_system:Skipping extension 'colcon_notification.desktop_notification.terminal_notifier': Not used on non-Darwin systems
[2.306s] INFO:colcon.colcon_core.plugin_system:Skipping extension 'colcon_notification.desktop_notification.win32': Not used on non-Windows systems
[2.306s] INFO:colcon.colcon_notification.desktop_notification:Sending desktop notification using 'notify2'
[2.338s] DEBUG:colcon.colcon_core.event_reactor:joined thread
[2.338s] INFO:colcon.colcon_core.shell:Creating prefix script '/home/pheonix/ros2_ws/install/local_setup.ps1'
[2.339s] INFO:colcon.colcon_core.shell:Creating prefix util module '/home/pheonix/ros2_ws/install/_local_setup_util_ps1.py'
[2.341s] INFO:colcon.colcon_core.shell:Creating prefix chain script '/home/pheonix/ros2_ws/install/setup.ps1'
[2.343s] INFO:colcon.colcon_core.shell:Creating prefix script '/home/pheonix/ros2_ws/install/local_setup.sh'
[2.344s] INFO:colcon.colcon_core.shell:Creating prefix util module '/home/pheonix/ros2_ws/install/_local_setup_util_sh.py'
[2.345s] INFO:colcon.colcon_core.shell:Creating prefix chain script '/home/pheonix/ros2_ws/install/setup.sh'
[2.347s] INFO:colcon.colcon_core.shell:Creating prefix script '/home/pheonix/ros2_ws/install/local_setup.bash'
[2.348s] INFO:colcon.colcon_core.shell:Creating prefix chain script '/home/pheonix/ros2_ws/install/setup.bash'
[2.350s] INFO:colcon.colcon_core.shell:Creating prefix script '/home/pheonix/ros2_ws/install/local_setup.zsh'
[2.350s] INFO:colcon.colcon_core.shell:Creating prefix chain script '/home/pheonix/ros2_ws/install/setup.zsh'
