-- The C compiler identification is GNU 13.2.0
-- The CXX compiler identification is GNU 13.2.0
-- Detecting C compiler ABI info
-- Detecting C compiler ABI info - done
-- Check for working C compiler: /usr/bin/cc - skipped
-- Detecting C compile features
-- Detecting C compile features - done
-- Detecting CXX compiler ABI info
-- Detecting CXX compiler ABI info - done
-- Check for working CXX compiler: /usr/bin/c++ - skipped
-- Detecting CXX compile features
-- Detecting CXX compile features - done
-- Found ament_cmake: 2.5.2 (/opt/ros/jazzy/share/ament_cmake/cmake)
-- Found Python3: /usr/bin/python3 (found version "3.12.3") found components: Interpreter 
-- Found builtin_interfaces: 2.0.2 (/opt/ros/jazzy/share/builtin_interfaces/cmake)
-- Found rosidl_generator_c: 4.6.3 (/opt/ros/jazzy/share/rosidl_generator_c/cmake)
-- Found rosidl_generator_cpp: 4.6.3 (/opt/ros/jazzy/share/rosidl_generator_cpp/cmake)
-- Using all available rosidl_typesupport_c: rosidl_typesupport_fastrtps_c;rosidl_typesupport_introspection_c
-- Using all available rosidl_typesupport_cpp: rosidl_typesupport_fastrtps_cpp;rosidl_typesupport_introspection_cpp
-- Found rosidl_core_generators: 0.2.0 (/opt/ros/jazzy/share/rosidl_core_generators/cmake)
-- Found rosidl_adapter: 4.6.3 (/opt/ros/jazzy/share/rosidl_adapter/cmake)
-- Found unique_identifier_msgs: 2.5.0 (/opt/ros/jazzy/share/unique_identifier_msgs/cmake)
-- Found ament_cmake_cppcheck: 0.17.1 (/opt/ros/jazzy/share/ament_cmake_cppcheck/cmake)
-- Found ament_cmake_cpplint: 0.17.1 (/opt/ros/jazzy/share/ament_cmake_cpplint/cmake)
-- Found ament_cmake_uncrustify: 0.17.1 (/opt/ros/jazzy/share/ament_cmake_uncrustify/cmake)
-- Found ament_cmake_ros: 0.12.0 (/opt/ros/jazzy/share/ament_cmake_ros/cmake)
-- Using all available rosidl_typesupport_c: rosidl_typesupport_fastrtps_c;rosidl_typesupport_introspection_c
-- Using all available rosidl_typesupport_cpp: rosidl_typesupport_fastrtps_cpp;rosidl_typesupport_introspection_cpp
-- Found python_cmake_module: 0.11.1 (/opt/ros/jazzy/share/python_cmake_module/cmake)
-- Found PythonExtra: /usr/bin/python3  
-- Found Python3: /usr/bin/python3 (found version "3.12.3") found components: Interpreter Development NumPy Development.Module Development.Embed 
-- Found ament_cmake_flake8: 0.17.1 (/opt/ros/jazzy/share/ament_cmake_flake8/cmake)
-- Found ament_cmake_pep257: 0.17.1 (/opt/ros/jazzy/share/ament_cmake_pep257/cmake)
-- Found ament_lint_auto: 0.17.1 (/opt/ros/jazzy/share/ament_lint_auto/cmake)
-- Added test 'copyright' to check source files copyright and LICENSE
-- Added test 'lint_cmake' to check CMake code style
-- Added test 'xmllint' to check XML markup files
-- Configuring done (5.5s)
-- Generating done (0.0s)
-- Build files have been written to: /home/pheonix/ros2_ws/build/action_msgs
[  1%] [34m[1mGenerating type hashes for ROS interfaces[0m
[  1%] Built target action_msgs__rosidl_generator_type_description
[  1%] Built target ament_cmake_python_copy_action_msgs
[  3%] [34m[1mGenerating C++ code for ROS interfaces[0m
[  3%] Built target action_msgs__cpp
[  4%] [34m[1mGenerating C code for ROS interfaces[0m
[  6%] [32mBuilding C object CMakeFiles/action_msgs__rosidl_generator_c.dir/rosidl_generator_c/action_msgs/msg/detail/goal_info__description.c.o[0m
[  7%] [32mBuilding C object CMakeFiles/action_msgs__rosidl_generator_c.dir/rosidl_generator_c/action_msgs/msg/detail/goal_info__functions.c.o[0m
[  9%] [32mBuilding C object CMakeFiles/action_msgs__rosidl_generator_c.dir/rosidl_generator_c/action_msgs/msg/detail/goal_info__type_support.c.o[0m
[ 10%] [32mBuilding C object CMakeFiles/action_msgs__rosidl_generator_c.dir/rosidl_generator_c/action_msgs/msg/detail/goal_status__description.c.o[0m
[ 12%] [32mBuilding C object CMakeFiles/action_msgs__rosidl_generator_c.dir/rosidl_generator_c/action_msgs/msg/detail/goal_status__functions.c.o[0m
[ 14%] [32mBuilding C object CMakeFiles/action_msgs__rosidl_generator_c.dir/rosidl_generator_c/action_msgs/msg/detail/goal_status__type_support.c.o[0m
[ 15%] [32mBuilding C object CMakeFiles/action_msgs__rosidl_generator_c.dir/rosidl_generator_c/action_msgs/msg/detail/goal_status_array__description.c.o[0m
[ 17%] [32mBuilding C object CMakeFiles/action_msgs__rosidl_generator_c.dir/rosidl_generator_c/action_msgs/msg/detail/goal_status_array__functions.c.o[0m
[ 18%] [32mBuilding C object CMakeFiles/action_msgs__rosidl_generator_c.dir/rosidl_generator_c/action_msgs/msg/detail/goal_status_array__type_support.c.o[0m
[ 20%] [32mBuilding C object CMakeFiles/action_msgs__rosidl_generator_c.dir/rosidl_generator_c/action_msgs/srv/detail/cancel_goal__description.c.o[0m
[ 21%] [32mBuilding C object CMakeFiles/action_msgs__rosidl_generator_c.dir/rosidl_generator_c/action_msgs/srv/detail/cancel_goal__functions.c.o[0m
[ 23%] [32mBuilding C object CMakeFiles/action_msgs__rosidl_generator_c.dir/rosidl_generator_c/action_msgs/srv/detail/cancel_goal__type_support.c.o[0m
[ 25%] [32m[1mLinking C shared library libaction_msgs__rosidl_generator_c.so[0m
[ 25%] Built target action_msgs__rosidl_generator_c
running egg_info
creating action_msgs.egg-info
writing action_msgs.egg-info/PKG-INFO
writing dependency_links to action_msgs.egg-info/dependency_links.txt
writing top-level names to action_msgs.egg-info/top_level.txt
writing manifest file 'action_msgs.egg-info/SOURCES.txt'
reading manifest file 'action_msgs.egg-info/SOURCES.txt'
writing manifest file 'action_msgs.egg-info/SOURCES.txt'
[ 25%] Built target ament_cmake_python_build_action_msgs_egg
[ 26%] [34m[1mGenerating C++ type support dispatch for ROS interfaces[0m
[ 28%] [32mBuilding CXX object CMakeFiles/action_msgs__rosidl_typesupport_cpp.dir/rosidl_typesupport_cpp/action_msgs/msg/goal_info__type_support.cpp.o[0m
[ 29%] [32mBuilding CXX object CMakeFiles/action_msgs__rosidl_typesupport_cpp.dir/rosidl_typesupport_cpp/action_msgs/msg/goal_status__type_support.cpp.o[0m
[ 31%] [32mBuilding CXX object CMakeFiles/action_msgs__rosidl_typesupport_cpp.dir/rosidl_typesupport_cpp/action_msgs/msg/goal_status_array__type_support.cpp.o[0m
[ 32%] [32mBuilding CXX object CMakeFiles/action_msgs__rosidl_typesupport_cpp.dir/rosidl_typesupport_cpp/action_msgs/srv/cancel_goal__type_support.cpp.o[0m
[ 34%] [32m[1mLinking CXX shared library libaction_msgs__rosidl_typesupport_cpp.so[0m
[ 34%] Built target action_msgs__rosidl_typesupport_cpp
[ 35%] [34m[1mGenerating C type support for eProsima Fast-RTPS[0m
[ 37%] [32mBuilding CXX object CMakeFiles/action_msgs__rosidl_typesupport_fastrtps_c.dir/rosidl_typesupport_fastrtps_c/action_msgs/msg/detail/goal_info__type_support_c.cpp.o[0m
[ 39%] [32mBuilding CXX object CMakeFiles/action_msgs__rosidl_typesupport_fastrtps_c.dir/rosidl_typesupport_fastrtps_c/action_msgs/msg/detail/goal_status__type_support_c.cpp.o[0m
[ 40%] [32mBuilding CXX object CMakeFiles/action_msgs__rosidl_typesupport_fastrtps_c.dir/rosidl_typesupport_fastrtps_c/action_msgs/msg/detail/goal_status_array__type_support_c.cpp.o[0m
[ 42%] [32mBuilding CXX object CMakeFiles/action_msgs__rosidl_typesupport_fastrtps_c.dir/rosidl_typesupport_fastrtps_c/action_msgs/srv/detail/cancel_goal__type_support_c.cpp.o[0m
[ 43%] [32m[1mLinking CXX shared library libaction_msgs__rosidl_typesupport_fastrtps_c.so[0m
[ 43%] Built target action_msgs__rosidl_typesupport_fastrtps_c
[ 45%] [34m[1mGenerating C++ type support for eProsima Fast-RTPS[0m
[ 46%] [32mBuilding CXX object CMakeFiles/action_msgs__rosidl_typesupport_fastrtps_cpp.dir/rosidl_typesupport_fastrtps_cpp/action_msgs/msg/detail/dds_fastrtps/goal_info__type_support.cpp.o[0m
[ 48%] [32mBuilding CXX object CMakeFiles/action_msgs__rosidl_typesupport_fastrtps_cpp.dir/rosidl_typesupport_fastrtps_cpp/action_msgs/msg/detail/dds_fastrtps/goal_status__type_support.cpp.o[0m
[ 50%] [32mBuilding CXX object CMakeFiles/action_msgs__rosidl_typesupport_fastrtps_cpp.dir/rosidl_typesupport_fastrtps_cpp/action_msgs/msg/detail/dds_fastrtps/goal_status_array__type_support.cpp.o[0m
[ 51%] [32mBuilding CXX object CMakeFiles/action_msgs__rosidl_typesupport_fastrtps_cpp.dir/rosidl_typesupport_fastrtps_cpp/action_msgs/srv/detail/dds_fastrtps/cancel_goal__type_support.cpp.o[0m
[ 53%] [32m[1mLinking CXX shared library libaction_msgs__rosidl_typesupport_fastrtps_cpp.so[0m
[ 53%] Built target action_msgs__rosidl_typesupport_fastrtps_cpp
[ 54%] [34m[1mGenerating C introspection for ROS interfaces[0m
[ 56%] [32mBuilding C object CMakeFiles/action_msgs__rosidl_typesupport_introspection_c.dir/rosidl_typesupport_introspection_c/action_msgs/msg/detail/goal_info__type_support.c.o[0m
[ 57%] [32mBuilding C object CMakeFiles/action_msgs__rosidl_typesupport_introspection_c.dir/rosidl_typesupport_introspection_c/action_msgs/msg/detail/goal_status__type_support.c.o[0m
[ 59%] [32mBuilding C object CMakeFiles/action_msgs__rosidl_typesupport_introspection_c.dir/rosidl_typesupport_introspection_c/action_msgs/msg/detail/goal_status_array__type_support.c.o[0m
[ 60%] [32mBuilding C object CMakeFiles/action_msgs__rosidl_typesupport_introspection_c.dir/rosidl_typesupport_introspection_c/action_msgs/srv/detail/cancel_goal__type_support.c.o[0m
[ 62%] [32m[1mLinking C shared library libaction_msgs__rosidl_typesupport_introspection_c.so[0m
[ 62%] Built target action_msgs__rosidl_typesupport_introspection_c
[ 64%] [34m[1mGenerating C type support dispatch for ROS interfaces[0m
[ 65%] [32mBuilding CXX object CMakeFiles/action_msgs__rosidl_typesupport_c.dir/rosidl_typesupport_c/action_msgs/msg/goal_info__type_support.cpp.o[0m
[ 67%] [32mBuilding CXX object CMakeFiles/action_msgs__rosidl_typesupport_c.dir/rosidl_typesupport_c/action_msgs/msg/goal_status__type_support.cpp.o[0m
[ 68%] [32mBuilding CXX object CMakeFiles/action_msgs__rosidl_typesupport_c.dir/rosidl_typesupport_c/action_msgs/msg/goal_status_array__type_support.cpp.o[0m
[ 70%] [32mBuilding CXX object CMakeFiles/action_msgs__rosidl_typesupport_c.dir/rosidl_typesupport_c/action_msgs/srv/cancel_goal__type_support.cpp.o[0m
[ 71%] [32m[1mLinking CXX shared library libaction_msgs__rosidl_typesupport_c.so[0m
[ 71%] Built target action_msgs__rosidl_typesupport_c
[ 73%] [34m[1mGenerating C++ introspection for ROS interfaces[0m
[ 75%] [32mBuilding CXX object CMakeFiles/action_msgs__rosidl_typesupport_introspection_cpp.dir/rosidl_typesupport_introspection_cpp/action_msgs/msg/detail/goal_info__type_support.cpp.o[0m
[ 76%] [32mBuilding CXX object CMakeFiles/action_msgs__rosidl_typesupport_introspection_cpp.dir/rosidl_typesupport_introspection_cpp/action_msgs/msg/detail/goal_status__type_support.cpp.o[0m
[ 78%] [32mBuilding CXX object CMakeFiles/action_msgs__rosidl_typesupport_introspection_cpp.dir/rosidl_typesupport_introspection_cpp/action_msgs/msg/detail/goal_status_array__type_support.cpp.o[0m
[ 79%] [32mBuilding CXX object CMakeFiles/action_msgs__rosidl_typesupport_introspection_cpp.dir/rosidl_typesupport_introspection_cpp/action_msgs/srv/detail/cancel_goal__type_support.cpp.o[0m
[ 81%] [32m[1mLinking CXX shared library libaction_msgs__rosidl_typesupport_introspection_cpp.so[0m
[ 81%] Built target action_msgs__rosidl_typesupport_introspection_cpp
[ 81%] Built target action_msgs
[ 82%] [34m[1mGenerating Python code for ROS interfaces[0m
[ 82%] Built target action_msgs__py
[ 84%] [32mBuilding C object CMakeFiles/action_msgs__rosidl_generator_py.dir/rosidl_generator_py/action_msgs/msg/_goal_info_s.c.o[0m
[ 85%] [32mBuilding C object CMakeFiles/action_msgs__rosidl_generator_py.dir/rosidl_generator_py/action_msgs/msg/_goal_status_s.c.o[0m
[ 87%] [32mBuilding C object CMakeFiles/action_msgs__rosidl_generator_py.dir/rosidl_generator_py/action_msgs/msg/_goal_status_array_s.c.o[0m
[ 89%] [32mBuilding C object CMakeFiles/action_msgs__rosidl_generator_py.dir/rosidl_generator_py/action_msgs/srv/_cancel_goal_s.c.o[0m
[ 90%] [32m[1mLinking C shared library libaction_msgs__rosidl_generator_py.so[0m
[ 90%] Built target action_msgs__rosidl_generator_py
[ 92%] [32mBuilding C object CMakeFiles/action_msgs_s__rosidl_typesupport_fastrtps_c.dir/rosidl_generator_py/action_msgs/_action_msgs_s.ep.rosidl_typesupport_fastrtps_c.c.o[0m
[ 93%] [32m[1mLinking C shared module rosidl_generator_py/action_msgs/action_msgs_s__rosidl_typesupport_fastrtps_c.so[0m
[ 93%] Built target action_msgs_s__rosidl_typesupport_fastrtps_c
[ 95%] [32mBuilding C object CMakeFiles/action_msgs_s__rosidl_typesupport_introspection_c.dir/rosidl_generator_py/action_msgs/_action_msgs_s.ep.rosidl_typesupport_introspection_c.c.o[0m
[ 96%] [32m[1mLinking C shared module rosidl_generator_py/action_msgs/action_msgs_s__rosidl_typesupport_introspection_c.so[0m
[ 96%] Built target action_msgs_s__rosidl_typesupport_introspection_c
[ 98%] [32mBuilding C object CMakeFiles/action_msgs_s__rosidl_typesupport_c.dir/rosidl_generator_py/action_msgs/_action_msgs_s.ep.rosidl_typesupport_c.c.o[0m
[100%] [32m[1mLinking C shared module rosidl_generator_py/action_msgs/action_msgs_s__rosidl_typesupport_c.so[0m
[100%] Built target action_msgs_s__rosidl_typesupport_c
-- Install configuration: ""
-- Installing: /home/pheonix/ros2_ws/install/action_msgs/share/ament_index/resource_index/rosidl_interfaces/action_msgs
-- Installing: /home/pheonix/ros2_ws/install/action_msgs/share/action_msgs/msg/GoalInfo.json
-- Installing: /home/pheonix/ros2_ws/install/action_msgs/share/action_msgs/msg/GoalStatus.json
-- Installing: /home/pheonix/ros2_ws/install/action_msgs/share/action_msgs/msg/GoalStatusArray.json
-- Installing: /home/pheonix/ros2_ws/install/action_msgs/share/action_msgs/srv/CancelGoal.json
-- Installing: /home/pheonix/ros2_ws/install/action_msgs/include/action_msgs/action_msgs
-- Installing: /home/pheonix/ros2_ws/install/action_msgs/include/action_msgs/action_msgs/msg
-- Installing: /home/pheonix/ros2_ws/install/action_msgs/include/action_msgs/action_msgs/msg/goal_status.h
-- Installing: /home/pheonix/ros2_ws/install/action_msgs/include/action_msgs/action_msgs/msg/rosidl_generator_c__visibility_control.h
-- Installing: /home/pheonix/ros2_ws/install/action_msgs/include/action_msgs/action_msgs/msg/detail
-- Installing: /home/pheonix/ros2_ws/install/action_msgs/include/action_msgs/action_msgs/msg/detail/goal_status__struct.h
-- Installing: /home/pheonix/ros2_ws/install/action_msgs/include/action_msgs/action_msgs/msg/detail/goal_info__type_support.c
-- Installing: /home/pheonix/ros2_ws/install/action_msgs/include/action_msgs/action_msgs/msg/detail/goal_status_array__type_support.c
-- Installing: /home/pheonix/ros2_ws/install/action_msgs/include/action_msgs/action_msgs/msg/detail/goal_info__struct.h
-- Installing: /home/pheonix/ros2_ws/install/action_msgs/include/action_msgs/action_msgs/msg/detail/goal_status_array__description.c
-- Installing: /home/pheonix/ros2_ws/install/action_msgs/include/action_msgs/action_msgs/msg/detail/goal_status_array__type_support.h
-- Installing: /home/pheonix/ros2_ws/install/action_msgs/include/action_msgs/action_msgs/msg/detail/goal_info__description.c
-- Installing: /home/pheonix/ros2_ws/install/action_msgs/include/action_msgs/action_msgs/msg/detail/goal_status_array__functions.c
-- Installing: /home/pheonix/ros2_ws/install/action_msgs/include/action_msgs/action_msgs/msg/detail/goal_info__type_support.h
-- Installing: /home/pheonix/ros2_ws/install/action_msgs/include/action_msgs/action_msgs/msg/detail/goal_status_array__struct.h
-- Installing: /home/pheonix/ros2_ws/install/action_msgs/include/action_msgs/action_msgs/msg/detail/goal_info__functions.h
-- Installing: /home/pheonix/ros2_ws/install/action_msgs/include/action_msgs/action_msgs/msg/detail/goal_status__type_support.c
-- Installing: /home/pheonix/ros2_ws/install/action_msgs/include/action_msgs/action_msgs/msg/detail/goal_status__type_support.h
-- Installing: /home/pheonix/ros2_ws/install/action_msgs/include/action_msgs/action_msgs/msg/detail/goal_status__functions.c
-- Installing: /home/pheonix/ros2_ws/install/action_msgs/include/action_msgs/action_msgs/msg/detail/goal_info__functions.c
-- Installing: /home/pheonix/ros2_ws/install/action_msgs/include/action_msgs/action_msgs/msg/detail/goal_status__functions.h
-- Installing: /home/pheonix/ros2_ws/install/action_msgs/include/action_msgs/action_msgs/msg/detail/goal_status__description.c
-- Installing: /home/pheonix/ros2_ws/install/action_msgs/include/action_msgs/action_msgs/msg/detail/goal_status_array__functions.h
-- Installing: /home/pheonix/ros2_ws/install/action_msgs/include/action_msgs/action_msgs/msg/goal_info.h
-- Installing: /home/pheonix/ros2_ws/install/action_msgs/include/action_msgs/action_msgs/msg/goal_status_array.h
-- Installing: /home/pheonix/ros2_ws/install/action_msgs/include/action_msgs/action_msgs/srv
-- Installing: /home/pheonix/ros2_ws/install/action_msgs/include/action_msgs/action_msgs/srv/cancel_goal.h
-- Installing: /home/pheonix/ros2_ws/install/action_msgs/include/action_msgs/action_msgs/srv/detail
-- Installing: /home/pheonix/ros2_ws/install/action_msgs/include/action_msgs/action_msgs/srv/detail/cancel_goal__description.c
-- Installing: /home/pheonix/ros2_ws/install/action_msgs/include/action_msgs/action_msgs/srv/detail/cancel_goal__type_support.c
-- Installing: /home/pheonix/ros2_ws/install/action_msgs/include/action_msgs/action_msgs/srv/detail/cancel_goal__struct.h
-- Installing: /home/pheonix/ros2_ws/install/action_msgs/include/action_msgs/action_msgs/srv/detail/cancel_goal__type_support.h
-- Installing: /home/pheonix/ros2_ws/install/action_msgs/include/action_msgs/action_msgs/srv/detail/cancel_goal__functions.c
-- Installing: /home/pheonix/ros2_ws/install/action_msgs/include/action_msgs/action_msgs/srv/detail/cancel_goal__functions.h
-- Installing: /home/pheonix/ros2_ws/install/action_msgs/share/action_msgs/environment/library_path.sh
-- Installing: /home/pheonix/ros2_ws/install/action_msgs/share/action_msgs/environment/library_path.dsv
-- Installing: /home/pheonix/ros2_ws/install/action_msgs/lib/libaction_msgs__rosidl_generator_c.so
-- Set non-toolchain portion of runtime path of "/home/pheonix/ros2_ws/install/action_msgs/lib/libaction_msgs__rosidl_generator_c.so" to ""
-- Up-to-date: /home/pheonix/ros2_ws/install/action_msgs/include/action_msgs/action_msgs
-- Up-to-date: /home/pheonix/ros2_ws/install/action_msgs/include/action_msgs/action_msgs/msg
-- Installing: /home/pheonix/ros2_ws/install/action_msgs/include/action_msgs/action_msgs/msg/rosidl_typesupport_fastrtps_c__visibility_control.h
-- Up-to-date: /home/pheonix/ros2_ws/install/action_msgs/include/action_msgs/action_msgs/msg/detail
-- Installing: /home/pheonix/ros2_ws/install/action_msgs/include/action_msgs/action_msgs/msg/detail/goal_status_array__rosidl_typesupport_fastrtps_c.h
-- Installing: /home/pheonix/ros2_ws/install/action_msgs/include/action_msgs/action_msgs/msg/detail/goal_info__rosidl_typesupport_fastrtps_c.h
-- Installing: /home/pheonix/ros2_ws/install/action_msgs/include/action_msgs/action_msgs/msg/detail/goal_status__rosidl_typesupport_fastrtps_c.h
-- Up-to-date: /home/pheonix/ros2_ws/install/action_msgs/include/action_msgs/action_msgs/srv
-- Up-to-date: /home/pheonix/ros2_ws/install/action_msgs/include/action_msgs/action_msgs/srv/detail
-- Installing: /home/pheonix/ros2_ws/install/action_msgs/include/action_msgs/action_msgs/srv/detail/cancel_goal__rosidl_typesupport_fastrtps_c.h
-- Installing: /home/pheonix/ros2_ws/install/action_msgs/lib/libaction_msgs__rosidl_typesupport_fastrtps_c.so
-- Set non-toolchain portion of runtime path of "/home/pheonix/ros2_ws/install/action_msgs/lib/libaction_msgs__rosidl_typesupport_fastrtps_c.so" to ""
-- Up-to-date: /home/pheonix/ros2_ws/install/action_msgs/include/action_msgs/action_msgs
-- Up-to-date: /home/pheonix/ros2_ws/install/action_msgs/include/action_msgs/action_msgs/msg
-- Installing: /home/pheonix/ros2_ws/install/action_msgs/include/action_msgs/action_msgs/msg/rosidl_generator_cpp__visibility_control.hpp
-- Up-to-date: /home/pheonix/ros2_ws/install/action_msgs/include/action_msgs/action_msgs/msg/detail
-- Installing: /home/pheonix/ros2_ws/install/action_msgs/include/action_msgs/action_msgs/msg/detail/goal_status_array__type_support.hpp
-- Installing: /home/pheonix/ros2_ws/install/action_msgs/include/action_msgs/action_msgs/msg/detail/goal_info__type_support.hpp
-- Installing: /home/pheonix/ros2_ws/install/action_msgs/include/action_msgs/action_msgs/msg/detail/goal_status_array__builder.hpp
-- Installing: /home/pheonix/ros2_ws/install/action_msgs/include/action_msgs/action_msgs/msg/detail/goal_status__builder.hpp
-- Installing: /home/pheonix/ros2_ws/install/action_msgs/include/action_msgs/action_msgs/msg/detail/goal_status_array__traits.hpp
-- Installing: /home/pheonix/ros2_ws/install/action_msgs/include/action_msgs/action_msgs/msg/detail/goal_status__struct.hpp
-- Installing: /home/pheonix/ros2_ws/install/action_msgs/include/action_msgs/action_msgs/msg/detail/goal_status__type_support.hpp
-- Installing: /home/pheonix/ros2_ws/install/action_msgs/include/action_msgs/action_msgs/msg/detail/goal_info__traits.hpp
-- Installing: /home/pheonix/ros2_ws/install/action_msgs/include/action_msgs/action_msgs/msg/detail/goal_info__struct.hpp
-- Installing: /home/pheonix/ros2_ws/install/action_msgs/include/action_msgs/action_msgs/msg/detail/goal_status__traits.hpp
-- Installing: /home/pheonix/ros2_ws/install/action_msgs/include/action_msgs/action_msgs/msg/detail/goal_status_array__struct.hpp
-- Installing: /home/pheonix/ros2_ws/install/action_msgs/include/action_msgs/action_msgs/msg/detail/goal_info__builder.hpp
-- Installing: /home/pheonix/ros2_ws/install/action_msgs/include/action_msgs/action_msgs/msg/goal_status_array.hpp
-- Installing: /home/pheonix/ros2_ws/install/action_msgs/include/action_msgs/action_msgs/msg/goal_status.hpp
-- Installing: /home/pheonix/ros2_ws/install/action_msgs/include/action_msgs/action_msgs/msg/goal_info.hpp
-- Up-to-date: /home/pheonix/ros2_ws/install/action_msgs/include/action_msgs/action_msgs/srv
-- Installing: /home/pheonix/ros2_ws/install/action_msgs/include/action_msgs/action_msgs/srv/cancel_goal.hpp
-- Up-to-date: /home/pheonix/ros2_ws/install/action_msgs/include/action_msgs/action_msgs/srv/detail
-- Installing: /home/pheonix/ros2_ws/install/action_msgs/include/action_msgs/action_msgs/srv/detail/cancel_goal__traits.hpp
-- Installing: /home/pheonix/ros2_ws/install/action_msgs/include/action_msgs/action_msgs/srv/detail/cancel_goal__type_support.hpp
-- Installing: /home/pheonix/ros2_ws/install/action_msgs/include/action_msgs/action_msgs/srv/detail/cancel_goal__struct.hpp
-- Installing: /home/pheonix/ros2_ws/install/action_msgs/include/action_msgs/action_msgs/srv/detail/cancel_goal__builder.hpp
-- Up-to-date: /home/pheonix/ros2_ws/install/action_msgs/include/action_msgs/action_msgs
-- Up-to-date: /home/pheonix/ros2_ws/install/action_msgs/include/action_msgs/action_msgs/msg
-- Up-to-date: /home/pheonix/ros2_ws/install/action_msgs/include/action_msgs/action_msgs/msg/detail
-- Installing: /home/pheonix/ros2_ws/install/action_msgs/include/action_msgs/action_msgs/msg/detail/dds_fastrtps
-- Installing: /home/pheonix/ros2_ws/install/action_msgs/include/action_msgs/action_msgs/msg/detail/goal_info__rosidl_typesupport_fastrtps_cpp.hpp
-- Installing: /home/pheonix/ros2_ws/install/action_msgs/include/action_msgs/action_msgs/msg/detail/goal_status_array__rosidl_typesupport_fastrtps_cpp.hpp
-- Installing: /home/pheonix/ros2_ws/install/action_msgs/include/action_msgs/action_msgs/msg/detail/goal_status__rosidl_typesupport_fastrtps_cpp.hpp
-- Installing: /home/pheonix/ros2_ws/install/action_msgs/include/action_msgs/action_msgs/msg/rosidl_typesupport_fastrtps_cpp__visibility_control.h
-- Up-to-date: /home/pheonix/ros2_ws/install/action_msgs/include/action_msgs/action_msgs/srv
-- Up-to-date: /home/pheonix/ros2_ws/install/action_msgs/include/action_msgs/action_msgs/srv/detail
-- Installing: /home/pheonix/ros2_ws/install/action_msgs/include/action_msgs/action_msgs/srv/detail/dds_fastrtps
-- Installing: /home/pheonix/ros2_ws/install/action_msgs/include/action_msgs/action_msgs/srv/detail/cancel_goal__rosidl_typesupport_fastrtps_cpp.hpp
-- Installing: /home/pheonix/ros2_ws/install/action_msgs/lib/libaction_msgs__rosidl_typesupport_fastrtps_cpp.so
-- Set non-toolchain portion of runtime path of "/home/pheonix/ros2_ws/install/action_msgs/lib/libaction_msgs__rosidl_typesupport_fastrtps_cpp.so" to ""
-- Up-to-date: /home/pheonix/ros2_ws/install/action_msgs/include/action_msgs/action_msgs
-- Up-to-date: /home/pheonix/ros2_ws/install/action_msgs/include/action_msgs/action_msgs/msg
-- Up-to-date: /home/pheonix/ros2_ws/install/action_msgs/include/action_msgs/action_msgs/msg/detail
-- Installing: /home/pheonix/ros2_ws/install/action_msgs/include/action_msgs/action_msgs/msg/detail/goal_info__type_support.c
-- Installing: /home/pheonix/ros2_ws/install/action_msgs/include/action_msgs/action_msgs/msg/detail/goal_status_array__type_support.c
-- Installing: /home/pheonix/ros2_ws/install/action_msgs/include/action_msgs/action_msgs/msg/detail/goal_info__rosidl_typesupport_introspection_c.h
-- Installing: /home/pheonix/ros2_ws/install/action_msgs/include/action_msgs/action_msgs/msg/detail/goal_status_array__rosidl_typesupport_introspection_c.h
-- Installing: /home/pheonix/ros2_ws/install/action_msgs/include/action_msgs/action_msgs/msg/detail/goal_status__type_support.c
-- Installing: /home/pheonix/ros2_ws/install/action_msgs/include/action_msgs/action_msgs/msg/detail/goal_status__rosidl_typesupport_introspection_c.h
-- Installing: /home/pheonix/ros2_ws/install/action_msgs/include/action_msgs/action_msgs/msg/rosidl_typesupport_introspection_c__visibility_control.h
-- Up-to-date: /home/pheonix/ros2_ws/install/action_msgs/include/action_msgs/action_msgs/srv
-- Up-to-date: /home/pheonix/ros2_ws/install/action_msgs/include/action_msgs/action_msgs/srv/detail
-- Installing: /home/pheonix/ros2_ws/install/action_msgs/include/action_msgs/action_msgs/srv/detail/cancel_goal__rosidl_typesupport_introspection_c.h
-- Installing: /home/pheonix/ros2_ws/install/action_msgs/include/action_msgs/action_msgs/srv/detail/cancel_goal__type_support.c
-- Installing: /home/pheonix/ros2_ws/install/action_msgs/lib/libaction_msgs__rosidl_typesupport_introspection_c.so
-- Set non-toolchain portion of runtime path of "/home/pheonix/ros2_ws/install/action_msgs/lib/libaction_msgs__rosidl_typesupport_introspection_c.so" to ""
-- Installing: /home/pheonix/ros2_ws/install/action_msgs/lib/libaction_msgs__rosidl_typesupport_c.so
-- Set non-toolchain portion of runtime path of "/home/pheonix/ros2_ws/install/action_msgs/lib/libaction_msgs__rosidl_typesupport_c.so" to ""
-- Up-to-date: /home/pheonix/ros2_ws/install/action_msgs/include/action_msgs/action_msgs
-- Up-to-date: /home/pheonix/ros2_ws/install/action_msgs/include/action_msgs/action_msgs/msg
-- Up-to-date: /home/pheonix/ros2_ws/install/action_msgs/include/action_msgs/action_msgs/msg/detail
-- Installing: /home/pheonix/ros2_ws/install/action_msgs/include/action_msgs/action_msgs/msg/detail/goal_info__type_support.cpp
-- Installing: /home/pheonix/ros2_ws/install/action_msgs/include/action_msgs/action_msgs/msg/detail/goal_status_array__rosidl_typesupport_introspection_cpp.hpp
-- Installing: /home/pheonix/ros2_ws/install/action_msgs/include/action_msgs/action_msgs/msg/detail/goal_status_array__type_support.cpp
-- Installing: /home/pheonix/ros2_ws/install/action_msgs/include/action_msgs/action_msgs/msg/detail/goal_status__type_support.cpp
-- Installing: /home/pheonix/ros2_ws/install/action_msgs/include/action_msgs/action_msgs/msg/detail/goal_info__rosidl_typesupport_introspection_cpp.hpp
-- Installing: /home/pheonix/ros2_ws/install/action_msgs/include/action_msgs/action_msgs/msg/detail/goal_status__rosidl_typesupport_introspection_cpp.hpp
-- Up-to-date: /home/pheonix/ros2_ws/install/action_msgs/include/action_msgs/action_msgs/srv
-- Up-to-date: /home/pheonix/ros2_ws/install/action_msgs/include/action_msgs/action_msgs/srv/detail
-- Installing: /home/pheonix/ros2_ws/install/action_msgs/include/action_msgs/action_msgs/srv/detail/cancel_goal__rosidl_typesupport_introspection_cpp.hpp
-- Installing: /home/pheonix/ros2_ws/install/action_msgs/include/action_msgs/action_msgs/srv/detail/cancel_goal__type_support.cpp
-- Installing: /home/pheonix/ros2_ws/install/action_msgs/lib/libaction_msgs__rosidl_typesupport_introspection_cpp.so
-- Set non-toolchain portion of runtime path of "/home/pheonix/ros2_ws/install/action_msgs/lib/libaction_msgs__rosidl_typesupport_introspection_cpp.so" to ""
-- Installing: /home/pheonix/ros2_ws/install/action_msgs/lib/libaction_msgs__rosidl_typesupport_cpp.so
-- Set non-toolchain portion of runtime path of "/home/pheonix/ros2_ws/install/action_msgs/lib/libaction_msgs__rosidl_typesupport_cpp.so" to ""
-- Installing: /home/pheonix/ros2_ws/install/action_msgs/share/action_msgs/environment/pythonpath.sh
-- Installing: /home/pheonix/ros2_ws/install/action_msgs/share/action_msgs/environment/pythonpath.dsv
-- Installing: /home/pheonix/ros2_ws/install/action_msgs/lib/python3.12/site-packages/action_msgs-2.2.0-py3.12.egg-info
-- Installing: /home/pheonix/ros2_ws/install/action_msgs/lib/python3.12/site-packages/action_msgs-2.2.0-py3.12.egg-info/SOURCES.txt
-- Installing: /home/pheonix/ros2_ws/install/action_msgs/lib/python3.12/site-packages/action_msgs-2.2.0-py3.12.egg-info/dependency_links.txt
-- Installing: /home/pheonix/ros2_ws/install/action_msgs/lib/python3.12/site-packages/action_msgs-2.2.0-py3.12.egg-info/PKG-INFO
-- Installing: /home/pheonix/ros2_ws/install/action_msgs/lib/python3.12/site-packages/action_msgs-2.2.0-py3.12.egg-info/top_level.txt
-- Installing: /home/pheonix/ros2_ws/install/action_msgs/lib/python3.12/site-packages/action_msgs
-- Installing: /home/pheonix/ros2_ws/install/action_msgs/lib/python3.12/site-packages/action_msgs/action_msgs_s__rosidl_typesupport_fastrtps_c.so
-- Installing: /home/pheonix/ros2_ws/install/action_msgs/lib/python3.12/site-packages/action_msgs/action_msgs_s__rosidl_typesupport_introspection_c.so
-- Installing: /home/pheonix/ros2_ws/install/action_msgs/lib/python3.12/site-packages/action_msgs/_action_msgs_s.ep.rosidl_typesupport_c.c
-- Installing: /home/pheonix/ros2_ws/install/action_msgs/lib/python3.12/site-packages/action_msgs/_action_msgs_s.ep.rosidl_typesupport_introspection_c.c
-- Installing: /home/pheonix/ros2_ws/install/action_msgs/lib/python3.12/site-packages/action_msgs/msg
-- Installing: /home/pheonix/ros2_ws/install/action_msgs/lib/python3.12/site-packages/action_msgs/msg/_goal_status.py
-- Installing: /home/pheonix/ros2_ws/install/action_msgs/lib/python3.12/site-packages/action_msgs/msg/_goal_info_s.c
-- Installing: /home/pheonix/ros2_ws/install/action_msgs/lib/python3.12/site-packages/action_msgs/msg/_goal_status_array.py
-- Installing: /home/pheonix/ros2_ws/install/action_msgs/lib/python3.12/site-packages/action_msgs/msg/_goal_status_s.c
-- Installing: /home/pheonix/ros2_ws/install/action_msgs/lib/python3.12/site-packages/action_msgs/msg/_goal_info.py
-- Installing: /home/pheonix/ros2_ws/install/action_msgs/lib/python3.12/site-packages/action_msgs/msg/__init__.py
-- Installing: /home/pheonix/ros2_ws/install/action_msgs/lib/python3.12/site-packages/action_msgs/msg/_goal_status_array_s.c
-- Installing: /home/pheonix/ros2_ws/install/action_msgs/lib/python3.12/site-packages/action_msgs/__init__.py
-- Installing: /home/pheonix/ros2_ws/install/action_msgs/lib/python3.12/site-packages/action_msgs/action_msgs_s__rosidl_typesupport_c.so
-- Installing: /home/pheonix/ros2_ws/install/action_msgs/lib/python3.12/site-packages/action_msgs/_action_msgs_s.ep.rosidl_typesupport_fastrtps_c.c
-- Installing: /home/pheonix/ros2_ws/install/action_msgs/lib/python3.12/site-packages/action_msgs/srv
-- Installing: /home/pheonix/ros2_ws/install/action_msgs/lib/python3.12/site-packages/action_msgs/srv/_cancel_goal.py
-- Installing: /home/pheonix/ros2_ws/install/action_msgs/lib/python3.12/site-packages/action_msgs/srv/__init__.py
-- Installing: /home/pheonix/ros2_ws/install/action_msgs/lib/python3.12/site-packages/action_msgs/srv/_cancel_goal_s.c
Listing '/home/pheonix/ros2_ws/install/action_msgs/lib/python3.12/site-packages/action_msgs'...
Compiling '/home/pheonix/ros2_ws/install/action_msgs/lib/python3.12/site-packages/action_msgs/__init__.py'...
Listing '/home/pheonix/ros2_ws/install/action_msgs/lib/python3.12/site-packages/action_msgs/msg'...
Compiling '/home/pheonix/ros2_ws/install/action_msgs/lib/python3.12/site-packages/action_msgs/msg/__init__.py'...
Compiling '/home/pheonix/ros2_ws/install/action_msgs/lib/python3.12/site-packages/action_msgs/msg/_goal_info.py'...
Compiling '/home/pheonix/ros2_ws/install/action_msgs/lib/python3.12/site-packages/action_msgs/msg/_goal_status.py'...
Compiling '/home/pheonix/ros2_ws/install/action_msgs/lib/python3.12/site-packages/action_msgs/msg/_goal_status_array.py'...
Listing '/home/pheonix/ros2_ws/install/action_msgs/lib/python3.12/site-packages/action_msgs/srv'...
Compiling '/home/pheonix/ros2_ws/install/action_msgs/lib/python3.12/site-packages/action_msgs/srv/__init__.py'...
Compiling '/home/pheonix/ros2_ws/install/action_msgs/lib/python3.12/site-packages/action_msgs/srv/_cancel_goal.py'...
-- Installing: /home/pheonix/ros2_ws/install/action_msgs/lib/python3.12/site-packages/action_msgs/action_msgs_s__rosidl_typesupport_fastrtps_c.so
-- Set non-toolchain portion of runtime path of "/home/pheonix/ros2_ws/install/action_msgs/lib/python3.12/site-packages/action_msgs/action_msgs_s__rosidl_typesupport_fastrtps_c.so" to ""
-- Installing: /home/pheonix/ros2_ws/install/action_msgs/lib/python3.12/site-packages/action_msgs/action_msgs_s__rosidl_typesupport_introspection_c.so
-- Set non-toolchain portion of runtime path of "/home/pheonix/ros2_ws/install/action_msgs/lib/python3.12/site-packages/action_msgs/action_msgs_s__rosidl_typesupport_introspection_c.so" to ""
-- Installing: /home/pheonix/ros2_ws/install/action_msgs/lib/python3.12/site-packages/action_msgs/action_msgs_s__rosidl_typesupport_c.so
-- Set non-toolchain portion of runtime path of "/home/pheonix/ros2_ws/install/action_msgs/lib/python3.12/site-packages/action_msgs/action_msgs_s__rosidl_typesupport_c.so" to ""
-- Installing: /home/pheonix/ros2_ws/install/action_msgs/lib/libaction_msgs__rosidl_generator_py.so
-- Set non-toolchain portion of runtime path of "/home/pheonix/ros2_ws/install/action_msgs/lib/libaction_msgs__rosidl_generator_py.so" to ""
-- Installing: /home/pheonix/ros2_ws/install/action_msgs/share/action_msgs/msg/GoalInfo.idl
-- Installing: /home/pheonix/ros2_ws/install/action_msgs/share/action_msgs/msg/GoalStatus.idl
-- Installing: /home/pheonix/ros2_ws/install/action_msgs/share/action_msgs/msg/GoalStatusArray.idl
-- Installing: /home/pheonix/ros2_ws/install/action_msgs/share/action_msgs/srv/CancelGoal.idl
-- Installing: /home/pheonix/ros2_ws/install/action_msgs/share/action_msgs/msg/GoalInfo.msg
-- Installing: /home/pheonix/ros2_ws/install/action_msgs/share/action_msgs/msg/GoalStatus.msg
-- Installing: /home/pheonix/ros2_ws/install/action_msgs/share/action_msgs/msg/GoalStatusArray.msg
-- Installing: /home/pheonix/ros2_ws/install/action_msgs/share/action_msgs/srv/CancelGoal.srv
-- Installing: /home/pheonix/ros2_ws/install/action_msgs/share/ament_index/resource_index/package_run_dependencies/action_msgs
-- Installing: /home/pheonix/ros2_ws/install/action_msgs/share/ament_index/resource_index/parent_prefix_path/action_msgs
-- Installing: /home/pheonix/ros2_ws/install/action_msgs/share/action_msgs/environment/ament_prefix_path.sh
-- Installing: /home/pheonix/ros2_ws/install/action_msgs/share/action_msgs/environment/ament_prefix_path.dsv
-- Installing: /home/pheonix/ros2_ws/install/action_msgs/share/action_msgs/environment/path.sh
-- Installing: /home/pheonix/ros2_ws/install/action_msgs/share/action_msgs/environment/path.dsv
-- Installing: /home/pheonix/ros2_ws/install/action_msgs/share/action_msgs/local_setup.bash
-- Installing: /home/pheonix/ros2_ws/install/action_msgs/share/action_msgs/local_setup.sh
-- Installing: /home/pheonix/ros2_ws/install/action_msgs/share/action_msgs/local_setup.zsh
-- Installing: /home/pheonix/ros2_ws/install/action_msgs/share/action_msgs/local_setup.dsv
-- Installing: /home/pheonix/ros2_ws/install/action_msgs/share/action_msgs/package.dsv
-- Installing: /home/pheonix/ros2_ws/install/action_msgs/share/ament_index/resource_index/packages/action_msgs
-- Installing: /home/pheonix/ros2_ws/install/action_msgs/share/action_msgs/cmake/export_action_msgs__rosidl_generator_cExport.cmake
-- Installing: /home/pheonix/ros2_ws/install/action_msgs/share/action_msgs/cmake/export_action_msgs__rosidl_generator_cExport-noconfig.cmake
-- Installing: /home/pheonix/ros2_ws/install/action_msgs/share/action_msgs/cmake/export_action_msgs__rosidl_typesupport_fastrtps_cExport.cmake
-- Installing: /home/pheonix/ros2_ws/install/action_msgs/share/action_msgs/cmake/export_action_msgs__rosidl_typesupport_fastrtps_cExport-noconfig.cmake
-- Installing: /home/pheonix/ros2_ws/install/action_msgs/share/action_msgs/cmake/export_action_msgs__rosidl_generator_cppExport.cmake
-- Installing: /home/pheonix/ros2_ws/install/action_msgs/share/action_msgs/cmake/export_action_msgs__rosidl_typesupport_fastrtps_cppExport.cmake
-- Installing: /home/pheonix/ros2_ws/install/action_msgs/share/action_msgs/cmake/export_action_msgs__rosidl_typesupport_fastrtps_cppExport-noconfig.cmake
-- Installing: /home/pheonix/ros2_ws/install/action_msgs/share/action_msgs/cmake/action_msgs__rosidl_typesupport_introspection_cExport.cmake
-- Installing: /home/pheonix/ros2_ws/install/action_msgs/share/action_msgs/cmake/action_msgs__rosidl_typesupport_introspection_cExport-noconfig.cmake
-- Installing: /home/pheonix/ros2_ws/install/action_msgs/share/action_msgs/cmake/action_msgs__rosidl_typesupport_cExport.cmake
-- Installing: /home/pheonix/ros2_ws/install/action_msgs/share/action_msgs/cmake/action_msgs__rosidl_typesupport_cExport-noconfig.cmake
-- Installing: /home/pheonix/ros2_ws/install/action_msgs/share/action_msgs/cmake/action_msgs__rosidl_typesupport_introspection_cppExport.cmake
-- Installing: /home/pheonix/ros2_ws/install/action_msgs/share/action_msgs/cmake/action_msgs__rosidl_typesupport_introspection_cppExport-noconfig.cmake
-- Installing: /home/pheonix/ros2_ws/install/action_msgs/share/action_msgs/cmake/action_msgs__rosidl_typesupport_cppExport.cmake
-- Installing: /home/pheonix/ros2_ws/install/action_msgs/share/action_msgs/cmake/action_msgs__rosidl_typesupport_cppExport-noconfig.cmake
-- Installing: /home/pheonix/ros2_ws/install/action_msgs/share/action_msgs/cmake/export_action_msgs__rosidl_generator_pyExport.cmake
-- Installing: /home/pheonix/ros2_ws/install/action_msgs/share/action_msgs/cmake/export_action_msgs__rosidl_generator_pyExport-noconfig.cmake
-- Installing: /home/pheonix/ros2_ws/install/action_msgs/share/action_msgs/cmake/rosidl_cmake-extras.cmake
-- Installing: /home/pheonix/ros2_ws/install/action_msgs/share/action_msgs/cmake/ament_cmake_export_dependencies-extras.cmake
-- Installing: /home/pheonix/ros2_ws/install/action_msgs/share/action_msgs/cmake/ament_cmake_export_include_directories-extras.cmake
-- Installing: /home/pheonix/ros2_ws/install/action_msgs/share/action_msgs/cmake/ament_cmake_export_libraries-extras.cmake
-- Installing: /home/pheonix/ros2_ws/install/action_msgs/share/action_msgs/cmake/ament_cmake_export_targets-extras.cmake
-- Installing: /home/pheonix/ros2_ws/install/action_msgs/share/action_msgs/cmake/rosidl_cmake_export_typesupport_targets-extras.cmake
-- Installing: /home/pheonix/ros2_ws/install/action_msgs/share/action_msgs/cmake/rosidl_cmake_export_typesupport_libraries-extras.cmake
-- Installing: /home/pheonix/ros2_ws/install/action_msgs/share/action_msgs/cmake/action_msgsConfig.cmake
-- Installing: /home/pheonix/ros2_ws/install/action_msgs/share/action_msgs/cmake/action_msgsConfig-version.cmake
-- Installing: /home/pheonix/ros2_ws/install/action_msgs/share/action_msgs/package.xml
