[0.022s] Invoking command in '/home/pheonix/ros2_ws/build/urdfdom_headers': DEBUGINFOD_URLS=https://debuginfod.ubuntu.com /usr/bin/cmake /home/pheonix/ros2_ws/src/urdfdom_headers -DCMAKE_INSTALL_PREFIX=/home/pheonix/ros2_ws/install/urdfdom_headers
[0.163s] -- The C compiler identification is GNU 13.2.0
[0.231s] -- The CXX compiler identification is GNU 13.2.0
[0.278s] -- Detecting C compiler ABI info
[0.445s] -- Detecting C compiler ABI info - done
[0.462s] -- Check for working C compiler: /usr/bin/cc - skipped
[0.463s] -- Detecting C compile features
[0.463s] -- Detecting C compile features - done
[0.474s] -- Detecting CXX compiler ABI info
[0.633s] -- Detecting CXX compiler ABI info - done
[0.649s] -- Check for working CXX compiler: /usr/bin/c++ - skipped
[0.651s] -- Detecting CXX compile features
[0.655s] -- Detecting CXX compile features - done
[0.668s] -- urdfdom_headers version 1.1.2
[0.670s] -- Configuration successful. Type make install to install urdfdom_headers.
[0.670s] -- Configuring done (0.6s)
[0.672s] -- Generating done (0.0s)
[0.673s] -- Build files have been written to: /home/pheonix/ros2_ws/build/urdfdom_headers
[0.682s] Invoked command in '/home/pheonix/ros2_ws/build/urdfdom_headers' returned '0': DEBUGINFOD_URLS=https://debuginfod.ubuntu.com /usr/bin/cmake /home/pheonix/ros2_ws/src/urdfdom_headers -DCMAKE_INSTALL_PREFIX=/home/pheonix/ros2_ws/install/urdfdom_headers
[0.683s] Invoking command in '/home/pheonix/ros2_ws/build/urdfdom_headers': DEBUGINFOD_URLS=https://debuginfod.ubuntu.com /usr/bin/cmake --build /home/pheonix/ros2_ws/build/urdfdom_headers -- -j2 -l2
[0.750s] Invoked command in '/home/pheonix/ros2_ws/build/urdfdom_headers' returned '0': DEBUGINFOD_URLS=https://debuginfod.ubuntu.com /usr/bin/cmake --build /home/pheonix/ros2_ws/build/urdfdom_headers -- -j2 -l2
[0.807s] Invoking command in '/home/pheonix/ros2_ws/build/urdfdom_headers': DEBUGINFOD_URLS=https://debuginfod.ubuntu.com /usr/bin/cmake --install /home/pheonix/ros2_ws/build/urdfdom_headers
[0.823s] -- Install configuration: ""
[0.824s] -- Installing: /home/pheonix/ros2_ws/install/urdfdom_headers/include/urdfdom_headers
[0.824s] -- Installing: /home/pheonix/ros2_ws/install/urdfdom_headers/include/urdfdom_headers/urdf_model_state
[0.824s] -- Installing: /home/pheonix/ros2_ws/install/urdfdom_headers/include/urdfdom_headers/urdf_model_state/types.h
[0.824s] -- Installing: /home/pheonix/ros2_ws/install/urdfdom_headers/include/urdfdom_headers/urdf_model_state/model_state.h
[0.824s] -- Installing: /home/pheonix/ros2_ws/install/urdfdom_headers/include/urdfdom_headers/urdf_model_state/twist.h
[0.824s] -- Installing: /home/pheonix/ros2_ws/install/urdfdom_headers/include/urdfdom_headers/urdf_world
[0.824s] -- Installing: /home/pheonix/ros2_ws/install/urdfdom_headers/include/urdfdom_headers/urdf_world/world.h
[0.824s] -- Installing: /home/pheonix/ros2_ws/install/urdfdom_headers/include/urdfdom_headers/urdf_world/types.h
[0.824s] -- Installing: /home/pheonix/ros2_ws/install/urdfdom_headers/include/urdfdom_headers/urdf_exception
[0.824s] -- Installing: /home/pheonix/ros2_ws/install/urdfdom_headers/include/urdfdom_headers/urdf_exception/exception.h
[0.824s] -- Installing: /home/pheonix/ros2_ws/install/urdfdom_headers/include/urdfdom_headers/urdf_sensor
[0.824s] -- Installing: /home/pheonix/ros2_ws/install/urdfdom_headers/include/urdfdom_headers/urdf_sensor/types.h
[0.824s] -- Installing: /home/pheonix/ros2_ws/install/urdfdom_headers/include/urdfdom_headers/urdf_sensor/sensor.h
[0.824s] -- Installing: /home/pheonix/ros2_ws/install/urdfdom_headers/include/urdfdom_headers/urdf_model
[0.824s] -- Installing: /home/pheonix/ros2_ws/install/urdfdom_headers/include/urdfdom_headers/urdf_model/link.h
[0.824s] -- Installing: /home/pheonix/ros2_ws/install/urdfdom_headers/include/urdfdom_headers/urdf_model/joint.h
[0.824s] -- Installing: /home/pheonix/ros2_ws/install/urdfdom_headers/include/urdfdom_headers/urdf_model/utils.h
[0.824s] -- Installing: /home/pheonix/ros2_ws/install/urdfdom_headers/include/urdfdom_headers/urdf_model/types.h
[0.824s] -- Installing: /home/pheonix/ros2_ws/install/urdfdom_headers/include/urdfdom_headers/urdf_model/model.h
[0.824s] -- Installing: /home/pheonix/ros2_ws/install/urdfdom_headers/include/urdfdom_headers/urdf_model/twist.h
[0.824s] -- Installing: /home/pheonix/ros2_ws/install/urdfdom_headers/include/urdfdom_headers/urdf_model/pose.h
[0.824s] -- Installing: /home/pheonix/ros2_ws/install/urdfdom_headers/include/urdfdom_headers/urdf_model/color.h
[0.824s] -- Installing: /home/pheonix/ros2_ws/install/urdfdom_headers/lib/urdfdom_headers/cmake/urdfdom_headers-config.cmake
[0.824s] -- Installing: /home/pheonix/ros2_ws/install/urdfdom_headers/lib/urdfdom_headers/cmake/urdfdom_headers-config-version.cmake
[0.824s] -- Installing: /home/pheonix/ros2_ws/install/urdfdom_headers/lib/pkgconfig/urdfdom_headers.pc
[0.825s] -- Installing: /home/pheonix/ros2_ws/install/urdfdom_headers/lib/urdfdom_headers/cmake/urdfdom_headersExport.cmake
[0.832s] Invoked command in '/home/pheonix/ros2_ws/build/urdfdom_headers' returned '0': DEBUGINFOD_URLS=https://debuginfod.ubuntu.com /usr/bin/cmake --install /home/pheonix/ros2_ws/build/urdfdom_headers
