-- The C compiler identification is GNU 13.2.0
-- The CXX compiler identification is GNU 13.2.0
-- Detecting C compiler ABI info
-- Detecting C compiler ABI info - done
-- Check for working C compiler: /usr/bin/cc - skipped
-- Detecting C compile features
-- Detecting C compile features - done
-- Detecting CXX compiler ABI info
-- Detecting CXX compiler ABI info - done
-- Check for working CXX compiler: /usr/bin/c++ - skipped
-- Detecting CXX compile features
-- Detecting CXX compile features - done
-- Found ament_cmake: 2.5.2 (/opt/ros/jazzy/share/ament_cmake/cmake)
-- Found Python3: /usr/bin/python3 (found version "3.12.3") found components: Interpreter 
-- Override CMake install command with custom implementation using symlinks instead of copying resources
-- Found geometry_msgs: 5.3.5 (/opt/ros/jazzy/share/geometry_msgs/cmake)
-- Found rosidl_generator_c: 4.6.3 (/opt/ros/jazzy/share/rosidl_generator_c/cmake)
-- Found rosidl_generator_cpp: 4.6.3 (/opt/ros/jazzy/share/rosidl_generator_cpp/cmake)
-- Using all available rosidl_typesupport_c: rosidl_typesupport_fastrtps_c;rosidl_typesupport_introspection_c
-- Using all available rosidl_typesupport_cpp: rosidl_typesupport_fastrtps_cpp;rosidl_typesupport_introspection_cpp
-- Found rclcpp: 28.1.3 (/opt/ros/jazzy/share/rclcpp/cmake)
-- Found rmw_implementation_cmake: 7.3.1 (/opt/ros/jazzy/share/rmw_implementation_cmake/cmake)
-- Found rmw_fastrtps_cpp: 8.4.1 (/opt/ros/jazzy/share/rmw_fastrtps_cpp/cmake)
-- Found OpenSSL: /usr/lib/x86_64-linux-gnu/libcrypto.so (found version "3.0.13")  
-- Found FastRTPS: /opt/ros/jazzy/include (Required is at least version "2.13") 
-- Using RMW implementation 'rmw_fastrtps_cpp' as default
-- Found rclcpp_components: 28.1.3 (/opt/ros/jazzy/share/rclcpp_components/cmake)
-- Found sensor_msgs: 5.3.5 (/opt/ros/jazzy/share/sensor_msgs/cmake)
-- Performing Test COMPILER_HAS_HIDDEN_VISIBILITY
-- Performing Test COMPILER_HAS_HIDDEN_VISIBILITY - Success
-- Performing Test COMPILER_HAS_HIDDEN_INLINE_VISIBILITY
-- Performing Test COMPILER_HAS_HIDDEN_INLINE_VISIBILITY - Success
-- Performing Test COMPILER_HAS_DEPRECATED_ATTR
-- Performing Test COMPILER_HAS_DEPRECATED_ATTR - Success
-- Found ament_lint_auto: 0.17.1 (/opt/ros/jazzy/share/ament_lint_auto/cmake)
-- Found python_cmake_module: 0.11.1 (/opt/ros/jazzy/share/python_cmake_module/cmake)
-- Found PythonExtra: /usr/bin/python3  
-- Added test 'cppcheck' to perform static code analysis on C / C++ code
-- Configured cppcheck include dirs: $<BUILD_INTERFACE:/home/pheonix/ros2_ws/src/teleop_twist_joy/include>
-- Configured cppcheck exclude dirs and/or files: 
-- Added test 'cpplint' to check C / C++ code against the Google style
-- Configured cpplint exclude dirs and/or files: 
-- Added test 'flake8' to check Python code syntax and style conventions
-- Configured 'flake8' exclude dirs and/or files: 
-- Added test 'lint_cmake' to check CMake code style
-- Added test 'pep257' to check Python code against some of the docstring style conventions in PEP 257
-- Added test 'uncrustify' to check C / C++ code style
-- Configured uncrustify additional arguments: 
-- Added test 'xmllint' to check XML markup files
-- Configuring done (3.3s)
-- Generating done (0.0s)
-- Build files have been written to: /home/pheonix/ros2_ws/build/teleop_twist_joy
[ 25%] [32mBuilding CXX object CMakeFiles/teleop_twist_joy.dir/src/teleop_twist_joy.cpp.o[0m
[ 50%] [32m[1mLinking CXX shared library libteleop_twist_joy.so[0m
[ 50%] Built target teleop_twist_joy
[ 75%] [32mBuilding CXX object CMakeFiles/teleop_twist_joy_node.dir/src/teleop_node.cpp.o[0m
[100%] [32m[1mLinking CXX executable teleop_node[0m
[100%] Built target teleop_twist_joy_node
-- Install configuration: ""
-- Execute custom install script
-- Symlinking: /home/pheonix/ros2_ws/install/teleop_twist_joy/lib/teleop_twist_joy/teleop_node
-- Symlinking: /home/pheonix/ros2_ws/install/teleop_twist_joy/include/teleop_twist_joy/teleop_twist_joy/teleop_twist_joy.hpp
-- Symlinking: /home/pheonix/ros2_ws/install/teleop_twist_joy/include/teleop_twist_joy/teleop_twist_joy/teleop_twist_joy_export.h
-- Symlinking: /home/pheonix/ros2_ws/install/teleop_twist_joy/share/teleop_twist_joy/launch/teleop-launch.py
-- Symlinking: /home/pheonix/ros2_ws/install/teleop_twist_joy/share/teleop_twist_joy/config/atk3.config.yaml
-- Symlinking: /home/pheonix/ros2_ws/install/teleop_twist_joy/share/teleop_twist_joy/config/pdp.config.yaml
-- Symlinking: /home/pheonix/ros2_ws/install/teleop_twist_joy/share/teleop_twist_joy/config/ps3-holonomic.config.yaml
-- Symlinking: /home/pheonix/ros2_ws/install/teleop_twist_joy/share/teleop_twist_joy/config/ps3.config.yaml
-- Symlinking: /home/pheonix/ros2_ws/install/teleop_twist_joy/share/teleop_twist_joy/config/xbox.config.yaml
-- Symlinking: /home/pheonix/ros2_ws/install/teleop_twist_joy/share/teleop_twist_joy/config/xd3.config.yaml
-- Symlinking: /home/pheonix/ros2_ws/install/teleop_twist_joy/share/teleop_twist_joy/environment/library_path.sh
-- Symlinking: /home/pheonix/ros2_ws/install/teleop_twist_joy/share/teleop_twist_joy/environment/library_path.dsv
-- Symlinking: /home/pheonix/ros2_ws/install/teleop_twist_joy/share/ament_index/resource_index/package_run_dependencies/teleop_twist_joy
-- Symlinking: /home/pheonix/ros2_ws/install/teleop_twist_joy/share/ament_index/resource_index/parent_prefix_path/teleop_twist_joy
-- Symlinking: /home/pheonix/ros2_ws/install/teleop_twist_joy/share/teleop_twist_joy/environment/ament_prefix_path.sh
-- Symlinking: /home/pheonix/ros2_ws/install/teleop_twist_joy/share/teleop_twist_joy/environment/ament_prefix_path.dsv
-- Symlinking: /home/pheonix/ros2_ws/install/teleop_twist_joy/share/teleop_twist_joy/environment/path.sh
-- Symlinking: /home/pheonix/ros2_ws/install/teleop_twist_joy/share/teleop_twist_joy/environment/path.dsv
-- Symlinking: /home/pheonix/ros2_ws/install/teleop_twist_joy/share/teleop_twist_joy/local_setup.bash
-- Symlinking: /home/pheonix/ros2_ws/install/teleop_twist_joy/share/teleop_twist_joy/local_setup.sh
-- Symlinking: /home/pheonix/ros2_ws/install/teleop_twist_joy/share/teleop_twist_joy/local_setup.zsh
-- Symlinking: /home/pheonix/ros2_ws/install/teleop_twist_joy/share/teleop_twist_joy/local_setup.dsv
-- Symlinking: /home/pheonix/ros2_ws/install/teleop_twist_joy/share/teleop_twist_joy/package.dsv
-- Symlinking: /home/pheonix/ros2_ws/install/teleop_twist_joy/share/ament_index/resource_index/packages/teleop_twist_joy
-- Symlinking: /home/pheonix/ros2_ws/install/teleop_twist_joy/share/ament_index/resource_index/rclcpp_components/teleop_twist_joy
-- Symlinking: /home/pheonix/ros2_ws/install/teleop_twist_joy/share/teleop_twist_joy/cmake/ament_cmake_export_include_directories-extras.cmake
-- Symlinking: /home/pheonix/ros2_ws/install/teleop_twist_joy/share/teleop_twist_joy/cmake/ament_cmake_export_libraries-extras.cmake
-- Symlinking: /home/pheonix/ros2_ws/install/teleop_twist_joy/share/teleop_twist_joy/cmake/ament_cmake_export_targets-extras.cmake
-- Symlinking: /home/pheonix/ros2_ws/install/teleop_twist_joy/share/teleop_twist_joy/cmake/teleop_twist_joyConfig.cmake
-- Symlinking: /home/pheonix/ros2_ws/install/teleop_twist_joy/share/teleop_twist_joy/cmake/teleop_twist_joyConfig-version.cmake
-- Symlinking: /home/pheonix/ros2_ws/install/teleop_twist_joy/share/teleop_twist_joy/package.xml
-- Installing: /home/pheonix/ros2_ws/install/teleop_twist_joy/lib/libteleop_twist_joy.so
-- Set non-toolchain portion of runtime path of "/home/pheonix/ros2_ws/install/teleop_twist_joy/lib/libteleop_twist_joy.so" to ""
-- Installing: /home/pheonix/ros2_ws/install/teleop_twist_joy/share/teleop_twist_joy/cmake/export_teleop_twist_joyExport.cmake
-- Installing: /home/pheonix/ros2_ws/install/teleop_twist_joy/share/teleop_twist_joy/cmake/export_teleop_twist_joyExport-noconfig.cmake
