[0.135s] Invoking command in '/home/pheonix/ros2_ws/build/joystick_drivers': DEBUGINFOD_URLS=https://debuginfod.ubuntu.com /usr/bin/cmake /home/pheonix/ros2_ws/src/joystick_drivers/joystick_drivers -DCATKIN_INSTALL_INTO_PREFIX_ROOT=0 -DCMAKE_INSTALL_PREFIX=/home/pheonix/ros2_ws/install/joystick_drivers
[0.148s] [0mCMake Deprecation Warning at CMakeLists.txt:1 (cmake_minimum_required):
[0.148s]   Compatibility with CMake < 3.5 will be removed from a future version of
[0.149s]   CMake.
[0.149s] 
[0.149s]   Update the VERSION argument <min> value or use a ...<max> suffix to tell
[0.149s]   CMake that the project does not need compatibility with older versions.
[0.149s] 
[0.149s] [0m
[0.218s] -- The C compiler identification is GNU 13.2.0
[0.259s] -- The CXX compiler identification is GNU 13.2.0
[0.371s] -- Detecting C compiler ABI info
[0.517s] -- Detecting C compiler ABI info - done
[0.523s] -- Check for working C compiler: /usr/bin/cc - skipped
[0.523s] -- Detecting C compile features
[0.524s] -- Detecting C compile features - done
[0.533s] -- Detecting CXX compiler ABI info
[0.662s] -- Detecting CXX compiler ABI info - done
[0.671s] -- Check for working CXX compiler: /usr/bin/c++ - skipped
[0.671s] -- Detecting CXX compile features
[0.672s] -- Detecting CXX compile features - done
[0.678s] [31mCMake Error at CMakeLists.txt:3 (find_package):
[0.678s]   By not providing "Findcatkin.cmake" in CMAKE_MODULE_PATH this project has
[0.679s]   asked CMake to find a package configuration file provided by "catkin", but
[0.679s]   CMake did not find one.
[0.679s] 
[0.679s]   Could not find a package configuration file provided by "catkin" with any
[0.679s]   of the following names:
[0.679s] 
[0.679s]     catkinConfig.cmake
[0.679s]     catkin-config.cmake
[0.679s] 
[0.680s]   Add the installation prefix of "catkin" to CMAKE_PREFIX_PATH or set
[0.681s]   "catkin_DIR" to a directory containing one of the above files.  If "catkin"
[0.681s]   provides a separate development package or SDK, be sure it has been
[0.681s]   installed.
[0.681s] 
[0.681s] [0m
[0.681s] -- Configuring incomplete, errors occurred!
[0.685s] Invoked command in '/home/pheonix/ros2_ws/build/joystick_drivers' returned '1': DEBUGINFOD_URLS=https://debuginfod.ubuntu.com /usr/bin/cmake /home/pheonix/ros2_ws/src/joystick_drivers/joystick_drivers -DCATKIN_INSTALL_INTO_PREFIX_ROOT=0 -DCMAKE_INSTALL_PREFIX=/home/pheonix/ros2_ws/install/joystick_drivers
