[0.177s] Invoking command in '/home/pheonix/ros2_ws/build/joy': CMAKE_PREFIX_PATH=${CMAKE_PREFIX_PATH}:/opt/ros/jazzy DEBUGINFOD_URLS=https://debuginfod.ubuntu.com /usr/bin/cmake --build /home/pheonix/ros2_ws/build/joy -- -j2 -l2
[0.245s] [ 20%] Built target joy
[0.269s] [ 40%] Built target joy_node
[0.282s] [ 60%] Built target game_controller
[0.304s] [ 80%] Built target joy_enumerate_devices
[0.316s] [100%] Built target game_controller_node
[0.337s] Invoked command in '/home/pheonix/ros2_ws/build/joy' returned '0': CMAKE_PREFIX_PATH=${CMAKE_PREFIX_PATH}:/opt/ros/jazzy DEBUGINFOD_URLS=https://debuginfod.ubuntu.com /usr/bin/cmake --build /home/pheonix/ros2_ws/build/joy -- -j2 -l2
[0.411s] Invoking command in '/home/pheonix/ros2_ws/build/joy': CMAKE_PREFIX_PATH=${CMAKE_PREFIX_PATH}:/opt/ros/jazzy DEBUGINFOD_URLS=https://debuginfod.ubuntu.com /usr/bin/cmake --install /home/pheonix/ros2_ws/build/joy
[0.417s] -- Install configuration: ""
[0.417s] -- Up-to-date: /home/pheonix/ros2_ws/install/joy/lib/libjoy.so
[0.417s] -- Up-to-date: /home/pheonix/ros2_ws/install/joy/lib/joy/joy_node
[0.417s] -- Up-to-date: /home/pheonix/ros2_ws/install/joy/lib/libgame_controller.so
[0.418s] -- Up-to-date: /home/pheonix/ros2_ws/install/joy/lib/joy/game_controller_node
[0.418s] -- Up-to-date: /home/pheonix/ros2_ws/install/joy/lib/joy/joy_enumerate_devices
[0.418s] -- Up-to-date: /home/pheonix/ros2_ws/install/joy/include/joy
[0.418s] -- Up-to-date: /home/pheonix/ros2_ws/install/joy/include/joy/joy
[0.418s] -- Up-to-date: /home/pheonix/ros2_ws/install/joy/include/joy/joy/game_controller.hpp
[0.418s] -- Up-to-date: /home/pheonix/ros2_ws/install/joy/include/joy/joy/joy.hpp
[0.418s] -- Up-to-date: /home/pheonix/ros2_ws/install/joy/share/joy/config
[0.418s] -- Up-to-date: /home/pheonix/ros2_ws/install/joy/share/joy/config/joy-params.yaml
[0.418s] -- Up-to-date: /home/pheonix/ros2_ws/install/joy/share/joy/launch
[0.418s] -- Up-to-date: /home/pheonix/ros2_ws/install/joy/share/joy/launch/joy-composed-launch.py
[0.418s] -- Up-to-date: /home/pheonix/ros2_ws/install/joy/share/joy/launch/joy-launch.py
[0.418s] -- Up-to-date: /home/pheonix/ros2_ws/install/joy/share/ament_index/resource_index/package_run_dependencies/joy
[0.418s] -- Up-to-date: /home/pheonix/ros2_ws/install/joy/share/ament_index/resource_index/parent_prefix_path/joy
[0.418s] -- Up-to-date: /home/pheonix/ros2_ws/install/joy/share/joy/environment/ament_prefix_path.sh
[0.418s] -- Up-to-date: /home/pheonix/ros2_ws/install/joy/share/joy/environment/ament_prefix_path.dsv
[0.418s] -- Up-to-date: /home/pheonix/ros2_ws/install/joy/share/joy/environment/path.sh
[0.418s] -- Up-to-date: /home/pheonix/ros2_ws/install/joy/share/joy/environment/path.dsv
[0.418s] -- Up-to-date: /home/pheonix/ros2_ws/install/joy/share/joy/local_setup.bash
[0.418s] -- Up-to-date: /home/pheonix/ros2_ws/install/joy/share/joy/local_setup.sh
[0.418s] -- Up-to-date: /home/pheonix/ros2_ws/install/joy/share/joy/local_setup.zsh
[0.419s] -- Up-to-date: /home/pheonix/ros2_ws/install/joy/share/joy/local_setup.dsv
[0.419s] -- Installing: /home/pheonix/ros2_ws/install/joy/share/joy/package.dsv
[0.419s] -- Up-to-date: /home/pheonix/ros2_ws/install/joy/share/ament_index/resource_index/packages/joy
[0.419s] -- Up-to-date: /home/pheonix/ros2_ws/install/joy/share/ament_index/resource_index/rclcpp_components/joy
[0.419s] -- Up-to-date: /home/pheonix/ros2_ws/install/joy/share/joy/cmake/export_joyExport.cmake
[0.419s] -- Up-to-date: /home/pheonix/ros2_ws/install/joy/share/joy/cmake/export_joyExport-noconfig.cmake
[0.419s] -- Up-to-date: /home/pheonix/ros2_ws/install/joy/share/joy/cmake/export_game_controllerExport.cmake
[0.419s] -- Up-to-date: /home/pheonix/ros2_ws/install/joy/share/joy/cmake/export_game_controllerExport-noconfig.cmake
[0.419s] -- Up-to-date: /home/pheonix/ros2_ws/install/joy/share/joy/cmake/ament_cmake_export_targets-extras.cmake
[0.419s] -- Up-to-date: /home/pheonix/ros2_ws/install/joy/share/joy/cmake/ament_cmake_export_dependencies-extras.cmake
[0.419s] -- Up-to-date: /home/pheonix/ros2_ws/install/joy/share/joy/cmake/joyConfig.cmake
[0.419s] -- Up-to-date: /home/pheonix/ros2_ws/install/joy/share/joy/cmake/joyConfig-version.cmake
[0.419s] -- Up-to-date: /home/pheonix/ros2_ws/install/joy/share/joy/package.xml
[0.422s] Invoked command in '/home/pheonix/ros2_ws/build/joy' returned '0': CMAKE_PREFIX_PATH=${CMAKE_PREFIX_PATH}:/opt/ros/jazzy DEBUGINFOD_URLS=https://debuginfod.ubuntu.com /usr/bin/cmake --install /home/pheonix/ros2_ws/build/joy
