[0.501s] DEBUG:colcon:Command line arguments: ['/usr/bin/colcon', 'build']
[0.501s] DEBUG:colcon:Parsed command line arguments: Namespace(log_base=None, log_level=None, verb_name='build', build_base='build', install_base='install', merge_install=False, symlink_install=False, test_result_base=None, continue_on_error=False, executor='parallel', parallel_workers=2, event_handlers=None, ignore_user_meta=False, metas=['./colcon.meta'], base_paths=['.'], packages_ignore=None, packages_ignore_regex=None, paths=None, packages_up_to=None, packages_up_to_regex=None, packages_above=None, packages_above_and_dependencies=None, packages_above_depth=None, packages_select_by_dep=None, packages_skip_by_dep=None, packages_skip_up_to=None, packages_select_build_failed=False, packages_skip_build_finished=False, packages_select_test_failures=False, packages_skip_test_passed=False, packages_select=None, packages_skip=None, packages_select_regex=None, packages_skip_regex=None, packages_start=None, packages_end=None, allow_overriding=[], cmake_args=None, cmake_target=None, cmake_target_skip_unavailable=False, cmake_clean_cache=False, cmake_clean_first=False, cmake_force_configure=False, ament_cmake_args=None, catkin_cmake_args=None, catkin_skip_building_tests=False, mixin_files=None, mixin=None, verb_parser=<colcon_mixin.mixin.mixin_argument.MixinArgumentDecorator object at 0x70c58c692660>, verb_extension=<colcon_core.verb.build.BuildVerb object at 0x70c58c639970>, main=<bound method BuildVerb.main of <colcon_core.verb.build.BuildVerb object at 0x70c58c639970>>, mixin_verb=('build',))
[0.690s] Level 1:colcon.colcon_core.package_discovery:discover_packages(colcon_meta) check parameters
[0.690s] Level 1:colcon.colcon_core.package_discovery:discover_packages(recursive) check parameters
[0.690s] Level 1:colcon.colcon_core.package_discovery:discover_packages(ignore) check parameters
[0.690s] Level 1:colcon.colcon_core.package_discovery:discover_packages(path) check parameters
[0.690s] Level 1:colcon.colcon_core.package_discovery:discover_packages(colcon_meta) discover
[0.690s] Level 1:colcon.colcon_core.package_discovery:discover_packages(recursive) discover
[0.690s] INFO:colcon.colcon_core.package_discovery:Crawling recursively for packages in '/home/pheonix/ros2_ws'
[0.690s] Level 1:colcon.colcon_core.package_identification:_identify(.) by extensions ['ignore', 'ignore_ament_install']
[0.690s] Level 1:colcon.colcon_core.package_identification:_identify(.) by extension 'ignore'
[0.690s] Level 1:colcon.colcon_core.package_identification:_identify(.) by extension 'ignore_ament_install'
[0.690s] Level 1:colcon.colcon_core.package_identification:_identify(.) by extensions ['colcon_pkg']
[0.690s] Level 1:colcon.colcon_core.package_identification:_identify(.) by extension 'colcon_pkg'
[0.690s] Level 1:colcon.colcon_core.package_identification:_identify(.) by extensions ['colcon_meta']
[0.690s] Level 1:colcon.colcon_core.package_identification:_identify(.) by extension 'colcon_meta'
[0.690s] Level 1:colcon.colcon_core.package_identification:_identify(.) by extensions ['ros']
[0.690s] Level 1:colcon.colcon_core.package_identification:_identify(.) by extension 'ros'
[0.786s] Level 1:colcon.colcon_core.package_identification:_identify(.) by extensions ['cmake', 'python']
[0.786s] Level 1:colcon.colcon_core.package_identification:_identify(.) by extension 'cmake'
[0.786s] Level 1:colcon.colcon_core.package_identification:_identify(.) by extension 'python'
[0.786s] Level 1:colcon.colcon_core.package_identification:_identify(.) by extensions ['python_setup_py']
[0.786s] Level 1:colcon.colcon_core.package_identification:_identify(.) by extension 'python_setup_py'
[0.786s] Level 1:colcon.colcon_core.package_identification:_identify(build) by extensions ['ignore', 'ignore_ament_install']
[0.786s] Level 1:colcon.colcon_core.package_identification:_identify(build) by extension 'ignore'
[0.786s] Level 1:colcon.colcon_core.package_identification:_identify(build) ignored
[0.786s] Level 1:colcon.colcon_core.package_identification:_identify(install) by extensions ['ignore', 'ignore_ament_install']
[0.786s] Level 1:colcon.colcon_core.package_identification:_identify(install) by extension 'ignore'
[0.786s] Level 1:colcon.colcon_core.package_identification:_identify(install) ignored
[0.786s] Level 1:colcon.colcon_core.package_identification:_identify(log) by extensions ['ignore', 'ignore_ament_install']
[0.786s] Level 1:colcon.colcon_core.package_identification:_identify(log) by extension 'ignore'
[0.786s] Level 1:colcon.colcon_core.package_identification:_identify(log) ignored
[0.786s] Level 1:colcon.colcon_core.package_identification:_identify(src) by extensions ['ignore', 'ignore_ament_install']
[0.787s] Level 1:colcon.colcon_core.package_identification:_identify(src) by extension 'ignore'
[0.787s] Level 1:colcon.colcon_core.package_identification:_identify(src) by extension 'ignore_ament_install'
[0.787s] Level 1:colcon.colcon_core.package_identification:_identify(src) by extensions ['colcon_pkg']
[0.787s] Level 1:colcon.colcon_core.package_identification:_identify(src) by extension 'colcon_pkg'
[0.787s] Level 1:colcon.colcon_core.package_identification:_identify(src) by extensions ['colcon_meta']
[0.787s] Level 1:colcon.colcon_core.package_identification:_identify(src) by extension 'colcon_meta'
[0.787s] Level 1:colcon.colcon_core.package_identification:_identify(src) by extensions ['ros']
[0.787s] Level 1:colcon.colcon_core.package_identification:_identify(src) by extension 'ros'
[0.787s] Level 1:colcon.colcon_core.package_identification:_identify(src) by extensions ['cmake', 'python']
[0.787s] Level 1:colcon.colcon_core.package_identification:_identify(src) by extension 'cmake'
[0.787s] Level 1:colcon.colcon_core.package_identification:_identify(src) by extension 'python'
[0.787s] Level 1:colcon.colcon_core.package_identification:_identify(src) by extensions ['python_setup_py']
[0.787s] Level 1:colcon.colcon_core.package_identification:_identify(src) by extension 'python_setup_py'
[0.787s] Level 1:colcon.colcon_core.package_identification:_identify(src/launch_ros) by extensions ['ignore', 'ignore_ament_install']
[0.787s] Level 1:colcon.colcon_core.package_identification:_identify(src/launch_ros) by extension 'ignore'
[0.787s] Level 1:colcon.colcon_core.package_identification:_identify(src/launch_ros) by extension 'ignore_ament_install'
[0.787s] Level 1:colcon.colcon_core.package_identification:_identify(src/launch_ros) by extensions ['colcon_pkg']
[0.787s] Level 1:colcon.colcon_core.package_identification:_identify(src/launch_ros) by extension 'colcon_pkg'
[0.787s] Level 1:colcon.colcon_core.package_identification:_identify(src/launch_ros) by extensions ['colcon_meta']
[0.787s] Level 1:colcon.colcon_core.package_identification:_identify(src/launch_ros) by extension 'colcon_meta'
[0.787s] Level 1:colcon.colcon_core.package_identification:_identify(src/launch_ros) by extensions ['ros']
[0.787s] Level 1:colcon.colcon_core.package_identification:_identify(src/launch_ros) by extension 'ros'
[0.787s] Level 1:colcon.colcon_core.package_identification:_identify(src/launch_ros) by extensions ['cmake', 'python']
[0.787s] Level 1:colcon.colcon_core.package_identification:_identify(src/launch_ros) by extension 'cmake'
[0.787s] Level 1:colcon.colcon_core.package_identification:_identify(src/launch_ros) by extension 'python'
[0.787s] Level 1:colcon.colcon_core.package_identification:_identify(src/launch_ros) by extensions ['python_setup_py']
[0.787s] Level 1:colcon.colcon_core.package_identification:_identify(src/launch_ros) by extension 'python_setup_py'
[0.787s] Level 1:colcon.colcon_core.package_identification:_identify(src/launch_ros/launch_ros) by extensions ['ignore', 'ignore_ament_install']
[0.787s] Level 1:colcon.colcon_core.package_identification:_identify(src/launch_ros/launch_ros) by extension 'ignore'
[0.787s] Level 1:colcon.colcon_core.package_identification:_identify(src/launch_ros/launch_ros) by extension 'ignore_ament_install'
[0.787s] Level 1:colcon.colcon_core.package_identification:_identify(src/launch_ros/launch_ros) by extensions ['colcon_pkg']
[0.787s] Level 1:colcon.colcon_core.package_identification:_identify(src/launch_ros/launch_ros) by extension 'colcon_pkg'
[0.787s] Level 1:colcon.colcon_core.package_identification:_identify(src/launch_ros/launch_ros) by extensions ['colcon_meta']
[0.787s] Level 1:colcon.colcon_core.package_identification:_identify(src/launch_ros/launch_ros) by extension 'colcon_meta'
[0.787s] Level 1:colcon.colcon_core.package_identification:_identify(src/launch_ros/launch_ros) by extensions ['ros']
[0.787s] Level 1:colcon.colcon_core.package_identification:_identify(src/launch_ros/launch_ros) by extension 'ros'
[0.806s] DEBUG:colcon.colcon_core.package_identification:Package 'src/launch_ros/launch_ros' with type 'ros.ament_python' and name 'launch_ros'
[0.806s] Level 1:colcon.colcon_core.package_identification:_identify(src/launch_ros/launch_testing_ros) by extensions ['ignore', 'ignore_ament_install']
[0.806s] Level 1:colcon.colcon_core.package_identification:_identify(src/launch_ros/launch_testing_ros) by extension 'ignore'
[0.806s] Level 1:colcon.colcon_core.package_identification:_identify(src/launch_ros/launch_testing_ros) by extension 'ignore_ament_install'
[0.806s] Level 1:colcon.colcon_core.package_identification:_identify(src/launch_ros/launch_testing_ros) by extensions ['colcon_pkg']
[0.806s] Level 1:colcon.colcon_core.package_identification:_identify(src/launch_ros/launch_testing_ros) by extension 'colcon_pkg'
[0.806s] Level 1:colcon.colcon_core.package_identification:_identify(src/launch_ros/launch_testing_ros) by extensions ['colcon_meta']
[0.806s] Level 1:colcon.colcon_core.package_identification:_identify(src/launch_ros/launch_testing_ros) by extension 'colcon_meta'
[0.806s] Level 1:colcon.colcon_core.package_identification:_identify(src/launch_ros/launch_testing_ros) by extensions ['ros']
[0.806s] Level 1:colcon.colcon_core.package_identification:_identify(src/launch_ros/launch_testing_ros) by extension 'ros'
[0.808s] DEBUG:colcon.colcon_core.package_identification:Package 'src/launch_ros/launch_testing_ros' with type 'ros.ament_python' and name 'launch_testing_ros'
[0.808s] Level 1:colcon.colcon_core.package_identification:_identify(src/launch_ros/ros2launch) by extensions ['ignore', 'ignore_ament_install']
[0.808s] Level 1:colcon.colcon_core.package_identification:_identify(src/launch_ros/ros2launch) by extension 'ignore'
[0.808s] Level 1:colcon.colcon_core.package_identification:_identify(src/launch_ros/ros2launch) by extension 'ignore_ament_install'
[0.808s] Level 1:colcon.colcon_core.package_identification:_identify(src/launch_ros/ros2launch) by extensions ['colcon_pkg']
[0.808s] Level 1:colcon.colcon_core.package_identification:_identify(src/launch_ros/ros2launch) by extension 'colcon_pkg'
[0.808s] Level 1:colcon.colcon_core.package_identification:_identify(src/launch_ros/ros2launch) by extensions ['colcon_meta']
[0.808s] Level 1:colcon.colcon_core.package_identification:_identify(src/launch_ros/ros2launch) by extension 'colcon_meta'
[0.808s] Level 1:colcon.colcon_core.package_identification:_identify(src/launch_ros/ros2launch) by extensions ['ros']
[0.808s] Level 1:colcon.colcon_core.package_identification:_identify(src/launch_ros/ros2launch) by extension 'ros'
[0.826s] DEBUG:colcon.colcon_core.package_identification:Package 'src/launch_ros/ros2launch' with type 'ros.ament_python' and name 'ros2launch'
[0.827s] Level 1:colcon.colcon_core.package_identification:_identify(src/launch_ros/test_launch_ros) by extensions ['ignore', 'ignore_ament_install']
[0.827s] Level 1:colcon.colcon_core.package_identification:_identify(src/launch_ros/test_launch_ros) by extension 'ignore'
[0.827s] Level 1:colcon.colcon_core.package_identification:_identify(src/launch_ros/test_launch_ros) by extension 'ignore_ament_install'
[0.827s] Level 1:colcon.colcon_core.package_identification:_identify(src/launch_ros/test_launch_ros) by extensions ['colcon_pkg']
[0.827s] Level 1:colcon.colcon_core.package_identification:_identify(src/launch_ros/test_launch_ros) by extension 'colcon_pkg'
[0.827s] Level 1:colcon.colcon_core.package_identification:_identify(src/launch_ros/test_launch_ros) by extensions ['colcon_meta']
[0.827s] Level 1:colcon.colcon_core.package_identification:_identify(src/launch_ros/test_launch_ros) by extension 'colcon_meta'
[0.827s] Level 1:colcon.colcon_core.package_identification:_identify(src/launch_ros/test_launch_ros) by extensions ['ros']
[0.827s] Level 1:colcon.colcon_core.package_identification:_identify(src/launch_ros/test_launch_ros) by extension 'ros'
[0.830s] DEBUG:colcon.colcon_core.package_identification:Package 'src/launch_ros/test_launch_ros' with type 'ros.ament_python' and name 'test_launch_ros'
[0.830s] Level 1:colcon.colcon_core.package_identification:_identify(src/ros_tutorials) by extensions ['ignore', 'ignore_ament_install']
[0.830s] Level 1:colcon.colcon_core.package_identification:_identify(src/ros_tutorials) by extension 'ignore'
[0.830s] Level 1:colcon.colcon_core.package_identification:_identify(src/ros_tutorials) by extension 'ignore_ament_install'
[0.831s] Level 1:colcon.colcon_core.package_identification:_identify(src/ros_tutorials) by extensions ['colcon_pkg']
[0.831s] Level 1:colcon.colcon_core.package_identification:_identify(src/ros_tutorials) by extension 'colcon_pkg'
[0.831s] Level 1:colcon.colcon_core.package_identification:_identify(src/ros_tutorials) by extensions ['colcon_meta']
[0.831s] Level 1:colcon.colcon_core.package_identification:_identify(src/ros_tutorials) by extension 'colcon_meta'
[0.831s] Level 1:colcon.colcon_core.package_identification:_identify(src/ros_tutorials) by extensions ['ros']
[0.831s] Level 1:colcon.colcon_core.package_identification:_identify(src/ros_tutorials) by extension 'ros'
[0.831s] Level 1:colcon.colcon_core.package_identification:_identify(src/ros_tutorials) by extensions ['cmake', 'python']
[0.831s] Level 1:colcon.colcon_core.package_identification:_identify(src/ros_tutorials) by extension 'cmake'
[0.831s] Level 1:colcon.colcon_core.package_identification:_identify(src/ros_tutorials) by extension 'python'
[0.835s] Level 1:colcon.colcon_core.package_identification:_identify(src/ros_tutorials) by extensions ['python_setup_py']
[0.835s] Level 1:colcon.colcon_core.package_identification:_identify(src/ros_tutorials) by extension 'python_setup_py'
[0.836s] Level 1:colcon.colcon_core.package_identification:_identify(src/ros_tutorials/turtlesim) by extensions ['ignore', 'ignore_ament_install']
[0.836s] Level 1:colcon.colcon_core.package_identification:_identify(src/ros_tutorials/turtlesim) by extension 'ignore'
[0.836s] Level 1:colcon.colcon_core.package_identification:_identify(src/ros_tutorials/turtlesim) by extension 'ignore_ament_install'
[0.836s] Level 1:colcon.colcon_core.package_identification:_identify(src/ros_tutorials/turtlesim) by extensions ['colcon_pkg']
[0.836s] Level 1:colcon.colcon_core.package_identification:_identify(src/ros_tutorials/turtlesim) by extension 'colcon_pkg'
[0.836s] Level 1:colcon.colcon_core.package_identification:_identify(src/ros_tutorials/turtlesim) by extensions ['colcon_meta']
[0.836s] Level 1:colcon.colcon_core.package_identification:_identify(src/ros_tutorials/turtlesim) by extension 'colcon_meta'
[0.836s] Level 1:colcon.colcon_core.package_identification:_identify(src/ros_tutorials/turtlesim) by extensions ['ros']
[0.836s] Level 1:colcon.colcon_core.package_identification:_identify(src/ros_tutorials/turtlesim) by extension 'ros'
[0.841s] DEBUG:colcon.colcon_core.package_identification:Package 'src/ros_tutorials/turtlesim' with type 'ros.ament_cmake' and name 'turtlesim'
[0.841s] Level 1:colcon.colcon_core.package_discovery:discover_packages(recursive) using defaults
[0.841s] Level 1:colcon.colcon_core.package_discovery:discover_packages(ignore) discover
[0.841s] Level 1:colcon.colcon_core.package_discovery:discover_packages(ignore) using defaults
[0.841s] Level 1:colcon.colcon_core.package_discovery:discover_packages(path) discover
[0.841s] Level 1:colcon.colcon_core.package_discovery:discover_packages(path) using defaults
[0.919s] Level 1:colcon.colcon_core.package_discovery:discover_packages(prefix_path) check parameters
[0.919s] Level 1:colcon.colcon_core.package_discovery:discover_packages(prefix_path) discover
[1.046s] DEBUG:colcon.colcon_installed_package_information.package_discovery:Found 19 installed packages in /home/pheonix/ros2_ws/install
[1.061s] DEBUG:colcon.colcon_installed_package_information.package_discovery:Found 337 installed packages in /opt/ros/jazzy
[1.072s] Level 1:colcon.colcon_core.package_discovery:discover_packages(prefix_path) using defaults
[1.411s] WARNING:colcon.colcon_core.package_selection:Some selected packages are already built in one or more underlay workspaces:
	'turtlesim' is in: /home/pheonix/ros2_ws/install/turtlesim, /opt/ros/jazzy
	'ros2launch' is in: /opt/ros/jazzy
	'launch_ros' is in: /home/pheonix/ros2_ws/install/launch_ros, /opt/ros/jazzy
	'launch_testing_ros' is in: /home/pheonix/ros2_ws/install/launch_testing_ros, /opt/ros/jazzy
If a package in a merged underlay workspace is overridden and it installs headers, then all packages in the overlay must sort their include directories by workspace order. Failure to do so may result in build failures or undefined behavior at run time.
If the overridden package is used by another package in any underlay, then the overriding package in the overlay must be API and ABI compatible or undefined behavior at run time may occur.

If you understand the risks and want to override a package anyways, add the following to the command line:
	--allow-overriding launch_ros launch_testing_ros ros2launch turtlesim

This may be promoted to an error in a future release of colcon-override-check.
[1.413s] Level 5:colcon.colcon_core.verb:set package 'launch_ros' build argument 'cmake_args' from command line to 'None'
[1.413s] Level 5:colcon.colcon_core.verb:set package 'launch_ros' build argument 'cmake_target' from command line to 'None'
[1.413s] Level 5:colcon.colcon_core.verb:set package 'launch_ros' build argument 'cmake_target_skip_unavailable' from command line to 'False'
[1.413s] Level 5:colcon.colcon_core.verb:set package 'launch_ros' build argument 'cmake_clean_cache' from command line to 'False'
[1.413s] Level 5:colcon.colcon_core.verb:set package 'launch_ros' build argument 'cmake_clean_first' from command line to 'False'
[1.413s] Level 5:colcon.colcon_core.verb:set package 'launch_ros' build argument 'cmake_force_configure' from command line to 'False'
[1.413s] Level 5:colcon.colcon_core.verb:set package 'launch_ros' build argument 'ament_cmake_args' from command line to 'None'
[1.413s] Level 5:colcon.colcon_core.verb:set package 'launch_ros' build argument 'catkin_cmake_args' from command line to 'None'
[1.413s] Level 5:colcon.colcon_core.verb:set package 'launch_ros' build argument 'catkin_skip_building_tests' from command line to 'False'
[1.413s] DEBUG:colcon.colcon_core.verb:Building package 'launch_ros' with the following arguments: {'ament_cmake_args': None, 'build_base': '/home/pheonix/ros2_ws/build/launch_ros', 'catkin_cmake_args': None, 'catkin_skip_building_tests': False, 'cmake_args': None, 'cmake_clean_cache': False, 'cmake_clean_first': False, 'cmake_force_configure': False, 'cmake_target': None, 'cmake_target_skip_unavailable': False, 'install_base': '/home/pheonix/ros2_ws/install/launch_ros', 'merge_install': False, 'path': '/home/pheonix/ros2_ws/src/launch_ros/launch_ros', 'symlink_install': False, 'test_result_base': None}
[1.413s] Level 5:colcon.colcon_core.verb:set package 'turtlesim' build argument 'cmake_args' from command line to 'None'
[1.414s] Level 5:colcon.colcon_core.verb:set package 'turtlesim' build argument 'cmake_target' from command line to 'None'
[1.414s] Level 5:colcon.colcon_core.verb:set package 'turtlesim' build argument 'cmake_target_skip_unavailable' from command line to 'False'
[1.414s] Level 5:colcon.colcon_core.verb:set package 'turtlesim' build argument 'cmake_clean_cache' from command line to 'False'
[1.414s] Level 5:colcon.colcon_core.verb:set package 'turtlesim' build argument 'cmake_clean_first' from command line to 'False'
[1.414s] Level 5:colcon.colcon_core.verb:set package 'turtlesim' build argument 'cmake_force_configure' from command line to 'False'
[1.414s] Level 5:colcon.colcon_core.verb:set package 'turtlesim' build argument 'ament_cmake_args' from command line to 'None'
[1.414s] Level 5:colcon.colcon_core.verb:set package 'turtlesim' build argument 'catkin_cmake_args' from command line to 'None'
[1.414s] Level 5:colcon.colcon_core.verb:set package 'turtlesim' build argument 'catkin_skip_building_tests' from command line to 'False'
[1.414s] DEBUG:colcon.colcon_core.verb:Building package 'turtlesim' with the following arguments: {'ament_cmake_args': None, 'build_base': '/home/pheonix/ros2_ws/build/turtlesim', 'catkin_cmake_args': None, 'catkin_skip_building_tests': False, 'cmake_args': None, 'cmake_clean_cache': False, 'cmake_clean_first': False, 'cmake_force_configure': False, 'cmake_target': None, 'cmake_target_skip_unavailable': False, 'install_base': '/home/pheonix/ros2_ws/install/turtlesim', 'merge_install': False, 'path': '/home/pheonix/ros2_ws/src/ros_tutorials/turtlesim', 'symlink_install': False, 'test_result_base': None}
[1.414s] Level 5:colcon.colcon_core.verb:set package 'launch_testing_ros' build argument 'cmake_args' from command line to 'None'
[1.414s] Level 5:colcon.colcon_core.verb:set package 'launch_testing_ros' build argument 'cmake_target' from command line to 'None'
[1.414s] Level 5:colcon.colcon_core.verb:set package 'launch_testing_ros' build argument 'cmake_target_skip_unavailable' from command line to 'False'
[1.414s] Level 5:colcon.colcon_core.verb:set package 'launch_testing_ros' build argument 'cmake_clean_cache' from command line to 'False'
[1.414s] Level 5:colcon.colcon_core.verb:set package 'launch_testing_ros' build argument 'cmake_clean_first' from command line to 'False'
[1.414s] Level 5:colcon.colcon_core.verb:set package 'launch_testing_ros' build argument 'cmake_force_configure' from command line to 'False'
[1.414s] Level 5:colcon.colcon_core.verb:set package 'launch_testing_ros' build argument 'ament_cmake_args' from command line to 'None'
[1.414s] Level 5:colcon.colcon_core.verb:set package 'launch_testing_ros' build argument 'catkin_cmake_args' from command line to 'None'
[1.414s] Level 5:colcon.colcon_core.verb:set package 'launch_testing_ros' build argument 'catkin_skip_building_tests' from command line to 'False'
[1.414s] DEBUG:colcon.colcon_core.verb:Building package 'launch_testing_ros' with the following arguments: {'ament_cmake_args': None, 'build_base': '/home/pheonix/ros2_ws/build/launch_testing_ros', 'catkin_cmake_args': None, 'catkin_skip_building_tests': False, 'cmake_args': None, 'cmake_clean_cache': False, 'cmake_clean_first': False, 'cmake_force_configure': False, 'cmake_target': None, 'cmake_target_skip_unavailable': False, 'install_base': '/home/pheonix/ros2_ws/install/launch_testing_ros', 'merge_install': False, 'path': '/home/pheonix/ros2_ws/src/launch_ros/launch_testing_ros', 'symlink_install': False, 'test_result_base': None}
[1.414s] Level 5:colcon.colcon_core.verb:set package 'ros2launch' build argument 'cmake_args' from command line to 'None'
[1.414s] Level 5:colcon.colcon_core.verb:set package 'ros2launch' build argument 'cmake_target' from command line to 'None'
[1.414s] Level 5:colcon.colcon_core.verb:set package 'ros2launch' build argument 'cmake_target_skip_unavailable' from command line to 'False'
[1.414s] Level 5:colcon.colcon_core.verb:set package 'ros2launch' build argument 'cmake_clean_cache' from command line to 'False'
[1.414s] Level 5:colcon.colcon_core.verb:set package 'ros2launch' build argument 'cmake_clean_first' from command line to 'False'
[1.414s] Level 5:colcon.colcon_core.verb:set package 'ros2launch' build argument 'cmake_force_configure' from command line to 'False'
[1.414s] Level 5:colcon.colcon_core.verb:set package 'ros2launch' build argument 'ament_cmake_args' from command line to 'None'
[1.414s] Level 5:colcon.colcon_core.verb:set package 'ros2launch' build argument 'catkin_cmake_args' from command line to 'None'
[1.414s] Level 5:colcon.colcon_core.verb:set package 'ros2launch' build argument 'catkin_skip_building_tests' from command line to 'False'
[1.414s] DEBUG:colcon.colcon_core.verb:Building package 'ros2launch' with the following arguments: {'ament_cmake_args': None, 'build_base': '/home/pheonix/ros2_ws/build/ros2launch', 'catkin_cmake_args': None, 'catkin_skip_building_tests': False, 'cmake_args': None, 'cmake_clean_cache': False, 'cmake_clean_first': False, 'cmake_force_configure': False, 'cmake_target': None, 'cmake_target_skip_unavailable': False, 'install_base': '/home/pheonix/ros2_ws/install/ros2launch', 'merge_install': False, 'path': '/home/pheonix/ros2_ws/src/launch_ros/ros2launch', 'symlink_install': False, 'test_result_base': None}
[1.414s] Level 5:colcon.colcon_core.verb:set package 'test_launch_ros' build argument 'cmake_args' from command line to 'None'
[1.414s] Level 5:colcon.colcon_core.verb:set package 'test_launch_ros' build argument 'cmake_target' from command line to 'None'
[1.414s] Level 5:colcon.colcon_core.verb:set package 'test_launch_ros' build argument 'cmake_target_skip_unavailable' from command line to 'False'
[1.414s] Level 5:colcon.colcon_core.verb:set package 'test_launch_ros' build argument 'cmake_clean_cache' from command line to 'False'
[1.414s] Level 5:colcon.colcon_core.verb:set package 'test_launch_ros' build argument 'cmake_clean_first' from command line to 'False'
[1.415s] Level 5:colcon.colcon_core.verb:set package 'test_launch_ros' build argument 'cmake_force_configure' from command line to 'False'
[1.415s] Level 5:colcon.colcon_core.verb:set package 'test_launch_ros' build argument 'ament_cmake_args' from command line to 'None'
[1.415s] Level 5:colcon.colcon_core.verb:set package 'test_launch_ros' build argument 'catkin_cmake_args' from command line to 'None'
[1.415s] Level 5:colcon.colcon_core.verb:set package 'test_launch_ros' build argument 'catkin_skip_building_tests' from command line to 'False'
[1.415s] DEBUG:colcon.colcon_core.verb:Building package 'test_launch_ros' with the following arguments: {'ament_cmake_args': None, 'build_base': '/home/pheonix/ros2_ws/build/test_launch_ros', 'catkin_cmake_args': None, 'catkin_skip_building_tests': False, 'cmake_args': None, 'cmake_clean_cache': False, 'cmake_clean_first': False, 'cmake_force_configure': False, 'cmake_target': None, 'cmake_target_skip_unavailable': False, 'install_base': '/home/pheonix/ros2_ws/install/test_launch_ros', 'merge_install': False, 'path': '/home/pheonix/ros2_ws/src/launch_ros/test_launch_ros', 'symlink_install': False, 'test_result_base': None}
[1.415s] INFO:colcon.colcon_core.executor:Executing jobs using 'parallel' executor
[1.417s] DEBUG:colcon.colcon_parallel_executor.executor.parallel:run_until_complete
[1.418s] INFO:colcon.colcon_ros.task.ament_python.build:Building ROS package in '/home/pheonix/ros2_ws/src/launch_ros/launch_ros' with build type 'ament_python'
[1.418s] Level 1:colcon.colcon_core.shell:create_environment_hook('launch_ros', 'ament_prefix_path')
[1.433s] INFO:colcon.colcon_core.plugin_system:Skipping extension 'colcon_core.shell.bat': Not used on non-Windows systems
[1.433s] INFO:colcon.colcon_core.shell:Creating environment hook '/home/pheonix/ros2_ws/install/launch_ros/share/launch_ros/hook/ament_prefix_path.ps1'
[1.443s] INFO:colcon.colcon_core.shell:Creating environment descriptor '/home/pheonix/ros2_ws/install/launch_ros/share/launch_ros/hook/ament_prefix_path.dsv'
[1.450s] INFO:colcon.colcon_core.shell:Creating environment hook '/home/pheonix/ros2_ws/install/launch_ros/share/launch_ros/hook/ament_prefix_path.sh'
[1.460s] INFO:colcon.colcon_core.shell:Skip shell extension 'powershell' for command environment: Not usable outside of PowerShell
[1.461s] DEBUG:colcon.colcon_core.shell:Skip shell extension 'dsv' for command environment
[1.476s] INFO:colcon.colcon_ros.task.ament_cmake.build:Building ROS package in '/home/pheonix/ros2_ws/src/ros_tutorials/turtlesim' with build type 'ament_cmake'
[1.476s] INFO:colcon.colcon_cmake.task.cmake.build:Building CMake package in '/home/pheonix/ros2_ws/src/ros_tutorials/turtlesim'
[1.477s] INFO:colcon.colcon_core.shell:Skip shell extension 'powershell' for command environment: Not usable outside of PowerShell
[1.477s] DEBUG:colcon.colcon_core.shell:Skip shell extension 'dsv' for command environment
[1.721s] INFO:colcon.colcon_core.task.python.build:Building Python package in '/home/pheonix/ros2_ws/src/launch_ros/launch_ros'
[1.721s] INFO:colcon.colcon_core.shell:Skip shell extension 'powershell' for command environment: Not usable outside of PowerShell
[1.721s] DEBUG:colcon.colcon_core.shell:Skip shell extension 'dsv' for command environment
[1.742s] DEBUG:colcon.colcon_core.event_handler.log_command:Invoking command in '/home/pheonix/ros2_ws/build/turtlesim': CMAKE_PREFIX_PATH=${CMAKE_PREFIX_PATH}:/opt/ros/jazzy DEBUGINFOD_URLS=https://debuginfod.ubuntu.com /usr/bin/cmake --build /home/pheonix/ros2_ws/build/turtlesim -- -j2 -l2
[3.789s] DEBUG:colcon.colcon_core.event_handler.log_command:Invoking command in '/home/pheonix/ros2_ws/src/launch_ros/launch_ros': DEBUGINFOD_URLS=https://debuginfod.ubuntu.com PYTHONPATH=/home/pheonix/ros2_ws/build/launch_ros/prefix_override:/usr/lib/python3/dist-packages/colcon_core/task/python/colcon_distutils_commands:/home/pheonix/ros2_ws/install/launch_ros/lib/python3.12/site-packages:${PYTHONPATH} /usr/bin/python3 -W ignore:setup.py install is deprecated setup.py egg_info --egg-base ../../../build/launch_ros build --build-base /home/pheonix/ros2_ws/build/launch_ros/build install --record /home/pheonix/ros2_ws/build/launch_ros/install.log --single-version-externally-managed install_data
[4.538s] DEBUG:colcon.colcon_core.event_handler.log_command:Invoked command in '/home/pheonix/ros2_ws/src/launch_ros/launch_ros' returned '0': DEBUGINFOD_URLS=https://debuginfod.ubuntu.com PYTHONPATH=/home/pheonix/ros2_ws/build/launch_ros/prefix_override:/usr/lib/python3/dist-packages/colcon_core/task/python/colcon_distutils_commands:/home/pheonix/ros2_ws/install/launch_ros/lib/python3.12/site-packages:${PYTHONPATH} /usr/bin/python3 -W ignore:setup.py install is deprecated setup.py egg_info --egg-base ../../../build/launch_ros build --build-base /home/pheonix/ros2_ws/build/launch_ros/build install --record /home/pheonix/ros2_ws/build/launch_ros/install.log --single-version-externally-managed install_data
[4.553s] Level 1:colcon.colcon_core.environment:checking '/home/pheonix/ros2_ws/install/launch_ros' for CMake module files
[4.553s] Level 1:colcon.colcon_core.environment:checking '/home/pheonix/ros2_ws/install/launch_ros' for CMake config files
[4.556s] Level 1:colcon.colcon_core.environment:checking '/home/pheonix/ros2_ws/install/launch_ros/lib'
[4.556s] Level 1:colcon.colcon_core.environment:checking '/home/pheonix/ros2_ws/install/launch_ros/bin'
[4.556s] Level 1:colcon.colcon_core.environment:checking '/home/pheonix/ros2_ws/install/launch_ros/lib/pkgconfig/launch_ros.pc'
[4.556s] Level 1:colcon.colcon_core.environment:checking '/home/pheonix/ros2_ws/install/launch_ros/lib/python3.12/site-packages'
[4.557s] Level 1:colcon.colcon_core.shell:create_environment_hook('launch_ros', 'pythonpath')
[4.557s] INFO:colcon.colcon_core.shell:Creating environment hook '/home/pheonix/ros2_ws/install/launch_ros/share/launch_ros/hook/pythonpath.ps1'
[4.557s] INFO:colcon.colcon_core.shell:Creating environment descriptor '/home/pheonix/ros2_ws/install/launch_ros/share/launch_ros/hook/pythonpath.dsv'
[4.560s] INFO:colcon.colcon_core.shell:Creating environment hook '/home/pheonix/ros2_ws/install/launch_ros/share/launch_ros/hook/pythonpath.sh'
[4.561s] Level 1:colcon.colcon_core.environment:checking '/home/pheonix/ros2_ws/install/launch_ros/bin'
[4.561s] Level 1:colcon.colcon_core.environment:create_environment_scripts_only(launch_ros)
[4.562s] INFO:colcon.colcon_core.shell:Creating package script '/home/pheonix/ros2_ws/install/launch_ros/share/launch_ros/package.ps1'
[4.566s] INFO:colcon.colcon_core.shell:Creating package descriptor '/home/pheonix/ros2_ws/install/launch_ros/share/launch_ros/package.dsv'
[4.567s] INFO:colcon.colcon_core.shell:Creating package script '/home/pheonix/ros2_ws/install/launch_ros/share/launch_ros/package.sh'
[4.568s] INFO:colcon.colcon_core.shell:Creating package script '/home/pheonix/ros2_ws/install/launch_ros/share/launch_ros/package.bash'
[4.570s] INFO:colcon.colcon_core.shell:Creating package script '/home/pheonix/ros2_ws/install/launch_ros/share/launch_ros/package.zsh'
[4.570s] Level 1:colcon.colcon_core.environment:create_file_with_runtime_dependencies(/home/pheonix/ros2_ws/install/launch_ros/share/colcon-core/packages/launch_ros)
[4.571s] INFO:colcon.colcon_ros.task.ament_python.build:Building ROS package in '/home/pheonix/ros2_ws/src/launch_ros/launch_testing_ros' with build type 'ament_python'
[4.572s] Level 1:colcon.colcon_core.shell:create_environment_hook('launch_testing_ros', 'ament_prefix_path')
[4.572s] INFO:colcon.colcon_core.shell:Creating environment hook '/home/pheonix/ros2_ws/install/launch_testing_ros/share/launch_testing_ros/hook/ament_prefix_path.ps1'
[4.574s] INFO:colcon.colcon_core.shell:Creating environment descriptor '/home/pheonix/ros2_ws/install/launch_testing_ros/share/launch_testing_ros/hook/ament_prefix_path.dsv'
[4.575s] INFO:colcon.colcon_core.shell:Creating environment hook '/home/pheonix/ros2_ws/install/launch_testing_ros/share/launch_testing_ros/hook/ament_prefix_path.sh'
[4.576s] INFO:colcon.colcon_core.shell:Skip shell extension 'powershell' for command environment: Not usable outside of PowerShell
[4.576s] DEBUG:colcon.colcon_core.shell:Skip shell extension 'dsv' for command environment
[4.777s] INFO:colcon.colcon_core.task.python.build:Building Python package in '/home/pheonix/ros2_ws/src/launch_ros/launch_testing_ros'
[4.777s] INFO:colcon.colcon_core.shell:Skip shell extension 'powershell' for command environment: Not usable outside of PowerShell
[4.777s] DEBUG:colcon.colcon_core.shell:Skip shell extension 'dsv' for command environment
[4.794s] DEBUG:colcon.colcon_core.event_handler.log_command:Invoked command in '/home/pheonix/ros2_ws/build/turtlesim' returned '0': CMAKE_PREFIX_PATH=${CMAKE_PREFIX_PATH}:/opt/ros/jazzy DEBUGINFOD_URLS=https://debuginfod.ubuntu.com /usr/bin/cmake --build /home/pheonix/ros2_ws/build/turtlesim -- -j2 -l2
[5.300s] DEBUG:colcon.colcon_core.event_handler.log_command:Invoking command in '/home/pheonix/ros2_ws/src/launch_ros/launch_testing_ros': AMENT_PREFIX_PATH=/home/pheonix/ros2_ws/install/launch_ros:${AMENT_PREFIX_PATH} DEBUGINFOD_URLS=https://debuginfod.ubuntu.com PYTHONPATH=/home/pheonix/ros2_ws/build/launch_testing_ros/prefix_override:/usr/lib/python3/dist-packages/colcon_core/task/python/colcon_distutils_commands:/home/pheonix/ros2_ws/install/launch_testing_ros/lib/python3.12/site-packages:/home/pheonix/ros2_ws/install/launch_ros/lib/python3.12/site-packages:${PYTHONPATH} /usr/bin/python3 -W ignore:setup.py install is deprecated setup.py egg_info --egg-base ../../../build/launch_testing_ros build --build-base /home/pheonix/ros2_ws/build/launch_testing_ros/build install --record /home/pheonix/ros2_ws/build/launch_testing_ros/install.log --single-version-externally-managed install_data
[5.397s] DEBUG:colcon.colcon_core.event_handler.log_command:Invoking command in '/home/pheonix/ros2_ws/build/turtlesim': CMAKE_PREFIX_PATH=${CMAKE_PREFIX_PATH}:/opt/ros/jazzy DEBUGINFOD_URLS=https://debuginfod.ubuntu.com /usr/bin/cmake --install /home/pheonix/ros2_ws/build/turtlesim
[5.664s] Level 1:colcon.colcon_core.environment:create_environment_scripts_only(turtlesim)
[5.664s] Level 1:colcon.colcon_core.environment:checking '/home/pheonix/ros2_ws/install/turtlesim' for CMake module files
[5.665s] DEBUG:colcon.colcon_core.event_handler.log_command:Invoked command in '/home/pheonix/ros2_ws/build/turtlesim' returned '0': CMAKE_PREFIX_PATH=${CMAKE_PREFIX_PATH}:/opt/ros/jazzy DEBUGINFOD_URLS=https://debuginfod.ubuntu.com /usr/bin/cmake --install /home/pheonix/ros2_ws/build/turtlesim
[5.667s] Level 1:colcon.colcon_core.environment:checking '/home/pheonix/ros2_ws/install/turtlesim' for CMake config files
[5.668s] Level 1:colcon.colcon_core.shell:create_environment_hook('turtlesim', 'cmake_prefix_path')
[5.668s] INFO:colcon.colcon_core.shell:Creating environment hook '/home/pheonix/ros2_ws/install/turtlesim/share/turtlesim/hook/cmake_prefix_path.ps1'
[5.670s] INFO:colcon.colcon_core.shell:Creating environment descriptor '/home/pheonix/ros2_ws/install/turtlesim/share/turtlesim/hook/cmake_prefix_path.dsv'
[5.671s] INFO:colcon.colcon_core.shell:Creating environment hook '/home/pheonix/ros2_ws/install/turtlesim/share/turtlesim/hook/cmake_prefix_path.sh'
[5.677s] Level 1:colcon.colcon_core.environment:checking '/home/pheonix/ros2_ws/install/turtlesim/lib'
[5.677s] Level 1:colcon.colcon_core.shell:create_environment_hook('turtlesim', 'ld_library_path_lib')
[5.678s] INFO:colcon.colcon_core.shell:Creating environment hook '/home/pheonix/ros2_ws/install/turtlesim/share/turtlesim/hook/ld_library_path_lib.ps1'
[5.678s] INFO:colcon.colcon_core.shell:Creating environment descriptor '/home/pheonix/ros2_ws/install/turtlesim/share/turtlesim/hook/ld_library_path_lib.dsv'
[5.679s] INFO:colcon.colcon_core.shell:Creating environment hook '/home/pheonix/ros2_ws/install/turtlesim/share/turtlesim/hook/ld_library_path_lib.sh'
[5.681s] Level 1:colcon.colcon_core.environment:checking '/home/pheonix/ros2_ws/install/turtlesim/bin'
[5.681s] Level 1:colcon.colcon_core.environment:checking '/home/pheonix/ros2_ws/install/turtlesim/lib/pkgconfig/turtlesim.pc'
[5.681s] Level 1:colcon.colcon_core.environment:checking '/home/pheonix/ros2_ws/install/turtlesim/lib/python3.12/site-packages'
[5.681s] Level 1:colcon.colcon_core.shell:create_environment_hook('turtlesim', 'pythonpath')
[5.681s] INFO:colcon.colcon_core.shell:Creating environment hook '/home/pheonix/ros2_ws/install/turtlesim/share/turtlesim/hook/pythonpath.ps1'
[5.682s] INFO:colcon.colcon_core.shell:Creating environment descriptor '/home/pheonix/ros2_ws/install/turtlesim/share/turtlesim/hook/pythonpath.dsv'
[5.682s] INFO:colcon.colcon_core.shell:Creating environment hook '/home/pheonix/ros2_ws/install/turtlesim/share/turtlesim/hook/pythonpath.sh'
[5.683s] Level 1:colcon.colcon_core.environment:checking '/home/pheonix/ros2_ws/install/turtlesim/bin'
[5.683s] INFO:colcon.colcon_core.shell:Creating package script '/home/pheonix/ros2_ws/install/turtlesim/share/turtlesim/package.ps1'
[5.684s] INFO:colcon.colcon_core.shell:Creating package descriptor '/home/pheonix/ros2_ws/install/turtlesim/share/turtlesim/package.dsv'
[5.684s] INFO:colcon.colcon_core.shell:Creating package script '/home/pheonix/ros2_ws/install/turtlesim/share/turtlesim/package.sh'
[5.685s] INFO:colcon.colcon_core.shell:Creating package script '/home/pheonix/ros2_ws/install/turtlesim/share/turtlesim/package.bash'
[5.685s] INFO:colcon.colcon_core.shell:Creating package script '/home/pheonix/ros2_ws/install/turtlesim/share/turtlesim/package.zsh'
[5.686s] Level 1:colcon.colcon_core.environment:create_file_with_runtime_dependencies(/home/pheonix/ros2_ws/install/turtlesim/share/colcon-core/packages/turtlesim)
[5.894s] Level 1:colcon.colcon_core.environment:checking '/home/pheonix/ros2_ws/install/launch_testing_ros' for CMake module files
[5.894s] DEBUG:colcon.colcon_core.event_handler.log_command:Invoked command in '/home/pheonix/ros2_ws/src/launch_ros/launch_testing_ros' returned '0': AMENT_PREFIX_PATH=/home/pheonix/ros2_ws/install/launch_ros:${AMENT_PREFIX_PATH} DEBUGINFOD_URLS=https://debuginfod.ubuntu.com PYTHONPATH=/home/pheonix/ros2_ws/build/launch_testing_ros/prefix_override:/usr/lib/python3/dist-packages/colcon_core/task/python/colcon_distutils_commands:/home/pheonix/ros2_ws/install/launch_testing_ros/lib/python3.12/site-packages:/home/pheonix/ros2_ws/install/launch_ros/lib/python3.12/site-packages:${PYTHONPATH} /usr/bin/python3 -W ignore:setup.py install is deprecated setup.py egg_info --egg-base ../../../build/launch_testing_ros build --build-base /home/pheonix/ros2_ws/build/launch_testing_ros/build install --record /home/pheonix/ros2_ws/build/launch_testing_ros/install.log --single-version-externally-managed install_data
[5.894s] Level 1:colcon.colcon_core.environment:checking '/home/pheonix/ros2_ws/install/launch_testing_ros' for CMake config files
[5.895s] Level 1:colcon.colcon_core.environment:checking '/home/pheonix/ros2_ws/install/launch_testing_ros/lib'
[5.895s] Level 1:colcon.colcon_core.environment:checking '/home/pheonix/ros2_ws/install/launch_testing_ros/bin'
[5.895s] Level 1:colcon.colcon_core.environment:checking '/home/pheonix/ros2_ws/install/launch_testing_ros/lib/pkgconfig/launch_testing_ros.pc'
[5.895s] Level 1:colcon.colcon_core.environment:checking '/home/pheonix/ros2_ws/install/launch_testing_ros/lib/python3.12/site-packages'
[5.895s] Level 1:colcon.colcon_core.shell:create_environment_hook('launch_testing_ros', 'pythonpath')
[5.895s] INFO:colcon.colcon_core.shell:Creating environment hook '/home/pheonix/ros2_ws/install/launch_testing_ros/share/launch_testing_ros/hook/pythonpath.ps1'
[5.896s] INFO:colcon.colcon_core.shell:Creating environment descriptor '/home/pheonix/ros2_ws/install/launch_testing_ros/share/launch_testing_ros/hook/pythonpath.dsv'
[5.896s] INFO:colcon.colcon_core.shell:Creating environment hook '/home/pheonix/ros2_ws/install/launch_testing_ros/share/launch_testing_ros/hook/pythonpath.sh'
[5.897s] Level 1:colcon.colcon_core.environment:checking '/home/pheonix/ros2_ws/install/launch_testing_ros/bin'
[5.897s] Level 1:colcon.colcon_core.environment:create_environment_scripts_only(launch_testing_ros)
[5.897s] INFO:colcon.colcon_core.shell:Creating package script '/home/pheonix/ros2_ws/install/launch_testing_ros/share/launch_testing_ros/package.ps1'
[5.899s] INFO:colcon.colcon_core.shell:Creating package descriptor '/home/pheonix/ros2_ws/install/launch_testing_ros/share/launch_testing_ros/package.dsv'
[5.901s] INFO:colcon.colcon_core.shell:Creating package script '/home/pheonix/ros2_ws/install/launch_testing_ros/share/launch_testing_ros/package.sh'
[5.903s] INFO:colcon.colcon_core.shell:Creating package script '/home/pheonix/ros2_ws/install/launch_testing_ros/share/launch_testing_ros/package.bash'
[5.904s] INFO:colcon.colcon_core.shell:Creating package script '/home/pheonix/ros2_ws/install/launch_testing_ros/share/launch_testing_ros/package.zsh'
[5.904s] Level 1:colcon.colcon_core.environment:create_file_with_runtime_dependencies(/home/pheonix/ros2_ws/install/launch_testing_ros/share/colcon-core/packages/launch_testing_ros)
[5.904s] INFO:colcon.colcon_ros.task.ament_python.build:Building ROS package in '/home/pheonix/ros2_ws/src/launch_ros/ros2launch' with build type 'ament_python'
[5.905s] Level 1:colcon.colcon_core.shell:create_environment_hook('ros2launch', 'ament_prefix_path')
[5.907s] INFO:colcon.colcon_core.shell:Creating environment hook '/home/pheonix/ros2_ws/install/ros2launch/share/ros2launch/hook/ament_prefix_path.ps1'
[5.912s] INFO:colcon.colcon_core.shell:Creating environment descriptor '/home/pheonix/ros2_ws/install/ros2launch/share/ros2launch/hook/ament_prefix_path.dsv'
[5.913s] INFO:colcon.colcon_core.shell:Creating environment hook '/home/pheonix/ros2_ws/install/ros2launch/share/ros2launch/hook/ament_prefix_path.sh'
[5.913s] INFO:colcon.colcon_core.shell:Skip shell extension 'powershell' for command environment: Not usable outside of PowerShell
[5.913s] DEBUG:colcon.colcon_core.shell:Skip shell extension 'dsv' for command environment
[6.162s] INFO:colcon.colcon_core.task.python.build:Building Python package in '/home/pheonix/ros2_ws/src/launch_ros/ros2launch'
[6.163s] INFO:colcon.colcon_core.shell:Skip shell extension 'powershell' for command environment: Not usable outside of PowerShell
[6.163s] DEBUG:colcon.colcon_core.shell:Skip shell extension 'dsv' for command environment
[6.604s] DEBUG:colcon.colcon_core.event_handler.log_command:Invoking command in '/home/pheonix/ros2_ws/src/launch_ros/ros2launch': AMENT_PREFIX_PATH=/home/pheonix/ros2_ws/install/launch_ros:${AMENT_PREFIX_PATH} DEBUGINFOD_URLS=https://debuginfod.ubuntu.com PYTHONPATH=/home/pheonix/ros2_ws/build/ros2launch/prefix_override:/usr/lib/python3/dist-packages/colcon_core/task/python/colcon_distutils_commands:/home/pheonix/ros2_ws/install/ros2launch/lib/python3.12/site-packages:/home/pheonix/ros2_ws/install/launch_ros/lib/python3.12/site-packages:${PYTHONPATH} /usr/bin/python3 -W ignore:setup.py install is deprecated setup.py egg_info --egg-base ../../../build/ros2launch build --build-base /home/pheonix/ros2_ws/build/ros2launch/build install --record /home/pheonix/ros2_ws/build/ros2launch/install.log --single-version-externally-managed install_data
[6.672s] Level 1:colcon.colcon_core.environment:create_environment_scripts_only(turtlesim)
[6.672s] Level 1:colcon.colcon_core.environment:checking '/home/pheonix/ros2_ws/install/turtlesim' for CMake module files
[6.672s] Level 1:colcon.colcon_core.environment:checking '/home/pheonix/ros2_ws/install/turtlesim' for CMake config files
[6.672s] Level 1:colcon.colcon_core.shell:create_environment_hook('turtlesim', 'cmake_prefix_path')
[6.673s] INFO:colcon.colcon_core.shell:Creating environment hook '/home/pheonix/ros2_ws/install/turtlesim/share/turtlesim/hook/cmake_prefix_path.ps1'
[6.673s] INFO:colcon.colcon_core.shell:Creating environment descriptor '/home/pheonix/ros2_ws/install/turtlesim/share/turtlesim/hook/cmake_prefix_path.dsv'
[6.674s] INFO:colcon.colcon_core.shell:Creating environment hook '/home/pheonix/ros2_ws/install/turtlesim/share/turtlesim/hook/cmake_prefix_path.sh'
[6.674s] Level 1:colcon.colcon_core.environment:checking '/home/pheonix/ros2_ws/install/turtlesim/lib'
[6.674s] Level 1:colcon.colcon_core.shell:create_environment_hook('turtlesim', 'ld_library_path_lib')
[6.676s] INFO:colcon.colcon_core.shell:Creating environment hook '/home/pheonix/ros2_ws/install/turtlesim/share/turtlesim/hook/ld_library_path_lib.ps1'
[6.677s] INFO:colcon.colcon_core.shell:Creating environment descriptor '/home/pheonix/ros2_ws/install/turtlesim/share/turtlesim/hook/ld_library_path_lib.dsv'
[6.684s] INFO:colcon.colcon_core.shell:Creating environment hook '/home/pheonix/ros2_ws/install/turtlesim/share/turtlesim/hook/ld_library_path_lib.sh'
[6.685s] Level 1:colcon.colcon_core.environment:checking '/home/pheonix/ros2_ws/install/turtlesim/bin'
[6.685s] Level 1:colcon.colcon_core.environment:checking '/home/pheonix/ros2_ws/install/turtlesim/lib/pkgconfig/turtlesim.pc'
[6.685s] Level 1:colcon.colcon_core.environment:checking '/home/pheonix/ros2_ws/install/turtlesim/lib/python3.12/site-packages'
[6.685s] Level 1:colcon.colcon_core.shell:create_environment_hook('turtlesim', 'pythonpath')
[6.687s] INFO:colcon.colcon_core.shell:Creating environment hook '/home/pheonix/ros2_ws/install/turtlesim/share/turtlesim/hook/pythonpath.ps1'
[6.688s] INFO:colcon.colcon_core.shell:Creating environment descriptor '/home/pheonix/ros2_ws/install/turtlesim/share/turtlesim/hook/pythonpath.dsv'
[6.689s] INFO:colcon.colcon_core.shell:Creating environment hook '/home/pheonix/ros2_ws/install/turtlesim/share/turtlesim/hook/pythonpath.sh'
[6.690s] Level 1:colcon.colcon_core.environment:checking '/home/pheonix/ros2_ws/install/turtlesim/bin'
[6.690s] INFO:colcon.colcon_core.shell:Creating package script '/home/pheonix/ros2_ws/install/turtlesim/share/turtlesim/package.ps1'
[6.690s] INFO:colcon.colcon_core.shell:Creating package descriptor '/home/pheonix/ros2_ws/install/turtlesim/share/turtlesim/package.dsv'
[6.691s] INFO:colcon.colcon_core.shell:Creating package script '/home/pheonix/ros2_ws/install/turtlesim/share/turtlesim/package.sh'
[6.692s] INFO:colcon.colcon_core.shell:Creating package script '/home/pheonix/ros2_ws/install/turtlesim/share/turtlesim/package.bash'
[6.692s] INFO:colcon.colcon_core.shell:Creating package script '/home/pheonix/ros2_ws/install/turtlesim/share/turtlesim/package.zsh'
[6.692s] Level 1:colcon.colcon_core.environment:create_file_with_runtime_dependencies(/home/pheonix/ros2_ws/install/turtlesim/share/colcon-core/packages/turtlesim)
[6.694s] INFO:colcon.colcon_ros.task.ament_python.build:Building ROS package in '/home/pheonix/ros2_ws/src/launch_ros/test_launch_ros' with build type 'ament_python'
[6.694s] Level 1:colcon.colcon_core.shell:create_environment_hook('test_launch_ros', 'ament_prefix_path')
[6.695s] INFO:colcon.colcon_core.shell:Creating environment hook '/home/pheonix/ros2_ws/install/test_launch_ros/share/test_launch_ros/hook/ament_prefix_path.ps1'
[6.695s] INFO:colcon.colcon_core.shell:Creating environment descriptor '/home/pheonix/ros2_ws/install/test_launch_ros/share/test_launch_ros/hook/ament_prefix_path.dsv'
[6.695s] INFO:colcon.colcon_core.shell:Creating environment hook '/home/pheonix/ros2_ws/install/test_launch_ros/share/test_launch_ros/hook/ament_prefix_path.sh'
[6.695s] INFO:colcon.colcon_core.shell:Skip shell extension 'powershell' for command environment: Not usable outside of PowerShell
[6.695s] DEBUG:colcon.colcon_core.shell:Skip shell extension 'dsv' for command environment
[6.998s] INFO:colcon.colcon_core.task.python.build:Building Python package in '/home/pheonix/ros2_ws/src/launch_ros/test_launch_ros'
[6.999s] INFO:colcon.colcon_core.shell:Skip shell extension 'powershell' for command environment: Not usable outside of PowerShell
[6.999s] DEBUG:colcon.colcon_core.shell:Skip shell extension 'dsv' for command environment
[7.017s] Level 1:colcon.colcon_core.environment:checking '/home/pheonix/ros2_ws/install/ros2launch' for CMake module files
[7.018s] DEBUG:colcon.colcon_core.event_handler.log_command:Invoked command in '/home/pheonix/ros2_ws/src/launch_ros/ros2launch' returned '0': AMENT_PREFIX_PATH=/home/pheonix/ros2_ws/install/launch_ros:${AMENT_PREFIX_PATH} DEBUGINFOD_URLS=https://debuginfod.ubuntu.com PYTHONPATH=/home/pheonix/ros2_ws/build/ros2launch/prefix_override:/usr/lib/python3/dist-packages/colcon_core/task/python/colcon_distutils_commands:/home/pheonix/ros2_ws/install/ros2launch/lib/python3.12/site-packages:/home/pheonix/ros2_ws/install/launch_ros/lib/python3.12/site-packages:${PYTHONPATH} /usr/bin/python3 -W ignore:setup.py install is deprecated setup.py egg_info --egg-base ../../../build/ros2launch build --build-base /home/pheonix/ros2_ws/build/ros2launch/build install --record /home/pheonix/ros2_ws/build/ros2launch/install.log --single-version-externally-managed install_data
[7.018s] Level 1:colcon.colcon_core.environment:checking '/home/pheonix/ros2_ws/install/ros2launch' for CMake config files
[7.019s] Level 1:colcon.colcon_core.environment:checking '/home/pheonix/ros2_ws/install/ros2launch/lib'
[7.019s] Level 1:colcon.colcon_core.environment:checking '/home/pheonix/ros2_ws/install/ros2launch/bin'
[7.019s] Level 1:colcon.colcon_core.environment:checking '/home/pheonix/ros2_ws/install/ros2launch/lib/pkgconfig/ros2launch.pc'
[7.019s] Level 1:colcon.colcon_core.environment:checking '/home/pheonix/ros2_ws/install/ros2launch/lib/python3.12/site-packages'
[7.019s] Level 1:colcon.colcon_core.shell:create_environment_hook('ros2launch', 'pythonpath')
[7.019s] INFO:colcon.colcon_core.shell:Creating environment hook '/home/pheonix/ros2_ws/install/ros2launch/share/ros2launch/hook/pythonpath.ps1'
[7.019s] INFO:colcon.colcon_core.shell:Creating environment descriptor '/home/pheonix/ros2_ws/install/ros2launch/share/ros2launch/hook/pythonpath.dsv'
[7.019s] INFO:colcon.colcon_core.shell:Creating environment hook '/home/pheonix/ros2_ws/install/ros2launch/share/ros2launch/hook/pythonpath.sh'
[7.023s] Level 1:colcon.colcon_core.environment:checking '/home/pheonix/ros2_ws/install/ros2launch/bin'
[7.023s] Level 1:colcon.colcon_core.environment:create_environment_scripts_only(ros2launch)
[7.023s] INFO:colcon.colcon_core.shell:Creating package script '/home/pheonix/ros2_ws/install/ros2launch/share/ros2launch/package.ps1'
[7.023s] INFO:colcon.colcon_core.shell:Creating package descriptor '/home/pheonix/ros2_ws/install/ros2launch/share/ros2launch/package.dsv'
[7.024s] INFO:colcon.colcon_core.shell:Creating package script '/home/pheonix/ros2_ws/install/ros2launch/share/ros2launch/package.sh'
[7.024s] INFO:colcon.colcon_core.shell:Creating package script '/home/pheonix/ros2_ws/install/ros2launch/share/ros2launch/package.bash'
[7.024s] INFO:colcon.colcon_core.shell:Creating package script '/home/pheonix/ros2_ws/install/ros2launch/share/ros2launch/package.zsh'
[7.024s] Level 1:colcon.colcon_core.environment:create_file_with_runtime_dependencies(/home/pheonix/ros2_ws/install/ros2launch/share/colcon-core/packages/ros2launch)
[7.374s] DEBUG:colcon.colcon_core.event_handler.log_command:Invoking command in '/home/pheonix/ros2_ws/src/launch_ros/test_launch_ros': AMENT_PREFIX_PATH=/home/pheonix/ros2_ws/install/launch_ros:${AMENT_PREFIX_PATH} DEBUGINFOD_URLS=https://debuginfod.ubuntu.com PYTHONPATH=/home/pheonix/ros2_ws/build/test_launch_ros/prefix_override:/usr/lib/python3/dist-packages/colcon_core/task/python/colcon_distutils_commands:/home/pheonix/ros2_ws/install/test_launch_ros/lib/python3.12/site-packages:/home/pheonix/ros2_ws/install/launch_ros/lib/python3.12/site-packages:${PYTHONPATH} /usr/bin/python3 -W ignore:setup.py install is deprecated setup.py egg_info --egg-base ../../../build/test_launch_ros build --build-base /home/pheonix/ros2_ws/build/test_launch_ros/build install --record /home/pheonix/ros2_ws/build/test_launch_ros/install.log --single-version-externally-managed install_data
[7.693s] Level 1:colcon.colcon_core.environment:checking '/home/pheonix/ros2_ws/install/test_launch_ros' for CMake module files
[7.693s] Level 1:colcon.colcon_core.environment:checking '/home/pheonix/ros2_ws/install/test_launch_ros' for CMake config files
[7.693s] Level 1:colcon.colcon_core.environment:checking '/home/pheonix/ros2_ws/install/test_launch_ros/lib'
[7.693s] Level 1:colcon.colcon_core.environment:checking '/home/pheonix/ros2_ws/install/test_launch_ros/bin'
[7.694s] Level 1:colcon.colcon_core.environment:checking '/home/pheonix/ros2_ws/install/test_launch_ros/lib/pkgconfig/test_launch_ros.pc'
[7.694s] Level 1:colcon.colcon_core.environment:checking '/home/pheonix/ros2_ws/install/test_launch_ros/lib/python3.12/site-packages'
[7.694s] Level 1:colcon.colcon_core.shell:create_environment_hook('test_launch_ros', 'pythonpath')
[7.694s] INFO:colcon.colcon_core.shell:Creating environment hook '/home/pheonix/ros2_ws/install/test_launch_ros/share/test_launch_ros/hook/pythonpath.ps1'
[7.694s] DEBUG:colcon.colcon_core.event_handler.log_command:Invoked command in '/home/pheonix/ros2_ws/src/launch_ros/test_launch_ros' returned '0': AMENT_PREFIX_PATH=/home/pheonix/ros2_ws/install/launch_ros:${AMENT_PREFIX_PATH} DEBUGINFOD_URLS=https://debuginfod.ubuntu.com PYTHONPATH=/home/pheonix/ros2_ws/build/test_launch_ros/prefix_override:/usr/lib/python3/dist-packages/colcon_core/task/python/colcon_distutils_commands:/home/pheonix/ros2_ws/install/test_launch_ros/lib/python3.12/site-packages:/home/pheonix/ros2_ws/install/launch_ros/lib/python3.12/site-packages:${PYTHONPATH} /usr/bin/python3 -W ignore:setup.py install is deprecated setup.py egg_info --egg-base ../../../build/test_launch_ros build --build-base /home/pheonix/ros2_ws/build/test_launch_ros/build install --record /home/pheonix/ros2_ws/build/test_launch_ros/install.log --single-version-externally-managed install_data
[7.695s] INFO:colcon.colcon_core.shell:Creating environment descriptor '/home/pheonix/ros2_ws/install/test_launch_ros/share/test_launch_ros/hook/pythonpath.dsv'
[7.695s] INFO:colcon.colcon_core.shell:Creating environment hook '/home/pheonix/ros2_ws/install/test_launch_ros/share/test_launch_ros/hook/pythonpath.sh'
[7.695s] Level 1:colcon.colcon_core.environment:checking '/home/pheonix/ros2_ws/install/test_launch_ros/bin'
[7.695s] Level 1:colcon.colcon_core.environment:create_environment_scripts_only(test_launch_ros)
[7.695s] INFO:colcon.colcon_core.shell:Creating package script '/home/pheonix/ros2_ws/install/test_launch_ros/share/test_launch_ros/package.ps1'
[7.695s] INFO:colcon.colcon_core.shell:Creating package descriptor '/home/pheonix/ros2_ws/install/test_launch_ros/share/test_launch_ros/package.dsv'
[7.696s] INFO:colcon.colcon_core.shell:Creating package script '/home/pheonix/ros2_ws/install/test_launch_ros/share/test_launch_ros/package.sh'
[7.696s] INFO:colcon.colcon_core.shell:Creating package script '/home/pheonix/ros2_ws/install/test_launch_ros/share/test_launch_ros/package.bash'
[7.696s] INFO:colcon.colcon_core.shell:Creating package script '/home/pheonix/ros2_ws/install/test_launch_ros/share/test_launch_ros/package.zsh'
[7.696s] Level 1:colcon.colcon_core.environment:create_file_with_runtime_dependencies(/home/pheonix/ros2_ws/install/test_launch_ros/share/colcon-core/packages/test_launch_ros)
[7.700s] DEBUG:colcon.colcon_parallel_executor.executor.parallel:closing loop
[7.700s] DEBUG:colcon.colcon_parallel_executor.executor.parallel:loop closed
[7.700s] DEBUG:colcon.colcon_parallel_executor.executor.parallel:run_until_complete finished with '0'
[7.700s] DEBUG:colcon.colcon_core.event_reactor:joining thread
[7.722s] INFO:colcon.colcon_core.plugin_system:Skipping extension 'colcon_notification.desktop_notification.terminal_notifier': Not used on non-Darwin systems
[7.722s] INFO:colcon.colcon_core.plugin_system:Skipping extension 'colcon_notification.desktop_notification.win32': Not used on non-Windows systems
[7.722s] INFO:colcon.colcon_notification.desktop_notification:Sending desktop notification using 'notify2'
[7.926s] DEBUG:colcon.colcon_core.event_reactor:joined thread
[7.927s] INFO:colcon.colcon_core.shell:Creating prefix script '/home/pheonix/ros2_ws/install/local_setup.ps1'
[7.930s] INFO:colcon.colcon_core.shell:Creating prefix util module '/home/pheonix/ros2_ws/install/_local_setup_util_ps1.py'
[7.932s] INFO:colcon.colcon_core.shell:Creating prefix chain script '/home/pheonix/ros2_ws/install/setup.ps1'
[7.938s] INFO:colcon.colcon_core.shell:Creating prefix script '/home/pheonix/ros2_ws/install/local_setup.sh'
[7.940s] INFO:colcon.colcon_core.shell:Creating prefix util module '/home/pheonix/ros2_ws/install/_local_setup_util_sh.py'
[7.940s] INFO:colcon.colcon_core.shell:Creating prefix chain script '/home/pheonix/ros2_ws/install/setup.sh'
[7.944s] INFO:colcon.colcon_core.shell:Creating prefix script '/home/pheonix/ros2_ws/install/local_setup.bash'
[7.946s] INFO:colcon.colcon_core.shell:Creating prefix chain script '/home/pheonix/ros2_ws/install/setup.bash'
[7.947s] INFO:colcon.colcon_core.shell:Creating prefix script '/home/pheonix/ros2_ws/install/local_setup.zsh'
[7.949s] INFO:colcon.colcon_core.shell:Creating prefix chain script '/home/pheonix/ros2_ws/install/setup.zsh'
