running develop
/usr/lib/python3/dist-packages/setuptools/command/develop.py:40: EasyInstallDeprecationWarning: easy_install command is deprecated.
!!

        ********************************************************************************
        Please avoid running ``setup.py`` and ``easy_install``.
        Instead, use pypa/build, pypa/installer or other
        standards-based tools.

        See https://github.com/pypa/setuptools/issues/917 for details.
        ********************************************************************************

!!
  easy_install.initialize_options(self)
running egg_info
writing ros2launch.egg-info/PKG-INFO
writing dependency_links to ros2launch.egg-info/dependency_links.txt
writing entry points to ros2launch.egg-info/entry_points.txt
writing requirements to ros2launch.egg-info/requires.txt
writing top-level names to ros2launch.egg-info/top_level.txt
reading manifest file 'ros2launch.egg-info/SOURCES.txt'
writing manifest file 'ros2launch.egg-info/SOURCES.txt'
running build_ext
Creating /home/pheonix/ros2_ws/install/ros2launch/lib/python3.12/site-packages/ros2launch.egg-link (link to .)

Installed /home/pheonix/ros2_ws/build/ros2launch
running symlink_data
symbolically linking /home/pheonix/ros2_ws/build/ros2launch/package.xml -> /home/pheonix/ros2_ws/install/ros2launch/share/ros2launch
symbolically linking /home/pheonix/ros2_ws/build/ros2launch/resource/ros2launch -> /home/pheonix/ros2_ws/install/ros2launch/share/ament_index/resource_index/packages
