[0.899s] Invoking command in '/home/pheonix/ros2_ws/build/ros2launch': AMENT_PREFIX_PATH=/home/pheonix/ros2_ws/install/launch_ros:/home/pheonix/ros2_ws/install/type_description_interfaces:/home/pheonix/ros2_ws/install/turtlesim:/home/pheonix/ros2_ws/install/test_msgs:/home/pheonix/ros2_ws/install/test_launch_ros:/home/pheonix/ros2_ws/install/test_interface_files:/home/pheonix/ros2_ws/install/teleop_twist_joy:/home/pheonix/ros2_ws/install/statistics_msgs:/home/pheonix/ros2_ws/install/action_msgs:/home/pheonix/ros2_ws/install/service_msgs:/home/pheonix/ros2_ws/install/rosgraph_msgs:/home/pheonix/ros2_ws/install/ros2launch:/home/pheonix/ros2_ws/install/launch_testing_ros:/home/pheonix/ros2_ws/install/composition_interfaces:/home/pheonix/ros2_ws/install/rcl_interfaces:/home/pheonix/ros2_ws/install/lifecycle_msgs:/home/pheonix/ros2_ws/install/joy_linux:/home/pheonix/ros2_ws/install/joy:/opt/ros/jazzy DEBUGINFOD_URLS=https://debuginfod.ubuntu.com PYTHONPATH=/home/pheonix/ros2_ws/build/ros2launch/prefix_override:/usr/lib/python3/dist-packages/colcon_core/task/python/colcon_distutils_commands:/home/pheonix/ros2_ws/install/ros2launch/lib/python3.12/site-packages:/home/pheonix/ros2_ws/build/launch_ros:/home/pheonix/ros2_ws/install/launch_ros/lib/python3.12/site-packages:/home/pheonix/ros2_ws/install/type_description_interfaces/lib/python3.12/site-packages:/home/pheonix/ros2_ws/install/turtlesim/lib/python3.12/site-packages:/home/pheonix/ros2_ws/install/test_msgs/lib/python3.12/site-packages:/home/pheonix/ros2_ws/install/test_launch_ros/lib/python3.12/site-packages:/home/pheonix/ros2_ws/install/statistics_msgs/lib/python3.12/site-packages:/home/pheonix/ros2_ws/install/action_msgs/lib/python3.12/site-packages:/home/pheonix/ros2_ws/install/service_msgs/lib/python3.12/site-packages:/home/pheonix/ros2_ws/install/rosgraph_msgs/lib/python3.12/site-packages:/home/pheonix/ros2_ws/install/rosbag2_test_common/lib/python3.12/site-packages:/home/pheonix/ros2_ws/install/ros2launch/lib/python3.12/site-packages:/home/pheonix/ros2_ws/install/launch_testing_ros/lib/python3.12/site-packages:/home/pheonix/ros2_ws/install/composition_interfaces/lib/python3.12/site-packages:/home/pheonix/ros2_ws/install/rcl_interfaces/lib/python3.12/site-packages:/home/pheonix/ros2_ws/install/lifecycle_msgs/lib/python3.12/site-packages:/opt/ros/jazzy/lib/python3.12/site-packages /usr/bin/python3 -W ignore:setup.py install is deprecated setup.py develop --editable --build-directory /home/pheonix/ros2_ws/build/ros2launch/build --no-deps symlink_data --force
[1.137s] running develop
[1.137s] /usr/lib/python3/dist-packages/setuptools/command/develop.py:40: EasyInstallDeprecationWarning: easy_install command is deprecated.
[1.137s] !!
[1.137s] 
[1.137s]         ********************************************************************************
[1.137s]         Please avoid running ``setup.py`` and ``easy_install``.
[1.137s]         Instead, use pypa/build, pypa/installer or other
[1.137s]         standards-based tools.
[1.137s] 
[1.137s]         See https://github.com/pypa/setuptools/issues/917 for details.
[1.137s]         ********************************************************************************
[1.137s] 
[1.137s] !!
[1.137s]   easy_install.initialize_options(self)
[1.284s] running egg_info
[1.297s] writing ros2launch.egg-info/PKG-INFO
[1.297s] writing dependency_links to ros2launch.egg-info/dependency_links.txt
[1.299s] writing entry points to ros2launch.egg-info/entry_points.txt
[1.299s] writing requirements to ros2launch.egg-info/requires.txt
[1.299s] writing top-level names to ros2launch.egg-info/top_level.txt
[1.324s] reading manifest file 'ros2launch.egg-info/SOURCES.txt'
[1.324s] writing manifest file 'ros2launch.egg-info/SOURCES.txt'
[1.341s] running build_ext
[1.342s] Creating /home/pheonix/ros2_ws/install/ros2launch/lib/python3.12/site-packages/ros2launch.egg-link (link to .)
[1.343s] 
[1.343s] Installed /home/pheonix/ros2_ws/build/ros2launch
[1.343s] running symlink_data
[1.343s] symbolically linking /home/pheonix/ros2_ws/build/ros2launch/package.xml -> /home/pheonix/ros2_ws/install/ros2launch/share/ros2launch
[1.343s] symbolically linking /home/pheonix/ros2_ws/build/ros2launch/resource/ros2launch -> /home/pheonix/ros2_ws/install/ros2launch/share/ament_index/resource_index/packages
