[0.261s] Invoking command in '/home/pheonix/ros2_ws/build/turtlesim': CMAKE_PREFIX_PATH=${CMAKE_PREFIX_PATH}:/opt/ros/jazzy DEBUGINFOD_URLS=https://debuginfod.ubuntu.com /usr/bin/cmake --build /home/pheonix/ros2_ws/build/turtlesim -- -j2 -l2
[1.145s] [  0%] Built target turtlesim__rosidl_generator_type_description
[1.318s] [  0%] Built target ament_cmake_python_copy_turtlesim
[1.405s] [  1%] Built target turtlesim__cpp
[1.537s] [ 24%] Built target turtlesim__rosidl_generator_c
[1.862s] running egg_info
[1.887s] writing turtlesim.egg-info/PKG-INFO
[1.887s] writing dependency_links to turtlesim.egg-info/dependency_links.txt
[1.887s] writing top-level names to turtlesim.egg-info/top_level.txt
[1.928s] reading manifest file 'turtlesim.egg-info/SOURCES.txt'
[1.935s] writing manifest file 'turtlesim.egg-info/SOURCES.txt'
[1.968s] [ 24%] Built target ament_cmake_python_build_turtlesim_egg
[2.053s] [ 33%] Built target turtlesim__rosidl_typesupport_cpp
[2.218s] [ 41%] Built target turtlesim__rosidl_typesupport_fastrtps_c
[2.310s] [ 50%] Built target turtlesim__rosidl_typesupport_fastrtps_cpp
[2.385s] [ 59%] Built target turtlesim__rosidl_typesupport_introspection_c
[2.445s] [ 68%] Built target turtlesim__rosidl_typesupport_c
[2.545s] [ 76%] Built target turtlesim__rosidl_typesupport_introspection_cpp
[2.697s] [ 81%] Built target turtlesim_node
[2.756s] [ 83%] Built target turtle_teleop_key
[2.814s] [ 84%] Built target draw_square
[2.875s] [ 86%] Built target mimic
[2.920s] [ 86%] Built target turtlesim
[2.963s] [ 86%] Built target turtlesim__py
[3.049s] [ 94%] Built target turtlesim__rosidl_generator_py
[3.096s] [ 96%] Built target turtlesim_s__rosidl_typesupport_fastrtps_c
[3.156s] [ 98%] Built target turtlesim_s__rosidl_typesupport_introspection_c
[3.197s] [100%] Built target turtlesim_s__rosidl_typesupport_c
[3.318s] Invoked command in '/home/pheonix/ros2_ws/build/turtlesim' returned '0': CMAKE_PREFIX_PATH=${CMAKE_PREFIX_PATH}:/opt/ros/jazzy DEBUGINFOD_URLS=https://debuginfod.ubuntu.com /usr/bin/cmake --build /home/pheonix/ros2_ws/build/turtlesim -- -j2 -l2
[3.921s] Invoking command in '/home/pheonix/ros2_ws/build/turtlesim': CMAKE_PREFIX_PATH=${CMAKE_PREFIX_PATH}:/opt/ros/jazzy DEBUGINFOD_URLS=https://debuginfod.ubuntu.com /usr/bin/cmake --install /home/pheonix/ros2_ws/build/turtlesim
[3.932s] -- Install configuration: ""
[3.934s] -- Up-to-date: /home/pheonix/ros2_ws/install/turtlesim/share/ament_index/resource_index/rosidl_interfaces/turtlesim
[3.936s] -- Up-to-date: /home/pheonix/ros2_ws/install/turtlesim/share/turtlesim/action/RotateAbsolute.json
[3.938s] -- Up-to-date: /home/pheonix/ros2_ws/install/turtlesim/share/turtlesim/msg/Color.json
[3.938s] -- Up-to-date: /home/pheonix/ros2_ws/install/turtlesim/share/turtlesim/msg/Pose.json
[3.950s] -- Up-to-date: /home/pheonix/ros2_ws/install/turtlesim/share/turtlesim/srv/Kill.json
[3.952s] -- Up-to-date: /home/pheonix/ros2_ws/install/turtlesim/share/turtlesim/srv/SetPen.json
[3.952s] -- Up-to-date: /home/pheonix/ros2_ws/install/turtlesim/share/turtlesim/srv/Spawn.json
[3.952s] -- Up-to-date: /home/pheonix/ros2_ws/install/turtlesim/share/turtlesim/srv/TeleportAbsolute.json
[3.952s] -- Up-to-date: /home/pheonix/ros2_ws/install/turtlesim/share/turtlesim/srv/TeleportRelative.json
[3.952s] -- Up-to-date: /home/pheonix/ros2_ws/install/turtlesim/include/turtlesim/turtlesim
[3.952s] -- Up-to-date: /home/pheonix/ros2_ws/install/turtlesim/include/turtlesim/turtlesim/msg
[3.952s] -- Up-to-date: /home/pheonix/ros2_ws/install/turtlesim/include/turtlesim/turtlesim/msg/rosidl_generator_c__visibility_control.h
[3.952s] -- Up-to-date: /home/pheonix/ros2_ws/install/turtlesim/include/turtlesim/turtlesim/msg/detail
[3.953s] -- Installing: /home/pheonix/ros2_ws/install/turtlesim/include/turtlesim/turtlesim/msg/detail/color__type_support.c
[3.953s] -- Up-to-date: /home/pheonix/ros2_ws/install/turtlesim/include/turtlesim/turtlesim/msg/detail/pose__functions.c
[3.953s] -- Up-to-date: /home/pheonix/ros2_ws/install/turtlesim/include/turtlesim/turtlesim/msg/detail/color__struct.h
[3.953s] -- Up-to-date: /home/pheonix/ros2_ws/install/turtlesim/include/turtlesim/turtlesim/msg/detail/pose__functions.h
[3.953s] -- Up-to-date: /home/pheonix/ros2_ws/install/turtlesim/include/turtlesim/turtlesim/msg/detail/color__description.c
[3.953s] -- Up-to-date: /home/pheonix/ros2_ws/install/turtlesim/include/turtlesim/turtlesim/msg/detail/color__functions.h
[3.953s] -- Up-to-date: /home/pheonix/ros2_ws/install/turtlesim/include/turtlesim/turtlesim/msg/detail/pose__type_support.h
[3.953s] -- Up-to-date: /home/pheonix/ros2_ws/install/turtlesim/include/turtlesim/turtlesim/msg/detail/color__functions.c
[3.953s] -- Up-to-date: /home/pheonix/ros2_ws/install/turtlesim/include/turtlesim/turtlesim/msg/detail/pose__description.c
[3.953s] -- Up-to-date: /home/pheonix/ros2_ws/install/turtlesim/include/turtlesim/turtlesim/msg/detail/pose__struct.h
[3.953s] -- Up-to-date: /home/pheonix/ros2_ws/install/turtlesim/include/turtlesim/turtlesim/msg/detail/color__type_support.h
[3.954s] -- Installing: /home/pheonix/ros2_ws/install/turtlesim/include/turtlesim/turtlesim/msg/detail/pose__type_support.c
[3.954s] -- Up-to-date: /home/pheonix/ros2_ws/install/turtlesim/include/turtlesim/turtlesim/msg/pose.h
[3.954s] -- Up-to-date: /home/pheonix/ros2_ws/install/turtlesim/include/turtlesim/turtlesim/msg/color.h
[3.954s] -- Up-to-date: /home/pheonix/ros2_ws/install/turtlesim/include/turtlesim/turtlesim/action
[3.954s] -- Up-to-date: /home/pheonix/ros2_ws/install/turtlesim/include/turtlesim/turtlesim/action/rotate_absolute.h
[3.954s] -- Up-to-date: /home/pheonix/ros2_ws/install/turtlesim/include/turtlesim/turtlesim/action/detail
[3.954s] -- Up-to-date: /home/pheonix/ros2_ws/install/turtlesim/include/turtlesim/turtlesim/action/detail/rotate_absolute__functions.c
[3.954s] -- Up-to-date: /home/pheonix/ros2_ws/install/turtlesim/include/turtlesim/turtlesim/action/detail/rotate_absolute__struct.h
[3.954s] -- Up-to-date: /home/pheonix/ros2_ws/install/turtlesim/include/turtlesim/turtlesim/action/detail/rotate_absolute__description.c
[3.954s] -- Up-to-date: /home/pheonix/ros2_ws/install/turtlesim/include/turtlesim/turtlesim/action/detail/rotate_absolute__functions.h
[3.954s] -- Up-to-date: /home/pheonix/ros2_ws/install/turtlesim/include/turtlesim/turtlesim/action/detail/rotate_absolute__type_support.h
[3.955s] -- Installing: /home/pheonix/ros2_ws/install/turtlesim/include/turtlesim/turtlesim/action/detail/rotate_absolute__type_support.c
[3.955s] -- Up-to-date: /home/pheonix/ros2_ws/install/turtlesim/include/turtlesim/turtlesim/srv
[3.956s] -- Up-to-date: /home/pheonix/ros2_ws/install/turtlesim/include/turtlesim/turtlesim/srv/set_pen.h
[3.957s] -- Up-to-date: /home/pheonix/ros2_ws/install/turtlesim/include/turtlesim/turtlesim/srv/kill.h
[3.957s] -- Up-to-date: /home/pheonix/ros2_ws/install/turtlesim/include/turtlesim/turtlesim/srv/teleport_relative.h
[3.957s] -- Up-to-date: /home/pheonix/ros2_ws/install/turtlesim/include/turtlesim/turtlesim/srv/teleport_absolute.h
[3.957s] -- Up-to-date: /home/pheonix/ros2_ws/install/turtlesim/include/turtlesim/turtlesim/srv/detail
[3.957s] -- Installing: /home/pheonix/ros2_ws/install/turtlesim/include/turtlesim/turtlesim/srv/detail/teleport_relative__type_support.c
[3.958s] -- Up-to-date: /home/pheonix/ros2_ws/install/turtlesim/include/turtlesim/turtlesim/srv/detail/set_pen__type_support.h
[3.958s] -- Up-to-date: /home/pheonix/ros2_ws/install/turtlesim/include/turtlesim/turtlesim/srv/detail/kill__struct.h
[3.958s] -- Up-to-date: /home/pheonix/ros2_ws/install/turtlesim/include/turtlesim/turtlesim/srv/detail/kill__functions.c
[3.958s] -- Up-to-date: /home/pheonix/ros2_ws/install/turtlesim/include/turtlesim/turtlesim/srv/detail/spawn__functions.h
[3.958s] -- Up-to-date: /home/pheonix/ros2_ws/install/turtlesim/include/turtlesim/turtlesim/srv/detail/kill__description.c
[3.959s] -- Up-to-date: /home/pheonix/ros2_ws/install/turtlesim/include/turtlesim/turtlesim/srv/detail/teleport_relative__description.c
[3.959s] -- Up-to-date: /home/pheonix/ros2_ws/install/turtlesim/include/turtlesim/turtlesim/srv/detail/teleport_absolute__description.c
[3.959s] -- Installing: /home/pheonix/ros2_ws/install/turtlesim/include/turtlesim/turtlesim/srv/detail/kill__type_support.c
[3.961s] -- Up-to-date: /home/pheonix/ros2_ws/install/turtlesim/include/turtlesim/turtlesim/srv/detail/teleport_relative__struct.h
[3.961s] -- Installing: /home/pheonix/ros2_ws/install/turtlesim/include/turtlesim/turtlesim/srv/detail/set_pen__type_support.c
[3.963s] -- Up-to-date: /home/pheonix/ros2_ws/install/turtlesim/include/turtlesim/turtlesim/srv/detail/teleport_absolute__type_support.h
[3.963s] -- Installing: /home/pheonix/ros2_ws/install/turtlesim/include/turtlesim/turtlesim/srv/detail/spawn__type_support.c
[3.964s] -- Up-to-date: /home/pheonix/ros2_ws/install/turtlesim/include/turtlesim/turtlesim/srv/detail/teleport_absolute__struct.h
[3.964s] -- Up-to-date: /home/pheonix/ros2_ws/install/turtlesim/include/turtlesim/turtlesim/srv/detail/teleport_relative__functions.c
[3.964s] -- Up-to-date: /home/pheonix/ros2_ws/install/turtlesim/include/turtlesim/turtlesim/srv/detail/teleport_absolute__functions.c
[3.964s] -- Up-to-date: /home/pheonix/ros2_ws/install/turtlesim/include/turtlesim/turtlesim/srv/detail/teleport_relative__type_support.h
[3.964s] -- Up-to-date: /home/pheonix/ros2_ws/install/turtlesim/include/turtlesim/turtlesim/srv/detail/set_pen__description.c
[3.964s] -- Up-to-date: /home/pheonix/ros2_ws/install/turtlesim/include/turtlesim/turtlesim/srv/detail/kill__functions.h
[3.964s] -- Up-to-date: /home/pheonix/ros2_ws/install/turtlesim/include/turtlesim/turtlesim/srv/detail/teleport_relative__functions.h
[3.964s] -- Up-to-date: /home/pheonix/ros2_ws/install/turtlesim/include/turtlesim/turtlesim/srv/detail/set_pen__struct.h
[3.964s] -- Up-to-date: /home/pheonix/ros2_ws/install/turtlesim/include/turtlesim/turtlesim/srv/detail/spawn__struct.h
[3.964s] -- Up-to-date: /home/pheonix/ros2_ws/install/turtlesim/include/turtlesim/turtlesim/srv/detail/kill__type_support.h
[3.964s] -- Up-to-date: /home/pheonix/ros2_ws/install/turtlesim/include/turtlesim/turtlesim/srv/detail/teleport_absolute__functions.h
[3.964s] -- Up-to-date: /home/pheonix/ros2_ws/install/turtlesim/include/turtlesim/turtlesim/srv/detail/spawn__description.c
[3.964s] -- Up-to-date: /home/pheonix/ros2_ws/install/turtlesim/include/turtlesim/turtlesim/srv/detail/set_pen__functions.c
[3.964s] -- Installing: /home/pheonix/ros2_ws/install/turtlesim/include/turtlesim/turtlesim/srv/detail/teleport_absolute__type_support.c
[3.965s] -- Up-to-date: /home/pheonix/ros2_ws/install/turtlesim/include/turtlesim/turtlesim/srv/detail/spawn__functions.c
[3.965s] -- Up-to-date: /home/pheonix/ros2_ws/install/turtlesim/include/turtlesim/turtlesim/srv/detail/spawn__type_support.h
[3.965s] -- Up-to-date: /home/pheonix/ros2_ws/install/turtlesim/include/turtlesim/turtlesim/srv/detail/set_pen__functions.h
[3.965s] -- Up-to-date: /home/pheonix/ros2_ws/install/turtlesim/include/turtlesim/turtlesim/srv/spawn.h
[3.966s] -- Up-to-date: /home/pheonix/ros2_ws/install/turtlesim/share/turtlesim/environment/library_path.sh
[3.967s] -- Up-to-date: /home/pheonix/ros2_ws/install/turtlesim/share/turtlesim/environment/library_path.dsv
[3.969s] -- Up-to-date: /home/pheonix/ros2_ws/install/turtlesim/lib/libturtlesim__rosidl_generator_c.so
[3.969s] -- Up-to-date: /home/pheonix/ros2_ws/install/turtlesim/include/turtlesim/turtlesim
[3.969s] -- Up-to-date: /home/pheonix/ros2_ws/install/turtlesim/include/turtlesim/turtlesim/msg
[3.969s] -- Up-to-date: /home/pheonix/ros2_ws/install/turtlesim/include/turtlesim/turtlesim/msg/rosidl_typesupport_fastrtps_c__visibility_control.h
[3.969s] -- Up-to-date: /home/pheonix/ros2_ws/install/turtlesim/include/turtlesim/turtlesim/msg/detail
[3.970s] -- Up-to-date: /home/pheonix/ros2_ws/install/turtlesim/include/turtlesim/turtlesim/msg/detail/color__rosidl_typesupport_fastrtps_c.h
[3.970s] -- Up-to-date: /home/pheonix/ros2_ws/install/turtlesim/include/turtlesim/turtlesim/msg/detail/pose__rosidl_typesupport_fastrtps_c.h
[3.970s] -- Up-to-date: /home/pheonix/ros2_ws/install/turtlesim/include/turtlesim/turtlesim/action
[3.970s] -- Up-to-date: /home/pheonix/ros2_ws/install/turtlesim/include/turtlesim/turtlesim/action/detail
[3.970s] -- Up-to-date: /home/pheonix/ros2_ws/install/turtlesim/include/turtlesim/turtlesim/action/detail/rotate_absolute__rosidl_typesupport_fastrtps_c.h
[3.970s] -- Up-to-date: /home/pheonix/ros2_ws/install/turtlesim/include/turtlesim/turtlesim/srv
[3.970s] -- Up-to-date: /home/pheonix/ros2_ws/install/turtlesim/include/turtlesim/turtlesim/srv/detail
[3.970s] -- Up-to-date: /home/pheonix/ros2_ws/install/turtlesim/include/turtlesim/turtlesim/srv/detail/teleport_relative__rosidl_typesupport_fastrtps_c.h
[3.970s] -- Up-to-date: /home/pheonix/ros2_ws/install/turtlesim/include/turtlesim/turtlesim/srv/detail/set_pen__rosidl_typesupport_fastrtps_c.h
[3.970s] -- Up-to-date: /home/pheonix/ros2_ws/install/turtlesim/include/turtlesim/turtlesim/srv/detail/teleport_absolute__rosidl_typesupport_fastrtps_c.h
[3.970s] -- Up-to-date: /home/pheonix/ros2_ws/install/turtlesim/include/turtlesim/turtlesim/srv/detail/kill__rosidl_typesupport_fastrtps_c.h
[3.970s] -- Up-to-date: /home/pheonix/ros2_ws/install/turtlesim/include/turtlesim/turtlesim/srv/detail/spawn__rosidl_typesupport_fastrtps_c.h
[3.972s] -- Up-to-date: /home/pheonix/ros2_ws/install/turtlesim/lib/libturtlesim__rosidl_typesupport_fastrtps_c.so
[3.972s] -- Up-to-date: /home/pheonix/ros2_ws/install/turtlesim/include/turtlesim/turtlesim
[3.972s] -- Up-to-date: /home/pheonix/ros2_ws/install/turtlesim/include/turtlesim/turtlesim/msg
[3.972s] -- Up-to-date: /home/pheonix/ros2_ws/install/turtlesim/include/turtlesim/turtlesim/msg/rosidl_generator_cpp__visibility_control.hpp
[3.972s] -- Up-to-date: /home/pheonix/ros2_ws/install/turtlesim/include/turtlesim/turtlesim/msg/detail
[3.972s] -- Up-to-date: /home/pheonix/ros2_ws/install/turtlesim/include/turtlesim/turtlesim/msg/detail/pose__builder.hpp
[3.972s] -- Up-to-date: /home/pheonix/ros2_ws/install/turtlesim/include/turtlesim/turtlesim/msg/detail/color__struct.hpp
[3.972s] -- Up-to-date: /home/pheonix/ros2_ws/install/turtlesim/include/turtlesim/turtlesim/msg/detail/color__type_support.hpp
[3.972s] -- Up-to-date: /home/pheonix/ros2_ws/install/turtlesim/include/turtlesim/turtlesim/msg/detail/pose__struct.hpp
[3.972s] -- Up-to-date: /home/pheonix/ros2_ws/install/turtlesim/include/turtlesim/turtlesim/msg/detail/color__builder.hpp
[3.973s] -- Up-to-date: /home/pheonix/ros2_ws/install/turtlesim/include/turtlesim/turtlesim/msg/detail/color__traits.hpp
[3.973s] -- Up-to-date: /home/pheonix/ros2_ws/install/turtlesim/include/turtlesim/turtlesim/msg/detail/pose__type_support.hpp
[3.973s] -- Up-to-date: /home/pheonix/ros2_ws/install/turtlesim/include/turtlesim/turtlesim/msg/detail/pose__traits.hpp
[3.973s] -- Up-to-date: /home/pheonix/ros2_ws/install/turtlesim/include/turtlesim/turtlesim/msg/pose.hpp
[3.973s] -- Up-to-date: /home/pheonix/ros2_ws/install/turtlesim/include/turtlesim/turtlesim/msg/color.hpp
[3.973s] -- Up-to-date: /home/pheonix/ros2_ws/install/turtlesim/include/turtlesim/turtlesim/action
[3.973s] -- Up-to-date: /home/pheonix/ros2_ws/install/turtlesim/include/turtlesim/turtlesim/action/rotate_absolute.hpp
[3.973s] -- Up-to-date: /home/pheonix/ros2_ws/install/turtlesim/include/turtlesim/turtlesim/action/detail
[3.973s] -- Up-to-date: /home/pheonix/ros2_ws/install/turtlesim/include/turtlesim/turtlesim/action/detail/rotate_absolute__struct.hpp
[3.973s] -- Up-to-date: /home/pheonix/ros2_ws/install/turtlesim/include/turtlesim/turtlesim/action/detail/rotate_absolute__type_support.hpp
[3.973s] -- Up-to-date: /home/pheonix/ros2_ws/install/turtlesim/include/turtlesim/turtlesim/action/detail/rotate_absolute__builder.hpp
[3.973s] -- Up-to-date: /home/pheonix/ros2_ws/install/turtlesim/include/turtlesim/turtlesim/action/detail/rotate_absolute__traits.hpp
[3.973s] -- Up-to-date: /home/pheonix/ros2_ws/install/turtlesim/include/turtlesim/turtlesim/srv
[3.974s] -- Up-to-date: /home/pheonix/ros2_ws/install/turtlesim/include/turtlesim/turtlesim/srv/spawn.hpp
[3.974s] -- Up-to-date: /home/pheonix/ros2_ws/install/turtlesim/include/turtlesim/turtlesim/srv/kill.hpp
[3.974s] -- Up-to-date: /home/pheonix/ros2_ws/install/turtlesim/include/turtlesim/turtlesim/srv/set_pen.hpp
[3.974s] -- Up-to-date: /home/pheonix/ros2_ws/install/turtlesim/include/turtlesim/turtlesim/srv/detail
[3.974s] -- Up-to-date: /home/pheonix/ros2_ws/install/turtlesim/include/turtlesim/turtlesim/srv/detail/spawn__traits.hpp
[3.974s] -- Up-to-date: /home/pheonix/ros2_ws/install/turtlesim/include/turtlesim/turtlesim/srv/detail/spawn__type_support.hpp
[3.974s] -- Up-to-date: /home/pheonix/ros2_ws/install/turtlesim/include/turtlesim/turtlesim/srv/detail/kill__traits.hpp
[3.974s] -- Up-to-date: /home/pheonix/ros2_ws/install/turtlesim/include/turtlesim/turtlesim/srv/detail/spawn__builder.hpp
[3.974s] -- Up-to-date: /home/pheonix/ros2_ws/install/turtlesim/include/turtlesim/turtlesim/srv/detail/kill__builder.hpp
[3.974s] -- Up-to-date: /home/pheonix/ros2_ws/install/turtlesim/include/turtlesim/turtlesim/srv/detail/teleport_relative__traits.hpp
[3.974s] -- Up-to-date: /home/pheonix/ros2_ws/install/turtlesim/include/turtlesim/turtlesim/srv/detail/teleport_absolute__traits.hpp
[3.974s] -- Up-to-date: /home/pheonix/ros2_ws/install/turtlesim/include/turtlesim/turtlesim/srv/detail/set_pen__type_support.hpp
[3.974s] -- Up-to-date: /home/pheonix/ros2_ws/install/turtlesim/include/turtlesim/turtlesim/srv/detail/teleport_relative__type_support.hpp
[3.974s] -- Up-to-date: /home/pheonix/ros2_ws/install/turtlesim/include/turtlesim/turtlesim/srv/detail/kill__type_support.hpp
[3.974s] -- Up-to-date: /home/pheonix/ros2_ws/install/turtlesim/include/turtlesim/turtlesim/srv/detail/teleport_absolute__builder.hpp
[3.974s] -- Up-to-date: /home/pheonix/ros2_ws/install/turtlesim/include/turtlesim/turtlesim/srv/detail/teleport_relative__struct.hpp
[3.975s] -- Up-to-date: /home/pheonix/ros2_ws/install/turtlesim/include/turtlesim/turtlesim/srv/detail/teleport_absolute__struct.hpp
[3.975s] -- Up-to-date: /home/pheonix/ros2_ws/install/turtlesim/include/turtlesim/turtlesim/srv/detail/kill__struct.hpp
[3.975s] -- Up-to-date: /home/pheonix/ros2_ws/install/turtlesim/include/turtlesim/turtlesim/srv/detail/set_pen__traits.hpp
[3.975s] -- Up-to-date: /home/pheonix/ros2_ws/install/turtlesim/include/turtlesim/turtlesim/srv/detail/set_pen__builder.hpp
[3.975s] -- Up-to-date: /home/pheonix/ros2_ws/install/turtlesim/include/turtlesim/turtlesim/srv/detail/set_pen__struct.hpp
[3.975s] -- Up-to-date: /home/pheonix/ros2_ws/install/turtlesim/include/turtlesim/turtlesim/srv/detail/spawn__struct.hpp
[3.975s] -- Up-to-date: /home/pheonix/ros2_ws/install/turtlesim/include/turtlesim/turtlesim/srv/detail/teleport_relative__builder.hpp
[3.975s] -- Up-to-date: /home/pheonix/ros2_ws/install/turtlesim/include/turtlesim/turtlesim/srv/detail/teleport_absolute__type_support.hpp
[3.975s] -- Up-to-date: /home/pheonix/ros2_ws/install/turtlesim/include/turtlesim/turtlesim/srv/teleport_absolute.hpp
[3.975s] -- Up-to-date: /home/pheonix/ros2_ws/install/turtlesim/include/turtlesim/turtlesim/srv/teleport_relative.hpp
[3.975s] -- Up-to-date: /home/pheonix/ros2_ws/install/turtlesim/include/turtlesim/turtlesim
[3.975s] -- Up-to-date: /home/pheonix/ros2_ws/install/turtlesim/include/turtlesim/turtlesim/msg
[3.975s] -- Up-to-date: /home/pheonix/ros2_ws/install/turtlesim/include/turtlesim/turtlesim/msg/detail
[3.975s] -- Up-to-date: /home/pheonix/ros2_ws/install/turtlesim/include/turtlesim/turtlesim/msg/detail/color__rosidl_typesupport_fastrtps_cpp.hpp
[3.975s] -- Up-to-date: /home/pheonix/ros2_ws/install/turtlesim/include/turtlesim/turtlesim/msg/detail/dds_fastrtps
[3.976s] -- Up-to-date: /home/pheonix/ros2_ws/install/turtlesim/include/turtlesim/turtlesim/msg/detail/pose__rosidl_typesupport_fastrtps_cpp.hpp
[3.976s] -- Up-to-date: /home/pheonix/ros2_ws/install/turtlesim/include/turtlesim/turtlesim/msg/rosidl_typesupport_fastrtps_cpp__visibility_control.h
[3.976s] -- Up-to-date: /home/pheonix/ros2_ws/install/turtlesim/include/turtlesim/turtlesim/action
[3.976s] -- Up-to-date: /home/pheonix/ros2_ws/install/turtlesim/include/turtlesim/turtlesim/action/detail
[3.976s] -- Up-to-date: /home/pheonix/ros2_ws/install/turtlesim/include/turtlesim/turtlesim/action/detail/dds_fastrtps
[3.976s] -- Up-to-date: /home/pheonix/ros2_ws/install/turtlesim/include/turtlesim/turtlesim/action/detail/rotate_absolute__rosidl_typesupport_fastrtps_cpp.hpp
[3.976s] -- Up-to-date: /home/pheonix/ros2_ws/install/turtlesim/include/turtlesim/turtlesim/srv
[3.976s] -- Up-to-date: /home/pheonix/ros2_ws/install/turtlesim/include/turtlesim/turtlesim/srv/detail
[3.976s] -- Up-to-date: /home/pheonix/ros2_ws/install/turtlesim/include/turtlesim/turtlesim/srv/detail/dds_fastrtps
[3.976s] -- Up-to-date: /home/pheonix/ros2_ws/install/turtlesim/include/turtlesim/turtlesim/srv/detail/teleport_relative__rosidl_typesupport_fastrtps_cpp.hpp
[3.976s] -- Up-to-date: /home/pheonix/ros2_ws/install/turtlesim/include/turtlesim/turtlesim/srv/detail/spawn__rosidl_typesupport_fastrtps_cpp.hpp
[3.976s] -- Up-to-date: /home/pheonix/ros2_ws/install/turtlesim/include/turtlesim/turtlesim/srv/detail/teleport_absolute__rosidl_typesupport_fastrtps_cpp.hpp
[3.976s] -- Up-to-date: /home/pheonix/ros2_ws/install/turtlesim/include/turtlesim/turtlesim/srv/detail/set_pen__rosidl_typesupport_fastrtps_cpp.hpp
[3.976s] -- Up-to-date: /home/pheonix/ros2_ws/install/turtlesim/include/turtlesim/turtlesim/srv/detail/kill__rosidl_typesupport_fastrtps_cpp.hpp
[3.979s] -- Up-to-date: /home/pheonix/ros2_ws/install/turtlesim/lib/libturtlesim__rosidl_typesupport_fastrtps_cpp.so
[3.980s] -- Up-to-date: /home/pheonix/ros2_ws/install/turtlesim/include/turtlesim/turtlesim
[3.980s] -- Up-to-date: /home/pheonix/ros2_ws/install/turtlesim/include/turtlesim/turtlesim/msg
[3.985s] -- Up-to-date: /home/pheonix/ros2_ws/install/turtlesim/include/turtlesim/turtlesim/msg/detail
[3.985s] -- Installing: /home/pheonix/ros2_ws/install/turtlesim/include/turtlesim/turtlesim/msg/detail/color__type_support.c
[3.986s] -- Up-to-date: /home/pheonix/ros2_ws/install/turtlesim/include/turtlesim/turtlesim/msg/detail/pose__rosidl_typesupport_introspection_c.h
[3.986s] -- Up-to-date: /home/pheonix/ros2_ws/install/turtlesim/include/turtlesim/turtlesim/msg/detail/color__rosidl_typesupport_introspection_c.h
[3.986s] -- Installing: /home/pheonix/ros2_ws/install/turtlesim/include/turtlesim/turtlesim/msg/detail/pose__type_support.c
[3.986s] -- Up-to-date: /home/pheonix/ros2_ws/install/turtlesim/include/turtlesim/turtlesim/msg/rosidl_typesupport_introspection_c__visibility_control.h
[3.986s] -- Up-to-date: /home/pheonix/ros2_ws/install/turtlesim/include/turtlesim/turtlesim/action
[3.988s] -- Up-to-date: /home/pheonix/ros2_ws/install/turtlesim/include/turtlesim/turtlesim/action/detail
[3.988s] -- Up-to-date: /home/pheonix/ros2_ws/install/turtlesim/include/turtlesim/turtlesim/action/detail/rotate_absolute__rosidl_typesupport_introspection_c.h
[3.988s] -- Installing: /home/pheonix/ros2_ws/install/turtlesim/include/turtlesim/turtlesim/action/detail/rotate_absolute__type_support.c
[3.990s] -- Up-to-date: /home/pheonix/ros2_ws/install/turtlesim/include/turtlesim/turtlesim/srv
[3.990s] -- Up-to-date: /home/pheonix/ros2_ws/install/turtlesim/include/turtlesim/turtlesim/srv/detail
[3.991s] -- Installing: /home/pheonix/ros2_ws/install/turtlesim/include/turtlesim/turtlesim/srv/detail/teleport_relative__type_support.c
[3.992s] -- Up-to-date: /home/pheonix/ros2_ws/install/turtlesim/include/turtlesim/turtlesim/srv/detail/teleport_relative__rosidl_typesupport_introspection_c.h
[3.992s] -- Up-to-date: /home/pheonix/ros2_ws/install/turtlesim/include/turtlesim/turtlesim/srv/detail/spawn__rosidl_typesupport_introspection_c.h
[3.992s] -- Installing: /home/pheonix/ros2_ws/install/turtlesim/include/turtlesim/turtlesim/srv/detail/kill__type_support.c
[3.993s] -- Installing: /home/pheonix/ros2_ws/install/turtlesim/include/turtlesim/turtlesim/srv/detail/set_pen__type_support.c
[3.994s] -- Installing: /home/pheonix/ros2_ws/install/turtlesim/include/turtlesim/turtlesim/srv/detail/spawn__type_support.c
[3.996s] -- Up-to-date: /home/pheonix/ros2_ws/install/turtlesim/include/turtlesim/turtlesim/srv/detail/set_pen__rosidl_typesupport_introspection_c.h
[3.996s] -- Up-to-date: /home/pheonix/ros2_ws/install/turtlesim/include/turtlesim/turtlesim/srv/detail/kill__rosidl_typesupport_introspection_c.h
[3.996s] -- Up-to-date: /home/pheonix/ros2_ws/install/turtlesim/include/turtlesim/turtlesim/srv/detail/teleport_absolute__rosidl_typesupport_introspection_c.h
[3.996s] -- Installing: /home/pheonix/ros2_ws/install/turtlesim/include/turtlesim/turtlesim/srv/detail/teleport_absolute__type_support.c
[3.999s] -- Up-to-date: /home/pheonix/ros2_ws/install/turtlesim/lib/libturtlesim__rosidl_typesupport_introspection_c.so
[4.000s] -- Up-to-date: /home/pheonix/ros2_ws/install/turtlesim/lib/libturtlesim__rosidl_typesupport_c.so
[4.000s] -- Up-to-date: /home/pheonix/ros2_ws/install/turtlesim/include/turtlesim/turtlesim
[4.001s] -- Up-to-date: /home/pheonix/ros2_ws/install/turtlesim/include/turtlesim/turtlesim/msg
[4.001s] -- Up-to-date: /home/pheonix/ros2_ws/install/turtlesim/include/turtlesim/turtlesim/msg/detail
[4.001s] -- Up-to-date: /home/pheonix/ros2_ws/install/turtlesim/include/turtlesim/turtlesim/msg/detail/pose__rosidl_typesupport_introspection_cpp.hpp
[4.001s] -- Up-to-date: /home/pheonix/ros2_ws/install/turtlesim/include/turtlesim/turtlesim/msg/detail/color__rosidl_typesupport_introspection_cpp.hpp
[4.001s] -- Up-to-date: /home/pheonix/ros2_ws/install/turtlesim/include/turtlesim/turtlesim/msg/detail/color__type_support.cpp
[4.001s] -- Up-to-date: /home/pheonix/ros2_ws/install/turtlesim/include/turtlesim/turtlesim/msg/detail/pose__type_support.cpp
[4.001s] -- Up-to-date: /home/pheonix/ros2_ws/install/turtlesim/include/turtlesim/turtlesim/action
[4.001s] -- Up-to-date: /home/pheonix/ros2_ws/install/turtlesim/include/turtlesim/turtlesim/action/detail
[4.001s] -- Up-to-date: /home/pheonix/ros2_ws/install/turtlesim/include/turtlesim/turtlesim/action/detail/rotate_absolute__rosidl_typesupport_introspection_cpp.hpp
[4.001s] -- Up-to-date: /home/pheonix/ros2_ws/install/turtlesim/include/turtlesim/turtlesim/action/detail/rotate_absolute__type_support.cpp
[4.001s] -- Up-to-date: /home/pheonix/ros2_ws/install/turtlesim/include/turtlesim/turtlesim/srv
[4.001s] -- Up-to-date: /home/pheonix/ros2_ws/install/turtlesim/include/turtlesim/turtlesim/srv/detail
[4.001s] -- Up-to-date: /home/pheonix/ros2_ws/install/turtlesim/include/turtlesim/turtlesim/srv/detail/kill__type_support.cpp
[4.001s] -- Up-to-date: /home/pheonix/ros2_ws/install/turtlesim/include/turtlesim/turtlesim/srv/detail/teleport_absolute__type_support.cpp
[4.002s] -- Up-to-date: /home/pheonix/ros2_ws/install/turtlesim/include/turtlesim/turtlesim/srv/detail/spawn__type_support.cpp
[4.002s] -- Up-to-date: /home/pheonix/ros2_ws/install/turtlesim/include/turtlesim/turtlesim/srv/detail/teleport_relative__rosidl_typesupport_introspection_cpp.hpp
[4.002s] -- Up-to-date: /home/pheonix/ros2_ws/install/turtlesim/include/turtlesim/turtlesim/srv/detail/set_pen__type_support.cpp
[4.002s] -- Up-to-date: /home/pheonix/ros2_ws/install/turtlesim/include/turtlesim/turtlesim/srv/detail/teleport_absolute__rosidl_typesupport_introspection_cpp.hpp
[4.002s] -- Up-to-date: /home/pheonix/ros2_ws/install/turtlesim/include/turtlesim/turtlesim/srv/detail/set_pen__rosidl_typesupport_introspection_cpp.hpp
[4.002s] -- Up-to-date: /home/pheonix/ros2_ws/install/turtlesim/include/turtlesim/turtlesim/srv/detail/spawn__rosidl_typesupport_introspection_cpp.hpp
[4.002s] -- Up-to-date: /home/pheonix/ros2_ws/install/turtlesim/include/turtlesim/turtlesim/srv/detail/kill__rosidl_typesupport_introspection_cpp.hpp
[4.002s] -- Up-to-date: /home/pheonix/ros2_ws/install/turtlesim/include/turtlesim/turtlesim/srv/detail/teleport_relative__type_support.cpp
[4.004s] -- Up-to-date: /home/pheonix/ros2_ws/install/turtlesim/lib/libturtlesim__rosidl_typesupport_introspection_cpp.so
[4.006s] -- Up-to-date: /home/pheonix/ros2_ws/install/turtlesim/lib/libturtlesim__rosidl_typesupport_cpp.so
[4.006s] -- Up-to-date: /home/pheonix/ros2_ws/install/turtlesim/share/turtlesim/environment/pythonpath.sh
[4.006s] -- Up-to-date: /home/pheonix/ros2_ws/install/turtlesim/share/turtlesim/environment/pythonpath.dsv
[4.007s] -- Up-to-date: /home/pheonix/ros2_ws/install/turtlesim/lib/python3.12/site-packages/turtlesim-1.8.3-py3.12.egg-info
[4.008s] -- Installing: /home/pheonix/ros2_ws/install/turtlesim/lib/python3.12/site-packages/turtlesim-1.8.3-py3.12.egg-info/SOURCES.txt
[4.009s] -- Installing: /home/pheonix/ros2_ws/install/turtlesim/lib/python3.12/site-packages/turtlesim-1.8.3-py3.12.egg-info/dependency_links.txt
[4.009s] -- Installing: /home/pheonix/ros2_ws/install/turtlesim/lib/python3.12/site-packages/turtlesim-1.8.3-py3.12.egg-info/PKG-INFO
[4.009s] -- Installing: /home/pheonix/ros2_ws/install/turtlesim/lib/python3.12/site-packages/turtlesim-1.8.3-py3.12.egg-info/top_level.txt
[4.009s] -- Up-to-date: /home/pheonix/ros2_ws/install/turtlesim/lib/python3.12/site-packages/turtlesim
[4.014s] -- Up-to-date: /home/pheonix/ros2_ws/install/turtlesim/lib/python3.12/site-packages/turtlesim/_turtlesim_s.ep.rosidl_typesupport_introspection_c.c
[4.014s] -- Up-to-date: /home/pheonix/ros2_ws/install/turtlesim/lib/python3.12/site-packages/turtlesim/turtlesim_s__rosidl_typesupport_fastrtps_c.so
[4.014s] -- Up-to-date: /home/pheonix/ros2_ws/install/turtlesim/lib/python3.12/site-packages/turtlesim/msg
[4.014s] -- Up-to-date: /home/pheonix/ros2_ws/install/turtlesim/lib/python3.12/site-packages/turtlesim/msg/_pose.py
[4.015s] -- Up-to-date: /home/pheonix/ros2_ws/install/turtlesim/lib/python3.12/site-packages/turtlesim/msg/_color.py
[4.015s] -- Up-to-date: /home/pheonix/ros2_ws/install/turtlesim/lib/python3.12/site-packages/turtlesim/msg/__init__.py
[4.015s] -- Up-to-date: /home/pheonix/ros2_ws/install/turtlesim/lib/python3.12/site-packages/turtlesim/msg/_color_s.c
[4.015s] -- Up-to-date: /home/pheonix/ros2_ws/install/turtlesim/lib/python3.12/site-packages/turtlesim/msg/_pose_s.c
[4.015s] -- Up-to-date: /home/pheonix/ros2_ws/install/turtlesim/lib/python3.12/site-packages/turtlesim/_turtlesim_s.ep.rosidl_typesupport_c.c
[4.015s] -- Up-to-date: /home/pheonix/ros2_ws/install/turtlesim/lib/python3.12/site-packages/turtlesim/__init__.py
[4.015s] -- Up-to-date: /home/pheonix/ros2_ws/install/turtlesim/lib/python3.12/site-packages/turtlesim/turtlesim_s__rosidl_typesupport_c.so
[4.015s] -- Up-to-date: /home/pheonix/ros2_ws/install/turtlesim/lib/python3.12/site-packages/turtlesim/action
[4.015s] -- Up-to-date: /home/pheonix/ros2_ws/install/turtlesim/lib/python3.12/site-packages/turtlesim/action/_rotate_absolute.py
[4.015s] -- Up-to-date: /home/pheonix/ros2_ws/install/turtlesim/lib/python3.12/site-packages/turtlesim/action/__init__.py
[4.015s] -- Up-to-date: /home/pheonix/ros2_ws/install/turtlesim/lib/python3.12/site-packages/turtlesim/action/_rotate_absolute_s.c
[4.015s] -- Up-to-date: /home/pheonix/ros2_ws/install/turtlesim/lib/python3.12/site-packages/turtlesim/_turtlesim_s.ep.rosidl_typesupport_fastrtps_c.c
[4.015s] -- Up-to-date: /home/pheonix/ros2_ws/install/turtlesim/lib/python3.12/site-packages/turtlesim/srv
[4.015s] -- Up-to-date: /home/pheonix/ros2_ws/install/turtlesim/lib/python3.12/site-packages/turtlesim/srv/_set_pen.py
[4.015s] -- Up-to-date: /home/pheonix/ros2_ws/install/turtlesim/lib/python3.12/site-packages/turtlesim/srv/_kill.py
[4.015s] -- Up-to-date: /home/pheonix/ros2_ws/install/turtlesim/lib/python3.12/site-packages/turtlesim/srv/_spawn_s.c
[4.015s] -- Up-to-date: /home/pheonix/ros2_ws/install/turtlesim/lib/python3.12/site-packages/turtlesim/srv/_teleport_absolute_s.c
[4.015s] -- Up-to-date: /home/pheonix/ros2_ws/install/turtlesim/lib/python3.12/site-packages/turtlesim/srv/_teleport_relative_s.c
[4.018s] -- Up-to-date: /home/pheonix/ros2_ws/install/turtlesim/lib/python3.12/site-packages/turtlesim/srv/_teleport_relative.py
[4.018s] -- Up-to-date: /home/pheonix/ros2_ws/install/turtlesim/lib/python3.12/site-packages/turtlesim/srv/__init__.py
[4.018s] -- Up-to-date: /home/pheonix/ros2_ws/install/turtlesim/lib/python3.12/site-packages/turtlesim/srv/_set_pen_s.c
[4.018s] -- Up-to-date: /home/pheonix/ros2_ws/install/turtlesim/lib/python3.12/site-packages/turtlesim/srv/_spawn.py
[4.018s] -- Up-to-date: /home/pheonix/ros2_ws/install/turtlesim/lib/python3.12/site-packages/turtlesim/srv/_kill_s.c
[4.018s] -- Up-to-date: /home/pheonix/ros2_ws/install/turtlesim/lib/python3.12/site-packages/turtlesim/srv/_teleport_absolute.py
[4.018s] -- Up-to-date: /home/pheonix/ros2_ws/install/turtlesim/lib/python3.12/site-packages/turtlesim/turtlesim_s__rosidl_typesupport_introspection_c.so
[4.115s] Listing '/home/pheonix/ros2_ws/install/turtlesim/lib/python3.12/site-packages/turtlesim'...
[4.115s] Listing '/home/pheonix/ros2_ws/install/turtlesim/lib/python3.12/site-packages/turtlesim/action'...
[4.115s] Listing '/home/pheonix/ros2_ws/install/turtlesim/lib/python3.12/site-packages/turtlesim/msg'...
[4.115s] Listing '/home/pheonix/ros2_ws/install/turtlesim/lib/python3.12/site-packages/turtlesim/srv'...
[4.119s] -- Up-to-date: /home/pheonix/ros2_ws/install/turtlesim/lib/python3.12/site-packages/turtlesim/turtlesim_s__rosidl_typesupport_fastrtps_c.so
[4.121s] -- Up-to-date: /home/pheonix/ros2_ws/install/turtlesim/lib/python3.12/site-packages/turtlesim/turtlesim_s__rosidl_typesupport_introspection_c.so
[4.123s] -- Up-to-date: /home/pheonix/ros2_ws/install/turtlesim/lib/python3.12/site-packages/turtlesim/turtlesim_s__rosidl_typesupport_c.so
[4.124s] -- Up-to-date: /home/pheonix/ros2_ws/install/turtlesim/lib/libturtlesim__rosidl_generator_py.so
[4.125s] -- Up-to-date: /home/pheonix/ros2_ws/install/turtlesim/share/turtlesim/action/RotateAbsolute.idl
[4.125s] -- Up-to-date: /home/pheonix/ros2_ws/install/turtlesim/share/turtlesim/msg/Color.idl
[4.125s] -- Up-to-date: /home/pheonix/ros2_ws/install/turtlesim/share/turtlesim/msg/Pose.idl
[4.125s] -- Up-to-date: /home/pheonix/ros2_ws/install/turtlesim/share/turtlesim/srv/Kill.idl
[4.125s] -- Up-to-date: /home/pheonix/ros2_ws/install/turtlesim/share/turtlesim/srv/SetPen.idl
[4.125s] -- Up-to-date: /home/pheonix/ros2_ws/install/turtlesim/share/turtlesim/srv/Spawn.idl
[4.125s] -- Up-to-date: /home/pheonix/ros2_ws/install/turtlesim/share/turtlesim/srv/TeleportAbsolute.idl
[4.125s] -- Up-to-date: /home/pheonix/ros2_ws/install/turtlesim/share/turtlesim/srv/TeleportRelative.idl
[4.126s] -- Up-to-date: /home/pheonix/ros2_ws/install/turtlesim/share/turtlesim/action/RotateAbsolute.action
[4.126s] -- Up-to-date: /home/pheonix/ros2_ws/install/turtlesim/share/turtlesim/msg/Color.msg
[4.126s] -- Up-to-date: /home/pheonix/ros2_ws/install/turtlesim/share/turtlesim/msg/Pose.msg
[4.126s] -- Up-to-date: /home/pheonix/ros2_ws/install/turtlesim/share/turtlesim/srv/Kill.srv
[4.126s] -- Up-to-date: /home/pheonix/ros2_ws/install/turtlesim/share/turtlesim/srv/SetPen.srv
[4.126s] -- Up-to-date: /home/pheonix/ros2_ws/install/turtlesim/share/turtlesim/srv/Spawn.srv
[4.126s] -- Up-to-date: /home/pheonix/ros2_ws/install/turtlesim/share/turtlesim/srv/TeleportAbsolute.srv
[4.126s] -- Up-to-date: /home/pheonix/ros2_ws/install/turtlesim/share/turtlesim/srv/TeleportRelative.srv
[4.138s] -- Up-to-date: /home/pheonix/ros2_ws/install/turtlesim/lib/turtlesim/turtlesim_node
[4.140s] -- Up-to-date: /home/pheonix/ros2_ws/install/turtlesim/lib/turtlesim/turtle_teleop_key
[4.142s] -- Up-to-date: /home/pheonix/ros2_ws/install/turtlesim/lib/turtlesim/draw_square
[4.143s] -- Up-to-date: /home/pheonix/ros2_ws/install/turtlesim/lib/turtlesim/mimic
[4.147s] -- Up-to-date: /home/pheonix/ros2_ws/install/turtlesim/share/turtlesim/images
[4.148s] -- Up-to-date: /home/pheonix/ros2_ws/install/turtlesim/share/turtlesim/images/foxy.png
[4.149s] -- Up-to-date: /home/pheonix/ros2_ws/install/turtlesim/share/turtlesim/images/jazzy.png
[4.149s] -- Up-to-date: /home/pheonix/ros2_ws/install/turtlesim/share/turtlesim/images/ardent.png
[4.149s] -- Up-to-date: /home/pheonix/ros2_ws/install/turtlesim/share/turtlesim/images/bouncy.png
[4.149s] -- Up-to-date: /home/pheonix/ros2_ws/install/turtlesim/share/turtlesim/images/crystal.png
[4.149s] -- Up-to-date: /home/pheonix/ros2_ws/install/turtlesim/share/turtlesim/images/iron.png
[4.149s] -- Up-to-date: /home/pheonix/ros2_ws/install/turtlesim/share/turtlesim/images/rolling.png
[4.149s] -- Up-to-date: /home/pheonix/ros2_ws/install/turtlesim/share/turtlesim/images/eloquent.png
[4.149s] -- Up-to-date: /home/pheonix/ros2_ws/install/turtlesim/share/turtlesim/images/dashing.png
[4.151s] -- Up-to-date: /home/pheonix/ros2_ws/install/turtlesim/share/turtlesim/images/humble.png
[4.152s] -- Up-to-date: /home/pheonix/ros2_ws/install/turtlesim/share/turtlesim/images/galactic.png
[4.152s] -- Up-to-date: /home/pheonix/ros2_ws/install/turtlesim/share/turtlesim/launch
[4.156s] -- Up-to-date: /home/pheonix/ros2_ws/install/turtlesim/share/turtlesim/launch/multisim.launch.py
[4.156s] -- Up-to-date: /home/pheonix/ros2_ws/install/turtlesim/share/ament_index/resource_index/package_run_dependencies/turtlesim
[4.156s] -- Up-to-date: /home/pheonix/ros2_ws/install/turtlesim/share/ament_index/resource_index/parent_prefix_path/turtlesim
[4.156s] -- Up-to-date: /home/pheonix/ros2_ws/install/turtlesim/share/turtlesim/environment/ament_prefix_path.sh
[4.156s] -- Up-to-date: /home/pheonix/ros2_ws/install/turtlesim/share/turtlesim/environment/ament_prefix_path.dsv
[4.156s] -- Up-to-date: /home/pheonix/ros2_ws/install/turtlesim/share/turtlesim/environment/path.sh
[4.156s] -- Up-to-date: /home/pheonix/ros2_ws/install/turtlesim/share/turtlesim/environment/path.dsv
[4.156s] -- Up-to-date: /home/pheonix/ros2_ws/install/turtlesim/share/turtlesim/local_setup.bash
[4.156s] -- Up-to-date: /home/pheonix/ros2_ws/install/turtlesim/share/turtlesim/local_setup.sh
[4.156s] -- Up-to-date: /home/pheonix/ros2_ws/install/turtlesim/share/turtlesim/local_setup.zsh
[4.156s] -- Up-to-date: /home/pheonix/ros2_ws/install/turtlesim/share/turtlesim/local_setup.dsv
[4.156s] -- Installing: /home/pheonix/ros2_ws/install/turtlesim/share/turtlesim/package.dsv
[4.157s] -- Up-to-date: /home/pheonix/ros2_ws/install/turtlesim/share/ament_index/resource_index/packages/turtlesim
[4.164s] -- Up-to-date: /home/pheonix/ros2_ws/install/turtlesim/share/turtlesim/cmake/export_turtlesim__rosidl_generator_cExport.cmake
[4.165s] -- Up-to-date: /home/pheonix/ros2_ws/install/turtlesim/share/turtlesim/cmake/export_turtlesim__rosidl_generator_cExport-noconfig.cmake
[4.166s] -- Up-to-date: /home/pheonix/ros2_ws/install/turtlesim/share/turtlesim/cmake/export_turtlesim__rosidl_typesupport_fastrtps_cExport.cmake
[4.166s] -- Up-to-date: /home/pheonix/ros2_ws/install/turtlesim/share/turtlesim/cmake/export_turtlesim__rosidl_typesupport_fastrtps_cExport-noconfig.cmake
[4.167s] -- Up-to-date: /home/pheonix/ros2_ws/install/turtlesim/share/turtlesim/cmake/export_turtlesim__rosidl_generator_cppExport.cmake
[4.169s] -- Up-to-date: /home/pheonix/ros2_ws/install/turtlesim/share/turtlesim/cmake/export_turtlesim__rosidl_typesupport_fastrtps_cppExport.cmake
[4.170s] -- Up-to-date: /home/pheonix/ros2_ws/install/turtlesim/share/turtlesim/cmake/export_turtlesim__rosidl_typesupport_fastrtps_cppExport-noconfig.cmake
[4.171s] -- Up-to-date: /home/pheonix/ros2_ws/install/turtlesim/share/turtlesim/cmake/turtlesim__rosidl_typesupport_introspection_cExport.cmake
[4.172s] -- Up-to-date: /home/pheonix/ros2_ws/install/turtlesim/share/turtlesim/cmake/turtlesim__rosidl_typesupport_introspection_cExport-noconfig.cmake
[4.175s] -- Up-to-date: /home/pheonix/ros2_ws/install/turtlesim/share/turtlesim/cmake/turtlesim__rosidl_typesupport_cExport.cmake
[4.175s] -- Up-to-date: /home/pheonix/ros2_ws/install/turtlesim/share/turtlesim/cmake/turtlesim__rosidl_typesupport_cExport-noconfig.cmake
[4.176s] -- Up-to-date: /home/pheonix/ros2_ws/install/turtlesim/share/turtlesim/cmake/turtlesim__rosidl_typesupport_introspection_cppExport.cmake
[4.177s] -- Up-to-date: /home/pheonix/ros2_ws/install/turtlesim/share/turtlesim/cmake/turtlesim__rosidl_typesupport_introspection_cppExport-noconfig.cmake
[4.181s] -- Up-to-date: /home/pheonix/ros2_ws/install/turtlesim/share/turtlesim/cmake/turtlesim__rosidl_typesupport_cppExport.cmake
[4.181s] -- Up-to-date: /home/pheonix/ros2_ws/install/turtlesim/share/turtlesim/cmake/turtlesim__rosidl_typesupport_cppExport-noconfig.cmake
[4.182s] -- Up-to-date: /home/pheonix/ros2_ws/install/turtlesim/share/turtlesim/cmake/export_turtlesim__rosidl_generator_pyExport.cmake
[4.183s] -- Up-to-date: /home/pheonix/ros2_ws/install/turtlesim/share/turtlesim/cmake/export_turtlesim__rosidl_generator_pyExport-noconfig.cmake
[4.183s] -- Up-to-date: /home/pheonix/ros2_ws/install/turtlesim/share/turtlesim/cmake/rosidl_cmake-extras.cmake
[4.183s] -- Up-to-date: /home/pheonix/ros2_ws/install/turtlesim/share/turtlesim/cmake/ament_cmake_export_dependencies-extras.cmake
[4.183s] -- Up-to-date: /home/pheonix/ros2_ws/install/turtlesim/share/turtlesim/cmake/ament_cmake_export_include_directories-extras.cmake
[4.183s] -- Up-to-date: /home/pheonix/ros2_ws/install/turtlesim/share/turtlesim/cmake/ament_cmake_export_libraries-extras.cmake
[4.183s] -- Up-to-date: /home/pheonix/ros2_ws/install/turtlesim/share/turtlesim/cmake/ament_cmake_export_targets-extras.cmake
[4.183s] -- Up-to-date: /home/pheonix/ros2_ws/install/turtlesim/share/turtlesim/cmake/rosidl_cmake_export_typesupport_targets-extras.cmake
[4.183s] -- Up-to-date: /home/pheonix/ros2_ws/install/turtlesim/share/turtlesim/cmake/rosidl_cmake_export_typesupport_libraries-extras.cmake
[4.183s] -- Up-to-date: /home/pheonix/ros2_ws/install/turtlesim/share/turtlesim/cmake/turtlesimConfig.cmake
[4.184s] -- Up-to-date: /home/pheonix/ros2_ws/install/turtlesim/share/turtlesim/cmake/turtlesimConfig-version.cmake
[4.184s] -- Up-to-date: /home/pheonix/ros2_ws/install/turtlesim/share/turtlesim/package.xml
[4.189s] Invoked command in '/home/pheonix/ros2_ws/build/turtlesim' returned '0': CMAKE_PREFIX_PATH=${CMAKE_PREFIX_PATH}:/opt/ros/jazzy DEBUGINFOD_URLS=https://debuginfod.ubuntu.com /usr/bin/cmake --install /home/pheonix/ros2_ws/build/turtlesim
