[0.024s] Invoking command in '/home/pheonix/ros2_ws/build/turtlesim': AMENT_PREFIX_PATH=/home/pheonix/ros2_ws/install/rcl_interfaces:${AMENT_PREFIX_PATH} CMAKE_PREFIX_PATH=/home/pheonix/ros2_ws/install/rcl_interfaces:/opt/ros/jazzy/opt/gz_sim_vendor:/opt/ros/jazzy/opt/gz_sensors_vendor:/opt/ros/jazzy/opt/gz_physics_vendor:/opt/ros/jazzy/opt/sdformat_vendor:/opt/ros/jazzy/opt/gz_gui_vendor:/opt/ros/jazzy/opt/gz_transport_vendor:/opt/ros/jazzy/opt/gz_rendering_vendor:/opt/ros/jazzy/opt/gz_plugin_vendor:/opt/ros/jazzy/opt/gz_fuel_tools_vendor:/opt/ros/jazzy/opt/gz_msgs_vendor:/opt/ros/jazzy/opt/gz_common_vendor:/opt/ros/jazzy/opt/gz_tools_vendor:/opt/ros/jazzy/opt/gz_ogre_next_vendor:/opt/ros/jazzy/opt/gz_dartsim_vendor:/home/pheonix/ros2_ws/install/turtlesim:/opt/ros/jazzy/opt/gz_math_vendor:/opt/ros/jazzy/opt/gz_utils_vendor:/opt/ros/jazzy/opt/gz_cmake_vendor:/opt/ros/jazzy DEBUGINFOD_URLS=https://debuginfod.ubuntu.com LD_LIBRARY_PATH=/home/pheonix/ros2_ws/install/rcl_interfaces/lib:${LD_LIBRARY_PATH} PYTHONPATH=/home/pheonix/ros2_ws/install/rcl_interfaces/lib/python3.12/site-packages:${PYTHONPATH} /usr/bin/cmake --build /home/pheonix/ros2_ws/build/turtlesim -- -j2 -l2
[0.148s] [  0%] Built target turtlesim__rosidl_generator_type_description
[0.202s] [  0%] Built target ament_cmake_python_copy_turtlesim
[0.239s] [  1%] Built target turtlesim__cpp
[0.287s] [ 24%] Built target turtlesim__rosidl_generator_c
[0.544s] running egg_info
[0.567s] writing turtlesim.egg-info/PKG-INFO
[0.569s] writing dependency_links to turtlesim.egg-info/dependency_links.txt
[0.569s] writing top-level names to turtlesim.egg-info/top_level.txt
[0.631s] reading manifest file 'turtlesim.egg-info/SOURCES.txt'
[0.632s] writing manifest file 'turtlesim.egg-info/SOURCES.txt'
[0.681s] [ 24%] Built target ament_cmake_python_build_turtlesim_egg
[0.715s] [ 33%] Built target turtlesim__rosidl_typesupport_cpp
[0.754s] [ 41%] Built target turtlesim__rosidl_typesupport_fastrtps_c
[0.800s] [ 50%] Built target turtlesim__rosidl_typesupport_fastrtps_cpp
[0.880s] [ 59%] Built target turtlesim__rosidl_typesupport_introspection_c
[0.934s] [ 68%] Built target turtlesim__rosidl_typesupport_c
[0.988s] [ 76%] Built target turtlesim__rosidl_typesupport_introspection_cpp
[1.020s] [ 81%] Built target turtlesim_node
[1.088s] [ 83%] Built target turtle_teleop_key
[1.141s] [ 84%] Built target draw_square
[1.201s] [ 86%] Built target mimic
[1.287s] [ 86%] Built target turtlesim
[1.403s] [ 86%] Built target turtlesim__py
[1.560s] [ 94%] Built target turtlesim__rosidl_generator_py
[1.685s] [ 96%] Built target turtlesim_s__rosidl_typesupport_fastrtps_c
[1.761s] [ 98%] Built target turtlesim_s__rosidl_typesupport_introspection_c
[1.852s] [100%] Built target turtlesim_s__rosidl_typesupport_c
[1.887s] Invoked command in '/home/pheonix/ros2_ws/build/turtlesim' returned '0': AMENT_PREFIX_PATH=/home/pheonix/ros2_ws/install/rcl_interfaces:${AMENT_PREFIX_PATH} CMAKE_PREFIX_PATH=/home/pheonix/ros2_ws/install/rcl_interfaces:/opt/ros/jazzy/opt/gz_sim_vendor:/opt/ros/jazzy/opt/gz_sensors_vendor:/opt/ros/jazzy/opt/gz_physics_vendor:/opt/ros/jazzy/opt/sdformat_vendor:/opt/ros/jazzy/opt/gz_gui_vendor:/opt/ros/jazzy/opt/gz_transport_vendor:/opt/ros/jazzy/opt/gz_rendering_vendor:/opt/ros/jazzy/opt/gz_plugin_vendor:/opt/ros/jazzy/opt/gz_fuel_tools_vendor:/opt/ros/jazzy/opt/gz_msgs_vendor:/opt/ros/jazzy/opt/gz_common_vendor:/opt/ros/jazzy/opt/gz_tools_vendor:/opt/ros/jazzy/opt/gz_ogre_next_vendor:/opt/ros/jazzy/opt/gz_dartsim_vendor:/home/pheonix/ros2_ws/install/turtlesim:/opt/ros/jazzy/opt/gz_math_vendor:/opt/ros/jazzy/opt/gz_utils_vendor:/opt/ros/jazzy/opt/gz_cmake_vendor:/opt/ros/jazzy DEBUGINFOD_URLS=https://debuginfod.ubuntu.com LD_LIBRARY_PATH=/home/pheonix/ros2_ws/install/rcl_interfaces/lib:${LD_LIBRARY_PATH} PYTHONPATH=/home/pheonix/ros2_ws/install/rcl_interfaces/lib/python3.12/site-packages:${PYTHONPATH} /usr/bin/cmake --build /home/pheonix/ros2_ws/build/turtlesim -- -j2 -l2
[2.245s] Invoking command in '/home/pheonix/ros2_ws/build/turtlesim': AMENT_PREFIX_PATH=/home/pheonix/ros2_ws/install/rcl_interfaces:${AMENT_PREFIX_PATH} CMAKE_PREFIX_PATH=/home/pheonix/ros2_ws/install/rcl_interfaces:/opt/ros/jazzy/opt/gz_sim_vendor:/opt/ros/jazzy/opt/gz_sensors_vendor:/opt/ros/jazzy/opt/gz_physics_vendor:/opt/ros/jazzy/opt/sdformat_vendor:/opt/ros/jazzy/opt/gz_gui_vendor:/opt/ros/jazzy/opt/gz_transport_vendor:/opt/ros/jazzy/opt/gz_rendering_vendor:/opt/ros/jazzy/opt/gz_plugin_vendor:/opt/ros/jazzy/opt/gz_fuel_tools_vendor:/opt/ros/jazzy/opt/gz_msgs_vendor:/opt/ros/jazzy/opt/gz_common_vendor:/opt/ros/jazzy/opt/gz_tools_vendor:/opt/ros/jazzy/opt/gz_ogre_next_vendor:/opt/ros/jazzy/opt/gz_dartsim_vendor:/home/pheonix/ros2_ws/install/turtlesim:/opt/ros/jazzy/opt/gz_math_vendor:/opt/ros/jazzy/opt/gz_utils_vendor:/opt/ros/jazzy/opt/gz_cmake_vendor:/opt/ros/jazzy DEBUGINFOD_URLS=https://debuginfod.ubuntu.com LD_LIBRARY_PATH=/home/pheonix/ros2_ws/install/rcl_interfaces/lib:${LD_LIBRARY_PATH} PYTHONPATH=/home/pheonix/ros2_ws/install/rcl_interfaces/lib/python3.12/site-packages:${PYTHONPATH} /usr/bin/cmake --install /home/pheonix/ros2_ws/build/turtlesim
[2.252s] -- Install configuration: ""
[2.253s] -- Up-to-date: /home/pheonix/ros2_ws/install/turtlesim/share/ament_index/resource_index/rosidl_interfaces/turtlesim
[2.253s] -- Up-to-date: /home/pheonix/ros2_ws/install/turtlesim/share/turtlesim/action/RotateAbsolute.json
[2.253s] -- Up-to-date: /home/pheonix/ros2_ws/install/turtlesim/share/turtlesim/msg/Color.json
[2.253s] -- Up-to-date: /home/pheonix/ros2_ws/install/turtlesim/share/turtlesim/msg/Pose.json
[2.253s] -- Up-to-date: /home/pheonix/ros2_ws/install/turtlesim/share/turtlesim/srv/Kill.json
[2.253s] -- Up-to-date: /home/pheonix/ros2_ws/install/turtlesim/share/turtlesim/srv/SetPen.json
[2.253s] -- Up-to-date: /home/pheonix/ros2_ws/install/turtlesim/share/turtlesim/srv/Spawn.json
[2.253s] -- Up-to-date: /home/pheonix/ros2_ws/install/turtlesim/share/turtlesim/srv/TeleportAbsolute.json
[2.253s] -- Up-to-date: /home/pheonix/ros2_ws/install/turtlesim/share/turtlesim/srv/TeleportRelative.json
[2.253s] -- Up-to-date: /home/pheonix/ros2_ws/install/turtlesim/include/turtlesim/turtlesim
[2.254s] -- Up-to-date: /home/pheonix/ros2_ws/install/turtlesim/include/turtlesim/turtlesim/msg
[2.254s] -- Up-to-date: /home/pheonix/ros2_ws/install/turtlesim/include/turtlesim/turtlesim/msg/rosidl_generator_c__visibility_control.h
[2.254s] -- Up-to-date: /home/pheonix/ros2_ws/install/turtlesim/include/turtlesim/turtlesim/msg/detail
[2.254s] -- Installing: /home/pheonix/ros2_ws/install/turtlesim/include/turtlesim/turtlesim/msg/detail/color__type_support.c
[2.254s] -- Up-to-date: /home/pheonix/ros2_ws/install/turtlesim/include/turtlesim/turtlesim/msg/detail/pose__functions.c
[2.254s] -- Up-to-date: /home/pheonix/ros2_ws/install/turtlesim/include/turtlesim/turtlesim/msg/detail/color__struct.h
[2.254s] -- Up-to-date: /home/pheonix/ros2_ws/install/turtlesim/include/turtlesim/turtlesim/msg/detail/pose__functions.h
[2.254s] -- Up-to-date: /home/pheonix/ros2_ws/install/turtlesim/include/turtlesim/turtlesim/msg/detail/color__description.c
[2.254s] -- Up-to-date: /home/pheonix/ros2_ws/install/turtlesim/include/turtlesim/turtlesim/msg/detail/color__functions.h
[2.254s] -- Up-to-date: /home/pheonix/ros2_ws/install/turtlesim/include/turtlesim/turtlesim/msg/detail/pose__type_support.h
[2.254s] -- Up-to-date: /home/pheonix/ros2_ws/install/turtlesim/include/turtlesim/turtlesim/msg/detail/color__functions.c
[2.254s] -- Up-to-date: /home/pheonix/ros2_ws/install/turtlesim/include/turtlesim/turtlesim/msg/detail/pose__description.c
[2.255s] -- Up-to-date: /home/pheonix/ros2_ws/install/turtlesim/include/turtlesim/turtlesim/msg/detail/pose__struct.h
[2.255s] -- Up-to-date: /home/pheonix/ros2_ws/install/turtlesim/include/turtlesim/turtlesim/msg/detail/color__type_support.h
[2.255s] -- Installing: /home/pheonix/ros2_ws/install/turtlesim/include/turtlesim/turtlesim/msg/detail/pose__type_support.c
[2.255s] -- Up-to-date: /home/pheonix/ros2_ws/install/turtlesim/include/turtlesim/turtlesim/msg/pose.h
[2.255s] -- Up-to-date: /home/pheonix/ros2_ws/install/turtlesim/include/turtlesim/turtlesim/msg/color.h
[2.255s] -- Up-to-date: /home/pheonix/ros2_ws/install/turtlesim/include/turtlesim/turtlesim/action
[2.255s] -- Up-to-date: /home/pheonix/ros2_ws/install/turtlesim/include/turtlesim/turtlesim/action/rotate_absolute.h
[2.255s] -- Up-to-date: /home/pheonix/ros2_ws/install/turtlesim/include/turtlesim/turtlesim/action/detail
[2.255s] -- Up-to-date: /home/pheonix/ros2_ws/install/turtlesim/include/turtlesim/turtlesim/action/detail/rotate_absolute__functions.c
[2.255s] -- Up-to-date: /home/pheonix/ros2_ws/install/turtlesim/include/turtlesim/turtlesim/action/detail/rotate_absolute__struct.h
[2.255s] -- Up-to-date: /home/pheonix/ros2_ws/install/turtlesim/include/turtlesim/turtlesim/action/detail/rotate_absolute__description.c
[2.255s] -- Up-to-date: /home/pheonix/ros2_ws/install/turtlesim/include/turtlesim/turtlesim/action/detail/rotate_absolute__functions.h
[2.255s] -- Up-to-date: /home/pheonix/ros2_ws/install/turtlesim/include/turtlesim/turtlesim/action/detail/rotate_absolute__type_support.h
[2.256s] -- Installing: /home/pheonix/ros2_ws/install/turtlesim/include/turtlesim/turtlesim/action/detail/rotate_absolute__type_support.c
[2.256s] -- Up-to-date: /home/pheonix/ros2_ws/install/turtlesim/include/turtlesim/turtlesim/srv
[2.256s] -- Up-to-date: /home/pheonix/ros2_ws/install/turtlesim/include/turtlesim/turtlesim/srv/set_pen.h
[2.256s] -- Up-to-date: /home/pheonix/ros2_ws/install/turtlesim/include/turtlesim/turtlesim/srv/kill.h
[2.256s] -- Up-to-date: /home/pheonix/ros2_ws/install/turtlesim/include/turtlesim/turtlesim/srv/teleport_relative.h
[2.256s] -- Up-to-date: /home/pheonix/ros2_ws/install/turtlesim/include/turtlesim/turtlesim/srv/teleport_absolute.h
[2.256s] -- Up-to-date: /home/pheonix/ros2_ws/install/turtlesim/include/turtlesim/turtlesim/srv/detail
[2.256s] -- Installing: /home/pheonix/ros2_ws/install/turtlesim/include/turtlesim/turtlesim/srv/detail/teleport_relative__type_support.c
[2.256s] -- Up-to-date: /home/pheonix/ros2_ws/install/turtlesim/include/turtlesim/turtlesim/srv/detail/set_pen__type_support.h
[2.256s] -- Up-to-date: /home/pheonix/ros2_ws/install/turtlesim/include/turtlesim/turtlesim/srv/detail/kill__struct.h
[2.256s] -- Up-to-date: /home/pheonix/ros2_ws/install/turtlesim/include/turtlesim/turtlesim/srv/detail/kill__functions.c
[2.256s] -- Up-to-date: /home/pheonix/ros2_ws/install/turtlesim/include/turtlesim/turtlesim/srv/detail/spawn__functions.h
[2.256s] -- Up-to-date: /home/pheonix/ros2_ws/install/turtlesim/include/turtlesim/turtlesim/srv/detail/kill__description.c
[2.256s] -- Up-to-date: /home/pheonix/ros2_ws/install/turtlesim/include/turtlesim/turtlesim/srv/detail/teleport_relative__description.c
[2.257s] -- Up-to-date: /home/pheonix/ros2_ws/install/turtlesim/include/turtlesim/turtlesim/srv/detail/teleport_absolute__description.c
[2.257s] -- Installing: /home/pheonix/ros2_ws/install/turtlesim/include/turtlesim/turtlesim/srv/detail/kill__type_support.c
[2.257s] -- Up-to-date: /home/pheonix/ros2_ws/install/turtlesim/include/turtlesim/turtlesim/srv/detail/teleport_relative__struct.h
[2.257s] -- Installing: /home/pheonix/ros2_ws/install/turtlesim/include/turtlesim/turtlesim/srv/detail/set_pen__type_support.c
[2.257s] -- Up-to-date: /home/pheonix/ros2_ws/install/turtlesim/include/turtlesim/turtlesim/srv/detail/teleport_absolute__type_support.h
[2.257s] -- Installing: /home/pheonix/ros2_ws/install/turtlesim/include/turtlesim/turtlesim/srv/detail/spawn__type_support.c
[2.257s] -- Up-to-date: /home/pheonix/ros2_ws/install/turtlesim/include/turtlesim/turtlesim/srv/detail/teleport_absolute__struct.h
[2.257s] -- Up-to-date: /home/pheonix/ros2_ws/install/turtlesim/include/turtlesim/turtlesim/srv/detail/teleport_relative__functions.c
[2.257s] -- Up-to-date: /home/pheonix/ros2_ws/install/turtlesim/include/turtlesim/turtlesim/srv/detail/teleport_absolute__functions.c
[2.257s] -- Up-to-date: /home/pheonix/ros2_ws/install/turtlesim/include/turtlesim/turtlesim/srv/detail/teleport_relative__type_support.h
[2.257s] -- Up-to-date: /home/pheonix/ros2_ws/install/turtlesim/include/turtlesim/turtlesim/srv/detail/set_pen__description.c
[2.257s] -- Up-to-date: /home/pheonix/ros2_ws/install/turtlesim/include/turtlesim/turtlesim/srv/detail/kill__functions.h
[2.258s] -- Up-to-date: /home/pheonix/ros2_ws/install/turtlesim/include/turtlesim/turtlesim/srv/detail/teleport_relative__functions.h
[2.258s] -- Up-to-date: /home/pheonix/ros2_ws/install/turtlesim/include/turtlesim/turtlesim/srv/detail/set_pen__struct.h
[2.258s] -- Up-to-date: /home/pheonix/ros2_ws/install/turtlesim/include/turtlesim/turtlesim/srv/detail/spawn__struct.h
[2.258s] -- Up-to-date: /home/pheonix/ros2_ws/install/turtlesim/include/turtlesim/turtlesim/srv/detail/kill__type_support.h
[2.258s] -- Up-to-date: /home/pheonix/ros2_ws/install/turtlesim/include/turtlesim/turtlesim/srv/detail/teleport_absolute__functions.h
[2.258s] -- Up-to-date: /home/pheonix/ros2_ws/install/turtlesim/include/turtlesim/turtlesim/srv/detail/spawn__description.c
[2.258s] -- Up-to-date: /home/pheonix/ros2_ws/install/turtlesim/include/turtlesim/turtlesim/srv/detail/set_pen__functions.c
[2.258s] -- Installing: /home/pheonix/ros2_ws/install/turtlesim/include/turtlesim/turtlesim/srv/detail/teleport_absolute__type_support.c
[2.258s] -- Up-to-date: /home/pheonix/ros2_ws/install/turtlesim/include/turtlesim/turtlesim/srv/detail/spawn__functions.c
[2.258s] -- Up-to-date: /home/pheonix/ros2_ws/install/turtlesim/include/turtlesim/turtlesim/srv/detail/spawn__type_support.h
[2.258s] -- Up-to-date: /home/pheonix/ros2_ws/install/turtlesim/include/turtlesim/turtlesim/srv/detail/set_pen__functions.h
[2.258s] -- Up-to-date: /home/pheonix/ros2_ws/install/turtlesim/include/turtlesim/turtlesim/srv/spawn.h
[2.258s] -- Up-to-date: /home/pheonix/ros2_ws/install/turtlesim/share/turtlesim/environment/library_path.sh
[2.258s] -- Up-to-date: /home/pheonix/ros2_ws/install/turtlesim/share/turtlesim/environment/library_path.dsv
[2.259s] -- Up-to-date: /home/pheonix/ros2_ws/install/turtlesim/lib/libturtlesim__rosidl_generator_c.so
[2.259s] -- Up-to-date: /home/pheonix/ros2_ws/install/turtlesim/include/turtlesim/turtlesim
[2.259s] -- Up-to-date: /home/pheonix/ros2_ws/install/turtlesim/include/turtlesim/turtlesim/msg
[2.259s] -- Up-to-date: /home/pheonix/ros2_ws/install/turtlesim/include/turtlesim/turtlesim/msg/rosidl_typesupport_fastrtps_c__visibility_control.h
[2.259s] -- Up-to-date: /home/pheonix/ros2_ws/install/turtlesim/include/turtlesim/turtlesim/msg/detail
[2.259s] -- Up-to-date: /home/pheonix/ros2_ws/install/turtlesim/include/turtlesim/turtlesim/msg/detail/color__rosidl_typesupport_fastrtps_c.h
[2.259s] -- Up-to-date: /home/pheonix/ros2_ws/install/turtlesim/include/turtlesim/turtlesim/msg/detail/pose__rosidl_typesupport_fastrtps_c.h
[2.259s] -- Up-to-date: /home/pheonix/ros2_ws/install/turtlesim/include/turtlesim/turtlesim/action
[2.259s] -- Up-to-date: /home/pheonix/ros2_ws/install/turtlesim/include/turtlesim/turtlesim/action/detail
[2.259s] -- Up-to-date: /home/pheonix/ros2_ws/install/turtlesim/include/turtlesim/turtlesim/action/detail/rotate_absolute__rosidl_typesupport_fastrtps_c.h
[2.259s] -- Up-to-date: /home/pheonix/ros2_ws/install/turtlesim/include/turtlesim/turtlesim/srv
[2.259s] -- Up-to-date: /home/pheonix/ros2_ws/install/turtlesim/include/turtlesim/turtlesim/srv/detail
[2.260s] -- Up-to-date: /home/pheonix/ros2_ws/install/turtlesim/include/turtlesim/turtlesim/srv/detail/teleport_relative__rosidl_typesupport_fastrtps_c.h
[2.260s] -- Up-to-date: /home/pheonix/ros2_ws/install/turtlesim/include/turtlesim/turtlesim/srv/detail/set_pen__rosidl_typesupport_fastrtps_c.h
[2.260s] -- Up-to-date: /home/pheonix/ros2_ws/install/turtlesim/include/turtlesim/turtlesim/srv/detail/teleport_absolute__rosidl_typesupport_fastrtps_c.h
[2.260s] -- Up-to-date: /home/pheonix/ros2_ws/install/turtlesim/include/turtlesim/turtlesim/srv/detail/kill__rosidl_typesupport_fastrtps_c.h
[2.260s] -- Up-to-date: /home/pheonix/ros2_ws/install/turtlesim/include/turtlesim/turtlesim/srv/detail/spawn__rosidl_typesupport_fastrtps_c.h
[2.260s] -- Up-to-date: /home/pheonix/ros2_ws/install/turtlesim/lib/libturtlesim__rosidl_typesupport_fastrtps_c.so
[2.260s] -- Up-to-date: /home/pheonix/ros2_ws/install/turtlesim/include/turtlesim/turtlesim
[2.260s] -- Up-to-date: /home/pheonix/ros2_ws/install/turtlesim/include/turtlesim/turtlesim/msg
[2.260s] -- Up-to-date: /home/pheonix/ros2_ws/install/turtlesim/include/turtlesim/turtlesim/msg/rosidl_generator_cpp__visibility_control.hpp
[2.260s] -- Up-to-date: /home/pheonix/ros2_ws/install/turtlesim/include/turtlesim/turtlesim/msg/detail
[2.260s] -- Up-to-date: /home/pheonix/ros2_ws/install/turtlesim/include/turtlesim/turtlesim/msg/detail/pose__builder.hpp
[2.260s] -- Up-to-date: /home/pheonix/ros2_ws/install/turtlesim/include/turtlesim/turtlesim/msg/detail/color__struct.hpp
[2.260s] -- Up-to-date: /home/pheonix/ros2_ws/install/turtlesim/include/turtlesim/turtlesim/msg/detail/color__type_support.hpp
[2.261s] -- Up-to-date: /home/pheonix/ros2_ws/install/turtlesim/include/turtlesim/turtlesim/msg/detail/pose__struct.hpp
[2.261s] -- Up-to-date: /home/pheonix/ros2_ws/install/turtlesim/include/turtlesim/turtlesim/msg/detail/color__builder.hpp
[2.261s] -- Up-to-date: /home/pheonix/ros2_ws/install/turtlesim/include/turtlesim/turtlesim/msg/detail/color__traits.hpp
[2.261s] -- Up-to-date: /home/pheonix/ros2_ws/install/turtlesim/include/turtlesim/turtlesim/msg/detail/pose__type_support.hpp
[2.261s] -- Up-to-date: /home/pheonix/ros2_ws/install/turtlesim/include/turtlesim/turtlesim/msg/detail/pose__traits.hpp
[2.261s] -- Up-to-date: /home/pheonix/ros2_ws/install/turtlesim/include/turtlesim/turtlesim/msg/pose.hpp
[2.261s] -- Up-to-date: /home/pheonix/ros2_ws/install/turtlesim/include/turtlesim/turtlesim/msg/color.hpp
[2.261s] -- Up-to-date: /home/pheonix/ros2_ws/install/turtlesim/include/turtlesim/turtlesim/action
[2.261s] -- Up-to-date: /home/pheonix/ros2_ws/install/turtlesim/include/turtlesim/turtlesim/action/rotate_absolute.hpp
[2.261s] -- Up-to-date: /home/pheonix/ros2_ws/install/turtlesim/include/turtlesim/turtlesim/action/detail
[2.261s] -- Up-to-date: /home/pheonix/ros2_ws/install/turtlesim/include/turtlesim/turtlesim/action/detail/rotate_absolute__struct.hpp
[2.261s] -- Up-to-date: /home/pheonix/ros2_ws/install/turtlesim/include/turtlesim/turtlesim/action/detail/rotate_absolute__type_support.hpp
[2.261s] -- Up-to-date: /home/pheonix/ros2_ws/install/turtlesim/include/turtlesim/turtlesim/action/detail/rotate_absolute__builder.hpp
[2.261s] -- Up-to-date: /home/pheonix/ros2_ws/install/turtlesim/include/turtlesim/turtlesim/action/detail/rotate_absolute__traits.hpp
[2.261s] -- Up-to-date: /home/pheonix/ros2_ws/install/turtlesim/include/turtlesim/turtlesim/srv
[2.262s] -- Up-to-date: /home/pheonix/ros2_ws/install/turtlesim/include/turtlesim/turtlesim/srv/spawn.hpp
[2.262s] -- Up-to-date: /home/pheonix/ros2_ws/install/turtlesim/include/turtlesim/turtlesim/srv/kill.hpp
[2.262s] -- Up-to-date: /home/pheonix/ros2_ws/install/turtlesim/include/turtlesim/turtlesim/srv/set_pen.hpp
[2.262s] -- Up-to-date: /home/pheonix/ros2_ws/install/turtlesim/include/turtlesim/turtlesim/srv/detail
[2.262s] -- Up-to-date: /home/pheonix/ros2_ws/install/turtlesim/include/turtlesim/turtlesim/srv/detail/spawn__traits.hpp
[2.262s] -- Up-to-date: /home/pheonix/ros2_ws/install/turtlesim/include/turtlesim/turtlesim/srv/detail/spawn__type_support.hpp
[2.262s] -- Up-to-date: /home/pheonix/ros2_ws/install/turtlesim/include/turtlesim/turtlesim/srv/detail/kill__traits.hpp
[2.262s] -- Up-to-date: /home/pheonix/ros2_ws/install/turtlesim/include/turtlesim/turtlesim/srv/detail/spawn__builder.hpp
[2.262s] -- Up-to-date: /home/pheonix/ros2_ws/install/turtlesim/include/turtlesim/turtlesim/srv/detail/kill__builder.hpp
[2.262s] -- Up-to-date: /home/pheonix/ros2_ws/install/turtlesim/include/turtlesim/turtlesim/srv/detail/teleport_relative__traits.hpp
[2.262s] -- Up-to-date: /home/pheonix/ros2_ws/install/turtlesim/include/turtlesim/turtlesim/srv/detail/teleport_absolute__traits.hpp
[2.262s] -- Up-to-date: /home/pheonix/ros2_ws/install/turtlesim/include/turtlesim/turtlesim/srv/detail/set_pen__type_support.hpp
[2.262s] -- Up-to-date: /home/pheonix/ros2_ws/install/turtlesim/include/turtlesim/turtlesim/srv/detail/teleport_relative__type_support.hpp
[2.262s] -- Up-to-date: /home/pheonix/ros2_ws/install/turtlesim/include/turtlesim/turtlesim/srv/detail/kill__type_support.hpp
[2.262s] -- Up-to-date: /home/pheonix/ros2_ws/install/turtlesim/include/turtlesim/turtlesim/srv/detail/teleport_absolute__builder.hpp
[2.262s] -- Up-to-date: /home/pheonix/ros2_ws/install/turtlesim/include/turtlesim/turtlesim/srv/detail/teleport_relative__struct.hpp
[2.263s] -- Up-to-date: /home/pheonix/ros2_ws/install/turtlesim/include/turtlesim/turtlesim/srv/detail/teleport_absolute__struct.hpp
[2.263s] -- Up-to-date: /home/pheonix/ros2_ws/install/turtlesim/include/turtlesim/turtlesim/srv/detail/kill__struct.hpp
[2.263s] -- Up-to-date: /home/pheonix/ros2_ws/install/turtlesim/include/turtlesim/turtlesim/srv/detail/set_pen__traits.hpp
[2.263s] -- Up-to-date: /home/pheonix/ros2_ws/install/turtlesim/include/turtlesim/turtlesim/srv/detail/set_pen__builder.hpp
[2.263s] -- Up-to-date: /home/pheonix/ros2_ws/install/turtlesim/include/turtlesim/turtlesim/srv/detail/set_pen__struct.hpp
[2.263s] -- Up-to-date: /home/pheonix/ros2_ws/install/turtlesim/include/turtlesim/turtlesim/srv/detail/spawn__struct.hpp
[2.263s] -- Up-to-date: /home/pheonix/ros2_ws/install/turtlesim/include/turtlesim/turtlesim/srv/detail/teleport_relative__builder.hpp
[2.263s] -- Up-to-date: /home/pheonix/ros2_ws/install/turtlesim/include/turtlesim/turtlesim/srv/detail/teleport_absolute__type_support.hpp
[2.263s] -- Up-to-date: /home/pheonix/ros2_ws/install/turtlesim/include/turtlesim/turtlesim/srv/teleport_absolute.hpp
[2.263s] -- Up-to-date: /home/pheonix/ros2_ws/install/turtlesim/include/turtlesim/turtlesim/srv/teleport_relative.hpp
[2.263s] -- Up-to-date: /home/pheonix/ros2_ws/install/turtlesim/include/turtlesim/turtlesim
[2.263s] -- Up-to-date: /home/pheonix/ros2_ws/install/turtlesim/include/turtlesim/turtlesim/msg
[2.263s] -- Up-to-date: /home/pheonix/ros2_ws/install/turtlesim/include/turtlesim/turtlesim/msg/detail
[2.263s] -- Up-to-date: /home/pheonix/ros2_ws/install/turtlesim/include/turtlesim/turtlesim/msg/detail/color__rosidl_typesupport_fastrtps_cpp.hpp
[2.264s] -- Up-to-date: /home/pheonix/ros2_ws/install/turtlesim/include/turtlesim/turtlesim/msg/detail/dds_fastrtps
[2.264s] -- Up-to-date: /home/pheonix/ros2_ws/install/turtlesim/include/turtlesim/turtlesim/msg/detail/pose__rosidl_typesupport_fastrtps_cpp.hpp
[2.264s] -- Up-to-date: /home/pheonix/ros2_ws/install/turtlesim/include/turtlesim/turtlesim/msg/rosidl_typesupport_fastrtps_cpp__visibility_control.h
[2.264s] -- Up-to-date: /home/pheonix/ros2_ws/install/turtlesim/include/turtlesim/turtlesim/action
[2.264s] -- Up-to-date: /home/pheonix/ros2_ws/install/turtlesim/include/turtlesim/turtlesim/action/detail
[2.264s] -- Up-to-date: /home/pheonix/ros2_ws/install/turtlesim/include/turtlesim/turtlesim/action/detail/dds_fastrtps
[2.264s] -- Up-to-date: /home/pheonix/ros2_ws/install/turtlesim/include/turtlesim/turtlesim/action/detail/rotate_absolute__rosidl_typesupport_fastrtps_cpp.hpp
[2.264s] -- Up-to-date: /home/pheonix/ros2_ws/install/turtlesim/include/turtlesim/turtlesim/srv
[2.264s] -- Up-to-date: /home/pheonix/ros2_ws/install/turtlesim/include/turtlesim/turtlesim/srv/detail
[2.264s] -- Up-to-date: /home/pheonix/ros2_ws/install/turtlesim/include/turtlesim/turtlesim/srv/detail/dds_fastrtps
[2.264s] -- Up-to-date: /home/pheonix/ros2_ws/install/turtlesim/include/turtlesim/turtlesim/srv/detail/teleport_relative__rosidl_typesupport_fastrtps_cpp.hpp
[2.264s] -- Up-to-date: /home/pheonix/ros2_ws/install/turtlesim/include/turtlesim/turtlesim/srv/detail/spawn__rosidl_typesupport_fastrtps_cpp.hpp
[2.264s] -- Up-to-date: /home/pheonix/ros2_ws/install/turtlesim/include/turtlesim/turtlesim/srv/detail/teleport_absolute__rosidl_typesupport_fastrtps_cpp.hpp
[2.264s] -- Up-to-date: /home/pheonix/ros2_ws/install/turtlesim/include/turtlesim/turtlesim/srv/detail/set_pen__rosidl_typesupport_fastrtps_cpp.hpp
[2.265s] -- Up-to-date: /home/pheonix/ros2_ws/install/turtlesim/include/turtlesim/turtlesim/srv/detail/kill__rosidl_typesupport_fastrtps_cpp.hpp
[2.265s] -- Up-to-date: /home/pheonix/ros2_ws/install/turtlesim/lib/libturtlesim__rosidl_typesupport_fastrtps_cpp.so
[2.265s] -- Up-to-date: /home/pheonix/ros2_ws/install/turtlesim/include/turtlesim/turtlesim
[2.265s] -- Up-to-date: /home/pheonix/ros2_ws/install/turtlesim/include/turtlesim/turtlesim/msg
[2.265s] -- Up-to-date: /home/pheonix/ros2_ws/install/turtlesim/include/turtlesim/turtlesim/msg/detail
[2.265s] -- Installing: /home/pheonix/ros2_ws/install/turtlesim/include/turtlesim/turtlesim/msg/detail/color__type_support.c
[2.265s] -- Up-to-date: /home/pheonix/ros2_ws/install/turtlesim/include/turtlesim/turtlesim/msg/detail/pose__rosidl_typesupport_introspection_c.h
[2.265s] -- Up-to-date: /home/pheonix/ros2_ws/install/turtlesim/include/turtlesim/turtlesim/msg/detail/color__rosidl_typesupport_introspection_c.h
[2.265s] -- Installing: /home/pheonix/ros2_ws/install/turtlesim/include/turtlesim/turtlesim/msg/detail/pose__type_support.c
[2.265s] -- Up-to-date: /home/pheonix/ros2_ws/install/turtlesim/include/turtlesim/turtlesim/msg/rosidl_typesupport_introspection_c__visibility_control.h
[2.266s] -- Up-to-date: /home/pheonix/ros2_ws/install/turtlesim/include/turtlesim/turtlesim/action
[2.266s] -- Up-to-date: /home/pheonix/ros2_ws/install/turtlesim/include/turtlesim/turtlesim/action/detail
[2.266s] -- Up-to-date: /home/pheonix/ros2_ws/install/turtlesim/include/turtlesim/turtlesim/action/detail/rotate_absolute__rosidl_typesupport_introspection_c.h
[2.266s] -- Installing: /home/pheonix/ros2_ws/install/turtlesim/include/turtlesim/turtlesim/action/detail/rotate_absolute__type_support.c
[2.266s] -- Up-to-date: /home/pheonix/ros2_ws/install/turtlesim/include/turtlesim/turtlesim/srv
[2.266s] -- Up-to-date: /home/pheonix/ros2_ws/install/turtlesim/include/turtlesim/turtlesim/srv/detail
[2.266s] -- Installing: /home/pheonix/ros2_ws/install/turtlesim/include/turtlesim/turtlesim/srv/detail/teleport_relative__type_support.c
[2.266s] -- Up-to-date: /home/pheonix/ros2_ws/install/turtlesim/include/turtlesim/turtlesim/srv/detail/teleport_relative__rosidl_typesupport_introspection_c.h
[2.266s] -- Up-to-date: /home/pheonix/ros2_ws/install/turtlesim/include/turtlesim/turtlesim/srv/detail/spawn__rosidl_typesupport_introspection_c.h
[2.266s] -- Installing: /home/pheonix/ros2_ws/install/turtlesim/include/turtlesim/turtlesim/srv/detail/kill__type_support.c
[2.267s] -- Installing: /home/pheonix/ros2_ws/install/turtlesim/include/turtlesim/turtlesim/srv/detail/set_pen__type_support.c
[2.267s] -- Installing: /home/pheonix/ros2_ws/install/turtlesim/include/turtlesim/turtlesim/srv/detail/spawn__type_support.c
[2.267s] -- Up-to-date: /home/pheonix/ros2_ws/install/turtlesim/include/turtlesim/turtlesim/srv/detail/set_pen__rosidl_typesupport_introspection_c.h
[2.267s] -- Up-to-date: /home/pheonix/ros2_ws/install/turtlesim/include/turtlesim/turtlesim/srv/detail/kill__rosidl_typesupport_introspection_c.h
[2.267s] -- Up-to-date: /home/pheonix/ros2_ws/install/turtlesim/include/turtlesim/turtlesim/srv/detail/teleport_absolute__rosidl_typesupport_introspection_c.h
[2.267s] -- Installing: /home/pheonix/ros2_ws/install/turtlesim/include/turtlesim/turtlesim/srv/detail/teleport_absolute__type_support.c
[2.267s] -- Up-to-date: /home/pheonix/ros2_ws/install/turtlesim/lib/libturtlesim__rosidl_typesupport_introspection_c.so
[2.267s] -- Up-to-date: /home/pheonix/ros2_ws/install/turtlesim/lib/libturtlesim__rosidl_typesupport_c.so
[2.268s] -- Up-to-date: /home/pheonix/ros2_ws/install/turtlesim/include/turtlesim/turtlesim
[2.268s] -- Up-to-date: /home/pheonix/ros2_ws/install/turtlesim/include/turtlesim/turtlesim/msg
[2.268s] -- Up-to-date: /home/pheonix/ros2_ws/install/turtlesim/include/turtlesim/turtlesim/msg/detail
[2.268s] -- Up-to-date: /home/pheonix/ros2_ws/install/turtlesim/include/turtlesim/turtlesim/msg/detail/pose__rosidl_typesupport_introspection_cpp.hpp
[2.268s] -- Up-to-date: /home/pheonix/ros2_ws/install/turtlesim/include/turtlesim/turtlesim/msg/detail/color__rosidl_typesupport_introspection_cpp.hpp
[2.268s] -- Up-to-date: /home/pheonix/ros2_ws/install/turtlesim/include/turtlesim/turtlesim/msg/detail/color__type_support.cpp
[2.268s] -- Up-to-date: /home/pheonix/ros2_ws/install/turtlesim/include/turtlesim/turtlesim/msg/detail/pose__type_support.cpp
[2.268s] -- Up-to-date: /home/pheonix/ros2_ws/install/turtlesim/include/turtlesim/turtlesim/action
[2.268s] -- Up-to-date: /home/pheonix/ros2_ws/install/turtlesim/include/turtlesim/turtlesim/action/detail
[2.268s] -- Up-to-date: /home/pheonix/ros2_ws/install/turtlesim/include/turtlesim/turtlesim/action/detail/rotate_absolute__rosidl_typesupport_introspection_cpp.hpp
[2.268s] -- Up-to-date: /home/pheonix/ros2_ws/install/turtlesim/include/turtlesim/turtlesim/action/detail/rotate_absolute__type_support.cpp
[2.268s] -- Up-to-date: /home/pheonix/ros2_ws/install/turtlesim/include/turtlesim/turtlesim/srv
[2.268s] -- Up-to-date: /home/pheonix/ros2_ws/install/turtlesim/include/turtlesim/turtlesim/srv/detail
[2.268s] -- Up-to-date: /home/pheonix/ros2_ws/install/turtlesim/include/turtlesim/turtlesim/srv/detail/kill__type_support.cpp
[2.268s] -- Up-to-date: /home/pheonix/ros2_ws/install/turtlesim/include/turtlesim/turtlesim/srv/detail/teleport_absolute__type_support.cpp
[2.269s] -- Up-to-date: /home/pheonix/ros2_ws/install/turtlesim/include/turtlesim/turtlesim/srv/detail/spawn__type_support.cpp
[2.269s] -- Up-to-date: /home/pheonix/ros2_ws/install/turtlesim/include/turtlesim/turtlesim/srv/detail/teleport_relative__rosidl_typesupport_introspection_cpp.hpp
[2.269s] -- Up-to-date: /home/pheonix/ros2_ws/install/turtlesim/include/turtlesim/turtlesim/srv/detail/set_pen__type_support.cpp
[2.269s] -- Up-to-date: /home/pheonix/ros2_ws/install/turtlesim/include/turtlesim/turtlesim/srv/detail/teleport_absolute__rosidl_typesupport_introspection_cpp.hpp
[2.269s] -- Up-to-date: /home/pheonix/ros2_ws/install/turtlesim/include/turtlesim/turtlesim/srv/detail/set_pen__rosidl_typesupport_introspection_cpp.hpp
[2.269s] -- Up-to-date: /home/pheonix/ros2_ws/install/turtlesim/include/turtlesim/turtlesim/srv/detail/spawn__rosidl_typesupport_introspection_cpp.hpp
[2.269s] -- Up-to-date: /home/pheonix/ros2_ws/install/turtlesim/include/turtlesim/turtlesim/srv/detail/kill__rosidl_typesupport_introspection_cpp.hpp
[2.269s] -- Up-to-date: /home/pheonix/ros2_ws/install/turtlesim/include/turtlesim/turtlesim/srv/detail/teleport_relative__type_support.cpp
[2.269s] -- Up-to-date: /home/pheonix/ros2_ws/install/turtlesim/lib/libturtlesim__rosidl_typesupport_introspection_cpp.so
[2.269s] -- Up-to-date: /home/pheonix/ros2_ws/install/turtlesim/lib/libturtlesim__rosidl_typesupport_cpp.so
[2.270s] -- Up-to-date: /home/pheonix/ros2_ws/install/turtlesim/share/turtlesim/environment/pythonpath.sh
[2.270s] -- Up-to-date: /home/pheonix/ros2_ws/install/turtlesim/share/turtlesim/environment/pythonpath.dsv
[2.270s] -- Up-to-date: /home/pheonix/ros2_ws/install/turtlesim/lib/python3.12/site-packages/turtlesim-1.8.3-py3.12.egg-info
[2.285s] -- Installing: /home/pheonix/ros2_ws/install/turtlesim/lib/python3.12/site-packages/turtlesim-1.8.3-py3.12.egg-info/SOURCES.txt
[2.292s] -- Installing: /home/pheonix/ros2_ws/install/turtlesim/lib/python3.12/site-packages/turtlesim-1.8.3-py3.12.egg-info/dependency_links.txt
[2.292s] -- Installing: /home/pheonix/ros2_ws/install/turtlesim/lib/python3.12/site-packages/turtlesim-1.8.3-py3.12.egg-info/PKG-INFO
[2.292s] -- Installing: /home/pheonix/ros2_ws/install/turtlesim/lib/python3.12/site-packages/turtlesim-1.8.3-py3.12.egg-info/top_level.txt
[2.292s] -- Up-to-date: /home/pheonix/ros2_ws/install/turtlesim/lib/python3.12/site-packages/turtlesim
[2.292s] -- Up-to-date: /home/pheonix/ros2_ws/install/turtlesim/lib/python3.12/site-packages/turtlesim/_turtlesim_s.ep.rosidl_typesupport_introspection_c.c
[2.293s] -- Up-to-date: /home/pheonix/ros2_ws/install/turtlesim/lib/python3.12/site-packages/turtlesim/turtlesim_s__rosidl_typesupport_fastrtps_c.so
[2.293s] -- Up-to-date: /home/pheonix/ros2_ws/install/turtlesim/lib/python3.12/site-packages/turtlesim/msg
[2.293s] -- Up-to-date: /home/pheonix/ros2_ws/install/turtlesim/lib/python3.12/site-packages/turtlesim/msg/_pose.py
[2.293s] -- Up-to-date: /home/pheonix/ros2_ws/install/turtlesim/lib/python3.12/site-packages/turtlesim/msg/_color.py
[2.293s] -- Up-to-date: /home/pheonix/ros2_ws/install/turtlesim/lib/python3.12/site-packages/turtlesim/msg/__init__.py
[2.293s] -- Up-to-date: /home/pheonix/ros2_ws/install/turtlesim/lib/python3.12/site-packages/turtlesim/msg/_color_s.c
[2.293s] -- Up-to-date: /home/pheonix/ros2_ws/install/turtlesim/lib/python3.12/site-packages/turtlesim/msg/_pose_s.c
[2.293s] -- Up-to-date: /home/pheonix/ros2_ws/install/turtlesim/lib/python3.12/site-packages/turtlesim/_turtlesim_s.ep.rosidl_typesupport_c.c
[2.293s] -- Up-to-date: /home/pheonix/ros2_ws/install/turtlesim/lib/python3.12/site-packages/turtlesim/__init__.py
[2.301s] -- Up-to-date: /home/pheonix/ros2_ws/install/turtlesim/lib/python3.12/site-packages/turtlesim/turtlesim_s__rosidl_typesupport_c.so
[2.301s] -- Up-to-date: /home/pheonix/ros2_ws/install/turtlesim/lib/python3.12/site-packages/turtlesim/action
[2.301s] -- Up-to-date: /home/pheonix/ros2_ws/install/turtlesim/lib/python3.12/site-packages/turtlesim/action/_rotate_absolute.py
[2.301s] -- Up-to-date: /home/pheonix/ros2_ws/install/turtlesim/lib/python3.12/site-packages/turtlesim/action/__init__.py
[2.301s] -- Up-to-date: /home/pheonix/ros2_ws/install/turtlesim/lib/python3.12/site-packages/turtlesim/action/_rotate_absolute_s.c
[2.301s] -- Up-to-date: /home/pheonix/ros2_ws/install/turtlesim/lib/python3.12/site-packages/turtlesim/_turtlesim_s.ep.rosidl_typesupport_fastrtps_c.c
[2.301s] -- Up-to-date: /home/pheonix/ros2_ws/install/turtlesim/lib/python3.12/site-packages/turtlesim/srv
[2.301s] -- Up-to-date: /home/pheonix/ros2_ws/install/turtlesim/lib/python3.12/site-packages/turtlesim/srv/_set_pen.py
[2.301s] -- Up-to-date: /home/pheonix/ros2_ws/install/turtlesim/lib/python3.12/site-packages/turtlesim/srv/_kill.py
[2.302s] -- Up-to-date: /home/pheonix/ros2_ws/install/turtlesim/lib/python3.12/site-packages/turtlesim/srv/_spawn_s.c
[2.302s] -- Up-to-date: /home/pheonix/ros2_ws/install/turtlesim/lib/python3.12/site-packages/turtlesim/srv/_teleport_absolute_s.c
[2.302s] -- Up-to-date: /home/pheonix/ros2_ws/install/turtlesim/lib/python3.12/site-packages/turtlesim/srv/_teleport_relative_s.c
[2.302s] -- Up-to-date: /home/pheonix/ros2_ws/install/turtlesim/lib/python3.12/site-packages/turtlesim/srv/_teleport_relative.py
[2.303s] -- Up-to-date: /home/pheonix/ros2_ws/install/turtlesim/lib/python3.12/site-packages/turtlesim/srv/__init__.py
[2.303s] -- Up-to-date: /home/pheonix/ros2_ws/install/turtlesim/lib/python3.12/site-packages/turtlesim/srv/_set_pen_s.c
[2.303s] -- Up-to-date: /home/pheonix/ros2_ws/install/turtlesim/lib/python3.12/site-packages/turtlesim/srv/_spawn.py
[2.304s] -- Up-to-date: /home/pheonix/ros2_ws/install/turtlesim/lib/python3.12/site-packages/turtlesim/srv/_kill_s.c
[2.304s] -- Up-to-date: /home/pheonix/ros2_ws/install/turtlesim/lib/python3.12/site-packages/turtlesim/srv/_teleport_absolute.py
[2.304s] -- Up-to-date: /home/pheonix/ros2_ws/install/turtlesim/lib/python3.12/site-packages/turtlesim/turtlesim_s__rosidl_typesupport_introspection_c.so
[2.334s] Listing '/home/pheonix/ros2_ws/install/turtlesim/lib/python3.12/site-packages/turtlesim'...
[2.335s] Listing '/home/pheonix/ros2_ws/install/turtlesim/lib/python3.12/site-packages/turtlesim/action'...
[2.335s] Listing '/home/pheonix/ros2_ws/install/turtlesim/lib/python3.12/site-packages/turtlesim/msg'...
[2.335s] Listing '/home/pheonix/ros2_ws/install/turtlesim/lib/python3.12/site-packages/turtlesim/srv'...
[2.335s] -- Up-to-date: /home/pheonix/ros2_ws/install/turtlesim/lib/python3.12/site-packages/turtlesim/turtlesim_s__rosidl_typesupport_fastrtps_c.so
[2.335s] -- Up-to-date: /home/pheonix/ros2_ws/install/turtlesim/lib/python3.12/site-packages/turtlesim/turtlesim_s__rosidl_typesupport_introspection_c.so
[2.336s] -- Up-to-date: /home/pheonix/ros2_ws/install/turtlesim/lib/python3.12/site-packages/turtlesim/turtlesim_s__rosidl_typesupport_c.so
[2.336s] -- Up-to-date: /home/pheonix/ros2_ws/install/turtlesim/lib/libturtlesim__rosidl_generator_py.so
[2.336s] -- Up-to-date: /home/pheonix/ros2_ws/install/turtlesim/share/turtlesim/action/RotateAbsolute.idl
[2.336s] -- Up-to-date: /home/pheonix/ros2_ws/install/turtlesim/share/turtlesim/msg/Color.idl
[2.336s] -- Up-to-date: /home/pheonix/ros2_ws/install/turtlesim/share/turtlesim/msg/Pose.idl
[2.336s] -- Up-to-date: /home/pheonix/ros2_ws/install/turtlesim/share/turtlesim/srv/Kill.idl
[2.336s] -- Up-to-date: /home/pheonix/ros2_ws/install/turtlesim/share/turtlesim/srv/SetPen.idl
[2.336s] -- Up-to-date: /home/pheonix/ros2_ws/install/turtlesim/share/turtlesim/srv/Spawn.idl
[2.337s] -- Up-to-date: /home/pheonix/ros2_ws/install/turtlesim/share/turtlesim/srv/TeleportAbsolute.idl
[2.337s] -- Up-to-date: /home/pheonix/ros2_ws/install/turtlesim/share/turtlesim/srv/TeleportRelative.idl
[2.337s] -- Up-to-date: /home/pheonix/ros2_ws/install/turtlesim/share/turtlesim/action/RotateAbsolute.action
[2.337s] -- Up-to-date: /home/pheonix/ros2_ws/install/turtlesim/share/turtlesim/msg/Color.msg
[2.337s] -- Up-to-date: /home/pheonix/ros2_ws/install/turtlesim/share/turtlesim/msg/Pose.msg
[2.337s] -- Up-to-date: /home/pheonix/ros2_ws/install/turtlesim/share/turtlesim/srv/Kill.srv
[2.337s] -- Up-to-date: /home/pheonix/ros2_ws/install/turtlesim/share/turtlesim/srv/SetPen.srv
[2.337s] -- Up-to-date: /home/pheonix/ros2_ws/install/turtlesim/share/turtlesim/srv/Spawn.srv
[2.337s] -- Up-to-date: /home/pheonix/ros2_ws/install/turtlesim/share/turtlesim/srv/TeleportAbsolute.srv
[2.337s] -- Up-to-date: /home/pheonix/ros2_ws/install/turtlesim/share/turtlesim/srv/TeleportRelative.srv
[2.337s] -- Up-to-date: /home/pheonix/ros2_ws/install/turtlesim/lib/turtlesim/turtlesim_node
[2.338s] -- Up-to-date: /home/pheonix/ros2_ws/install/turtlesim/lib/turtlesim/turtle_teleop_key
[2.338s] -- Up-to-date: /home/pheonix/ros2_ws/install/turtlesim/lib/turtlesim/draw_square
[2.338s] -- Up-to-date: /home/pheonix/ros2_ws/install/turtlesim/lib/turtlesim/mimic
[2.338s] -- Up-to-date: /home/pheonix/ros2_ws/install/turtlesim/share/turtlesim/images
[2.338s] -- Up-to-date: /home/pheonix/ros2_ws/install/turtlesim/share/turtlesim/images/foxy.png
[2.338s] -- Up-to-date: /home/pheonix/ros2_ws/install/turtlesim/share/turtlesim/images/jazzy.png
[2.338s] -- Up-to-date: /home/pheonix/ros2_ws/install/turtlesim/share/turtlesim/images/ardent.png
[2.338s] -- Up-to-date: /home/pheonix/ros2_ws/install/turtlesim/share/turtlesim/images/bouncy.png
[2.338s] -- Up-to-date: /home/pheonix/ros2_ws/install/turtlesim/share/turtlesim/images/crystal.png
[2.339s] -- Up-to-date: /home/pheonix/ros2_ws/install/turtlesim/share/turtlesim/images/iron.png
[2.339s] -- Up-to-date: /home/pheonix/ros2_ws/install/turtlesim/share/turtlesim/images/rolling.png
[2.339s] -- Up-to-date: /home/pheonix/ros2_ws/install/turtlesim/share/turtlesim/images/eloquent.png
[2.339s] -- Up-to-date: /home/pheonix/ros2_ws/install/turtlesim/share/turtlesim/images/dashing.png
[2.339s] -- Up-to-date: /home/pheonix/ros2_ws/install/turtlesim/share/turtlesim/images/humble.png
[2.339s] -- Up-to-date: /home/pheonix/ros2_ws/install/turtlesim/share/turtlesim/images/galactic.png
[2.339s] -- Up-to-date: /home/pheonix/ros2_ws/install/turtlesim/share/turtlesim/launch
[2.339s] -- Up-to-date: /home/pheonix/ros2_ws/install/turtlesim/share/turtlesim/launch/multisim.launch.py
[2.339s] -- Up-to-date: /home/pheonix/ros2_ws/install/turtlesim/share/ament_index/resource_index/package_run_dependencies/turtlesim
[2.339s] -- Up-to-date: /home/pheonix/ros2_ws/install/turtlesim/share/ament_index/resource_index/parent_prefix_path/turtlesim
[2.339s] -- Up-to-date: /home/pheonix/ros2_ws/install/turtlesim/share/turtlesim/environment/ament_prefix_path.sh
[2.339s] -- Up-to-date: /home/pheonix/ros2_ws/install/turtlesim/share/turtlesim/environment/ament_prefix_path.dsv
[2.339s] -- Up-to-date: /home/pheonix/ros2_ws/install/turtlesim/share/turtlesim/environment/path.sh
[2.339s] -- Up-to-date: /home/pheonix/ros2_ws/install/turtlesim/share/turtlesim/environment/path.dsv
[2.339s] -- Up-to-date: /home/pheonix/ros2_ws/install/turtlesim/share/turtlesim/local_setup.bash
[2.339s] -- Up-to-date: /home/pheonix/ros2_ws/install/turtlesim/share/turtlesim/local_setup.sh
[2.340s] -- Up-to-date: /home/pheonix/ros2_ws/install/turtlesim/share/turtlesim/local_setup.zsh
[2.340s] -- Up-to-date: /home/pheonix/ros2_ws/install/turtlesim/share/turtlesim/local_setup.dsv
[2.340s] -- Installing: /home/pheonix/ros2_ws/install/turtlesim/share/turtlesim/package.dsv
[2.340s] -- Up-to-date: /home/pheonix/ros2_ws/install/turtlesim/share/ament_index/resource_index/packages/turtlesim
[2.340s] -- Up-to-date: /home/pheonix/ros2_ws/install/turtlesim/share/turtlesim/cmake/export_turtlesim__rosidl_generator_cExport.cmake
[2.340s] -- Up-to-date: /home/pheonix/ros2_ws/install/turtlesim/share/turtlesim/cmake/export_turtlesim__rosidl_generator_cExport-noconfig.cmake
[2.340s] -- Up-to-date: /home/pheonix/ros2_ws/install/turtlesim/share/turtlesim/cmake/export_turtlesim__rosidl_typesupport_fastrtps_cExport.cmake
[2.340s] -- Up-to-date: /home/pheonix/ros2_ws/install/turtlesim/share/turtlesim/cmake/export_turtlesim__rosidl_typesupport_fastrtps_cExport-noconfig.cmake
[2.340s] -- Up-to-date: /home/pheonix/ros2_ws/install/turtlesim/share/turtlesim/cmake/export_turtlesim__rosidl_generator_cppExport.cmake
[2.341s] -- Up-to-date: /home/pheonix/ros2_ws/install/turtlesim/share/turtlesim/cmake/export_turtlesim__rosidl_typesupport_fastrtps_cppExport.cmake
[2.341s] -- Up-to-date: /home/pheonix/ros2_ws/install/turtlesim/share/turtlesim/cmake/export_turtlesim__rosidl_typesupport_fastrtps_cppExport-noconfig.cmake
[2.341s] -- Up-to-date: /home/pheonix/ros2_ws/install/turtlesim/share/turtlesim/cmake/turtlesim__rosidl_typesupport_introspection_cExport.cmake
[2.341s] -- Up-to-date: /home/pheonix/ros2_ws/install/turtlesim/share/turtlesim/cmake/turtlesim__rosidl_typesupport_introspection_cExport-noconfig.cmake
[2.341s] -- Up-to-date: /home/pheonix/ros2_ws/install/turtlesim/share/turtlesim/cmake/turtlesim__rosidl_typesupport_cExport.cmake
[2.341s] -- Up-to-date: /home/pheonix/ros2_ws/install/turtlesim/share/turtlesim/cmake/turtlesim__rosidl_typesupport_cExport-noconfig.cmake
[2.341s] -- Up-to-date: /home/pheonix/ros2_ws/install/turtlesim/share/turtlesim/cmake/turtlesim__rosidl_typesupport_introspection_cppExport.cmake
[2.341s] -- Up-to-date: /home/pheonix/ros2_ws/install/turtlesim/share/turtlesim/cmake/turtlesim__rosidl_typesupport_introspection_cppExport-noconfig.cmake
[2.341s] -- Up-to-date: /home/pheonix/ros2_ws/install/turtlesim/share/turtlesim/cmake/turtlesim__rosidl_typesupport_cppExport.cmake
[2.342s] -- Up-to-date: /home/pheonix/ros2_ws/install/turtlesim/share/turtlesim/cmake/turtlesim__rosidl_typesupport_cppExport-noconfig.cmake
[2.342s] -- Up-to-date: /home/pheonix/ros2_ws/install/turtlesim/share/turtlesim/cmake/export_turtlesim__rosidl_generator_pyExport.cmake
[2.342s] -- Up-to-date: /home/pheonix/ros2_ws/install/turtlesim/share/turtlesim/cmake/export_turtlesim__rosidl_generator_pyExport-noconfig.cmake
[2.342s] -- Up-to-date: /home/pheonix/ros2_ws/install/turtlesim/share/turtlesim/cmake/rosidl_cmake-extras.cmake
[2.342s] -- Up-to-date: /home/pheonix/ros2_ws/install/turtlesim/share/turtlesim/cmake/ament_cmake_export_dependencies-extras.cmake
[2.342s] -- Up-to-date: /home/pheonix/ros2_ws/install/turtlesim/share/turtlesim/cmake/ament_cmake_export_include_directories-extras.cmake
[2.342s] -- Up-to-date: /home/pheonix/ros2_ws/install/turtlesim/share/turtlesim/cmake/ament_cmake_export_libraries-extras.cmake
[2.342s] -- Up-to-date: /home/pheonix/ros2_ws/install/turtlesim/share/turtlesim/cmake/ament_cmake_export_targets-extras.cmake
[2.342s] -- Up-to-date: /home/pheonix/ros2_ws/install/turtlesim/share/turtlesim/cmake/rosidl_cmake_export_typesupport_targets-extras.cmake
[2.342s] -- Up-to-date: /home/pheonix/ros2_ws/install/turtlesim/share/turtlesim/cmake/rosidl_cmake_export_typesupport_libraries-extras.cmake
[2.342s] -- Up-to-date: /home/pheonix/ros2_ws/install/turtlesim/share/turtlesim/cmake/turtlesimConfig.cmake
[2.342s] -- Up-to-date: /home/pheonix/ros2_ws/install/turtlesim/share/turtlesim/cmake/turtlesimConfig-version.cmake
[2.345s] -- Up-to-date: /home/pheonix/ros2_ws/install/turtlesim/share/turtlesim/package.xml
[2.368s] Invoked command in '/home/pheonix/ros2_ws/build/turtlesim' returned '0': AMENT_PREFIX_PATH=/home/pheonix/ros2_ws/install/rcl_interfaces:${AMENT_PREFIX_PATH} CMAKE_PREFIX_PATH=/home/pheonix/ros2_ws/install/rcl_interfaces:/opt/ros/jazzy/opt/gz_sim_vendor:/opt/ros/jazzy/opt/gz_sensors_vendor:/opt/ros/jazzy/opt/gz_physics_vendor:/opt/ros/jazzy/opt/sdformat_vendor:/opt/ros/jazzy/opt/gz_gui_vendor:/opt/ros/jazzy/opt/gz_transport_vendor:/opt/ros/jazzy/opt/gz_rendering_vendor:/opt/ros/jazzy/opt/gz_plugin_vendor:/opt/ros/jazzy/opt/gz_fuel_tools_vendor:/opt/ros/jazzy/opt/gz_msgs_vendor:/opt/ros/jazzy/opt/gz_common_vendor:/opt/ros/jazzy/opt/gz_tools_vendor:/opt/ros/jazzy/opt/gz_ogre_next_vendor:/opt/ros/jazzy/opt/gz_dartsim_vendor:/home/pheonix/ros2_ws/install/turtlesim:/opt/ros/jazzy/opt/gz_math_vendor:/opt/ros/jazzy/opt/gz_utils_vendor:/opt/ros/jazzy/opt/gz_cmake_vendor:/opt/ros/jazzy DEBUGINFOD_URLS=https://debuginfod.ubuntu.com LD_LIBRARY_PATH=/home/pheonix/ros2_ws/install/rcl_interfaces/lib:${LD_LIBRARY_PATH} PYTHONPATH=/home/pheonix/ros2_ws/install/rcl_interfaces/lib/python3.12/site-packages:${PYTHONPATH} /usr/bin/cmake --install /home/pheonix/ros2_ws/build/turtlesim
