[0.037s] Invoking command in '/home/pheonix/ros2_ws/build/joy_linux': CMAKE_PREFIX_PATH=/home/pheonix/ros2_ws/install/urdfdom_headers:/home/pheonix/ros2_ws/install/turtlesim:/home/pheonix/ros2_ws/install/test_msgs:/home/pheonix/ros2_ws/install/test_interface_files:/home/pheonix/ros2_ws/install/teleop_twist_joy:/home/pheonix/ros2_ws/install/statistics_msgs:/home/pheonix/ros2_ws/install/action_msgs:/home/pheonix/ros2_ws/install/service_msgs:/home/pheonix/ros2_ws/install/rosgraph_msgs:/home/pheonix/ros2_ws/install/rosbag2_test_common:/home/pheonix/ros2_ws/install/composition_interfaces:/home/pheonix/ros2_ws/install/rcl_interfaces:/home/pheonix/ros2_ws/install/lifecycle_msgs:/home/pheonix/ros2_ws/install/joy_linux:/home/pheonix/ros2_ws/install/type_description_interfaces:/home/pheonix/ros2_ws/install/test_launch_ros:/home/pheonix/ros2_ws/install/ros2launch:/home/pheonix/ros2_ws/install/launch_testing_ros:/home/pheonix/ros2_ws/install/launch_ros:/opt/ros/jazzy:/home/pheonix/ros2_ws/install/joy:/opt/ros/jazzy/opt/gz_sim_vendor:/opt/ros/jazzy/opt/gz_sensors_vendor:/opt/ros/jazzy/opt/gz_physics_vendor:/opt/ros/jazzy/opt/sdformat_vendor:/opt/ros/jazzy/opt/gz_gui_vendor:/opt/ros/jazzy/opt/gz_transport_vendor:/opt/ros/jazzy/opt/gz_rendering_vendor:/opt/ros/jazzy/opt/gz_plugin_vendor:/opt/ros/jazzy/opt/gz_fuel_tools_vendor:/opt/ros/jazzy/opt/gz_msgs_vendor:/opt/ros/jazzy/opt/gz_common_vendor:/opt/ros/jazzy/opt/gz_math_vendor:/opt/ros/jazzy/opt/gz_utils_vendor:/opt/ros/jazzy/opt/gz_tools_vendor:/opt/ros/jazzy/opt/gz_ogre_next_vendor:/opt/ros/jazzy/opt/gz_dartsim_vendor:/opt/ros/jazzy/opt/gz_cmake_vendor DEBUGINFOD_URLS=https://debuginfod.ubuntu.com /usr/bin/cmake /home/pheonix/ros2_ws/src/joystick_drivers/joy_linux -DAMENT_CMAKE_SYMLINK_INSTALL=1 -DCMAKE_INSTALL_PREFIX=/home/pheonix/ros2_ws/install/joy_linux
[0.260s] -- The C compiler identification is GNU 13.2.0
[0.544s] -- The CXX compiler identification is GNU 13.2.0
[0.641s] -- Detecting C compiler ABI info
[0.825s] -- Detecting C compiler ABI info - done
[0.838s] -- Check for working C compiler: /usr/bin/cc - skipped
[0.840s] -- Detecting C compile features
[0.846s] -- Detecting C compile features - done
[0.875s] -- Detecting CXX compiler ABI info
[1.061s] -- Detecting CXX compiler ABI info - done
[1.066s] -- Check for working CXX compiler: /usr/bin/c++ - skipped
[1.067s] -- Detecting CXX compile features
[1.067s] -- Detecting CXX compile features - done
[1.071s] -- Found ament_cmake: 2.5.2 (/opt/ros/jazzy/share/ament_cmake/cmake)
[1.307s] -- Found Python3: /usr/bin/python3 (found version "3.12.3") found components: Interpreter 
[1.422s] -- Override CMake install command with custom implementation using symlinks instead of copying resources
[1.544s] -- Found diagnostic_msgs: 5.3.5 (/opt/ros/jazzy/share/diagnostic_msgs/cmake)
[1.685s] -- Found rosidl_generator_c: 4.6.3 (/opt/ros/jazzy/share/rosidl_generator_c/cmake)
[1.699s] -- Found rosidl_generator_cpp: 4.6.3 (/opt/ros/jazzy/share/rosidl_generator_cpp/cmake)
[1.730s] -- Using all available rosidl_typesupport_c: rosidl_typesupport_fastrtps_c;rosidl_typesupport_introspection_c
[1.751s] -- Using all available rosidl_typesupport_cpp: rosidl_typesupport_fastrtps_cpp;rosidl_typesupport_introspection_cpp
[1.858s] -- Found diagnostic_updater: 4.2.1 (/opt/ros/jazzy/share/diagnostic_updater/cmake)
[1.934s] -- Found rmw_implementation_cmake: 7.3.1 (/opt/ros/jazzy/share/rmw_implementation_cmake/cmake)
[1.934s] -- Found rmw_fastrtps_cpp: 8.4.1 (/opt/ros/jazzy/share/rmw_fastrtps_cpp/cmake)
[2.125s] -- Found OpenSSL: /usr/lib/x86_64-linux-gnu/libcrypto.so (found version "3.0.13")  
[2.145s] -- Found FastRTPS: /opt/ros/jazzy/include (Required is at least version "2.13") 
[2.184s] -- Using RMW implementation 'rmw_fastrtps_cpp' as default
[2.330s] -- Found sensor_msgs: 5.3.5 (/opt/ros/jazzy/share/sensor_msgs/cmake)
[2.388s] -- Looking for include file linux/joystick.h
[2.555s] -- Looking for include file linux/joystick.h - found
[2.562s] -- Found ament_lint_auto: 0.17.1 (/opt/ros/jazzy/share/ament_lint_auto/cmake)
[2.725s] -- Added test 'cppcheck' to perform static code analysis on C / C++ code
[2.725s] -- Configured cppcheck include dirs: /home/pheonix/ros2_ws/src/joystick_drivers/joy_linux/msg/cpp
[2.725s] -- Configured cppcheck exclude dirs and/or files: 
[2.731s] -- Added test 'cpplint' to check C / C++ code against the Google style
[2.731s] -- Configured cpplint exclude dirs and/or files: 
[2.731s] -- Added test 'lint_cmake' to check CMake code style
[2.731s] -- Added test 'uncrustify' to check C / C++ code style
[2.731s] -- Configured uncrustify additional arguments: 
[2.732s] -- Added test 'xmllint' to check XML markup files
[2.734s] -- Configuring done (2.7s)
[2.745s] -- Generating done (0.0s)
[2.747s] -- Build files have been written to: /home/pheonix/ros2_ws/build/joy_linux
[2.759s] Invoked command in '/home/pheonix/ros2_ws/build/joy_linux' returned '0': CMAKE_PREFIX_PATH=/home/pheonix/ros2_ws/install/urdfdom_headers:/home/pheonix/ros2_ws/install/turtlesim:/home/pheonix/ros2_ws/install/test_msgs:/home/pheonix/ros2_ws/install/test_interface_files:/home/pheonix/ros2_ws/install/teleop_twist_joy:/home/pheonix/ros2_ws/install/statistics_msgs:/home/pheonix/ros2_ws/install/action_msgs:/home/pheonix/ros2_ws/install/service_msgs:/home/pheonix/ros2_ws/install/rosgraph_msgs:/home/pheonix/ros2_ws/install/rosbag2_test_common:/home/pheonix/ros2_ws/install/composition_interfaces:/home/pheonix/ros2_ws/install/rcl_interfaces:/home/pheonix/ros2_ws/install/lifecycle_msgs:/home/pheonix/ros2_ws/install/joy_linux:/home/pheonix/ros2_ws/install/type_description_interfaces:/home/pheonix/ros2_ws/install/test_launch_ros:/home/pheonix/ros2_ws/install/ros2launch:/home/pheonix/ros2_ws/install/launch_testing_ros:/home/pheonix/ros2_ws/install/launch_ros:/opt/ros/jazzy:/home/pheonix/ros2_ws/install/joy:/opt/ros/jazzy/opt/gz_sim_vendor:/opt/ros/jazzy/opt/gz_sensors_vendor:/opt/ros/jazzy/opt/gz_physics_vendor:/opt/ros/jazzy/opt/sdformat_vendor:/opt/ros/jazzy/opt/gz_gui_vendor:/opt/ros/jazzy/opt/gz_transport_vendor:/opt/ros/jazzy/opt/gz_rendering_vendor:/opt/ros/jazzy/opt/gz_plugin_vendor:/opt/ros/jazzy/opt/gz_fuel_tools_vendor:/opt/ros/jazzy/opt/gz_msgs_vendor:/opt/ros/jazzy/opt/gz_common_vendor:/opt/ros/jazzy/opt/gz_math_vendor:/opt/ros/jazzy/opt/gz_utils_vendor:/opt/ros/jazzy/opt/gz_tools_vendor:/opt/ros/jazzy/opt/gz_ogre_next_vendor:/opt/ros/jazzy/opt/gz_dartsim_vendor:/opt/ros/jazzy/opt/gz_cmake_vendor DEBUGINFOD_URLS=https://debuginfod.ubuntu.com /usr/bin/cmake /home/pheonix/ros2_ws/src/joystick_drivers/joy_linux -DAMENT_CMAKE_SYMLINK_INSTALL=1 -DCMAKE_INSTALL_PREFIX=/home/pheonix/ros2_ws/install/joy_linux
[2.760s] Invoking command in '/home/pheonix/ros2_ws/build/joy_linux': CMAKE_PREFIX_PATH=/home/pheonix/ros2_ws/install/urdfdom_headers:/home/pheonix/ros2_ws/install/turtlesim:/home/pheonix/ros2_ws/install/test_msgs:/home/pheonix/ros2_ws/install/test_interface_files:/home/pheonix/ros2_ws/install/teleop_twist_joy:/home/pheonix/ros2_ws/install/statistics_msgs:/home/pheonix/ros2_ws/install/action_msgs:/home/pheonix/ros2_ws/install/service_msgs:/home/pheonix/ros2_ws/install/rosgraph_msgs:/home/pheonix/ros2_ws/install/rosbag2_test_common:/home/pheonix/ros2_ws/install/composition_interfaces:/home/pheonix/ros2_ws/install/rcl_interfaces:/home/pheonix/ros2_ws/install/lifecycle_msgs:/home/pheonix/ros2_ws/install/joy_linux:/home/pheonix/ros2_ws/install/type_description_interfaces:/home/pheonix/ros2_ws/install/test_launch_ros:/home/pheonix/ros2_ws/install/ros2launch:/home/pheonix/ros2_ws/install/launch_testing_ros:/home/pheonix/ros2_ws/install/launch_ros:/opt/ros/jazzy:/home/pheonix/ros2_ws/install/joy:/opt/ros/jazzy/opt/gz_sim_vendor:/opt/ros/jazzy/opt/gz_sensors_vendor:/opt/ros/jazzy/opt/gz_physics_vendor:/opt/ros/jazzy/opt/sdformat_vendor:/opt/ros/jazzy/opt/gz_gui_vendor:/opt/ros/jazzy/opt/gz_transport_vendor:/opt/ros/jazzy/opt/gz_rendering_vendor:/opt/ros/jazzy/opt/gz_plugin_vendor:/opt/ros/jazzy/opt/gz_fuel_tools_vendor:/opt/ros/jazzy/opt/gz_msgs_vendor:/opt/ros/jazzy/opt/gz_common_vendor:/opt/ros/jazzy/opt/gz_math_vendor:/opt/ros/jazzy/opt/gz_utils_vendor:/opt/ros/jazzy/opt/gz_tools_vendor:/opt/ros/jazzy/opt/gz_ogre_next_vendor:/opt/ros/jazzy/opt/gz_dartsim_vendor:/opt/ros/jazzy/opt/gz_cmake_vendor DEBUGINFOD_URLS=https://debuginfod.ubuntu.com /usr/bin/cmake --build /home/pheonix/ros2_ws/build/joy_linux -- -j2 -l2
[2.904s] [ 50%] [32mBuilding CXX object CMakeFiles/joy_linux_node.dir/src/joy_linux_node.cpp.o[0m
[14.761s] [100%] [32m[1mLinking CXX executable joy_linux_node[0m
[15.269s] [100%] Built target joy_linux_node
[15.345s] Invoked command in '/home/pheonix/ros2_ws/build/joy_linux' returned '0': CMAKE_PREFIX_PATH=/home/pheonix/ros2_ws/install/urdfdom_headers:/home/pheonix/ros2_ws/install/turtlesim:/home/pheonix/ros2_ws/install/test_msgs:/home/pheonix/ros2_ws/install/test_interface_files:/home/pheonix/ros2_ws/install/teleop_twist_joy:/home/pheonix/ros2_ws/install/statistics_msgs:/home/pheonix/ros2_ws/install/action_msgs:/home/pheonix/ros2_ws/install/service_msgs:/home/pheonix/ros2_ws/install/rosgraph_msgs:/home/pheonix/ros2_ws/install/rosbag2_test_common:/home/pheonix/ros2_ws/install/composition_interfaces:/home/pheonix/ros2_ws/install/rcl_interfaces:/home/pheonix/ros2_ws/install/lifecycle_msgs:/home/pheonix/ros2_ws/install/joy_linux:/home/pheonix/ros2_ws/install/type_description_interfaces:/home/pheonix/ros2_ws/install/test_launch_ros:/home/pheonix/ros2_ws/install/ros2launch:/home/pheonix/ros2_ws/install/launch_testing_ros:/home/pheonix/ros2_ws/install/launch_ros:/opt/ros/jazzy:/home/pheonix/ros2_ws/install/joy:/opt/ros/jazzy/opt/gz_sim_vendor:/opt/ros/jazzy/opt/gz_sensors_vendor:/opt/ros/jazzy/opt/gz_physics_vendor:/opt/ros/jazzy/opt/sdformat_vendor:/opt/ros/jazzy/opt/gz_gui_vendor:/opt/ros/jazzy/opt/gz_transport_vendor:/opt/ros/jazzy/opt/gz_rendering_vendor:/opt/ros/jazzy/opt/gz_plugin_vendor:/opt/ros/jazzy/opt/gz_fuel_tools_vendor:/opt/ros/jazzy/opt/gz_msgs_vendor:/opt/ros/jazzy/opt/gz_common_vendor:/opt/ros/jazzy/opt/gz_math_vendor:/opt/ros/jazzy/opt/gz_utils_vendor:/opt/ros/jazzy/opt/gz_tools_vendor:/opt/ros/jazzy/opt/gz_ogre_next_vendor:/opt/ros/jazzy/opt/gz_dartsim_vendor:/opt/ros/jazzy/opt/gz_cmake_vendor DEBUGINFOD_URLS=https://debuginfod.ubuntu.com /usr/bin/cmake --build /home/pheonix/ros2_ws/build/joy_linux -- -j2 -l2
[16.220s] Invoking command in '/home/pheonix/ros2_ws/build/joy_linux': CMAKE_PREFIX_PATH=/home/pheonix/ros2_ws/install/urdfdom_headers:/home/pheonix/ros2_ws/install/turtlesim:/home/pheonix/ros2_ws/install/test_msgs:/home/pheonix/ros2_ws/install/test_interface_files:/home/pheonix/ros2_ws/install/teleop_twist_joy:/home/pheonix/ros2_ws/install/statistics_msgs:/home/pheonix/ros2_ws/install/action_msgs:/home/pheonix/ros2_ws/install/service_msgs:/home/pheonix/ros2_ws/install/rosgraph_msgs:/home/pheonix/ros2_ws/install/rosbag2_test_common:/home/pheonix/ros2_ws/install/composition_interfaces:/home/pheonix/ros2_ws/install/rcl_interfaces:/home/pheonix/ros2_ws/install/lifecycle_msgs:/home/pheonix/ros2_ws/install/joy_linux:/home/pheonix/ros2_ws/install/type_description_interfaces:/home/pheonix/ros2_ws/install/test_launch_ros:/home/pheonix/ros2_ws/install/ros2launch:/home/pheonix/ros2_ws/install/launch_testing_ros:/home/pheonix/ros2_ws/install/launch_ros:/opt/ros/jazzy:/home/pheonix/ros2_ws/install/joy:/opt/ros/jazzy/opt/gz_sim_vendor:/opt/ros/jazzy/opt/gz_sensors_vendor:/opt/ros/jazzy/opt/gz_physics_vendor:/opt/ros/jazzy/opt/sdformat_vendor:/opt/ros/jazzy/opt/gz_gui_vendor:/opt/ros/jazzy/opt/gz_transport_vendor:/opt/ros/jazzy/opt/gz_rendering_vendor:/opt/ros/jazzy/opt/gz_plugin_vendor:/opt/ros/jazzy/opt/gz_fuel_tools_vendor:/opt/ros/jazzy/opt/gz_msgs_vendor:/opt/ros/jazzy/opt/gz_common_vendor:/opt/ros/jazzy/opt/gz_math_vendor:/opt/ros/jazzy/opt/gz_utils_vendor:/opt/ros/jazzy/opt/gz_tools_vendor:/opt/ros/jazzy/opt/gz_ogre_next_vendor:/opt/ros/jazzy/opt/gz_dartsim_vendor:/opt/ros/jazzy/opt/gz_cmake_vendor DEBUGINFOD_URLS=https://debuginfod.ubuntu.com /usr/bin/cmake --install /home/pheonix/ros2_ws/build/joy_linux
[16.257s] -- Install configuration: ""
[16.258s] -- Execute custom install script
[16.258s] -- Up-to-date symlink: /home/pheonix/ros2_ws/install/joy_linux/lib/joy_linux/joy_linux_node
[16.258s] -- Up-to-date symlink: /home/pheonix/ros2_ws/install/joy_linux/share/ament_index/resource_index/package_run_dependencies/joy_linux
[16.258s] -- Up-to-date symlink: /home/pheonix/ros2_ws/install/joy_linux/share/ament_index/resource_index/parent_prefix_path/joy_linux
[16.259s] -- Up-to-date symlink: /home/pheonix/ros2_ws/install/joy_linux/share/joy_linux/environment/ament_prefix_path.sh
[16.259s] -- Up-to-date symlink: /home/pheonix/ros2_ws/install/joy_linux/share/joy_linux/environment/ament_prefix_path.dsv
[16.259s] -- Up-to-date symlink: /home/pheonix/ros2_ws/install/joy_linux/share/joy_linux/environment/path.sh
[16.259s] -- Up-to-date symlink: /home/pheonix/ros2_ws/install/joy_linux/share/joy_linux/environment/path.dsv
[16.259s] -- Up-to-date symlink: /home/pheonix/ros2_ws/install/joy_linux/share/joy_linux/local_setup.bash
[16.259s] -- Up-to-date symlink: /home/pheonix/ros2_ws/install/joy_linux/share/joy_linux/local_setup.sh
[16.260s] -- Up-to-date symlink: /home/pheonix/ros2_ws/install/joy_linux/share/joy_linux/local_setup.zsh
[16.260s] -- Up-to-date symlink: /home/pheonix/ros2_ws/install/joy_linux/share/joy_linux/local_setup.dsv
[16.260s] -- Symlinking: /home/pheonix/ros2_ws/install/joy_linux/share/joy_linux/package.dsv
[16.276s] -- Up-to-date symlink: /home/pheonix/ros2_ws/install/joy_linux/share/ament_index/resource_index/packages/joy_linux
[16.276s] -- Up-to-date symlink: /home/pheonix/ros2_ws/install/joy_linux/share/joy_linux/cmake/joy_linuxConfig.cmake
[16.276s] -- Up-to-date symlink: /home/pheonix/ros2_ws/install/joy_linux/share/joy_linux/cmake/joy_linuxConfig-version.cmake
[16.276s] -- Up-to-date symlink: /home/pheonix/ros2_ws/install/joy_linux/share/joy_linux/package.xml
[16.278s] Invoked command in '/home/pheonix/ros2_ws/build/joy_linux' returned '0': CMAKE_PREFIX_PATH=/home/pheonix/ros2_ws/install/urdfdom_headers:/home/pheonix/ros2_ws/install/turtlesim:/home/pheonix/ros2_ws/install/test_msgs:/home/pheonix/ros2_ws/install/test_interface_files:/home/pheonix/ros2_ws/install/teleop_twist_joy:/home/pheonix/ros2_ws/install/statistics_msgs:/home/pheonix/ros2_ws/install/action_msgs:/home/pheonix/ros2_ws/install/service_msgs:/home/pheonix/ros2_ws/install/rosgraph_msgs:/home/pheonix/ros2_ws/install/rosbag2_test_common:/home/pheonix/ros2_ws/install/composition_interfaces:/home/pheonix/ros2_ws/install/rcl_interfaces:/home/pheonix/ros2_ws/install/lifecycle_msgs:/home/pheonix/ros2_ws/install/joy_linux:/home/pheonix/ros2_ws/install/type_description_interfaces:/home/pheonix/ros2_ws/install/test_launch_ros:/home/pheonix/ros2_ws/install/ros2launch:/home/pheonix/ros2_ws/install/launch_testing_ros:/home/pheonix/ros2_ws/install/launch_ros:/opt/ros/jazzy:/home/pheonix/ros2_ws/install/joy:/opt/ros/jazzy/opt/gz_sim_vendor:/opt/ros/jazzy/opt/gz_sensors_vendor:/opt/ros/jazzy/opt/gz_physics_vendor:/opt/ros/jazzy/opt/sdformat_vendor:/opt/ros/jazzy/opt/gz_gui_vendor:/opt/ros/jazzy/opt/gz_transport_vendor:/opt/ros/jazzy/opt/gz_rendering_vendor:/opt/ros/jazzy/opt/gz_plugin_vendor:/opt/ros/jazzy/opt/gz_fuel_tools_vendor:/opt/ros/jazzy/opt/gz_msgs_vendor:/opt/ros/jazzy/opt/gz_common_vendor:/opt/ros/jazzy/opt/gz_math_vendor:/opt/ros/jazzy/opt/gz_utils_vendor:/opt/ros/jazzy/opt/gz_tools_vendor:/opt/ros/jazzy/opt/gz_ogre_next_vendor:/opt/ros/jazzy/opt/gz_dartsim_vendor:/opt/ros/jazzy/opt/gz_cmake_vendor DEBUGINFOD_URLS=https://debuginfod.ubuntu.com /usr/bin/cmake --install /home/pheonix/ros2_ws/build/joy_linux
