[0.020s] Invoking command in '/home/pheonix/ros2_ws/build/service_msgs': CMAKE_PREFIX_PATH=${CMAKE_PREFIX_PATH}:/opt/ros/jazzy DEBUGINFOD_URLS=https://debuginfod.ubuntu.com /usr/bin/cmake --build /home/pheonix/ros2_ws/build/service_msgs -- -j2 -l2
[0.162s] [  2%] Built target service_msgs__rosidl_generator_type_description
[0.249s] [  2%] Built target ament_cmake_python_copy_service_msgs
[0.249s] [ 17%] Built target service_msgs__rosidl_generator_c
[0.336s] [ 20%] Built target service_msgs__cpp
[0.405s] [ 29%] Built target service_msgs__rosidl_typesupport_fastrtps_c
[0.481s] [ 38%] Built target service_msgs__rosidl_typesupport_fastrtps_cpp
[0.564s] [ 47%] Built target service_msgs__rosidl_typesupport_introspection_c
[0.652s] [ 55%] Built target service_msgs__rosidl_typesupport_c
[0.680s] running egg_info
[0.704s] writing service_msgs.egg-info/PKG-INFO
[0.704s] writing dependency_links to service_msgs.egg-info/dependency_links.txt
[0.704s] writing top-level names to service_msgs.egg-info/top_level.txt
[0.742s] [ 64%] Built target service_msgs__rosidl_typesupport_introspection_cpp
[0.819s] reading manifest file 'service_msgs.egg-info/SOURCES.txt'
[0.819s] writing manifest file 'service_msgs.egg-info/SOURCES.txt'
[0.848s] [ 73%] Built target service_msgs__rosidl_typesupport_cpp
[0.910s] [ 73%] Built target ament_cmake_python_build_service_msgs_egg
[0.917s] [ 73%] Built target service_msgs
[0.990s] [ 76%] Built target service_msgs__py
[1.048s] [ 82%] Built target service_msgs__rosidl_generator_py
[1.105s] [ 88%] Built target service_msgs_s__rosidl_typesupport_fastrtps_c
[1.170s] [ 94%] Built target service_msgs_s__rosidl_typesupport_introspection_c
[1.242s] [100%] Built target service_msgs_s__rosidl_typesupport_c
[1.285s] Invoked command in '/home/pheonix/ros2_ws/build/service_msgs' returned '0': CMAKE_PREFIX_PATH=${CMAKE_PREFIX_PATH}:/opt/ros/jazzy DEBUGINFOD_URLS=https://debuginfod.ubuntu.com /usr/bin/cmake --build /home/pheonix/ros2_ws/build/service_msgs -- -j2 -l2
[2.224s] Invoking command in '/home/pheonix/ros2_ws/build/service_msgs': CMAKE_PREFIX_PATH=${CMAKE_PREFIX_PATH}:/opt/ros/jazzy DEBUGINFOD_URLS=https://debuginfod.ubuntu.com /usr/bin/cmake --install /home/pheonix/ros2_ws/build/service_msgs
[2.263s] -- Install configuration: ""
[2.263s] -- Up-to-date: /home/pheonix/ros2_ws/install/service_msgs/share/ament_index/resource_index/rosidl_interfaces/service_msgs
[2.264s] -- Up-to-date: /home/pheonix/ros2_ws/install/service_msgs/share/service_msgs/msg/ServiceEventInfo.json
[2.266s] -- Up-to-date: /home/pheonix/ros2_ws/install/service_msgs/include/service_msgs/service_msgs
[2.267s] -- Up-to-date: /home/pheonix/ros2_ws/install/service_msgs/include/service_msgs/service_msgs/msg
[2.269s] -- Up-to-date: /home/pheonix/ros2_ws/install/service_msgs/include/service_msgs/service_msgs/msg/service_event_info.h
[2.269s] -- Up-to-date: /home/pheonix/ros2_ws/install/service_msgs/include/service_msgs/service_msgs/msg/rosidl_generator_c__visibility_control.h
[2.269s] -- Up-to-date: /home/pheonix/ros2_ws/install/service_msgs/include/service_msgs/service_msgs/msg/detail
[2.271s] -- Up-to-date: /home/pheonix/ros2_ws/install/service_msgs/include/service_msgs/service_msgs/msg/detail/service_event_info__functions.c
[2.271s] -- Up-to-date: /home/pheonix/ros2_ws/install/service_msgs/include/service_msgs/service_msgs/msg/detail/service_event_info__description.c
[2.271s] -- Up-to-date: /home/pheonix/ros2_ws/install/service_msgs/include/service_msgs/service_msgs/msg/detail/service_event_info__struct.h
[2.271s] -- Up-to-date: /home/pheonix/ros2_ws/install/service_msgs/include/service_msgs/service_msgs/msg/detail/service_event_info__type_support.h
[2.271s] -- Installing: /home/pheonix/ros2_ws/install/service_msgs/include/service_msgs/service_msgs/msg/detail/service_event_info__type_support.c
[2.280s] -- Up-to-date: /home/pheonix/ros2_ws/install/service_msgs/include/service_msgs/service_msgs/msg/detail/service_event_info__functions.h
[2.280s] -- Up-to-date: /home/pheonix/ros2_ws/install/service_msgs/share/service_msgs/environment/library_path.sh
[2.280s] -- Up-to-date: /home/pheonix/ros2_ws/install/service_msgs/share/service_msgs/environment/library_path.dsv
[2.280s] -- Up-to-date: /home/pheonix/ros2_ws/install/service_msgs/lib/libservice_msgs__rosidl_generator_c.so
[2.280s] -- Up-to-date: /home/pheonix/ros2_ws/install/service_msgs/include/service_msgs/service_msgs
[2.280s] -- Up-to-date: /home/pheonix/ros2_ws/install/service_msgs/include/service_msgs/service_msgs/msg
[2.280s] -- Up-to-date: /home/pheonix/ros2_ws/install/service_msgs/include/service_msgs/service_msgs/msg/rosidl_typesupport_fastrtps_c__visibility_control.h
[2.280s] -- Up-to-date: /home/pheonix/ros2_ws/install/service_msgs/include/service_msgs/service_msgs/msg/detail
[2.280s] -- Up-to-date: /home/pheonix/ros2_ws/install/service_msgs/include/service_msgs/service_msgs/msg/detail/service_event_info__rosidl_typesupport_fastrtps_c.h
[2.283s] -- Up-to-date: /home/pheonix/ros2_ws/install/service_msgs/lib/libservice_msgs__rosidl_typesupport_fastrtps_c.so
[2.283s] -- Up-to-date: /home/pheonix/ros2_ws/install/service_msgs/include/service_msgs/service_msgs
[2.283s] -- Up-to-date: /home/pheonix/ros2_ws/install/service_msgs/include/service_msgs/service_msgs/msg
[2.283s] -- Up-to-date: /home/pheonix/ros2_ws/install/service_msgs/include/service_msgs/service_msgs/msg/service_event_info.hpp
[2.283s] -- Up-to-date: /home/pheonix/ros2_ws/install/service_msgs/include/service_msgs/service_msgs/msg/rosidl_generator_cpp__visibility_control.hpp
[2.283s] -- Up-to-date: /home/pheonix/ros2_ws/install/service_msgs/include/service_msgs/service_msgs/msg/detail
[2.283s] -- Up-to-date: /home/pheonix/ros2_ws/install/service_msgs/include/service_msgs/service_msgs/msg/detail/service_event_info__type_support.hpp
[2.283s] -- Up-to-date: /home/pheonix/ros2_ws/install/service_msgs/include/service_msgs/service_msgs/msg/detail/service_event_info__builder.hpp
[2.283s] -- Up-to-date: /home/pheonix/ros2_ws/install/service_msgs/include/service_msgs/service_msgs/msg/detail/service_event_info__struct.hpp
[2.283s] -- Up-to-date: /home/pheonix/ros2_ws/install/service_msgs/include/service_msgs/service_msgs/msg/detail/service_event_info__traits.hpp
[2.283s] -- Up-to-date: /home/pheonix/ros2_ws/install/service_msgs/include/service_msgs/service_msgs
[2.283s] -- Up-to-date: /home/pheonix/ros2_ws/install/service_msgs/include/service_msgs/service_msgs/msg
[2.284s] -- Up-to-date: /home/pheonix/ros2_ws/install/service_msgs/include/service_msgs/service_msgs/msg/detail
[2.284s] -- Up-to-date: /home/pheonix/ros2_ws/install/service_msgs/include/service_msgs/service_msgs/msg/detail/dds_fastrtps
[2.284s] -- Up-to-date: /home/pheonix/ros2_ws/install/service_msgs/include/service_msgs/service_msgs/msg/detail/service_event_info__rosidl_typesupport_fastrtps_cpp.hpp
[2.284s] -- Up-to-date: /home/pheonix/ros2_ws/install/service_msgs/include/service_msgs/service_msgs/msg/rosidl_typesupport_fastrtps_cpp__visibility_control.h
[2.292s] -- Up-to-date: /home/pheonix/ros2_ws/install/service_msgs/lib/libservice_msgs__rosidl_typesupport_fastrtps_cpp.so
[2.292s] -- Up-to-date: /home/pheonix/ros2_ws/install/service_msgs/include/service_msgs/service_msgs
[2.292s] -- Up-to-date: /home/pheonix/ros2_ws/install/service_msgs/include/service_msgs/service_msgs/msg
[2.292s] -- Up-to-date: /home/pheonix/ros2_ws/install/service_msgs/include/service_msgs/service_msgs/msg/detail
[2.292s] -- Up-to-date: /home/pheonix/ros2_ws/install/service_msgs/include/service_msgs/service_msgs/msg/detail/service_event_info__rosidl_typesupport_introspection_c.h
[2.292s] -- Installing: /home/pheonix/ros2_ws/install/service_msgs/include/service_msgs/service_msgs/msg/detail/service_event_info__type_support.c
[2.292s] -- Up-to-date: /home/pheonix/ros2_ws/install/service_msgs/include/service_msgs/service_msgs/msg/rosidl_typesupport_introspection_c__visibility_control.h
[2.298s] -- Up-to-date: /home/pheonix/ros2_ws/install/service_msgs/lib/libservice_msgs__rosidl_typesupport_introspection_c.so
[2.311s] -- Up-to-date: /home/pheonix/ros2_ws/install/service_msgs/lib/libservice_msgs__rosidl_typesupport_c.so
[2.314s] -- Up-to-date: /home/pheonix/ros2_ws/install/service_msgs/include/service_msgs/service_msgs
[2.314s] -- Up-to-date: /home/pheonix/ros2_ws/install/service_msgs/include/service_msgs/service_msgs/msg
[2.314s] -- Up-to-date: /home/pheonix/ros2_ws/install/service_msgs/include/service_msgs/service_msgs/msg/detail
[2.314s] -- Up-to-date: /home/pheonix/ros2_ws/install/service_msgs/include/service_msgs/service_msgs/msg/detail/service_event_info__type_support.cpp
[2.314s] -- Up-to-date: /home/pheonix/ros2_ws/install/service_msgs/include/service_msgs/service_msgs/msg/detail/service_event_info__rosidl_typesupport_introspection_cpp.hpp
[2.321s] -- Up-to-date: /home/pheonix/ros2_ws/install/service_msgs/lib/libservice_msgs__rosidl_typesupport_introspection_cpp.so
[2.323s] -- Up-to-date: /home/pheonix/ros2_ws/install/service_msgs/lib/libservice_msgs__rosidl_typesupport_cpp.so
[2.323s] -- Up-to-date: /home/pheonix/ros2_ws/install/service_msgs/share/service_msgs/environment/pythonpath.sh
[2.323s] -- Up-to-date: /home/pheonix/ros2_ws/install/service_msgs/share/service_msgs/environment/pythonpath.dsv
[2.324s] -- Up-to-date: /home/pheonix/ros2_ws/install/service_msgs/lib/python3.12/site-packages/service_msgs-2.2.0-py3.12.egg-info
[2.324s] -- Installing: /home/pheonix/ros2_ws/install/service_msgs/lib/python3.12/site-packages/service_msgs-2.2.0-py3.12.egg-info/SOURCES.txt
[2.324s] -- Installing: /home/pheonix/ros2_ws/install/service_msgs/lib/python3.12/site-packages/service_msgs-2.2.0-py3.12.egg-info/dependency_links.txt
[2.324s] -- Installing: /home/pheonix/ros2_ws/install/service_msgs/lib/python3.12/site-packages/service_msgs-2.2.0-py3.12.egg-info/PKG-INFO
[2.324s] -- Installing: /home/pheonix/ros2_ws/install/service_msgs/lib/python3.12/site-packages/service_msgs-2.2.0-py3.12.egg-info/top_level.txt
[2.324s] -- Up-to-date: /home/pheonix/ros2_ws/install/service_msgs/lib/python3.12/site-packages/service_msgs
[2.326s] -- Up-to-date: /home/pheonix/ros2_ws/install/service_msgs/lib/python3.12/site-packages/service_msgs/_service_msgs_s.ep.rosidl_typesupport_introspection_c.c
[2.326s] -- Up-to-date: /home/pheonix/ros2_ws/install/service_msgs/lib/python3.12/site-packages/service_msgs/_service_msgs_s.ep.rosidl_typesupport_c.c
[2.342s] -- Up-to-date: /home/pheonix/ros2_ws/install/service_msgs/lib/python3.12/site-packages/service_msgs/service_msgs_s__rosidl_typesupport_c.so
[2.342s] -- Up-to-date: /home/pheonix/ros2_ws/install/service_msgs/lib/python3.12/site-packages/service_msgs/service_msgs_s__rosidl_typesupport_introspection_c.so
[2.342s] -- Up-to-date: /home/pheonix/ros2_ws/install/service_msgs/lib/python3.12/site-packages/service_msgs/msg
[2.342s] -- Up-to-date: /home/pheonix/ros2_ws/install/service_msgs/lib/python3.12/site-packages/service_msgs/msg/_service_event_info_s.c
[2.342s] -- Up-to-date: /home/pheonix/ros2_ws/install/service_msgs/lib/python3.12/site-packages/service_msgs/msg/__init__.py
[2.342s] -- Up-to-date: /home/pheonix/ros2_ws/install/service_msgs/lib/python3.12/site-packages/service_msgs/msg/_service_event_info.py
[2.342s] -- Up-to-date: /home/pheonix/ros2_ws/install/service_msgs/lib/python3.12/site-packages/service_msgs/__init__.py
[2.357s] -- Up-to-date: /home/pheonix/ros2_ws/install/service_msgs/lib/python3.12/site-packages/service_msgs/service_msgs_s__rosidl_typesupport_fastrtps_c.so
[2.357s] -- Up-to-date: /home/pheonix/ros2_ws/install/service_msgs/lib/python3.12/site-packages/service_msgs/_service_msgs_s.ep.rosidl_typesupport_fastrtps_c.c
[2.410s] Listing '/home/pheonix/ros2_ws/install/service_msgs/lib/python3.12/site-packages/service_msgs'...
[2.410s] Listing '/home/pheonix/ros2_ws/install/service_msgs/lib/python3.12/site-packages/service_msgs/msg'...
[2.415s] -- Up-to-date: /home/pheonix/ros2_ws/install/service_msgs/lib/python3.12/site-packages/service_msgs/service_msgs_s__rosidl_typesupport_fastrtps_c.so
[2.424s] -- Up-to-date: /home/pheonix/ros2_ws/install/service_msgs/lib/python3.12/site-packages/service_msgs/service_msgs_s__rosidl_typesupport_introspection_c.so
[2.425s] -- Up-to-date: /home/pheonix/ros2_ws/install/service_msgs/lib/python3.12/site-packages/service_msgs/service_msgs_s__rosidl_typesupport_c.so
[2.428s] -- Up-to-date: /home/pheonix/ros2_ws/install/service_msgs/lib/libservice_msgs__rosidl_generator_py.so
[2.428s] -- Up-to-date: /home/pheonix/ros2_ws/install/service_msgs/share/service_msgs/msg/ServiceEventInfo.idl
[2.428s] -- Up-to-date: /home/pheonix/ros2_ws/install/service_msgs/share/service_msgs/msg/ServiceEventInfo.msg
[2.428s] -- Up-to-date: /home/pheonix/ros2_ws/install/service_msgs/share/ament_index/resource_index/package_run_dependencies/service_msgs
[2.430s] -- Up-to-date: /home/pheonix/ros2_ws/install/service_msgs/share/ament_index/resource_index/parent_prefix_path/service_msgs
[2.431s] -- Up-to-date: /home/pheonix/ros2_ws/install/service_msgs/share/service_msgs/environment/ament_prefix_path.sh
[2.431s] -- Up-to-date: /home/pheonix/ros2_ws/install/service_msgs/share/service_msgs/environment/ament_prefix_path.dsv
[2.432s] -- Up-to-date: /home/pheonix/ros2_ws/install/service_msgs/share/service_msgs/environment/path.sh
[2.432s] -- Up-to-date: /home/pheonix/ros2_ws/install/service_msgs/share/service_msgs/environment/path.dsv
[2.432s] -- Up-to-date: /home/pheonix/ros2_ws/install/service_msgs/share/service_msgs/local_setup.bash
[2.432s] -- Up-to-date: /home/pheonix/ros2_ws/install/service_msgs/share/service_msgs/local_setup.sh
[2.432s] -- Up-to-date: /home/pheonix/ros2_ws/install/service_msgs/share/service_msgs/local_setup.zsh
[2.432s] -- Up-to-date: /home/pheonix/ros2_ws/install/service_msgs/share/service_msgs/local_setup.dsv
[2.432s] -- Installing: /home/pheonix/ros2_ws/install/service_msgs/share/service_msgs/package.dsv
[2.434s] -- Up-to-date: /home/pheonix/ros2_ws/install/service_msgs/share/ament_index/resource_index/packages/service_msgs
[2.436s] -- Up-to-date: /home/pheonix/ros2_ws/install/service_msgs/share/service_msgs/cmake/export_service_msgs__rosidl_generator_cExport.cmake
[2.436s] -- Up-to-date: /home/pheonix/ros2_ws/install/service_msgs/share/service_msgs/cmake/export_service_msgs__rosidl_generator_cExport-noconfig.cmake
[2.451s] -- Up-to-date: /home/pheonix/ros2_ws/install/service_msgs/share/service_msgs/cmake/export_service_msgs__rosidl_typesupport_fastrtps_cExport.cmake
[2.451s] -- Up-to-date: /home/pheonix/ros2_ws/install/service_msgs/share/service_msgs/cmake/export_service_msgs__rosidl_typesupport_fastrtps_cExport-noconfig.cmake
[2.455s] -- Up-to-date: /home/pheonix/ros2_ws/install/service_msgs/share/service_msgs/cmake/export_service_msgs__rosidl_generator_cppExport.cmake
[2.455s] -- Up-to-date: /home/pheonix/ros2_ws/install/service_msgs/share/service_msgs/cmake/export_service_msgs__rosidl_typesupport_fastrtps_cppExport.cmake
[2.456s] -- Up-to-date: /home/pheonix/ros2_ws/install/service_msgs/share/service_msgs/cmake/export_service_msgs__rosidl_typesupport_fastrtps_cppExport-noconfig.cmake
[2.457s] -- Up-to-date: /home/pheonix/ros2_ws/install/service_msgs/share/service_msgs/cmake/service_msgs__rosidl_typesupport_introspection_cExport.cmake
[2.457s] -- Up-to-date: /home/pheonix/ros2_ws/install/service_msgs/share/service_msgs/cmake/service_msgs__rosidl_typesupport_introspection_cExport-noconfig.cmake
[2.458s] -- Up-to-date: /home/pheonix/ros2_ws/install/service_msgs/share/service_msgs/cmake/service_msgs__rosidl_typesupport_cExport.cmake
[2.458s] -- Up-to-date: /home/pheonix/ros2_ws/install/service_msgs/share/service_msgs/cmake/service_msgs__rosidl_typesupport_cExport-noconfig.cmake
[2.459s] -- Up-to-date: /home/pheonix/ros2_ws/install/service_msgs/share/service_msgs/cmake/service_msgs__rosidl_typesupport_introspection_cppExport.cmake
[2.459s] -- Up-to-date: /home/pheonix/ros2_ws/install/service_msgs/share/service_msgs/cmake/service_msgs__rosidl_typesupport_introspection_cppExport-noconfig.cmake
[2.460s] -- Up-to-date: /home/pheonix/ros2_ws/install/service_msgs/share/service_msgs/cmake/service_msgs__rosidl_typesupport_cppExport.cmake
[2.460s] -- Up-to-date: /home/pheonix/ros2_ws/install/service_msgs/share/service_msgs/cmake/service_msgs__rosidl_typesupport_cppExport-noconfig.cmake
[2.461s] -- Up-to-date: /home/pheonix/ros2_ws/install/service_msgs/share/service_msgs/cmake/export_service_msgs__rosidl_generator_pyExport.cmake
[2.461s] -- Up-to-date: /home/pheonix/ros2_ws/install/service_msgs/share/service_msgs/cmake/export_service_msgs__rosidl_generator_pyExport-noconfig.cmake
[2.461s] -- Up-to-date: /home/pheonix/ros2_ws/install/service_msgs/share/service_msgs/cmake/rosidl_cmake-extras.cmake
[2.461s] -- Up-to-date: /home/pheonix/ros2_ws/install/service_msgs/share/service_msgs/cmake/ament_cmake_export_dependencies-extras.cmake
[2.461s] -- Up-to-date: /home/pheonix/ros2_ws/install/service_msgs/share/service_msgs/cmake/ament_cmake_export_include_directories-extras.cmake
[2.461s] -- Up-to-date: /home/pheonix/ros2_ws/install/service_msgs/share/service_msgs/cmake/ament_cmake_export_libraries-extras.cmake
[2.461s] -- Up-to-date: /home/pheonix/ros2_ws/install/service_msgs/share/service_msgs/cmake/ament_cmake_export_targets-extras.cmake
[2.461s] -- Up-to-date: /home/pheonix/ros2_ws/install/service_msgs/share/service_msgs/cmake/rosidl_cmake_export_typesupport_targets-extras.cmake
[2.462s] -- Up-to-date: /home/pheonix/ros2_ws/install/service_msgs/share/service_msgs/cmake/rosidl_cmake_export_typesupport_libraries-extras.cmake
[2.462s] -- Up-to-date: /home/pheonix/ros2_ws/install/service_msgs/share/service_msgs/cmake/service_msgsConfig.cmake
[2.462s] -- Up-to-date: /home/pheonix/ros2_ws/install/service_msgs/share/service_msgs/cmake/service_msgsConfig-version.cmake
[2.464s] -- Up-to-date: /home/pheonix/ros2_ws/install/service_msgs/share/service_msgs/package.xml
[2.468s] Invoked command in '/home/pheonix/ros2_ws/build/service_msgs' returned '0': CMAKE_PREFIX_PATH=${CMAKE_PREFIX_PATH}:/opt/ros/jazzy DEBUGINFOD_URLS=https://debuginfod.ubuntu.com /usr/bin/cmake --install /home/pheonix/ros2_ws/build/service_msgs
