[  0%] Built target rcl_interfaces__rosidl_generator_type_description
[  0%] Built target ament_cmake_python_copy_rcl_interfaces
[  0%] Built target rcl_interfaces__cpp
[ 28%] Built target rcl_interfaces__rosidl_generator_c
running egg_info
writing rcl_interfaces.egg-info/PKG-INFO
writing dependency_links to rcl_interfaces.egg-info/dependency_links.txt
writing top-level names to rcl_interfaces.egg-info/top_level.txt
reading manifest file 'rcl_interfaces.egg-info/SOURCES.txt'
writing manifest file 'rcl_interfaces.egg-info/SOURCES.txt'
[ 28%] Built target ament_cmake_python_build_rcl_interfaces_egg
[ 38%] Built target rcl_interfaces__rosidl_typesupport_cpp
[ 47%] Built target rcl_interfaces__rosidl_typesupport_fastrtps_c
[ 57%] Built target rcl_interfaces__rosidl_typesupport_introspection_c
[ 67%] Built target rcl_interfaces__rosidl_typesupport_c
[ 77%] Built target rcl_interfaces__rosidl_typesupport_fastrtps_cpp
[ 87%] Built target rcl_interfaces__rosidl_typesupport_introspection_cpp
[ 87%] Built target rcl_interfaces
[ 87%] Built target rcl_interfaces__py
[ 97%] Built target rcl_interfaces__rosidl_generator_py
[ 98%] Built target rcl_interfaces_s__rosidl_typesupport_fastrtps_c
[ 99%] Built target rcl_interfaces_s__rosidl_typesupport_introspection_c
[100%] Built target rcl_interfaces_s__rosidl_typesupport_c
-- Install configuration: ""
-- Installing: /home/pheonix/ros2_ws/install/rcl_interfaces/share/ament_index/resource_index/rosidl_interfaces/rcl_interfaces
-- Installing: /home/pheonix/ros2_ws/install/rcl_interfaces/share/rcl_interfaces/msg/FloatingPointRange.json
-- Installing: /home/pheonix/ros2_ws/install/rcl_interfaces/share/rcl_interfaces/msg/IntegerRange.json
-- Installing: /home/pheonix/ros2_ws/install/rcl_interfaces/share/rcl_interfaces/msg/ListParametersResult.json
-- Installing: /home/pheonix/ros2_ws/install/rcl_interfaces/share/rcl_interfaces/msg/Log.json
-- Installing: /home/pheonix/ros2_ws/install/rcl_interfaces/share/rcl_interfaces/msg/ParameterDescriptor.json
-- Installing: /home/pheonix/ros2_ws/install/rcl_interfaces/share/rcl_interfaces/msg/ParameterEventDescriptors.json
-- Installing: /home/pheonix/ros2_ws/install/rcl_interfaces/share/rcl_interfaces/msg/ParameterEvent.json
-- Installing: /home/pheonix/ros2_ws/install/rcl_interfaces/share/rcl_interfaces/msg/Parameter.json
-- Installing: /home/pheonix/ros2_ws/install/rcl_interfaces/share/rcl_interfaces/msg/ParameterType.json
-- Installing: /home/pheonix/ros2_ws/install/rcl_interfaces/share/rcl_interfaces/msg/ParameterValue.json
-- Installing: /home/pheonix/ros2_ws/install/rcl_interfaces/share/rcl_interfaces/msg/SetParametersResult.json
-- Installing: /home/pheonix/ros2_ws/install/rcl_interfaces/share/rcl_interfaces/msg/LoggerLevel.json
-- Installing: /home/pheonix/ros2_ws/install/rcl_interfaces/share/rcl_interfaces/msg/SetLoggerLevelsResult.json
-- Installing: /home/pheonix/ros2_ws/install/rcl_interfaces/share/rcl_interfaces/srv/DescribeParameters.json
-- Installing: /home/pheonix/ros2_ws/install/rcl_interfaces/share/rcl_interfaces/srv/GetParameters.json
-- Installing: /home/pheonix/ros2_ws/install/rcl_interfaces/share/rcl_interfaces/srv/GetParameterTypes.json
-- Installing: /home/pheonix/ros2_ws/install/rcl_interfaces/share/rcl_interfaces/srv/ListParameters.json
-- Installing: /home/pheonix/ros2_ws/install/rcl_interfaces/share/rcl_interfaces/srv/SetParametersAtomically.json
-- Installing: /home/pheonix/ros2_ws/install/rcl_interfaces/share/rcl_interfaces/srv/SetParameters.json
-- Installing: /home/pheonix/ros2_ws/install/rcl_interfaces/share/rcl_interfaces/srv/GetLoggerLevels.json
-- Installing: /home/pheonix/ros2_ws/install/rcl_interfaces/share/rcl_interfaces/srv/SetLoggerLevels.json
-- Installing: /home/pheonix/ros2_ws/install/rcl_interfaces/include/rcl_interfaces/rcl_interfaces
-- Installing: /home/pheonix/ros2_ws/install/rcl_interfaces/include/rcl_interfaces/rcl_interfaces/msg
-- Installing: /home/pheonix/ros2_ws/install/rcl_interfaces/include/rcl_interfaces/rcl_interfaces/msg/parameter_value.h
-- Installing: /home/pheonix/ros2_ws/install/rcl_interfaces/include/rcl_interfaces/rcl_interfaces/msg/set_parameters_result.h
-- Installing: /home/pheonix/ros2_ws/install/rcl_interfaces/include/rcl_interfaces/rcl_interfaces/msg/parameter_type.h
-- Installing: /home/pheonix/ros2_ws/install/rcl_interfaces/include/rcl_interfaces/rcl_interfaces/msg/set_logger_levels_result.h
-- Installing: /home/pheonix/ros2_ws/install/rcl_interfaces/include/rcl_interfaces/rcl_interfaces/msg/integer_range.h
-- Installing: /home/pheonix/ros2_ws/install/rcl_interfaces/include/rcl_interfaces/rcl_interfaces/msg/log.h
-- Installing: /home/pheonix/ros2_ws/install/rcl_interfaces/include/rcl_interfaces/rcl_interfaces/msg/rosidl_generator_c__visibility_control.h
-- Installing: /home/pheonix/ros2_ws/install/rcl_interfaces/include/rcl_interfaces/rcl_interfaces/msg/detail
-- Installing: /home/pheonix/ros2_ws/install/rcl_interfaces/include/rcl_interfaces/rcl_interfaces/msg/detail/logger_level__description.c
-- Installing: /home/pheonix/ros2_ws/install/rcl_interfaces/include/rcl_interfaces/rcl_interfaces/msg/detail/integer_range__struct.h
-- Installing: /home/pheonix/ros2_ws/install/rcl_interfaces/include/rcl_interfaces/rcl_interfaces/msg/detail/floating_point_range__functions.h
-- Installing: /home/pheonix/ros2_ws/install/rcl_interfaces/include/rcl_interfaces/rcl_interfaces/msg/detail/integer_range__type_support.c
-- Installing: /home/pheonix/ros2_ws/install/rcl_interfaces/include/rcl_interfaces/rcl_interfaces/msg/detail/parameter_event__type_support.c
-- Installing: /home/pheonix/ros2_ws/install/rcl_interfaces/include/rcl_interfaces/rcl_interfaces/msg/detail/set_logger_levels_result__struct.h
-- Installing: /home/pheonix/ros2_ws/install/rcl_interfaces/include/rcl_interfaces/rcl_interfaces/msg/detail/set_parameters_result__type_support.c
-- Installing: /home/pheonix/ros2_ws/install/rcl_interfaces/include/rcl_interfaces/rcl_interfaces/msg/detail/list_parameters_result__functions.c
-- Installing: /home/pheonix/ros2_ws/install/rcl_interfaces/include/rcl_interfaces/rcl_interfaces/msg/detail/parameter_descriptor__functions.h
-- Installing: /home/pheonix/ros2_ws/install/rcl_interfaces/include/rcl_interfaces/rcl_interfaces/msg/detail/parameter__description.c
-- Installing: /home/pheonix/ros2_ws/install/rcl_interfaces/include/rcl_interfaces/rcl_interfaces/msg/detail/set_parameters_result__struct.h
-- Installing: /home/pheonix/ros2_ws/install/rcl_interfaces/include/rcl_interfaces/rcl_interfaces/msg/detail/log__description.c
-- Installing: /home/pheonix/ros2_ws/install/rcl_interfaces/include/rcl_interfaces/rcl_interfaces/msg/detail/logger_level__type_support.c
-- Installing: /home/pheonix/ros2_ws/install/rcl_interfaces/include/rcl_interfaces/rcl_interfaces/msg/detail/parameter_type__type_support.h
-- Installing: /home/pheonix/ros2_ws/install/rcl_interfaces/include/rcl_interfaces/rcl_interfaces/msg/detail/parameter__functions.h
-- Installing: /home/pheonix/ros2_ws/install/rcl_interfaces/include/rcl_interfaces/rcl_interfaces/msg/detail/set_parameters_result__description.c
-- Installing: /home/pheonix/ros2_ws/install/rcl_interfaces/include/rcl_interfaces/rcl_interfaces/msg/detail/parameter_type__type_support.c
-- Installing: /home/pheonix/ros2_ws/install/rcl_interfaces/include/rcl_interfaces/rcl_interfaces/msg/detail/floating_point_range__type_support.h
-- Installing: /home/pheonix/ros2_ws/install/rcl_interfaces/include/rcl_interfaces/rcl_interfaces/msg/detail/parameter_type__struct.h
-- Installing: /home/pheonix/ros2_ws/install/rcl_interfaces/include/rcl_interfaces/rcl_interfaces/msg/detail/parameter_event__description.c
-- Installing: /home/pheonix/ros2_ws/install/rcl_interfaces/include/rcl_interfaces/rcl_interfaces/msg/detail/floating_point_range__struct.h
-- Installing: /home/pheonix/ros2_ws/install/rcl_interfaces/include/rcl_interfaces/rcl_interfaces/msg/detail/parameter_value__type_support.h
-- Installing: /home/pheonix/ros2_ws/install/rcl_interfaces/include/rcl_interfaces/rcl_interfaces/msg/detail/list_parameters_result__description.c
-- Installing: /home/pheonix/ros2_ws/install/rcl_interfaces/include/rcl_interfaces/rcl_interfaces/msg/detail/log__type_support.c
-- Installing: /home/pheonix/ros2_ws/install/rcl_interfaces/include/rcl_interfaces/rcl_interfaces/msg/detail/logger_level__functions.c
-- Installing: /home/pheonix/ros2_ws/install/rcl_interfaces/include/rcl_interfaces/rcl_interfaces/msg/detail/parameter__struct.h
-- Installing: /home/pheonix/ros2_ws/install/rcl_interfaces/include/rcl_interfaces/rcl_interfaces/msg/detail/parameter_value__functions.h
-- Installing: /home/pheonix/ros2_ws/install/rcl_interfaces/include/rcl_interfaces/rcl_interfaces/msg/detail/parameter_event_descriptors__type_support.c
-- Installing: /home/pheonix/ros2_ws/install/rcl_interfaces/include/rcl_interfaces/rcl_interfaces/msg/detail/parameter__functions.c
-- Installing: /home/pheonix/ros2_ws/install/rcl_interfaces/include/rcl_interfaces/rcl_interfaces/msg/detail/parameter_event_descriptors__description.c
-- Installing: /home/pheonix/ros2_ws/install/rcl_interfaces/include/rcl_interfaces/rcl_interfaces/msg/detail/parameter_descriptor__type_support.c
-- Installing: /home/pheonix/ros2_ws/install/rcl_interfaces/include/rcl_interfaces/rcl_interfaces/msg/detail/set_logger_levels_result__functions.h
-- Installing: /home/pheonix/ros2_ws/install/rcl_interfaces/include/rcl_interfaces/rcl_interfaces/msg/detail/parameter_descriptor__type_support.h
-- Installing: /home/pheonix/ros2_ws/install/rcl_interfaces/include/rcl_interfaces/rcl_interfaces/msg/detail/parameter_type__functions.h
-- Installing: /home/pheonix/ros2_ws/install/rcl_interfaces/include/rcl_interfaces/rcl_interfaces/msg/detail/log__type_support.h
-- Installing: /home/pheonix/ros2_ws/install/rcl_interfaces/include/rcl_interfaces/rcl_interfaces/msg/detail/list_parameters_result__type_support.c
-- Installing: /home/pheonix/ros2_ws/install/rcl_interfaces/include/rcl_interfaces/rcl_interfaces/msg/detail/parameter_descriptor__struct.h
-- Installing: /home/pheonix/ros2_ws/install/rcl_interfaces/include/rcl_interfaces/rcl_interfaces/msg/detail/log__functions.h
-- Installing: /home/pheonix/ros2_ws/install/rcl_interfaces/include/rcl_interfaces/rcl_interfaces/msg/detail/parameter_value__struct.h
-- Installing: /home/pheonix/ros2_ws/install/rcl_interfaces/include/rcl_interfaces/rcl_interfaces/msg/detail/log__struct.h
-- Installing: /home/pheonix/ros2_ws/install/rcl_interfaces/include/rcl_interfaces/rcl_interfaces/msg/detail/set_logger_levels_result__type_support.c
-- Installing: /home/pheonix/ros2_ws/install/rcl_interfaces/include/rcl_interfaces/rcl_interfaces/msg/detail/set_logger_levels_result__type_support.h
-- Installing: /home/pheonix/ros2_ws/install/rcl_interfaces/include/rcl_interfaces/rcl_interfaces/msg/detail/list_parameters_result__type_support.h
-- Installing: /home/pheonix/ros2_ws/install/rcl_interfaces/include/rcl_interfaces/rcl_interfaces/msg/detail/set_parameters_result__functions.c
-- Installing: /home/pheonix/ros2_ws/install/rcl_interfaces/include/rcl_interfaces/rcl_interfaces/msg/detail/parameter_event__functions.c
-- Installing: /home/pheonix/ros2_ws/install/rcl_interfaces/include/rcl_interfaces/rcl_interfaces/msg/detail/parameter_value__type_support.c
-- Installing: /home/pheonix/ros2_ws/install/rcl_interfaces/include/rcl_interfaces/rcl_interfaces/msg/detail/parameter_event_descriptors__type_support.h
-- Installing: /home/pheonix/ros2_ws/install/rcl_interfaces/include/rcl_interfaces/rcl_interfaces/msg/detail/list_parameters_result__functions.h
-- Installing: /home/pheonix/ros2_ws/install/rcl_interfaces/include/rcl_interfaces/rcl_interfaces/msg/detail/set_logger_levels_result__description.c
-- Installing: /home/pheonix/ros2_ws/install/rcl_interfaces/include/rcl_interfaces/rcl_interfaces/msg/detail/integer_range__description.c
-- Installing: /home/pheonix/ros2_ws/install/rcl_interfaces/include/rcl_interfaces/rcl_interfaces/msg/detail/parameter_descriptor__description.c
-- Installing: /home/pheonix/ros2_ws/install/rcl_interfaces/include/rcl_interfaces/rcl_interfaces/msg/detail/set_logger_levels_result__functions.c
-- Installing: /home/pheonix/ros2_ws/install/rcl_interfaces/include/rcl_interfaces/rcl_interfaces/msg/detail/logger_level__struct.h
-- Installing: /home/pheonix/ros2_ws/install/rcl_interfaces/include/rcl_interfaces/rcl_interfaces/msg/detail/parameter_event__type_support.h
-- Installing: /home/pheonix/ros2_ws/install/rcl_interfaces/include/rcl_interfaces/rcl_interfaces/msg/detail/parameter_value__description.c
-- Installing: /home/pheonix/ros2_ws/install/rcl_interfaces/include/rcl_interfaces/rcl_interfaces/msg/detail/parameter_event__struct.h
-- Installing: /home/pheonix/ros2_ws/install/rcl_interfaces/include/rcl_interfaces/rcl_interfaces/msg/detail/integer_range__functions.h
-- Installing: /home/pheonix/ros2_ws/install/rcl_interfaces/include/rcl_interfaces/rcl_interfaces/msg/detail/parameter_event_descriptors__functions.c
-- Installing: /home/pheonix/ros2_ws/install/rcl_interfaces/include/rcl_interfaces/rcl_interfaces/msg/detail/parameter_type__description.c
-- Installing: /home/pheonix/ros2_ws/install/rcl_interfaces/include/rcl_interfaces/rcl_interfaces/msg/detail/parameter_descriptor__functions.c
-- Installing: /home/pheonix/ros2_ws/install/rcl_interfaces/include/rcl_interfaces/rcl_interfaces/msg/detail/parameter__type_support.c
-- Installing: /home/pheonix/ros2_ws/install/rcl_interfaces/include/rcl_interfaces/rcl_interfaces/msg/detail/floating_point_range__functions.c
-- Installing: /home/pheonix/ros2_ws/install/rcl_interfaces/include/rcl_interfaces/rcl_interfaces/msg/detail/list_parameters_result__struct.h
-- Installing: /home/pheonix/ros2_ws/install/rcl_interfaces/include/rcl_interfaces/rcl_interfaces/msg/detail/set_parameters_result__functions.h
-- Installing: /home/pheonix/ros2_ws/install/rcl_interfaces/include/rcl_interfaces/rcl_interfaces/msg/detail/parameter_event_descriptors__struct.h
-- Installing: /home/pheonix/ros2_ws/install/rcl_interfaces/include/rcl_interfaces/rcl_interfaces/msg/detail/floating_point_range__description.c
-- Installing: /home/pheonix/ros2_ws/install/rcl_interfaces/include/rcl_interfaces/rcl_interfaces/msg/detail/logger_level__functions.h
-- Installing: /home/pheonix/ros2_ws/install/rcl_interfaces/include/rcl_interfaces/rcl_interfaces/msg/detail/set_parameters_result__type_support.h
-- Installing: /home/pheonix/ros2_ws/install/rcl_interfaces/include/rcl_interfaces/rcl_interfaces/msg/detail/integer_range__functions.c
-- Installing: /home/pheonix/ros2_ws/install/rcl_interfaces/include/rcl_interfaces/rcl_interfaces/msg/detail/log__functions.c
-- Installing: /home/pheonix/ros2_ws/install/rcl_interfaces/include/rcl_interfaces/rcl_interfaces/msg/detail/logger_level__type_support.h
-- Installing: /home/pheonix/ros2_ws/install/rcl_interfaces/include/rcl_interfaces/rcl_interfaces/msg/detail/parameter_type__functions.c
-- Installing: /home/pheonix/ros2_ws/install/rcl_interfaces/include/rcl_interfaces/rcl_interfaces/msg/detail/parameter_event__functions.h
-- Installing: /home/pheonix/ros2_ws/install/rcl_interfaces/include/rcl_interfaces/rcl_interfaces/msg/detail/parameter_value__functions.c
-- Installing: /home/pheonix/ros2_ws/install/rcl_interfaces/include/rcl_interfaces/rcl_interfaces/msg/detail/parameter_event_descriptors__functions.h
-- Installing: /home/pheonix/ros2_ws/install/rcl_interfaces/include/rcl_interfaces/rcl_interfaces/msg/detail/parameter__type_support.h
-- Installing: /home/pheonix/ros2_ws/install/rcl_interfaces/include/rcl_interfaces/rcl_interfaces/msg/detail/floating_point_range__type_support.c
-- Installing: /home/pheonix/ros2_ws/install/rcl_interfaces/include/rcl_interfaces/rcl_interfaces/msg/detail/integer_range__type_support.h
-- Installing: /home/pheonix/ros2_ws/install/rcl_interfaces/include/rcl_interfaces/rcl_interfaces/msg/list_parameters_result.h
-- Installing: /home/pheonix/ros2_ws/install/rcl_interfaces/include/rcl_interfaces/rcl_interfaces/msg/logger_level.h
-- Installing: /home/pheonix/ros2_ws/install/rcl_interfaces/include/rcl_interfaces/rcl_interfaces/msg/floating_point_range.h
-- Installing: /home/pheonix/ros2_ws/install/rcl_interfaces/include/rcl_interfaces/rcl_interfaces/msg/parameter_event.h
-- Installing: /home/pheonix/ros2_ws/install/rcl_interfaces/include/rcl_interfaces/rcl_interfaces/msg/parameter_event_descriptors.h
-- Installing: /home/pheonix/ros2_ws/install/rcl_interfaces/include/rcl_interfaces/rcl_interfaces/msg/parameter_descriptor.h
-- Installing: /home/pheonix/ros2_ws/install/rcl_interfaces/include/rcl_interfaces/rcl_interfaces/msg/parameter.h
-- Installing: /home/pheonix/ros2_ws/install/rcl_interfaces/include/rcl_interfaces/rcl_interfaces/srv
-- Installing: /home/pheonix/ros2_ws/install/rcl_interfaces/include/rcl_interfaces/rcl_interfaces/srv/set_parameters_atomically.h
-- Installing: /home/pheonix/ros2_ws/install/rcl_interfaces/include/rcl_interfaces/rcl_interfaces/srv/set_logger_levels.h
-- Installing: /home/pheonix/ros2_ws/install/rcl_interfaces/include/rcl_interfaces/rcl_interfaces/srv/list_parameters.h
-- Installing: /home/pheonix/ros2_ws/install/rcl_interfaces/include/rcl_interfaces/rcl_interfaces/srv/set_parameters.h
-- Installing: /home/pheonix/ros2_ws/install/rcl_interfaces/include/rcl_interfaces/rcl_interfaces/srv/detail
-- Installing: /home/pheonix/ros2_ws/install/rcl_interfaces/include/rcl_interfaces/rcl_interfaces/srv/detail/get_parameters__functions.h
-- Installing: /home/pheonix/ros2_ws/install/rcl_interfaces/include/rcl_interfaces/rcl_interfaces/srv/detail/describe_parameters__description.c
-- Installing: /home/pheonix/ros2_ws/install/rcl_interfaces/include/rcl_interfaces/rcl_interfaces/srv/detail/get_parameter_types__description.c
-- Installing: /home/pheonix/ros2_ws/install/rcl_interfaces/include/rcl_interfaces/rcl_interfaces/srv/detail/describe_parameters__type_support.c
-- Installing: /home/pheonix/ros2_ws/install/rcl_interfaces/include/rcl_interfaces/rcl_interfaces/srv/detail/set_logger_levels__type_support.c
-- Installing: /home/pheonix/ros2_ws/install/rcl_interfaces/include/rcl_interfaces/rcl_interfaces/srv/detail/get_logger_levels__struct.h
-- Installing: /home/pheonix/ros2_ws/install/rcl_interfaces/include/rcl_interfaces/rcl_interfaces/srv/detail/set_parameters__functions.c
-- Installing: /home/pheonix/ros2_ws/install/rcl_interfaces/include/rcl_interfaces/rcl_interfaces/srv/detail/set_parameters_atomically__type_support.c
-- Installing: /home/pheonix/ros2_ws/install/rcl_interfaces/include/rcl_interfaces/rcl_interfaces/srv/detail/set_logger_levels__struct.h
-- Installing: /home/pheonix/ros2_ws/install/rcl_interfaces/include/rcl_interfaces/rcl_interfaces/srv/detail/describe_parameters__functions.c
-- Installing: /home/pheonix/ros2_ws/install/rcl_interfaces/include/rcl_interfaces/rcl_interfaces/srv/detail/list_parameters__struct.h
-- Installing: /home/pheonix/ros2_ws/install/rcl_interfaces/include/rcl_interfaces/rcl_interfaces/srv/detail/get_parameters__struct.h
-- Installing: /home/pheonix/ros2_ws/install/rcl_interfaces/include/rcl_interfaces/rcl_interfaces/srv/detail/list_parameters__functions.c
-- Installing: /home/pheonix/ros2_ws/install/rcl_interfaces/include/rcl_interfaces/rcl_interfaces/srv/detail/get_parameter_types__functions.h
-- Installing: /home/pheonix/ros2_ws/install/rcl_interfaces/include/rcl_interfaces/rcl_interfaces/srv/detail/get_logger_levels__description.c
-- Installing: /home/pheonix/ros2_ws/install/rcl_interfaces/include/rcl_interfaces/rcl_interfaces/srv/detail/set_logger_levels__description.c
-- Installing: /home/pheonix/ros2_ws/install/rcl_interfaces/include/rcl_interfaces/rcl_interfaces/srv/detail/get_parameter_types__type_support.c
-- Installing: /home/pheonix/ros2_ws/install/rcl_interfaces/include/rcl_interfaces/rcl_interfaces/srv/detail/describe_parameters__struct.h
-- Installing: /home/pheonix/ros2_ws/install/rcl_interfaces/include/rcl_interfaces/rcl_interfaces/srv/detail/set_parameters__functions.h
-- Installing: /home/pheonix/ros2_ws/install/rcl_interfaces/include/rcl_interfaces/rcl_interfaces/srv/detail/list_parameters__functions.h
-- Installing: /home/pheonix/ros2_ws/install/rcl_interfaces/include/rcl_interfaces/rcl_interfaces/srv/detail/get_logger_levels__type_support.h
-- Installing: /home/pheonix/ros2_ws/install/rcl_interfaces/include/rcl_interfaces/rcl_interfaces/srv/detail/describe_parameters__type_support.h
-- Installing: /home/pheonix/ros2_ws/install/rcl_interfaces/include/rcl_interfaces/rcl_interfaces/srv/detail/list_parameters__type_support.h
-- Installing: /home/pheonix/ros2_ws/install/rcl_interfaces/include/rcl_interfaces/rcl_interfaces/srv/detail/set_parameters_atomically__type_support.h
-- Installing: /home/pheonix/ros2_ws/install/rcl_interfaces/include/rcl_interfaces/rcl_interfaces/srv/detail/set_parameters__type_support.h
-- Installing: /home/pheonix/ros2_ws/install/rcl_interfaces/include/rcl_interfaces/rcl_interfaces/srv/detail/set_parameters_atomically__description.c
-- Installing: /home/pheonix/ros2_ws/install/rcl_interfaces/include/rcl_interfaces/rcl_interfaces/srv/detail/set_parameters__description.c
-- Installing: /home/pheonix/ros2_ws/install/rcl_interfaces/include/rcl_interfaces/rcl_interfaces/srv/detail/set_parameters__type_support.c
-- Installing: /home/pheonix/ros2_ws/install/rcl_interfaces/include/rcl_interfaces/rcl_interfaces/srv/detail/get_parameter_types__functions.c
-- Installing: /home/pheonix/ros2_ws/install/rcl_interfaces/include/rcl_interfaces/rcl_interfaces/srv/detail/get_logger_levels__type_support.c
-- Installing: /home/pheonix/ros2_ws/install/rcl_interfaces/include/rcl_interfaces/rcl_interfaces/srv/detail/set_parameters_atomically__functions.c
-- Installing: /home/pheonix/ros2_ws/install/rcl_interfaces/include/rcl_interfaces/rcl_interfaces/srv/detail/set_parameters__struct.h
-- Installing: /home/pheonix/ros2_ws/install/rcl_interfaces/include/rcl_interfaces/rcl_interfaces/srv/detail/list_parameters__type_support.c
-- Installing: /home/pheonix/ros2_ws/install/rcl_interfaces/include/rcl_interfaces/rcl_interfaces/srv/detail/get_parameter_types__type_support.h
-- Installing: /home/pheonix/ros2_ws/install/rcl_interfaces/include/rcl_interfaces/rcl_interfaces/srv/detail/set_logger_levels__type_support.h
-- Installing: /home/pheonix/ros2_ws/install/rcl_interfaces/include/rcl_interfaces/rcl_interfaces/srv/detail/set_logger_levels__functions.h
-- Installing: /home/pheonix/ros2_ws/install/rcl_interfaces/include/rcl_interfaces/rcl_interfaces/srv/detail/get_parameters__type_support.h
-- Installing: /home/pheonix/ros2_ws/install/rcl_interfaces/include/rcl_interfaces/rcl_interfaces/srv/detail/get_logger_levels__functions.h
-- Installing: /home/pheonix/ros2_ws/install/rcl_interfaces/include/rcl_interfaces/rcl_interfaces/srv/detail/set_parameters_atomically__functions.h
-- Installing: /home/pheonix/ros2_ws/install/rcl_interfaces/include/rcl_interfaces/rcl_interfaces/srv/detail/get_parameter_types__struct.h
-- Installing: /home/pheonix/ros2_ws/install/rcl_interfaces/include/rcl_interfaces/rcl_interfaces/srv/detail/get_parameters__type_support.c
-- Installing: /home/pheonix/ros2_ws/install/rcl_interfaces/include/rcl_interfaces/rcl_interfaces/srv/detail/get_parameters__functions.c
-- Installing: /home/pheonix/ros2_ws/install/rcl_interfaces/include/rcl_interfaces/rcl_interfaces/srv/detail/get_logger_levels__functions.c
-- Installing: /home/pheonix/ros2_ws/install/rcl_interfaces/include/rcl_interfaces/rcl_interfaces/srv/detail/set_parameters_atomically__struct.h
-- Installing: /home/pheonix/ros2_ws/install/rcl_interfaces/include/rcl_interfaces/rcl_interfaces/srv/detail/describe_parameters__functions.h
-- Installing: /home/pheonix/ros2_ws/install/rcl_interfaces/include/rcl_interfaces/rcl_interfaces/srv/detail/get_parameters__description.c
-- Installing: /home/pheonix/ros2_ws/install/rcl_interfaces/include/rcl_interfaces/rcl_interfaces/srv/detail/list_parameters__description.c
-- Installing: /home/pheonix/ros2_ws/install/rcl_interfaces/include/rcl_interfaces/rcl_interfaces/srv/detail/set_logger_levels__functions.c
-- Installing: /home/pheonix/ros2_ws/install/rcl_interfaces/include/rcl_interfaces/rcl_interfaces/srv/get_parameters.h
-- Installing: /home/pheonix/ros2_ws/install/rcl_interfaces/include/rcl_interfaces/rcl_interfaces/srv/get_logger_levels.h
-- Installing: /home/pheonix/ros2_ws/install/rcl_interfaces/include/rcl_interfaces/rcl_interfaces/srv/describe_parameters.h
-- Installing: /home/pheonix/ros2_ws/install/rcl_interfaces/include/rcl_interfaces/rcl_interfaces/srv/get_parameter_types.h
-- Installing: /home/pheonix/ros2_ws/install/rcl_interfaces/share/rcl_interfaces/environment/library_path.sh
-- Installing: /home/pheonix/ros2_ws/install/rcl_interfaces/share/rcl_interfaces/environment/library_path.dsv
-- Installing: /home/pheonix/ros2_ws/install/rcl_interfaces/lib/librcl_interfaces__rosidl_generator_c.so
-- Set non-toolchain portion of runtime path of "/home/pheonix/ros2_ws/install/rcl_interfaces/lib/librcl_interfaces__rosidl_generator_c.so" to ""
-- Up-to-date: /home/pheonix/ros2_ws/install/rcl_interfaces/include/rcl_interfaces/rcl_interfaces
-- Up-to-date: /home/pheonix/ros2_ws/install/rcl_interfaces/include/rcl_interfaces/rcl_interfaces/msg
-- Installing: /home/pheonix/ros2_ws/install/rcl_interfaces/include/rcl_interfaces/rcl_interfaces/msg/rosidl_typesupport_fastrtps_c__visibility_control.h
-- Up-to-date: /home/pheonix/ros2_ws/install/rcl_interfaces/include/rcl_interfaces/rcl_interfaces/msg/detail
-- Installing: /home/pheonix/ros2_ws/install/rcl_interfaces/include/rcl_interfaces/rcl_interfaces/msg/detail/floating_point_range__rosidl_typesupport_fastrtps_c.h
-- Installing: /home/pheonix/ros2_ws/install/rcl_interfaces/include/rcl_interfaces/rcl_interfaces/msg/detail/log__rosidl_typesupport_fastrtps_c.h
-- Installing: /home/pheonix/ros2_ws/install/rcl_interfaces/include/rcl_interfaces/rcl_interfaces/msg/detail/parameter_event_descriptors__rosidl_typesupport_fastrtps_c.h
-- Installing: /home/pheonix/ros2_ws/install/rcl_interfaces/include/rcl_interfaces/rcl_interfaces/msg/detail/set_logger_levels_result__rosidl_typesupport_fastrtps_c.h
-- Installing: /home/pheonix/ros2_ws/install/rcl_interfaces/include/rcl_interfaces/rcl_interfaces/msg/detail/set_parameters_result__rosidl_typesupport_fastrtps_c.h
-- Installing: /home/pheonix/ros2_ws/install/rcl_interfaces/include/rcl_interfaces/rcl_interfaces/msg/detail/parameter_descriptor__rosidl_typesupport_fastrtps_c.h
-- Installing: /home/pheonix/ros2_ws/install/rcl_interfaces/include/rcl_interfaces/rcl_interfaces/msg/detail/parameter__rosidl_typesupport_fastrtps_c.h
-- Installing: /home/pheonix/ros2_ws/install/rcl_interfaces/include/rcl_interfaces/rcl_interfaces/msg/detail/logger_level__rosidl_typesupport_fastrtps_c.h
-- Installing: /home/pheonix/ros2_ws/install/rcl_interfaces/include/rcl_interfaces/rcl_interfaces/msg/detail/list_parameters_result__rosidl_typesupport_fastrtps_c.h
-- Installing: /home/pheonix/ros2_ws/install/rcl_interfaces/include/rcl_interfaces/rcl_interfaces/msg/detail/parameter_type__rosidl_typesupport_fastrtps_c.h
-- Installing: /home/pheonix/ros2_ws/install/rcl_interfaces/include/rcl_interfaces/rcl_interfaces/msg/detail/parameter_event__rosidl_typesupport_fastrtps_c.h
-- Installing: /home/pheonix/ros2_ws/install/rcl_interfaces/include/rcl_interfaces/rcl_interfaces/msg/detail/integer_range__rosidl_typesupport_fastrtps_c.h
-- Installing: /home/pheonix/ros2_ws/install/rcl_interfaces/include/rcl_interfaces/rcl_interfaces/msg/detail/parameter_value__rosidl_typesupport_fastrtps_c.h
-- Up-to-date: /home/pheonix/ros2_ws/install/rcl_interfaces/include/rcl_interfaces/rcl_interfaces/srv
-- Up-to-date: /home/pheonix/ros2_ws/install/rcl_interfaces/include/rcl_interfaces/rcl_interfaces/srv/detail
-- Installing: /home/pheonix/ros2_ws/install/rcl_interfaces/include/rcl_interfaces/rcl_interfaces/srv/detail/get_parameters__rosidl_typesupport_fastrtps_c.h
-- Installing: /home/pheonix/ros2_ws/install/rcl_interfaces/include/rcl_interfaces/rcl_interfaces/srv/detail/get_logger_levels__rosidl_typesupport_fastrtps_c.h
-- Installing: /home/pheonix/ros2_ws/install/rcl_interfaces/include/rcl_interfaces/rcl_interfaces/srv/detail/set_parameters_atomically__rosidl_typesupport_fastrtps_c.h
-- Installing: /home/pheonix/ros2_ws/install/rcl_interfaces/include/rcl_interfaces/rcl_interfaces/srv/detail/list_parameters__rosidl_typesupport_fastrtps_c.h
-- Installing: /home/pheonix/ros2_ws/install/rcl_interfaces/include/rcl_interfaces/rcl_interfaces/srv/detail/set_parameters__rosidl_typesupport_fastrtps_c.h
-- Installing: /home/pheonix/ros2_ws/install/rcl_interfaces/include/rcl_interfaces/rcl_interfaces/srv/detail/describe_parameters__rosidl_typesupport_fastrtps_c.h
-- Installing: /home/pheonix/ros2_ws/install/rcl_interfaces/include/rcl_interfaces/rcl_interfaces/srv/detail/set_logger_levels__rosidl_typesupport_fastrtps_c.h
-- Installing: /home/pheonix/ros2_ws/install/rcl_interfaces/include/rcl_interfaces/rcl_interfaces/srv/detail/get_parameter_types__rosidl_typesupport_fastrtps_c.h
-- Installing: /home/pheonix/ros2_ws/install/rcl_interfaces/lib/librcl_interfaces__rosidl_typesupport_fastrtps_c.so
-- Set non-toolchain portion of runtime path of "/home/pheonix/ros2_ws/install/rcl_interfaces/lib/librcl_interfaces__rosidl_typesupport_fastrtps_c.so" to ""
-- Up-to-date: /home/pheonix/ros2_ws/install/rcl_interfaces/include/rcl_interfaces/rcl_interfaces
-- Up-to-date: /home/pheonix/ros2_ws/install/rcl_interfaces/include/rcl_interfaces/rcl_interfaces/msg
-- Up-to-date: /home/pheonix/ros2_ws/install/rcl_interfaces/include/rcl_interfaces/rcl_interfaces/msg/detail
-- Installing: /home/pheonix/ros2_ws/install/rcl_interfaces/include/rcl_interfaces/rcl_interfaces/msg/detail/integer_range__type_support.c
-- Installing: /home/pheonix/ros2_ws/install/rcl_interfaces/include/rcl_interfaces/rcl_interfaces/msg/detail/parameter_event__type_support.c
-- Installing: /home/pheonix/ros2_ws/install/rcl_interfaces/include/rcl_interfaces/rcl_interfaces/msg/detail/set_parameters_result__type_support.c
-- Installing: /home/pheonix/ros2_ws/install/rcl_interfaces/include/rcl_interfaces/rcl_interfaces/msg/detail/logger_level__type_support.c
-- Installing: /home/pheonix/ros2_ws/install/rcl_interfaces/include/rcl_interfaces/rcl_interfaces/msg/detail/parameter_event__rosidl_typesupport_introspection_c.h
-- Installing: /home/pheonix/ros2_ws/install/rcl_interfaces/include/rcl_interfaces/rcl_interfaces/msg/detail/parameter_type__type_support.c
-- Installing: /home/pheonix/ros2_ws/install/rcl_interfaces/include/rcl_interfaces/rcl_interfaces/msg/detail/integer_range__rosidl_typesupport_introspection_c.h
-- Installing: /home/pheonix/ros2_ws/install/rcl_interfaces/include/rcl_interfaces/rcl_interfaces/msg/detail/parameter_type__rosidl_typesupport_introspection_c.h
-- Installing: /home/pheonix/ros2_ws/install/rcl_interfaces/include/rcl_interfaces/rcl_interfaces/msg/detail/set_parameters_result__rosidl_typesupport_introspection_c.h
-- Installing: /home/pheonix/ros2_ws/install/rcl_interfaces/include/rcl_interfaces/rcl_interfaces/msg/detail/log__type_support.c
-- Installing: /home/pheonix/ros2_ws/install/rcl_interfaces/include/rcl_interfaces/rcl_interfaces/msg/detail/parameter_descriptor__rosidl_typesupport_introspection_c.h
-- Installing: /home/pheonix/ros2_ws/install/rcl_interfaces/include/rcl_interfaces/rcl_interfaces/msg/detail/parameter_event_descriptors__type_support.c
-- Installing: /home/pheonix/ros2_ws/install/rcl_interfaces/include/rcl_interfaces/rcl_interfaces/msg/detail/parameter_descriptor__type_support.c
-- Installing: /home/pheonix/ros2_ws/install/rcl_interfaces/include/rcl_interfaces/rcl_interfaces/msg/detail/list_parameters_result__type_support.c
-- Installing: /home/pheonix/ros2_ws/install/rcl_interfaces/include/rcl_interfaces/rcl_interfaces/msg/detail/set_logger_levels_result__type_support.c
-- Installing: /home/pheonix/ros2_ws/install/rcl_interfaces/include/rcl_interfaces/rcl_interfaces/msg/detail/parameter_value__rosidl_typesupport_introspection_c.h
-- Installing: /home/pheonix/ros2_ws/install/rcl_interfaces/include/rcl_interfaces/rcl_interfaces/msg/detail/parameter__rosidl_typesupport_introspection_c.h
-- Installing: /home/pheonix/ros2_ws/install/rcl_interfaces/include/rcl_interfaces/rcl_interfaces/msg/detail/parameter_value__type_support.c
-- Installing: /home/pheonix/ros2_ws/install/rcl_interfaces/include/rcl_interfaces/rcl_interfaces/msg/detail/logger_level__rosidl_typesupport_introspection_c.h
-- Installing: /home/pheonix/ros2_ws/install/rcl_interfaces/include/rcl_interfaces/rcl_interfaces/msg/detail/floating_point_range__rosidl_typesupport_introspection_c.h
-- Installing: /home/pheonix/ros2_ws/install/rcl_interfaces/include/rcl_interfaces/rcl_interfaces/msg/detail/parameter_event_descriptors__rosidl_typesupport_introspection_c.h
-- Installing: /home/pheonix/ros2_ws/install/rcl_interfaces/include/rcl_interfaces/rcl_interfaces/msg/detail/list_parameters_result__rosidl_typesupport_introspection_c.h
-- Installing: /home/pheonix/ros2_ws/install/rcl_interfaces/include/rcl_interfaces/rcl_interfaces/msg/detail/parameter__type_support.c
-- Installing: /home/pheonix/ros2_ws/install/rcl_interfaces/include/rcl_interfaces/rcl_interfaces/msg/detail/log__rosidl_typesupport_introspection_c.h
-- Installing: /home/pheonix/ros2_ws/install/rcl_interfaces/include/rcl_interfaces/rcl_interfaces/msg/detail/floating_point_range__type_support.c
-- Installing: /home/pheonix/ros2_ws/install/rcl_interfaces/include/rcl_interfaces/rcl_interfaces/msg/detail/set_logger_levels_result__rosidl_typesupport_introspection_c.h
-- Installing: /home/pheonix/ros2_ws/install/rcl_interfaces/include/rcl_interfaces/rcl_interfaces/msg/rosidl_typesupport_introspection_c__visibility_control.h
-- Up-to-date: /home/pheonix/ros2_ws/install/rcl_interfaces/include/rcl_interfaces/rcl_interfaces/srv
-- Up-to-date: /home/pheonix/ros2_ws/install/rcl_interfaces/include/rcl_interfaces/rcl_interfaces/srv/detail
-- Installing: /home/pheonix/ros2_ws/install/rcl_interfaces/include/rcl_interfaces/rcl_interfaces/srv/detail/describe_parameters__type_support.c
-- Installing: /home/pheonix/ros2_ws/install/rcl_interfaces/include/rcl_interfaces/rcl_interfaces/srv/detail/get_parameters__rosidl_typesupport_introspection_c.h
-- Installing: /home/pheonix/ros2_ws/install/rcl_interfaces/include/rcl_interfaces/rcl_interfaces/srv/detail/set_logger_levels__type_support.c
-- Installing: /home/pheonix/ros2_ws/install/rcl_interfaces/include/rcl_interfaces/rcl_interfaces/srv/detail/set_parameters_atomically__type_support.c
-- Installing: /home/pheonix/ros2_ws/install/rcl_interfaces/include/rcl_interfaces/rcl_interfaces/srv/detail/describe_parameters__rosidl_typesupport_introspection_c.h
-- Installing: /home/pheonix/ros2_ws/install/rcl_interfaces/include/rcl_interfaces/rcl_interfaces/srv/detail/set_parameters_atomically__rosidl_typesupport_introspection_c.h
-- Installing: /home/pheonix/ros2_ws/install/rcl_interfaces/include/rcl_interfaces/rcl_interfaces/srv/detail/get_parameter_types__type_support.c
-- Installing: /home/pheonix/ros2_ws/install/rcl_interfaces/include/rcl_interfaces/rcl_interfaces/srv/detail/set_parameters__rosidl_typesupport_introspection_c.h
-- Installing: /home/pheonix/ros2_ws/install/rcl_interfaces/include/rcl_interfaces/rcl_interfaces/srv/detail/list_parameters__rosidl_typesupport_introspection_c.h
-- Installing: /home/pheonix/ros2_ws/install/rcl_interfaces/include/rcl_interfaces/rcl_interfaces/srv/detail/set_parameters__type_support.c
-- Installing: /home/pheonix/ros2_ws/install/rcl_interfaces/include/rcl_interfaces/rcl_interfaces/srv/detail/get_logger_levels__type_support.c
-- Installing: /home/pheonix/ros2_ws/install/rcl_interfaces/include/rcl_interfaces/rcl_interfaces/srv/detail/list_parameters__type_support.c
-- Installing: /home/pheonix/ros2_ws/install/rcl_interfaces/include/rcl_interfaces/rcl_interfaces/srv/detail/set_logger_levels__rosidl_typesupport_introspection_c.h
-- Installing: /home/pheonix/ros2_ws/install/rcl_interfaces/include/rcl_interfaces/rcl_interfaces/srv/detail/get_parameter_types__rosidl_typesupport_introspection_c.h
-- Installing: /home/pheonix/ros2_ws/install/rcl_interfaces/include/rcl_interfaces/rcl_interfaces/srv/detail/get_parameters__type_support.c
-- Installing: /home/pheonix/ros2_ws/install/rcl_interfaces/include/rcl_interfaces/rcl_interfaces/srv/detail/get_logger_levels__rosidl_typesupport_introspection_c.h
-- Installing: /home/pheonix/ros2_ws/install/rcl_interfaces/lib/librcl_interfaces__rosidl_typesupport_introspection_c.so
-- Set non-toolchain portion of runtime path of "/home/pheonix/ros2_ws/install/rcl_interfaces/lib/librcl_interfaces__rosidl_typesupport_introspection_c.so" to ""
-- Installing: /home/pheonix/ros2_ws/install/rcl_interfaces/lib/librcl_interfaces__rosidl_typesupport_c.so
-- Set non-toolchain portion of runtime path of "/home/pheonix/ros2_ws/install/rcl_interfaces/lib/librcl_interfaces__rosidl_typesupport_c.so" to ""
-- Up-to-date: /home/pheonix/ros2_ws/install/rcl_interfaces/include/rcl_interfaces/rcl_interfaces
-- Up-to-date: /home/pheonix/ros2_ws/install/rcl_interfaces/include/rcl_interfaces/rcl_interfaces/msg
-- Installing: /home/pheonix/ros2_ws/install/rcl_interfaces/include/rcl_interfaces/rcl_interfaces/msg/floating_point_range.hpp
-- Installing: /home/pheonix/ros2_ws/install/rcl_interfaces/include/rcl_interfaces/rcl_interfaces/msg/list_parameters_result.hpp
-- Installing: /home/pheonix/ros2_ws/install/rcl_interfaces/include/rcl_interfaces/rcl_interfaces/msg/rosidl_generator_cpp__visibility_control.hpp
-- Installing: /home/pheonix/ros2_ws/install/rcl_interfaces/include/rcl_interfaces/rcl_interfaces/msg/parameter_event.hpp
-- Installing: /home/pheonix/ros2_ws/install/rcl_interfaces/include/rcl_interfaces/rcl_interfaces/msg/parameter.hpp
-- Installing: /home/pheonix/ros2_ws/install/rcl_interfaces/include/rcl_interfaces/rcl_interfaces/msg/integer_range.hpp
-- Up-to-date: /home/pheonix/ros2_ws/install/rcl_interfaces/include/rcl_interfaces/rcl_interfaces/msg/detail
-- Installing: /home/pheonix/ros2_ws/install/rcl_interfaces/include/rcl_interfaces/rcl_interfaces/msg/detail/parameter__builder.hpp
-- Installing: /home/pheonix/ros2_ws/install/rcl_interfaces/include/rcl_interfaces/rcl_interfaces/msg/detail/floating_point_range__builder.hpp
-- Installing: /home/pheonix/ros2_ws/install/rcl_interfaces/include/rcl_interfaces/rcl_interfaces/msg/detail/parameter_type__struct.hpp
-- Installing: /home/pheonix/ros2_ws/install/rcl_interfaces/include/rcl_interfaces/rcl_interfaces/msg/detail/parameter_descriptor__type_support.hpp
-- Installing: /home/pheonix/ros2_ws/install/rcl_interfaces/include/rcl_interfaces/rcl_interfaces/msg/detail/integer_range__type_support.hpp
-- Installing: /home/pheonix/ros2_ws/install/rcl_interfaces/include/rcl_interfaces/rcl_interfaces/msg/detail/floating_point_range__struct.hpp
-- Installing: /home/pheonix/ros2_ws/install/rcl_interfaces/include/rcl_interfaces/rcl_interfaces/msg/detail/parameter_descriptor__builder.hpp
-- Installing: /home/pheonix/ros2_ws/install/rcl_interfaces/include/rcl_interfaces/rcl_interfaces/msg/detail/set_parameters_result__type_support.hpp
-- Installing: /home/pheonix/ros2_ws/install/rcl_interfaces/include/rcl_interfaces/rcl_interfaces/msg/detail/parameter_event_descriptors__builder.hpp
-- Installing: /home/pheonix/ros2_ws/install/rcl_interfaces/include/rcl_interfaces/rcl_interfaces/msg/detail/set_parameters_result__builder.hpp
-- Installing: /home/pheonix/ros2_ws/install/rcl_interfaces/include/rcl_interfaces/rcl_interfaces/msg/detail/set_logger_levels_result__builder.hpp
-- Installing: /home/pheonix/ros2_ws/install/rcl_interfaces/include/rcl_interfaces/rcl_interfaces/msg/detail/parameter_event__traits.hpp
-- Installing: /home/pheonix/ros2_ws/install/rcl_interfaces/include/rcl_interfaces/rcl_interfaces/msg/detail/logger_level__type_support.hpp
-- Installing: /home/pheonix/ros2_ws/install/rcl_interfaces/include/rcl_interfaces/rcl_interfaces/msg/detail/log__struct.hpp
-- Installing: /home/pheonix/ros2_ws/install/rcl_interfaces/include/rcl_interfaces/rcl_interfaces/msg/detail/parameter_event__struct.hpp
-- Installing: /home/pheonix/ros2_ws/install/rcl_interfaces/include/rcl_interfaces/rcl_interfaces/msg/detail/set_parameters_result__struct.hpp
-- Installing: /home/pheonix/ros2_ws/install/rcl_interfaces/include/rcl_interfaces/rcl_interfaces/msg/detail/list_parameters_result__traits.hpp
-- Installing: /home/pheonix/ros2_ws/install/rcl_interfaces/include/rcl_interfaces/rcl_interfaces/msg/detail/parameter__struct.hpp
-- Installing: /home/pheonix/ros2_ws/install/rcl_interfaces/include/rcl_interfaces/rcl_interfaces/msg/detail/floating_point_range__type_support.hpp
-- Installing: /home/pheonix/ros2_ws/install/rcl_interfaces/include/rcl_interfaces/rcl_interfaces/msg/detail/set_logger_levels_result__type_support.hpp
-- Installing: /home/pheonix/ros2_ws/install/rcl_interfaces/include/rcl_interfaces/rcl_interfaces/msg/detail/logger_level__builder.hpp
-- Installing: /home/pheonix/ros2_ws/install/rcl_interfaces/include/rcl_interfaces/rcl_interfaces/msg/detail/parameter_value__struct.hpp
-- Installing: /home/pheonix/ros2_ws/install/rcl_interfaces/include/rcl_interfaces/rcl_interfaces/msg/detail/parameter_event__builder.hpp
-- Installing: /home/pheonix/ros2_ws/install/rcl_interfaces/include/rcl_interfaces/rcl_interfaces/msg/detail/parameter__type_support.hpp
-- Installing: /home/pheonix/ros2_ws/install/rcl_interfaces/include/rcl_interfaces/rcl_interfaces/msg/detail/parameter_event_descriptors__struct.hpp
-- Installing: /home/pheonix/ros2_ws/install/rcl_interfaces/include/rcl_interfaces/rcl_interfaces/msg/detail/logger_level__traits.hpp
-- Installing: /home/pheonix/ros2_ws/install/rcl_interfaces/include/rcl_interfaces/rcl_interfaces/msg/detail/list_parameters_result__struct.hpp
-- Installing: /home/pheonix/ros2_ws/install/rcl_interfaces/include/rcl_interfaces/rcl_interfaces/msg/detail/list_parameters_result__type_support.hpp
-- Installing: /home/pheonix/ros2_ws/install/rcl_interfaces/include/rcl_interfaces/rcl_interfaces/msg/detail/floating_point_range__traits.hpp
-- Installing: /home/pheonix/ros2_ws/install/rcl_interfaces/include/rcl_interfaces/rcl_interfaces/msg/detail/parameter_event_descriptors__type_support.hpp
-- Installing: /home/pheonix/ros2_ws/install/rcl_interfaces/include/rcl_interfaces/rcl_interfaces/msg/detail/parameter_descriptor__traits.hpp
-- Installing: /home/pheonix/ros2_ws/install/rcl_interfaces/include/rcl_interfaces/rcl_interfaces/msg/detail/parameter__traits.hpp
-- Installing: /home/pheonix/ros2_ws/install/rcl_interfaces/include/rcl_interfaces/rcl_interfaces/msg/detail/log__builder.hpp
-- Installing: /home/pheonix/ros2_ws/install/rcl_interfaces/include/rcl_interfaces/rcl_interfaces/msg/detail/parameter_value__traits.hpp
-- Installing: /home/pheonix/ros2_ws/install/rcl_interfaces/include/rcl_interfaces/rcl_interfaces/msg/detail/parameter_value__type_support.hpp
-- Installing: /home/pheonix/ros2_ws/install/rcl_interfaces/include/rcl_interfaces/rcl_interfaces/msg/detail/set_logger_levels_result__struct.hpp
-- Installing: /home/pheonix/ros2_ws/install/rcl_interfaces/include/rcl_interfaces/rcl_interfaces/msg/detail/parameter_event_descriptors__traits.hpp
-- Installing: /home/pheonix/ros2_ws/install/rcl_interfaces/include/rcl_interfaces/rcl_interfaces/msg/detail/parameter_type__type_support.hpp
-- Installing: /home/pheonix/ros2_ws/install/rcl_interfaces/include/rcl_interfaces/rcl_interfaces/msg/detail/set_parameters_result__traits.hpp
-- Installing: /home/pheonix/ros2_ws/install/rcl_interfaces/include/rcl_interfaces/rcl_interfaces/msg/detail/logger_level__struct.hpp
-- Installing: /home/pheonix/ros2_ws/install/rcl_interfaces/include/rcl_interfaces/rcl_interfaces/msg/detail/integer_range__traits.hpp
-- Installing: /home/pheonix/ros2_ws/install/rcl_interfaces/include/rcl_interfaces/rcl_interfaces/msg/detail/integer_range__struct.hpp
-- Installing: /home/pheonix/ros2_ws/install/rcl_interfaces/include/rcl_interfaces/rcl_interfaces/msg/detail/log__type_support.hpp
-- Installing: /home/pheonix/ros2_ws/install/rcl_interfaces/include/rcl_interfaces/rcl_interfaces/msg/detail/integer_range__builder.hpp
-- Installing: /home/pheonix/ros2_ws/install/rcl_interfaces/include/rcl_interfaces/rcl_interfaces/msg/detail/set_logger_levels_result__traits.hpp
-- Installing: /home/pheonix/ros2_ws/install/rcl_interfaces/include/rcl_interfaces/rcl_interfaces/msg/detail/parameter_value__builder.hpp
-- Installing: /home/pheonix/ros2_ws/install/rcl_interfaces/include/rcl_interfaces/rcl_interfaces/msg/detail/list_parameters_result__builder.hpp
-- Installing: /home/pheonix/ros2_ws/install/rcl_interfaces/include/rcl_interfaces/rcl_interfaces/msg/detail/parameter_event__type_support.hpp
-- Installing: /home/pheonix/ros2_ws/install/rcl_interfaces/include/rcl_interfaces/rcl_interfaces/msg/detail/parameter_type__traits.hpp
-- Installing: /home/pheonix/ros2_ws/install/rcl_interfaces/include/rcl_interfaces/rcl_interfaces/msg/detail/parameter_type__builder.hpp
-- Installing: /home/pheonix/ros2_ws/install/rcl_interfaces/include/rcl_interfaces/rcl_interfaces/msg/detail/log__traits.hpp
-- Installing: /home/pheonix/ros2_ws/install/rcl_interfaces/include/rcl_interfaces/rcl_interfaces/msg/detail/parameter_descriptor__struct.hpp
-- Installing: /home/pheonix/ros2_ws/install/rcl_interfaces/include/rcl_interfaces/rcl_interfaces/msg/parameter_descriptor.hpp
-- Installing: /home/pheonix/ros2_ws/install/rcl_interfaces/include/rcl_interfaces/rcl_interfaces/msg/set_parameters_result.hpp
-- Installing: /home/pheonix/ros2_ws/install/rcl_interfaces/include/rcl_interfaces/rcl_interfaces/msg/parameter_type.hpp
-- Installing: /home/pheonix/ros2_ws/install/rcl_interfaces/include/rcl_interfaces/rcl_interfaces/msg/set_logger_levels_result.hpp
-- Installing: /home/pheonix/ros2_ws/install/rcl_interfaces/include/rcl_interfaces/rcl_interfaces/msg/parameter_event_descriptors.hpp
-- Installing: /home/pheonix/ros2_ws/install/rcl_interfaces/include/rcl_interfaces/rcl_interfaces/msg/log.hpp
-- Installing: /home/pheonix/ros2_ws/install/rcl_interfaces/include/rcl_interfaces/rcl_interfaces/msg/logger_level.hpp
-- Installing: /home/pheonix/ros2_ws/install/rcl_interfaces/include/rcl_interfaces/rcl_interfaces/msg/parameter_value.hpp
-- Up-to-date: /home/pheonix/ros2_ws/install/rcl_interfaces/include/rcl_interfaces/rcl_interfaces/srv
-- Installing: /home/pheonix/ros2_ws/install/rcl_interfaces/include/rcl_interfaces/rcl_interfaces/srv/get_parameters.hpp
-- Installing: /home/pheonix/ros2_ws/install/rcl_interfaces/include/rcl_interfaces/rcl_interfaces/srv/set_parameters.hpp
-- Installing: /home/pheonix/ros2_ws/install/rcl_interfaces/include/rcl_interfaces/rcl_interfaces/srv/get_logger_levels.hpp
-- Installing: /home/pheonix/ros2_ws/install/rcl_interfaces/include/rcl_interfaces/rcl_interfaces/srv/describe_parameters.hpp
-- Up-to-date: /home/pheonix/ros2_ws/install/rcl_interfaces/include/rcl_interfaces/rcl_interfaces/srv/detail
-- Installing: /home/pheonix/ros2_ws/install/rcl_interfaces/include/rcl_interfaces/rcl_interfaces/srv/detail/get_parameters__type_support.hpp
-- Installing: /home/pheonix/ros2_ws/install/rcl_interfaces/include/rcl_interfaces/rcl_interfaces/srv/detail/set_parameters_atomically__traits.hpp
-- Installing: /home/pheonix/ros2_ws/install/rcl_interfaces/include/rcl_interfaces/rcl_interfaces/srv/detail/get_parameter_types__type_support.hpp
-- Installing: /home/pheonix/ros2_ws/install/rcl_interfaces/include/rcl_interfaces/rcl_interfaces/srv/detail/get_parameter_types__struct.hpp
-- Installing: /home/pheonix/ros2_ws/install/rcl_interfaces/include/rcl_interfaces/rcl_interfaces/srv/detail/list_parameters__struct.hpp
-- Installing: /home/pheonix/ros2_ws/install/rcl_interfaces/include/rcl_interfaces/rcl_interfaces/srv/detail/get_logger_levels__struct.hpp
-- Installing: /home/pheonix/ros2_ws/install/rcl_interfaces/include/rcl_interfaces/rcl_interfaces/srv/detail/describe_parameters__struct.hpp
-- Installing: /home/pheonix/ros2_ws/install/rcl_interfaces/include/rcl_interfaces/rcl_interfaces/srv/detail/describe_parameters__traits.hpp
-- Installing: /home/pheonix/ros2_ws/install/rcl_interfaces/include/rcl_interfaces/rcl_interfaces/srv/detail/get_parameters__builder.hpp
-- Installing: /home/pheonix/ros2_ws/install/rcl_interfaces/include/rcl_interfaces/rcl_interfaces/srv/detail/set_parameters_atomically__builder.hpp
-- Installing: /home/pheonix/ros2_ws/install/rcl_interfaces/include/rcl_interfaces/rcl_interfaces/srv/detail/get_parameters__struct.hpp
-- Installing: /home/pheonix/ros2_ws/install/rcl_interfaces/include/rcl_interfaces/rcl_interfaces/srv/detail/describe_parameters__type_support.hpp
-- Installing: /home/pheonix/ros2_ws/install/rcl_interfaces/include/rcl_interfaces/rcl_interfaces/srv/detail/set_parameters__type_support.hpp
-- Installing: /home/pheonix/ros2_ws/install/rcl_interfaces/include/rcl_interfaces/rcl_interfaces/srv/detail/list_parameters__traits.hpp
-- Installing: /home/pheonix/ros2_ws/install/rcl_interfaces/include/rcl_interfaces/rcl_interfaces/srv/detail/get_logger_levels__type_support.hpp
-- Installing: /home/pheonix/ros2_ws/install/rcl_interfaces/include/rcl_interfaces/rcl_interfaces/srv/detail/set_logger_levels__builder.hpp
-- Installing: /home/pheonix/ros2_ws/install/rcl_interfaces/include/rcl_interfaces/rcl_interfaces/srv/detail/get_logger_levels__traits.hpp
-- Installing: /home/pheonix/ros2_ws/install/rcl_interfaces/include/rcl_interfaces/rcl_interfaces/srv/detail/set_logger_levels__traits.hpp
-- Installing: /home/pheonix/ros2_ws/install/rcl_interfaces/include/rcl_interfaces/rcl_interfaces/srv/detail/get_parameters__traits.hpp
-- Installing: /home/pheonix/ros2_ws/install/rcl_interfaces/include/rcl_interfaces/rcl_interfaces/srv/detail/set_logger_levels__struct.hpp
-- Installing: /home/pheonix/ros2_ws/install/rcl_interfaces/include/rcl_interfaces/rcl_interfaces/srv/detail/describe_parameters__builder.hpp
-- Installing: /home/pheonix/ros2_ws/install/rcl_interfaces/include/rcl_interfaces/rcl_interfaces/srv/detail/get_logger_levels__builder.hpp
-- Installing: /home/pheonix/ros2_ws/install/rcl_interfaces/include/rcl_interfaces/rcl_interfaces/srv/detail/set_logger_levels__type_support.hpp
-- Installing: /home/pheonix/ros2_ws/install/rcl_interfaces/include/rcl_interfaces/rcl_interfaces/srv/detail/set_parameters_atomically__type_support.hpp
-- Installing: /home/pheonix/ros2_ws/install/rcl_interfaces/include/rcl_interfaces/rcl_interfaces/srv/detail/list_parameters__type_support.hpp
-- Installing: /home/pheonix/ros2_ws/install/rcl_interfaces/include/rcl_interfaces/rcl_interfaces/srv/detail/set_parameters__struct.hpp
-- Installing: /home/pheonix/ros2_ws/install/rcl_interfaces/include/rcl_interfaces/rcl_interfaces/srv/detail/set_parameters_atomically__struct.hpp
-- Installing: /home/pheonix/ros2_ws/install/rcl_interfaces/include/rcl_interfaces/rcl_interfaces/srv/detail/list_parameters__builder.hpp
-- Installing: /home/pheonix/ros2_ws/install/rcl_interfaces/include/rcl_interfaces/rcl_interfaces/srv/detail/set_parameters__builder.hpp
-- Installing: /home/pheonix/ros2_ws/install/rcl_interfaces/include/rcl_interfaces/rcl_interfaces/srv/detail/set_parameters__traits.hpp
-- Installing: /home/pheonix/ros2_ws/install/rcl_interfaces/include/rcl_interfaces/rcl_interfaces/srv/detail/get_parameter_types__traits.hpp
-- Installing: /home/pheonix/ros2_ws/install/rcl_interfaces/include/rcl_interfaces/rcl_interfaces/srv/detail/get_parameter_types__builder.hpp
-- Installing: /home/pheonix/ros2_ws/install/rcl_interfaces/include/rcl_interfaces/rcl_interfaces/srv/list_parameters.hpp
-- Installing: /home/pheonix/ros2_ws/install/rcl_interfaces/include/rcl_interfaces/rcl_interfaces/srv/set_parameters_atomically.hpp
-- Installing: /home/pheonix/ros2_ws/install/rcl_interfaces/include/rcl_interfaces/rcl_interfaces/srv/set_logger_levels.hpp
-- Installing: /home/pheonix/ros2_ws/install/rcl_interfaces/include/rcl_interfaces/rcl_interfaces/srv/get_parameter_types.hpp
-- Up-to-date: /home/pheonix/ros2_ws/install/rcl_interfaces/include/rcl_interfaces/rcl_interfaces
-- Up-to-date: /home/pheonix/ros2_ws/install/rcl_interfaces/include/rcl_interfaces/rcl_interfaces/msg
-- Up-to-date: /home/pheonix/ros2_ws/install/rcl_interfaces/include/rcl_interfaces/rcl_interfaces/msg/detail
-- Installing: /home/pheonix/ros2_ws/install/rcl_interfaces/include/rcl_interfaces/rcl_interfaces/msg/detail/list_parameters_result__rosidl_typesupport_fastrtps_cpp.hpp
-- Installing: /home/pheonix/ros2_ws/install/rcl_interfaces/include/rcl_interfaces/rcl_interfaces/msg/detail/parameter__rosidl_typesupport_fastrtps_cpp.hpp
-- Installing: /home/pheonix/ros2_ws/install/rcl_interfaces/include/rcl_interfaces/rcl_interfaces/msg/detail/log__rosidl_typesupport_fastrtps_cpp.hpp
-- Installing: /home/pheonix/ros2_ws/install/rcl_interfaces/include/rcl_interfaces/rcl_interfaces/msg/detail/integer_range__rosidl_typesupport_fastrtps_cpp.hpp
-- Installing: /home/pheonix/ros2_ws/install/rcl_interfaces/include/rcl_interfaces/rcl_interfaces/msg/detail/dds_fastrtps
-- Installing: /home/pheonix/ros2_ws/install/rcl_interfaces/include/rcl_interfaces/rcl_interfaces/msg/detail/parameter_type__rosidl_typesupport_fastrtps_cpp.hpp
-- Installing: /home/pheonix/ros2_ws/install/rcl_interfaces/include/rcl_interfaces/rcl_interfaces/msg/detail/floating_point_range__rosidl_typesupport_fastrtps_cpp.hpp
-- Installing: /home/pheonix/ros2_ws/install/rcl_interfaces/include/rcl_interfaces/rcl_interfaces/msg/detail/logger_level__rosidl_typesupport_fastrtps_cpp.hpp
-- Installing: /home/pheonix/ros2_ws/install/rcl_interfaces/include/rcl_interfaces/rcl_interfaces/msg/detail/parameter_event__rosidl_typesupport_fastrtps_cpp.hpp
-- Installing: /home/pheonix/ros2_ws/install/rcl_interfaces/include/rcl_interfaces/rcl_interfaces/msg/detail/set_parameters_result__rosidl_typesupport_fastrtps_cpp.hpp
-- Installing: /home/pheonix/ros2_ws/install/rcl_interfaces/include/rcl_interfaces/rcl_interfaces/msg/detail/set_logger_levels_result__rosidl_typesupport_fastrtps_cpp.hpp
-- Installing: /home/pheonix/ros2_ws/install/rcl_interfaces/include/rcl_interfaces/rcl_interfaces/msg/detail/parameter_event_descriptors__rosidl_typesupport_fastrtps_cpp.hpp
-- Installing: /home/pheonix/ros2_ws/install/rcl_interfaces/include/rcl_interfaces/rcl_interfaces/msg/detail/parameter_value__rosidl_typesupport_fastrtps_cpp.hpp
-- Installing: /home/pheonix/ros2_ws/install/rcl_interfaces/include/rcl_interfaces/rcl_interfaces/msg/detail/parameter_descriptor__rosidl_typesupport_fastrtps_cpp.hpp
-- Installing: /home/pheonix/ros2_ws/install/rcl_interfaces/include/rcl_interfaces/rcl_interfaces/msg/rosidl_typesupport_fastrtps_cpp__visibility_control.h
-- Up-to-date: /home/pheonix/ros2_ws/install/rcl_interfaces/include/rcl_interfaces/rcl_interfaces/srv
-- Up-to-date: /home/pheonix/ros2_ws/install/rcl_interfaces/include/rcl_interfaces/rcl_interfaces/srv/detail
-- Installing: /home/pheonix/ros2_ws/install/rcl_interfaces/include/rcl_interfaces/rcl_interfaces/srv/detail/dds_fastrtps
-- Installing: /home/pheonix/ros2_ws/install/rcl_interfaces/include/rcl_interfaces/rcl_interfaces/srv/detail/describe_parameters__rosidl_typesupport_fastrtps_cpp.hpp
-- Installing: /home/pheonix/ros2_ws/install/rcl_interfaces/include/rcl_interfaces/rcl_interfaces/srv/detail/list_parameters__rosidl_typesupport_fastrtps_cpp.hpp
-- Installing: /home/pheonix/ros2_ws/install/rcl_interfaces/include/rcl_interfaces/rcl_interfaces/srv/detail/set_parameters_atomically__rosidl_typesupport_fastrtps_cpp.hpp
-- Installing: /home/pheonix/ros2_ws/install/rcl_interfaces/include/rcl_interfaces/rcl_interfaces/srv/detail/get_parameter_types__rosidl_typesupport_fastrtps_cpp.hpp
-- Installing: /home/pheonix/ros2_ws/install/rcl_interfaces/include/rcl_interfaces/rcl_interfaces/srv/detail/set_parameters__rosidl_typesupport_fastrtps_cpp.hpp
-- Installing: /home/pheonix/ros2_ws/install/rcl_interfaces/include/rcl_interfaces/rcl_interfaces/srv/detail/set_logger_levels__rosidl_typesupport_fastrtps_cpp.hpp
-- Installing: /home/pheonix/ros2_ws/install/rcl_interfaces/include/rcl_interfaces/rcl_interfaces/srv/detail/get_parameters__rosidl_typesupport_fastrtps_cpp.hpp
-- Installing: /home/pheonix/ros2_ws/install/rcl_interfaces/include/rcl_interfaces/rcl_interfaces/srv/detail/get_logger_levels__rosidl_typesupport_fastrtps_cpp.hpp
-- Installing: /home/pheonix/ros2_ws/install/rcl_interfaces/lib/librcl_interfaces__rosidl_typesupport_fastrtps_cpp.so
-- Set non-toolchain portion of runtime path of "/home/pheonix/ros2_ws/install/rcl_interfaces/lib/librcl_interfaces__rosidl_typesupport_fastrtps_cpp.so" to ""
-- Up-to-date: /home/pheonix/ros2_ws/install/rcl_interfaces/include/rcl_interfaces/rcl_interfaces
-- Up-to-date: /home/pheonix/ros2_ws/install/rcl_interfaces/include/rcl_interfaces/rcl_interfaces/msg
-- Up-to-date: /home/pheonix/ros2_ws/install/rcl_interfaces/include/rcl_interfaces/rcl_interfaces/msg/detail
-- Installing: /home/pheonix/ros2_ws/install/rcl_interfaces/include/rcl_interfaces/rcl_interfaces/msg/detail/floating_point_range__rosidl_typesupport_introspection_cpp.hpp
-- Installing: /home/pheonix/ros2_ws/install/rcl_interfaces/include/rcl_interfaces/rcl_interfaces/msg/detail/parameter_event_descriptors__rosidl_typesupport_introspection_cpp.hpp
-- Installing: /home/pheonix/ros2_ws/install/rcl_interfaces/include/rcl_interfaces/rcl_interfaces/msg/detail/integer_range__rosidl_typesupport_introspection_cpp.hpp
-- Installing: /home/pheonix/ros2_ws/install/rcl_interfaces/include/rcl_interfaces/rcl_interfaces/msg/detail/parameter_descriptor__type_support.cpp
-- Installing: /home/pheonix/ros2_ws/install/rcl_interfaces/include/rcl_interfaces/rcl_interfaces/msg/detail/log__rosidl_typesupport_introspection_cpp.hpp
-- Installing: /home/pheonix/ros2_ws/install/rcl_interfaces/include/rcl_interfaces/rcl_interfaces/msg/detail/parameter__rosidl_typesupport_introspection_cpp.hpp
-- Installing: /home/pheonix/ros2_ws/install/rcl_interfaces/include/rcl_interfaces/rcl_interfaces/msg/detail/parameter_value__type_support.cpp
-- Installing: /home/pheonix/ros2_ws/install/rcl_interfaces/include/rcl_interfaces/rcl_interfaces/msg/detail/parameter__type_support.cpp
-- Installing: /home/pheonix/ros2_ws/install/rcl_interfaces/include/rcl_interfaces/rcl_interfaces/msg/detail/logger_level__rosidl_typesupport_introspection_cpp.hpp
-- Installing: /home/pheonix/ros2_ws/install/rcl_interfaces/include/rcl_interfaces/rcl_interfaces/msg/detail/list_parameters_result__type_support.cpp
-- Installing: /home/pheonix/ros2_ws/install/rcl_interfaces/include/rcl_interfaces/rcl_interfaces/msg/detail/parameter_event__rosidl_typesupport_introspection_cpp.hpp
-- Installing: /home/pheonix/ros2_ws/install/rcl_interfaces/include/rcl_interfaces/rcl_interfaces/msg/detail/parameter_event_descriptors__type_support.cpp
-- Installing: /home/pheonix/ros2_ws/install/rcl_interfaces/include/rcl_interfaces/rcl_interfaces/msg/detail/parameter_descriptor__rosidl_typesupport_introspection_cpp.hpp
-- Installing: /home/pheonix/ros2_ws/install/rcl_interfaces/include/rcl_interfaces/rcl_interfaces/msg/detail/parameter_value__rosidl_typesupport_introspection_cpp.hpp
-- Installing: /home/pheonix/ros2_ws/install/rcl_interfaces/include/rcl_interfaces/rcl_interfaces/msg/detail/parameter_event__type_support.cpp
-- Installing: /home/pheonix/ros2_ws/install/rcl_interfaces/include/rcl_interfaces/rcl_interfaces/msg/detail/set_parameters_result__type_support.cpp
-- Installing: /home/pheonix/ros2_ws/install/rcl_interfaces/include/rcl_interfaces/rcl_interfaces/msg/detail/integer_range__type_support.cpp
-- Installing: /home/pheonix/ros2_ws/install/rcl_interfaces/include/rcl_interfaces/rcl_interfaces/msg/detail/parameter_type__type_support.cpp
-- Installing: /home/pheonix/ros2_ws/install/rcl_interfaces/include/rcl_interfaces/rcl_interfaces/msg/detail/set_logger_levels_result__type_support.cpp
-- Installing: /home/pheonix/ros2_ws/install/rcl_interfaces/include/rcl_interfaces/rcl_interfaces/msg/detail/set_logger_levels_result__rosidl_typesupport_introspection_cpp.hpp
-- Installing: /home/pheonix/ros2_ws/install/rcl_interfaces/include/rcl_interfaces/rcl_interfaces/msg/detail/list_parameters_result__rosidl_typesupport_introspection_cpp.hpp
-- Installing: /home/pheonix/ros2_ws/install/rcl_interfaces/include/rcl_interfaces/rcl_interfaces/msg/detail/log__type_support.cpp
-- Installing: /home/pheonix/ros2_ws/install/rcl_interfaces/include/rcl_interfaces/rcl_interfaces/msg/detail/parameter_type__rosidl_typesupport_introspection_cpp.hpp
-- Installing: /home/pheonix/ros2_ws/install/rcl_interfaces/include/rcl_interfaces/rcl_interfaces/msg/detail/floating_point_range__type_support.cpp
-- Installing: /home/pheonix/ros2_ws/install/rcl_interfaces/include/rcl_interfaces/rcl_interfaces/msg/detail/set_parameters_result__rosidl_typesupport_introspection_cpp.hpp
-- Installing: /home/pheonix/ros2_ws/install/rcl_interfaces/include/rcl_interfaces/rcl_interfaces/msg/detail/logger_level__type_support.cpp
-- Up-to-date: /home/pheonix/ros2_ws/install/rcl_interfaces/include/rcl_interfaces/rcl_interfaces/srv
-- Up-to-date: /home/pheonix/ros2_ws/install/rcl_interfaces/include/rcl_interfaces/rcl_interfaces/srv/detail
-- Installing: /home/pheonix/ros2_ws/install/rcl_interfaces/include/rcl_interfaces/rcl_interfaces/srv/detail/get_logger_levels__type_support.cpp
-- Installing: /home/pheonix/ros2_ws/install/rcl_interfaces/include/rcl_interfaces/rcl_interfaces/srv/detail/get_logger_levels__rosidl_typesupport_introspection_cpp.hpp
-- Installing: /home/pheonix/ros2_ws/install/rcl_interfaces/include/rcl_interfaces/rcl_interfaces/srv/detail/describe_parameters__rosidl_typesupport_introspection_cpp.hpp
-- Installing: /home/pheonix/ros2_ws/install/rcl_interfaces/include/rcl_interfaces/rcl_interfaces/srv/detail/set_logger_levels__rosidl_typesupport_introspection_cpp.hpp
-- Installing: /home/pheonix/ros2_ws/install/rcl_interfaces/include/rcl_interfaces/rcl_interfaces/srv/detail/get_parameter_types__rosidl_typesupport_introspection_cpp.hpp
-- Installing: /home/pheonix/ros2_ws/install/rcl_interfaces/include/rcl_interfaces/rcl_interfaces/srv/detail/get_parameter_types__type_support.cpp
-- Installing: /home/pheonix/ros2_ws/install/rcl_interfaces/include/rcl_interfaces/rcl_interfaces/srv/detail/set_parameters__rosidl_typesupport_introspection_cpp.hpp
-- Installing: /home/pheonix/ros2_ws/install/rcl_interfaces/include/rcl_interfaces/rcl_interfaces/srv/detail/get_parameters__rosidl_typesupport_introspection_cpp.hpp
-- Installing: /home/pheonix/ros2_ws/install/rcl_interfaces/include/rcl_interfaces/rcl_interfaces/srv/detail/get_parameters__type_support.cpp
-- Installing: /home/pheonix/ros2_ws/install/rcl_interfaces/include/rcl_interfaces/rcl_interfaces/srv/detail/list_parameters__type_support.cpp
-- Installing: /home/pheonix/ros2_ws/install/rcl_interfaces/include/rcl_interfaces/rcl_interfaces/srv/detail/describe_parameters__type_support.cpp
-- Installing: /home/pheonix/ros2_ws/install/rcl_interfaces/include/rcl_interfaces/rcl_interfaces/srv/detail/set_parameters_atomically__rosidl_typesupport_introspection_cpp.hpp
-- Installing: /home/pheonix/ros2_ws/install/rcl_interfaces/include/rcl_interfaces/rcl_interfaces/srv/detail/set_parameters_atomically__type_support.cpp
-- Installing: /home/pheonix/ros2_ws/install/rcl_interfaces/include/rcl_interfaces/rcl_interfaces/srv/detail/set_logger_levels__type_support.cpp
-- Installing: /home/pheonix/ros2_ws/install/rcl_interfaces/include/rcl_interfaces/rcl_interfaces/srv/detail/list_parameters__rosidl_typesupport_introspection_cpp.hpp
-- Installing: /home/pheonix/ros2_ws/install/rcl_interfaces/include/rcl_interfaces/rcl_interfaces/srv/detail/set_parameters__type_support.cpp
-- Installing: /home/pheonix/ros2_ws/install/rcl_interfaces/lib/librcl_interfaces__rosidl_typesupport_introspection_cpp.so
-- Set non-toolchain portion of runtime path of "/home/pheonix/ros2_ws/install/rcl_interfaces/lib/librcl_interfaces__rosidl_typesupport_introspection_cpp.so" to ""
-- Installing: /home/pheonix/ros2_ws/install/rcl_interfaces/lib/librcl_interfaces__rosidl_typesupport_cpp.so
-- Set non-toolchain portion of runtime path of "/home/pheonix/ros2_ws/install/rcl_interfaces/lib/librcl_interfaces__rosidl_typesupport_cpp.so" to ""
-- Installing: /home/pheonix/ros2_ws/install/rcl_interfaces/share/rcl_interfaces/environment/pythonpath.sh
-- Installing: /home/pheonix/ros2_ws/install/rcl_interfaces/share/rcl_interfaces/environment/pythonpath.dsv
-- Installing: /home/pheonix/ros2_ws/install/rcl_interfaces/lib/python3.12/site-packages/rcl_interfaces-2.2.0-py3.12.egg-info
-- Installing: /home/pheonix/ros2_ws/install/rcl_interfaces/lib/python3.12/site-packages/rcl_interfaces-2.2.0-py3.12.egg-info/SOURCES.txt
-- Installing: /home/pheonix/ros2_ws/install/rcl_interfaces/lib/python3.12/site-packages/rcl_interfaces-2.2.0-py3.12.egg-info/dependency_links.txt
-- Installing: /home/pheonix/ros2_ws/install/rcl_interfaces/lib/python3.12/site-packages/rcl_interfaces-2.2.0-py3.12.egg-info/PKG-INFO
-- Installing: /home/pheonix/ros2_ws/install/rcl_interfaces/lib/python3.12/site-packages/rcl_interfaces-2.2.0-py3.12.egg-info/top_level.txt
-- Installing: /home/pheonix/ros2_ws/install/rcl_interfaces/lib/python3.12/site-packages/rcl_interfaces
-- Installing: /home/pheonix/ros2_ws/install/rcl_interfaces/lib/python3.12/site-packages/rcl_interfaces/rcl_interfaces_s__rosidl_typesupport_introspection_c.so
-- Installing: /home/pheonix/ros2_ws/install/rcl_interfaces/lib/python3.12/site-packages/rcl_interfaces/rcl_interfaces_s__rosidl_typesupport_c.so
-- Installing: /home/pheonix/ros2_ws/install/rcl_interfaces/lib/python3.12/site-packages/rcl_interfaces/rcl_interfaces_s__rosidl_typesupport_fastrtps_c.so
-- Installing: /home/pheonix/ros2_ws/install/rcl_interfaces/lib/python3.12/site-packages/rcl_interfaces/msg
-- Installing: /home/pheonix/ros2_ws/install/rcl_interfaces/lib/python3.12/site-packages/rcl_interfaces/msg/_parameter_value.py
-- Installing: /home/pheonix/ros2_ws/install/rcl_interfaces/lib/python3.12/site-packages/rcl_interfaces/msg/_logger_level.py
-- Installing: /home/pheonix/ros2_ws/install/rcl_interfaces/lib/python3.12/site-packages/rcl_interfaces/msg/_parameter_value_s.c
-- Installing: /home/pheonix/ros2_ws/install/rcl_interfaces/lib/python3.12/site-packages/rcl_interfaces/msg/_integer_range_s.c
-- Installing: /home/pheonix/ros2_ws/install/rcl_interfaces/lib/python3.12/site-packages/rcl_interfaces/msg/_parameter_event_descriptors_s.c
-- Installing: /home/pheonix/ros2_ws/install/rcl_interfaces/lib/python3.12/site-packages/rcl_interfaces/msg/_logger_level_s.c
-- Installing: /home/pheonix/ros2_ws/install/rcl_interfaces/lib/python3.12/site-packages/rcl_interfaces/msg/_parameter_event_descriptors.py
-- Installing: /home/pheonix/ros2_ws/install/rcl_interfaces/lib/python3.12/site-packages/rcl_interfaces/msg/_parameter_descriptor.py
-- Installing: /home/pheonix/ros2_ws/install/rcl_interfaces/lib/python3.12/site-packages/rcl_interfaces/msg/_parameter.py
-- Installing: /home/pheonix/ros2_ws/install/rcl_interfaces/lib/python3.12/site-packages/rcl_interfaces/msg/_list_parameters_result.py
-- Installing: /home/pheonix/ros2_ws/install/rcl_interfaces/lib/python3.12/site-packages/rcl_interfaces/msg/_floating_point_range_s.c
-- Installing: /home/pheonix/ros2_ws/install/rcl_interfaces/lib/python3.12/site-packages/rcl_interfaces/msg/_integer_range.py
-- Installing: /home/pheonix/ros2_ws/install/rcl_interfaces/lib/python3.12/site-packages/rcl_interfaces/msg/_parameter_type.py
-- Installing: /home/pheonix/ros2_ws/install/rcl_interfaces/lib/python3.12/site-packages/rcl_interfaces/msg/_set_logger_levels_result_s.c
-- Installing: /home/pheonix/ros2_ws/install/rcl_interfaces/lib/python3.12/site-packages/rcl_interfaces/msg/_log_s.c
-- Installing: /home/pheonix/ros2_ws/install/rcl_interfaces/lib/python3.12/site-packages/rcl_interfaces/msg/_parameter_event.py
-- Installing: /home/pheonix/ros2_ws/install/rcl_interfaces/lib/python3.12/site-packages/rcl_interfaces/msg/_parameter_type_s.c
-- Installing: /home/pheonix/ros2_ws/install/rcl_interfaces/lib/python3.12/site-packages/rcl_interfaces/msg/_set_parameters_result_s.c
-- Installing: /home/pheonix/ros2_ws/install/rcl_interfaces/lib/python3.12/site-packages/rcl_interfaces/msg/_floating_point_range.py
-- Installing: /home/pheonix/ros2_ws/install/rcl_interfaces/lib/python3.12/site-packages/rcl_interfaces/msg/_set_logger_levels_result.py
-- Installing: /home/pheonix/ros2_ws/install/rcl_interfaces/lib/python3.12/site-packages/rcl_interfaces/msg/_list_parameters_result_s.c
-- Installing: /home/pheonix/ros2_ws/install/rcl_interfaces/lib/python3.12/site-packages/rcl_interfaces/msg/_parameter_s.c
-- Installing: /home/pheonix/ros2_ws/install/rcl_interfaces/lib/python3.12/site-packages/rcl_interfaces/msg/__init__.py
-- Installing: /home/pheonix/ros2_ws/install/rcl_interfaces/lib/python3.12/site-packages/rcl_interfaces/msg/_set_parameters_result.py
-- Installing: /home/pheonix/ros2_ws/install/rcl_interfaces/lib/python3.12/site-packages/rcl_interfaces/msg/_parameter_event_s.c
-- Installing: /home/pheonix/ros2_ws/install/rcl_interfaces/lib/python3.12/site-packages/rcl_interfaces/msg/_parameter_descriptor_s.c
-- Installing: /home/pheonix/ros2_ws/install/rcl_interfaces/lib/python3.12/site-packages/rcl_interfaces/msg/_log.py
-- Installing: /home/pheonix/ros2_ws/install/rcl_interfaces/lib/python3.12/site-packages/rcl_interfaces/_rcl_interfaces_s.ep.rosidl_typesupport_c.c
-- Installing: /home/pheonix/ros2_ws/install/rcl_interfaces/lib/python3.12/site-packages/rcl_interfaces/_rcl_interfaces_s.ep.rosidl_typesupport_introspection_c.c
-- Installing: /home/pheonix/ros2_ws/install/rcl_interfaces/lib/python3.12/site-packages/rcl_interfaces/__init__.py
-- Installing: /home/pheonix/ros2_ws/install/rcl_interfaces/lib/python3.12/site-packages/rcl_interfaces/_rcl_interfaces_s.ep.rosidl_typesupport_fastrtps_c.c
-- Installing: /home/pheonix/ros2_ws/install/rcl_interfaces/lib/python3.12/site-packages/rcl_interfaces/srv
-- Installing: /home/pheonix/ros2_ws/install/rcl_interfaces/lib/python3.12/site-packages/rcl_interfaces/srv/_set_parameters.py
-- Installing: /home/pheonix/ros2_ws/install/rcl_interfaces/lib/python3.12/site-packages/rcl_interfaces/srv/_list_parameters.py
-- Installing: /home/pheonix/ros2_ws/install/rcl_interfaces/lib/python3.12/site-packages/rcl_interfaces/srv/_get_parameters.py
-- Installing: /home/pheonix/ros2_ws/install/rcl_interfaces/lib/python3.12/site-packages/rcl_interfaces/srv/_list_parameters_s.c
-- Installing: /home/pheonix/ros2_ws/install/rcl_interfaces/lib/python3.12/site-packages/rcl_interfaces/srv/_set_parameters_s.c
-- Installing: /home/pheonix/ros2_ws/install/rcl_interfaces/lib/python3.12/site-packages/rcl_interfaces/srv/_set_parameters_atomically.py
-- Installing: /home/pheonix/ros2_ws/install/rcl_interfaces/lib/python3.12/site-packages/rcl_interfaces/srv/_get_logger_levels_s.c
-- Installing: /home/pheonix/ros2_ws/install/rcl_interfaces/lib/python3.12/site-packages/rcl_interfaces/srv/_get_logger_levels.py
-- Installing: /home/pheonix/ros2_ws/install/rcl_interfaces/lib/python3.12/site-packages/rcl_interfaces/srv/_set_logger_levels.py
-- Installing: /home/pheonix/ros2_ws/install/rcl_interfaces/lib/python3.12/site-packages/rcl_interfaces/srv/_set_parameters_atomically_s.c
-- Installing: /home/pheonix/ros2_ws/install/rcl_interfaces/lib/python3.12/site-packages/rcl_interfaces/srv/_describe_parameters.py
-- Installing: /home/pheonix/ros2_ws/install/rcl_interfaces/lib/python3.12/site-packages/rcl_interfaces/srv/_get_parameter_types_s.c
-- Installing: /home/pheonix/ros2_ws/install/rcl_interfaces/lib/python3.12/site-packages/rcl_interfaces/srv/_set_logger_levels_s.c
-- Installing: /home/pheonix/ros2_ws/install/rcl_interfaces/lib/python3.12/site-packages/rcl_interfaces/srv/__init__.py
-- Installing: /home/pheonix/ros2_ws/install/rcl_interfaces/lib/python3.12/site-packages/rcl_interfaces/srv/_describe_parameters_s.c
-- Installing: /home/pheonix/ros2_ws/install/rcl_interfaces/lib/python3.12/site-packages/rcl_interfaces/srv/_get_parameters_s.c
-- Installing: /home/pheonix/ros2_ws/install/rcl_interfaces/lib/python3.12/site-packages/rcl_interfaces/srv/_get_parameter_types.py
Listing '/home/pheonix/ros2_ws/install/rcl_interfaces/lib/python3.12/site-packages/rcl_interfaces'...
Compiling '/home/pheonix/ros2_ws/install/rcl_interfaces/lib/python3.12/site-packages/rcl_interfaces/__init__.py'...
Listing '/home/pheonix/ros2_ws/install/rcl_interfaces/lib/python3.12/site-packages/rcl_interfaces/msg'...
Compiling '/home/pheonix/ros2_ws/install/rcl_interfaces/lib/python3.12/site-packages/rcl_interfaces/msg/__init__.py'...
Compiling '/home/pheonix/ros2_ws/install/rcl_interfaces/lib/python3.12/site-packages/rcl_interfaces/msg/_floating_point_range.py'...
Compiling '/home/pheonix/ros2_ws/install/rcl_interfaces/lib/python3.12/site-packages/rcl_interfaces/msg/_integer_range.py'...
Compiling '/home/pheonix/ros2_ws/install/rcl_interfaces/lib/python3.12/site-packages/rcl_interfaces/msg/_list_parameters_result.py'...
Compiling '/home/pheonix/ros2_ws/install/rcl_interfaces/lib/python3.12/site-packages/rcl_interfaces/msg/_log.py'...
Compiling '/home/pheonix/ros2_ws/install/rcl_interfaces/lib/python3.12/site-packages/rcl_interfaces/msg/_logger_level.py'...
Compiling '/home/pheonix/ros2_ws/install/rcl_interfaces/lib/python3.12/site-packages/rcl_interfaces/msg/_parameter.py'...
Compiling '/home/pheonix/ros2_ws/install/rcl_interfaces/lib/python3.12/site-packages/rcl_interfaces/msg/_parameter_descriptor.py'...
Compiling '/home/pheonix/ros2_ws/install/rcl_interfaces/lib/python3.12/site-packages/rcl_interfaces/msg/_parameter_event.py'...
Compiling '/home/pheonix/ros2_ws/install/rcl_interfaces/lib/python3.12/site-packages/rcl_interfaces/msg/_parameter_event_descriptors.py'...
Compiling '/home/pheonix/ros2_ws/install/rcl_interfaces/lib/python3.12/site-packages/rcl_interfaces/msg/_parameter_type.py'...
Compiling '/home/pheonix/ros2_ws/install/rcl_interfaces/lib/python3.12/site-packages/rcl_interfaces/msg/_parameter_value.py'...
Compiling '/home/pheonix/ros2_ws/install/rcl_interfaces/lib/python3.12/site-packages/rcl_interfaces/msg/_set_logger_levels_result.py'...
Compiling '/home/pheonix/ros2_ws/install/rcl_interfaces/lib/python3.12/site-packages/rcl_interfaces/msg/_set_parameters_result.py'...
Listing '/home/pheonix/ros2_ws/install/rcl_interfaces/lib/python3.12/site-packages/rcl_interfaces/srv'...
Compiling '/home/pheonix/ros2_ws/install/rcl_interfaces/lib/python3.12/site-packages/rcl_interfaces/srv/__init__.py'...
Compiling '/home/pheonix/ros2_ws/install/rcl_interfaces/lib/python3.12/site-packages/rcl_interfaces/srv/_describe_parameters.py'...
Compiling '/home/pheonix/ros2_ws/install/rcl_interfaces/lib/python3.12/site-packages/rcl_interfaces/srv/_get_logger_levels.py'...
Compiling '/home/pheonix/ros2_ws/install/rcl_interfaces/lib/python3.12/site-packages/rcl_interfaces/srv/_get_parameter_types.py'...
Compiling '/home/pheonix/ros2_ws/install/rcl_interfaces/lib/python3.12/site-packages/rcl_interfaces/srv/_get_parameters.py'...
Compiling '/home/pheonix/ros2_ws/install/rcl_interfaces/lib/python3.12/site-packages/rcl_interfaces/srv/_list_parameters.py'...
Compiling '/home/pheonix/ros2_ws/install/rcl_interfaces/lib/python3.12/site-packages/rcl_interfaces/srv/_set_logger_levels.py'...
Compiling '/home/pheonix/ros2_ws/install/rcl_interfaces/lib/python3.12/site-packages/rcl_interfaces/srv/_set_parameters.py'...
Compiling '/home/pheonix/ros2_ws/install/rcl_interfaces/lib/python3.12/site-packages/rcl_interfaces/srv/_set_parameters_atomically.py'...
-- Installing: /home/pheonix/ros2_ws/install/rcl_interfaces/lib/python3.12/site-packages/rcl_interfaces/rcl_interfaces_s__rosidl_typesupport_fastrtps_c.so
-- Set non-toolchain portion of runtime path of "/home/pheonix/ros2_ws/install/rcl_interfaces/lib/python3.12/site-packages/rcl_interfaces/rcl_interfaces_s__rosidl_typesupport_fastrtps_c.so" to ""
-- Installing: /home/pheonix/ros2_ws/install/rcl_interfaces/lib/python3.12/site-packages/rcl_interfaces/rcl_interfaces_s__rosidl_typesupport_introspection_c.so
-- Set non-toolchain portion of runtime path of "/home/pheonix/ros2_ws/install/rcl_interfaces/lib/python3.12/site-packages/rcl_interfaces/rcl_interfaces_s__rosidl_typesupport_introspection_c.so" to ""
-- Installing: /home/pheonix/ros2_ws/install/rcl_interfaces/lib/python3.12/site-packages/rcl_interfaces/rcl_interfaces_s__rosidl_typesupport_c.so
-- Set non-toolchain portion of runtime path of "/home/pheonix/ros2_ws/install/rcl_interfaces/lib/python3.12/site-packages/rcl_interfaces/rcl_interfaces_s__rosidl_typesupport_c.so" to ""
-- Installing: /home/pheonix/ros2_ws/install/rcl_interfaces/lib/librcl_interfaces__rosidl_generator_py.so
-- Set non-toolchain portion of runtime path of "/home/pheonix/ros2_ws/install/rcl_interfaces/lib/librcl_interfaces__rosidl_generator_py.so" to ""
-- Installing: /home/pheonix/ros2_ws/install/rcl_interfaces/share/rcl_interfaces/msg/FloatingPointRange.idl
-- Installing: /home/pheonix/ros2_ws/install/rcl_interfaces/share/rcl_interfaces/msg/IntegerRange.idl
-- Installing: /home/pheonix/ros2_ws/install/rcl_interfaces/share/rcl_interfaces/msg/ListParametersResult.idl
-- Installing: /home/pheonix/ros2_ws/install/rcl_interfaces/share/rcl_interfaces/msg/Log.idl
-- Installing: /home/pheonix/ros2_ws/install/rcl_interfaces/share/rcl_interfaces/msg/ParameterDescriptor.idl
-- Installing: /home/pheonix/ros2_ws/install/rcl_interfaces/share/rcl_interfaces/msg/ParameterEventDescriptors.idl
-- Installing: /home/pheonix/ros2_ws/install/rcl_interfaces/share/rcl_interfaces/msg/ParameterEvent.idl
-- Installing: /home/pheonix/ros2_ws/install/rcl_interfaces/share/rcl_interfaces/msg/Parameter.idl
-- Installing: /home/pheonix/ros2_ws/install/rcl_interfaces/share/rcl_interfaces/msg/ParameterType.idl
-- Installing: /home/pheonix/ros2_ws/install/rcl_interfaces/share/rcl_interfaces/msg/ParameterValue.idl
-- Installing: /home/pheonix/ros2_ws/install/rcl_interfaces/share/rcl_interfaces/msg/SetParametersResult.idl
-- Installing: /home/pheonix/ros2_ws/install/rcl_interfaces/share/rcl_interfaces/msg/LoggerLevel.idl
-- Installing: /home/pheonix/ros2_ws/install/rcl_interfaces/share/rcl_interfaces/msg/SetLoggerLevelsResult.idl
-- Installing: /home/pheonix/ros2_ws/install/rcl_interfaces/share/rcl_interfaces/srv/DescribeParameters.idl
-- Installing: /home/pheonix/ros2_ws/install/rcl_interfaces/share/rcl_interfaces/srv/GetParameters.idl
-- Installing: /home/pheonix/ros2_ws/install/rcl_interfaces/share/rcl_interfaces/srv/GetParameterTypes.idl
-- Installing: /home/pheonix/ros2_ws/install/rcl_interfaces/share/rcl_interfaces/srv/ListParameters.idl
-- Installing: /home/pheonix/ros2_ws/install/rcl_interfaces/share/rcl_interfaces/srv/SetParametersAtomically.idl
-- Installing: /home/pheonix/ros2_ws/install/rcl_interfaces/share/rcl_interfaces/srv/SetParameters.idl
-- Installing: /home/pheonix/ros2_ws/install/rcl_interfaces/share/rcl_interfaces/srv/GetLoggerLevels.idl
-- Installing: /home/pheonix/ros2_ws/install/rcl_interfaces/share/rcl_interfaces/srv/SetLoggerLevels.idl
-- Installing: /home/pheonix/ros2_ws/install/rcl_interfaces/share/rcl_interfaces/msg/FloatingPointRange.msg
-- Installing: /home/pheonix/ros2_ws/install/rcl_interfaces/share/rcl_interfaces/msg/IntegerRange.msg
-- Installing: /home/pheonix/ros2_ws/install/rcl_interfaces/share/rcl_interfaces/msg/ListParametersResult.msg
-- Installing: /home/pheonix/ros2_ws/install/rcl_interfaces/share/rcl_interfaces/msg/Log.msg
-- Installing: /home/pheonix/ros2_ws/install/rcl_interfaces/share/rcl_interfaces/msg/ParameterDescriptor.msg
-- Installing: /home/pheonix/ros2_ws/install/rcl_interfaces/share/rcl_interfaces/msg/ParameterEventDescriptors.msg
-- Installing: /home/pheonix/ros2_ws/install/rcl_interfaces/share/rcl_interfaces/msg/ParameterEvent.msg
-- Installing: /home/pheonix/ros2_ws/install/rcl_interfaces/share/rcl_interfaces/msg/Parameter.msg
-- Installing: /home/pheonix/ros2_ws/install/rcl_interfaces/share/rcl_interfaces/msg/ParameterType.msg
-- Installing: /home/pheonix/ros2_ws/install/rcl_interfaces/share/rcl_interfaces/msg/ParameterValue.msg
-- Installing: /home/pheonix/ros2_ws/install/rcl_interfaces/share/rcl_interfaces/msg/SetParametersResult.msg
-- Installing: /home/pheonix/ros2_ws/install/rcl_interfaces/share/rcl_interfaces/msg/LoggerLevel.msg
-- Installing: /home/pheonix/ros2_ws/install/rcl_interfaces/share/rcl_interfaces/msg/SetLoggerLevelsResult.msg
-- Installing: /home/pheonix/ros2_ws/install/rcl_interfaces/share/rcl_interfaces/srv/DescribeParameters.srv
-- Installing: /home/pheonix/ros2_ws/install/rcl_interfaces/share/rcl_interfaces/srv/GetParameters.srv
-- Installing: /home/pheonix/ros2_ws/install/rcl_interfaces/share/rcl_interfaces/srv/GetParameterTypes.srv
-- Installing: /home/pheonix/ros2_ws/install/rcl_interfaces/share/rcl_interfaces/srv/ListParameters.srv
-- Installing: /home/pheonix/ros2_ws/install/rcl_interfaces/share/rcl_interfaces/srv/SetParametersAtomically.srv
-- Installing: /home/pheonix/ros2_ws/install/rcl_interfaces/share/rcl_interfaces/srv/SetParameters.srv
-- Installing: /home/pheonix/ros2_ws/install/rcl_interfaces/share/rcl_interfaces/srv/GetLoggerLevels.srv
-- Installing: /home/pheonix/ros2_ws/install/rcl_interfaces/share/rcl_interfaces/srv/SetLoggerLevels.srv
-- Installing: /home/pheonix/ros2_ws/install/rcl_interfaces/share/rcl_interfaces/mapping_rules.yaml
-- Installing: /home/pheonix/ros2_ws/install/rcl_interfaces/share/ament_index/resource_index/package_run_dependencies/rcl_interfaces
-- Installing: /home/pheonix/ros2_ws/install/rcl_interfaces/share/ament_index/resource_index/parent_prefix_path/rcl_interfaces
-- Installing: /home/pheonix/ros2_ws/install/rcl_interfaces/share/rcl_interfaces/environment/ament_prefix_path.sh
-- Installing: /home/pheonix/ros2_ws/install/rcl_interfaces/share/rcl_interfaces/environment/ament_prefix_path.dsv
-- Installing: /home/pheonix/ros2_ws/install/rcl_interfaces/share/rcl_interfaces/environment/path.sh
-- Installing: /home/pheonix/ros2_ws/install/rcl_interfaces/share/rcl_interfaces/environment/path.dsv
-- Installing: /home/pheonix/ros2_ws/install/rcl_interfaces/share/rcl_interfaces/local_setup.bash
-- Installing: /home/pheonix/ros2_ws/install/rcl_interfaces/share/rcl_interfaces/local_setup.sh
-- Installing: /home/pheonix/ros2_ws/install/rcl_interfaces/share/rcl_interfaces/local_setup.zsh
-- Installing: /home/pheonix/ros2_ws/install/rcl_interfaces/share/rcl_interfaces/local_setup.dsv
-- Installing: /home/pheonix/ros2_ws/install/rcl_interfaces/share/rcl_interfaces/package.dsv
-- Installing: /home/pheonix/ros2_ws/install/rcl_interfaces/share/ament_index/resource_index/packages/rcl_interfaces
-- Installing: /home/pheonix/ros2_ws/install/rcl_interfaces/share/rcl_interfaces/cmake/export_rcl_interfaces__rosidl_generator_cExport.cmake
-- Installing: /home/pheonix/ros2_ws/install/rcl_interfaces/share/rcl_interfaces/cmake/export_rcl_interfaces__rosidl_generator_cExport-noconfig.cmake
-- Installing: /home/pheonix/ros2_ws/install/rcl_interfaces/share/rcl_interfaces/cmake/export_rcl_interfaces__rosidl_typesupport_fastrtps_cExport.cmake
-- Installing: /home/pheonix/ros2_ws/install/rcl_interfaces/share/rcl_interfaces/cmake/export_rcl_interfaces__rosidl_typesupport_fastrtps_cExport-noconfig.cmake
-- Installing: /home/pheonix/ros2_ws/install/rcl_interfaces/share/rcl_interfaces/cmake/rcl_interfaces__rosidl_typesupport_introspection_cExport.cmake
-- Installing: /home/pheonix/ros2_ws/install/rcl_interfaces/share/rcl_interfaces/cmake/rcl_interfaces__rosidl_typesupport_introspection_cExport-noconfig.cmake
-- Installing: /home/pheonix/ros2_ws/install/rcl_interfaces/share/rcl_interfaces/cmake/rcl_interfaces__rosidl_typesupport_cExport.cmake
-- Installing: /home/pheonix/ros2_ws/install/rcl_interfaces/share/rcl_interfaces/cmake/rcl_interfaces__rosidl_typesupport_cExport-noconfig.cmake
-- Installing: /home/pheonix/ros2_ws/install/rcl_interfaces/share/rcl_interfaces/cmake/export_rcl_interfaces__rosidl_generator_cppExport.cmake
-- Installing: /home/pheonix/ros2_ws/install/rcl_interfaces/share/rcl_interfaces/cmake/export_rcl_interfaces__rosidl_typesupport_fastrtps_cppExport.cmake
-- Installing: /home/pheonix/ros2_ws/install/rcl_interfaces/share/rcl_interfaces/cmake/export_rcl_interfaces__rosidl_typesupport_fastrtps_cppExport-noconfig.cmake
-- Installing: /home/pheonix/ros2_ws/install/rcl_interfaces/share/rcl_interfaces/cmake/rcl_interfaces__rosidl_typesupport_introspection_cppExport.cmake
-- Installing: /home/pheonix/ros2_ws/install/rcl_interfaces/share/rcl_interfaces/cmake/rcl_interfaces__rosidl_typesupport_introspection_cppExport-noconfig.cmake
-- Installing: /home/pheonix/ros2_ws/install/rcl_interfaces/share/rcl_interfaces/cmake/rcl_interfaces__rosidl_typesupport_cppExport.cmake
-- Installing: /home/pheonix/ros2_ws/install/rcl_interfaces/share/rcl_interfaces/cmake/rcl_interfaces__rosidl_typesupport_cppExport-noconfig.cmake
-- Installing: /home/pheonix/ros2_ws/install/rcl_interfaces/share/rcl_interfaces/cmake/export_rcl_interfaces__rosidl_generator_pyExport.cmake
-- Installing: /home/pheonix/ros2_ws/install/rcl_interfaces/share/rcl_interfaces/cmake/export_rcl_interfaces__rosidl_generator_pyExport-noconfig.cmake
-- Installing: /home/pheonix/ros2_ws/install/rcl_interfaces/share/rcl_interfaces/cmake/rosidl_cmake-extras.cmake
-- Installing: /home/pheonix/ros2_ws/install/rcl_interfaces/share/rcl_interfaces/cmake/ament_cmake_export_dependencies-extras.cmake
-- Installing: /home/pheonix/ros2_ws/install/rcl_interfaces/share/rcl_interfaces/cmake/ament_cmake_export_include_directories-extras.cmake
-- Installing: /home/pheonix/ros2_ws/install/rcl_interfaces/share/rcl_interfaces/cmake/ament_cmake_export_libraries-extras.cmake
-- Installing: /home/pheonix/ros2_ws/install/rcl_interfaces/share/rcl_interfaces/cmake/ament_cmake_export_targets-extras.cmake
-- Installing: /home/pheonix/ros2_ws/install/rcl_interfaces/share/rcl_interfaces/cmake/rosidl_cmake_export_typesupport_targets-extras.cmake
-- Installing: /home/pheonix/ros2_ws/install/rcl_interfaces/share/rcl_interfaces/cmake/rosidl_cmake_export_typesupport_libraries-extras.cmake
-- Installing: /home/pheonix/ros2_ws/install/rcl_interfaces/share/rcl_interfaces/cmake/rcl_interfacesConfig.cmake
-- Installing: /home/pheonix/ros2_ws/install/rcl_interfaces/share/rcl_interfaces/cmake/rcl_interfacesConfig-version.cmake
-- Installing: /home/pheonix/ros2_ws/install/rcl_interfaces/share/rcl_interfaces/package.xml
