[0.059s] Invoking command in '/home/pheonix/ros2_ws/build/rcl_interfaces': CMAKE_PREFIX_PATH=${CMAKE_PREFIX_PATH}:/opt/ros/jazzy DEBUGINFOD_URLS=https://debuginfod.ubuntu.com /usr/bin/cmake --build /home/pheonix/ros2_ws/build/rcl_interfaces -- -j2 -l2
[0.204s] [  0%] Built target rcl_interfaces__rosidl_generator_type_description
[0.268s] [  0%] Built target ament_cmake_python_copy_rcl_interfaces
[0.326s] [  0%] Built target rcl_interfaces__cpp
[0.473s] [ 28%] Built target rcl_interfaces__rosidl_generator_c
[0.815s] running egg_info
[0.840s] writing rcl_interfaces.egg-info/PKG-INFO
[0.840s] writing dependency_links to rcl_interfaces.egg-info/dependency_links.txt
[0.840s] writing top-level names to rcl_interfaces.egg-info/top_level.txt
[0.905s] reading manifest file 'rcl_interfaces.egg-info/SOURCES.txt'
[0.905s] writing manifest file 'rcl_interfaces.egg-info/SOURCES.txt'
[0.954s] [ 28%] Built target ament_cmake_python_build_rcl_interfaces_egg
[1.127s] [ 38%] Built target rcl_interfaces__rosidl_typesupport_cpp
[1.255s] [ 47%] Built target rcl_interfaces__rosidl_typesupport_fastrtps_c
[1.361s] [ 57%] Built target rcl_interfaces__rosidl_typesupport_introspection_c
[1.431s] [ 67%] Built target rcl_interfaces__rosidl_typesupport_c
[1.582s] [ 77%] Built target rcl_interfaces__rosidl_typesupport_fastrtps_cpp
[1.712s] [ 87%] Built target rcl_interfaces__rosidl_typesupport_introspection_cpp
[1.831s] [ 87%] Built target rcl_interfaces
[1.871s] [ 87%] Built target rcl_interfaces__py
[1.982s] [ 97%] Built target rcl_interfaces__rosidl_generator_py
[2.083s] [ 98%] Built target rcl_interfaces_s__rosidl_typesupport_fastrtps_c
[2.158s] [ 99%] Built target rcl_interfaces_s__rosidl_typesupport_introspection_c
[2.336s] [100%] Built target rcl_interfaces_s__rosidl_typesupport_c
[2.388s] Invoked command in '/home/pheonix/ros2_ws/build/rcl_interfaces' returned '0': CMAKE_PREFIX_PATH=${CMAKE_PREFIX_PATH}:/opt/ros/jazzy DEBUGINFOD_URLS=https://debuginfod.ubuntu.com /usr/bin/cmake --build /home/pheonix/ros2_ws/build/rcl_interfaces -- -j2 -l2
[6.009s] Invoking command in '/home/pheonix/ros2_ws/build/rcl_interfaces': CMAKE_PREFIX_PATH=${CMAKE_PREFIX_PATH}:/opt/ros/jazzy DEBUGINFOD_URLS=https://debuginfod.ubuntu.com /usr/bin/cmake --install /home/pheonix/ros2_ws/build/rcl_interfaces
[6.060s] -- Install configuration: ""
[6.060s] -- Installing: /home/pheonix/ros2_ws/install/rcl_interfaces/share/ament_index/resource_index/rosidl_interfaces/rcl_interfaces
[6.061s] -- Installing: /home/pheonix/ros2_ws/install/rcl_interfaces/share/rcl_interfaces/msg/FloatingPointRange.json
[6.061s] -- Installing: /home/pheonix/ros2_ws/install/rcl_interfaces/share/rcl_interfaces/msg/IntegerRange.json
[6.061s] -- Installing: /home/pheonix/ros2_ws/install/rcl_interfaces/share/rcl_interfaces/msg/ListParametersResult.json
[6.061s] -- Installing: /home/pheonix/ros2_ws/install/rcl_interfaces/share/rcl_interfaces/msg/Log.json
[6.068s] -- Installing: /home/pheonix/ros2_ws/install/rcl_interfaces/share/rcl_interfaces/msg/ParameterDescriptor.json
[6.068s] -- Installing: /home/pheonix/ros2_ws/install/rcl_interfaces/share/rcl_interfaces/msg/ParameterEventDescriptors.json
[6.068s] -- Installing: /home/pheonix/ros2_ws/install/rcl_interfaces/share/rcl_interfaces/msg/ParameterEvent.json
[6.068s] -- Installing: /home/pheonix/ros2_ws/install/rcl_interfaces/share/rcl_interfaces/msg/Parameter.json
[6.068s] -- Installing: /home/pheonix/ros2_ws/install/rcl_interfaces/share/rcl_interfaces/msg/ParameterType.json
[6.068s] -- Installing: /home/pheonix/ros2_ws/install/rcl_interfaces/share/rcl_interfaces/msg/ParameterValue.json
[6.068s] -- Installing: /home/pheonix/ros2_ws/install/rcl_interfaces/share/rcl_interfaces/msg/SetParametersResult.json
[6.069s] -- Installing: /home/pheonix/ros2_ws/install/rcl_interfaces/share/rcl_interfaces/msg/LoggerLevel.json
[6.070s] -- Installing: /home/pheonix/ros2_ws/install/rcl_interfaces/share/rcl_interfaces/msg/SetLoggerLevelsResult.json
[6.071s] -- Installing: /home/pheonix/ros2_ws/install/rcl_interfaces/share/rcl_interfaces/srv/DescribeParameters.json
[6.073s] -- Installing: /home/pheonix/ros2_ws/install/rcl_interfaces/share/rcl_interfaces/srv/GetParameters.json
[6.073s] -- Installing: /home/pheonix/ros2_ws/install/rcl_interfaces/share/rcl_interfaces/srv/GetParameterTypes.json
[6.075s] -- Installing: /home/pheonix/ros2_ws/install/rcl_interfaces/share/rcl_interfaces/srv/ListParameters.json
[6.077s] -- Installing: /home/pheonix/ros2_ws/install/rcl_interfaces/share/rcl_interfaces/srv/SetParametersAtomically.json
[6.082s] -- Installing: /home/pheonix/ros2_ws/install/rcl_interfaces/share/rcl_interfaces/srv/SetParameters.json
[6.087s] -- Installing: /home/pheonix/ros2_ws/install/rcl_interfaces/share/rcl_interfaces/srv/GetLoggerLevels.json
[6.091s] -- Installing: /home/pheonix/ros2_ws/install/rcl_interfaces/share/rcl_interfaces/srv/SetLoggerLevels.json
[6.092s] -- Installing: /home/pheonix/ros2_ws/install/rcl_interfaces/include/rcl_interfaces/rcl_interfaces
[6.093s] -- Installing: /home/pheonix/ros2_ws/install/rcl_interfaces/include/rcl_interfaces/rcl_interfaces/msg
[6.093s] -- Installing: /home/pheonix/ros2_ws/install/rcl_interfaces/include/rcl_interfaces/rcl_interfaces/msg/parameter_value.h
[6.094s] -- Installing: /home/pheonix/ros2_ws/install/rcl_interfaces/include/rcl_interfaces/rcl_interfaces/msg/set_parameters_result.h
[6.094s] -- Installing: /home/pheonix/ros2_ws/install/rcl_interfaces/include/rcl_interfaces/rcl_interfaces/msg/parameter_type.h
[6.096s] -- Installing: /home/pheonix/ros2_ws/install/rcl_interfaces/include/rcl_interfaces/rcl_interfaces/msg/set_logger_levels_result.h
[6.097s] -- Installing: /home/pheonix/ros2_ws/install/rcl_interfaces/include/rcl_interfaces/rcl_interfaces/msg/integer_range.h
[6.098s] -- Installing: /home/pheonix/ros2_ws/install/rcl_interfaces/include/rcl_interfaces/rcl_interfaces/msg/log.h
[6.098s] -- Installing: /home/pheonix/ros2_ws/install/rcl_interfaces/include/rcl_interfaces/rcl_interfaces/msg/rosidl_generator_c__visibility_control.h
[6.098s] -- Installing: /home/pheonix/ros2_ws/install/rcl_interfaces/include/rcl_interfaces/rcl_interfaces/msg/detail
[6.098s] -- Installing: /home/pheonix/ros2_ws/install/rcl_interfaces/include/rcl_interfaces/rcl_interfaces/msg/detail/logger_level__description.c
[6.104s] -- Installing: /home/pheonix/ros2_ws/install/rcl_interfaces/include/rcl_interfaces/rcl_interfaces/msg/detail/integer_range__struct.h
[6.104s] -- Installing: /home/pheonix/ros2_ws/install/rcl_interfaces/include/rcl_interfaces/rcl_interfaces/msg/detail/floating_point_range__functions.h
[6.111s] -- Installing: /home/pheonix/ros2_ws/install/rcl_interfaces/include/rcl_interfaces/rcl_interfaces/msg/detail/integer_range__type_support.c
[6.111s] -- Installing: /home/pheonix/ros2_ws/install/rcl_interfaces/include/rcl_interfaces/rcl_interfaces/msg/detail/parameter_event__type_support.c
[6.111s] -- Installing: /home/pheonix/ros2_ws/install/rcl_interfaces/include/rcl_interfaces/rcl_interfaces/msg/detail/set_logger_levels_result__struct.h
[6.111s] -- Installing: /home/pheonix/ros2_ws/install/rcl_interfaces/include/rcl_interfaces/rcl_interfaces/msg/detail/set_parameters_result__type_support.c
[6.111s] -- Installing: /home/pheonix/ros2_ws/install/rcl_interfaces/include/rcl_interfaces/rcl_interfaces/msg/detail/list_parameters_result__functions.c
[6.111s] -- Installing: /home/pheonix/ros2_ws/install/rcl_interfaces/include/rcl_interfaces/rcl_interfaces/msg/detail/parameter_descriptor__functions.h
[6.111s] -- Installing: /home/pheonix/ros2_ws/install/rcl_interfaces/include/rcl_interfaces/rcl_interfaces/msg/detail/parameter__description.c
[6.111s] -- Installing: /home/pheonix/ros2_ws/install/rcl_interfaces/include/rcl_interfaces/rcl_interfaces/msg/detail/set_parameters_result__struct.h
[6.111s] -- Installing: /home/pheonix/ros2_ws/install/rcl_interfaces/include/rcl_interfaces/rcl_interfaces/msg/detail/log__description.c
[6.111s] -- Installing: /home/pheonix/ros2_ws/install/rcl_interfaces/include/rcl_interfaces/rcl_interfaces/msg/detail/logger_level__type_support.c
[6.113s] -- Installing: /home/pheonix/ros2_ws/install/rcl_interfaces/include/rcl_interfaces/rcl_interfaces/msg/detail/parameter_type__type_support.h
[6.113s] -- Installing: /home/pheonix/ros2_ws/install/rcl_interfaces/include/rcl_interfaces/rcl_interfaces/msg/detail/parameter__functions.h
[6.113s] -- Installing: /home/pheonix/ros2_ws/install/rcl_interfaces/include/rcl_interfaces/rcl_interfaces/msg/detail/set_parameters_result__description.c
[6.113s] -- Installing: /home/pheonix/ros2_ws/install/rcl_interfaces/include/rcl_interfaces/rcl_interfaces/msg/detail/parameter_type__type_support.c
[6.113s] -- Installing: /home/pheonix/ros2_ws/install/rcl_interfaces/include/rcl_interfaces/rcl_interfaces/msg/detail/floating_point_range__type_support.h
[6.113s] -- Installing: /home/pheonix/ros2_ws/install/rcl_interfaces/include/rcl_interfaces/rcl_interfaces/msg/detail/parameter_type__struct.h
[6.115s] -- Installing: /home/pheonix/ros2_ws/install/rcl_interfaces/include/rcl_interfaces/rcl_interfaces/msg/detail/parameter_event__description.c
[6.115s] -- Installing: /home/pheonix/ros2_ws/install/rcl_interfaces/include/rcl_interfaces/rcl_interfaces/msg/detail/floating_point_range__struct.h
[6.115s] -- Installing: /home/pheonix/ros2_ws/install/rcl_interfaces/include/rcl_interfaces/rcl_interfaces/msg/detail/parameter_value__type_support.h
[6.118s] -- Installing: /home/pheonix/ros2_ws/install/rcl_interfaces/include/rcl_interfaces/rcl_interfaces/msg/detail/list_parameters_result__description.c
[6.118s] -- Installing: /home/pheonix/ros2_ws/install/rcl_interfaces/include/rcl_interfaces/rcl_interfaces/msg/detail/log__type_support.c
[6.136s] -- Installing: /home/pheonix/ros2_ws/install/rcl_interfaces/include/rcl_interfaces/rcl_interfaces/msg/detail/logger_level__functions.c
[6.136s] -- Installing: /home/pheonix/ros2_ws/install/rcl_interfaces/include/rcl_interfaces/rcl_interfaces/msg/detail/parameter__struct.h
[6.136s] -- Installing: /home/pheonix/ros2_ws/install/rcl_interfaces/include/rcl_interfaces/rcl_interfaces/msg/detail/parameter_value__functions.h
[6.136s] -- Installing: /home/pheonix/ros2_ws/install/rcl_interfaces/include/rcl_interfaces/rcl_interfaces/msg/detail/parameter_event_descriptors__type_support.c
[6.136s] -- Installing: /home/pheonix/ros2_ws/install/rcl_interfaces/include/rcl_interfaces/rcl_interfaces/msg/detail/parameter__functions.c
[6.136s] -- Installing: /home/pheonix/ros2_ws/install/rcl_interfaces/include/rcl_interfaces/rcl_interfaces/msg/detail/parameter_event_descriptors__description.c
[6.145s] -- Installing: /home/pheonix/ros2_ws/install/rcl_interfaces/include/rcl_interfaces/rcl_interfaces/msg/detail/parameter_descriptor__type_support.c
[6.147s] -- Installing: /home/pheonix/ros2_ws/install/rcl_interfaces/include/rcl_interfaces/rcl_interfaces/msg/detail/set_logger_levels_result__functions.h
[6.147s] -- Installing: /home/pheonix/ros2_ws/install/rcl_interfaces/include/rcl_interfaces/rcl_interfaces/msg/detail/parameter_descriptor__type_support.h
[6.147s] -- Installing: /home/pheonix/ros2_ws/install/rcl_interfaces/include/rcl_interfaces/rcl_interfaces/msg/detail/parameter_type__functions.h
[6.147s] -- Installing: /home/pheonix/ros2_ws/install/rcl_interfaces/include/rcl_interfaces/rcl_interfaces/msg/detail/log__type_support.h
[6.147s] -- Installing: /home/pheonix/ros2_ws/install/rcl_interfaces/include/rcl_interfaces/rcl_interfaces/msg/detail/list_parameters_result__type_support.c
[6.147s] -- Installing: /home/pheonix/ros2_ws/install/rcl_interfaces/include/rcl_interfaces/rcl_interfaces/msg/detail/parameter_descriptor__struct.h
[6.147s] -- Installing: /home/pheonix/ros2_ws/install/rcl_interfaces/include/rcl_interfaces/rcl_interfaces/msg/detail/log__functions.h
[6.148s] -- Installing: /home/pheonix/ros2_ws/install/rcl_interfaces/include/rcl_interfaces/rcl_interfaces/msg/detail/parameter_value__struct.h
[6.148s] -- Installing: /home/pheonix/ros2_ws/install/rcl_interfaces/include/rcl_interfaces/rcl_interfaces/msg/detail/log__struct.h
[6.148s] -- Installing: /home/pheonix/ros2_ws/install/rcl_interfaces/include/rcl_interfaces/rcl_interfaces/msg/detail/set_logger_levels_result__type_support.c
[6.150s] -- Installing: /home/pheonix/ros2_ws/install/rcl_interfaces/include/rcl_interfaces/rcl_interfaces/msg/detail/set_logger_levels_result__type_support.h
[6.150s] -- Installing: /home/pheonix/ros2_ws/install/rcl_interfaces/include/rcl_interfaces/rcl_interfaces/msg/detail/list_parameters_result__type_support.h
[6.150s] -- Installing: /home/pheonix/ros2_ws/install/rcl_interfaces/include/rcl_interfaces/rcl_interfaces/msg/detail/set_parameters_result__functions.c
[6.154s] -- Installing: /home/pheonix/ros2_ws/install/rcl_interfaces/include/rcl_interfaces/rcl_interfaces/msg/detail/parameter_event__functions.c
[6.159s] -- Installing: /home/pheonix/ros2_ws/install/rcl_interfaces/include/rcl_interfaces/rcl_interfaces/msg/detail/parameter_value__type_support.c
[6.162s] -- Installing: /home/pheonix/ros2_ws/install/rcl_interfaces/include/rcl_interfaces/rcl_interfaces/msg/detail/parameter_event_descriptors__type_support.h
[6.162s] -- Installing: /home/pheonix/ros2_ws/install/rcl_interfaces/include/rcl_interfaces/rcl_interfaces/msg/detail/list_parameters_result__functions.h
[6.163s] -- Installing: /home/pheonix/ros2_ws/install/rcl_interfaces/include/rcl_interfaces/rcl_interfaces/msg/detail/set_logger_levels_result__description.c
[6.164s] -- Installing: /home/pheonix/ros2_ws/install/rcl_interfaces/include/rcl_interfaces/rcl_interfaces/msg/detail/integer_range__description.c
[6.165s] -- Installing: /home/pheonix/ros2_ws/install/rcl_interfaces/include/rcl_interfaces/rcl_interfaces/msg/detail/parameter_descriptor__description.c
[6.179s] -- Installing: /home/pheonix/ros2_ws/install/rcl_interfaces/include/rcl_interfaces/rcl_interfaces/msg/detail/set_logger_levels_result__functions.c
[6.179s] -- Installing: /home/pheonix/ros2_ws/install/rcl_interfaces/include/rcl_interfaces/rcl_interfaces/msg/detail/logger_level__struct.h
[6.179s] -- Installing: /home/pheonix/ros2_ws/install/rcl_interfaces/include/rcl_interfaces/rcl_interfaces/msg/detail/parameter_event__type_support.h
[6.179s] -- Installing: /home/pheonix/ros2_ws/install/rcl_interfaces/include/rcl_interfaces/rcl_interfaces/msg/detail/parameter_value__description.c
[6.179s] -- Installing: /home/pheonix/ros2_ws/install/rcl_interfaces/include/rcl_interfaces/rcl_interfaces/msg/detail/parameter_event__struct.h
[6.179s] -- Installing: /home/pheonix/ros2_ws/install/rcl_interfaces/include/rcl_interfaces/rcl_interfaces/msg/detail/integer_range__functions.h
[6.179s] -- Installing: /home/pheonix/ros2_ws/install/rcl_interfaces/include/rcl_interfaces/rcl_interfaces/msg/detail/parameter_event_descriptors__functions.c
[6.179s] -- Installing: /home/pheonix/ros2_ws/install/rcl_interfaces/include/rcl_interfaces/rcl_interfaces/msg/detail/parameter_type__description.c
[6.181s] -- Installing: /home/pheonix/ros2_ws/install/rcl_interfaces/include/rcl_interfaces/rcl_interfaces/msg/detail/parameter_descriptor__functions.c
[6.181s] -- Installing: /home/pheonix/ros2_ws/install/rcl_interfaces/include/rcl_interfaces/rcl_interfaces/msg/detail/parameter__type_support.c
[6.181s] -- Installing: /home/pheonix/ros2_ws/install/rcl_interfaces/include/rcl_interfaces/rcl_interfaces/msg/detail/floating_point_range__functions.c
[6.187s] -- Installing: /home/pheonix/ros2_ws/install/rcl_interfaces/include/rcl_interfaces/rcl_interfaces/msg/detail/list_parameters_result__struct.h
[6.187s] -- Installing: /home/pheonix/ros2_ws/install/rcl_interfaces/include/rcl_interfaces/rcl_interfaces/msg/detail/set_parameters_result__functions.h
[6.187s] -- Installing: /home/pheonix/ros2_ws/install/rcl_interfaces/include/rcl_interfaces/rcl_interfaces/msg/detail/parameter_event_descriptors__struct.h
[6.187s] -- Installing: /home/pheonix/ros2_ws/install/rcl_interfaces/include/rcl_interfaces/rcl_interfaces/msg/detail/floating_point_range__description.c
[6.187s] -- Installing: /home/pheonix/ros2_ws/install/rcl_interfaces/include/rcl_interfaces/rcl_interfaces/msg/detail/logger_level__functions.h
[6.187s] -- Installing: /home/pheonix/ros2_ws/install/rcl_interfaces/include/rcl_interfaces/rcl_interfaces/msg/detail/set_parameters_result__type_support.h
[6.187s] -- Installing: /home/pheonix/ros2_ws/install/rcl_interfaces/include/rcl_interfaces/rcl_interfaces/msg/detail/integer_range__functions.c
[6.188s] -- Installing: /home/pheonix/ros2_ws/install/rcl_interfaces/include/rcl_interfaces/rcl_interfaces/msg/detail/log__functions.c
[6.197s] -- Installing: /home/pheonix/ros2_ws/install/rcl_interfaces/include/rcl_interfaces/rcl_interfaces/msg/detail/logger_level__type_support.h
[6.197s] -- Installing: /home/pheonix/ros2_ws/install/rcl_interfaces/include/rcl_interfaces/rcl_interfaces/msg/detail/parameter_type__functions.c
[6.197s] -- Installing: /home/pheonix/ros2_ws/install/rcl_interfaces/include/rcl_interfaces/rcl_interfaces/msg/detail/parameter_event__functions.h
[6.197s] -- Installing: /home/pheonix/ros2_ws/install/rcl_interfaces/include/rcl_interfaces/rcl_interfaces/msg/detail/parameter_value__functions.c
[6.197s] -- Installing: /home/pheonix/ros2_ws/install/rcl_interfaces/include/rcl_interfaces/rcl_interfaces/msg/detail/parameter_event_descriptors__functions.h
[6.197s] -- Installing: /home/pheonix/ros2_ws/install/rcl_interfaces/include/rcl_interfaces/rcl_interfaces/msg/detail/parameter__type_support.h
[6.198s] -- Installing: /home/pheonix/ros2_ws/install/rcl_interfaces/include/rcl_interfaces/rcl_interfaces/msg/detail/floating_point_range__type_support.c
[6.210s] -- Installing: /home/pheonix/ros2_ws/install/rcl_interfaces/include/rcl_interfaces/rcl_interfaces/msg/detail/integer_range__type_support.h
[6.210s] -- Installing: /home/pheonix/ros2_ws/install/rcl_interfaces/include/rcl_interfaces/rcl_interfaces/msg/list_parameters_result.h
[6.210s] -- Installing: /home/pheonix/ros2_ws/install/rcl_interfaces/include/rcl_interfaces/rcl_interfaces/msg/logger_level.h
[6.210s] -- Installing: /home/pheonix/ros2_ws/install/rcl_interfaces/include/rcl_interfaces/rcl_interfaces/msg/floating_point_range.h
[6.210s] -- Installing: /home/pheonix/ros2_ws/install/rcl_interfaces/include/rcl_interfaces/rcl_interfaces/msg/parameter_event.h
[6.210s] -- Installing: /home/pheonix/ros2_ws/install/rcl_interfaces/include/rcl_interfaces/rcl_interfaces/msg/parameter_event_descriptors.h
[6.211s] -- Installing: /home/pheonix/ros2_ws/install/rcl_interfaces/include/rcl_interfaces/rcl_interfaces/msg/parameter_descriptor.h
[6.212s] -- Installing: /home/pheonix/ros2_ws/install/rcl_interfaces/include/rcl_interfaces/rcl_interfaces/msg/parameter.h
[6.212s] -- Installing: /home/pheonix/ros2_ws/install/rcl_interfaces/include/rcl_interfaces/rcl_interfaces/srv
[6.212s] -- Installing: /home/pheonix/ros2_ws/install/rcl_interfaces/include/rcl_interfaces/rcl_interfaces/srv/set_parameters_atomically.h
[6.225s] -- Installing: /home/pheonix/ros2_ws/install/rcl_interfaces/include/rcl_interfaces/rcl_interfaces/srv/set_logger_levels.h
[6.230s] -- Installing: /home/pheonix/ros2_ws/install/rcl_interfaces/include/rcl_interfaces/rcl_interfaces/srv/list_parameters.h
[6.230s] -- Installing: /home/pheonix/ros2_ws/install/rcl_interfaces/include/rcl_interfaces/rcl_interfaces/srv/set_parameters.h
[6.232s] -- Installing: /home/pheonix/ros2_ws/install/rcl_interfaces/include/rcl_interfaces/rcl_interfaces/srv/detail
[6.232s] -- Installing: /home/pheonix/ros2_ws/install/rcl_interfaces/include/rcl_interfaces/rcl_interfaces/srv/detail/get_parameters__functions.h
[6.232s] -- Installing: /home/pheonix/ros2_ws/install/rcl_interfaces/include/rcl_interfaces/rcl_interfaces/srv/detail/describe_parameters__description.c
[6.233s] -- Installing: /home/pheonix/ros2_ws/install/rcl_interfaces/include/rcl_interfaces/rcl_interfaces/srv/detail/get_parameter_types__description.c
[6.233s] -- Installing: /home/pheonix/ros2_ws/install/rcl_interfaces/include/rcl_interfaces/rcl_interfaces/srv/detail/describe_parameters__type_support.c
[6.233s] -- Installing: /home/pheonix/ros2_ws/install/rcl_interfaces/include/rcl_interfaces/rcl_interfaces/srv/detail/set_logger_levels__type_support.c
[6.233s] -- Installing: /home/pheonix/ros2_ws/install/rcl_interfaces/include/rcl_interfaces/rcl_interfaces/srv/detail/get_logger_levels__struct.h
[6.233s] -- Installing: /home/pheonix/ros2_ws/install/rcl_interfaces/include/rcl_interfaces/rcl_interfaces/srv/detail/set_parameters__functions.c
[6.233s] -- Installing: /home/pheonix/ros2_ws/install/rcl_interfaces/include/rcl_interfaces/rcl_interfaces/srv/detail/set_parameters_atomically__type_support.c
[6.233s] -- Installing: /home/pheonix/ros2_ws/install/rcl_interfaces/include/rcl_interfaces/rcl_interfaces/srv/detail/set_logger_levels__struct.h
[6.234s] -- Installing: /home/pheonix/ros2_ws/install/rcl_interfaces/include/rcl_interfaces/rcl_interfaces/srv/detail/describe_parameters__functions.c
[6.234s] -- Installing: /home/pheonix/ros2_ws/install/rcl_interfaces/include/rcl_interfaces/rcl_interfaces/srv/detail/list_parameters__struct.h
[6.234s] -- Installing: /home/pheonix/ros2_ws/install/rcl_interfaces/include/rcl_interfaces/rcl_interfaces/srv/detail/get_parameters__struct.h
[6.234s] -- Installing: /home/pheonix/ros2_ws/install/rcl_interfaces/include/rcl_interfaces/rcl_interfaces/srv/detail/list_parameters__functions.c
[6.235s] -- Installing: /home/pheonix/ros2_ws/install/rcl_interfaces/include/rcl_interfaces/rcl_interfaces/srv/detail/get_parameter_types__functions.h
[6.235s] -- Installing: /home/pheonix/ros2_ws/install/rcl_interfaces/include/rcl_interfaces/rcl_interfaces/srv/detail/get_logger_levels__description.c
[6.239s] -- Installing: /home/pheonix/ros2_ws/install/rcl_interfaces/include/rcl_interfaces/rcl_interfaces/srv/detail/set_logger_levels__description.c
[6.279s] -- Installing: /home/pheonix/ros2_ws/install/rcl_interfaces/include/rcl_interfaces/rcl_interfaces/srv/detail/get_parameter_types__type_support.c
[6.279s] -- Installing: /home/pheonix/ros2_ws/install/rcl_interfaces/include/rcl_interfaces/rcl_interfaces/srv/detail/describe_parameters__struct.h
[6.279s] -- Installing: /home/pheonix/ros2_ws/install/rcl_interfaces/include/rcl_interfaces/rcl_interfaces/srv/detail/set_parameters__functions.h
[6.279s] -- Installing: /home/pheonix/ros2_ws/install/rcl_interfaces/include/rcl_interfaces/rcl_interfaces/srv/detail/list_parameters__functions.h
[6.280s] -- Installing: /home/pheonix/ros2_ws/install/rcl_interfaces/include/rcl_interfaces/rcl_interfaces/srv/detail/get_logger_levels__type_support.h
[6.280s] -- Installing: /home/pheonix/ros2_ws/install/rcl_interfaces/include/rcl_interfaces/rcl_interfaces/srv/detail/describe_parameters__type_support.h
[6.280s] -- Installing: /home/pheonix/ros2_ws/install/rcl_interfaces/include/rcl_interfaces/rcl_interfaces/srv/detail/list_parameters__type_support.h
[6.280s] -- Installing: /home/pheonix/ros2_ws/install/rcl_interfaces/include/rcl_interfaces/rcl_interfaces/srv/detail/set_parameters_atomically__type_support.h
[6.280s] -- Installing: /home/pheonix/ros2_ws/install/rcl_interfaces/include/rcl_interfaces/rcl_interfaces/srv/detail/set_parameters__type_support.h
[6.280s] -- Installing: /home/pheonix/ros2_ws/install/rcl_interfaces/include/rcl_interfaces/rcl_interfaces/srv/detail/set_parameters_atomically__description.c
[6.280s] -- Installing: /home/pheonix/ros2_ws/install/rcl_interfaces/include/rcl_interfaces/rcl_interfaces/srv/detail/set_parameters__description.c
[6.280s] -- Installing: /home/pheonix/ros2_ws/install/rcl_interfaces/include/rcl_interfaces/rcl_interfaces/srv/detail/set_parameters__type_support.c
[6.280s] -- Installing: /home/pheonix/ros2_ws/install/rcl_interfaces/include/rcl_interfaces/rcl_interfaces/srv/detail/get_parameter_types__functions.c
[6.280s] -- Installing: /home/pheonix/ros2_ws/install/rcl_interfaces/include/rcl_interfaces/rcl_interfaces/srv/detail/get_logger_levels__type_support.c
[6.280s] -- Installing: /home/pheonix/ros2_ws/install/rcl_interfaces/include/rcl_interfaces/rcl_interfaces/srv/detail/set_parameters_atomically__functions.c
[6.280s] -- Installing: /home/pheonix/ros2_ws/install/rcl_interfaces/include/rcl_interfaces/rcl_interfaces/srv/detail/set_parameters__struct.h
[6.281s] -- Installing: /home/pheonix/ros2_ws/install/rcl_interfaces/include/rcl_interfaces/rcl_interfaces/srv/detail/list_parameters__type_support.c
[6.281s] -- Installing: /home/pheonix/ros2_ws/install/rcl_interfaces/include/rcl_interfaces/rcl_interfaces/srv/detail/get_parameter_types__type_support.h
[6.281s] -- Installing: /home/pheonix/ros2_ws/install/rcl_interfaces/include/rcl_interfaces/rcl_interfaces/srv/detail/set_logger_levels__type_support.h
[6.281s] -- Installing: /home/pheonix/ros2_ws/install/rcl_interfaces/include/rcl_interfaces/rcl_interfaces/srv/detail/set_logger_levels__functions.h
[6.281s] -- Installing: /home/pheonix/ros2_ws/install/rcl_interfaces/include/rcl_interfaces/rcl_interfaces/srv/detail/get_parameters__type_support.h
[6.281s] -- Installing: /home/pheonix/ros2_ws/install/rcl_interfaces/include/rcl_interfaces/rcl_interfaces/srv/detail/get_logger_levels__functions.h
[6.281s] -- Installing: /home/pheonix/ros2_ws/install/rcl_interfaces/include/rcl_interfaces/rcl_interfaces/srv/detail/set_parameters_atomically__functions.h
[6.281s] -- Installing: /home/pheonix/ros2_ws/install/rcl_interfaces/include/rcl_interfaces/rcl_interfaces/srv/detail/get_parameter_types__struct.h
[6.281s] -- Installing: /home/pheonix/ros2_ws/install/rcl_interfaces/include/rcl_interfaces/rcl_interfaces/srv/detail/get_parameters__type_support.c
[6.281s] -- Installing: /home/pheonix/ros2_ws/install/rcl_interfaces/include/rcl_interfaces/rcl_interfaces/srv/detail/get_parameters__functions.c
[6.281s] -- Installing: /home/pheonix/ros2_ws/install/rcl_interfaces/include/rcl_interfaces/rcl_interfaces/srv/detail/get_logger_levels__functions.c
[6.281s] -- Installing: /home/pheonix/ros2_ws/install/rcl_interfaces/include/rcl_interfaces/rcl_interfaces/srv/detail/set_parameters_atomically__struct.h
[6.281s] -- Installing: /home/pheonix/ros2_ws/install/rcl_interfaces/include/rcl_interfaces/rcl_interfaces/srv/detail/describe_parameters__functions.h
[6.281s] -- Installing: /home/pheonix/ros2_ws/install/rcl_interfaces/include/rcl_interfaces/rcl_interfaces/srv/detail/get_parameters__description.c
[6.282s] -- Installing: /home/pheonix/ros2_ws/install/rcl_interfaces/include/rcl_interfaces/rcl_interfaces/srv/detail/list_parameters__description.c
[6.283s] -- Installing: /home/pheonix/ros2_ws/install/rcl_interfaces/include/rcl_interfaces/rcl_interfaces/srv/detail/set_logger_levels__functions.c
[6.288s] -- Installing: /home/pheonix/ros2_ws/install/rcl_interfaces/include/rcl_interfaces/rcl_interfaces/srv/get_parameters.h
[6.288s] -- Installing: /home/pheonix/ros2_ws/install/rcl_interfaces/include/rcl_interfaces/rcl_interfaces/srv/get_logger_levels.h
[6.288s] -- Installing: /home/pheonix/ros2_ws/install/rcl_interfaces/include/rcl_interfaces/rcl_interfaces/srv/describe_parameters.h
[6.288s] -- Installing: /home/pheonix/ros2_ws/install/rcl_interfaces/include/rcl_interfaces/rcl_interfaces/srv/get_parameter_types.h
[6.289s] -- Installing: /home/pheonix/ros2_ws/install/rcl_interfaces/share/rcl_interfaces/environment/library_path.sh
[6.289s] -- Installing: /home/pheonix/ros2_ws/install/rcl_interfaces/share/rcl_interfaces/environment/library_path.dsv
[6.292s] -- Installing: /home/pheonix/ros2_ws/install/rcl_interfaces/lib/librcl_interfaces__rosidl_generator_c.so
[6.292s] -- Set non-toolchain portion of runtime path of "/home/pheonix/ros2_ws/install/rcl_interfaces/lib/librcl_interfaces__rosidl_generator_c.so" to ""
[6.292s] -- Up-to-date: /home/pheonix/ros2_ws/install/rcl_interfaces/include/rcl_interfaces/rcl_interfaces
[6.299s] -- Up-to-date: /home/pheonix/ros2_ws/install/rcl_interfaces/include/rcl_interfaces/rcl_interfaces/msg
[6.299s] -- Installing: /home/pheonix/ros2_ws/install/rcl_interfaces/include/rcl_interfaces/rcl_interfaces/msg/rosidl_typesupport_fastrtps_c__visibility_control.h
[6.299s] -- Up-to-date: /home/pheonix/ros2_ws/install/rcl_interfaces/include/rcl_interfaces/rcl_interfaces/msg/detail
[6.299s] -- Installing: /home/pheonix/ros2_ws/install/rcl_interfaces/include/rcl_interfaces/rcl_interfaces/msg/detail/floating_point_range__rosidl_typesupport_fastrtps_c.h
[6.299s] -- Installing: /home/pheonix/ros2_ws/install/rcl_interfaces/include/rcl_interfaces/rcl_interfaces/msg/detail/log__rosidl_typesupport_fastrtps_c.h
[6.299s] -- Installing: /home/pheonix/ros2_ws/install/rcl_interfaces/include/rcl_interfaces/rcl_interfaces/msg/detail/parameter_event_descriptors__rosidl_typesupport_fastrtps_c.h
[6.299s] -- Installing: /home/pheonix/ros2_ws/install/rcl_interfaces/include/rcl_interfaces/rcl_interfaces/msg/detail/set_logger_levels_result__rosidl_typesupport_fastrtps_c.h
[6.299s] -- Installing: /home/pheonix/ros2_ws/install/rcl_interfaces/include/rcl_interfaces/rcl_interfaces/msg/detail/set_parameters_result__rosidl_typesupport_fastrtps_c.h
[6.299s] -- Installing: /home/pheonix/ros2_ws/install/rcl_interfaces/include/rcl_interfaces/rcl_interfaces/msg/detail/parameter_descriptor__rosidl_typesupport_fastrtps_c.h
[6.299s] -- Installing: /home/pheonix/ros2_ws/install/rcl_interfaces/include/rcl_interfaces/rcl_interfaces/msg/detail/parameter__rosidl_typesupport_fastrtps_c.h
[6.299s] -- Installing: /home/pheonix/ros2_ws/install/rcl_interfaces/include/rcl_interfaces/rcl_interfaces/msg/detail/logger_level__rosidl_typesupport_fastrtps_c.h
[6.299s] -- Installing: /home/pheonix/ros2_ws/install/rcl_interfaces/include/rcl_interfaces/rcl_interfaces/msg/detail/list_parameters_result__rosidl_typesupport_fastrtps_c.h
[6.299s] -- Installing: /home/pheonix/ros2_ws/install/rcl_interfaces/include/rcl_interfaces/rcl_interfaces/msg/detail/parameter_type__rosidl_typesupport_fastrtps_c.h
[6.299s] -- Installing: /home/pheonix/ros2_ws/install/rcl_interfaces/include/rcl_interfaces/rcl_interfaces/msg/detail/parameter_event__rosidl_typesupport_fastrtps_c.h
[6.301s] -- Installing: /home/pheonix/ros2_ws/install/rcl_interfaces/include/rcl_interfaces/rcl_interfaces/msg/detail/integer_range__rosidl_typesupport_fastrtps_c.h
[6.301s] -- Installing: /home/pheonix/ros2_ws/install/rcl_interfaces/include/rcl_interfaces/rcl_interfaces/msg/detail/parameter_value__rosidl_typesupport_fastrtps_c.h
[6.301s] -- Up-to-date: /home/pheonix/ros2_ws/install/rcl_interfaces/include/rcl_interfaces/rcl_interfaces/srv
[6.301s] -- Up-to-date: /home/pheonix/ros2_ws/install/rcl_interfaces/include/rcl_interfaces/rcl_interfaces/srv/detail
[6.301s] -- Installing: /home/pheonix/ros2_ws/install/rcl_interfaces/include/rcl_interfaces/rcl_interfaces/srv/detail/get_parameters__rosidl_typesupport_fastrtps_c.h
[6.301s] -- Installing: /home/pheonix/ros2_ws/install/rcl_interfaces/include/rcl_interfaces/rcl_interfaces/srv/detail/get_logger_levels__rosidl_typesupport_fastrtps_c.h
[6.302s] -- Installing: /home/pheonix/ros2_ws/install/rcl_interfaces/include/rcl_interfaces/rcl_interfaces/srv/detail/set_parameters_atomically__rosidl_typesupport_fastrtps_c.h
[6.302s] -- Installing: /home/pheonix/ros2_ws/install/rcl_interfaces/include/rcl_interfaces/rcl_interfaces/srv/detail/list_parameters__rosidl_typesupport_fastrtps_c.h
[6.302s] -- Installing: /home/pheonix/ros2_ws/install/rcl_interfaces/include/rcl_interfaces/rcl_interfaces/srv/detail/set_parameters__rosidl_typesupport_fastrtps_c.h
[6.302s] -- Installing: /home/pheonix/ros2_ws/install/rcl_interfaces/include/rcl_interfaces/rcl_interfaces/srv/detail/describe_parameters__rosidl_typesupport_fastrtps_c.h
[6.312s] -- Installing: /home/pheonix/ros2_ws/install/rcl_interfaces/include/rcl_interfaces/rcl_interfaces/srv/detail/set_logger_levels__rosidl_typesupport_fastrtps_c.h
[6.312s] -- Installing: /home/pheonix/ros2_ws/install/rcl_interfaces/include/rcl_interfaces/rcl_interfaces/srv/detail/get_parameter_types__rosidl_typesupport_fastrtps_c.h
[6.315s] -- Installing: /home/pheonix/ros2_ws/install/rcl_interfaces/lib/librcl_interfaces__rosidl_typesupport_fastrtps_c.so
[6.315s] -- Set non-toolchain portion of runtime path of "/home/pheonix/ros2_ws/install/rcl_interfaces/lib/librcl_interfaces__rosidl_typesupport_fastrtps_c.so" to ""
[6.315s] -- Up-to-date: /home/pheonix/ros2_ws/install/rcl_interfaces/include/rcl_interfaces/rcl_interfaces
[6.315s] -- Up-to-date: /home/pheonix/ros2_ws/install/rcl_interfaces/include/rcl_interfaces/rcl_interfaces/msg
[6.315s] -- Up-to-date: /home/pheonix/ros2_ws/install/rcl_interfaces/include/rcl_interfaces/rcl_interfaces/msg/detail
[6.315s] -- Installing: /home/pheonix/ros2_ws/install/rcl_interfaces/include/rcl_interfaces/rcl_interfaces/msg/detail/integer_range__type_support.c
[6.315s] -- Installing: /home/pheonix/ros2_ws/install/rcl_interfaces/include/rcl_interfaces/rcl_interfaces/msg/detail/parameter_event__type_support.c
[6.315s] -- Installing: /home/pheonix/ros2_ws/install/rcl_interfaces/include/rcl_interfaces/rcl_interfaces/msg/detail/set_parameters_result__type_support.c
[6.315s] -- Installing: /home/pheonix/ros2_ws/install/rcl_interfaces/include/rcl_interfaces/rcl_interfaces/msg/detail/logger_level__type_support.c
[6.315s] -- Installing: /home/pheonix/ros2_ws/install/rcl_interfaces/include/rcl_interfaces/rcl_interfaces/msg/detail/parameter_event__rosidl_typesupport_introspection_c.h
[6.315s] -- Installing: /home/pheonix/ros2_ws/install/rcl_interfaces/include/rcl_interfaces/rcl_interfaces/msg/detail/parameter_type__type_support.c
[6.315s] -- Installing: /home/pheonix/ros2_ws/install/rcl_interfaces/include/rcl_interfaces/rcl_interfaces/msg/detail/integer_range__rosidl_typesupport_introspection_c.h
[6.315s] -- Installing: /home/pheonix/ros2_ws/install/rcl_interfaces/include/rcl_interfaces/rcl_interfaces/msg/detail/parameter_type__rosidl_typesupport_introspection_c.h
[6.315s] -- Installing: /home/pheonix/ros2_ws/install/rcl_interfaces/include/rcl_interfaces/rcl_interfaces/msg/detail/set_parameters_result__rosidl_typesupport_introspection_c.h
[6.315s] -- Installing: /home/pheonix/ros2_ws/install/rcl_interfaces/include/rcl_interfaces/rcl_interfaces/msg/detail/log__type_support.c
[6.315s] -- Installing: /home/pheonix/ros2_ws/install/rcl_interfaces/include/rcl_interfaces/rcl_interfaces/msg/detail/parameter_descriptor__rosidl_typesupport_introspection_c.h
[6.315s] -- Installing: /home/pheonix/ros2_ws/install/rcl_interfaces/include/rcl_interfaces/rcl_interfaces/msg/detail/parameter_event_descriptors__type_support.c
[6.315s] -- Installing: /home/pheonix/ros2_ws/install/rcl_interfaces/include/rcl_interfaces/rcl_interfaces/msg/detail/parameter_descriptor__type_support.c
[6.315s] -- Installing: /home/pheonix/ros2_ws/install/rcl_interfaces/include/rcl_interfaces/rcl_interfaces/msg/detail/list_parameters_result__type_support.c
[6.315s] -- Installing: /home/pheonix/ros2_ws/install/rcl_interfaces/include/rcl_interfaces/rcl_interfaces/msg/detail/set_logger_levels_result__type_support.c
[6.315s] -- Installing: /home/pheonix/ros2_ws/install/rcl_interfaces/include/rcl_interfaces/rcl_interfaces/msg/detail/parameter_value__rosidl_typesupport_introspection_c.h
[6.316s] -- Installing: /home/pheonix/ros2_ws/install/rcl_interfaces/include/rcl_interfaces/rcl_interfaces/msg/detail/parameter__rosidl_typesupport_introspection_c.h
[6.316s] -- Installing: /home/pheonix/ros2_ws/install/rcl_interfaces/include/rcl_interfaces/rcl_interfaces/msg/detail/parameter_value__type_support.c
[6.316s] -- Installing: /home/pheonix/ros2_ws/install/rcl_interfaces/include/rcl_interfaces/rcl_interfaces/msg/detail/logger_level__rosidl_typesupport_introspection_c.h
[6.316s] -- Installing: /home/pheonix/ros2_ws/install/rcl_interfaces/include/rcl_interfaces/rcl_interfaces/msg/detail/floating_point_range__rosidl_typesupport_introspection_c.h
[6.316s] -- Installing: /home/pheonix/ros2_ws/install/rcl_interfaces/include/rcl_interfaces/rcl_interfaces/msg/detail/parameter_event_descriptors__rosidl_typesupport_introspection_c.h
[6.316s] -- Installing: /home/pheonix/ros2_ws/install/rcl_interfaces/include/rcl_interfaces/rcl_interfaces/msg/detail/list_parameters_result__rosidl_typesupport_introspection_c.h
[6.316s] -- Installing: /home/pheonix/ros2_ws/install/rcl_interfaces/include/rcl_interfaces/rcl_interfaces/msg/detail/parameter__type_support.c
[6.316s] -- Installing: /home/pheonix/ros2_ws/install/rcl_interfaces/include/rcl_interfaces/rcl_interfaces/msg/detail/log__rosidl_typesupport_introspection_c.h
[6.316s] -- Installing: /home/pheonix/ros2_ws/install/rcl_interfaces/include/rcl_interfaces/rcl_interfaces/msg/detail/floating_point_range__type_support.c
[6.316s] -- Installing: /home/pheonix/ros2_ws/install/rcl_interfaces/include/rcl_interfaces/rcl_interfaces/msg/detail/set_logger_levels_result__rosidl_typesupport_introspection_c.h
[6.316s] -- Installing: /home/pheonix/ros2_ws/install/rcl_interfaces/include/rcl_interfaces/rcl_interfaces/msg/rosidl_typesupport_introspection_c__visibility_control.h
[6.316s] -- Up-to-date: /home/pheonix/ros2_ws/install/rcl_interfaces/include/rcl_interfaces/rcl_interfaces/srv
[6.316s] -- Up-to-date: /home/pheonix/ros2_ws/install/rcl_interfaces/include/rcl_interfaces/rcl_interfaces/srv/detail
[6.316s] -- Installing: /home/pheonix/ros2_ws/install/rcl_interfaces/include/rcl_interfaces/rcl_interfaces/srv/detail/describe_parameters__type_support.c
[6.316s] -- Installing: /home/pheonix/ros2_ws/install/rcl_interfaces/include/rcl_interfaces/rcl_interfaces/srv/detail/get_parameters__rosidl_typesupport_introspection_c.h
[6.316s] -- Installing: /home/pheonix/ros2_ws/install/rcl_interfaces/include/rcl_interfaces/rcl_interfaces/srv/detail/set_logger_levels__type_support.c
[6.316s] -- Installing: /home/pheonix/ros2_ws/install/rcl_interfaces/include/rcl_interfaces/rcl_interfaces/srv/detail/set_parameters_atomically__type_support.c
[6.316s] -- Installing: /home/pheonix/ros2_ws/install/rcl_interfaces/include/rcl_interfaces/rcl_interfaces/srv/detail/describe_parameters__rosidl_typesupport_introspection_c.h
[6.316s] -- Installing: /home/pheonix/ros2_ws/install/rcl_interfaces/include/rcl_interfaces/rcl_interfaces/srv/detail/set_parameters_atomically__rosidl_typesupport_introspection_c.h
[6.316s] -- Installing: /home/pheonix/ros2_ws/install/rcl_interfaces/include/rcl_interfaces/rcl_interfaces/srv/detail/get_parameter_types__type_support.c
[6.316s] -- Installing: /home/pheonix/ros2_ws/install/rcl_interfaces/include/rcl_interfaces/rcl_interfaces/srv/detail/set_parameters__rosidl_typesupport_introspection_c.h
[6.316s] -- Installing: /home/pheonix/ros2_ws/install/rcl_interfaces/include/rcl_interfaces/rcl_interfaces/srv/detail/list_parameters__rosidl_typesupport_introspection_c.h
[6.316s] -- Installing: /home/pheonix/ros2_ws/install/rcl_interfaces/include/rcl_interfaces/rcl_interfaces/srv/detail/set_parameters__type_support.c
[6.316s] -- Installing: /home/pheonix/ros2_ws/install/rcl_interfaces/include/rcl_interfaces/rcl_interfaces/srv/detail/get_logger_levels__type_support.c
[6.316s] -- Installing: /home/pheonix/ros2_ws/install/rcl_interfaces/include/rcl_interfaces/rcl_interfaces/srv/detail/list_parameters__type_support.c
[6.316s] -- Installing: /home/pheonix/ros2_ws/install/rcl_interfaces/include/rcl_interfaces/rcl_interfaces/srv/detail/set_logger_levels__rosidl_typesupport_introspection_c.h
[6.316s] -- Installing: /home/pheonix/ros2_ws/install/rcl_interfaces/include/rcl_interfaces/rcl_interfaces/srv/detail/get_parameter_types__rosidl_typesupport_introspection_c.h
[6.316s] -- Installing: /home/pheonix/ros2_ws/install/rcl_interfaces/include/rcl_interfaces/rcl_interfaces/srv/detail/get_parameters__type_support.c
[6.316s] -- Installing: /home/pheonix/ros2_ws/install/rcl_interfaces/include/rcl_interfaces/rcl_interfaces/srv/detail/get_logger_levels__rosidl_typesupport_introspection_c.h
[6.316s] -- Installing: /home/pheonix/ros2_ws/install/rcl_interfaces/lib/librcl_interfaces__rosidl_typesupport_introspection_c.so
[6.316s] -- Set non-toolchain portion of runtime path of "/home/pheonix/ros2_ws/install/rcl_interfaces/lib/librcl_interfaces__rosidl_typesupport_introspection_c.so" to ""
[6.316s] -- Installing: /home/pheonix/ros2_ws/install/rcl_interfaces/lib/librcl_interfaces__rosidl_typesupport_c.so
[6.316s] -- Set non-toolchain portion of runtime path of "/home/pheonix/ros2_ws/install/rcl_interfaces/lib/librcl_interfaces__rosidl_typesupport_c.so" to ""
[6.316s] -- Up-to-date: /home/pheonix/ros2_ws/install/rcl_interfaces/include/rcl_interfaces/rcl_interfaces
[6.316s] -- Up-to-date: /home/pheonix/ros2_ws/install/rcl_interfaces/include/rcl_interfaces/rcl_interfaces/msg
[6.316s] -- Installing: /home/pheonix/ros2_ws/install/rcl_interfaces/include/rcl_interfaces/rcl_interfaces/msg/floating_point_range.hpp
[6.316s] -- Installing: /home/pheonix/ros2_ws/install/rcl_interfaces/include/rcl_interfaces/rcl_interfaces/msg/list_parameters_result.hpp
[6.316s] -- Installing: /home/pheonix/ros2_ws/install/rcl_interfaces/include/rcl_interfaces/rcl_interfaces/msg/rosidl_generator_cpp__visibility_control.hpp
[6.334s] -- Installing: /home/pheonix/ros2_ws/install/rcl_interfaces/include/rcl_interfaces/rcl_interfaces/msg/parameter_event.hpp
[6.341s] -- Installing: /home/pheonix/ros2_ws/install/rcl_interfaces/include/rcl_interfaces/rcl_interfaces/msg/parameter.hpp
[6.341s] -- Installing: /home/pheonix/ros2_ws/install/rcl_interfaces/include/rcl_interfaces/rcl_interfaces/msg/integer_range.hpp
[6.341s] -- Up-to-date: /home/pheonix/ros2_ws/install/rcl_interfaces/include/rcl_interfaces/rcl_interfaces/msg/detail
[6.341s] -- Installing: /home/pheonix/ros2_ws/install/rcl_interfaces/include/rcl_interfaces/rcl_interfaces/msg/detail/parameter__builder.hpp
[6.341s] -- Installing: /home/pheonix/ros2_ws/install/rcl_interfaces/include/rcl_interfaces/rcl_interfaces/msg/detail/floating_point_range__builder.hpp
[6.341s] -- Installing: /home/pheonix/ros2_ws/install/rcl_interfaces/include/rcl_interfaces/rcl_interfaces/msg/detail/parameter_type__struct.hpp
[6.341s] -- Installing: /home/pheonix/ros2_ws/install/rcl_interfaces/include/rcl_interfaces/rcl_interfaces/msg/detail/parameter_descriptor__type_support.hpp
[6.341s] -- Installing: /home/pheonix/ros2_ws/install/rcl_interfaces/include/rcl_interfaces/rcl_interfaces/msg/detail/integer_range__type_support.hpp
[6.341s] -- Installing: /home/pheonix/ros2_ws/install/rcl_interfaces/include/rcl_interfaces/rcl_interfaces/msg/detail/floating_point_range__struct.hpp
[6.341s] -- Installing: /home/pheonix/ros2_ws/install/rcl_interfaces/include/rcl_interfaces/rcl_interfaces/msg/detail/parameter_descriptor__builder.hpp
[6.341s] -- Installing: /home/pheonix/ros2_ws/install/rcl_interfaces/include/rcl_interfaces/rcl_interfaces/msg/detail/set_parameters_result__type_support.hpp
[6.341s] -- Installing: /home/pheonix/ros2_ws/install/rcl_interfaces/include/rcl_interfaces/rcl_interfaces/msg/detail/parameter_event_descriptors__builder.hpp
[6.341s] -- Installing: /home/pheonix/ros2_ws/install/rcl_interfaces/include/rcl_interfaces/rcl_interfaces/msg/detail/set_parameters_result__builder.hpp
[6.341s] -- Installing: /home/pheonix/ros2_ws/install/rcl_interfaces/include/rcl_interfaces/rcl_interfaces/msg/detail/set_logger_levels_result__builder.hpp
[6.343s] -- Installing: /home/pheonix/ros2_ws/install/rcl_interfaces/include/rcl_interfaces/rcl_interfaces/msg/detail/parameter_event__traits.hpp
[6.343s] -- Installing: /home/pheonix/ros2_ws/install/rcl_interfaces/include/rcl_interfaces/rcl_interfaces/msg/detail/logger_level__type_support.hpp
[6.343s] -- Installing: /home/pheonix/ros2_ws/install/rcl_interfaces/include/rcl_interfaces/rcl_interfaces/msg/detail/log__struct.hpp
[6.343s] -- Installing: /home/pheonix/ros2_ws/install/rcl_interfaces/include/rcl_interfaces/rcl_interfaces/msg/detail/parameter_event__struct.hpp
[6.343s] -- Installing: /home/pheonix/ros2_ws/install/rcl_interfaces/include/rcl_interfaces/rcl_interfaces/msg/detail/set_parameters_result__struct.hpp
[6.343s] -- Installing: /home/pheonix/ros2_ws/install/rcl_interfaces/include/rcl_interfaces/rcl_interfaces/msg/detail/list_parameters_result__traits.hpp
[6.350s] -- Installing: /home/pheonix/ros2_ws/install/rcl_interfaces/include/rcl_interfaces/rcl_interfaces/msg/detail/parameter__struct.hpp
[6.351s] -- Installing: /home/pheonix/ros2_ws/install/rcl_interfaces/include/rcl_interfaces/rcl_interfaces/msg/detail/floating_point_range__type_support.hpp
[6.353s] -- Installing: /home/pheonix/ros2_ws/install/rcl_interfaces/include/rcl_interfaces/rcl_interfaces/msg/detail/set_logger_levels_result__type_support.hpp
[6.354s] -- Installing: /home/pheonix/ros2_ws/install/rcl_interfaces/include/rcl_interfaces/rcl_interfaces/msg/detail/logger_level__builder.hpp
[6.356s] -- Installing: /home/pheonix/ros2_ws/install/rcl_interfaces/include/rcl_interfaces/rcl_interfaces/msg/detail/parameter_value__struct.hpp
[6.356s] -- Installing: /home/pheonix/ros2_ws/install/rcl_interfaces/include/rcl_interfaces/rcl_interfaces/msg/detail/parameter_event__builder.hpp
[6.356s] -- Installing: /home/pheonix/ros2_ws/install/rcl_interfaces/include/rcl_interfaces/rcl_interfaces/msg/detail/parameter__type_support.hpp
[6.357s] -- Installing: /home/pheonix/ros2_ws/install/rcl_interfaces/include/rcl_interfaces/rcl_interfaces/msg/detail/parameter_event_descriptors__struct.hpp
[6.357s] -- Installing: /home/pheonix/ros2_ws/install/rcl_interfaces/include/rcl_interfaces/rcl_interfaces/msg/detail/logger_level__traits.hpp
[6.362s] -- Installing: /home/pheonix/ros2_ws/install/rcl_interfaces/include/rcl_interfaces/rcl_interfaces/msg/detail/list_parameters_result__struct.hpp
[6.362s] -- Installing: /home/pheonix/ros2_ws/install/rcl_interfaces/include/rcl_interfaces/rcl_interfaces/msg/detail/list_parameters_result__type_support.hpp
[6.362s] -- Installing: /home/pheonix/ros2_ws/install/rcl_interfaces/include/rcl_interfaces/rcl_interfaces/msg/detail/floating_point_range__traits.hpp
[6.362s] -- Installing: /home/pheonix/ros2_ws/install/rcl_interfaces/include/rcl_interfaces/rcl_interfaces/msg/detail/parameter_event_descriptors__type_support.hpp
[6.362s] -- Installing: /home/pheonix/ros2_ws/install/rcl_interfaces/include/rcl_interfaces/rcl_interfaces/msg/detail/parameter_descriptor__traits.hpp
[6.362s] -- Installing: /home/pheonix/ros2_ws/install/rcl_interfaces/include/rcl_interfaces/rcl_interfaces/msg/detail/parameter__traits.hpp
[6.363s] -- Installing: /home/pheonix/ros2_ws/install/rcl_interfaces/include/rcl_interfaces/rcl_interfaces/msg/detail/log__builder.hpp
[6.368s] -- Installing: /home/pheonix/ros2_ws/install/rcl_interfaces/include/rcl_interfaces/rcl_interfaces/msg/detail/parameter_value__traits.hpp
[6.372s] -- Installing: /home/pheonix/ros2_ws/install/rcl_interfaces/include/rcl_interfaces/rcl_interfaces/msg/detail/parameter_value__type_support.hpp
[6.373s] -- Installing: /home/pheonix/ros2_ws/install/rcl_interfaces/include/rcl_interfaces/rcl_interfaces/msg/detail/set_logger_levels_result__struct.hpp
[6.373s] -- Installing: /home/pheonix/ros2_ws/install/rcl_interfaces/include/rcl_interfaces/rcl_interfaces/msg/detail/parameter_event_descriptors__traits.hpp
[6.378s] -- Installing: /home/pheonix/ros2_ws/install/rcl_interfaces/include/rcl_interfaces/rcl_interfaces/msg/detail/parameter_type__type_support.hpp
[6.379s] -- Installing: /home/pheonix/ros2_ws/install/rcl_interfaces/include/rcl_interfaces/rcl_interfaces/msg/detail/set_parameters_result__traits.hpp
[6.379s] -- Installing: /home/pheonix/ros2_ws/install/rcl_interfaces/include/rcl_interfaces/rcl_interfaces/msg/detail/logger_level__struct.hpp
[6.401s] -- Installing: /home/pheonix/ros2_ws/install/rcl_interfaces/include/rcl_interfaces/rcl_interfaces/msg/detail/integer_range__traits.hpp
[6.403s] -- Installing: /home/pheonix/ros2_ws/install/rcl_interfaces/include/rcl_interfaces/rcl_interfaces/msg/detail/integer_range__struct.hpp
[6.403s] -- Installing: /home/pheonix/ros2_ws/install/rcl_interfaces/include/rcl_interfaces/rcl_interfaces/msg/detail/log__type_support.hpp
[6.404s] -- Installing: /home/pheonix/ros2_ws/install/rcl_interfaces/include/rcl_interfaces/rcl_interfaces/msg/detail/integer_range__builder.hpp
[6.408s] -- Installing: /home/pheonix/ros2_ws/install/rcl_interfaces/include/rcl_interfaces/rcl_interfaces/msg/detail/set_logger_levels_result__traits.hpp
[6.421s] -- Installing: /home/pheonix/ros2_ws/install/rcl_interfaces/include/rcl_interfaces/rcl_interfaces/msg/detail/parameter_value__builder.hpp
[6.421s] -- Installing: /home/pheonix/ros2_ws/install/rcl_interfaces/include/rcl_interfaces/rcl_interfaces/msg/detail/list_parameters_result__builder.hpp
[6.421s] -- Installing: /home/pheonix/ros2_ws/install/rcl_interfaces/include/rcl_interfaces/rcl_interfaces/msg/detail/parameter_event__type_support.hpp
[6.421s] -- Installing: /home/pheonix/ros2_ws/install/rcl_interfaces/include/rcl_interfaces/rcl_interfaces/msg/detail/parameter_type__traits.hpp
[6.421s] -- Installing: /home/pheonix/ros2_ws/install/rcl_interfaces/include/rcl_interfaces/rcl_interfaces/msg/detail/parameter_type__builder.hpp
[6.422s] -- Installing: /home/pheonix/ros2_ws/install/rcl_interfaces/include/rcl_interfaces/rcl_interfaces/msg/detail/log__traits.hpp
[6.422s] -- Installing: /home/pheonix/ros2_ws/install/rcl_interfaces/include/rcl_interfaces/rcl_interfaces/msg/detail/parameter_descriptor__struct.hpp
[6.422s] -- Installing: /home/pheonix/ros2_ws/install/rcl_interfaces/include/rcl_interfaces/rcl_interfaces/msg/parameter_descriptor.hpp
[6.422s] -- Installing: /home/pheonix/ros2_ws/install/rcl_interfaces/include/rcl_interfaces/rcl_interfaces/msg/set_parameters_result.hpp
[6.422s] -- Installing: /home/pheonix/ros2_ws/install/rcl_interfaces/include/rcl_interfaces/rcl_interfaces/msg/parameter_type.hpp
[6.430s] -- Installing: /home/pheonix/ros2_ws/install/rcl_interfaces/include/rcl_interfaces/rcl_interfaces/msg/set_logger_levels_result.hpp
[6.430s] -- Installing: /home/pheonix/ros2_ws/install/rcl_interfaces/include/rcl_interfaces/rcl_interfaces/msg/parameter_event_descriptors.hpp
[6.430s] -- Installing: /home/pheonix/ros2_ws/install/rcl_interfaces/include/rcl_interfaces/rcl_interfaces/msg/log.hpp
[6.431s] -- Installing: /home/pheonix/ros2_ws/install/rcl_interfaces/include/rcl_interfaces/rcl_interfaces/msg/logger_level.hpp
[6.432s] -- Installing: /home/pheonix/ros2_ws/install/rcl_interfaces/include/rcl_interfaces/rcl_interfaces/msg/parameter_value.hpp
[6.432s] -- Up-to-date: /home/pheonix/ros2_ws/install/rcl_interfaces/include/rcl_interfaces/rcl_interfaces/srv
[6.432s] -- Installing: /home/pheonix/ros2_ws/install/rcl_interfaces/include/rcl_interfaces/rcl_interfaces/srv/get_parameters.hpp
[6.448s] -- Installing: /home/pheonix/ros2_ws/install/rcl_interfaces/include/rcl_interfaces/rcl_interfaces/srv/set_parameters.hpp
[6.448s] -- Installing: /home/pheonix/ros2_ws/install/rcl_interfaces/include/rcl_interfaces/rcl_interfaces/srv/get_logger_levels.hpp
[6.462s] -- Installing: /home/pheonix/ros2_ws/install/rcl_interfaces/include/rcl_interfaces/rcl_interfaces/srv/describe_parameters.hpp
[6.462s] -- Up-to-date: /home/pheonix/ros2_ws/install/rcl_interfaces/include/rcl_interfaces/rcl_interfaces/srv/detail
[6.462s] -- Installing: /home/pheonix/ros2_ws/install/rcl_interfaces/include/rcl_interfaces/rcl_interfaces/srv/detail/get_parameters__type_support.hpp
[6.462s] -- Installing: /home/pheonix/ros2_ws/install/rcl_interfaces/include/rcl_interfaces/rcl_interfaces/srv/detail/set_parameters_atomically__traits.hpp
[6.463s] -- Installing: /home/pheonix/ros2_ws/install/rcl_interfaces/include/rcl_interfaces/rcl_interfaces/srv/detail/get_parameter_types__type_support.hpp
[6.463s] -- Installing: /home/pheonix/ros2_ws/install/rcl_interfaces/include/rcl_interfaces/rcl_interfaces/srv/detail/get_parameter_types__struct.hpp
[6.463s] -- Installing: /home/pheonix/ros2_ws/install/rcl_interfaces/include/rcl_interfaces/rcl_interfaces/srv/detail/list_parameters__struct.hpp
[6.463s] -- Installing: /home/pheonix/ros2_ws/install/rcl_interfaces/include/rcl_interfaces/rcl_interfaces/srv/detail/get_logger_levels__struct.hpp
[6.463s] -- Installing: /home/pheonix/ros2_ws/install/rcl_interfaces/include/rcl_interfaces/rcl_interfaces/srv/detail/describe_parameters__struct.hpp
[6.463s] -- Installing: /home/pheonix/ros2_ws/install/rcl_interfaces/include/rcl_interfaces/rcl_interfaces/srv/detail/describe_parameters__traits.hpp
[6.463s] -- Installing: /home/pheonix/ros2_ws/install/rcl_interfaces/include/rcl_interfaces/rcl_interfaces/srv/detail/get_parameters__builder.hpp
[6.470s] -- Installing: /home/pheonix/ros2_ws/install/rcl_interfaces/include/rcl_interfaces/rcl_interfaces/srv/detail/set_parameters_atomically__builder.hpp
[6.471s] -- Installing: /home/pheonix/ros2_ws/install/rcl_interfaces/include/rcl_interfaces/rcl_interfaces/srv/detail/get_parameters__struct.hpp
[6.471s] -- Installing: /home/pheonix/ros2_ws/install/rcl_interfaces/include/rcl_interfaces/rcl_interfaces/srv/detail/describe_parameters__type_support.hpp
[6.471s] -- Installing: /home/pheonix/ros2_ws/install/rcl_interfaces/include/rcl_interfaces/rcl_interfaces/srv/detail/set_parameters__type_support.hpp
[6.473s] -- Installing: /home/pheonix/ros2_ws/install/rcl_interfaces/include/rcl_interfaces/rcl_interfaces/srv/detail/list_parameters__traits.hpp
[6.475s] -- Installing: /home/pheonix/ros2_ws/install/rcl_interfaces/include/rcl_interfaces/rcl_interfaces/srv/detail/get_logger_levels__type_support.hpp
[6.475s] -- Installing: /home/pheonix/ros2_ws/install/rcl_interfaces/include/rcl_interfaces/rcl_interfaces/srv/detail/set_logger_levels__builder.hpp
[6.475s] -- Installing: /home/pheonix/ros2_ws/install/rcl_interfaces/include/rcl_interfaces/rcl_interfaces/srv/detail/get_logger_levels__traits.hpp
[6.475s] -- Installing: /home/pheonix/ros2_ws/install/rcl_interfaces/include/rcl_interfaces/rcl_interfaces/srv/detail/set_logger_levels__traits.hpp
[6.478s] -- Installing: /home/pheonix/ros2_ws/install/rcl_interfaces/include/rcl_interfaces/rcl_interfaces/srv/detail/get_parameters__traits.hpp
[6.478s] -- Installing: /home/pheonix/ros2_ws/install/rcl_interfaces/include/rcl_interfaces/rcl_interfaces/srv/detail/set_logger_levels__struct.hpp
[6.478s] -- Installing: /home/pheonix/ros2_ws/install/rcl_interfaces/include/rcl_interfaces/rcl_interfaces/srv/detail/describe_parameters__builder.hpp
[6.485s] -- Installing: /home/pheonix/ros2_ws/install/rcl_interfaces/include/rcl_interfaces/rcl_interfaces/srv/detail/get_logger_levels__builder.hpp
[6.496s] -- Installing: /home/pheonix/ros2_ws/install/rcl_interfaces/include/rcl_interfaces/rcl_interfaces/srv/detail/set_logger_levels__type_support.hpp
[6.496s] -- Installing: /home/pheonix/ros2_ws/install/rcl_interfaces/include/rcl_interfaces/rcl_interfaces/srv/detail/set_parameters_atomically__type_support.hpp
[6.496s] -- Installing: /home/pheonix/ros2_ws/install/rcl_interfaces/include/rcl_interfaces/rcl_interfaces/srv/detail/list_parameters__type_support.hpp
[6.496s] -- Installing: /home/pheonix/ros2_ws/install/rcl_interfaces/include/rcl_interfaces/rcl_interfaces/srv/detail/set_parameters__struct.hpp
[6.496s] -- Installing: /home/pheonix/ros2_ws/install/rcl_interfaces/include/rcl_interfaces/rcl_interfaces/srv/detail/set_parameters_atomically__struct.hpp
[6.497s] -- Installing: /home/pheonix/ros2_ws/install/rcl_interfaces/include/rcl_interfaces/rcl_interfaces/srv/detail/list_parameters__builder.hpp
[6.499s] -- Installing: /home/pheonix/ros2_ws/install/rcl_interfaces/include/rcl_interfaces/rcl_interfaces/srv/detail/set_parameters__builder.hpp
[6.506s] -- Installing: /home/pheonix/ros2_ws/install/rcl_interfaces/include/rcl_interfaces/rcl_interfaces/srv/detail/set_parameters__traits.hpp
[6.507s] -- Installing: /home/pheonix/ros2_ws/install/rcl_interfaces/include/rcl_interfaces/rcl_interfaces/srv/detail/get_parameter_types__traits.hpp
[6.508s] -- Installing: /home/pheonix/ros2_ws/install/rcl_interfaces/include/rcl_interfaces/rcl_interfaces/srv/detail/get_parameter_types__builder.hpp
[6.511s] -- Installing: /home/pheonix/ros2_ws/install/rcl_interfaces/include/rcl_interfaces/rcl_interfaces/srv/list_parameters.hpp
[6.515s] -- Installing: /home/pheonix/ros2_ws/install/rcl_interfaces/include/rcl_interfaces/rcl_interfaces/srv/set_parameters_atomically.hpp
[6.515s] -- Installing: /home/pheonix/ros2_ws/install/rcl_interfaces/include/rcl_interfaces/rcl_interfaces/srv/set_logger_levels.hpp
[6.515s] -- Installing: /home/pheonix/ros2_ws/install/rcl_interfaces/include/rcl_interfaces/rcl_interfaces/srv/get_parameter_types.hpp
[6.516s] -- Up-to-date: /home/pheonix/ros2_ws/install/rcl_interfaces/include/rcl_interfaces/rcl_interfaces
[6.516s] -- Up-to-date: /home/pheonix/ros2_ws/install/rcl_interfaces/include/rcl_interfaces/rcl_interfaces/msg
[6.529s] -- Up-to-date: /home/pheonix/ros2_ws/install/rcl_interfaces/include/rcl_interfaces/rcl_interfaces/msg/detail
[6.530s] -- Installing: /home/pheonix/ros2_ws/install/rcl_interfaces/include/rcl_interfaces/rcl_interfaces/msg/detail/list_parameters_result__rosidl_typesupport_fastrtps_cpp.hpp
[6.530s] -- Installing: /home/pheonix/ros2_ws/install/rcl_interfaces/include/rcl_interfaces/rcl_interfaces/msg/detail/parameter__rosidl_typesupport_fastrtps_cpp.hpp
[6.530s] -- Installing: /home/pheonix/ros2_ws/install/rcl_interfaces/include/rcl_interfaces/rcl_interfaces/msg/detail/log__rosidl_typesupport_fastrtps_cpp.hpp
[6.530s] -- Installing: /home/pheonix/ros2_ws/install/rcl_interfaces/include/rcl_interfaces/rcl_interfaces/msg/detail/integer_range__rosidl_typesupport_fastrtps_cpp.hpp
[6.530s] -- Installing: /home/pheonix/ros2_ws/install/rcl_interfaces/include/rcl_interfaces/rcl_interfaces/msg/detail/dds_fastrtps
[6.530s] -- Installing: /home/pheonix/ros2_ws/install/rcl_interfaces/include/rcl_interfaces/rcl_interfaces/msg/detail/parameter_type__rosidl_typesupport_fastrtps_cpp.hpp
[6.530s] -- Installing: /home/pheonix/ros2_ws/install/rcl_interfaces/include/rcl_interfaces/rcl_interfaces/msg/detail/floating_point_range__rosidl_typesupport_fastrtps_cpp.hpp
[6.530s] -- Installing: /home/pheonix/ros2_ws/install/rcl_interfaces/include/rcl_interfaces/rcl_interfaces/msg/detail/logger_level__rosidl_typesupport_fastrtps_cpp.hpp
[6.530s] -- Installing: /home/pheonix/ros2_ws/install/rcl_interfaces/include/rcl_interfaces/rcl_interfaces/msg/detail/parameter_event__rosidl_typesupport_fastrtps_cpp.hpp
[6.530s] -- Installing: /home/pheonix/ros2_ws/install/rcl_interfaces/include/rcl_interfaces/rcl_interfaces/msg/detail/set_parameters_result__rosidl_typesupport_fastrtps_cpp.hpp
[6.530s] -- Installing: /home/pheonix/ros2_ws/install/rcl_interfaces/include/rcl_interfaces/rcl_interfaces/msg/detail/set_logger_levels_result__rosidl_typesupport_fastrtps_cpp.hpp
[6.530s] -- Installing: /home/pheonix/ros2_ws/install/rcl_interfaces/include/rcl_interfaces/rcl_interfaces/msg/detail/parameter_event_descriptors__rosidl_typesupport_fastrtps_cpp.hpp
[6.530s] -- Installing: /home/pheonix/ros2_ws/install/rcl_interfaces/include/rcl_interfaces/rcl_interfaces/msg/detail/parameter_value__rosidl_typesupport_fastrtps_cpp.hpp
[6.530s] -- Installing: /home/pheonix/ros2_ws/install/rcl_interfaces/include/rcl_interfaces/rcl_interfaces/msg/detail/parameter_descriptor__rosidl_typesupport_fastrtps_cpp.hpp
[6.530s] -- Installing: /home/pheonix/ros2_ws/install/rcl_interfaces/include/rcl_interfaces/rcl_interfaces/msg/rosidl_typesupport_fastrtps_cpp__visibility_control.h
[6.530s] -- Up-to-date: /home/pheonix/ros2_ws/install/rcl_interfaces/include/rcl_interfaces/rcl_interfaces/srv
[6.530s] -- Up-to-date: /home/pheonix/ros2_ws/install/rcl_interfaces/include/rcl_interfaces/rcl_interfaces/srv/detail
[6.530s] -- Installing: /home/pheonix/ros2_ws/install/rcl_interfaces/include/rcl_interfaces/rcl_interfaces/srv/detail/dds_fastrtps
[6.530s] -- Installing: /home/pheonix/ros2_ws/install/rcl_interfaces/include/rcl_interfaces/rcl_interfaces/srv/detail/describe_parameters__rosidl_typesupport_fastrtps_cpp.hpp
[6.531s] -- Installing: /home/pheonix/ros2_ws/install/rcl_interfaces/include/rcl_interfaces/rcl_interfaces/srv/detail/list_parameters__rosidl_typesupport_fastrtps_cpp.hpp
[6.531s] -- Installing: /home/pheonix/ros2_ws/install/rcl_interfaces/include/rcl_interfaces/rcl_interfaces/srv/detail/set_parameters_atomically__rosidl_typesupport_fastrtps_cpp.hpp
[6.531s] -- Installing: /home/pheonix/ros2_ws/install/rcl_interfaces/include/rcl_interfaces/rcl_interfaces/srv/detail/get_parameter_types__rosidl_typesupport_fastrtps_cpp.hpp
[6.531s] -- Installing: /home/pheonix/ros2_ws/install/rcl_interfaces/include/rcl_interfaces/rcl_interfaces/srv/detail/set_parameters__rosidl_typesupport_fastrtps_cpp.hpp
[6.531s] -- Installing: /home/pheonix/ros2_ws/install/rcl_interfaces/include/rcl_interfaces/rcl_interfaces/srv/detail/set_logger_levels__rosidl_typesupport_fastrtps_cpp.hpp
[6.531s] -- Installing: /home/pheonix/ros2_ws/install/rcl_interfaces/include/rcl_interfaces/rcl_interfaces/srv/detail/get_parameters__rosidl_typesupport_fastrtps_cpp.hpp
[6.531s] -- Installing: /home/pheonix/ros2_ws/install/rcl_interfaces/include/rcl_interfaces/rcl_interfaces/srv/detail/get_logger_levels__rosidl_typesupport_fastrtps_cpp.hpp
[6.531s] -- Installing: /home/pheonix/ros2_ws/install/rcl_interfaces/lib/librcl_interfaces__rosidl_typesupport_fastrtps_cpp.so
[6.531s] -- Set non-toolchain portion of runtime path of "/home/pheonix/ros2_ws/install/rcl_interfaces/lib/librcl_interfaces__rosidl_typesupport_fastrtps_cpp.so" to ""
[6.531s] -- Up-to-date: /home/pheonix/ros2_ws/install/rcl_interfaces/include/rcl_interfaces/rcl_interfaces
[6.531s] -- Up-to-date: /home/pheonix/ros2_ws/install/rcl_interfaces/include/rcl_interfaces/rcl_interfaces/msg
[6.531s] -- Up-to-date: /home/pheonix/ros2_ws/install/rcl_interfaces/include/rcl_interfaces/rcl_interfaces/msg/detail
[6.531s] -- Installing: /home/pheonix/ros2_ws/install/rcl_interfaces/include/rcl_interfaces/rcl_interfaces/msg/detail/floating_point_range__rosidl_typesupport_introspection_cpp.hpp
[6.531s] -- Installing: /home/pheonix/ros2_ws/install/rcl_interfaces/include/rcl_interfaces/rcl_interfaces/msg/detail/parameter_event_descriptors__rosidl_typesupport_introspection_cpp.hpp
[6.531s] -- Installing: /home/pheonix/ros2_ws/install/rcl_interfaces/include/rcl_interfaces/rcl_interfaces/msg/detail/integer_range__rosidl_typesupport_introspection_cpp.hpp
[6.531s] -- Installing: /home/pheonix/ros2_ws/install/rcl_interfaces/include/rcl_interfaces/rcl_interfaces/msg/detail/parameter_descriptor__type_support.cpp
[6.531s] -- Installing: /home/pheonix/ros2_ws/install/rcl_interfaces/include/rcl_interfaces/rcl_interfaces/msg/detail/log__rosidl_typesupport_introspection_cpp.hpp
[6.531s] -- Installing: /home/pheonix/ros2_ws/install/rcl_interfaces/include/rcl_interfaces/rcl_interfaces/msg/detail/parameter__rosidl_typesupport_introspection_cpp.hpp
[6.531s] -- Installing: /home/pheonix/ros2_ws/install/rcl_interfaces/include/rcl_interfaces/rcl_interfaces/msg/detail/parameter_value__type_support.cpp
[6.531s] -- Installing: /home/pheonix/ros2_ws/install/rcl_interfaces/include/rcl_interfaces/rcl_interfaces/msg/detail/parameter__type_support.cpp
[6.531s] -- Installing: /home/pheonix/ros2_ws/install/rcl_interfaces/include/rcl_interfaces/rcl_interfaces/msg/detail/logger_level__rosidl_typesupport_introspection_cpp.hpp
[6.531s] -- Installing: /home/pheonix/ros2_ws/install/rcl_interfaces/include/rcl_interfaces/rcl_interfaces/msg/detail/list_parameters_result__type_support.cpp
[6.531s] -- Installing: /home/pheonix/ros2_ws/install/rcl_interfaces/include/rcl_interfaces/rcl_interfaces/msg/detail/parameter_event__rosidl_typesupport_introspection_cpp.hpp
[6.531s] -- Installing: /home/pheonix/ros2_ws/install/rcl_interfaces/include/rcl_interfaces/rcl_interfaces/msg/detail/parameter_event_descriptors__type_support.cpp
[6.531s] -- Installing: /home/pheonix/ros2_ws/install/rcl_interfaces/include/rcl_interfaces/rcl_interfaces/msg/detail/parameter_descriptor__rosidl_typesupport_introspection_cpp.hpp
[6.531s] -- Installing: /home/pheonix/ros2_ws/install/rcl_interfaces/include/rcl_interfaces/rcl_interfaces/msg/detail/parameter_value__rosidl_typesupport_introspection_cpp.hpp
[6.534s] -- Installing: /home/pheonix/ros2_ws/install/rcl_interfaces/include/rcl_interfaces/rcl_interfaces/msg/detail/parameter_event__type_support.cpp
[6.534s] -- Installing: /home/pheonix/ros2_ws/install/rcl_interfaces/include/rcl_interfaces/rcl_interfaces/msg/detail/set_parameters_result__type_support.cpp
[6.534s] -- Installing: /home/pheonix/ros2_ws/install/rcl_interfaces/include/rcl_interfaces/rcl_interfaces/msg/detail/integer_range__type_support.cpp
[6.534s] -- Installing: /home/pheonix/ros2_ws/install/rcl_interfaces/include/rcl_interfaces/rcl_interfaces/msg/detail/parameter_type__type_support.cpp
[6.534s] -- Installing: /home/pheonix/ros2_ws/install/rcl_interfaces/include/rcl_interfaces/rcl_interfaces/msg/detail/set_logger_levels_result__type_support.cpp
[6.534s] -- Installing: /home/pheonix/ros2_ws/install/rcl_interfaces/include/rcl_interfaces/rcl_interfaces/msg/detail/set_logger_levels_result__rosidl_typesupport_introspection_cpp.hpp
[6.534s] -- Installing: /home/pheonix/ros2_ws/install/rcl_interfaces/include/rcl_interfaces/rcl_interfaces/msg/detail/list_parameters_result__rosidl_typesupport_introspection_cpp.hpp
[6.534s] -- Installing: /home/pheonix/ros2_ws/install/rcl_interfaces/include/rcl_interfaces/rcl_interfaces/msg/detail/log__type_support.cpp
[6.534s] -- Installing: /home/pheonix/ros2_ws/install/rcl_interfaces/include/rcl_interfaces/rcl_interfaces/msg/detail/parameter_type__rosidl_typesupport_introspection_cpp.hpp
[6.534s] -- Installing: /home/pheonix/ros2_ws/install/rcl_interfaces/include/rcl_interfaces/rcl_interfaces/msg/detail/floating_point_range__type_support.cpp
[6.534s] -- Installing: /home/pheonix/ros2_ws/install/rcl_interfaces/include/rcl_interfaces/rcl_interfaces/msg/detail/set_parameters_result__rosidl_typesupport_introspection_cpp.hpp
[6.534s] -- Installing: /home/pheonix/ros2_ws/install/rcl_interfaces/include/rcl_interfaces/rcl_interfaces/msg/detail/logger_level__type_support.cpp
[6.534s] -- Up-to-date: /home/pheonix/ros2_ws/install/rcl_interfaces/include/rcl_interfaces/rcl_interfaces/srv
[6.534s] -- Up-to-date: /home/pheonix/ros2_ws/install/rcl_interfaces/include/rcl_interfaces/rcl_interfaces/srv/detail
[6.535s] -- Installing: /home/pheonix/ros2_ws/install/rcl_interfaces/include/rcl_interfaces/rcl_interfaces/srv/detail/get_logger_levels__type_support.cpp
[6.535s] -- Installing: /home/pheonix/ros2_ws/install/rcl_interfaces/include/rcl_interfaces/rcl_interfaces/srv/detail/get_logger_levels__rosidl_typesupport_introspection_cpp.hpp
[6.535s] -- Installing: /home/pheonix/ros2_ws/install/rcl_interfaces/include/rcl_interfaces/rcl_interfaces/srv/detail/describe_parameters__rosidl_typesupport_introspection_cpp.hpp
[6.535s] -- Installing: /home/pheonix/ros2_ws/install/rcl_interfaces/include/rcl_interfaces/rcl_interfaces/srv/detail/set_logger_levels__rosidl_typesupport_introspection_cpp.hpp
[6.537s] -- Installing: /home/pheonix/ros2_ws/install/rcl_interfaces/include/rcl_interfaces/rcl_interfaces/srv/detail/get_parameter_types__rosidl_typesupport_introspection_cpp.hpp
[6.537s] -- Installing: /home/pheonix/ros2_ws/install/rcl_interfaces/include/rcl_interfaces/rcl_interfaces/srv/detail/get_parameter_types__type_support.cpp
[6.538s] -- Installing: /home/pheonix/ros2_ws/install/rcl_interfaces/include/rcl_interfaces/rcl_interfaces/srv/detail/set_parameters__rosidl_typesupport_introspection_cpp.hpp
[6.538s] -- Installing: /home/pheonix/ros2_ws/install/rcl_interfaces/include/rcl_interfaces/rcl_interfaces/srv/detail/get_parameters__rosidl_typesupport_introspection_cpp.hpp
[6.539s] -- Installing: /home/pheonix/ros2_ws/install/rcl_interfaces/include/rcl_interfaces/rcl_interfaces/srv/detail/get_parameters__type_support.cpp
[6.539s] -- Installing: /home/pheonix/ros2_ws/install/rcl_interfaces/include/rcl_interfaces/rcl_interfaces/srv/detail/list_parameters__type_support.cpp
[6.539s] -- Installing: /home/pheonix/ros2_ws/install/rcl_interfaces/include/rcl_interfaces/rcl_interfaces/srv/detail/describe_parameters__type_support.cpp
[6.539s] -- Installing: /home/pheonix/ros2_ws/install/rcl_interfaces/include/rcl_interfaces/rcl_interfaces/srv/detail/set_parameters_atomically__rosidl_typesupport_introspection_cpp.hpp
[6.540s] -- Installing: /home/pheonix/ros2_ws/install/rcl_interfaces/include/rcl_interfaces/rcl_interfaces/srv/detail/set_parameters_atomically__type_support.cpp
[6.541s] -- Installing: /home/pheonix/ros2_ws/install/rcl_interfaces/include/rcl_interfaces/rcl_interfaces/srv/detail/set_logger_levels__type_support.cpp
[6.541s] -- Installing: /home/pheonix/ros2_ws/install/rcl_interfaces/include/rcl_interfaces/rcl_interfaces/srv/detail/list_parameters__rosidl_typesupport_introspection_cpp.hpp
[6.547s] -- Installing: /home/pheonix/ros2_ws/install/rcl_interfaces/include/rcl_interfaces/rcl_interfaces/srv/detail/set_parameters__type_support.cpp
[6.547s] -- Installing: /home/pheonix/ros2_ws/install/rcl_interfaces/lib/librcl_interfaces__rosidl_typesupport_introspection_cpp.so
[6.552s] -- Set non-toolchain portion of runtime path of "/home/pheonix/ros2_ws/install/rcl_interfaces/lib/librcl_interfaces__rosidl_typesupport_introspection_cpp.so" to ""
[6.552s] -- Installing: /home/pheonix/ros2_ws/install/rcl_interfaces/lib/librcl_interfaces__rosidl_typesupport_cpp.so
[6.552s] -- Set non-toolchain portion of runtime path of "/home/pheonix/ros2_ws/install/rcl_interfaces/lib/librcl_interfaces__rosidl_typesupport_cpp.so" to ""
[6.552s] -- Installing: /home/pheonix/ros2_ws/install/rcl_interfaces/share/rcl_interfaces/environment/pythonpath.sh
[6.552s] -- Installing: /home/pheonix/ros2_ws/install/rcl_interfaces/share/rcl_interfaces/environment/pythonpath.dsv
[6.554s] -- Installing: /home/pheonix/ros2_ws/install/rcl_interfaces/lib/python3.12/site-packages/rcl_interfaces-2.2.0-py3.12.egg-info
[6.554s] -- Installing: /home/pheonix/ros2_ws/install/rcl_interfaces/lib/python3.12/site-packages/rcl_interfaces-2.2.0-py3.12.egg-info/SOURCES.txt
[6.573s] -- Installing: /home/pheonix/ros2_ws/install/rcl_interfaces/lib/python3.12/site-packages/rcl_interfaces-2.2.0-py3.12.egg-info/dependency_links.txt
[6.573s] -- Installing: /home/pheonix/ros2_ws/install/rcl_interfaces/lib/python3.12/site-packages/rcl_interfaces-2.2.0-py3.12.egg-info/PKG-INFO
[6.573s] -- Installing: /home/pheonix/ros2_ws/install/rcl_interfaces/lib/python3.12/site-packages/rcl_interfaces-2.2.0-py3.12.egg-info/top_level.txt
[6.574s] -- Installing: /home/pheonix/ros2_ws/install/rcl_interfaces/lib/python3.12/site-packages/rcl_interfaces
[6.574s] -- Installing: /home/pheonix/ros2_ws/install/rcl_interfaces/lib/python3.12/site-packages/rcl_interfaces/rcl_interfaces_s__rosidl_typesupport_introspection_c.so
[6.574s] -- Installing: /home/pheonix/ros2_ws/install/rcl_interfaces/lib/python3.12/site-packages/rcl_interfaces/rcl_interfaces_s__rosidl_typesupport_c.so
[6.574s] -- Installing: /home/pheonix/ros2_ws/install/rcl_interfaces/lib/python3.12/site-packages/rcl_interfaces/rcl_interfaces_s__rosidl_typesupport_fastrtps_c.so
[6.574s] -- Installing: /home/pheonix/ros2_ws/install/rcl_interfaces/lib/python3.12/site-packages/rcl_interfaces/msg
[6.574s] -- Installing: /home/pheonix/ros2_ws/install/rcl_interfaces/lib/python3.12/site-packages/rcl_interfaces/msg/_parameter_value.py
[6.574s] -- Installing: /home/pheonix/ros2_ws/install/rcl_interfaces/lib/python3.12/site-packages/rcl_interfaces/msg/_logger_level.py
[6.574s] -- Installing: /home/pheonix/ros2_ws/install/rcl_interfaces/lib/python3.12/site-packages/rcl_interfaces/msg/_parameter_value_s.c
[6.574s] -- Installing: /home/pheonix/ros2_ws/install/rcl_interfaces/lib/python3.12/site-packages/rcl_interfaces/msg/_integer_range_s.c
[6.574s] -- Installing: /home/pheonix/ros2_ws/install/rcl_interfaces/lib/python3.12/site-packages/rcl_interfaces/msg/_parameter_event_descriptors_s.c
[6.574s] -- Installing: /home/pheonix/ros2_ws/install/rcl_interfaces/lib/python3.12/site-packages/rcl_interfaces/msg/_logger_level_s.c
[6.574s] -- Installing: /home/pheonix/ros2_ws/install/rcl_interfaces/lib/python3.12/site-packages/rcl_interfaces/msg/_parameter_event_descriptors.py
[6.574s] -- Installing: /home/pheonix/ros2_ws/install/rcl_interfaces/lib/python3.12/site-packages/rcl_interfaces/msg/_parameter_descriptor.py
[6.574s] -- Installing: /home/pheonix/ros2_ws/install/rcl_interfaces/lib/python3.12/site-packages/rcl_interfaces/msg/_parameter.py
[6.574s] -- Installing: /home/pheonix/ros2_ws/install/rcl_interfaces/lib/python3.12/site-packages/rcl_interfaces/msg/_list_parameters_result.py
[6.574s] -- Installing: /home/pheonix/ros2_ws/install/rcl_interfaces/lib/python3.12/site-packages/rcl_interfaces/msg/_floating_point_range_s.c
[6.574s] -- Installing: /home/pheonix/ros2_ws/install/rcl_interfaces/lib/python3.12/site-packages/rcl_interfaces/msg/_integer_range.py
[6.574s] -- Installing: /home/pheonix/ros2_ws/install/rcl_interfaces/lib/python3.12/site-packages/rcl_interfaces/msg/_parameter_type.py
[6.574s] -- Installing: /home/pheonix/ros2_ws/install/rcl_interfaces/lib/python3.12/site-packages/rcl_interfaces/msg/_set_logger_levels_result_s.c
[6.574s] -- Installing: /home/pheonix/ros2_ws/install/rcl_interfaces/lib/python3.12/site-packages/rcl_interfaces/msg/_log_s.c
[6.574s] -- Installing: /home/pheonix/ros2_ws/install/rcl_interfaces/lib/python3.12/site-packages/rcl_interfaces/msg/_parameter_event.py
[6.574s] -- Installing: /home/pheonix/ros2_ws/install/rcl_interfaces/lib/python3.12/site-packages/rcl_interfaces/msg/_parameter_type_s.c
[6.574s] -- Installing: /home/pheonix/ros2_ws/install/rcl_interfaces/lib/python3.12/site-packages/rcl_interfaces/msg/_set_parameters_result_s.c
[6.574s] -- Installing: /home/pheonix/ros2_ws/install/rcl_interfaces/lib/python3.12/site-packages/rcl_interfaces/msg/_floating_point_range.py
[6.574s] -- Installing: /home/pheonix/ros2_ws/install/rcl_interfaces/lib/python3.12/site-packages/rcl_interfaces/msg/_set_logger_levels_result.py
[6.574s] -- Installing: /home/pheonix/ros2_ws/install/rcl_interfaces/lib/python3.12/site-packages/rcl_interfaces/msg/_list_parameters_result_s.c
[6.574s] -- Installing: /home/pheonix/ros2_ws/install/rcl_interfaces/lib/python3.12/site-packages/rcl_interfaces/msg/_parameter_s.c
[6.574s] -- Installing: /home/pheonix/ros2_ws/install/rcl_interfaces/lib/python3.12/site-packages/rcl_interfaces/msg/__init__.py
[6.574s] -- Installing: /home/pheonix/ros2_ws/install/rcl_interfaces/lib/python3.12/site-packages/rcl_interfaces/msg/_set_parameters_result.py
[6.574s] -- Installing: /home/pheonix/ros2_ws/install/rcl_interfaces/lib/python3.12/site-packages/rcl_interfaces/msg/_parameter_event_s.c
[6.574s] -- Installing: /home/pheonix/ros2_ws/install/rcl_interfaces/lib/python3.12/site-packages/rcl_interfaces/msg/_parameter_descriptor_s.c
[6.574s] -- Installing: /home/pheonix/ros2_ws/install/rcl_interfaces/lib/python3.12/site-packages/rcl_interfaces/msg/_log.py
[6.575s] -- Installing: /home/pheonix/ros2_ws/install/rcl_interfaces/lib/python3.12/site-packages/rcl_interfaces/_rcl_interfaces_s.ep.rosidl_typesupport_c.c
[6.575s] -- Installing: /home/pheonix/ros2_ws/install/rcl_interfaces/lib/python3.12/site-packages/rcl_interfaces/_rcl_interfaces_s.ep.rosidl_typesupport_introspection_c.c
[6.575s] -- Installing: /home/pheonix/ros2_ws/install/rcl_interfaces/lib/python3.12/site-packages/rcl_interfaces/__init__.py
[6.575s] -- Installing: /home/pheonix/ros2_ws/install/rcl_interfaces/lib/python3.12/site-packages/rcl_interfaces/_rcl_interfaces_s.ep.rosidl_typesupport_fastrtps_c.c
[6.575s] -- Installing: /home/pheonix/ros2_ws/install/rcl_interfaces/lib/python3.12/site-packages/rcl_interfaces/srv
[6.575s] -- Installing: /home/pheonix/ros2_ws/install/rcl_interfaces/lib/python3.12/site-packages/rcl_interfaces/srv/_set_parameters.py
[6.575s] -- Installing: /home/pheonix/ros2_ws/install/rcl_interfaces/lib/python3.12/site-packages/rcl_interfaces/srv/_list_parameters.py
[6.575s] -- Installing: /home/pheonix/ros2_ws/install/rcl_interfaces/lib/python3.12/site-packages/rcl_interfaces/srv/_get_parameters.py
[6.575s] -- Installing: /home/pheonix/ros2_ws/install/rcl_interfaces/lib/python3.12/site-packages/rcl_interfaces/srv/_list_parameters_s.c
[6.575s] -- Installing: /home/pheonix/ros2_ws/install/rcl_interfaces/lib/python3.12/site-packages/rcl_interfaces/srv/_set_parameters_s.c
[6.575s] -- Installing: /home/pheonix/ros2_ws/install/rcl_interfaces/lib/python3.12/site-packages/rcl_interfaces/srv/_set_parameters_atomically.py
[6.575s] -- Installing: /home/pheonix/ros2_ws/install/rcl_interfaces/lib/python3.12/site-packages/rcl_interfaces/srv/_get_logger_levels_s.c
[6.575s] -- Installing: /home/pheonix/ros2_ws/install/rcl_interfaces/lib/python3.12/site-packages/rcl_interfaces/srv/_get_logger_levels.py
[6.575s] -- Installing: /home/pheonix/ros2_ws/install/rcl_interfaces/lib/python3.12/site-packages/rcl_interfaces/srv/_set_logger_levels.py
[6.575s] -- Installing: /home/pheonix/ros2_ws/install/rcl_interfaces/lib/python3.12/site-packages/rcl_interfaces/srv/_set_parameters_atomically_s.c
[6.575s] -- Installing: /home/pheonix/ros2_ws/install/rcl_interfaces/lib/python3.12/site-packages/rcl_interfaces/srv/_describe_parameters.py
[6.575s] -- Installing: /home/pheonix/ros2_ws/install/rcl_interfaces/lib/python3.12/site-packages/rcl_interfaces/srv/_get_parameter_types_s.c
[6.575s] -- Installing: /home/pheonix/ros2_ws/install/rcl_interfaces/lib/python3.12/site-packages/rcl_interfaces/srv/_set_logger_levels_s.c
[6.575s] -- Installing: /home/pheonix/ros2_ws/install/rcl_interfaces/lib/python3.12/site-packages/rcl_interfaces/srv/__init__.py
[6.586s] -- Installing: /home/pheonix/ros2_ws/install/rcl_interfaces/lib/python3.12/site-packages/rcl_interfaces/srv/_describe_parameters_s.c
[6.586s] -- Installing: /home/pheonix/ros2_ws/install/rcl_interfaces/lib/python3.12/site-packages/rcl_interfaces/srv/_get_parameters_s.c
[6.589s] -- Installing: /home/pheonix/ros2_ws/install/rcl_interfaces/lib/python3.12/site-packages/rcl_interfaces/srv/_get_parameter_types.py
[6.753s] Listing '/home/pheonix/ros2_ws/install/rcl_interfaces/lib/python3.12/site-packages/rcl_interfaces'...
[6.753s] Compiling '/home/pheonix/ros2_ws/install/rcl_interfaces/lib/python3.12/site-packages/rcl_interfaces/__init__.py'...
[6.753s] Listing '/home/pheonix/ros2_ws/install/rcl_interfaces/lib/python3.12/site-packages/rcl_interfaces/msg'...
[6.753s] Compiling '/home/pheonix/ros2_ws/install/rcl_interfaces/lib/python3.12/site-packages/rcl_interfaces/msg/__init__.py'...
[6.753s] Compiling '/home/pheonix/ros2_ws/install/rcl_interfaces/lib/python3.12/site-packages/rcl_interfaces/msg/_floating_point_range.py'...
[6.753s] Compiling '/home/pheonix/ros2_ws/install/rcl_interfaces/lib/python3.12/site-packages/rcl_interfaces/msg/_integer_range.py'...
[6.753s] Compiling '/home/pheonix/ros2_ws/install/rcl_interfaces/lib/python3.12/site-packages/rcl_interfaces/msg/_list_parameters_result.py'...
[6.753s] Compiling '/home/pheonix/ros2_ws/install/rcl_interfaces/lib/python3.12/site-packages/rcl_interfaces/msg/_log.py'...
[6.753s] Compiling '/home/pheonix/ros2_ws/install/rcl_interfaces/lib/python3.12/site-packages/rcl_interfaces/msg/_logger_level.py'...
[6.753s] Compiling '/home/pheonix/ros2_ws/install/rcl_interfaces/lib/python3.12/site-packages/rcl_interfaces/msg/_parameter.py'...
[6.753s] Compiling '/home/pheonix/ros2_ws/install/rcl_interfaces/lib/python3.12/site-packages/rcl_interfaces/msg/_parameter_descriptor.py'...
[6.753s] Compiling '/home/pheonix/ros2_ws/install/rcl_interfaces/lib/python3.12/site-packages/rcl_interfaces/msg/_parameter_event.py'...
[6.753s] Compiling '/home/pheonix/ros2_ws/install/rcl_interfaces/lib/python3.12/site-packages/rcl_interfaces/msg/_parameter_event_descriptors.py'...
[6.753s] Compiling '/home/pheonix/ros2_ws/install/rcl_interfaces/lib/python3.12/site-packages/rcl_interfaces/msg/_parameter_type.py'...
[6.753s] Compiling '/home/pheonix/ros2_ws/install/rcl_interfaces/lib/python3.12/site-packages/rcl_interfaces/msg/_parameter_value.py'...
[6.754s] Compiling '/home/pheonix/ros2_ws/install/rcl_interfaces/lib/python3.12/site-packages/rcl_interfaces/msg/_set_logger_levels_result.py'...
[6.754s] Compiling '/home/pheonix/ros2_ws/install/rcl_interfaces/lib/python3.12/site-packages/rcl_interfaces/msg/_set_parameters_result.py'...
[6.754s] Listing '/home/pheonix/ros2_ws/install/rcl_interfaces/lib/python3.12/site-packages/rcl_interfaces/srv'...
[6.754s] Compiling '/home/pheonix/ros2_ws/install/rcl_interfaces/lib/python3.12/site-packages/rcl_interfaces/srv/__init__.py'...
[6.754s] Compiling '/home/pheonix/ros2_ws/install/rcl_interfaces/lib/python3.12/site-packages/rcl_interfaces/srv/_describe_parameters.py'...
[6.754s] Compiling '/home/pheonix/ros2_ws/install/rcl_interfaces/lib/python3.12/site-packages/rcl_interfaces/srv/_get_logger_levels.py'...
[6.754s] Compiling '/home/pheonix/ros2_ws/install/rcl_interfaces/lib/python3.12/site-packages/rcl_interfaces/srv/_get_parameter_types.py'...
[6.754s] Compiling '/home/pheonix/ros2_ws/install/rcl_interfaces/lib/python3.12/site-packages/rcl_interfaces/srv/_get_parameters.py'...
[6.754s] Compiling '/home/pheonix/ros2_ws/install/rcl_interfaces/lib/python3.12/site-packages/rcl_interfaces/srv/_list_parameters.py'...
[6.754s] Compiling '/home/pheonix/ros2_ws/install/rcl_interfaces/lib/python3.12/site-packages/rcl_interfaces/srv/_set_logger_levels.py'...
[6.754s] Compiling '/home/pheonix/ros2_ws/install/rcl_interfaces/lib/python3.12/site-packages/rcl_interfaces/srv/_set_parameters.py'...
[6.754s] Compiling '/home/pheonix/ros2_ws/install/rcl_interfaces/lib/python3.12/site-packages/rcl_interfaces/srv/_set_parameters_atomically.py'...
[6.765s] -- Installing: /home/pheonix/ros2_ws/install/rcl_interfaces/lib/python3.12/site-packages/rcl_interfaces/rcl_interfaces_s__rosidl_typesupport_fastrtps_c.so
[6.765s] -- Set non-toolchain portion of runtime path of "/home/pheonix/ros2_ws/install/rcl_interfaces/lib/python3.12/site-packages/rcl_interfaces/rcl_interfaces_s__rosidl_typesupport_fastrtps_c.so" to ""
[6.765s] -- Installing: /home/pheonix/ros2_ws/install/rcl_interfaces/lib/python3.12/site-packages/rcl_interfaces/rcl_interfaces_s__rosidl_typesupport_introspection_c.so
[6.765s] -- Set non-toolchain portion of runtime path of "/home/pheonix/ros2_ws/install/rcl_interfaces/lib/python3.12/site-packages/rcl_interfaces/rcl_interfaces_s__rosidl_typesupport_introspection_c.so" to ""
[6.765s] -- Installing: /home/pheonix/ros2_ws/install/rcl_interfaces/lib/python3.12/site-packages/rcl_interfaces/rcl_interfaces_s__rosidl_typesupport_c.so
[6.768s] -- Set non-toolchain portion of runtime path of "/home/pheonix/ros2_ws/install/rcl_interfaces/lib/python3.12/site-packages/rcl_interfaces/rcl_interfaces_s__rosidl_typesupport_c.so" to ""
[6.768s] -- Installing: /home/pheonix/ros2_ws/install/rcl_interfaces/lib/librcl_interfaces__rosidl_generator_py.so
[6.768s] -- Set non-toolchain portion of runtime path of "/home/pheonix/ros2_ws/install/rcl_interfaces/lib/librcl_interfaces__rosidl_generator_py.so" to ""
[6.768s] -- Installing: /home/pheonix/ros2_ws/install/rcl_interfaces/share/rcl_interfaces/msg/FloatingPointRange.idl
[6.772s] -- Installing: /home/pheonix/ros2_ws/install/rcl_interfaces/share/rcl_interfaces/msg/IntegerRange.idl
[6.772s] -- Installing: /home/pheonix/ros2_ws/install/rcl_interfaces/share/rcl_interfaces/msg/ListParametersResult.idl
[6.772s] -- Installing: /home/pheonix/ros2_ws/install/rcl_interfaces/share/rcl_interfaces/msg/Log.idl
[6.772s] -- Installing: /home/pheonix/ros2_ws/install/rcl_interfaces/share/rcl_interfaces/msg/ParameterDescriptor.idl
[6.772s] -- Installing: /home/pheonix/ros2_ws/install/rcl_interfaces/share/rcl_interfaces/msg/ParameterEventDescriptors.idl
[6.772s] -- Installing: /home/pheonix/ros2_ws/install/rcl_interfaces/share/rcl_interfaces/msg/ParameterEvent.idl
[6.772s] -- Installing: /home/pheonix/ros2_ws/install/rcl_interfaces/share/rcl_interfaces/msg/Parameter.idl
[6.772s] -- Installing: /home/pheonix/ros2_ws/install/rcl_interfaces/share/rcl_interfaces/msg/ParameterType.idl
[6.772s] -- Installing: /home/pheonix/ros2_ws/install/rcl_interfaces/share/rcl_interfaces/msg/ParameterValue.idl
[6.772s] -- Installing: /home/pheonix/ros2_ws/install/rcl_interfaces/share/rcl_interfaces/msg/SetParametersResult.idl
[6.772s] -- Installing: /home/pheonix/ros2_ws/install/rcl_interfaces/share/rcl_interfaces/msg/LoggerLevel.idl
[6.772s] -- Installing: /home/pheonix/ros2_ws/install/rcl_interfaces/share/rcl_interfaces/msg/SetLoggerLevelsResult.idl
[6.772s] -- Installing: /home/pheonix/ros2_ws/install/rcl_interfaces/share/rcl_interfaces/srv/DescribeParameters.idl
[6.772s] -- Installing: /home/pheonix/ros2_ws/install/rcl_interfaces/share/rcl_interfaces/srv/GetParameters.idl
[6.772s] -- Installing: /home/pheonix/ros2_ws/install/rcl_interfaces/share/rcl_interfaces/srv/GetParameterTypes.idl
[6.772s] -- Installing: /home/pheonix/ros2_ws/install/rcl_interfaces/share/rcl_interfaces/srv/ListParameters.idl
[6.772s] -- Installing: /home/pheonix/ros2_ws/install/rcl_interfaces/share/rcl_interfaces/srv/SetParametersAtomically.idl
[6.772s] -- Installing: /home/pheonix/ros2_ws/install/rcl_interfaces/share/rcl_interfaces/srv/SetParameters.idl
[6.772s] -- Installing: /home/pheonix/ros2_ws/install/rcl_interfaces/share/rcl_interfaces/srv/GetLoggerLevels.idl
[6.772s] -- Installing: /home/pheonix/ros2_ws/install/rcl_interfaces/share/rcl_interfaces/srv/SetLoggerLevels.idl
[6.772s] -- Installing: /home/pheonix/ros2_ws/install/rcl_interfaces/share/rcl_interfaces/msg/FloatingPointRange.msg
[6.772s] -- Installing: /home/pheonix/ros2_ws/install/rcl_interfaces/share/rcl_interfaces/msg/IntegerRange.msg
[6.772s] -- Installing: /home/pheonix/ros2_ws/install/rcl_interfaces/share/rcl_interfaces/msg/ListParametersResult.msg
[6.772s] -- Installing: /home/pheonix/ros2_ws/install/rcl_interfaces/share/rcl_interfaces/msg/Log.msg
[6.772s] -- Installing: /home/pheonix/ros2_ws/install/rcl_interfaces/share/rcl_interfaces/msg/ParameterDescriptor.msg
[6.773s] -- Installing: /home/pheonix/ros2_ws/install/rcl_interfaces/share/rcl_interfaces/msg/ParameterEventDescriptors.msg
[6.773s] -- Installing: /home/pheonix/ros2_ws/install/rcl_interfaces/share/rcl_interfaces/msg/ParameterEvent.msg
[6.773s] -- Installing: /home/pheonix/ros2_ws/install/rcl_interfaces/share/rcl_interfaces/msg/Parameter.msg
[6.773s] -- Installing: /home/pheonix/ros2_ws/install/rcl_interfaces/share/rcl_interfaces/msg/ParameterType.msg
[6.773s] -- Installing: /home/pheonix/ros2_ws/install/rcl_interfaces/share/rcl_interfaces/msg/ParameterValue.msg
[6.773s] -- Installing: /home/pheonix/ros2_ws/install/rcl_interfaces/share/rcl_interfaces/msg/SetParametersResult.msg
[6.773s] -- Installing: /home/pheonix/ros2_ws/install/rcl_interfaces/share/rcl_interfaces/msg/LoggerLevel.msg
[6.773s] -- Installing: /home/pheonix/ros2_ws/install/rcl_interfaces/share/rcl_interfaces/msg/SetLoggerLevelsResult.msg
[6.773s] -- Installing: /home/pheonix/ros2_ws/install/rcl_interfaces/share/rcl_interfaces/srv/DescribeParameters.srv
[6.773s] -- Installing: /home/pheonix/ros2_ws/install/rcl_interfaces/share/rcl_interfaces/srv/GetParameters.srv
[6.773s] -- Installing: /home/pheonix/ros2_ws/install/rcl_interfaces/share/rcl_interfaces/srv/GetParameterTypes.srv
[6.773s] -- Installing: /home/pheonix/ros2_ws/install/rcl_interfaces/share/rcl_interfaces/srv/ListParameters.srv
[6.773s] -- Installing: /home/pheonix/ros2_ws/install/rcl_interfaces/share/rcl_interfaces/srv/SetParametersAtomically.srv
[6.773s] -- Installing: /home/pheonix/ros2_ws/install/rcl_interfaces/share/rcl_interfaces/srv/SetParameters.srv
[6.773s] -- Installing: /home/pheonix/ros2_ws/install/rcl_interfaces/share/rcl_interfaces/srv/GetLoggerLevels.srv
[6.773s] -- Installing: /home/pheonix/ros2_ws/install/rcl_interfaces/share/rcl_interfaces/srv/SetLoggerLevels.srv
[6.773s] -- Installing: /home/pheonix/ros2_ws/install/rcl_interfaces/share/rcl_interfaces/mapping_rules.yaml
[6.793s] -- Installing: /home/pheonix/ros2_ws/install/rcl_interfaces/share/ament_index/resource_index/package_run_dependencies/rcl_interfaces
[6.793s] -- Installing: /home/pheonix/ros2_ws/install/rcl_interfaces/share/ament_index/resource_index/parent_prefix_path/rcl_interfaces
[6.793s] -- Installing: /home/pheonix/ros2_ws/install/rcl_interfaces/share/rcl_interfaces/environment/ament_prefix_path.sh
[6.793s] -- Installing: /home/pheonix/ros2_ws/install/rcl_interfaces/share/rcl_interfaces/environment/ament_prefix_path.dsv
[6.793s] -- Installing: /home/pheonix/ros2_ws/install/rcl_interfaces/share/rcl_interfaces/environment/path.sh
[6.793s] -- Installing: /home/pheonix/ros2_ws/install/rcl_interfaces/share/rcl_interfaces/environment/path.dsv
[6.793s] -- Installing: /home/pheonix/ros2_ws/install/rcl_interfaces/share/rcl_interfaces/local_setup.bash
[6.793s] -- Installing: /home/pheonix/ros2_ws/install/rcl_interfaces/share/rcl_interfaces/local_setup.sh
[6.793s] -- Installing: /home/pheonix/ros2_ws/install/rcl_interfaces/share/rcl_interfaces/local_setup.zsh
[6.793s] -- Installing: /home/pheonix/ros2_ws/install/rcl_interfaces/share/rcl_interfaces/local_setup.dsv
[6.793s] -- Installing: /home/pheonix/ros2_ws/install/rcl_interfaces/share/rcl_interfaces/package.dsv
[6.793s] -- Installing: /home/pheonix/ros2_ws/install/rcl_interfaces/share/ament_index/resource_index/packages/rcl_interfaces
[6.793s] -- Installing: /home/pheonix/ros2_ws/install/rcl_interfaces/share/rcl_interfaces/cmake/export_rcl_interfaces__rosidl_generator_cExport.cmake
[6.793s] -- Installing: /home/pheonix/ros2_ws/install/rcl_interfaces/share/rcl_interfaces/cmake/export_rcl_interfaces__rosidl_generator_cExport-noconfig.cmake
[6.793s] -- Installing: /home/pheonix/ros2_ws/install/rcl_interfaces/share/rcl_interfaces/cmake/export_rcl_interfaces__rosidl_typesupport_fastrtps_cExport.cmake
[6.793s] -- Installing: /home/pheonix/ros2_ws/install/rcl_interfaces/share/rcl_interfaces/cmake/export_rcl_interfaces__rosidl_typesupport_fastrtps_cExport-noconfig.cmake
[6.793s] -- Installing: /home/pheonix/ros2_ws/install/rcl_interfaces/share/rcl_interfaces/cmake/rcl_interfaces__rosidl_typesupport_introspection_cExport.cmake
[6.795s] -- Installing: /home/pheonix/ros2_ws/install/rcl_interfaces/share/rcl_interfaces/cmake/rcl_interfaces__rosidl_typesupport_introspection_cExport-noconfig.cmake
[6.795s] -- Installing: /home/pheonix/ros2_ws/install/rcl_interfaces/share/rcl_interfaces/cmake/rcl_interfaces__rosidl_typesupport_cExport.cmake
[6.796s] -- Installing: /home/pheonix/ros2_ws/install/rcl_interfaces/share/rcl_interfaces/cmake/rcl_interfaces__rosidl_typesupport_cExport-noconfig.cmake
[6.813s] -- Installing: /home/pheonix/ros2_ws/install/rcl_interfaces/share/rcl_interfaces/cmake/export_rcl_interfaces__rosidl_generator_cppExport.cmake
[6.813s] -- Installing: /home/pheonix/ros2_ws/install/rcl_interfaces/share/rcl_interfaces/cmake/export_rcl_interfaces__rosidl_typesupport_fastrtps_cppExport.cmake
[6.813s] -- Installing: /home/pheonix/ros2_ws/install/rcl_interfaces/share/rcl_interfaces/cmake/export_rcl_interfaces__rosidl_typesupport_fastrtps_cppExport-noconfig.cmake
[6.813s] -- Installing: /home/pheonix/ros2_ws/install/rcl_interfaces/share/rcl_interfaces/cmake/rcl_interfaces__rosidl_typesupport_introspection_cppExport.cmake
[6.813s] -- Installing: /home/pheonix/ros2_ws/install/rcl_interfaces/share/rcl_interfaces/cmake/rcl_interfaces__rosidl_typesupport_introspection_cppExport-noconfig.cmake
[6.813s] -- Installing: /home/pheonix/ros2_ws/install/rcl_interfaces/share/rcl_interfaces/cmake/rcl_interfaces__rosidl_typesupport_cppExport.cmake
[6.815s] -- Installing: /home/pheonix/ros2_ws/install/rcl_interfaces/share/rcl_interfaces/cmake/rcl_interfaces__rosidl_typesupport_cppExport-noconfig.cmake
[6.815s] -- Installing: /home/pheonix/ros2_ws/install/rcl_interfaces/share/rcl_interfaces/cmake/export_rcl_interfaces__rosidl_generator_pyExport.cmake
[6.818s] -- Installing: /home/pheonix/ros2_ws/install/rcl_interfaces/share/rcl_interfaces/cmake/export_rcl_interfaces__rosidl_generator_pyExport-noconfig.cmake
[6.820s] -- Installing: /home/pheonix/ros2_ws/install/rcl_interfaces/share/rcl_interfaces/cmake/rosidl_cmake-extras.cmake
[6.822s] -- Installing: /home/pheonix/ros2_ws/install/rcl_interfaces/share/rcl_interfaces/cmake/ament_cmake_export_dependencies-extras.cmake
[6.823s] -- Installing: /home/pheonix/ros2_ws/install/rcl_interfaces/share/rcl_interfaces/cmake/ament_cmake_export_include_directories-extras.cmake
[6.824s] -- Installing: /home/pheonix/ros2_ws/install/rcl_interfaces/share/rcl_interfaces/cmake/ament_cmake_export_libraries-extras.cmake
[6.824s] -- Installing: /home/pheonix/ros2_ws/install/rcl_interfaces/share/rcl_interfaces/cmake/ament_cmake_export_targets-extras.cmake
[6.829s] -- Installing: /home/pheonix/ros2_ws/install/rcl_interfaces/share/rcl_interfaces/cmake/rosidl_cmake_export_typesupport_targets-extras.cmake
[6.830s] -- Installing: /home/pheonix/ros2_ws/install/rcl_interfaces/share/rcl_interfaces/cmake/rosidl_cmake_export_typesupport_libraries-extras.cmake
[6.830s] -- Installing: /home/pheonix/ros2_ws/install/rcl_interfaces/share/rcl_interfaces/cmake/rcl_interfacesConfig.cmake
[6.837s] -- Installing: /home/pheonix/ros2_ws/install/rcl_interfaces/share/rcl_interfaces/cmake/rcl_interfacesConfig-version.cmake
[6.840s] -- Installing: /home/pheonix/ros2_ws/install/rcl_interfaces/share/rcl_interfaces/package.xml
[6.847s] Invoked command in '/home/pheonix/ros2_ws/build/rcl_interfaces' returned '0': CMAKE_PREFIX_PATH=${CMAKE_PREFIX_PATH}:/opt/ros/jazzy DEBUGINFOD_URLS=https://debuginfod.ubuntu.com /usr/bin/cmake --install /home/pheonix/ros2_ws/build/rcl_interfaces
