[0.006s] Invoking command in '/home/pheonix/ros2_ws/build/liblz4_vendor': CMAKE_PREFIX_PATH=${CMAKE_PREFIX_PATH}:/opt/ros/jazzy DEBUGINFOD_URLS=https://debuginfod.ubuntu.com /usr/bin/cmake /home/pheonix/ros2_ws/src/rosbag2/liblz4_vendor -DCMAKE_INSTALL_PREFIX=/home/pheonix/ros2_ws/install/liblz4_vendor
[0.106s] -- The C compiler identification is GNU 13.2.0
[0.166s] -- The CXX compiler identification is GNU 13.2.0
[0.180s] -- Detecting C compiler ABI info
[0.288s] -- Detecting C compiler ABI info - done
[0.289s] -- Check for working C compiler: /usr/bin/cc - skipped
[0.289s] -- Detecting C compile features
[0.289s] -- Detecting C compile features - done
[0.299s] -- Detecting CXX compiler ABI info
[0.403s] -- Detecting CXX compiler ABI info - done
[0.408s] -- Check for working CXX compiler: /usr/bin/c++ - skipped
[0.414s] -- Detecting CXX compile features
[0.414s] -- Detecting CXX compile features - done
[0.414s] -- Found ament_cmake: 2.5.2 (/opt/ros/jazzy/share/ament_cmake/cmake)
[0.522s] -- Found Python3: /usr/bin/python3 (found version "3.12.3") found components: Interpreter 
[0.635s] [31mCMake Error at CMakeLists.txt:5 (find_package):
[0.635s]   By not providing "Findament_cmake_vendor_package.cmake" in
[0.635s]   CMAKE_MODULE_PATH this project has asked CMake to find a package
[0.635s]   configuration file provided by "ament_cmake_vendor_package", but CMake did
[0.635s]   not find one.
[0.635s] 
[0.635s]   Could not find a package configuration file provided by
[0.636s]   "ament_cmake_vendor_package" with any of the following names:
[0.636s] 
[0.636s]     ament_cmake_vendor_packageConfig.cmake
[0.636s]     ament_cmake_vendor_package-config.cmake
[0.636s] 
[0.636s]   Add the installation prefix of "ament_cmake_vendor_package" to
[0.636s]   CMAKE_PREFIX_PATH or set "ament_cmake_vendor_package_DIR" to a directory
[0.636s]   containing one of the above files.  If "ament_cmake_vendor_package"
[0.636s]   provides a separate development package or SDK, be sure it has been
[0.636s]   installed.
[0.636s] 
[0.636s] [0m
[0.637s] -- Configuring incomplete, errors occurred!
[0.641s] Invoked command in '/home/pheonix/ros2_ws/build/liblz4_vendor' returned '1': CMAKE_PREFIX_PATH=${CMAKE_PREFIX_PATH}:/opt/ros/jazzy DEBUGINFOD_URLS=https://debuginfod.ubuntu.com /usr/bin/cmake /home/pheonix/ros2_ws/src/rosbag2/liblz4_vendor -DCMAKE_INSTALL_PREFIX=/home/pheonix/ros2_ws/install/liblz4_vendor
