running egg_info
creating ../../../build/ros2launch/ros2launch.egg-info
writing ../../../build/ros2launch/ros2launch.egg-info/PKG-INFO
writing dependency_links to ../../../build/ros2launch/ros2launch.egg-info/dependency_links.txt
writing entry points to ../../../build/ros2launch/ros2launch.egg-info/entry_points.txt
writing requirements to ../../../build/ros2launch/ros2launch.egg-info/requires.txt
writing top-level names to ../../../build/ros2launch/ros2launch.egg-info/top_level.txt
writing manifest file '../../../build/ros2launch/ros2launch.egg-info/SOURCES.txt'
reading manifest file '../../../build/ros2launch/ros2launch.egg-info/SOURCES.txt'
writing manifest file '../../../build/ros2launch/ros2launch.egg-info/SOURCES.txt'
running build
running build_py
creating /home/pheonix/ros2_ws/build/ros2launch/build
creating /home/pheonix/ros2_ws/build/ros2launch/build/lib
creating /home/pheonix/ros2_ws/build/ros2launch/build/lib/ros2launch
copying ros2launch/__init__.py -> /home/pheonix/ros2_ws/build/ros2launch/build/lib/ros2launch
creating /home/pheonix/ros2_ws/build/ros2launch/build/lib/ros2launch/option
copying ros2launch/option/__init__.py -> /home/pheonix/ros2_ws/build/ros2launch/build/lib/ros2launch/option
creating /home/pheonix/ros2_ws/build/ros2launch/build/lib/ros2launch/command
copying ros2launch/command/__init__.py -> /home/pheonix/ros2_ws/build/ros2launch/build/lib/ros2launch/command
copying ros2launch/command/launch.py -> /home/pheonix/ros2_ws/build/ros2launch/build/lib/ros2launch/command
creating /home/pheonix/ros2_ws/build/ros2launch/build/lib/ros2launch/api
copying ros2launch/api/api.py -> /home/pheonix/ros2_ws/build/ros2launch/build/lib/ros2launch/api
copying ros2launch/api/__init__.py -> /home/pheonix/ros2_ws/build/ros2launch/build/lib/ros2launch/api
running install
running install_lib
creating /home/pheonix/ros2_ws/install/ros2launch/lib/python3.12/site-packages/ros2launch
creating /home/pheonix/ros2_ws/install/ros2launch/lib/python3.12/site-packages/ros2launch/option
copying /home/pheonix/ros2_ws/build/ros2launch/build/lib/ros2launch/option/__init__.py -> /home/pheonix/ros2_ws/install/ros2launch/lib/python3.12/site-packages/ros2launch/option
copying /home/pheonix/ros2_ws/build/ros2launch/build/lib/ros2launch/__init__.py -> /home/pheonix/ros2_ws/install/ros2launch/lib/python3.12/site-packages/ros2launch
creating /home/pheonix/ros2_ws/install/ros2launch/lib/python3.12/site-packages/ros2launch/command
copying /home/pheonix/ros2_ws/build/ros2launch/build/lib/ros2launch/command/__init__.py -> /home/pheonix/ros2_ws/install/ros2launch/lib/python3.12/site-packages/ros2launch/command
copying /home/pheonix/ros2_ws/build/ros2launch/build/lib/ros2launch/command/launch.py -> /home/pheonix/ros2_ws/install/ros2launch/lib/python3.12/site-packages/ros2launch/command
creating /home/pheonix/ros2_ws/install/ros2launch/lib/python3.12/site-packages/ros2launch/api
copying /home/pheonix/ros2_ws/build/ros2launch/build/lib/ros2launch/api/api.py -> /home/pheonix/ros2_ws/install/ros2launch/lib/python3.12/site-packages/ros2launch/api
copying /home/pheonix/ros2_ws/build/ros2launch/build/lib/ros2launch/api/__init__.py -> /home/pheonix/ros2_ws/install/ros2launch/lib/python3.12/site-packages/ros2launch/api
byte-compiling /home/pheonix/ros2_ws/install/ros2launch/lib/python3.12/site-packages/ros2launch/option/__init__.py to __init__.cpython-312.pyc
byte-compiling /home/pheonix/ros2_ws/install/ros2launch/lib/python3.12/site-packages/ros2launch/__init__.py to __init__.cpython-312.pyc
byte-compiling /home/pheonix/ros2_ws/install/ros2launch/lib/python3.12/site-packages/ros2launch/command/__init__.py to __init__.cpython-312.pyc
byte-compiling /home/pheonix/ros2_ws/install/ros2launch/lib/python3.12/site-packages/ros2launch/command/launch.py to launch.cpython-312.pyc
byte-compiling /home/pheonix/ros2_ws/install/ros2launch/lib/python3.12/site-packages/ros2launch/api/api.py to api.cpython-312.pyc
byte-compiling /home/pheonix/ros2_ws/install/ros2launch/lib/python3.12/site-packages/ros2launch/api/__init__.py to __init__.cpython-312.pyc
running install_data
copying package.xml -> /home/pheonix/ros2_ws/install/ros2launch/share/ros2launch
creating /home/pheonix/ros2_ws/install/ros2launch/share/ament_index
creating /home/pheonix/ros2_ws/install/ros2launch/share/ament_index/resource_index
creating /home/pheonix/ros2_ws/install/ros2launch/share/ament_index/resource_index/packages
copying resource/ros2launch -> /home/pheonix/ros2_ws/install/ros2launch/share/ament_index/resource_index/packages
running install_egg_info
Copying ../../../build/ros2launch/ros2launch.egg-info to /home/pheonix/ros2_ws/install/ros2launch/lib/python3.12/site-packages/ros2launch-0.27.2-py3.12.egg-info
running install_scripts
writing list of installed files to '/home/pheonix/ros2_ws/build/ros2launch/install.log'
