[0.691s] Invoking command in '/home/pheonix/ros2_ws/src/launch_ros/ros2launch': AMENT_PREFIX_PATH=/home/pheonix/ros2_ws/install/launch_ros:${AMENT_PREFIX_PATH} DEBUGINFOD_URLS=https://debuginfod.ubuntu.com PYTHONPATH=/home/pheonix/ros2_ws/build/ros2launch/prefix_override:/usr/lib/python3/dist-packages/colcon_core/task/python/colcon_distutils_commands:/home/pheonix/ros2_ws/install/ros2launch/lib/python3.12/site-packages:/home/pheonix/ros2_ws/install/launch_ros/lib/python3.12/site-packages:${PYTHONPATH} /usr/bin/python3 -W ignore:setup.py install is deprecated setup.py egg_info --egg-base ../../../build/ros2launch build --build-base /home/pheonix/ros2_ws/build/ros2launch/build install --record /home/pheonix/ros2_ws/build/ros2launch/install.log --single-version-externally-managed install_data
[0.882s] running egg_info
[0.883s] creating ../../../build/ros2launch/ros2launch.egg-info
[0.898s] writing ../../../build/ros2launch/ros2launch.egg-info/PKG-INFO
[0.898s] writing dependency_links to ../../../build/ros2launch/ros2launch.egg-info/dependency_links.txt
[0.898s] writing entry points to ../../../build/ros2launch/ros2launch.egg-info/entry_points.txt
[0.898s] writing requirements to ../../../build/ros2launch/ros2launch.egg-info/requires.txt
[0.898s] writing top-level names to ../../../build/ros2launch/ros2launch.egg-info/top_level.txt
[0.898s] writing manifest file '../../../build/ros2launch/ros2launch.egg-info/SOURCES.txt'
[0.928s] reading manifest file '../../../build/ros2launch/ros2launch.egg-info/SOURCES.txt'
[0.928s] writing manifest file '../../../build/ros2launch/ros2launch.egg-info/SOURCES.txt'
[0.928s] running build
[0.928s] running build_py
[0.928s] creating /home/pheonix/ros2_ws/build/ros2launch/build
[0.928s] creating /home/pheonix/ros2_ws/build/ros2launch/build/lib
[0.928s] creating /home/pheonix/ros2_ws/build/ros2launch/build/lib/ros2launch
[0.928s] copying ros2launch/__init__.py -> /home/pheonix/ros2_ws/build/ros2launch/build/lib/ros2launch
[0.928s] creating /home/pheonix/ros2_ws/build/ros2launch/build/lib/ros2launch/option
[0.928s] copying ros2launch/option/__init__.py -> /home/pheonix/ros2_ws/build/ros2launch/build/lib/ros2launch/option
[0.928s] creating /home/pheonix/ros2_ws/build/ros2launch/build/lib/ros2launch/command
[0.928s] copying ros2launch/command/__init__.py -> /home/pheonix/ros2_ws/build/ros2launch/build/lib/ros2launch/command
[0.928s] copying ros2launch/command/launch.py -> /home/pheonix/ros2_ws/build/ros2launch/build/lib/ros2launch/command
[0.928s] creating /home/pheonix/ros2_ws/build/ros2launch/build/lib/ros2launch/api
[0.928s] copying ros2launch/api/api.py -> /home/pheonix/ros2_ws/build/ros2launch/build/lib/ros2launch/api
[0.928s] copying ros2launch/api/__init__.py -> /home/pheonix/ros2_ws/build/ros2launch/build/lib/ros2launch/api
[0.928s] running install
[0.937s] running install_lib
[0.947s] creating /home/pheonix/ros2_ws/install/ros2launch/lib/python3.12/site-packages/ros2launch
[0.948s] creating /home/pheonix/ros2_ws/install/ros2launch/lib/python3.12/site-packages/ros2launch/option
[0.948s] copying /home/pheonix/ros2_ws/build/ros2launch/build/lib/ros2launch/option/__init__.py -> /home/pheonix/ros2_ws/install/ros2launch/lib/python3.12/site-packages/ros2launch/option
[0.948s] copying /home/pheonix/ros2_ws/build/ros2launch/build/lib/ros2launch/__init__.py -> /home/pheonix/ros2_ws/install/ros2launch/lib/python3.12/site-packages/ros2launch
[0.948s] creating /home/pheonix/ros2_ws/install/ros2launch/lib/python3.12/site-packages/ros2launch/command
[0.948s] copying /home/pheonix/ros2_ws/build/ros2launch/build/lib/ros2launch/command/__init__.py -> /home/pheonix/ros2_ws/install/ros2launch/lib/python3.12/site-packages/ros2launch/command
[0.948s] copying /home/pheonix/ros2_ws/build/ros2launch/build/lib/ros2launch/command/launch.py -> /home/pheonix/ros2_ws/install/ros2launch/lib/python3.12/site-packages/ros2launch/command
[0.948s] creating /home/pheonix/ros2_ws/install/ros2launch/lib/python3.12/site-packages/ros2launch/api
[0.948s] copying /home/pheonix/ros2_ws/build/ros2launch/build/lib/ros2launch/api/api.py -> /home/pheonix/ros2_ws/install/ros2launch/lib/python3.12/site-packages/ros2launch/api
[0.948s] copying /home/pheonix/ros2_ws/build/ros2launch/build/lib/ros2launch/api/__init__.py -> /home/pheonix/ros2_ws/install/ros2launch/lib/python3.12/site-packages/ros2launch/api
[0.948s] byte-compiling /home/pheonix/ros2_ws/install/ros2launch/lib/python3.12/site-packages/ros2launch/option/__init__.py to __init__.cpython-312.pyc
[0.948s] byte-compiling /home/pheonix/ros2_ws/install/ros2launch/lib/python3.12/site-packages/ros2launch/__init__.py to __init__.cpython-312.pyc
[0.948s] byte-compiling /home/pheonix/ros2_ws/install/ros2launch/lib/python3.12/site-packages/ros2launch/command/__init__.py to __init__.cpython-312.pyc
[0.948s] byte-compiling /home/pheonix/ros2_ws/install/ros2launch/lib/python3.12/site-packages/ros2launch/command/launch.py to launch.cpython-312.pyc
[0.948s] byte-compiling /home/pheonix/ros2_ws/install/ros2launch/lib/python3.12/site-packages/ros2launch/api/api.py to api.cpython-312.pyc
[0.948s] byte-compiling /home/pheonix/ros2_ws/install/ros2launch/lib/python3.12/site-packages/ros2launch/api/__init__.py to __init__.cpython-312.pyc
[0.948s] running install_data
[0.948s] copying package.xml -> /home/pheonix/ros2_ws/install/ros2launch/share/ros2launch
[0.948s] creating /home/pheonix/ros2_ws/install/ros2launch/share/ament_index
[0.948s] creating /home/pheonix/ros2_ws/install/ros2launch/share/ament_index/resource_index
[0.948s] creating /home/pheonix/ros2_ws/install/ros2launch/share/ament_index/resource_index/packages
[0.949s] copying resource/ros2launch -> /home/pheonix/ros2_ws/install/ros2launch/share/ament_index/resource_index/packages
[0.949s] running install_egg_info
[0.969s] Copying ../../../build/ros2launch/ros2launch.egg-info to /home/pheonix/ros2_ws/install/ros2launch/lib/python3.12/site-packages/ros2launch-0.27.2-py3.12.egg-info
[0.969s] running install_scripts
[1.071s] writing list of installed files to '/home/pheonix/ros2_ws/build/ros2launch/install.log'
[1.105s] Invoked command in '/home/pheonix/ros2_ws/src/launch_ros/ros2launch' returned '0': AMENT_PREFIX_PATH=/home/pheonix/ros2_ws/install/launch_ros:${AMENT_PREFIX_PATH} DEBUGINFOD_URLS=https://debuginfod.ubuntu.com PYTHONPATH=/home/pheonix/ros2_ws/build/ros2launch/prefix_override:/usr/lib/python3/dist-packages/colcon_core/task/python/colcon_distutils_commands:/home/pheonix/ros2_ws/install/ros2launch/lib/python3.12/site-packages:/home/pheonix/ros2_ws/install/launch_ros/lib/python3.12/site-packages:${PYTHONPATH} /usr/bin/python3 -W ignore:setup.py install is deprecated setup.py egg_info --egg-base ../../../build/ros2launch build --build-base /home/pheonix/ros2_ws/build/ros2launch/build install --record /home/pheonix/ros2_ws/build/ros2launch/install.log --single-version-externally-managed install_data
