[0.011s] Invoking command in '/home/pheonix/ros2_ws/build/rosgraph_msgs': CMAKE_PREFIX_PATH=${CMAKE_PREFIX_PATH}:/opt/ros/jazzy DEBUGINFOD_URLS=https://debuginfod.ubuntu.com /usr/bin/cmake --build /home/pheonix/ros2_ws/build/rosgraph_msgs -- -j2 -l2
[0.166s] [  2%] Built target rosgraph_msgs__rosidl_generator_type_description
[0.270s] [  2%] Built target ament_cmake_python_copy_rosgraph_msgs
[0.330s] [  5%] Built target rosgraph_msgs__cpp
[0.403s] [ 20%] Built target rosgraph_msgs__rosidl_generator_c
[0.594s] running egg_info
[0.611s] writing rosgraph_msgs.egg-info/PKG-INFO
[0.612s] writing dependency_links to rosgraph_msgs.egg-info/dependency_links.txt
[0.613s] writing top-level names to rosgraph_msgs.egg-info/top_level.txt
[0.669s] reading manifest file 'rosgraph_msgs.egg-info/SOURCES.txt'
[0.670s] writing manifest file 'rosgraph_msgs.egg-info/SOURCES.txt'
[0.759s] [ 20%] Built target ament_cmake_python_build_rosgraph_msgs_egg
[0.844s] [ 29%] Built target rosgraph_msgs__rosidl_typesupport_fastrtps_cpp
[0.943s] [ 38%] Built target rosgraph_msgs__rosidl_typesupport_introspection_c
[1.010s] [ 47%] Built target rosgraph_msgs__rosidl_typesupport_c
[1.090s] [ 55%] Built target rosgraph_msgs__rosidl_typesupport_introspection_cpp
[1.144s] [ 64%] Built target rosgraph_msgs__rosidl_typesupport_cpp
[1.226s] [ 73%] Built target rosgraph_msgs__rosidl_typesupport_fastrtps_c
[1.270s] [ 73%] Built target rosgraph_msgs
[1.369s] [ 76%] Built target rosgraph_msgs__py
[1.472s] [ 82%] Built target rosgraph_msgs__rosidl_generator_py
[1.556s] [ 88%] Built target rosgraph_msgs_s__rosidl_typesupport_fastrtps_c
[1.625s] [ 94%] Built target rosgraph_msgs_s__rosidl_typesupport_introspection_c
[1.678s] [100%] Built target rosgraph_msgs_s__rosidl_typesupport_c
[1.689s] Invoked command in '/home/pheonix/ros2_ws/build/rosgraph_msgs' returned '0': CMAKE_PREFIX_PATH=${CMAKE_PREFIX_PATH}:/opt/ros/jazzy DEBUGINFOD_URLS=https://debuginfod.ubuntu.com /usr/bin/cmake --build /home/pheonix/ros2_ws/build/rosgraph_msgs -- -j2 -l2
[2.254s] Invoking command in '/home/pheonix/ros2_ws/build/rosgraph_msgs': CMAKE_PREFIX_PATH=${CMAKE_PREFIX_PATH}:/opt/ros/jazzy DEBUGINFOD_URLS=https://debuginfod.ubuntu.com /usr/bin/cmake --install /home/pheonix/ros2_ws/build/rosgraph_msgs
[2.322s] -- Install configuration: ""
[2.322s] -- Up-to-date: /home/pheonix/ros2_ws/install/rosgraph_msgs/share/ament_index/resource_index/rosidl_interfaces/rosgraph_msgs
[2.325s] -- Up-to-date: /home/pheonix/ros2_ws/install/rosgraph_msgs/share/rosgraph_msgs/msg/Clock.json
[2.328s] -- Up-to-date: /home/pheonix/ros2_ws/install/rosgraph_msgs/include/rosgraph_msgs/rosgraph_msgs
[2.328s] -- Up-to-date: /home/pheonix/ros2_ws/install/rosgraph_msgs/include/rosgraph_msgs/rosgraph_msgs/msg
[2.329s] -- Up-to-date: /home/pheonix/ros2_ws/install/rosgraph_msgs/include/rosgraph_msgs/rosgraph_msgs/msg/clock.h
[2.329s] -- Up-to-date: /home/pheonix/ros2_ws/install/rosgraph_msgs/include/rosgraph_msgs/rosgraph_msgs/msg/rosidl_generator_c__visibility_control.h
[2.329s] -- Up-to-date: /home/pheonix/ros2_ws/install/rosgraph_msgs/include/rosgraph_msgs/rosgraph_msgs/msg/detail
[2.332s] -- Up-to-date: /home/pheonix/ros2_ws/install/rosgraph_msgs/include/rosgraph_msgs/rosgraph_msgs/msg/detail/clock__functions.h
[2.332s] -- Up-to-date: /home/pheonix/ros2_ws/install/rosgraph_msgs/include/rosgraph_msgs/rosgraph_msgs/msg/detail/clock__type_support.h
[2.332s] -- Installing: /home/pheonix/ros2_ws/install/rosgraph_msgs/include/rosgraph_msgs/rosgraph_msgs/msg/detail/clock__type_support.c
[2.333s] -- Up-to-date: /home/pheonix/ros2_ws/install/rosgraph_msgs/include/rosgraph_msgs/rosgraph_msgs/msg/detail/clock__description.c
[2.333s] -- Up-to-date: /home/pheonix/ros2_ws/install/rosgraph_msgs/include/rosgraph_msgs/rosgraph_msgs/msg/detail/clock__struct.h
[2.333s] -- Up-to-date: /home/pheonix/ros2_ws/install/rosgraph_msgs/include/rosgraph_msgs/rosgraph_msgs/msg/detail/clock__functions.c
[2.334s] -- Up-to-date: /home/pheonix/ros2_ws/install/rosgraph_msgs/share/rosgraph_msgs/environment/library_path.sh
[2.334s] -- Up-to-date: /home/pheonix/ros2_ws/install/rosgraph_msgs/share/rosgraph_msgs/environment/library_path.dsv
[2.337s] -- Up-to-date: /home/pheonix/ros2_ws/install/rosgraph_msgs/lib/librosgraph_msgs__rosidl_generator_c.so
[2.337s] -- Up-to-date: /home/pheonix/ros2_ws/install/rosgraph_msgs/include/rosgraph_msgs/rosgraph_msgs
[2.338s] -- Up-to-date: /home/pheonix/ros2_ws/install/rosgraph_msgs/include/rosgraph_msgs/rosgraph_msgs/msg
[2.338s] -- Up-to-date: /home/pheonix/ros2_ws/install/rosgraph_msgs/include/rosgraph_msgs/rosgraph_msgs/msg/rosidl_typesupport_fastrtps_c__visibility_control.h
[2.338s] -- Up-to-date: /home/pheonix/ros2_ws/install/rosgraph_msgs/include/rosgraph_msgs/rosgraph_msgs/msg/detail
[2.338s] -- Up-to-date: /home/pheonix/ros2_ws/install/rosgraph_msgs/include/rosgraph_msgs/rosgraph_msgs/msg/detail/clock__rosidl_typesupport_fastrtps_c.h
[2.340s] -- Up-to-date: /home/pheonix/ros2_ws/install/rosgraph_msgs/lib/librosgraph_msgs__rosidl_typesupport_fastrtps_c.so
[2.341s] -- Up-to-date: /home/pheonix/ros2_ws/install/rosgraph_msgs/include/rosgraph_msgs/rosgraph_msgs
[2.341s] -- Up-to-date: /home/pheonix/ros2_ws/install/rosgraph_msgs/include/rosgraph_msgs/rosgraph_msgs/msg
[2.345s] -- Up-to-date: /home/pheonix/ros2_ws/install/rosgraph_msgs/include/rosgraph_msgs/rosgraph_msgs/msg/rosidl_generator_cpp__visibility_control.hpp
[2.345s] -- Up-to-date: /home/pheonix/ros2_ws/install/rosgraph_msgs/include/rosgraph_msgs/rosgraph_msgs/msg/detail
[2.345s] -- Up-to-date: /home/pheonix/ros2_ws/install/rosgraph_msgs/include/rosgraph_msgs/rosgraph_msgs/msg/detail/clock__type_support.hpp
[2.345s] -- Up-to-date: /home/pheonix/ros2_ws/install/rosgraph_msgs/include/rosgraph_msgs/rosgraph_msgs/msg/detail/clock__builder.hpp
[2.345s] -- Up-to-date: /home/pheonix/ros2_ws/install/rosgraph_msgs/include/rosgraph_msgs/rosgraph_msgs/msg/detail/clock__traits.hpp
[2.345s] -- Up-to-date: /home/pheonix/ros2_ws/install/rosgraph_msgs/include/rosgraph_msgs/rosgraph_msgs/msg/detail/clock__struct.hpp
[2.345s] -- Up-to-date: /home/pheonix/ros2_ws/install/rosgraph_msgs/include/rosgraph_msgs/rosgraph_msgs/msg/clock.hpp
[2.345s] -- Up-to-date: /home/pheonix/ros2_ws/install/rosgraph_msgs/include/rosgraph_msgs/rosgraph_msgs
[2.345s] -- Up-to-date: /home/pheonix/ros2_ws/install/rosgraph_msgs/include/rosgraph_msgs/rosgraph_msgs/msg
[2.346s] -- Up-to-date: /home/pheonix/ros2_ws/install/rosgraph_msgs/include/rosgraph_msgs/rosgraph_msgs/msg/detail
[2.346s] -- Up-to-date: /home/pheonix/ros2_ws/install/rosgraph_msgs/include/rosgraph_msgs/rosgraph_msgs/msg/detail/dds_fastrtps
[2.346s] -- Up-to-date: /home/pheonix/ros2_ws/install/rosgraph_msgs/include/rosgraph_msgs/rosgraph_msgs/msg/detail/clock__rosidl_typesupport_fastrtps_cpp.hpp
[2.346s] -- Up-to-date: /home/pheonix/ros2_ws/install/rosgraph_msgs/include/rosgraph_msgs/rosgraph_msgs/msg/rosidl_typesupport_fastrtps_cpp__visibility_control.h
[2.348s] -- Up-to-date: /home/pheonix/ros2_ws/install/rosgraph_msgs/lib/librosgraph_msgs__rosidl_typesupport_fastrtps_cpp.so
[2.348s] -- Up-to-date: /home/pheonix/ros2_ws/install/rosgraph_msgs/include/rosgraph_msgs/rosgraph_msgs
[2.349s] -- Up-to-date: /home/pheonix/ros2_ws/install/rosgraph_msgs/include/rosgraph_msgs/rosgraph_msgs/msg
[2.349s] -- Up-to-date: /home/pheonix/ros2_ws/install/rosgraph_msgs/include/rosgraph_msgs/rosgraph_msgs/msg/detail
[2.349s] -- Up-to-date: /home/pheonix/ros2_ws/install/rosgraph_msgs/include/rosgraph_msgs/rosgraph_msgs/msg/detail/clock__rosidl_typesupport_introspection_c.h
[2.349s] -- Installing: /home/pheonix/ros2_ws/install/rosgraph_msgs/include/rosgraph_msgs/rosgraph_msgs/msg/detail/clock__type_support.c
[2.351s] -- Up-to-date: /home/pheonix/ros2_ws/install/rosgraph_msgs/include/rosgraph_msgs/rosgraph_msgs/msg/rosidl_typesupport_introspection_c__visibility_control.h
[2.361s] -- Up-to-date: /home/pheonix/ros2_ws/install/rosgraph_msgs/lib/librosgraph_msgs__rosidl_typesupport_introspection_c.so
[2.363s] -- Up-to-date: /home/pheonix/ros2_ws/install/rosgraph_msgs/lib/librosgraph_msgs__rosidl_typesupport_c.so
[2.363s] -- Up-to-date: /home/pheonix/ros2_ws/install/rosgraph_msgs/include/rosgraph_msgs/rosgraph_msgs
[2.363s] -- Up-to-date: /home/pheonix/ros2_ws/install/rosgraph_msgs/include/rosgraph_msgs/rosgraph_msgs/msg
[2.363s] -- Up-to-date: /home/pheonix/ros2_ws/install/rosgraph_msgs/include/rosgraph_msgs/rosgraph_msgs/msg/detail
[2.363s] -- Up-to-date: /home/pheonix/ros2_ws/install/rosgraph_msgs/include/rosgraph_msgs/rosgraph_msgs/msg/detail/clock__rosidl_typesupport_introspection_cpp.hpp
[2.363s] -- Up-to-date: /home/pheonix/ros2_ws/install/rosgraph_msgs/include/rosgraph_msgs/rosgraph_msgs/msg/detail/clock__type_support.cpp
[2.368s] -- Up-to-date: /home/pheonix/ros2_ws/install/rosgraph_msgs/lib/librosgraph_msgs__rosidl_typesupport_introspection_cpp.so
[2.377s] -- Up-to-date: /home/pheonix/ros2_ws/install/rosgraph_msgs/lib/librosgraph_msgs__rosidl_typesupport_cpp.so
[2.378s] -- Up-to-date: /home/pheonix/ros2_ws/install/rosgraph_msgs/share/rosgraph_msgs/environment/pythonpath.sh
[2.379s] -- Up-to-date: /home/pheonix/ros2_ws/install/rosgraph_msgs/share/rosgraph_msgs/environment/pythonpath.dsv
[2.379s] -- Up-to-date: /home/pheonix/ros2_ws/install/rosgraph_msgs/lib/python3.12/site-packages/rosgraph_msgs-2.2.0-py3.12.egg-info
[2.379s] -- Installing: /home/pheonix/ros2_ws/install/rosgraph_msgs/lib/python3.12/site-packages/rosgraph_msgs-2.2.0-py3.12.egg-info/SOURCES.txt
[2.379s] -- Installing: /home/pheonix/ros2_ws/install/rosgraph_msgs/lib/python3.12/site-packages/rosgraph_msgs-2.2.0-py3.12.egg-info/dependency_links.txt
[2.379s] -- Installing: /home/pheonix/ros2_ws/install/rosgraph_msgs/lib/python3.12/site-packages/rosgraph_msgs-2.2.0-py3.12.egg-info/PKG-INFO
[2.379s] -- Installing: /home/pheonix/ros2_ws/install/rosgraph_msgs/lib/python3.12/site-packages/rosgraph_msgs-2.2.0-py3.12.egg-info/top_level.txt
[2.380s] -- Up-to-date: /home/pheonix/ros2_ws/install/rosgraph_msgs/lib/python3.12/site-packages/rosgraph_msgs
[2.380s] -- Up-to-date: /home/pheonix/ros2_ws/install/rosgraph_msgs/lib/python3.12/site-packages/rosgraph_msgs/_rosgraph_msgs_s.ep.rosidl_typesupport_fastrtps_c.c
[2.380s] -- Up-to-date: /home/pheonix/ros2_ws/install/rosgraph_msgs/lib/python3.12/site-packages/rosgraph_msgs/rosgraph_msgs_s__rosidl_typesupport_c.so
[2.380s] -- Up-to-date: /home/pheonix/ros2_ws/install/rosgraph_msgs/lib/python3.12/site-packages/rosgraph_msgs/msg
[2.380s] -- Up-to-date: /home/pheonix/ros2_ws/install/rosgraph_msgs/lib/python3.12/site-packages/rosgraph_msgs/msg/_clock.py
[2.381s] -- Up-to-date: /home/pheonix/ros2_ws/install/rosgraph_msgs/lib/python3.12/site-packages/rosgraph_msgs/msg/__init__.py
[2.381s] -- Up-to-date: /home/pheonix/ros2_ws/install/rosgraph_msgs/lib/python3.12/site-packages/rosgraph_msgs/msg/_clock_s.c
[2.381s] -- Up-to-date: /home/pheonix/ros2_ws/install/rosgraph_msgs/lib/python3.12/site-packages/rosgraph_msgs/_rosgraph_msgs_s.ep.rosidl_typesupport_introspection_c.c
[2.381s] -- Up-to-date: /home/pheonix/ros2_ws/install/rosgraph_msgs/lib/python3.12/site-packages/rosgraph_msgs/__init__.py
[2.381s] -- Up-to-date: /home/pheonix/ros2_ws/install/rosgraph_msgs/lib/python3.12/site-packages/rosgraph_msgs/rosgraph_msgs_s__rosidl_typesupport_introspection_c.so
[2.381s] -- Up-to-date: /home/pheonix/ros2_ws/install/rosgraph_msgs/lib/python3.12/site-packages/rosgraph_msgs/_rosgraph_msgs_s.ep.rosidl_typesupport_c.c
[2.381s] -- Up-to-date: /home/pheonix/ros2_ws/install/rosgraph_msgs/lib/python3.12/site-packages/rosgraph_msgs/rosgraph_msgs_s__rosidl_typesupport_fastrtps_c.so
[2.425s] Listing '/home/pheonix/ros2_ws/install/rosgraph_msgs/lib/python3.12/site-packages/rosgraph_msgs'...
[2.425s] Listing '/home/pheonix/ros2_ws/install/rosgraph_msgs/lib/python3.12/site-packages/rosgraph_msgs/msg'...
[2.430s] -- Up-to-date: /home/pheonix/ros2_ws/install/rosgraph_msgs/lib/python3.12/site-packages/rosgraph_msgs/rosgraph_msgs_s__rosidl_typesupport_fastrtps_c.so
[2.432s] -- Up-to-date: /home/pheonix/ros2_ws/install/rosgraph_msgs/lib/python3.12/site-packages/rosgraph_msgs/rosgraph_msgs_s__rosidl_typesupport_introspection_c.so
[2.433s] -- Up-to-date: /home/pheonix/ros2_ws/install/rosgraph_msgs/lib/python3.12/site-packages/rosgraph_msgs/rosgraph_msgs_s__rosidl_typesupport_c.so
[2.433s] -- Up-to-date: /home/pheonix/ros2_ws/install/rosgraph_msgs/lib/librosgraph_msgs__rosidl_generator_py.so
[2.434s] -- Up-to-date: /home/pheonix/ros2_ws/install/rosgraph_msgs/share/rosgraph_msgs/msg/Clock.idl
[2.434s] -- Up-to-date: /home/pheonix/ros2_ws/install/rosgraph_msgs/share/rosgraph_msgs/msg/Clock.msg
[2.434s] -- Up-to-date: /home/pheonix/ros2_ws/install/rosgraph_msgs/share/ament_index/resource_index/package_run_dependencies/rosgraph_msgs
[2.434s] -- Up-to-date: /home/pheonix/ros2_ws/install/rosgraph_msgs/share/ament_index/resource_index/parent_prefix_path/rosgraph_msgs
[2.434s] -- Up-to-date: /home/pheonix/ros2_ws/install/rosgraph_msgs/share/rosgraph_msgs/environment/ament_prefix_path.sh
[2.434s] -- Up-to-date: /home/pheonix/ros2_ws/install/rosgraph_msgs/share/rosgraph_msgs/environment/ament_prefix_path.dsv
[2.434s] -- Up-to-date: /home/pheonix/ros2_ws/install/rosgraph_msgs/share/rosgraph_msgs/environment/path.sh
[2.434s] -- Up-to-date: /home/pheonix/ros2_ws/install/rosgraph_msgs/share/rosgraph_msgs/environment/path.dsv
[2.434s] -- Up-to-date: /home/pheonix/ros2_ws/install/rosgraph_msgs/share/rosgraph_msgs/local_setup.bash
[2.434s] -- Up-to-date: /home/pheonix/ros2_ws/install/rosgraph_msgs/share/rosgraph_msgs/local_setup.sh
[2.434s] -- Up-to-date: /home/pheonix/ros2_ws/install/rosgraph_msgs/share/rosgraph_msgs/local_setup.zsh
[2.435s] -- Up-to-date: /home/pheonix/ros2_ws/install/rosgraph_msgs/share/rosgraph_msgs/local_setup.dsv
[2.435s] -- Installing: /home/pheonix/ros2_ws/install/rosgraph_msgs/share/rosgraph_msgs/package.dsv
[2.435s] -- Up-to-date: /home/pheonix/ros2_ws/install/rosgraph_msgs/share/ament_index/resource_index/packages/rosgraph_msgs
[2.436s] -- Up-to-date: /home/pheonix/ros2_ws/install/rosgraph_msgs/share/rosgraph_msgs/cmake/export_rosgraph_msgs__rosidl_generator_cExport.cmake
[2.436s] -- Up-to-date: /home/pheonix/ros2_ws/install/rosgraph_msgs/share/rosgraph_msgs/cmake/export_rosgraph_msgs__rosidl_generator_cExport-noconfig.cmake
[2.437s] -- Up-to-date: /home/pheonix/ros2_ws/install/rosgraph_msgs/share/rosgraph_msgs/cmake/export_rosgraph_msgs__rosidl_typesupport_fastrtps_cExport.cmake
[2.437s] -- Up-to-date: /home/pheonix/ros2_ws/install/rosgraph_msgs/share/rosgraph_msgs/cmake/export_rosgraph_msgs__rosidl_typesupport_fastrtps_cExport-noconfig.cmake
[2.438s] -- Up-to-date: /home/pheonix/ros2_ws/install/rosgraph_msgs/share/rosgraph_msgs/cmake/export_rosgraph_msgs__rosidl_generator_cppExport.cmake
[2.438s] -- Up-to-date: /home/pheonix/ros2_ws/install/rosgraph_msgs/share/rosgraph_msgs/cmake/export_rosgraph_msgs__rosidl_typesupport_fastrtps_cppExport.cmake
[2.438s] -- Up-to-date: /home/pheonix/ros2_ws/install/rosgraph_msgs/share/rosgraph_msgs/cmake/export_rosgraph_msgs__rosidl_typesupport_fastrtps_cppExport-noconfig.cmake
[2.443s] -- Up-to-date: /home/pheonix/ros2_ws/install/rosgraph_msgs/share/rosgraph_msgs/cmake/rosgraph_msgs__rosidl_typesupport_introspection_cExport.cmake
[2.443s] -- Up-to-date: /home/pheonix/ros2_ws/install/rosgraph_msgs/share/rosgraph_msgs/cmake/rosgraph_msgs__rosidl_typesupport_introspection_cExport-noconfig.cmake
[2.447s] -- Up-to-date: /home/pheonix/ros2_ws/install/rosgraph_msgs/share/rosgraph_msgs/cmake/rosgraph_msgs__rosidl_typesupport_cExport.cmake
[2.447s] -- Up-to-date: /home/pheonix/ros2_ws/install/rosgraph_msgs/share/rosgraph_msgs/cmake/rosgraph_msgs__rosidl_typesupport_cExport-noconfig.cmake
[2.448s] -- Up-to-date: /home/pheonix/ros2_ws/install/rosgraph_msgs/share/rosgraph_msgs/cmake/rosgraph_msgs__rosidl_typesupport_introspection_cppExport.cmake
[2.448s] -- Up-to-date: /home/pheonix/ros2_ws/install/rosgraph_msgs/share/rosgraph_msgs/cmake/rosgraph_msgs__rosidl_typesupport_introspection_cppExport-noconfig.cmake
[2.450s] -- Up-to-date: /home/pheonix/ros2_ws/install/rosgraph_msgs/share/rosgraph_msgs/cmake/rosgraph_msgs__rosidl_typesupport_cppExport.cmake
[2.450s] -- Up-to-date: /home/pheonix/ros2_ws/install/rosgraph_msgs/share/rosgraph_msgs/cmake/rosgraph_msgs__rosidl_typesupport_cppExport-noconfig.cmake
[2.457s] -- Up-to-date: /home/pheonix/ros2_ws/install/rosgraph_msgs/share/rosgraph_msgs/cmake/export_rosgraph_msgs__rosidl_generator_pyExport.cmake
[2.457s] -- Up-to-date: /home/pheonix/ros2_ws/install/rosgraph_msgs/share/rosgraph_msgs/cmake/export_rosgraph_msgs__rosidl_generator_pyExport-noconfig.cmake
[2.457s] -- Up-to-date: /home/pheonix/ros2_ws/install/rosgraph_msgs/share/rosgraph_msgs/cmake/rosidl_cmake-extras.cmake
[2.457s] -- Up-to-date: /home/pheonix/ros2_ws/install/rosgraph_msgs/share/rosgraph_msgs/cmake/ament_cmake_export_dependencies-extras.cmake
[2.457s] -- Up-to-date: /home/pheonix/ros2_ws/install/rosgraph_msgs/share/rosgraph_msgs/cmake/ament_cmake_export_include_directories-extras.cmake
[2.457s] -- Up-to-date: /home/pheonix/ros2_ws/install/rosgraph_msgs/share/rosgraph_msgs/cmake/ament_cmake_export_libraries-extras.cmake
[2.457s] -- Up-to-date: /home/pheonix/ros2_ws/install/rosgraph_msgs/share/rosgraph_msgs/cmake/ament_cmake_export_targets-extras.cmake
[2.457s] -- Up-to-date: /home/pheonix/ros2_ws/install/rosgraph_msgs/share/rosgraph_msgs/cmake/rosidl_cmake_export_typesupport_targets-extras.cmake
[2.459s] -- Up-to-date: /home/pheonix/ros2_ws/install/rosgraph_msgs/share/rosgraph_msgs/cmake/rosidl_cmake_export_typesupport_libraries-extras.cmake
[2.460s] -- Up-to-date: /home/pheonix/ros2_ws/install/rosgraph_msgs/share/rosgraph_msgs/cmake/rosgraph_msgsConfig.cmake
[2.460s] -- Up-to-date: /home/pheonix/ros2_ws/install/rosgraph_msgs/share/rosgraph_msgs/cmake/rosgraph_msgsConfig-version.cmake
[2.461s] -- Up-to-date: /home/pheonix/ros2_ws/install/rosgraph_msgs/share/rosgraph_msgs/package.xml
[2.467s] Invoked command in '/home/pheonix/ros2_ws/build/rosgraph_msgs' returned '0': CMAKE_PREFIX_PATH=${CMAKE_PREFIX_PATH}:/opt/ros/jazzy DEBUGINFOD_URLS=https://debuginfod.ubuntu.com /usr/bin/cmake --install /home/pheonix/ros2_ws/build/rosgraph_msgs
