[0.266s] DEBUG:colcon:Command line arguments: ['/usr/bin/colcon', 'build']
[0.266s] DEBUG:colcon:Parsed command line arguments: Namespace(log_base=None, log_level=None, verb_name='build', build_base='build', install_base='install', merge_install=False, symlink_install=False, test_result_base=None, continue_on_error=False, executor='parallel', parallel_workers=2, event_handlers=None, ignore_user_meta=False, metas=['./colcon.meta'], base_paths=['.'], packages_ignore=None, packages_ignore_regex=None, paths=None, packages_up_to=None, packages_up_to_regex=None, packages_above=None, packages_above_and_dependencies=None, packages_above_depth=None, packages_select_by_dep=None, packages_skip_by_dep=None, packages_skip_up_to=None, packages_select_build_failed=False, packages_skip_build_finished=False, packages_select_test_failures=False, packages_skip_test_passed=False, packages_select=None, packages_skip=None, packages_select_regex=None, packages_skip_regex=None, packages_start=None, packages_end=None, allow_overriding=[], cmake_args=None, cmake_target=None, cmake_target_skip_unavailable=False, cmake_clean_cache=False, cmake_clean_first=False, cmake_force_configure=False, ament_cmake_args=None, catkin_cmake_args=None, catkin_skip_building_tests=False, mixin_files=None, mixin=None, verb_parser=<colcon_mixin.mixin.mixin_argument.MixinArgumentDecorator object at 0x71395c9821b0>, verb_extension=<colcon_core.verb.build.BuildVerb object at 0x71395c9296d0>, main=<bound method BuildVerb.main of <colcon_core.verb.build.BuildVerb object at 0x71395c9296d0>>, mixin_verb=('build',))
[0.354s] Level 1:colcon.colcon_core.package_discovery:discover_packages(colcon_meta) check parameters
[0.354s] Level 1:colcon.colcon_core.package_discovery:discover_packages(recursive) check parameters
[0.354s] Level 1:colcon.colcon_core.package_discovery:discover_packages(ignore) check parameters
[0.354s] Level 1:colcon.colcon_core.package_discovery:discover_packages(path) check parameters
[0.354s] Level 1:colcon.colcon_core.package_discovery:discover_packages(colcon_meta) discover
[0.355s] Level 1:colcon.colcon_core.package_discovery:discover_packages(recursive) discover
[0.355s] INFO:colcon.colcon_core.package_discovery:Crawling recursively for packages in '/home/pheonix/ros2_ws'
[0.355s] Level 1:colcon.colcon_core.package_identification:_identify(.) by extensions ['ignore', 'ignore_ament_install']
[0.355s] Level 1:colcon.colcon_core.package_identification:_identify(.) by extension 'ignore'
[0.355s] Level 1:colcon.colcon_core.package_identification:_identify(.) by extension 'ignore_ament_install'
[0.355s] Level 1:colcon.colcon_core.package_identification:_identify(.) by extensions ['colcon_pkg']
[0.355s] Level 1:colcon.colcon_core.package_identification:_identify(.) by extension 'colcon_pkg'
[0.355s] Level 1:colcon.colcon_core.package_identification:_identify(.) by extensions ['colcon_meta']
[0.355s] Level 1:colcon.colcon_core.package_identification:_identify(.) by extension 'colcon_meta'
[0.355s] Level 1:colcon.colcon_core.package_identification:_identify(.) by extensions ['ros']
[0.355s] Level 1:colcon.colcon_core.package_identification:_identify(.) by extension 'ros'
[0.397s] Level 1:colcon.colcon_core.package_identification:_identify(.) by extensions ['cmake', 'python']
[0.397s] Level 1:colcon.colcon_core.package_identification:_identify(.) by extension 'cmake'
[0.397s] Level 1:colcon.colcon_core.package_identification:_identify(.) by extension 'python'
[0.397s] Level 1:colcon.colcon_core.package_identification:_identify(.) by extensions ['python_setup_py']
[0.397s] Level 1:colcon.colcon_core.package_identification:_identify(.) by extension 'python_setup_py'
[0.397s] Level 1:colcon.colcon_core.package_identification:_identify(build) by extensions ['ignore', 'ignore_ament_install']
[0.397s] Level 1:colcon.colcon_core.package_identification:_identify(build) by extension 'ignore'
[0.397s] Level 1:colcon.colcon_core.package_identification:_identify(build) ignored
[0.397s] Level 1:colcon.colcon_core.package_identification:_identify(install) by extensions ['ignore', 'ignore_ament_install']
[0.398s] Level 1:colcon.colcon_core.package_identification:_identify(install) by extension 'ignore'
[0.398s] Level 1:colcon.colcon_core.package_identification:_identify(install) ignored
[0.398s] Level 1:colcon.colcon_core.package_identification:_identify(log) by extensions ['ignore', 'ignore_ament_install']
[0.398s] Level 1:colcon.colcon_core.package_identification:_identify(log) by extension 'ignore'
[0.398s] Level 1:colcon.colcon_core.package_identification:_identify(log) ignored
[0.398s] Level 1:colcon.colcon_core.package_identification:_identify(src) by extensions ['ignore', 'ignore_ament_install']
[0.398s] Level 1:colcon.colcon_core.package_identification:_identify(src) by extension 'ignore'
[0.398s] Level 1:colcon.colcon_core.package_identification:_identify(src) by extension 'ignore_ament_install'
[0.398s] Level 1:colcon.colcon_core.package_identification:_identify(src) by extensions ['colcon_pkg']
[0.398s] Level 1:colcon.colcon_core.package_identification:_identify(src) by extension 'colcon_pkg'
[0.398s] Level 1:colcon.colcon_core.package_identification:_identify(src) by extensions ['colcon_meta']
[0.398s] Level 1:colcon.colcon_core.package_identification:_identify(src) by extension 'colcon_meta'
[0.398s] Level 1:colcon.colcon_core.package_identification:_identify(src) by extensions ['ros']
[0.398s] Level 1:colcon.colcon_core.package_identification:_identify(src) by extension 'ros'
[0.398s] Level 1:colcon.colcon_core.package_identification:_identify(src) by extensions ['cmake', 'python']
[0.398s] Level 1:colcon.colcon_core.package_identification:_identify(src) by extension 'cmake'
[0.398s] Level 1:colcon.colcon_core.package_identification:_identify(src) by extension 'python'
[0.398s] Level 1:colcon.colcon_core.package_identification:_identify(src) by extensions ['python_setup_py']
[0.398s] Level 1:colcon.colcon_core.package_identification:_identify(src) by extension 'python_setup_py'
[0.398s] Level 1:colcon.colcon_core.package_identification:_identify(src/ROS-Robotics-By-Example) by extensions ['ignore', 'ignore_ament_install']
[0.398s] Level 1:colcon.colcon_core.package_identification:_identify(src/ROS-Robotics-By-Example) by extension 'ignore'
[0.398s] Level 1:colcon.colcon_core.package_identification:_identify(src/ROS-Robotics-By-Example) by extension 'ignore_ament_install'
[0.398s] Level 1:colcon.colcon_core.package_identification:_identify(src/ROS-Robotics-By-Example) by extensions ['colcon_pkg']
[0.398s] Level 1:colcon.colcon_core.package_identification:_identify(src/ROS-Robotics-By-Example) by extension 'colcon_pkg'
[0.398s] Level 1:colcon.colcon_core.package_identification:_identify(src/ROS-Robotics-By-Example) by extensions ['colcon_meta']
[0.398s] Level 1:colcon.colcon_core.package_identification:_identify(src/ROS-Robotics-By-Example) by extension 'colcon_meta'
[0.398s] Level 1:colcon.colcon_core.package_identification:_identify(src/ROS-Robotics-By-Example) by extensions ['ros']
[0.398s] Level 1:colcon.colcon_core.package_identification:_identify(src/ROS-Robotics-By-Example) by extension 'ros'
[0.398s] Level 1:colcon.colcon_core.package_identification:_identify(src/ROS-Robotics-By-Example) by extensions ['cmake', 'python']
[0.398s] Level 1:colcon.colcon_core.package_identification:_identify(src/ROS-Robotics-By-Example) by extension 'cmake'
[0.398s] Level 1:colcon.colcon_core.package_identification:_identify(src/ROS-Robotics-By-Example) by extension 'python'
[0.398s] Level 1:colcon.colcon_core.package_identification:_identify(src/ROS-Robotics-By-Example) by extensions ['python_setup_py']
[0.398s] Level 1:colcon.colcon_core.package_identification:_identify(src/ROS-Robotics-By-Example) by extension 'python_setup_py'
[0.398s] Level 1:colcon.colcon_core.package_identification:_identify(src/ROS-Robotics-By-Example/Chapter_2_code) by extensions ['ignore', 'ignore_ament_install']
[0.398s] Level 1:colcon.colcon_core.package_identification:_identify(src/ROS-Robotics-By-Example/Chapter_2_code) by extension 'ignore'
[0.398s] Level 1:colcon.colcon_core.package_identification:_identify(src/ROS-Robotics-By-Example/Chapter_2_code) by extension 'ignore_ament_install'
[0.398s] Level 1:colcon.colcon_core.package_identification:_identify(src/ROS-Robotics-By-Example/Chapter_2_code) by extensions ['colcon_pkg']
[0.398s] Level 1:colcon.colcon_core.package_identification:_identify(src/ROS-Robotics-By-Example/Chapter_2_code) by extension 'colcon_pkg'
[0.399s] Level 1:colcon.colcon_core.package_identification:_identify(src/ROS-Robotics-By-Example/Chapter_2_code) by extensions ['colcon_meta']
[0.399s] Level 1:colcon.colcon_core.package_identification:_identify(src/ROS-Robotics-By-Example/Chapter_2_code) by extension 'colcon_meta'
[0.399s] Level 1:colcon.colcon_core.package_identification:_identify(src/ROS-Robotics-By-Example/Chapter_2_code) by extensions ['ros']
[0.399s] Level 1:colcon.colcon_core.package_identification:_identify(src/ROS-Robotics-By-Example/Chapter_2_code) by extension 'ros'
[0.399s] Level 1:colcon.colcon_core.package_identification:_identify(src/ROS-Robotics-By-Example/Chapter_2_code) by extensions ['cmake', 'python']
[0.399s] Level 1:colcon.colcon_core.package_identification:_identify(src/ROS-Robotics-By-Example/Chapter_2_code) by extension 'cmake'
[0.399s] Level 1:colcon.colcon_core.package_identification:_identify(src/ROS-Robotics-By-Example/Chapter_2_code) by extension 'python'
[0.399s] Level 1:colcon.colcon_core.package_identification:_identify(src/ROS-Robotics-By-Example/Chapter_2_code) by extensions ['python_setup_py']
[0.399s] Level 1:colcon.colcon_core.package_identification:_identify(src/ROS-Robotics-By-Example/Chapter_2_code) by extension 'python_setup_py'
[0.399s] Level 1:colcon.colcon_core.package_identification:_identify(src/ROS-Robotics-By-Example/Chapter_2_code/ros_robotics) by extensions ['ignore', 'ignore_ament_install']
[0.399s] Level 1:colcon.colcon_core.package_identification:_identify(src/ROS-Robotics-By-Example/Chapter_2_code/ros_robotics) by extension 'ignore'
[0.399s] Level 1:colcon.colcon_core.package_identification:_identify(src/ROS-Robotics-By-Example/Chapter_2_code/ros_robotics) by extension 'ignore_ament_install'
[0.399s] Level 1:colcon.colcon_core.package_identification:_identify(src/ROS-Robotics-By-Example/Chapter_2_code/ros_robotics) by extensions ['colcon_pkg']
[0.399s] Level 1:colcon.colcon_core.package_identification:_identify(src/ROS-Robotics-By-Example/Chapter_2_code/ros_robotics) by extension 'colcon_pkg'
[0.399s] Level 1:colcon.colcon_core.package_identification:_identify(src/ROS-Robotics-By-Example/Chapter_2_code/ros_robotics) by extensions ['colcon_meta']
[0.399s] Level 1:colcon.colcon_core.package_identification:_identify(src/ROS-Robotics-By-Example/Chapter_2_code/ros_robotics) by extension 'colcon_meta'
[0.399s] Level 1:colcon.colcon_core.package_identification:_identify(src/ROS-Robotics-By-Example/Chapter_2_code/ros_robotics) by extensions ['ros']
[0.399s] Level 1:colcon.colcon_core.package_identification:_identify(src/ROS-Robotics-By-Example/Chapter_2_code/ros_robotics) by extension 'ros'
[0.405s] DEBUG:colcon.colcon_core.package_identification:Package 'src/ROS-Robotics-By-Example/Chapter_2_code/ros_robotics' with type 'ros.catkin' and name 'ros_robotics'
[0.405s] Level 1:colcon.colcon_core.package_identification:_identify(src/ROS-Robotics-By-Example/Chapter_3_code) by extensions ['ignore', 'ignore_ament_install']
[0.405s] Level 1:colcon.colcon_core.package_identification:_identify(src/ROS-Robotics-By-Example/Chapter_3_code) by extension 'ignore'
[0.405s] Level 1:colcon.colcon_core.package_identification:_identify(src/ROS-Robotics-By-Example/Chapter_3_code) by extension 'ignore_ament_install'
[0.405s] Level 1:colcon.colcon_core.package_identification:_identify(src/ROS-Robotics-By-Example/Chapter_3_code) by extensions ['colcon_pkg']
[0.405s] Level 1:colcon.colcon_core.package_identification:_identify(src/ROS-Robotics-By-Example/Chapter_3_code) by extension 'colcon_pkg'
[0.405s] Level 1:colcon.colcon_core.package_identification:_identify(src/ROS-Robotics-By-Example/Chapter_3_code) by extensions ['colcon_meta']
[0.405s] Level 1:colcon.colcon_core.package_identification:_identify(src/ROS-Robotics-By-Example/Chapter_3_code) by extension 'colcon_meta'
[0.405s] Level 1:colcon.colcon_core.package_identification:_identify(src/ROS-Robotics-By-Example/Chapter_3_code) by extensions ['ros']
[0.405s] Level 1:colcon.colcon_core.package_identification:_identify(src/ROS-Robotics-By-Example/Chapter_3_code) by extension 'ros'
[0.405s] Level 1:colcon.colcon_core.package_identification:_identify(src/ROS-Robotics-By-Example/Chapter_3_code) by extensions ['cmake', 'python']
[0.405s] Level 1:colcon.colcon_core.package_identification:_identify(src/ROS-Robotics-By-Example/Chapter_3_code) by extension 'cmake'
[0.405s] Level 1:colcon.colcon_core.package_identification:_identify(src/ROS-Robotics-By-Example/Chapter_3_code) by extension 'python'
[0.405s] Level 1:colcon.colcon_core.package_identification:_identify(src/ROS-Robotics-By-Example/Chapter_3_code) by extensions ['python_setup_py']
[0.405s] Level 1:colcon.colcon_core.package_identification:_identify(src/ROS-Robotics-By-Example/Chapter_3_code) by extension 'python_setup_py'
[0.405s] Level 1:colcon.colcon_core.package_identification:_identify(src/ROS-Robotics-By-Example/Chapter_5_code) by extensions ['ignore', 'ignore_ament_install']
[0.406s] Level 1:colcon.colcon_core.package_identification:_identify(src/ROS-Robotics-By-Example/Chapter_5_code) by extension 'ignore'
[0.406s] Level 1:colcon.colcon_core.package_identification:_identify(src/ROS-Robotics-By-Example/Chapter_5_code) by extension 'ignore_ament_install'
[0.406s] Level 1:colcon.colcon_core.package_identification:_identify(src/ROS-Robotics-By-Example/Chapter_5_code) by extensions ['colcon_pkg']
[0.406s] Level 1:colcon.colcon_core.package_identification:_identify(src/ROS-Robotics-By-Example/Chapter_5_code) by extension 'colcon_pkg'
[0.406s] Level 1:colcon.colcon_core.package_identification:_identify(src/ROS-Robotics-By-Example/Chapter_5_code) by extensions ['colcon_meta']
[0.406s] Level 1:colcon.colcon_core.package_identification:_identify(src/ROS-Robotics-By-Example/Chapter_5_code) by extension 'colcon_meta'
[0.406s] Level 1:colcon.colcon_core.package_identification:_identify(src/ROS-Robotics-By-Example/Chapter_5_code) by extensions ['ros']
[0.406s] Level 1:colcon.colcon_core.package_identification:_identify(src/ROS-Robotics-By-Example/Chapter_5_code) by extension 'ros'
[0.406s] Level 1:colcon.colcon_core.package_identification:_identify(src/ROS-Robotics-By-Example/Chapter_5_code) by extensions ['cmake', 'python']
[0.406s] Level 1:colcon.colcon_core.package_identification:_identify(src/ROS-Robotics-By-Example/Chapter_5_code) by extension 'cmake'
[0.406s] Level 1:colcon.colcon_core.package_identification:_identify(src/ROS-Robotics-By-Example/Chapter_5_code) by extension 'python'
[0.406s] Level 1:colcon.colcon_core.package_identification:_identify(src/ROS-Robotics-By-Example/Chapter_5_code) by extensions ['python_setup_py']
[0.406s] Level 1:colcon.colcon_core.package_identification:_identify(src/ROS-Robotics-By-Example/Chapter_5_code) by extension 'python_setup_py'
[0.406s] Level 1:colcon.colcon_core.package_identification:_identify(src/ROS-Robotics-By-Example/Chapter_5_code/ros_robotics) by extensions ['ignore', 'ignore_ament_install']
[0.406s] Level 1:colcon.colcon_core.package_identification:_identify(src/ROS-Robotics-By-Example/Chapter_5_code/ros_robotics) by extension 'ignore'
[0.406s] Level 1:colcon.colcon_core.package_identification:_identify(src/ROS-Robotics-By-Example/Chapter_5_code/ros_robotics) by extension 'ignore_ament_install'
[0.406s] Level 1:colcon.colcon_core.package_identification:_identify(src/ROS-Robotics-By-Example/Chapter_5_code/ros_robotics) by extensions ['colcon_pkg']
[0.406s] Level 1:colcon.colcon_core.package_identification:_identify(src/ROS-Robotics-By-Example/Chapter_5_code/ros_robotics) by extension 'colcon_pkg'
[0.406s] Level 1:colcon.colcon_core.package_identification:_identify(src/ROS-Robotics-By-Example/Chapter_5_code/ros_robotics) by extensions ['colcon_meta']
[0.406s] Level 1:colcon.colcon_core.package_identification:_identify(src/ROS-Robotics-By-Example/Chapter_5_code/ros_robotics) by extension 'colcon_meta'
[0.406s] Level 1:colcon.colcon_core.package_identification:_identify(src/ROS-Robotics-By-Example/Chapter_5_code/ros_robotics) by extensions ['ros']
[0.406s] Level 1:colcon.colcon_core.package_identification:_identify(src/ROS-Robotics-By-Example/Chapter_5_code/ros_robotics) by extension 'ros'
[0.406s] DEBUG:colcon.colcon_core.package_identification:Package 'src/ROS-Robotics-By-Example/Chapter_5_code/ros_robotics' with type 'ros.catkin' and name 'ros_robotics'
[0.407s] Level 1:colcon.colcon_core.package_identification:_identify(src/ROS-Robotics-By-Example/Chapter_6_code) by extensions ['ignore', 'ignore_ament_install']
[0.407s] Level 1:colcon.colcon_core.package_identification:_identify(src/ROS-Robotics-By-Example/Chapter_6_code) by extension 'ignore'
[0.407s] Level 1:colcon.colcon_core.package_identification:_identify(src/ROS-Robotics-By-Example/Chapter_6_code) by extension 'ignore_ament_install'
[0.407s] Level 1:colcon.colcon_core.package_identification:_identify(src/ROS-Robotics-By-Example/Chapter_6_code) by extensions ['colcon_pkg']
[0.407s] Level 1:colcon.colcon_core.package_identification:_identify(src/ROS-Robotics-By-Example/Chapter_6_code) by extension 'colcon_pkg'
[0.407s] Level 1:colcon.colcon_core.package_identification:_identify(src/ROS-Robotics-By-Example/Chapter_6_code) by extensions ['colcon_meta']
[0.407s] Level 1:colcon.colcon_core.package_identification:_identify(src/ROS-Robotics-By-Example/Chapter_6_code) by extension 'colcon_meta'
[0.407s] Level 1:colcon.colcon_core.package_identification:_identify(src/ROS-Robotics-By-Example/Chapter_6_code) by extensions ['ros']
[0.407s] Level 1:colcon.colcon_core.package_identification:_identify(src/ROS-Robotics-By-Example/Chapter_6_code) by extension 'ros'
[0.407s] Level 1:colcon.colcon_core.package_identification:_identify(src/ROS-Robotics-By-Example/Chapter_6_code) by extensions ['cmake', 'python']
[0.407s] Level 1:colcon.colcon_core.package_identification:_identify(src/ROS-Robotics-By-Example/Chapter_6_code) by extension 'cmake'
[0.407s] Level 1:colcon.colcon_core.package_identification:_identify(src/ROS-Robotics-By-Example/Chapter_6_code) by extension 'python'
[0.407s] Level 1:colcon.colcon_core.package_identification:_identify(src/ROS-Robotics-By-Example/Chapter_6_code) by extensions ['python_setup_py']
[0.407s] Level 1:colcon.colcon_core.package_identification:_identify(src/ROS-Robotics-By-Example/Chapter_6_code) by extension 'python_setup_py'
[0.407s] Level 1:colcon.colcon_core.package_identification:_identify(src/ROS-Robotics-By-Example/Chapter_8_code) by extensions ['ignore', 'ignore_ament_install']
[0.407s] Level 1:colcon.colcon_core.package_identification:_identify(src/ROS-Robotics-By-Example/Chapter_8_code) by extension 'ignore'
[0.407s] Level 1:colcon.colcon_core.package_identification:_identify(src/ROS-Robotics-By-Example/Chapter_8_code) by extension 'ignore_ament_install'
[0.407s] Level 1:colcon.colcon_core.package_identification:_identify(src/ROS-Robotics-By-Example/Chapter_8_code) by extensions ['colcon_pkg']
[0.407s] Level 1:colcon.colcon_core.package_identification:_identify(src/ROS-Robotics-By-Example/Chapter_8_code) by extension 'colcon_pkg'
[0.407s] Level 1:colcon.colcon_core.package_identification:_identify(src/ROS-Robotics-By-Example/Chapter_8_code) by extensions ['colcon_meta']
[0.407s] Level 1:colcon.colcon_core.package_identification:_identify(src/ROS-Robotics-By-Example/Chapter_8_code) by extension 'colcon_meta'
[0.407s] Level 1:colcon.colcon_core.package_identification:_identify(src/ROS-Robotics-By-Example/Chapter_8_code) by extensions ['ros']
[0.407s] Level 1:colcon.colcon_core.package_identification:_identify(src/ROS-Robotics-By-Example/Chapter_8_code) by extension 'ros'
[0.407s] Level 1:colcon.colcon_core.package_identification:_identify(src/ROS-Robotics-By-Example/Chapter_8_code) by extensions ['cmake', 'python']
[0.407s] Level 1:colcon.colcon_core.package_identification:_identify(src/ROS-Robotics-By-Example/Chapter_8_code) by extension 'cmake'
[0.407s] Level 1:colcon.colcon_core.package_identification:_identify(src/ROS-Robotics-By-Example/Chapter_8_code) by extension 'python'
[0.407s] Level 1:colcon.colcon_core.package_identification:_identify(src/ROS-Robotics-By-Example/Chapter_8_code) by extensions ['python_setup_py']
[0.407s] Level 1:colcon.colcon_core.package_identification:_identify(src/ROS-Robotics-By-Example/Chapter_8_code) by extension 'python_setup_py'
[0.407s] Level 1:colcon.colcon_core.package_identification:_identify(src/ROS-Robotics-By-Example/Chapter_8_code/Arduino_ultrasound_code) by extensions ['ignore', 'ignore_ament_install']
[0.407s] Level 1:colcon.colcon_core.package_identification:_identify(src/ROS-Robotics-By-Example/Chapter_8_code/Arduino_ultrasound_code) by extension 'ignore'
[0.408s] Level 1:colcon.colcon_core.package_identification:_identify(src/ROS-Robotics-By-Example/Chapter_8_code/Arduino_ultrasound_code) by extension 'ignore_ament_install'
[0.408s] Level 1:colcon.colcon_core.package_identification:_identify(src/ROS-Robotics-By-Example/Chapter_8_code/Arduino_ultrasound_code) by extensions ['colcon_pkg']
[0.408s] Level 1:colcon.colcon_core.package_identification:_identify(src/ROS-Robotics-By-Example/Chapter_8_code/Arduino_ultrasound_code) by extension 'colcon_pkg'
[0.408s] Level 1:colcon.colcon_core.package_identification:_identify(src/ROS-Robotics-By-Example/Chapter_8_code/Arduino_ultrasound_code) by extensions ['colcon_meta']
[0.408s] Level 1:colcon.colcon_core.package_identification:_identify(src/ROS-Robotics-By-Example/Chapter_8_code/Arduino_ultrasound_code) by extension 'colcon_meta'
[0.408s] Level 1:colcon.colcon_core.package_identification:_identify(src/ROS-Robotics-By-Example/Chapter_8_code/Arduino_ultrasound_code) by extensions ['ros']
[0.408s] Level 1:colcon.colcon_core.package_identification:_identify(src/ROS-Robotics-By-Example/Chapter_8_code/Arduino_ultrasound_code) by extension 'ros'
[0.408s] Level 1:colcon.colcon_core.package_identification:_identify(src/ROS-Robotics-By-Example/Chapter_8_code/Arduino_ultrasound_code) by extensions ['cmake', 'python']
[0.408s] Level 1:colcon.colcon_core.package_identification:_identify(src/ROS-Robotics-By-Example/Chapter_8_code/Arduino_ultrasound_code) by extension 'cmake'
[0.408s] Level 1:colcon.colcon_core.package_identification:_identify(src/ROS-Robotics-By-Example/Chapter_8_code/Arduino_ultrasound_code) by extension 'python'
[0.408s] Level 1:colcon.colcon_core.package_identification:_identify(src/ROS-Robotics-By-Example/Chapter_8_code/Arduino_ultrasound_code) by extensions ['python_setup_py']
[0.408s] Level 1:colcon.colcon_core.package_identification:_identify(src/ROS-Robotics-By-Example/Chapter_8_code/Arduino_ultrasound_code) by extension 'python_setup_py'
[0.408s] Level 1:colcon.colcon_core.package_identification:_identify(src/ROS-Robotics-By-Example/Chapter_8_code/Arduino_ultrasound_code/ultrasound_sr04) by extensions ['ignore', 'ignore_ament_install']
[0.408s] Level 1:colcon.colcon_core.package_identification:_identify(src/ROS-Robotics-By-Example/Chapter_8_code/Arduino_ultrasound_code/ultrasound_sr04) by extension 'ignore'
[0.408s] Level 1:colcon.colcon_core.package_identification:_identify(src/ROS-Robotics-By-Example/Chapter_8_code/Arduino_ultrasound_code/ultrasound_sr04) by extension 'ignore_ament_install'
[0.408s] Level 1:colcon.colcon_core.package_identification:_identify(src/ROS-Robotics-By-Example/Chapter_8_code/Arduino_ultrasound_code/ultrasound_sr04) by extensions ['colcon_pkg']
[0.408s] Level 1:colcon.colcon_core.package_identification:_identify(src/ROS-Robotics-By-Example/Chapter_8_code/Arduino_ultrasound_code/ultrasound_sr04) by extension 'colcon_pkg'
[0.408s] Level 1:colcon.colcon_core.package_identification:_identify(src/ROS-Robotics-By-Example/Chapter_8_code/Arduino_ultrasound_code/ultrasound_sr04) by extensions ['colcon_meta']
[0.408s] Level 1:colcon.colcon_core.package_identification:_identify(src/ROS-Robotics-By-Example/Chapter_8_code/Arduino_ultrasound_code/ultrasound_sr04) by extension 'colcon_meta'
[0.408s] Level 1:colcon.colcon_core.package_identification:_identify(src/ROS-Robotics-By-Example/Chapter_8_code/Arduino_ultrasound_code/ultrasound_sr04) by extensions ['ros']
[0.408s] Level 1:colcon.colcon_core.package_identification:_identify(src/ROS-Robotics-By-Example/Chapter_8_code/Arduino_ultrasound_code/ultrasound_sr04) by extension 'ros'
[0.408s] Level 1:colcon.colcon_core.package_identification:_identify(src/ROS-Robotics-By-Example/Chapter_8_code/Arduino_ultrasound_code/ultrasound_sr04) by extensions ['cmake', 'python']
[0.408s] Level 1:colcon.colcon_core.package_identification:_identify(src/ROS-Robotics-By-Example/Chapter_8_code/Arduino_ultrasound_code/ultrasound_sr04) by extension 'cmake'
[0.408s] Level 1:colcon.colcon_core.package_identification:_identify(src/ROS-Robotics-By-Example/Chapter_8_code/Arduino_ultrasound_code/ultrasound_sr04) by extension 'python'
[0.408s] Level 1:colcon.colcon_core.package_identification:_identify(src/ROS-Robotics-By-Example/Chapter_8_code/Arduino_ultrasound_code/ultrasound_sr04) by extensions ['python_setup_py']
[0.408s] Level 1:colcon.colcon_core.package_identification:_identify(src/ROS-Robotics-By-Example/Chapter_8_code/Arduino_ultrasound_code/ultrasound_sr04) by extension 'python_setup_py'
[0.408s] Level 1:colcon.colcon_core.package_identification:_identify(src/ROS-Robotics-By-Example/Chapter_8_code/Turtlesim_joy_code) by extensions ['ignore', 'ignore_ament_install']
[0.408s] Level 1:colcon.colcon_core.package_identification:_identify(src/ROS-Robotics-By-Example/Chapter_8_code/Turtlesim_joy_code) by extension 'ignore'
[0.408s] Level 1:colcon.colcon_core.package_identification:_identify(src/ROS-Robotics-By-Example/Chapter_8_code/Turtlesim_joy_code) by extension 'ignore_ament_install'
[0.408s] Level 1:colcon.colcon_core.package_identification:_identify(src/ROS-Robotics-By-Example/Chapter_8_code/Turtlesim_joy_code) by extensions ['colcon_pkg']
[0.408s] Level 1:colcon.colcon_core.package_identification:_identify(src/ROS-Robotics-By-Example/Chapter_8_code/Turtlesim_joy_code) by extension 'colcon_pkg'
[0.408s] Level 1:colcon.colcon_core.package_identification:_identify(src/ROS-Robotics-By-Example/Chapter_8_code/Turtlesim_joy_code) by extensions ['colcon_meta']
[0.408s] Level 1:colcon.colcon_core.package_identification:_identify(src/ROS-Robotics-By-Example/Chapter_8_code/Turtlesim_joy_code) by extension 'colcon_meta'
[0.408s] Level 1:colcon.colcon_core.package_identification:_identify(src/ROS-Robotics-By-Example/Chapter_8_code/Turtlesim_joy_code) by extensions ['ros']
[0.408s] Level 1:colcon.colcon_core.package_identification:_identify(src/ROS-Robotics-By-Example/Chapter_8_code/Turtlesim_joy_code) by extension 'ros'
[0.408s] Level 1:colcon.colcon_core.package_identification:_identify(src/ROS-Robotics-By-Example/Chapter_8_code/Turtlesim_joy_code) by extensions ['cmake', 'python']
[0.409s] Level 1:colcon.colcon_core.package_identification:_identify(src/ROS-Robotics-By-Example/Chapter_8_code/Turtlesim_joy_code) by extension 'cmake'
[0.409s] Level 1:colcon.colcon_core.package_identification:_identify(src/ROS-Robotics-By-Example/Chapter_8_code/Turtlesim_joy_code) by extension 'python'
[0.409s] Level 1:colcon.colcon_core.package_identification:_identify(src/ROS-Robotics-By-Example/Chapter_8_code/Turtlesim_joy_code) by extensions ['python_setup_py']
[0.409s] Level 1:colcon.colcon_core.package_identification:_identify(src/ROS-Robotics-By-Example/Chapter_8_code/Turtlesim_joy_code) by extension 'python_setup_py'
[0.409s] Level 1:colcon.colcon_core.package_identification:_identify(src/ROS-Robotics-By-Example/Chapter_9_code) by extensions ['ignore', 'ignore_ament_install']
[0.409s] Level 1:colcon.colcon_core.package_identification:_identify(src/ROS-Robotics-By-Example/Chapter_9_code) by extension 'ignore'
[0.409s] Level 1:colcon.colcon_core.package_identification:_identify(src/ROS-Robotics-By-Example/Chapter_9_code) by extension 'ignore_ament_install'
[0.409s] Level 1:colcon.colcon_core.package_identification:_identify(src/ROS-Robotics-By-Example/Chapter_9_code) by extensions ['colcon_pkg']
[0.409s] Level 1:colcon.colcon_core.package_identification:_identify(src/ROS-Robotics-By-Example/Chapter_9_code) by extension 'colcon_pkg'
[0.409s] Level 1:colcon.colcon_core.package_identification:_identify(src/ROS-Robotics-By-Example/Chapter_9_code) by extensions ['colcon_meta']
[0.409s] Level 1:colcon.colcon_core.package_identification:_identify(src/ROS-Robotics-By-Example/Chapter_9_code) by extension 'colcon_meta'
[0.409s] Level 1:colcon.colcon_core.package_identification:_identify(src/ROS-Robotics-By-Example/Chapter_9_code) by extensions ['ros']
[0.409s] Level 1:colcon.colcon_core.package_identification:_identify(src/ROS-Robotics-By-Example/Chapter_9_code) by extension 'ros'
[0.409s] Level 1:colcon.colcon_core.package_identification:_identify(src/ROS-Robotics-By-Example/Chapter_9_code) by extensions ['cmake', 'python']
[0.409s] Level 1:colcon.colcon_core.package_identification:_identify(src/ROS-Robotics-By-Example/Chapter_9_code) by extension 'cmake'
[0.409s] Level 1:colcon.colcon_core.package_identification:_identify(src/ROS-Robotics-By-Example/Chapter_9_code) by extension 'python'
[0.409s] Level 1:colcon.colcon_core.package_identification:_identify(src/ROS-Robotics-By-Example/Chapter_9_code) by extensions ['python_setup_py']
[0.409s] Level 1:colcon.colcon_core.package_identification:_identify(src/ROS-Robotics-By-Example/Chapter_9_code) by extension 'python_setup_py'
[0.409s] Level 1:colcon.colcon_core.package_identification:_identify(src/ROS-Robotics-By-Example/Chapter_9_code/crazyflie_autonomous) by extensions ['ignore', 'ignore_ament_install']
[0.409s] Level 1:colcon.colcon_core.package_identification:_identify(src/ROS-Robotics-By-Example/Chapter_9_code/crazyflie_autonomous) by extension 'ignore'
[0.409s] Level 1:colcon.colcon_core.package_identification:_identify(src/ROS-Robotics-By-Example/Chapter_9_code/crazyflie_autonomous) by extension 'ignore_ament_install'
[0.409s] Level 1:colcon.colcon_core.package_identification:_identify(src/ROS-Robotics-By-Example/Chapter_9_code/crazyflie_autonomous) by extensions ['colcon_pkg']
[0.409s] Level 1:colcon.colcon_core.package_identification:_identify(src/ROS-Robotics-By-Example/Chapter_9_code/crazyflie_autonomous) by extension 'colcon_pkg'
[0.409s] Level 1:colcon.colcon_core.package_identification:_identify(src/ROS-Robotics-By-Example/Chapter_9_code/crazyflie_autonomous) by extensions ['colcon_meta']
[0.409s] Level 1:colcon.colcon_core.package_identification:_identify(src/ROS-Robotics-By-Example/Chapter_9_code/crazyflie_autonomous) by extension 'colcon_meta'
[0.409s] Level 1:colcon.colcon_core.package_identification:_identify(src/ROS-Robotics-By-Example/Chapter_9_code/crazyflie_autonomous) by extensions ['ros']
[0.409s] Level 1:colcon.colcon_core.package_identification:_identify(src/ROS-Robotics-By-Example/Chapter_9_code/crazyflie_autonomous) by extension 'ros'
[0.410s] DEBUG:colcon.colcon_core.package_identification:Package 'src/ROS-Robotics-By-Example/Chapter_9_code/crazyflie_autonomous' with type 'ros.catkin' and name 'crazyflie_autonomous'
[0.410s] Level 1:colcon.colcon_core.package_identification:_identify(src/launch_ros) by extensions ['ignore', 'ignore_ament_install']
[0.410s] Level 1:colcon.colcon_core.package_identification:_identify(src/launch_ros) by extension 'ignore'
[0.410s] Level 1:colcon.colcon_core.package_identification:_identify(src/launch_ros) by extension 'ignore_ament_install'
[0.410s] Level 1:colcon.colcon_core.package_identification:_identify(src/launch_ros) by extensions ['colcon_pkg']
[0.410s] Level 1:colcon.colcon_core.package_identification:_identify(src/launch_ros) by extension 'colcon_pkg'
[0.410s] Level 1:colcon.colcon_core.package_identification:_identify(src/launch_ros) by extensions ['colcon_meta']
[0.410s] Level 1:colcon.colcon_core.package_identification:_identify(src/launch_ros) by extension 'colcon_meta'
[0.410s] Level 1:colcon.colcon_core.package_identification:_identify(src/launch_ros) by extensions ['ros']
[0.410s] Level 1:colcon.colcon_core.package_identification:_identify(src/launch_ros) by extension 'ros'
[0.410s] Level 1:colcon.colcon_core.package_identification:_identify(src/launch_ros) by extensions ['cmake', 'python']
[0.410s] Level 1:colcon.colcon_core.package_identification:_identify(src/launch_ros) by extension 'cmake'
[0.410s] Level 1:colcon.colcon_core.package_identification:_identify(src/launch_ros) by extension 'python'
[0.410s] Level 1:colcon.colcon_core.package_identification:_identify(src/launch_ros) by extensions ['python_setup_py']
[0.410s] Level 1:colcon.colcon_core.package_identification:_identify(src/launch_ros) by extension 'python_setup_py'
[0.410s] Level 1:colcon.colcon_core.package_identification:_identify(src/launch_ros/launch_ros) by extensions ['ignore', 'ignore_ament_install']
[0.410s] Level 1:colcon.colcon_core.package_identification:_identify(src/launch_ros/launch_ros) by extension 'ignore'
[0.410s] Level 1:colcon.colcon_core.package_identification:_identify(src/launch_ros/launch_ros) by extension 'ignore_ament_install'
[0.410s] Level 1:colcon.colcon_core.package_identification:_identify(src/launch_ros/launch_ros) by extensions ['colcon_pkg']
[0.410s] Level 1:colcon.colcon_core.package_identification:_identify(src/launch_ros/launch_ros) by extension 'colcon_pkg'
[0.410s] Level 1:colcon.colcon_core.package_identification:_identify(src/launch_ros/launch_ros) by extensions ['colcon_meta']
[0.410s] Level 1:colcon.colcon_core.package_identification:_identify(src/launch_ros/launch_ros) by extension 'colcon_meta'
[0.410s] Level 1:colcon.colcon_core.package_identification:_identify(src/launch_ros/launch_ros) by extensions ['ros']
[0.410s] Level 1:colcon.colcon_core.package_identification:_identify(src/launch_ros/launch_ros) by extension 'ros'
[0.411s] DEBUG:colcon.colcon_core.package_identification:Package 'src/launch_ros/launch_ros' with type 'ros.ament_python' and name 'launch_ros'
[0.411s] Level 1:colcon.colcon_core.package_identification:_identify(src/launch_ros/launch_testing_ros) by extensions ['ignore', 'ignore_ament_install']
[0.411s] Level 1:colcon.colcon_core.package_identification:_identify(src/launch_ros/launch_testing_ros) by extension 'ignore'
[0.411s] Level 1:colcon.colcon_core.package_identification:_identify(src/launch_ros/launch_testing_ros) by extension 'ignore_ament_install'
[0.411s] Level 1:colcon.colcon_core.package_identification:_identify(src/launch_ros/launch_testing_ros) by extensions ['colcon_pkg']
[0.411s] Level 1:colcon.colcon_core.package_identification:_identify(src/launch_ros/launch_testing_ros) by extension 'colcon_pkg'
[0.411s] Level 1:colcon.colcon_core.package_identification:_identify(src/launch_ros/launch_testing_ros) by extensions ['colcon_meta']
[0.411s] Level 1:colcon.colcon_core.package_identification:_identify(src/launch_ros/launch_testing_ros) by extension 'colcon_meta'
[0.411s] Level 1:colcon.colcon_core.package_identification:_identify(src/launch_ros/launch_testing_ros) by extensions ['ros']
[0.411s] Level 1:colcon.colcon_core.package_identification:_identify(src/launch_ros/launch_testing_ros) by extension 'ros'
[0.411s] DEBUG:colcon.colcon_core.package_identification:Package 'src/launch_ros/launch_testing_ros' with type 'ros.ament_python' and name 'launch_testing_ros'
[0.411s] Level 1:colcon.colcon_core.package_identification:_identify(src/launch_ros/ros2launch) by extensions ['ignore', 'ignore_ament_install']
[0.412s] Level 1:colcon.colcon_core.package_identification:_identify(src/launch_ros/ros2launch) by extension 'ignore'
[0.412s] Level 1:colcon.colcon_core.package_identification:_identify(src/launch_ros/ros2launch) by extension 'ignore_ament_install'
[0.412s] Level 1:colcon.colcon_core.package_identification:_identify(src/launch_ros/ros2launch) by extensions ['colcon_pkg']
[0.412s] Level 1:colcon.colcon_core.package_identification:_identify(src/launch_ros/ros2launch) by extension 'colcon_pkg'
[0.412s] Level 1:colcon.colcon_core.package_identification:_identify(src/launch_ros/ros2launch) by extensions ['colcon_meta']
[0.412s] Level 1:colcon.colcon_core.package_identification:_identify(src/launch_ros/ros2launch) by extension 'colcon_meta'
[0.412s] Level 1:colcon.colcon_core.package_identification:_identify(src/launch_ros/ros2launch) by extensions ['ros']
[0.412s] Level 1:colcon.colcon_core.package_identification:_identify(src/launch_ros/ros2launch) by extension 'ros'
[0.415s] DEBUG:colcon.colcon_core.package_identification:Package 'src/launch_ros/ros2launch' with type 'ros.ament_python' and name 'ros2launch'
[0.415s] Level 1:colcon.colcon_core.package_identification:_identify(src/launch_ros/test_launch_ros) by extensions ['ignore', 'ignore_ament_install']
[0.415s] Level 1:colcon.colcon_core.package_identification:_identify(src/launch_ros/test_launch_ros) by extension 'ignore'
[0.415s] Level 1:colcon.colcon_core.package_identification:_identify(src/launch_ros/test_launch_ros) by extension 'ignore_ament_install'
[0.415s] Level 1:colcon.colcon_core.package_identification:_identify(src/launch_ros/test_launch_ros) by extensions ['colcon_pkg']
[0.415s] Level 1:colcon.colcon_core.package_identification:_identify(src/launch_ros/test_launch_ros) by extension 'colcon_pkg'
[0.415s] Level 1:colcon.colcon_core.package_identification:_identify(src/launch_ros/test_launch_ros) by extensions ['colcon_meta']
[0.415s] Level 1:colcon.colcon_core.package_identification:_identify(src/launch_ros/test_launch_ros) by extension 'colcon_meta'
[0.415s] Level 1:colcon.colcon_core.package_identification:_identify(src/launch_ros/test_launch_ros) by extensions ['ros']
[0.415s] Level 1:colcon.colcon_core.package_identification:_identify(src/launch_ros/test_launch_ros) by extension 'ros'
[0.416s] DEBUG:colcon.colcon_core.package_identification:Package 'src/launch_ros/test_launch_ros' with type 'ros.ament_python' and name 'test_launch_ros'
[0.416s] Level 1:colcon.colcon_core.package_identification:_identify(src/ros_tutorials) by extensions ['ignore', 'ignore_ament_install']
[0.416s] Level 1:colcon.colcon_core.package_identification:_identify(src/ros_tutorials) by extension 'ignore'
[0.416s] Level 1:colcon.colcon_core.package_identification:_identify(src/ros_tutorials) by extension 'ignore_ament_install'
[0.416s] Level 1:colcon.colcon_core.package_identification:_identify(src/ros_tutorials) by extensions ['colcon_pkg']
[0.416s] Level 1:colcon.colcon_core.package_identification:_identify(src/ros_tutorials) by extension 'colcon_pkg'
[0.416s] Level 1:colcon.colcon_core.package_identification:_identify(src/ros_tutorials) by extensions ['colcon_meta']
[0.416s] Level 1:colcon.colcon_core.package_identification:_identify(src/ros_tutorials) by extension 'colcon_meta'
[0.416s] Level 1:colcon.colcon_core.package_identification:_identify(src/ros_tutorials) by extensions ['ros']
[0.416s] Level 1:colcon.colcon_core.package_identification:_identify(src/ros_tutorials) by extension 'ros'
[0.416s] Level 1:colcon.colcon_core.package_identification:_identify(src/ros_tutorials) by extensions ['cmake', 'python']
[0.416s] Level 1:colcon.colcon_core.package_identification:_identify(src/ros_tutorials) by extension 'cmake'
[0.416s] Level 1:colcon.colcon_core.package_identification:_identify(src/ros_tutorials) by extension 'python'
[0.416s] Level 1:colcon.colcon_core.package_identification:_identify(src/ros_tutorials) by extensions ['python_setup_py']
[0.416s] Level 1:colcon.colcon_core.package_identification:_identify(src/ros_tutorials) by extension 'python_setup_py'
[0.416s] Level 1:colcon.colcon_core.package_identification:_identify(src/ros_tutorials/turtlesim) by extensions ['ignore', 'ignore_ament_install']
[0.416s] Level 1:colcon.colcon_core.package_identification:_identify(src/ros_tutorials/turtlesim) by extension 'ignore'
[0.416s] Level 1:colcon.colcon_core.package_identification:_identify(src/ros_tutorials/turtlesim) by extension 'ignore_ament_install'
[0.416s] Level 1:colcon.colcon_core.package_identification:_identify(src/ros_tutorials/turtlesim) by extensions ['colcon_pkg']
[0.416s] Level 1:colcon.colcon_core.package_identification:_identify(src/ros_tutorials/turtlesim) by extension 'colcon_pkg'
[0.416s] Level 1:colcon.colcon_core.package_identification:_identify(src/ros_tutorials/turtlesim) by extensions ['colcon_meta']
[0.416s] Level 1:colcon.colcon_core.package_identification:_identify(src/ros_tutorials/turtlesim) by extension 'colcon_meta'
[0.416s] Level 1:colcon.colcon_core.package_identification:_identify(src/ros_tutorials/turtlesim) by extensions ['ros']
[0.416s] Level 1:colcon.colcon_core.package_identification:_identify(src/ros_tutorials/turtlesim) by extension 'ros'
[0.417s] DEBUG:colcon.colcon_core.package_identification:Package 'src/ros_tutorials/turtlesim' with type 'ros.ament_cmake' and name 'turtlesim'
[0.417s] Level 1:colcon.colcon_core.package_identification:_identify(src/teleop_twist_joy) by extensions ['ignore', 'ignore_ament_install']
[0.417s] Level 1:colcon.colcon_core.package_identification:_identify(src/teleop_twist_joy) by extension 'ignore'
[0.417s] Level 1:colcon.colcon_core.package_identification:_identify(src/teleop_twist_joy) by extension 'ignore_ament_install'
[0.417s] Level 1:colcon.colcon_core.package_identification:_identify(src/teleop_twist_joy) by extensions ['colcon_pkg']
[0.417s] Level 1:colcon.colcon_core.package_identification:_identify(src/teleop_twist_joy) by extension 'colcon_pkg'
[0.417s] Level 1:colcon.colcon_core.package_identification:_identify(src/teleop_twist_joy) by extensions ['colcon_meta']
[0.417s] Level 1:colcon.colcon_core.package_identification:_identify(src/teleop_twist_joy) by extension 'colcon_meta'
[0.417s] Level 1:colcon.colcon_core.package_identification:_identify(src/teleop_twist_joy) by extensions ['ros']
[0.417s] Level 1:colcon.colcon_core.package_identification:_identify(src/teleop_twist_joy) by extension 'ros'
[0.417s] DEBUG:colcon.colcon_core.package_identification:Package 'src/teleop_twist_joy' with type 'ros.ament_cmake' and name 'teleop_twist_joy'
[0.417s] Level 1:colcon.colcon_core.package_discovery:discover_packages(recursive) using defaults
[0.418s] Level 1:colcon.colcon_core.package_discovery:discover_packages(ignore) discover
[0.418s] Level 1:colcon.colcon_core.package_discovery:discover_packages(ignore) using defaults
[0.418s] Level 1:colcon.colcon_core.package_discovery:discover_packages(path) discover
[0.418s] Level 1:colcon.colcon_core.package_discovery:discover_packages(path) using defaults
[0.451s] Level 1:colcon.colcon_core.package_discovery:discover_packages(prefix_path) check parameters
[0.451s] Level 1:colcon.colcon_core.package_discovery:discover_packages(prefix_path) discover
[0.457s] DEBUG:colcon.colcon_installed_package_information.package_discovery:Found 337 installed packages in /opt/ros/jazzy
[0.458s] Level 1:colcon.colcon_core.package_discovery:discover_packages(prefix_path) using defaults
[0.486s] WARNING:colcon.colcon_core.package_selection:Some selected packages are already built in one or more underlay workspaces:
	'launch_ros' is in: /opt/ros/jazzy
	'launch_testing_ros' is in: /opt/ros/jazzy
	'teleop_twist_joy' is in: /opt/ros/jazzy
	'ros2launch' is in: /opt/ros/jazzy
	'turtlesim' is in: /opt/ros/jazzy
If a package in a merged underlay workspace is overridden and it installs headers, then all packages in the overlay must sort their include directories by workspace order. Failure to do so may result in build failures or undefined behavior at run time.
If the overridden package is used by another package in any underlay, then the overriding package in the overlay must be API and ABI compatible or undefined behavior at run time may occur.

If you understand the risks and want to override a package anyways, add the following to the command line:
	--allow-overriding launch_ros launch_testing_ros ros2launch teleop_twist_joy turtlesim

This may be promoted to an error in a future release of colcon-override-check.
[0.486s] ERROR:colcon:colcon build: Duplicate package names not supported:
- ros_robotics:
  - src/ROS-Robotics-By-Example/Chapter_2_code/ros_robotics
  - src/ROS-Robotics-By-Example/Chapter_5_code/ros_robotics
