[  2%] Built target service_msgs__rosidl_generator_type_description
[  2%] Built target ament_cmake_python_copy_service_msgs
[ 17%] Built target service_msgs__rosidl_generator_c
[ 20%] Built target service_msgs__cpp
running egg_info
writing service_msgs.egg-info/PKG-INFO
writing dependency_links to service_msgs.egg-info/dependency_links.txt
writing top-level names to service_msgs.egg-info/top_level.txt
reading manifest file 'service_msgs.egg-info/SOURCES.txt'
writing manifest file 'service_msgs.egg-info/SOURCES.txt'
[ 20%] Built target ament_cmake_python_build_service_msgs_egg
[ 29%] Built target service_msgs__rosidl_typesupport_fastrtps_c
[ 38%] Built target service_msgs__rosidl_typesupport_fastrtps_cpp
[ 47%] Built target service_msgs__rosidl_typesupport_introspection_c
[ 55%] Built target service_msgs__rosidl_typesupport_c
[ 64%] Built target service_msgs__rosidl_typesupport_introspection_cpp
[ 73%] Built target service_msgs__rosidl_typesupport_cpp
[ 73%] Built target service_msgs
[ 76%] Built target service_msgs__py
[ 82%] Built target service_msgs__rosidl_generator_py
[ 88%] Built target service_msgs_s__rosidl_typesupport_fastrtps_c
[ 94%] Built target service_msgs_s__rosidl_typesupport_introspection_c
[100%] Built target service_msgs_s__rosidl_typesupport_c
-- Install configuration: ""
-- Up-to-date: /home/pheonix/ros2_ws/install/service_msgs/share/ament_index/resource_index/rosidl_interfaces/service_msgs
-- Up-to-date: /home/pheonix/ros2_ws/install/service_msgs/share/service_msgs/msg/ServiceEventInfo.json
-- Up-to-date: /home/pheonix/ros2_ws/install/service_msgs/include/service_msgs/service_msgs
-- Up-to-date: /home/pheonix/ros2_ws/install/service_msgs/include/service_msgs/service_msgs/msg
-- Up-to-date: /home/pheonix/ros2_ws/install/service_msgs/include/service_msgs/service_msgs/msg/service_event_info.h
-- Up-to-date: /home/pheonix/ros2_ws/install/service_msgs/include/service_msgs/service_msgs/msg/rosidl_generator_c__visibility_control.h
-- Up-to-date: /home/pheonix/ros2_ws/install/service_msgs/include/service_msgs/service_msgs/msg/detail
-- Up-to-date: /home/pheonix/ros2_ws/install/service_msgs/include/service_msgs/service_msgs/msg/detail/service_event_info__functions.c
-- Up-to-date: /home/pheonix/ros2_ws/install/service_msgs/include/service_msgs/service_msgs/msg/detail/service_event_info__description.c
-- Up-to-date: /home/pheonix/ros2_ws/install/service_msgs/include/service_msgs/service_msgs/msg/detail/service_event_info__struct.h
-- Up-to-date: /home/pheonix/ros2_ws/install/service_msgs/include/service_msgs/service_msgs/msg/detail/service_event_info__type_support.h
-- Installing: /home/pheonix/ros2_ws/install/service_msgs/include/service_msgs/service_msgs/msg/detail/service_event_info__type_support.c
-- Up-to-date: /home/pheonix/ros2_ws/install/service_msgs/include/service_msgs/service_msgs/msg/detail/service_event_info__functions.h
-- Up-to-date: /home/pheonix/ros2_ws/install/service_msgs/share/service_msgs/environment/library_path.sh
-- Up-to-date: /home/pheonix/ros2_ws/install/service_msgs/share/service_msgs/environment/library_path.dsv
-- Up-to-date: /home/pheonix/ros2_ws/install/service_msgs/lib/libservice_msgs__rosidl_generator_c.so
-- Up-to-date: /home/pheonix/ros2_ws/install/service_msgs/include/service_msgs/service_msgs
-- Up-to-date: /home/pheonix/ros2_ws/install/service_msgs/include/service_msgs/service_msgs/msg
-- Up-to-date: /home/pheonix/ros2_ws/install/service_msgs/include/service_msgs/service_msgs/msg/rosidl_typesupport_fastrtps_c__visibility_control.h
-- Up-to-date: /home/pheonix/ros2_ws/install/service_msgs/include/service_msgs/service_msgs/msg/detail
-- Up-to-date: /home/pheonix/ros2_ws/install/service_msgs/include/service_msgs/service_msgs/msg/detail/service_event_info__rosidl_typesupport_fastrtps_c.h
-- Up-to-date: /home/pheonix/ros2_ws/install/service_msgs/lib/libservice_msgs__rosidl_typesupport_fastrtps_c.so
-- Up-to-date: /home/pheonix/ros2_ws/install/service_msgs/include/service_msgs/service_msgs
-- Up-to-date: /home/pheonix/ros2_ws/install/service_msgs/include/service_msgs/service_msgs/msg
-- Up-to-date: /home/pheonix/ros2_ws/install/service_msgs/include/service_msgs/service_msgs/msg/service_event_info.hpp
-- Up-to-date: /home/pheonix/ros2_ws/install/service_msgs/include/service_msgs/service_msgs/msg/rosidl_generator_cpp__visibility_control.hpp
-- Up-to-date: /home/pheonix/ros2_ws/install/service_msgs/include/service_msgs/service_msgs/msg/detail
-- Up-to-date: /home/pheonix/ros2_ws/install/service_msgs/include/service_msgs/service_msgs/msg/detail/service_event_info__type_support.hpp
-- Up-to-date: /home/pheonix/ros2_ws/install/service_msgs/include/service_msgs/service_msgs/msg/detail/service_event_info__builder.hpp
-- Up-to-date: /home/pheonix/ros2_ws/install/service_msgs/include/service_msgs/service_msgs/msg/detail/service_event_info__struct.hpp
-- Up-to-date: /home/pheonix/ros2_ws/install/service_msgs/include/service_msgs/service_msgs/msg/detail/service_event_info__traits.hpp
-- Up-to-date: /home/pheonix/ros2_ws/install/service_msgs/include/service_msgs/service_msgs
-- Up-to-date: /home/pheonix/ros2_ws/install/service_msgs/include/service_msgs/service_msgs/msg
-- Up-to-date: /home/pheonix/ros2_ws/install/service_msgs/include/service_msgs/service_msgs/msg/detail
-- Up-to-date: /home/pheonix/ros2_ws/install/service_msgs/include/service_msgs/service_msgs/msg/detail/dds_fastrtps
-- Up-to-date: /home/pheonix/ros2_ws/install/service_msgs/include/service_msgs/service_msgs/msg/detail/service_event_info__rosidl_typesupport_fastrtps_cpp.hpp
-- Up-to-date: /home/pheonix/ros2_ws/install/service_msgs/include/service_msgs/service_msgs/msg/rosidl_typesupport_fastrtps_cpp__visibility_control.h
-- Up-to-date: /home/pheonix/ros2_ws/install/service_msgs/lib/libservice_msgs__rosidl_typesupport_fastrtps_cpp.so
-- Up-to-date: /home/pheonix/ros2_ws/install/service_msgs/include/service_msgs/service_msgs
-- Up-to-date: /home/pheonix/ros2_ws/install/service_msgs/include/service_msgs/service_msgs/msg
-- Up-to-date: /home/pheonix/ros2_ws/install/service_msgs/include/service_msgs/service_msgs/msg/detail
-- Up-to-date: /home/pheonix/ros2_ws/install/service_msgs/include/service_msgs/service_msgs/msg/detail/service_event_info__rosidl_typesupport_introspection_c.h
-- Installing: /home/pheonix/ros2_ws/install/service_msgs/include/service_msgs/service_msgs/msg/detail/service_event_info__type_support.c
-- Up-to-date: /home/pheonix/ros2_ws/install/service_msgs/include/service_msgs/service_msgs/msg/rosidl_typesupport_introspection_c__visibility_control.h
-- Up-to-date: /home/pheonix/ros2_ws/install/service_msgs/lib/libservice_msgs__rosidl_typesupport_introspection_c.so
-- Up-to-date: /home/pheonix/ros2_ws/install/service_msgs/lib/libservice_msgs__rosidl_typesupport_c.so
-- Up-to-date: /home/pheonix/ros2_ws/install/service_msgs/include/service_msgs/service_msgs
-- Up-to-date: /home/pheonix/ros2_ws/install/service_msgs/include/service_msgs/service_msgs/msg
-- Up-to-date: /home/pheonix/ros2_ws/install/service_msgs/include/service_msgs/service_msgs/msg/detail
-- Up-to-date: /home/pheonix/ros2_ws/install/service_msgs/include/service_msgs/service_msgs/msg/detail/service_event_info__type_support.cpp
-- Up-to-date: /home/pheonix/ros2_ws/install/service_msgs/include/service_msgs/service_msgs/msg/detail/service_event_info__rosidl_typesupport_introspection_cpp.hpp
-- Up-to-date: /home/pheonix/ros2_ws/install/service_msgs/lib/libservice_msgs__rosidl_typesupport_introspection_cpp.so
-- Up-to-date: /home/pheonix/ros2_ws/install/service_msgs/lib/libservice_msgs__rosidl_typesupport_cpp.so
-- Up-to-date: /home/pheonix/ros2_ws/install/service_msgs/share/service_msgs/environment/pythonpath.sh
-- Up-to-date: /home/pheonix/ros2_ws/install/service_msgs/share/service_msgs/environment/pythonpath.dsv
-- Up-to-date: /home/pheonix/ros2_ws/install/service_msgs/lib/python3.12/site-packages/service_msgs-2.2.0-py3.12.egg-info
-- Installing: /home/pheonix/ros2_ws/install/service_msgs/lib/python3.12/site-packages/service_msgs-2.2.0-py3.12.egg-info/SOURCES.txt
-- Installing: /home/pheonix/ros2_ws/install/service_msgs/lib/python3.12/site-packages/service_msgs-2.2.0-py3.12.egg-info/dependency_links.txt
-- Installing: /home/pheonix/ros2_ws/install/service_msgs/lib/python3.12/site-packages/service_msgs-2.2.0-py3.12.egg-info/PKG-INFO
-- Installing: /home/pheonix/ros2_ws/install/service_msgs/lib/python3.12/site-packages/service_msgs-2.2.0-py3.12.egg-info/top_level.txt
-- Up-to-date: /home/pheonix/ros2_ws/install/service_msgs/lib/python3.12/site-packages/service_msgs
-- Up-to-date: /home/pheonix/ros2_ws/install/service_msgs/lib/python3.12/site-packages/service_msgs/_service_msgs_s.ep.rosidl_typesupport_introspection_c.c
-- Up-to-date: /home/pheonix/ros2_ws/install/service_msgs/lib/python3.12/site-packages/service_msgs/_service_msgs_s.ep.rosidl_typesupport_c.c
-- Up-to-date: /home/pheonix/ros2_ws/install/service_msgs/lib/python3.12/site-packages/service_msgs/service_msgs_s__rosidl_typesupport_c.so
-- Up-to-date: /home/pheonix/ros2_ws/install/service_msgs/lib/python3.12/site-packages/service_msgs/service_msgs_s__rosidl_typesupport_introspection_c.so
-- Up-to-date: /home/pheonix/ros2_ws/install/service_msgs/lib/python3.12/site-packages/service_msgs/msg
-- Up-to-date: /home/pheonix/ros2_ws/install/service_msgs/lib/python3.12/site-packages/service_msgs/msg/_service_event_info_s.c
-- Up-to-date: /home/pheonix/ros2_ws/install/service_msgs/lib/python3.12/site-packages/service_msgs/msg/__init__.py
-- Up-to-date: /home/pheonix/ros2_ws/install/service_msgs/lib/python3.12/site-packages/service_msgs/msg/_service_event_info.py
-- Up-to-date: /home/pheonix/ros2_ws/install/service_msgs/lib/python3.12/site-packages/service_msgs/__init__.py
-- Up-to-date: /home/pheonix/ros2_ws/install/service_msgs/lib/python3.12/site-packages/service_msgs/service_msgs_s__rosidl_typesupport_fastrtps_c.so
-- Up-to-date: /home/pheonix/ros2_ws/install/service_msgs/lib/python3.12/site-packages/service_msgs/_service_msgs_s.ep.rosidl_typesupport_fastrtps_c.c
Listing '/home/pheonix/ros2_ws/install/service_msgs/lib/python3.12/site-packages/service_msgs'...
Listing '/home/pheonix/ros2_ws/install/service_msgs/lib/python3.12/site-packages/service_msgs/msg'...
-- Up-to-date: /home/pheonix/ros2_ws/install/service_msgs/lib/python3.12/site-packages/service_msgs/service_msgs_s__rosidl_typesupport_fastrtps_c.so
-- Up-to-date: /home/pheonix/ros2_ws/install/service_msgs/lib/python3.12/site-packages/service_msgs/service_msgs_s__rosidl_typesupport_introspection_c.so
-- Up-to-date: /home/pheonix/ros2_ws/install/service_msgs/lib/python3.12/site-packages/service_msgs/service_msgs_s__rosidl_typesupport_c.so
-- Up-to-date: /home/pheonix/ros2_ws/install/service_msgs/lib/libservice_msgs__rosidl_generator_py.so
-- Up-to-date: /home/pheonix/ros2_ws/install/service_msgs/share/service_msgs/msg/ServiceEventInfo.idl
-- Up-to-date: /home/pheonix/ros2_ws/install/service_msgs/share/service_msgs/msg/ServiceEventInfo.msg
-- Up-to-date: /home/pheonix/ros2_ws/install/service_msgs/share/ament_index/resource_index/package_run_dependencies/service_msgs
-- Up-to-date: /home/pheonix/ros2_ws/install/service_msgs/share/ament_index/resource_index/parent_prefix_path/service_msgs
-- Up-to-date: /home/pheonix/ros2_ws/install/service_msgs/share/service_msgs/environment/ament_prefix_path.sh
-- Up-to-date: /home/pheonix/ros2_ws/install/service_msgs/share/service_msgs/environment/ament_prefix_path.dsv
-- Up-to-date: /home/pheonix/ros2_ws/install/service_msgs/share/service_msgs/environment/path.sh
-- Up-to-date: /home/pheonix/ros2_ws/install/service_msgs/share/service_msgs/environment/path.dsv
-- Up-to-date: /home/pheonix/ros2_ws/install/service_msgs/share/service_msgs/local_setup.bash
-- Up-to-date: /home/pheonix/ros2_ws/install/service_msgs/share/service_msgs/local_setup.sh
-- Up-to-date: /home/pheonix/ros2_ws/install/service_msgs/share/service_msgs/local_setup.zsh
-- Up-to-date: /home/pheonix/ros2_ws/install/service_msgs/share/service_msgs/local_setup.dsv
-- Installing: /home/pheonix/ros2_ws/install/service_msgs/share/service_msgs/package.dsv
-- Up-to-date: /home/pheonix/ros2_ws/install/service_msgs/share/ament_index/resource_index/packages/service_msgs
-- Up-to-date: /home/pheonix/ros2_ws/install/service_msgs/share/service_msgs/cmake/export_service_msgs__rosidl_generator_cExport.cmake
-- Up-to-date: /home/pheonix/ros2_ws/install/service_msgs/share/service_msgs/cmake/export_service_msgs__rosidl_generator_cExport-noconfig.cmake
-- Up-to-date: /home/pheonix/ros2_ws/install/service_msgs/share/service_msgs/cmake/export_service_msgs__rosidl_typesupport_fastrtps_cExport.cmake
-- Up-to-date: /home/pheonix/ros2_ws/install/service_msgs/share/service_msgs/cmake/export_service_msgs__rosidl_typesupport_fastrtps_cExport-noconfig.cmake
-- Up-to-date: /home/pheonix/ros2_ws/install/service_msgs/share/service_msgs/cmake/export_service_msgs__rosidl_generator_cppExport.cmake
-- Up-to-date: /home/pheonix/ros2_ws/install/service_msgs/share/service_msgs/cmake/export_service_msgs__rosidl_typesupport_fastrtps_cppExport.cmake
-- Up-to-date: /home/pheonix/ros2_ws/install/service_msgs/share/service_msgs/cmake/export_service_msgs__rosidl_typesupport_fastrtps_cppExport-noconfig.cmake
-- Up-to-date: /home/pheonix/ros2_ws/install/service_msgs/share/service_msgs/cmake/service_msgs__rosidl_typesupport_introspection_cExport.cmake
-- Up-to-date: /home/pheonix/ros2_ws/install/service_msgs/share/service_msgs/cmake/service_msgs__rosidl_typesupport_introspection_cExport-noconfig.cmake
-- Up-to-date: /home/pheonix/ros2_ws/install/service_msgs/share/service_msgs/cmake/service_msgs__rosidl_typesupport_cExport.cmake
-- Up-to-date: /home/pheonix/ros2_ws/install/service_msgs/share/service_msgs/cmake/service_msgs__rosidl_typesupport_cExport-noconfig.cmake
-- Up-to-date: /home/pheonix/ros2_ws/install/service_msgs/share/service_msgs/cmake/service_msgs__rosidl_typesupport_introspection_cppExport.cmake
-- Up-to-date: /home/pheonix/ros2_ws/install/service_msgs/share/service_msgs/cmake/service_msgs__rosidl_typesupport_introspection_cppExport-noconfig.cmake
-- Up-to-date: /home/pheonix/ros2_ws/install/service_msgs/share/service_msgs/cmake/service_msgs__rosidl_typesupport_cppExport.cmake
-- Up-to-date: /home/pheonix/ros2_ws/install/service_msgs/share/service_msgs/cmake/service_msgs__rosidl_typesupport_cppExport-noconfig.cmake
-- Up-to-date: /home/pheonix/ros2_ws/install/service_msgs/share/service_msgs/cmake/export_service_msgs__rosidl_generator_pyExport.cmake
-- Up-to-date: /home/pheonix/ros2_ws/install/service_msgs/share/service_msgs/cmake/export_service_msgs__rosidl_generator_pyExport-noconfig.cmake
-- Up-to-date: /home/pheonix/ros2_ws/install/service_msgs/share/service_msgs/cmake/rosidl_cmake-extras.cmake
-- Up-to-date: /home/pheonix/ros2_ws/install/service_msgs/share/service_msgs/cmake/ament_cmake_export_dependencies-extras.cmake
-- Up-to-date: /home/pheonix/ros2_ws/install/service_msgs/share/service_msgs/cmake/ament_cmake_export_include_directories-extras.cmake
-- Up-to-date: /home/pheonix/ros2_ws/install/service_msgs/share/service_msgs/cmake/ament_cmake_export_libraries-extras.cmake
-- Up-to-date: /home/pheonix/ros2_ws/install/service_msgs/share/service_msgs/cmake/ament_cmake_export_targets-extras.cmake
-- Up-to-date: /home/pheonix/ros2_ws/install/service_msgs/share/service_msgs/cmake/rosidl_cmake_export_typesupport_targets-extras.cmake
-- Up-to-date: /home/pheonix/ros2_ws/install/service_msgs/share/service_msgs/cmake/rosidl_cmake_export_typesupport_libraries-extras.cmake
-- Up-to-date: /home/pheonix/ros2_ws/install/service_msgs/share/service_msgs/cmake/service_msgsConfig.cmake
-- Up-to-date: /home/pheonix/ros2_ws/install/service_msgs/share/service_msgs/cmake/service_msgsConfig-version.cmake
-- Up-to-date: /home/pheonix/ros2_ws/install/service_msgs/share/service_msgs/package.xml
