[0.019s] Invoking command in '/home/pheonix/ros2_ws/build/service_msgs': CMAKE_PREFIX_PATH=${CMAKE_PREFIX_PATH}:/opt/ros/jazzy DEBUGINFOD_URLS=https://debuginfod.ubuntu.com /usr/bin/cmake --build /home/pheonix/ros2_ws/build/service_msgs -- -j2 -l2
[0.131s] [  2%] Built target service_msgs__rosidl_generator_type_description
[0.188s] [  2%] Built target ament_cmake_python_copy_service_msgs
[0.243s] [ 17%] Built target service_msgs__rosidl_generator_c
[0.297s] [ 20%] Built target service_msgs__cpp
[0.571s] running egg_info
[0.596s] writing service_msgs.egg-info/PKG-INFO
[0.596s] writing dependency_links to service_msgs.egg-info/dependency_links.txt
[0.597s] writing top-level names to service_msgs.egg-info/top_level.txt
[0.630s] reading manifest file 'service_msgs.egg-info/SOURCES.txt'
[0.642s] writing manifest file 'service_msgs.egg-info/SOURCES.txt'
[0.671s] [ 20%] Built target ament_cmake_python_build_service_msgs_egg
[0.711s] [ 29%] Built target service_msgs__rosidl_typesupport_fastrtps_c
[0.770s] [ 38%] Built target service_msgs__rosidl_typesupport_fastrtps_cpp
[0.820s] [ 47%] Built target service_msgs__rosidl_typesupport_introspection_c
[0.872s] [ 55%] Built target service_msgs__rosidl_typesupport_c
[0.925s] [ 64%] Built target service_msgs__rosidl_typesupport_introspection_cpp
[0.988s] [ 73%] Built target service_msgs__rosidl_typesupport_cpp
[1.022s] [ 73%] Built target service_msgs
[1.100s] [ 76%] Built target service_msgs__py
[1.158s] [ 82%] Built target service_msgs__rosidl_generator_py
[1.200s] [ 88%] Built target service_msgs_s__rosidl_typesupport_fastrtps_c
[1.244s] [ 94%] Built target service_msgs_s__rosidl_typesupport_introspection_c
[1.316s] [100%] Built target service_msgs_s__rosidl_typesupport_c
[1.340s] Invoked command in '/home/pheonix/ros2_ws/build/service_msgs' returned '0': CMAKE_PREFIX_PATH=${CMAKE_PREFIX_PATH}:/opt/ros/jazzy DEBUGINFOD_URLS=https://debuginfod.ubuntu.com /usr/bin/cmake --build /home/pheonix/ros2_ws/build/service_msgs -- -j2 -l2
[1.569s] Invoking command in '/home/pheonix/ros2_ws/build/service_msgs': CMAKE_PREFIX_PATH=${CMAKE_PREFIX_PATH}:/opt/ros/jazzy DEBUGINFOD_URLS=https://debuginfod.ubuntu.com /usr/bin/cmake --install /home/pheonix/ros2_ws/build/service_msgs
[1.588s] -- Install configuration: ""
[1.588s] -- Up-to-date: /home/pheonix/ros2_ws/install/service_msgs/share/ament_index/resource_index/rosidl_interfaces/service_msgs
[1.588s] -- Up-to-date: /home/pheonix/ros2_ws/install/service_msgs/share/service_msgs/msg/ServiceEventInfo.json
[1.588s] -- Up-to-date: /home/pheonix/ros2_ws/install/service_msgs/include/service_msgs/service_msgs
[1.588s] -- Up-to-date: /home/pheonix/ros2_ws/install/service_msgs/include/service_msgs/service_msgs/msg
[1.588s] -- Up-to-date: /home/pheonix/ros2_ws/install/service_msgs/include/service_msgs/service_msgs/msg/service_event_info.h
[1.588s] -- Up-to-date: /home/pheonix/ros2_ws/install/service_msgs/include/service_msgs/service_msgs/msg/rosidl_generator_c__visibility_control.h
[1.588s] -- Up-to-date: /home/pheonix/ros2_ws/install/service_msgs/include/service_msgs/service_msgs/msg/detail
[1.588s] -- Up-to-date: /home/pheonix/ros2_ws/install/service_msgs/include/service_msgs/service_msgs/msg/detail/service_event_info__functions.c
[1.588s] -- Up-to-date: /home/pheonix/ros2_ws/install/service_msgs/include/service_msgs/service_msgs/msg/detail/service_event_info__description.c
[1.588s] -- Up-to-date: /home/pheonix/ros2_ws/install/service_msgs/include/service_msgs/service_msgs/msg/detail/service_event_info__struct.h
[1.588s] -- Up-to-date: /home/pheonix/ros2_ws/install/service_msgs/include/service_msgs/service_msgs/msg/detail/service_event_info__type_support.h
[1.588s] -- Installing: /home/pheonix/ros2_ws/install/service_msgs/include/service_msgs/service_msgs/msg/detail/service_event_info__type_support.c
[1.588s] -- Up-to-date: /home/pheonix/ros2_ws/install/service_msgs/include/service_msgs/service_msgs/msg/detail/service_event_info__functions.h
[1.588s] -- Up-to-date: /home/pheonix/ros2_ws/install/service_msgs/share/service_msgs/environment/library_path.sh
[1.588s] -- Up-to-date: /home/pheonix/ros2_ws/install/service_msgs/share/service_msgs/environment/library_path.dsv
[1.588s] -- Up-to-date: /home/pheonix/ros2_ws/install/service_msgs/lib/libservice_msgs__rosidl_generator_c.so
[1.588s] -- Up-to-date: /home/pheonix/ros2_ws/install/service_msgs/include/service_msgs/service_msgs
[1.588s] -- Up-to-date: /home/pheonix/ros2_ws/install/service_msgs/include/service_msgs/service_msgs/msg
[1.588s] -- Up-to-date: /home/pheonix/ros2_ws/install/service_msgs/include/service_msgs/service_msgs/msg/rosidl_typesupport_fastrtps_c__visibility_control.h
[1.588s] -- Up-to-date: /home/pheonix/ros2_ws/install/service_msgs/include/service_msgs/service_msgs/msg/detail
[1.588s] -- Up-to-date: /home/pheonix/ros2_ws/install/service_msgs/include/service_msgs/service_msgs/msg/detail/service_event_info__rosidl_typesupport_fastrtps_c.h
[1.588s] -- Up-to-date: /home/pheonix/ros2_ws/install/service_msgs/lib/libservice_msgs__rosidl_typesupport_fastrtps_c.so
[1.588s] -- Up-to-date: /home/pheonix/ros2_ws/install/service_msgs/include/service_msgs/service_msgs
[1.588s] -- Up-to-date: /home/pheonix/ros2_ws/install/service_msgs/include/service_msgs/service_msgs/msg
[1.589s] -- Up-to-date: /home/pheonix/ros2_ws/install/service_msgs/include/service_msgs/service_msgs/msg/service_event_info.hpp
[1.589s] -- Up-to-date: /home/pheonix/ros2_ws/install/service_msgs/include/service_msgs/service_msgs/msg/rosidl_generator_cpp__visibility_control.hpp
[1.589s] -- Up-to-date: /home/pheonix/ros2_ws/install/service_msgs/include/service_msgs/service_msgs/msg/detail
[1.593s] -- Up-to-date: /home/pheonix/ros2_ws/install/service_msgs/include/service_msgs/service_msgs/msg/detail/service_event_info__type_support.hpp
[1.593s] -- Up-to-date: /home/pheonix/ros2_ws/install/service_msgs/include/service_msgs/service_msgs/msg/detail/service_event_info__builder.hpp
[1.593s] -- Up-to-date: /home/pheonix/ros2_ws/install/service_msgs/include/service_msgs/service_msgs/msg/detail/service_event_info__struct.hpp
[1.593s] -- Up-to-date: /home/pheonix/ros2_ws/install/service_msgs/include/service_msgs/service_msgs/msg/detail/service_event_info__traits.hpp
[1.593s] -- Up-to-date: /home/pheonix/ros2_ws/install/service_msgs/include/service_msgs/service_msgs
[1.593s] -- Up-to-date: /home/pheonix/ros2_ws/install/service_msgs/include/service_msgs/service_msgs/msg
[1.593s] -- Up-to-date: /home/pheonix/ros2_ws/install/service_msgs/include/service_msgs/service_msgs/msg/detail
[1.593s] -- Up-to-date: /home/pheonix/ros2_ws/install/service_msgs/include/service_msgs/service_msgs/msg/detail/dds_fastrtps
[1.593s] -- Up-to-date: /home/pheonix/ros2_ws/install/service_msgs/include/service_msgs/service_msgs/msg/detail/service_event_info__rosidl_typesupport_fastrtps_cpp.hpp
[1.593s] -- Up-to-date: /home/pheonix/ros2_ws/install/service_msgs/include/service_msgs/service_msgs/msg/rosidl_typesupport_fastrtps_cpp__visibility_control.h
[1.593s] -- Up-to-date: /home/pheonix/ros2_ws/install/service_msgs/lib/libservice_msgs__rosidl_typesupport_fastrtps_cpp.so
[1.593s] -- Up-to-date: /home/pheonix/ros2_ws/install/service_msgs/include/service_msgs/service_msgs
[1.593s] -- Up-to-date: /home/pheonix/ros2_ws/install/service_msgs/include/service_msgs/service_msgs/msg
[1.593s] -- Up-to-date: /home/pheonix/ros2_ws/install/service_msgs/include/service_msgs/service_msgs/msg/detail
[1.593s] -- Up-to-date: /home/pheonix/ros2_ws/install/service_msgs/include/service_msgs/service_msgs/msg/detail/service_event_info__rosidl_typesupport_introspection_c.h
[1.593s] -- Installing: /home/pheonix/ros2_ws/install/service_msgs/include/service_msgs/service_msgs/msg/detail/service_event_info__type_support.c
[1.593s] -- Up-to-date: /home/pheonix/ros2_ws/install/service_msgs/include/service_msgs/service_msgs/msg/rosidl_typesupport_introspection_c__visibility_control.h
[1.593s] -- Up-to-date: /home/pheonix/ros2_ws/install/service_msgs/lib/libservice_msgs__rosidl_typesupport_introspection_c.so
[1.593s] -- Up-to-date: /home/pheonix/ros2_ws/install/service_msgs/lib/libservice_msgs__rosidl_typesupport_c.so
[1.593s] -- Up-to-date: /home/pheonix/ros2_ws/install/service_msgs/include/service_msgs/service_msgs
[1.593s] -- Up-to-date: /home/pheonix/ros2_ws/install/service_msgs/include/service_msgs/service_msgs/msg
[1.593s] -- Up-to-date: /home/pheonix/ros2_ws/install/service_msgs/include/service_msgs/service_msgs/msg/detail
[1.593s] -- Up-to-date: /home/pheonix/ros2_ws/install/service_msgs/include/service_msgs/service_msgs/msg/detail/service_event_info__type_support.cpp
[1.594s] -- Up-to-date: /home/pheonix/ros2_ws/install/service_msgs/include/service_msgs/service_msgs/msg/detail/service_event_info__rosidl_typesupport_introspection_cpp.hpp
[1.594s] -- Up-to-date: /home/pheonix/ros2_ws/install/service_msgs/lib/libservice_msgs__rosidl_typesupport_introspection_cpp.so
[1.594s] -- Up-to-date: /home/pheonix/ros2_ws/install/service_msgs/lib/libservice_msgs__rosidl_typesupport_cpp.so
[1.594s] -- Up-to-date: /home/pheonix/ros2_ws/install/service_msgs/share/service_msgs/environment/pythonpath.sh
[1.594s] -- Up-to-date: /home/pheonix/ros2_ws/install/service_msgs/share/service_msgs/environment/pythonpath.dsv
[1.594s] -- Up-to-date: /home/pheonix/ros2_ws/install/service_msgs/lib/python3.12/site-packages/service_msgs-2.2.0-py3.12.egg-info
[1.594s] -- Installing: /home/pheonix/ros2_ws/install/service_msgs/lib/python3.12/site-packages/service_msgs-2.2.0-py3.12.egg-info/SOURCES.txt
[1.594s] -- Installing: /home/pheonix/ros2_ws/install/service_msgs/lib/python3.12/site-packages/service_msgs-2.2.0-py3.12.egg-info/dependency_links.txt
[1.594s] -- Installing: /home/pheonix/ros2_ws/install/service_msgs/lib/python3.12/site-packages/service_msgs-2.2.0-py3.12.egg-info/PKG-INFO
[1.594s] -- Installing: /home/pheonix/ros2_ws/install/service_msgs/lib/python3.12/site-packages/service_msgs-2.2.0-py3.12.egg-info/top_level.txt
[1.594s] -- Up-to-date: /home/pheonix/ros2_ws/install/service_msgs/lib/python3.12/site-packages/service_msgs
[1.594s] -- Up-to-date: /home/pheonix/ros2_ws/install/service_msgs/lib/python3.12/site-packages/service_msgs/_service_msgs_s.ep.rosidl_typesupport_introspection_c.c
[1.594s] -- Up-to-date: /home/pheonix/ros2_ws/install/service_msgs/lib/python3.12/site-packages/service_msgs/_service_msgs_s.ep.rosidl_typesupport_c.c
[1.594s] -- Up-to-date: /home/pheonix/ros2_ws/install/service_msgs/lib/python3.12/site-packages/service_msgs/service_msgs_s__rosidl_typesupport_c.so
[1.594s] -- Up-to-date: /home/pheonix/ros2_ws/install/service_msgs/lib/python3.12/site-packages/service_msgs/service_msgs_s__rosidl_typesupport_introspection_c.so
[1.594s] -- Up-to-date: /home/pheonix/ros2_ws/install/service_msgs/lib/python3.12/site-packages/service_msgs/msg
[1.594s] -- Up-to-date: /home/pheonix/ros2_ws/install/service_msgs/lib/python3.12/site-packages/service_msgs/msg/_service_event_info_s.c
[1.594s] -- Up-to-date: /home/pheonix/ros2_ws/install/service_msgs/lib/python3.12/site-packages/service_msgs/msg/__init__.py
[1.594s] -- Up-to-date: /home/pheonix/ros2_ws/install/service_msgs/lib/python3.12/site-packages/service_msgs/msg/_service_event_info.py
[1.594s] -- Up-to-date: /home/pheonix/ros2_ws/install/service_msgs/lib/python3.12/site-packages/service_msgs/__init__.py
[1.594s] -- Up-to-date: /home/pheonix/ros2_ws/install/service_msgs/lib/python3.12/site-packages/service_msgs/service_msgs_s__rosidl_typesupport_fastrtps_c.so
[1.594s] -- Up-to-date: /home/pheonix/ros2_ws/install/service_msgs/lib/python3.12/site-packages/service_msgs/_service_msgs_s.ep.rosidl_typesupport_fastrtps_c.c
[1.628s] Listing '/home/pheonix/ros2_ws/install/service_msgs/lib/python3.12/site-packages/service_msgs'...
[1.628s] Listing '/home/pheonix/ros2_ws/install/service_msgs/lib/python3.12/site-packages/service_msgs/msg'...
[1.641s] -- Up-to-date: /home/pheonix/ros2_ws/install/service_msgs/lib/python3.12/site-packages/service_msgs/service_msgs_s__rosidl_typesupport_fastrtps_c.so
[1.642s] -- Up-to-date: /home/pheonix/ros2_ws/install/service_msgs/lib/python3.12/site-packages/service_msgs/service_msgs_s__rosidl_typesupport_introspection_c.so
[1.643s] -- Up-to-date: /home/pheonix/ros2_ws/install/service_msgs/lib/python3.12/site-packages/service_msgs/service_msgs_s__rosidl_typesupport_c.so
[1.643s] -- Up-to-date: /home/pheonix/ros2_ws/install/service_msgs/lib/libservice_msgs__rosidl_generator_py.so
[1.643s] -- Up-to-date: /home/pheonix/ros2_ws/install/service_msgs/share/service_msgs/msg/ServiceEventInfo.idl
[1.643s] -- Up-to-date: /home/pheonix/ros2_ws/install/service_msgs/share/service_msgs/msg/ServiceEventInfo.msg
[1.643s] -- Up-to-date: /home/pheonix/ros2_ws/install/service_msgs/share/ament_index/resource_index/package_run_dependencies/service_msgs
[1.643s] -- Up-to-date: /home/pheonix/ros2_ws/install/service_msgs/share/ament_index/resource_index/parent_prefix_path/service_msgs
[1.643s] -- Up-to-date: /home/pheonix/ros2_ws/install/service_msgs/share/service_msgs/environment/ament_prefix_path.sh
[1.643s] -- Up-to-date: /home/pheonix/ros2_ws/install/service_msgs/share/service_msgs/environment/ament_prefix_path.dsv
[1.643s] -- Up-to-date: /home/pheonix/ros2_ws/install/service_msgs/share/service_msgs/environment/path.sh
[1.643s] -- Up-to-date: /home/pheonix/ros2_ws/install/service_msgs/share/service_msgs/environment/path.dsv
[1.643s] -- Up-to-date: /home/pheonix/ros2_ws/install/service_msgs/share/service_msgs/local_setup.bash
[1.643s] -- Up-to-date: /home/pheonix/ros2_ws/install/service_msgs/share/service_msgs/local_setup.sh
[1.644s] -- Up-to-date: /home/pheonix/ros2_ws/install/service_msgs/share/service_msgs/local_setup.zsh
[1.644s] -- Up-to-date: /home/pheonix/ros2_ws/install/service_msgs/share/service_msgs/local_setup.dsv
[1.644s] -- Installing: /home/pheonix/ros2_ws/install/service_msgs/share/service_msgs/package.dsv
[1.644s] -- Up-to-date: /home/pheonix/ros2_ws/install/service_msgs/share/ament_index/resource_index/packages/service_msgs
[1.644s] -- Up-to-date: /home/pheonix/ros2_ws/install/service_msgs/share/service_msgs/cmake/export_service_msgs__rosidl_generator_cExport.cmake
[1.645s] -- Up-to-date: /home/pheonix/ros2_ws/install/service_msgs/share/service_msgs/cmake/export_service_msgs__rosidl_generator_cExport-noconfig.cmake
[1.645s] -- Up-to-date: /home/pheonix/ros2_ws/install/service_msgs/share/service_msgs/cmake/export_service_msgs__rosidl_typesupport_fastrtps_cExport.cmake
[1.645s] -- Up-to-date: /home/pheonix/ros2_ws/install/service_msgs/share/service_msgs/cmake/export_service_msgs__rosidl_typesupport_fastrtps_cExport-noconfig.cmake
[1.645s] -- Up-to-date: /home/pheonix/ros2_ws/install/service_msgs/share/service_msgs/cmake/export_service_msgs__rosidl_generator_cppExport.cmake
[1.650s] -- Up-to-date: /home/pheonix/ros2_ws/install/service_msgs/share/service_msgs/cmake/export_service_msgs__rosidl_typesupport_fastrtps_cppExport.cmake
[1.650s] -- Up-to-date: /home/pheonix/ros2_ws/install/service_msgs/share/service_msgs/cmake/export_service_msgs__rosidl_typesupport_fastrtps_cppExport-noconfig.cmake
[1.650s] -- Up-to-date: /home/pheonix/ros2_ws/install/service_msgs/share/service_msgs/cmake/service_msgs__rosidl_typesupport_introspection_cExport.cmake
[1.651s] -- Up-to-date: /home/pheonix/ros2_ws/install/service_msgs/share/service_msgs/cmake/service_msgs__rosidl_typesupport_introspection_cExport-noconfig.cmake
[1.651s] -- Up-to-date: /home/pheonix/ros2_ws/install/service_msgs/share/service_msgs/cmake/service_msgs__rosidl_typesupport_cExport.cmake
[1.651s] -- Up-to-date: /home/pheonix/ros2_ws/install/service_msgs/share/service_msgs/cmake/service_msgs__rosidl_typesupport_cExport-noconfig.cmake
[1.651s] -- Up-to-date: /home/pheonix/ros2_ws/install/service_msgs/share/service_msgs/cmake/service_msgs__rosidl_typesupport_introspection_cppExport.cmake
[1.651s] -- Up-to-date: /home/pheonix/ros2_ws/install/service_msgs/share/service_msgs/cmake/service_msgs__rosidl_typesupport_introspection_cppExport-noconfig.cmake
[1.651s] -- Up-to-date: /home/pheonix/ros2_ws/install/service_msgs/share/service_msgs/cmake/service_msgs__rosidl_typesupport_cppExport.cmake
[1.651s] -- Up-to-date: /home/pheonix/ros2_ws/install/service_msgs/share/service_msgs/cmake/service_msgs__rosidl_typesupport_cppExport-noconfig.cmake
[1.651s] -- Up-to-date: /home/pheonix/ros2_ws/install/service_msgs/share/service_msgs/cmake/export_service_msgs__rosidl_generator_pyExport.cmake
[1.651s] -- Up-to-date: /home/pheonix/ros2_ws/install/service_msgs/share/service_msgs/cmake/export_service_msgs__rosidl_generator_pyExport-noconfig.cmake
[1.651s] -- Up-to-date: /home/pheonix/ros2_ws/install/service_msgs/share/service_msgs/cmake/rosidl_cmake-extras.cmake
[1.651s] -- Up-to-date: /home/pheonix/ros2_ws/install/service_msgs/share/service_msgs/cmake/ament_cmake_export_dependencies-extras.cmake
[1.651s] -- Up-to-date: /home/pheonix/ros2_ws/install/service_msgs/share/service_msgs/cmake/ament_cmake_export_include_directories-extras.cmake
[1.651s] -- Up-to-date: /home/pheonix/ros2_ws/install/service_msgs/share/service_msgs/cmake/ament_cmake_export_libraries-extras.cmake
[1.651s] -- Up-to-date: /home/pheonix/ros2_ws/install/service_msgs/share/service_msgs/cmake/ament_cmake_export_targets-extras.cmake
[1.654s] -- Up-to-date: /home/pheonix/ros2_ws/install/service_msgs/share/service_msgs/cmake/rosidl_cmake_export_typesupport_targets-extras.cmake
[1.654s] -- Up-to-date: /home/pheonix/ros2_ws/install/service_msgs/share/service_msgs/cmake/rosidl_cmake_export_typesupport_libraries-extras.cmake
[1.654s] -- Up-to-date: /home/pheonix/ros2_ws/install/service_msgs/share/service_msgs/cmake/service_msgsConfig.cmake
[1.654s] -- Up-to-date: /home/pheonix/ros2_ws/install/service_msgs/share/service_msgs/cmake/service_msgsConfig-version.cmake
[1.654s] -- Up-to-date: /home/pheonix/ros2_ws/install/service_msgs/share/service_msgs/package.xml
[1.657s] Invoked command in '/home/pheonix/ros2_ws/build/service_msgs' returned '0': CMAKE_PREFIX_PATH=${CMAKE_PREFIX_PATH}:/opt/ros/jazzy DEBUGINFOD_URLS=https://debuginfod.ubuntu.com /usr/bin/cmake --install /home/pheonix/ros2_ws/build/service_msgs
