[0.024s] Invoking command in '/home/pheonix/ros2_ws/build/service_msgs': CMAKE_PREFIX_PATH=${CMAKE_PREFIX_PATH}:/opt/ros/jazzy DEBUGINFOD_URLS=https://debuginfod.ubuntu.com /usr/bin/cmake --build /home/pheonix/ros2_ws/build/service_msgs -- -j2 -l2
[0.215s] [  2%] Built target service_msgs__rosidl_generator_type_description
[0.375s] [  2%] Built target ament_cmake_python_copy_service_msgs
[0.500s] [ 17%] Built target service_msgs__rosidl_generator_c
[0.589s] [ 20%] Built target service_msgs__cpp
[1.013s] running egg_info
[1.109s] writing service_msgs.egg-info/PKG-INFO
[1.113s] writing dependency_links to service_msgs.egg-info/dependency_links.txt
[1.115s] writing top-level names to service_msgs.egg-info/top_level.txt
[1.172s] reading manifest file 'service_msgs.egg-info/SOURCES.txt'
[1.173s] writing manifest file 'service_msgs.egg-info/SOURCES.txt'
[1.259s] [ 20%] Built target ament_cmake_python_build_service_msgs_egg
[1.343s] [ 29%] Built target service_msgs__rosidl_typesupport_fastrtps_c
[1.449s] [ 38%] Built target service_msgs__rosidl_typesupport_fastrtps_cpp
[1.508s] [ 47%] Built target service_msgs__rosidl_typesupport_introspection_c
[1.590s] [ 55%] Built target service_msgs__rosidl_typesupport_c
[1.686s] [ 64%] Built target service_msgs__rosidl_typesupport_introspection_cpp
[1.754s] [ 73%] Built target service_msgs__rosidl_typesupport_cpp
[1.853s] [ 73%] Built target service_msgs
[1.961s] [ 76%] Built target service_msgs__py
[2.025s] [ 82%] Built target service_msgs__rosidl_generator_py
[2.084s] [ 88%] Built target service_msgs_s__rosidl_typesupport_fastrtps_c
[2.157s] [ 94%] Built target service_msgs_s__rosidl_typesupport_introspection_c
[2.237s] [100%] Built target service_msgs_s__rosidl_typesupport_c
[2.260s] Invoked command in '/home/pheonix/ros2_ws/build/service_msgs' returned '0': CMAKE_PREFIX_PATH=${CMAKE_PREFIX_PATH}:/opt/ros/jazzy DEBUGINFOD_URLS=https://debuginfod.ubuntu.com /usr/bin/cmake --build /home/pheonix/ros2_ws/build/service_msgs -- -j2 -l2
[2.468s] Invoking command in '/home/pheonix/ros2_ws/build/service_msgs': CMAKE_PREFIX_PATH=${CMAKE_PREFIX_PATH}:/opt/ros/jazzy DEBUGINFOD_URLS=https://debuginfod.ubuntu.com /usr/bin/cmake --install /home/pheonix/ros2_ws/build/service_msgs
[2.489s] -- Install configuration: ""
[2.489s] -- Up-to-date: /home/pheonix/ros2_ws/install/service_msgs/share/ament_index/resource_index/rosidl_interfaces/service_msgs
[2.489s] -- Up-to-date: /home/pheonix/ros2_ws/install/service_msgs/share/service_msgs/msg/ServiceEventInfo.json
[2.489s] -- Up-to-date: /home/pheonix/ros2_ws/install/service_msgs/include/service_msgs/service_msgs
[2.489s] -- Up-to-date: /home/pheonix/ros2_ws/install/service_msgs/include/service_msgs/service_msgs/msg
[2.489s] -- Up-to-date: /home/pheonix/ros2_ws/install/service_msgs/include/service_msgs/service_msgs/msg/service_event_info.h
[2.489s] -- Up-to-date: /home/pheonix/ros2_ws/install/service_msgs/include/service_msgs/service_msgs/msg/rosidl_generator_c__visibility_control.h
[2.489s] -- Up-to-date: /home/pheonix/ros2_ws/install/service_msgs/include/service_msgs/service_msgs/msg/detail
[2.489s] -- Up-to-date: /home/pheonix/ros2_ws/install/service_msgs/include/service_msgs/service_msgs/msg/detail/service_event_info__functions.c
[2.489s] -- Up-to-date: /home/pheonix/ros2_ws/install/service_msgs/include/service_msgs/service_msgs/msg/detail/service_event_info__description.c
[2.490s] -- Up-to-date: /home/pheonix/ros2_ws/install/service_msgs/include/service_msgs/service_msgs/msg/detail/service_event_info__struct.h
[2.490s] -- Up-to-date: /home/pheonix/ros2_ws/install/service_msgs/include/service_msgs/service_msgs/msg/detail/service_event_info__type_support.h
[2.490s] -- Installing: /home/pheonix/ros2_ws/install/service_msgs/include/service_msgs/service_msgs/msg/detail/service_event_info__type_support.c
[2.490s] -- Up-to-date: /home/pheonix/ros2_ws/install/service_msgs/include/service_msgs/service_msgs/msg/detail/service_event_info__functions.h
[2.490s] -- Up-to-date: /home/pheonix/ros2_ws/install/service_msgs/share/service_msgs/environment/library_path.sh
[2.490s] -- Up-to-date: /home/pheonix/ros2_ws/install/service_msgs/share/service_msgs/environment/library_path.dsv
[2.490s] -- Up-to-date: /home/pheonix/ros2_ws/install/service_msgs/lib/libservice_msgs__rosidl_generator_c.so
[2.490s] -- Up-to-date: /home/pheonix/ros2_ws/install/service_msgs/include/service_msgs/service_msgs
[2.490s] -- Up-to-date: /home/pheonix/ros2_ws/install/service_msgs/include/service_msgs/service_msgs/msg
[2.490s] -- Up-to-date: /home/pheonix/ros2_ws/install/service_msgs/include/service_msgs/service_msgs/msg/rosidl_typesupport_fastrtps_c__visibility_control.h
[2.490s] -- Up-to-date: /home/pheonix/ros2_ws/install/service_msgs/include/service_msgs/service_msgs/msg/detail
[2.494s] -- Up-to-date: /home/pheonix/ros2_ws/install/service_msgs/include/service_msgs/service_msgs/msg/detail/service_event_info__rosidl_typesupport_fastrtps_c.h
[2.494s] -- Up-to-date: /home/pheonix/ros2_ws/install/service_msgs/lib/libservice_msgs__rosidl_typesupport_fastrtps_c.so
[2.494s] -- Up-to-date: /home/pheonix/ros2_ws/install/service_msgs/include/service_msgs/service_msgs
[2.494s] -- Up-to-date: /home/pheonix/ros2_ws/install/service_msgs/include/service_msgs/service_msgs/msg
[2.494s] -- Up-to-date: /home/pheonix/ros2_ws/install/service_msgs/include/service_msgs/service_msgs/msg/service_event_info.hpp
[2.494s] -- Up-to-date: /home/pheonix/ros2_ws/install/service_msgs/include/service_msgs/service_msgs/msg/rosidl_generator_cpp__visibility_control.hpp
[2.494s] -- Up-to-date: /home/pheonix/ros2_ws/install/service_msgs/include/service_msgs/service_msgs/msg/detail
[2.495s] -- Up-to-date: /home/pheonix/ros2_ws/install/service_msgs/include/service_msgs/service_msgs/msg/detail/service_event_info__type_support.hpp
[2.495s] -- Up-to-date: /home/pheonix/ros2_ws/install/service_msgs/include/service_msgs/service_msgs/msg/detail/service_event_info__builder.hpp
[2.495s] -- Up-to-date: /home/pheonix/ros2_ws/install/service_msgs/include/service_msgs/service_msgs/msg/detail/service_event_info__struct.hpp
[2.495s] -- Up-to-date: /home/pheonix/ros2_ws/install/service_msgs/include/service_msgs/service_msgs/msg/detail/service_event_info__traits.hpp
[2.495s] -- Up-to-date: /home/pheonix/ros2_ws/install/service_msgs/include/service_msgs/service_msgs
[2.495s] -- Up-to-date: /home/pheonix/ros2_ws/install/service_msgs/include/service_msgs/service_msgs/msg
[2.495s] -- Up-to-date: /home/pheonix/ros2_ws/install/service_msgs/include/service_msgs/service_msgs/msg/detail
[2.495s] -- Up-to-date: /home/pheonix/ros2_ws/install/service_msgs/include/service_msgs/service_msgs/msg/detail/dds_fastrtps
[2.495s] -- Up-to-date: /home/pheonix/ros2_ws/install/service_msgs/include/service_msgs/service_msgs/msg/detail/service_event_info__rosidl_typesupport_fastrtps_cpp.hpp
[2.495s] -- Up-to-date: /home/pheonix/ros2_ws/install/service_msgs/include/service_msgs/service_msgs/msg/rosidl_typesupport_fastrtps_cpp__visibility_control.h
[2.495s] -- Up-to-date: /home/pheonix/ros2_ws/install/service_msgs/lib/libservice_msgs__rosidl_typesupport_fastrtps_cpp.so
[2.495s] -- Up-to-date: /home/pheonix/ros2_ws/install/service_msgs/include/service_msgs/service_msgs
[2.495s] -- Up-to-date: /home/pheonix/ros2_ws/install/service_msgs/include/service_msgs/service_msgs/msg
[2.495s] -- Up-to-date: /home/pheonix/ros2_ws/install/service_msgs/include/service_msgs/service_msgs/msg/detail
[2.495s] -- Up-to-date: /home/pheonix/ros2_ws/install/service_msgs/include/service_msgs/service_msgs/msg/detail/service_event_info__rosidl_typesupport_introspection_c.h
[2.495s] -- Installing: /home/pheonix/ros2_ws/install/service_msgs/include/service_msgs/service_msgs/msg/detail/service_event_info__type_support.c
[2.496s] -- Up-to-date: /home/pheonix/ros2_ws/install/service_msgs/include/service_msgs/service_msgs/msg/rosidl_typesupport_introspection_c__visibility_control.h
[2.496s] -- Up-to-date: /home/pheonix/ros2_ws/install/service_msgs/lib/libservice_msgs__rosidl_typesupport_introspection_c.so
[2.496s] -- Up-to-date: /home/pheonix/ros2_ws/install/service_msgs/lib/libservice_msgs__rosidl_typesupport_c.so
[2.496s] -- Up-to-date: /home/pheonix/ros2_ws/install/service_msgs/include/service_msgs/service_msgs
[2.496s] -- Up-to-date: /home/pheonix/ros2_ws/install/service_msgs/include/service_msgs/service_msgs/msg
[2.496s] -- Up-to-date: /home/pheonix/ros2_ws/install/service_msgs/include/service_msgs/service_msgs/msg/detail
[2.496s] -- Up-to-date: /home/pheonix/ros2_ws/install/service_msgs/include/service_msgs/service_msgs/msg/detail/service_event_info__type_support.cpp
[2.496s] -- Up-to-date: /home/pheonix/ros2_ws/install/service_msgs/include/service_msgs/service_msgs/msg/detail/service_event_info__rosidl_typesupport_introspection_cpp.hpp
[2.496s] -- Up-to-date: /home/pheonix/ros2_ws/install/service_msgs/lib/libservice_msgs__rosidl_typesupport_introspection_cpp.so
[2.496s] -- Up-to-date: /home/pheonix/ros2_ws/install/service_msgs/lib/libservice_msgs__rosidl_typesupport_cpp.so
[2.497s] -- Up-to-date: /home/pheonix/ros2_ws/install/service_msgs/share/service_msgs/environment/pythonpath.sh
[2.497s] -- Up-to-date: /home/pheonix/ros2_ws/install/service_msgs/share/service_msgs/environment/pythonpath.dsv
[2.500s] -- Up-to-date: /home/pheonix/ros2_ws/install/service_msgs/lib/python3.12/site-packages/service_msgs-2.2.0-py3.12.egg-info
[2.501s] -- Installing: /home/pheonix/ros2_ws/install/service_msgs/lib/python3.12/site-packages/service_msgs-2.2.0-py3.12.egg-info/SOURCES.txt
[2.501s] -- Installing: /home/pheonix/ros2_ws/install/service_msgs/lib/python3.12/site-packages/service_msgs-2.2.0-py3.12.egg-info/dependency_links.txt
[2.501s] -- Installing: /home/pheonix/ros2_ws/install/service_msgs/lib/python3.12/site-packages/service_msgs-2.2.0-py3.12.egg-info/PKG-INFO
[2.501s] -- Installing: /home/pheonix/ros2_ws/install/service_msgs/lib/python3.12/site-packages/service_msgs-2.2.0-py3.12.egg-info/top_level.txt
[2.503s] -- Up-to-date: /home/pheonix/ros2_ws/install/service_msgs/lib/python3.12/site-packages/service_msgs
[2.505s] -- Up-to-date: /home/pheonix/ros2_ws/install/service_msgs/lib/python3.12/site-packages/service_msgs/_service_msgs_s.ep.rosidl_typesupport_introspection_c.c
[2.505s] -- Up-to-date: /home/pheonix/ros2_ws/install/service_msgs/lib/python3.12/site-packages/service_msgs/_service_msgs_s.ep.rosidl_typesupport_c.c
[2.505s] -- Up-to-date: /home/pheonix/ros2_ws/install/service_msgs/lib/python3.12/site-packages/service_msgs/service_msgs_s__rosidl_typesupport_c.so
[2.505s] -- Up-to-date: /home/pheonix/ros2_ws/install/service_msgs/lib/python3.12/site-packages/service_msgs/service_msgs_s__rosidl_typesupport_introspection_c.so
[2.505s] -- Up-to-date: /home/pheonix/ros2_ws/install/service_msgs/lib/python3.12/site-packages/service_msgs/msg
[2.505s] -- Up-to-date: /home/pheonix/ros2_ws/install/service_msgs/lib/python3.12/site-packages/service_msgs/msg/_service_event_info_s.c
[2.506s] -- Up-to-date: /home/pheonix/ros2_ws/install/service_msgs/lib/python3.12/site-packages/service_msgs/msg/__init__.py
[2.506s] -- Up-to-date: /home/pheonix/ros2_ws/install/service_msgs/lib/python3.12/site-packages/service_msgs/msg/_service_event_info.py
[2.506s] -- Up-to-date: /home/pheonix/ros2_ws/install/service_msgs/lib/python3.12/site-packages/service_msgs/__init__.py
[2.506s] -- Up-to-date: /home/pheonix/ros2_ws/install/service_msgs/lib/python3.12/site-packages/service_msgs/service_msgs_s__rosidl_typesupport_fastrtps_c.so
[2.506s] -- Up-to-date: /home/pheonix/ros2_ws/install/service_msgs/lib/python3.12/site-packages/service_msgs/_service_msgs_s.ep.rosidl_typesupport_fastrtps_c.c
[2.573s] Listing '/home/pheonix/ros2_ws/install/service_msgs/lib/python3.12/site-packages/service_msgs'...
[2.573s] Listing '/home/pheonix/ros2_ws/install/service_msgs/lib/python3.12/site-packages/service_msgs/msg'...
[2.579s] -- Up-to-date: /home/pheonix/ros2_ws/install/service_msgs/lib/python3.12/site-packages/service_msgs/service_msgs_s__rosidl_typesupport_fastrtps_c.so
[2.579s] -- Up-to-date: /home/pheonix/ros2_ws/install/service_msgs/lib/python3.12/site-packages/service_msgs/service_msgs_s__rosidl_typesupport_introspection_c.so
[2.579s] -- Up-to-date: /home/pheonix/ros2_ws/install/service_msgs/lib/python3.12/site-packages/service_msgs/service_msgs_s__rosidl_typesupport_c.so
[2.579s] -- Up-to-date: /home/pheonix/ros2_ws/install/service_msgs/lib/libservice_msgs__rosidl_generator_py.so
[2.580s] -- Up-to-date: /home/pheonix/ros2_ws/install/service_msgs/share/service_msgs/msg/ServiceEventInfo.idl
[2.581s] -- Up-to-date: /home/pheonix/ros2_ws/install/service_msgs/share/service_msgs/msg/ServiceEventInfo.msg
[2.581s] -- Up-to-date: /home/pheonix/ros2_ws/install/service_msgs/share/ament_index/resource_index/package_run_dependencies/service_msgs
[2.581s] -- Up-to-date: /home/pheonix/ros2_ws/install/service_msgs/share/ament_index/resource_index/parent_prefix_path/service_msgs
[2.581s] -- Up-to-date: /home/pheonix/ros2_ws/install/service_msgs/share/service_msgs/environment/ament_prefix_path.sh
[2.581s] -- Up-to-date: /home/pheonix/ros2_ws/install/service_msgs/share/service_msgs/environment/ament_prefix_path.dsv
[2.581s] -- Up-to-date: /home/pheonix/ros2_ws/install/service_msgs/share/service_msgs/environment/path.sh
[2.581s] -- Up-to-date: /home/pheonix/ros2_ws/install/service_msgs/share/service_msgs/environment/path.dsv
[2.581s] -- Up-to-date: /home/pheonix/ros2_ws/install/service_msgs/share/service_msgs/local_setup.bash
[2.581s] -- Up-to-date: /home/pheonix/ros2_ws/install/service_msgs/share/service_msgs/local_setup.sh
[2.581s] -- Up-to-date: /home/pheonix/ros2_ws/install/service_msgs/share/service_msgs/local_setup.zsh
[2.581s] -- Up-to-date: /home/pheonix/ros2_ws/install/service_msgs/share/service_msgs/local_setup.dsv
[2.581s] -- Installing: /home/pheonix/ros2_ws/install/service_msgs/share/service_msgs/package.dsv
[2.583s] -- Up-to-date: /home/pheonix/ros2_ws/install/service_msgs/share/ament_index/resource_index/packages/service_msgs
[2.583s] -- Up-to-date: /home/pheonix/ros2_ws/install/service_msgs/share/service_msgs/cmake/export_service_msgs__rosidl_generator_cExport.cmake
[2.583s] -- Up-to-date: /home/pheonix/ros2_ws/install/service_msgs/share/service_msgs/cmake/export_service_msgs__rosidl_generator_cExport-noconfig.cmake
[2.583s] -- Up-to-date: /home/pheonix/ros2_ws/install/service_msgs/share/service_msgs/cmake/export_service_msgs__rosidl_typesupport_fastrtps_cExport.cmake
[2.584s] -- Up-to-date: /home/pheonix/ros2_ws/install/service_msgs/share/service_msgs/cmake/export_service_msgs__rosidl_typesupport_fastrtps_cExport-noconfig.cmake
[2.584s] -- Up-to-date: /home/pheonix/ros2_ws/install/service_msgs/share/service_msgs/cmake/export_service_msgs__rosidl_generator_cppExport.cmake
[2.584s] -- Up-to-date: /home/pheonix/ros2_ws/install/service_msgs/share/service_msgs/cmake/export_service_msgs__rosidl_typesupport_fastrtps_cppExport.cmake
[2.584s] -- Up-to-date: /home/pheonix/ros2_ws/install/service_msgs/share/service_msgs/cmake/export_service_msgs__rosidl_typesupport_fastrtps_cppExport-noconfig.cmake
[2.584s] -- Up-to-date: /home/pheonix/ros2_ws/install/service_msgs/share/service_msgs/cmake/service_msgs__rosidl_typesupport_introspection_cExport.cmake
[2.584s] -- Up-to-date: /home/pheonix/ros2_ws/install/service_msgs/share/service_msgs/cmake/service_msgs__rosidl_typesupport_introspection_cExport-noconfig.cmake
[2.584s] -- Up-to-date: /home/pheonix/ros2_ws/install/service_msgs/share/service_msgs/cmake/service_msgs__rosidl_typesupport_cExport.cmake
[2.584s] -- Up-to-date: /home/pheonix/ros2_ws/install/service_msgs/share/service_msgs/cmake/service_msgs__rosidl_typesupport_cExport-noconfig.cmake
[2.584s] -- Up-to-date: /home/pheonix/ros2_ws/install/service_msgs/share/service_msgs/cmake/service_msgs__rosidl_typesupport_introspection_cppExport.cmake
[2.584s] -- Up-to-date: /home/pheonix/ros2_ws/install/service_msgs/share/service_msgs/cmake/service_msgs__rosidl_typesupport_introspection_cppExport-noconfig.cmake
[2.584s] -- Up-to-date: /home/pheonix/ros2_ws/install/service_msgs/share/service_msgs/cmake/service_msgs__rosidl_typesupport_cppExport.cmake
[2.584s] -- Up-to-date: /home/pheonix/ros2_ws/install/service_msgs/share/service_msgs/cmake/service_msgs__rosidl_typesupport_cppExport-noconfig.cmake
[2.584s] -- Up-to-date: /home/pheonix/ros2_ws/install/service_msgs/share/service_msgs/cmake/export_service_msgs__rosidl_generator_pyExport.cmake
[2.584s] -- Up-to-date: /home/pheonix/ros2_ws/install/service_msgs/share/service_msgs/cmake/export_service_msgs__rosidl_generator_pyExport-noconfig.cmake
[2.584s] -- Up-to-date: /home/pheonix/ros2_ws/install/service_msgs/share/service_msgs/cmake/rosidl_cmake-extras.cmake
[2.584s] -- Up-to-date: /home/pheonix/ros2_ws/install/service_msgs/share/service_msgs/cmake/ament_cmake_export_dependencies-extras.cmake
[2.584s] -- Up-to-date: /home/pheonix/ros2_ws/install/service_msgs/share/service_msgs/cmake/ament_cmake_export_include_directories-extras.cmake
[2.584s] -- Up-to-date: /home/pheonix/ros2_ws/install/service_msgs/share/service_msgs/cmake/ament_cmake_export_libraries-extras.cmake
[2.584s] -- Up-to-date: /home/pheonix/ros2_ws/install/service_msgs/share/service_msgs/cmake/ament_cmake_export_targets-extras.cmake
[2.584s] -- Up-to-date: /home/pheonix/ros2_ws/install/service_msgs/share/service_msgs/cmake/rosidl_cmake_export_typesupport_targets-extras.cmake
[2.584s] -- Up-to-date: /home/pheonix/ros2_ws/install/service_msgs/share/service_msgs/cmake/rosidl_cmake_export_typesupport_libraries-extras.cmake
[2.584s] -- Up-to-date: /home/pheonix/ros2_ws/install/service_msgs/share/service_msgs/cmake/service_msgsConfig.cmake
[2.590s] -- Up-to-date: /home/pheonix/ros2_ws/install/service_msgs/share/service_msgs/cmake/service_msgsConfig-version.cmake
[2.590s] -- Up-to-date: /home/pheonix/ros2_ws/install/service_msgs/share/service_msgs/package.xml
[2.602s] Invoked command in '/home/pheonix/ros2_ws/build/service_msgs' returned '0': CMAKE_PREFIX_PATH=${CMAKE_PREFIX_PATH}:/opt/ros/jazzy DEBUGINFOD_URLS=https://debuginfod.ubuntu.com /usr/bin/cmake --install /home/pheonix/ros2_ws/build/service_msgs
