[0.021s] Invoking command in '/home/pheonix/ros2_ws/build/service_msgs': CMAKE_PREFIX_PATH=${CMAKE_PREFIX_PATH}:/opt/ros/jazzy DEBUGINFOD_URLS=https://debuginfod.ubuntu.com /usr/bin/cmake /home/pheonix/ros2_ws/src/rcl_interfaces/service_msgs -DCMAKE_INSTALL_PREFIX=/home/pheonix/ros2_ws/install/service_msgs
[0.214s] -- The C compiler identification is GNU 13.2.0
[0.366s] -- The CXX compiler identification is GNU 13.2.0
[0.429s] -- Detecting C compiler ABI info
[0.699s] -- Detecting C compiler ABI info - done
[0.718s] -- Check for working C compiler: /usr/bin/cc - skipped
[0.725s] -- Detecting C compile features
[0.725s] -- Detecting C compile features - done
[0.758s] -- Detecting CXX compiler ABI info
[1.056s] -- Detecting CXX compiler ABI info - done
[1.068s] -- Check for working CXX compiler: /usr/bin/c++ - skipped
[1.071s] -- Detecting CXX compile features
[1.071s] -- Detecting CXX compile features - done
[1.088s] -- Found ament_cmake: 2.5.2 (/opt/ros/jazzy/share/ament_cmake/cmake)
[1.526s] -- Found Python3: /usr/bin/python3 (found version "3.12.3") found components: Interpreter 
[1.862s] -- Found builtin_interfaces: 2.0.2 (/opt/ros/jazzy/share/builtin_interfaces/cmake)
[1.995s] -- Found rosidl_generator_c: 4.6.3 (/opt/ros/jazzy/share/rosidl_generator_c/cmake)
[2.085s] -- Found rosidl_generator_cpp: 4.6.3 (/opt/ros/jazzy/share/rosidl_generator_cpp/cmake)
[2.126s] -- Using all available rosidl_typesupport_c: rosidl_typesupport_fastrtps_c;rosidl_typesupport_introspection_c
[2.185s] -- Using all available rosidl_typesupport_cpp: rosidl_typesupport_fastrtps_cpp;rosidl_typesupport_introspection_cpp
[2.218s] -- Found rosidl_core_generators: 0.2.0 (/opt/ros/jazzy/share/rosidl_core_generators/cmake)
[2.238s] -- Found rosidl_adapter: 4.6.3 (/opt/ros/jazzy/share/rosidl_adapter/cmake)
[3.575s] -- Found ament_cmake_cppcheck: 0.17.1 (/opt/ros/jazzy/share/ament_cmake_cppcheck/cmake)
[3.580s] -- Found ament_cmake_cpplint: 0.17.1 (/opt/ros/jazzy/share/ament_cmake_cpplint/cmake)
[3.622s] -- Found ament_cmake_uncrustify: 0.17.1 (/opt/ros/jazzy/share/ament_cmake_uncrustify/cmake)
[3.628s] -- Found ament_cmake_ros: 0.12.0 (/opt/ros/jazzy/share/ament_cmake_ros/cmake)
[4.632s] -- Using all available rosidl_typesupport_c: rosidl_typesupport_fastrtps_c;rosidl_typesupport_introspection_c
[5.138s] -- Using all available rosidl_typesupport_cpp: rosidl_typesupport_fastrtps_cpp;rosidl_typesupport_introspection_cpp
[5.146s] -- Found python_cmake_module: 0.11.1 (/opt/ros/jazzy/share/python_cmake_module/cmake)
[5.485s] -- Found PythonExtra: /usr/bin/python3  
[6.630s] -- Found Python3: /usr/bin/python3 (found version "3.12.3") found components: Interpreter Development NumPy Development.Module Development.Embed 
[6.692s] -- Found ament_cmake_flake8: 0.17.1 (/opt/ros/jazzy/share/ament_cmake_flake8/cmake)
[6.706s] -- Found ament_cmake_pep257: 0.17.1 (/opt/ros/jazzy/share/ament_cmake_pep257/cmake)
[6.716s] -- Found ament_lint_auto: 0.17.1 (/opt/ros/jazzy/share/ament_lint_auto/cmake)
[6.739s] -- Added test 'copyright' to check source files copyright and LICENSE
[6.741s] -- Added test 'lint_cmake' to check CMake code style
[6.742s] -- Added test 'xmllint' to check XML markup files
[6.746s] -- Configuring done (6.7s)
[6.776s] -- Generating done (0.0s)
[6.778s] -- Build files have been written to: /home/pheonix/ros2_ws/build/service_msgs
[6.825s] Invoked command in '/home/pheonix/ros2_ws/build/service_msgs' returned '0': CMAKE_PREFIX_PATH=${CMAKE_PREFIX_PATH}:/opt/ros/jazzy DEBUGINFOD_URLS=https://debuginfod.ubuntu.com /usr/bin/cmake /home/pheonix/ros2_ws/src/rcl_interfaces/service_msgs -DCMAKE_INSTALL_PREFIX=/home/pheonix/ros2_ws/install/service_msgs
[6.826s] Invoking command in '/home/pheonix/ros2_ws/build/service_msgs': CMAKE_PREFIX_PATH=${CMAKE_PREFIX_PATH}:/opt/ros/jazzy DEBUGINFOD_URLS=https://debuginfod.ubuntu.com /usr/bin/cmake --build /home/pheonix/ros2_ws/build/service_msgs -- -j2 -l2
[6.945s] [  2%] [34m[1mGenerating type hashes for ROS interfaces[0m
[7.207s] [  2%] Built target service_msgs__rosidl_generator_type_description
[7.283s] [  2%] Built target ament_cmake_python_copy_service_msgs
[7.327s] [  5%] [34m[1mGenerating C code for ROS interfaces[0m
[7.661s] [  8%] [32mBuilding C object CMakeFiles/service_msgs__rosidl_generator_c.dir/rosidl_generator_c/service_msgs/msg/detail/service_event_info__description.c.o[0m
[7.747s] [ 11%] [32mBuilding C object CMakeFiles/service_msgs__rosidl_generator_c.dir/rosidl_generator_c/service_msgs/msg/detail/service_event_info__functions.c.o[0m
[7.911s] [ 14%] [32mBuilding C object CMakeFiles/service_msgs__rosidl_generator_c.dir/rosidl_generator_c/service_msgs/msg/detail/service_event_info__type_support.c.o[0m
[8.077s] [ 17%] [32m[1mLinking C shared library libservice_msgs__rosidl_generator_c.so[0m
[8.774s] [ 17%] Built target service_msgs__rosidl_generator_c
[8.857s] [ 20%] [34m[1mGenerating C++ code for ROS interfaces[0m
[9.286s] [ 20%] Built target service_msgs__cpp
[9.545s] running egg_info
[9.556s] creating service_msgs.egg-info
[9.575s] writing service_msgs.egg-info/PKG-INFO
[9.575s] writing dependency_links to service_msgs.egg-info/dependency_links.txt
[9.575s] writing top-level names to service_msgs.egg-info/top_level.txt
[9.575s] writing manifest file 'service_msgs.egg-info/SOURCES.txt'
[9.626s] reading manifest file 'service_msgs.egg-info/SOURCES.txt'
[9.627s] writing manifest file 'service_msgs.egg-info/SOURCES.txt'
[9.683s] [ 20%] Built target ament_cmake_python_build_service_msgs_egg
[9.728s] [ 23%] [34m[1mGenerating C type support for eProsima Fast-RTPS[0m
[10.674s] [ 26%] [32mBuilding CXX object CMakeFiles/service_msgs__rosidl_typesupport_fastrtps_c.dir/rosidl_typesupport_fastrtps_c/service_msgs/msg/detail/service_event_info__type_support_c.cpp.o[0m
[11.744s] [ 29%] [32m[1mLinking CXX shared library libservice_msgs__rosidl_typesupport_fastrtps_c.so[0m
[11.886s] [ 29%] Built target service_msgs__rosidl_typesupport_fastrtps_c
[11.907s] [ 32%] [34m[1mGenerating C++ type support for eProsima Fast-RTPS[0m
[12.560s] [ 35%] [32mBuilding CXX object CMakeFiles/service_msgs__rosidl_typesupport_fastrtps_cpp.dir/rosidl_typesupport_fastrtps_cpp/service_msgs/msg/detail/dds_fastrtps/service_event_info__type_support.cpp.o[0m
[13.759s] [ 38%] [32m[1mLinking CXX shared library libservice_msgs__rosidl_typesupport_fastrtps_cpp.so[0m
[13.957s] [ 38%] Built target service_msgs__rosidl_typesupport_fastrtps_cpp
[14.006s] [ 41%] [34m[1mGenerating C introspection for ROS interfaces[0m
[14.469s] [ 44%] [32mBuilding C object CMakeFiles/service_msgs__rosidl_typesupport_introspection_c.dir/rosidl_typesupport_introspection_c/service_msgs/msg/detail/service_event_info__type_support.c.o[0m
[14.505s] [ 47%] [32m[1mLinking C shared library libservice_msgs__rosidl_typesupport_introspection_c.so[0m
[14.559s] [ 47%] Built target service_msgs__rosidl_typesupport_introspection_c
[14.580s] [ 50%] [34m[1mGenerating C type support dispatch for ROS interfaces[0m
[14.958s] [ 52%] [32mBuilding CXX object CMakeFiles/service_msgs__rosidl_typesupport_c.dir/rosidl_typesupport_c/service_msgs/msg/service_event_info__type_support.cpp.o[0m
[15.019s] [ 55%] [32m[1mLinking CXX shared library libservice_msgs__rosidl_typesupport_c.so[0m
[15.204s] [ 55%] Built target service_msgs__rosidl_typesupport_c
[15.258s] [ 58%] [34m[1mGenerating C++ introspection for ROS interfaces[0m
[15.721s] [ 61%] [32mBuilding CXX object CMakeFiles/service_msgs__rosidl_typesupport_introspection_cpp.dir/rosidl_typesupport_introspection_cpp/service_msgs/msg/detail/service_event_info__type_support.cpp.o[0m
[16.428s] [ 64%] [32m[1mLinking CXX shared library libservice_msgs__rosidl_typesupport_introspection_cpp.so[0m
[16.496s] [ 64%] Built target service_msgs__rosidl_typesupport_introspection_cpp
[16.513s] [ 67%] [34m[1mGenerating C++ type support dispatch for ROS interfaces[0m
[16.786s] [ 70%] [32mBuilding CXX object CMakeFiles/service_msgs__rosidl_typesupport_cpp.dir/rosidl_typesupport_cpp/service_msgs/msg/service_event_info__type_support.cpp.o[0m
[17.485s] [ 73%] [32m[1mLinking CXX shared library libservice_msgs__rosidl_typesupport_cpp.so[0m
[17.605s] [ 73%] Built target service_msgs__rosidl_typesupport_cpp
[17.663s] [ 73%] Built target service_msgs
[17.739s] [ 76%] [34m[1mGenerating Python code for ROS interfaces[0m
[18.210s] [ 76%] Built target service_msgs__py
[18.287s] [ 79%] [32mBuilding C object CMakeFiles/service_msgs__rosidl_generator_py.dir/rosidl_generator_py/service_msgs/msg/_service_event_info_s.c.o[0m
[18.606s] [ 82%] [32m[1mLinking C shared library libservice_msgs__rosidl_generator_py.so[0m
[18.644s] [ 82%] Built target service_msgs__rosidl_generator_py
[18.672s] [ 85%] [32mBuilding C object CMakeFiles/service_msgs_s__rosidl_typesupport_fastrtps_c.dir/rosidl_generator_py/service_msgs/_service_msgs_s.ep.rosidl_typesupport_fastrtps_c.c.o[0m
[18.755s] [ 88%] [32m[1mLinking C shared module rosidl_generator_py/service_msgs/service_msgs_s__rosidl_typesupport_fastrtps_c.so[0m
[18.847s] [ 88%] Built target service_msgs_s__rosidl_typesupport_fastrtps_c
[18.955s] [ 91%] [32mBuilding C object CMakeFiles/service_msgs_s__rosidl_typesupport_introspection_c.dir/rosidl_generator_py/service_msgs/_service_msgs_s.ep.rosidl_typesupport_introspection_c.c.o[0m
[19.177s] [ 94%] [32m[1mLinking C shared module rosidl_generator_py/service_msgs/service_msgs_s__rosidl_typesupport_introspection_c.so[0m
[19.285s] [ 94%] Built target service_msgs_s__rosidl_typesupport_introspection_c
[19.424s] [ 97%] [32mBuilding C object CMakeFiles/service_msgs_s__rosidl_typesupport_c.dir/rosidl_generator_py/service_msgs/_service_msgs_s.ep.rosidl_typesupport_c.c.o[0m
[19.793s] [100%] [32m[1mLinking C shared module rosidl_generator_py/service_msgs/service_msgs_s__rosidl_typesupport_c.so[0m
[19.836s] [100%] Built target service_msgs_s__rosidl_typesupport_c
[19.869s] Invoked command in '/home/pheonix/ros2_ws/build/service_msgs' returned '0': CMAKE_PREFIX_PATH=${CMAKE_PREFIX_PATH}:/opt/ros/jazzy DEBUGINFOD_URLS=https://debuginfod.ubuntu.com /usr/bin/cmake --build /home/pheonix/ros2_ws/build/service_msgs -- -j2 -l2
[20.329s] Invoking command in '/home/pheonix/ros2_ws/build/service_msgs': CMAKE_PREFIX_PATH=${CMAKE_PREFIX_PATH}:/opt/ros/jazzy DEBUGINFOD_URLS=https://debuginfod.ubuntu.com /usr/bin/cmake --install /home/pheonix/ros2_ws/build/service_msgs
[20.342s] -- Install configuration: ""
[20.342s] -- Installing: /home/pheonix/ros2_ws/install/service_msgs/share/ament_index/resource_index/rosidl_interfaces/service_msgs
[20.342s] -- Installing: /home/pheonix/ros2_ws/install/service_msgs/share/service_msgs/msg/ServiceEventInfo.json
[20.343s] -- Installing: /home/pheonix/ros2_ws/install/service_msgs/include/service_msgs/service_msgs
[20.343s] -- Installing: /home/pheonix/ros2_ws/install/service_msgs/include/service_msgs/service_msgs/msg
[20.343s] -- Installing: /home/pheonix/ros2_ws/install/service_msgs/include/service_msgs/service_msgs/msg/service_event_info.h
[20.343s] -- Installing: /home/pheonix/ros2_ws/install/service_msgs/include/service_msgs/service_msgs/msg/rosidl_generator_c__visibility_control.h
[20.343s] -- Installing: /home/pheonix/ros2_ws/install/service_msgs/include/service_msgs/service_msgs/msg/detail
[20.343s] -- Installing: /home/pheonix/ros2_ws/install/service_msgs/include/service_msgs/service_msgs/msg/detail/service_event_info__functions.c
[20.345s] -- Installing: /home/pheonix/ros2_ws/install/service_msgs/include/service_msgs/service_msgs/msg/detail/service_event_info__description.c
[20.345s] -- Installing: /home/pheonix/ros2_ws/install/service_msgs/include/service_msgs/service_msgs/msg/detail/service_event_info__struct.h
[20.345s] -- Installing: /home/pheonix/ros2_ws/install/service_msgs/include/service_msgs/service_msgs/msg/detail/service_event_info__type_support.h
[20.346s] -- Installing: /home/pheonix/ros2_ws/install/service_msgs/include/service_msgs/service_msgs/msg/detail/service_event_info__type_support.c
[20.346s] -- Installing: /home/pheonix/ros2_ws/install/service_msgs/include/service_msgs/service_msgs/msg/detail/service_event_info__functions.h
[20.347s] -- Installing: /home/pheonix/ros2_ws/install/service_msgs/share/service_msgs/environment/library_path.sh
[20.349s] -- Installing: /home/pheonix/ros2_ws/install/service_msgs/share/service_msgs/environment/library_path.dsv
[20.349s] -- Installing: /home/pheonix/ros2_ws/install/service_msgs/lib/libservice_msgs__rosidl_generator_c.so
[20.350s] -- Set non-toolchain portion of runtime path of "/home/pheonix/ros2_ws/install/service_msgs/lib/libservice_msgs__rosidl_generator_c.so" to ""
[20.351s] -- Up-to-date: /home/pheonix/ros2_ws/install/service_msgs/include/service_msgs/service_msgs
[20.351s] -- Up-to-date: /home/pheonix/ros2_ws/install/service_msgs/include/service_msgs/service_msgs/msg
[20.351s] -- Installing: /home/pheonix/ros2_ws/install/service_msgs/include/service_msgs/service_msgs/msg/rosidl_typesupport_fastrtps_c__visibility_control.h
[20.353s] -- Up-to-date: /home/pheonix/ros2_ws/install/service_msgs/include/service_msgs/service_msgs/msg/detail
[20.354s] -- Installing: /home/pheonix/ros2_ws/install/service_msgs/include/service_msgs/service_msgs/msg/detail/service_event_info__rosidl_typesupport_fastrtps_c.h
[20.355s] -- Installing: /home/pheonix/ros2_ws/install/service_msgs/lib/libservice_msgs__rosidl_typesupport_fastrtps_c.so
[20.357s] -- Set non-toolchain portion of runtime path of "/home/pheonix/ros2_ws/install/service_msgs/lib/libservice_msgs__rosidl_typesupport_fastrtps_c.so" to ""
[20.358s] -- Up-to-date: /home/pheonix/ros2_ws/install/service_msgs/include/service_msgs/service_msgs
[20.361s] -- Up-to-date: /home/pheonix/ros2_ws/install/service_msgs/include/service_msgs/service_msgs/msg
[20.362s] -- Installing: /home/pheonix/ros2_ws/install/service_msgs/include/service_msgs/service_msgs/msg/service_event_info.hpp
[20.363s] -- Installing: /home/pheonix/ros2_ws/install/service_msgs/include/service_msgs/service_msgs/msg/rosidl_generator_cpp__visibility_control.hpp
[20.364s] -- Up-to-date: /home/pheonix/ros2_ws/install/service_msgs/include/service_msgs/service_msgs/msg/detail
[20.366s] -- Installing: /home/pheonix/ros2_ws/install/service_msgs/include/service_msgs/service_msgs/msg/detail/service_event_info__type_support.hpp
[20.367s] -- Installing: /home/pheonix/ros2_ws/install/service_msgs/include/service_msgs/service_msgs/msg/detail/service_event_info__builder.hpp
[20.367s] -- Installing: /home/pheonix/ros2_ws/install/service_msgs/include/service_msgs/service_msgs/msg/detail/service_event_info__struct.hpp
[20.368s] -- Installing: /home/pheonix/ros2_ws/install/service_msgs/include/service_msgs/service_msgs/msg/detail/service_event_info__traits.hpp
[20.369s] -- Up-to-date: /home/pheonix/ros2_ws/install/service_msgs/include/service_msgs/service_msgs
[20.369s] -- Up-to-date: /home/pheonix/ros2_ws/install/service_msgs/include/service_msgs/service_msgs/msg
[20.369s] -- Up-to-date: /home/pheonix/ros2_ws/install/service_msgs/include/service_msgs/service_msgs/msg/detail
[20.369s] -- Installing: /home/pheonix/ros2_ws/install/service_msgs/include/service_msgs/service_msgs/msg/detail/dds_fastrtps
[20.370s] -- Installing: /home/pheonix/ros2_ws/install/service_msgs/include/service_msgs/service_msgs/msg/detail/service_event_info__rosidl_typesupport_fastrtps_cpp.hpp
[20.372s] -- Installing: /home/pheonix/ros2_ws/install/service_msgs/include/service_msgs/service_msgs/msg/rosidl_typesupport_fastrtps_cpp__visibility_control.h
[20.372s] -- Installing: /home/pheonix/ros2_ws/install/service_msgs/lib/libservice_msgs__rosidl_typesupport_fastrtps_cpp.so
[20.372s] -- Set non-toolchain portion of runtime path of "/home/pheonix/ros2_ws/install/service_msgs/lib/libservice_msgs__rosidl_typesupport_fastrtps_cpp.so" to ""
[20.372s] -- Up-to-date: /home/pheonix/ros2_ws/install/service_msgs/include/service_msgs/service_msgs
[20.372s] -- Up-to-date: /home/pheonix/ros2_ws/install/service_msgs/include/service_msgs/service_msgs/msg
[20.373s] -- Up-to-date: /home/pheonix/ros2_ws/install/service_msgs/include/service_msgs/service_msgs/msg/detail
[20.373s] -- Installing: /home/pheonix/ros2_ws/install/service_msgs/include/service_msgs/service_msgs/msg/detail/service_event_info__rosidl_typesupport_introspection_c.h
[20.374s] -- Installing: /home/pheonix/ros2_ws/install/service_msgs/include/service_msgs/service_msgs/msg/detail/service_event_info__type_support.c
[20.375s] -- Installing: /home/pheonix/ros2_ws/install/service_msgs/include/service_msgs/service_msgs/msg/rosidl_typesupport_introspection_c__visibility_control.h
[20.376s] -- Installing: /home/pheonix/ros2_ws/install/service_msgs/lib/libservice_msgs__rosidl_typesupport_introspection_c.so
[20.377s] -- Set non-toolchain portion of runtime path of "/home/pheonix/ros2_ws/install/service_msgs/lib/libservice_msgs__rosidl_typesupport_introspection_c.so" to ""
[20.385s] -- Installing: /home/pheonix/ros2_ws/install/service_msgs/lib/libservice_msgs__rosidl_typesupport_c.so
[20.385s] -- Set non-toolchain portion of runtime path of "/home/pheonix/ros2_ws/install/service_msgs/lib/libservice_msgs__rosidl_typesupport_c.so" to ""
[20.385s] -- Up-to-date: /home/pheonix/ros2_ws/install/service_msgs/include/service_msgs/service_msgs
[20.385s] -- Up-to-date: /home/pheonix/ros2_ws/install/service_msgs/include/service_msgs/service_msgs/msg
[20.385s] -- Up-to-date: /home/pheonix/ros2_ws/install/service_msgs/include/service_msgs/service_msgs/msg/detail
[20.385s] -- Installing: /home/pheonix/ros2_ws/install/service_msgs/include/service_msgs/service_msgs/msg/detail/service_event_info__type_support.cpp
[20.385s] -- Installing: /home/pheonix/ros2_ws/install/service_msgs/include/service_msgs/service_msgs/msg/detail/service_event_info__rosidl_typesupport_introspection_cpp.hpp
[20.385s] -- Installing: /home/pheonix/ros2_ws/install/service_msgs/lib/libservice_msgs__rosidl_typesupport_introspection_cpp.so
[20.385s] -- Set non-toolchain portion of runtime path of "/home/pheonix/ros2_ws/install/service_msgs/lib/libservice_msgs__rosidl_typesupport_introspection_cpp.so" to ""
[20.385s] -- Installing: /home/pheonix/ros2_ws/install/service_msgs/lib/libservice_msgs__rosidl_typesupport_cpp.so
[20.387s] -- Set non-toolchain portion of runtime path of "/home/pheonix/ros2_ws/install/service_msgs/lib/libservice_msgs__rosidl_typesupport_cpp.so" to ""
[20.387s] -- Installing: /home/pheonix/ros2_ws/install/service_msgs/share/service_msgs/environment/pythonpath.sh
[20.388s] -- Installing: /home/pheonix/ros2_ws/install/service_msgs/share/service_msgs/environment/pythonpath.dsv
[20.396s] -- Installing: /home/pheonix/ros2_ws/install/service_msgs/lib/python3.12/site-packages/service_msgs-2.2.0-py3.12.egg-info
[20.396s] -- Installing: /home/pheonix/ros2_ws/install/service_msgs/lib/python3.12/site-packages/service_msgs-2.2.0-py3.12.egg-info/SOURCES.txt
[20.396s] -- Installing: /home/pheonix/ros2_ws/install/service_msgs/lib/python3.12/site-packages/service_msgs-2.2.0-py3.12.egg-info/dependency_links.txt
[20.396s] -- Installing: /home/pheonix/ros2_ws/install/service_msgs/lib/python3.12/site-packages/service_msgs-2.2.0-py3.12.egg-info/PKG-INFO
[20.398s] -- Installing: /home/pheonix/ros2_ws/install/service_msgs/lib/python3.12/site-packages/service_msgs-2.2.0-py3.12.egg-info/top_level.txt
[20.398s] -- Installing: /home/pheonix/ros2_ws/install/service_msgs/lib/python3.12/site-packages/service_msgs
[20.398s] -- Installing: /home/pheonix/ros2_ws/install/service_msgs/lib/python3.12/site-packages/service_msgs/_service_msgs_s.ep.rosidl_typesupport_introspection_c.c
[20.401s] -- Installing: /home/pheonix/ros2_ws/install/service_msgs/lib/python3.12/site-packages/service_msgs/_service_msgs_s.ep.rosidl_typesupport_c.c
[20.401s] -- Installing: /home/pheonix/ros2_ws/install/service_msgs/lib/python3.12/site-packages/service_msgs/service_msgs_s__rosidl_typesupport_c.so
[20.401s] -- Installing: /home/pheonix/ros2_ws/install/service_msgs/lib/python3.12/site-packages/service_msgs/service_msgs_s__rosidl_typesupport_introspection_c.so
[20.402s] -- Installing: /home/pheonix/ros2_ws/install/service_msgs/lib/python3.12/site-packages/service_msgs/msg
[20.403s] -- Installing: /home/pheonix/ros2_ws/install/service_msgs/lib/python3.12/site-packages/service_msgs/msg/_service_event_info_s.c
[20.403s] -- Installing: /home/pheonix/ros2_ws/install/service_msgs/lib/python3.12/site-packages/service_msgs/msg/__init__.py
[20.403s] -- Installing: /home/pheonix/ros2_ws/install/service_msgs/lib/python3.12/site-packages/service_msgs/msg/_service_event_info.py
[20.403s] -- Installing: /home/pheonix/ros2_ws/install/service_msgs/lib/python3.12/site-packages/service_msgs/__init__.py
[20.404s] -- Installing: /home/pheonix/ros2_ws/install/service_msgs/lib/python3.12/site-packages/service_msgs/service_msgs_s__rosidl_typesupport_fastrtps_c.so
[20.408s] -- Installing: /home/pheonix/ros2_ws/install/service_msgs/lib/python3.12/site-packages/service_msgs/_service_msgs_s.ep.rosidl_typesupport_fastrtps_c.c
[20.501s] Listing '/home/pheonix/ros2_ws/install/service_msgs/lib/python3.12/site-packages/service_msgs'...
[20.501s] Compiling '/home/pheonix/ros2_ws/install/service_msgs/lib/python3.12/site-packages/service_msgs/__init__.py'...
[20.501s] Listing '/home/pheonix/ros2_ws/install/service_msgs/lib/python3.12/site-packages/service_msgs/msg'...
[20.501s] Compiling '/home/pheonix/ros2_ws/install/service_msgs/lib/python3.12/site-packages/service_msgs/msg/__init__.py'...
[20.501s] Compiling '/home/pheonix/ros2_ws/install/service_msgs/lib/python3.12/site-packages/service_msgs/msg/_service_event_info.py'...
[20.511s] -- Installing: /home/pheonix/ros2_ws/install/service_msgs/lib/python3.12/site-packages/service_msgs/service_msgs_s__rosidl_typesupport_fastrtps_c.so
[20.511s] -- Set non-toolchain portion of runtime path of "/home/pheonix/ros2_ws/install/service_msgs/lib/python3.12/site-packages/service_msgs/service_msgs_s__rosidl_typesupport_fastrtps_c.so" to ""
[20.511s] -- Installing: /home/pheonix/ros2_ws/install/service_msgs/lib/python3.12/site-packages/service_msgs/service_msgs_s__rosidl_typesupport_introspection_c.so
[20.511s] -- Set non-toolchain portion of runtime path of "/home/pheonix/ros2_ws/install/service_msgs/lib/python3.12/site-packages/service_msgs/service_msgs_s__rosidl_typesupport_introspection_c.so" to ""
[20.511s] -- Installing: /home/pheonix/ros2_ws/install/service_msgs/lib/python3.12/site-packages/service_msgs/service_msgs_s__rosidl_typesupport_c.so
[20.511s] -- Set non-toolchain portion of runtime path of "/home/pheonix/ros2_ws/install/service_msgs/lib/python3.12/site-packages/service_msgs/service_msgs_s__rosidl_typesupport_c.so" to ""
[20.512s] -- Installing: /home/pheonix/ros2_ws/install/service_msgs/lib/libservice_msgs__rosidl_generator_py.so
[20.512s] -- Set non-toolchain portion of runtime path of "/home/pheonix/ros2_ws/install/service_msgs/lib/libservice_msgs__rosidl_generator_py.so" to ""
[20.512s] -- Installing: /home/pheonix/ros2_ws/install/service_msgs/share/service_msgs/msg/ServiceEventInfo.idl
[20.512s] -- Installing: /home/pheonix/ros2_ws/install/service_msgs/share/service_msgs/msg/ServiceEventInfo.msg
[20.512s] -- Installing: /home/pheonix/ros2_ws/install/service_msgs/share/ament_index/resource_index/package_run_dependencies/service_msgs
[20.512s] -- Installing: /home/pheonix/ros2_ws/install/service_msgs/share/ament_index/resource_index/parent_prefix_path/service_msgs
[20.513s] -- Installing: /home/pheonix/ros2_ws/install/service_msgs/share/service_msgs/environment/ament_prefix_path.sh
[20.513s] -- Installing: /home/pheonix/ros2_ws/install/service_msgs/share/service_msgs/environment/ament_prefix_path.dsv
[20.513s] -- Installing: /home/pheonix/ros2_ws/install/service_msgs/share/service_msgs/environment/path.sh
[20.513s] -- Installing: /home/pheonix/ros2_ws/install/service_msgs/share/service_msgs/environment/path.dsv
[20.513s] -- Installing: /home/pheonix/ros2_ws/install/service_msgs/share/service_msgs/local_setup.bash
[20.513s] -- Installing: /home/pheonix/ros2_ws/install/service_msgs/share/service_msgs/local_setup.sh
[20.513s] -- Installing: /home/pheonix/ros2_ws/install/service_msgs/share/service_msgs/local_setup.zsh
[20.514s] -- Installing: /home/pheonix/ros2_ws/install/service_msgs/share/service_msgs/local_setup.dsv
[20.514s] -- Installing: /home/pheonix/ros2_ws/install/service_msgs/share/service_msgs/package.dsv
[20.514s] -- Installing: /home/pheonix/ros2_ws/install/service_msgs/share/ament_index/resource_index/packages/service_msgs
[20.514s] -- Installing: /home/pheonix/ros2_ws/install/service_msgs/share/service_msgs/cmake/export_service_msgs__rosidl_generator_cExport.cmake
[20.514s] -- Installing: /home/pheonix/ros2_ws/install/service_msgs/share/service_msgs/cmake/export_service_msgs__rosidl_generator_cExport-noconfig.cmake
[20.514s] -- Installing: /home/pheonix/ros2_ws/install/service_msgs/share/service_msgs/cmake/export_service_msgs__rosidl_typesupport_fastrtps_cExport.cmake
[20.514s] -- Installing: /home/pheonix/ros2_ws/install/service_msgs/share/service_msgs/cmake/export_service_msgs__rosidl_typesupport_fastrtps_cExport-noconfig.cmake
[20.515s] -- Installing: /home/pheonix/ros2_ws/install/service_msgs/share/service_msgs/cmake/export_service_msgs__rosidl_generator_cppExport.cmake
[20.515s] -- Installing: /home/pheonix/ros2_ws/install/service_msgs/share/service_msgs/cmake/export_service_msgs__rosidl_typesupport_fastrtps_cppExport.cmake
[20.521s] -- Installing: /home/pheonix/ros2_ws/install/service_msgs/share/service_msgs/cmake/export_service_msgs__rosidl_typesupport_fastrtps_cppExport-noconfig.cmake
[20.521s] -- Installing: /home/pheonix/ros2_ws/install/service_msgs/share/service_msgs/cmake/service_msgs__rosidl_typesupport_introspection_cExport.cmake
[20.521s] -- Installing: /home/pheonix/ros2_ws/install/service_msgs/share/service_msgs/cmake/service_msgs__rosidl_typesupport_introspection_cExport-noconfig.cmake
[20.521s] -- Installing: /home/pheonix/ros2_ws/install/service_msgs/share/service_msgs/cmake/service_msgs__rosidl_typesupport_cExport.cmake
[20.521s] -- Installing: /home/pheonix/ros2_ws/install/service_msgs/share/service_msgs/cmake/service_msgs__rosidl_typesupport_cExport-noconfig.cmake
[20.521s] -- Installing: /home/pheonix/ros2_ws/install/service_msgs/share/service_msgs/cmake/service_msgs__rosidl_typesupport_introspection_cppExport.cmake
[20.521s] -- Installing: /home/pheonix/ros2_ws/install/service_msgs/share/service_msgs/cmake/service_msgs__rosidl_typesupport_introspection_cppExport-noconfig.cmake
[20.521s] -- Installing: /home/pheonix/ros2_ws/install/service_msgs/share/service_msgs/cmake/service_msgs__rosidl_typesupport_cppExport.cmake
[20.550s] -- Installing: /home/pheonix/ros2_ws/install/service_msgs/share/service_msgs/cmake/service_msgs__rosidl_typesupport_cppExport-noconfig.cmake
[20.550s] -- Installing: /home/pheonix/ros2_ws/install/service_msgs/share/service_msgs/cmake/export_service_msgs__rosidl_generator_pyExport.cmake
[20.550s] -- Installing: /home/pheonix/ros2_ws/install/service_msgs/share/service_msgs/cmake/export_service_msgs__rosidl_generator_pyExport-noconfig.cmake
[20.550s] -- Installing: /home/pheonix/ros2_ws/install/service_msgs/share/service_msgs/cmake/rosidl_cmake-extras.cmake
[20.550s] -- Installing: /home/pheonix/ros2_ws/install/service_msgs/share/service_msgs/cmake/ament_cmake_export_dependencies-extras.cmake
[20.551s] -- Installing: /home/pheonix/ros2_ws/install/service_msgs/share/service_msgs/cmake/ament_cmake_export_include_directories-extras.cmake
[20.551s] -- Installing: /home/pheonix/ros2_ws/install/service_msgs/share/service_msgs/cmake/ament_cmake_export_libraries-extras.cmake
[20.551s] -- Installing: /home/pheonix/ros2_ws/install/service_msgs/share/service_msgs/cmake/ament_cmake_export_targets-extras.cmake
[20.551s] -- Installing: /home/pheonix/ros2_ws/install/service_msgs/share/service_msgs/cmake/rosidl_cmake_export_typesupport_targets-extras.cmake
[20.551s] -- Installing: /home/pheonix/ros2_ws/install/service_msgs/share/service_msgs/cmake/rosidl_cmake_export_typesupport_libraries-extras.cmake
[20.551s] -- Installing: /home/pheonix/ros2_ws/install/service_msgs/share/service_msgs/cmake/service_msgsConfig.cmake
[20.551s] -- Installing: /home/pheonix/ros2_ws/install/service_msgs/share/service_msgs/cmake/service_msgsConfig-version.cmake
[20.551s] -- Installing: /home/pheonix/ros2_ws/install/service_msgs/share/service_msgs/package.xml
[20.551s] Invoked command in '/home/pheonix/ros2_ws/build/service_msgs' returned '0': CMAKE_PREFIX_PATH=${CMAKE_PREFIX_PATH}:/opt/ros/jazzy DEBUGINFOD_URLS=https://debuginfod.ubuntu.com /usr/bin/cmake --install /home/pheonix/ros2_ws/build/service_msgs
