[0.021s] Invoking command in '/home/pheonix/ros2_ws/build/statistics_msgs': CMAKE_PREFIX_PATH=${CMAKE_PREFIX_PATH}:/opt/ros/jazzy DEBUGINFOD_URLS=https://debuginfod.ubuntu.com /usr/bin/cmake --build /home/pheonix/ros2_ws/build/statistics_msgs -- -j2 -l2
[0.186s] [  1%] Built target statistics_msgs__rosidl_generator_type_description
[0.244s] [  1%] Built target ament_cmake_python_copy_statistics_msgs
[0.283s] [  3%] Built target statistics_msgs__cpp
[0.320s] [ 24%] Built target statistics_msgs__rosidl_generator_c
[0.502s] running egg_info
[0.521s] writing statistics_msgs.egg-info/PKG-INFO
[0.521s] writing dependency_links to statistics_msgs.egg-info/dependency_links.txt
[0.523s] writing top-level names to statistics_msgs.egg-info/top_level.txt
[0.556s] reading manifest file 'statistics_msgs.egg-info/SOURCES.txt'
[0.557s] writing manifest file 'statistics_msgs.egg-info/SOURCES.txt'
[0.591s] [ 24%] Built target ament_cmake_python_build_statistics_msgs_egg
[0.626s] [ 33%] Built target statistics_msgs__rosidl_typesupport_cpp
[0.704s] [ 42%] Built target statistics_msgs__rosidl_typesupport_fastrtps_c
[0.827s] [ 51%] Built target statistics_msgs__rosidl_typesupport_fastrtps_cpp
[0.864s] [ 61%] Built target statistics_msgs__rosidl_typesupport_introspection_c
[0.932s] [ 70%] Built target statistics_msgs__rosidl_typesupport_c
[1.006s] [ 79%] Built target statistics_msgs__rosidl_typesupport_introspection_cpp
[1.063s] [ 79%] Built target statistics_msgs
[1.114s] [ 81%] Built target statistics_msgs__py
[1.190s] [ 88%] Built target statistics_msgs__rosidl_generator_py
[1.267s] [ 92%] Built target statistics_msgs_s__rosidl_typesupport_fastrtps_c
[1.331s] [ 96%] Built target statistics_msgs_s__rosidl_typesupport_introspection_c
[1.377s] [100%] Built target statistics_msgs_s__rosidl_typesupport_c
[1.391s] Invoked command in '/home/pheonix/ros2_ws/build/statistics_msgs' returned '0': CMAKE_PREFIX_PATH=${CMAKE_PREFIX_PATH}:/opt/ros/jazzy DEBUGINFOD_URLS=https://debuginfod.ubuntu.com /usr/bin/cmake --build /home/pheonix/ros2_ws/build/statistics_msgs -- -j2 -l2
[1.899s] Invoking command in '/home/pheonix/ros2_ws/build/statistics_msgs': CMAKE_PREFIX_PATH=${CMAKE_PREFIX_PATH}:/opt/ros/jazzy DEBUGINFOD_URLS=https://debuginfod.ubuntu.com /usr/bin/cmake --install /home/pheonix/ros2_ws/build/statistics_msgs
[1.908s] -- Install configuration: ""
[1.909s] -- Up-to-date: /home/pheonix/ros2_ws/install/statistics_msgs/share/ament_index/resource_index/rosidl_interfaces/statistics_msgs
[1.909s] -- Up-to-date: /home/pheonix/ros2_ws/install/statistics_msgs/share/statistics_msgs/msg/MetricsMessage.json
[1.909s] -- Up-to-date: /home/pheonix/ros2_ws/install/statistics_msgs/share/statistics_msgs/msg/StatisticDataPoint.json
[1.909s] -- Up-to-date: /home/pheonix/ros2_ws/install/statistics_msgs/share/statistics_msgs/msg/StatisticDataType.json
[1.911s] -- Up-to-date: /home/pheonix/ros2_ws/install/statistics_msgs/include/statistics_msgs/statistics_msgs
[1.913s] -- Up-to-date: /home/pheonix/ros2_ws/install/statistics_msgs/include/statistics_msgs/statistics_msgs/msg
[1.930s] -- Up-to-date: /home/pheonix/ros2_ws/install/statistics_msgs/include/statistics_msgs/statistics_msgs/msg/statistic_data_point.h
[1.930s] -- Up-to-date: /home/pheonix/ros2_ws/install/statistics_msgs/include/statistics_msgs/statistics_msgs/msg/statistic_data_type.h
[1.930s] -- Up-to-date: /home/pheonix/ros2_ws/install/statistics_msgs/include/statistics_msgs/statistics_msgs/msg/rosidl_generator_c__visibility_control.h
[1.930s] -- Up-to-date: /home/pheonix/ros2_ws/install/statistics_msgs/include/statistics_msgs/statistics_msgs/msg/detail
[1.930s] -- Up-to-date: /home/pheonix/ros2_ws/install/statistics_msgs/include/statistics_msgs/statistics_msgs/msg/detail/statistic_data_point__type_support.h
[1.930s] -- Up-to-date: /home/pheonix/ros2_ws/install/statistics_msgs/include/statistics_msgs/statistics_msgs/msg/detail/metrics_message__struct.h
[1.930s] -- Up-to-date: /home/pheonix/ros2_ws/install/statistics_msgs/include/statistics_msgs/statistics_msgs/msg/detail/metrics_message__functions.h
[1.930s] -- Up-to-date: /home/pheonix/ros2_ws/install/statistics_msgs/include/statistics_msgs/statistics_msgs/msg/detail/statistic_data_point__functions.h
[1.930s] -- Up-to-date: /home/pheonix/ros2_ws/install/statistics_msgs/include/statistics_msgs/statistics_msgs/msg/detail/statistic_data_type__description.c
[1.930s] -- Up-to-date: /home/pheonix/ros2_ws/install/statistics_msgs/include/statistics_msgs/statistics_msgs/msg/detail/statistic_data_point__functions.c
[1.930s] -- Up-to-date: /home/pheonix/ros2_ws/install/statistics_msgs/include/statistics_msgs/statistics_msgs/msg/detail/statistic_data_type__functions.h
[1.930s] -- Up-to-date: /home/pheonix/ros2_ws/install/statistics_msgs/include/statistics_msgs/statistics_msgs/msg/detail/statistic_data_type__type_support.h
[1.930s] -- Installing: /home/pheonix/ros2_ws/install/statistics_msgs/include/statistics_msgs/statistics_msgs/msg/detail/statistic_data_type__type_support.c
[1.930s] -- Up-to-date: /home/pheonix/ros2_ws/install/statistics_msgs/include/statistics_msgs/statistics_msgs/msg/detail/metrics_message__functions.c
[1.930s] -- Up-to-date: /home/pheonix/ros2_ws/install/statistics_msgs/include/statistics_msgs/statistics_msgs/msg/detail/metrics_message__type_support.h
[1.930s] -- Up-to-date: /home/pheonix/ros2_ws/install/statistics_msgs/include/statistics_msgs/statistics_msgs/msg/detail/metrics_message__description.c
[1.930s] -- Installing: /home/pheonix/ros2_ws/install/statistics_msgs/include/statistics_msgs/statistics_msgs/msg/detail/statistic_data_point__type_support.c
[1.930s] -- Up-to-date: /home/pheonix/ros2_ws/install/statistics_msgs/include/statistics_msgs/statistics_msgs/msg/detail/statistic_data_type__struct.h
[1.930s] -- Up-to-date: /home/pheonix/ros2_ws/install/statistics_msgs/include/statistics_msgs/statistics_msgs/msg/detail/statistic_data_point__description.c
[1.930s] -- Up-to-date: /home/pheonix/ros2_ws/install/statistics_msgs/include/statistics_msgs/statistics_msgs/msg/detail/statistic_data_point__struct.h
[1.930s] -- Installing: /home/pheonix/ros2_ws/install/statistics_msgs/include/statistics_msgs/statistics_msgs/msg/detail/metrics_message__type_support.c
[1.930s] -- Up-to-date: /home/pheonix/ros2_ws/install/statistics_msgs/include/statistics_msgs/statistics_msgs/msg/detail/statistic_data_type__functions.c
[1.930s] -- Up-to-date: /home/pheonix/ros2_ws/install/statistics_msgs/include/statistics_msgs/statistics_msgs/msg/metrics_message.h
[1.930s] -- Up-to-date: /home/pheonix/ros2_ws/install/statistics_msgs/share/statistics_msgs/environment/library_path.sh
[1.930s] -- Up-to-date: /home/pheonix/ros2_ws/install/statistics_msgs/share/statistics_msgs/environment/library_path.dsv
[1.930s] -- Up-to-date: /home/pheonix/ros2_ws/install/statistics_msgs/lib/libstatistics_msgs__rosidl_generator_c.so
[1.930s] -- Up-to-date: /home/pheonix/ros2_ws/install/statistics_msgs/include/statistics_msgs/statistics_msgs
[1.930s] -- Up-to-date: /home/pheonix/ros2_ws/install/statistics_msgs/include/statistics_msgs/statistics_msgs/msg
[1.930s] -- Up-to-date: /home/pheonix/ros2_ws/install/statistics_msgs/include/statistics_msgs/statistics_msgs/msg/rosidl_typesupport_fastrtps_c__visibility_control.h
[1.930s] -- Up-to-date: /home/pheonix/ros2_ws/install/statistics_msgs/include/statistics_msgs/statistics_msgs/msg/detail
[1.930s] -- Up-to-date: /home/pheonix/ros2_ws/install/statistics_msgs/include/statistics_msgs/statistics_msgs/msg/detail/metrics_message__rosidl_typesupport_fastrtps_c.h
[1.930s] -- Up-to-date: /home/pheonix/ros2_ws/install/statistics_msgs/include/statistics_msgs/statistics_msgs/msg/detail/statistic_data_point__rosidl_typesupport_fastrtps_c.h
[1.931s] -- Up-to-date: /home/pheonix/ros2_ws/install/statistics_msgs/include/statistics_msgs/statistics_msgs/msg/detail/statistic_data_type__rosidl_typesupport_fastrtps_c.h
[1.931s] -- Up-to-date: /home/pheonix/ros2_ws/install/statistics_msgs/lib/libstatistics_msgs__rosidl_typesupport_fastrtps_c.so
[1.931s] -- Up-to-date: /home/pheonix/ros2_ws/install/statistics_msgs/include/statistics_msgs/statistics_msgs
[1.931s] -- Up-to-date: /home/pheonix/ros2_ws/install/statistics_msgs/include/statistics_msgs/statistics_msgs/msg
[1.931s] -- Up-to-date: /home/pheonix/ros2_ws/install/statistics_msgs/include/statistics_msgs/statistics_msgs/msg/statistic_data_point.hpp
[1.931s] -- Up-to-date: /home/pheonix/ros2_ws/install/statistics_msgs/include/statistics_msgs/statistics_msgs/msg/rosidl_generator_cpp__visibility_control.hpp
[1.931s] -- Up-to-date: /home/pheonix/ros2_ws/install/statistics_msgs/include/statistics_msgs/statistics_msgs/msg/metrics_message.hpp
[1.931s] -- Up-to-date: /home/pheonix/ros2_ws/install/statistics_msgs/include/statistics_msgs/statistics_msgs/msg/detail
[1.931s] -- Up-to-date: /home/pheonix/ros2_ws/install/statistics_msgs/include/statistics_msgs/statistics_msgs/msg/detail/statistic_data_type__builder.hpp
[1.931s] -- Up-to-date: /home/pheonix/ros2_ws/install/statistics_msgs/include/statistics_msgs/statistics_msgs/msg/detail/statistic_data_type__struct.hpp
[1.931s] -- Up-to-date: /home/pheonix/ros2_ws/install/statistics_msgs/include/statistics_msgs/statistics_msgs/msg/detail/metrics_message__traits.hpp
[1.931s] -- Up-to-date: /home/pheonix/ros2_ws/install/statistics_msgs/include/statistics_msgs/statistics_msgs/msg/detail/statistic_data_type__type_support.hpp
[1.931s] -- Up-to-date: /home/pheonix/ros2_ws/install/statistics_msgs/include/statistics_msgs/statistics_msgs/msg/detail/statistic_data_point__builder.hpp
[1.931s] -- Up-to-date: /home/pheonix/ros2_ws/install/statistics_msgs/include/statistics_msgs/statistics_msgs/msg/detail/metrics_message__struct.hpp
[1.931s] -- Up-to-date: /home/pheonix/ros2_ws/install/statistics_msgs/include/statistics_msgs/statistics_msgs/msg/detail/statistic_data_point__struct.hpp
[1.931s] -- Up-to-date: /home/pheonix/ros2_ws/install/statistics_msgs/include/statistics_msgs/statistics_msgs/msg/detail/statistic_data_point__traits.hpp
[1.931s] -- Up-to-date: /home/pheonix/ros2_ws/install/statistics_msgs/include/statistics_msgs/statistics_msgs/msg/detail/metrics_message__builder.hpp
[1.931s] -- Up-to-date: /home/pheonix/ros2_ws/install/statistics_msgs/include/statistics_msgs/statistics_msgs/msg/detail/statistic_data_type__traits.hpp
[1.931s] -- Up-to-date: /home/pheonix/ros2_ws/install/statistics_msgs/include/statistics_msgs/statistics_msgs/msg/detail/metrics_message__type_support.hpp
[1.931s] -- Up-to-date: /home/pheonix/ros2_ws/install/statistics_msgs/include/statistics_msgs/statistics_msgs/msg/detail/statistic_data_point__type_support.hpp
[1.931s] -- Up-to-date: /home/pheonix/ros2_ws/install/statistics_msgs/include/statistics_msgs/statistics_msgs/msg/statistic_data_type.hpp
[1.931s] -- Up-to-date: /home/pheonix/ros2_ws/install/statistics_msgs/include/statistics_msgs/statistics_msgs
[1.931s] -- Up-to-date: /home/pheonix/ros2_ws/install/statistics_msgs/include/statistics_msgs/statistics_msgs/msg
[1.931s] -- Up-to-date: /home/pheonix/ros2_ws/install/statistics_msgs/include/statistics_msgs/statistics_msgs/msg/detail
[1.931s] -- Up-to-date: /home/pheonix/ros2_ws/install/statistics_msgs/include/statistics_msgs/statistics_msgs/msg/detail/dds_fastrtps
[1.931s] -- Up-to-date: /home/pheonix/ros2_ws/install/statistics_msgs/include/statistics_msgs/statistics_msgs/msg/detail/statistic_data_point__rosidl_typesupport_fastrtps_cpp.hpp
[1.931s] -- Up-to-date: /home/pheonix/ros2_ws/install/statistics_msgs/include/statistics_msgs/statistics_msgs/msg/detail/statistic_data_type__rosidl_typesupport_fastrtps_cpp.hpp
[1.931s] -- Up-to-date: /home/pheonix/ros2_ws/install/statistics_msgs/include/statistics_msgs/statistics_msgs/msg/detail/metrics_message__rosidl_typesupport_fastrtps_cpp.hpp
[1.931s] -- Up-to-date: /home/pheonix/ros2_ws/install/statistics_msgs/include/statistics_msgs/statistics_msgs/msg/rosidl_typesupport_fastrtps_cpp__visibility_control.h
[1.931s] -- Up-to-date: /home/pheonix/ros2_ws/install/statistics_msgs/lib/libstatistics_msgs__rosidl_typesupport_fastrtps_cpp.so
[1.931s] -- Up-to-date: /home/pheonix/ros2_ws/install/statistics_msgs/include/statistics_msgs/statistics_msgs
[1.931s] -- Up-to-date: /home/pheonix/ros2_ws/install/statistics_msgs/include/statistics_msgs/statistics_msgs/msg
[1.931s] -- Up-to-date: /home/pheonix/ros2_ws/install/statistics_msgs/include/statistics_msgs/statistics_msgs/msg/detail
[1.931s] -- Installing: /home/pheonix/ros2_ws/install/statistics_msgs/include/statistics_msgs/statistics_msgs/msg/detail/statistic_data_type__type_support.c
[1.931s] -- Up-to-date: /home/pheonix/ros2_ws/install/statistics_msgs/include/statistics_msgs/statistics_msgs/msg/detail/statistic_data_type__rosidl_typesupport_introspection_c.h
[1.931s] -- Up-to-date: /home/pheonix/ros2_ws/install/statistics_msgs/include/statistics_msgs/statistics_msgs/msg/detail/statistic_data_point__rosidl_typesupport_introspection_c.h
[1.931s] -- Installing: /home/pheonix/ros2_ws/install/statistics_msgs/include/statistics_msgs/statistics_msgs/msg/detail/statistic_data_point__type_support.c
[1.931s] -- Installing: /home/pheonix/ros2_ws/install/statistics_msgs/include/statistics_msgs/statistics_msgs/msg/detail/metrics_message__type_support.c
[1.931s] -- Up-to-date: /home/pheonix/ros2_ws/install/statistics_msgs/include/statistics_msgs/statistics_msgs/msg/detail/metrics_message__rosidl_typesupport_introspection_c.h
[1.931s] -- Up-to-date: /home/pheonix/ros2_ws/install/statistics_msgs/include/statistics_msgs/statistics_msgs/msg/rosidl_typesupport_introspection_c__visibility_control.h
[1.931s] -- Up-to-date: /home/pheonix/ros2_ws/install/statistics_msgs/lib/libstatistics_msgs__rosidl_typesupport_introspection_c.so
[1.931s] -- Up-to-date: /home/pheonix/ros2_ws/install/statistics_msgs/lib/libstatistics_msgs__rosidl_typesupport_c.so
[1.932s] -- Up-to-date: /home/pheonix/ros2_ws/install/statistics_msgs/include/statistics_msgs/statistics_msgs
[1.932s] -- Up-to-date: /home/pheonix/ros2_ws/install/statistics_msgs/include/statistics_msgs/statistics_msgs/msg
[1.932s] -- Up-to-date: /home/pheonix/ros2_ws/install/statistics_msgs/include/statistics_msgs/statistics_msgs/msg/detail
[1.932s] -- Up-to-date: /home/pheonix/ros2_ws/install/statistics_msgs/include/statistics_msgs/statistics_msgs/msg/detail/statistic_data_type__rosidl_typesupport_introspection_cpp.hpp
[1.932s] -- Up-to-date: /home/pheonix/ros2_ws/install/statistics_msgs/include/statistics_msgs/statistics_msgs/msg/detail/statistic_data_point__type_support.cpp
[1.932s] -- Up-to-date: /home/pheonix/ros2_ws/install/statistics_msgs/include/statistics_msgs/statistics_msgs/msg/detail/metrics_message__rosidl_typesupport_introspection_cpp.hpp
[1.932s] -- Up-to-date: /home/pheonix/ros2_ws/install/statistics_msgs/include/statistics_msgs/statistics_msgs/msg/detail/statistic_data_point__rosidl_typesupport_introspection_cpp.hpp
[1.932s] -- Up-to-date: /home/pheonix/ros2_ws/install/statistics_msgs/include/statistics_msgs/statistics_msgs/msg/detail/metrics_message__type_support.cpp
[1.932s] -- Up-to-date: /home/pheonix/ros2_ws/install/statistics_msgs/include/statistics_msgs/statistics_msgs/msg/detail/statistic_data_type__type_support.cpp
[1.932s] -- Up-to-date: /home/pheonix/ros2_ws/install/statistics_msgs/lib/libstatistics_msgs__rosidl_typesupport_introspection_cpp.so
[1.932s] -- Up-to-date: /home/pheonix/ros2_ws/install/statistics_msgs/lib/libstatistics_msgs__rosidl_typesupport_cpp.so
[1.932s] -- Up-to-date: /home/pheonix/ros2_ws/install/statistics_msgs/share/statistics_msgs/environment/pythonpath.sh
[1.932s] -- Up-to-date: /home/pheonix/ros2_ws/install/statistics_msgs/share/statistics_msgs/environment/pythonpath.dsv
[1.932s] -- Up-to-date: /home/pheonix/ros2_ws/install/statistics_msgs/lib/python3.12/site-packages/statistics_msgs-2.2.0-py3.12.egg-info
[1.932s] -- Installing: /home/pheonix/ros2_ws/install/statistics_msgs/lib/python3.12/site-packages/statistics_msgs-2.2.0-py3.12.egg-info/SOURCES.txt
[1.932s] -- Installing: /home/pheonix/ros2_ws/install/statistics_msgs/lib/python3.12/site-packages/statistics_msgs-2.2.0-py3.12.egg-info/dependency_links.txt
[1.932s] -- Installing: /home/pheonix/ros2_ws/install/statistics_msgs/lib/python3.12/site-packages/statistics_msgs-2.2.0-py3.12.egg-info/PKG-INFO
[1.932s] -- Installing: /home/pheonix/ros2_ws/install/statistics_msgs/lib/python3.12/site-packages/statistics_msgs-2.2.0-py3.12.egg-info/top_level.txt
[1.932s] -- Up-to-date: /home/pheonix/ros2_ws/install/statistics_msgs/lib/python3.12/site-packages/statistics_msgs
[1.932s] -- Up-to-date: /home/pheonix/ros2_ws/install/statistics_msgs/lib/python3.12/site-packages/statistics_msgs/statistics_msgs_s__rosidl_typesupport_fastrtps_c.so
[1.932s] -- Up-to-date: /home/pheonix/ros2_ws/install/statistics_msgs/lib/python3.12/site-packages/statistics_msgs/statistics_msgs_s__rosidl_typesupport_introspection_c.so
[1.932s] -- Up-to-date: /home/pheonix/ros2_ws/install/statistics_msgs/lib/python3.12/site-packages/statistics_msgs/statistics_msgs_s__rosidl_typesupport_c.so
[1.932s] -- Up-to-date: /home/pheonix/ros2_ws/install/statistics_msgs/lib/python3.12/site-packages/statistics_msgs/_statistics_msgs_s.ep.rosidl_typesupport_c.c
[1.932s] -- Up-to-date: /home/pheonix/ros2_ws/install/statistics_msgs/lib/python3.12/site-packages/statistics_msgs/msg
[1.932s] -- Up-to-date: /home/pheonix/ros2_ws/install/statistics_msgs/lib/python3.12/site-packages/statistics_msgs/msg/_statistic_data_type.py
[1.932s] -- Up-to-date: /home/pheonix/ros2_ws/install/statistics_msgs/lib/python3.12/site-packages/statistics_msgs/msg/_statistic_data_point.py
[1.932s] -- Up-to-date: /home/pheonix/ros2_ws/install/statistics_msgs/lib/python3.12/site-packages/statistics_msgs/msg/_metrics_message_s.c
[1.932s] -- Up-to-date: /home/pheonix/ros2_ws/install/statistics_msgs/lib/python3.12/site-packages/statistics_msgs/msg/_metrics_message.py
[1.932s] -- Up-to-date: /home/pheonix/ros2_ws/install/statistics_msgs/lib/python3.12/site-packages/statistics_msgs/msg/_statistic_data_type_s.c
[1.932s] -- Up-to-date: /home/pheonix/ros2_ws/install/statistics_msgs/lib/python3.12/site-packages/statistics_msgs/msg/__init__.py
[1.932s] -- Up-to-date: /home/pheonix/ros2_ws/install/statistics_msgs/lib/python3.12/site-packages/statistics_msgs/msg/_statistic_data_point_s.c
[1.932s] -- Up-to-date: /home/pheonix/ros2_ws/install/statistics_msgs/lib/python3.12/site-packages/statistics_msgs/__init__.py
[1.932s] -- Up-to-date: /home/pheonix/ros2_ws/install/statistics_msgs/lib/python3.12/site-packages/statistics_msgs/_statistics_msgs_s.ep.rosidl_typesupport_introspection_c.c
[1.932s] -- Up-to-date: /home/pheonix/ros2_ws/install/statistics_msgs/lib/python3.12/site-packages/statistics_msgs/_statistics_msgs_s.ep.rosidl_typesupport_fastrtps_c.c
[1.952s] Listing '/home/pheonix/ros2_ws/install/statistics_msgs/lib/python3.12/site-packages/statistics_msgs'...
[1.952s] Listing '/home/pheonix/ros2_ws/install/statistics_msgs/lib/python3.12/site-packages/statistics_msgs/msg'...
[1.961s] -- Up-to-date: /home/pheonix/ros2_ws/install/statistics_msgs/lib/python3.12/site-packages/statistics_msgs/statistics_msgs_s__rosidl_typesupport_fastrtps_c.so
[1.972s] -- Up-to-date: /home/pheonix/ros2_ws/install/statistics_msgs/lib/python3.12/site-packages/statistics_msgs/statistics_msgs_s__rosidl_typesupport_introspection_c.so
[1.972s] -- Up-to-date: /home/pheonix/ros2_ws/install/statistics_msgs/lib/python3.12/site-packages/statistics_msgs/statistics_msgs_s__rosidl_typesupport_c.so
[1.972s] -- Up-to-date: /home/pheonix/ros2_ws/install/statistics_msgs/lib/libstatistics_msgs__rosidl_generator_py.so
[1.972s] -- Up-to-date: /home/pheonix/ros2_ws/install/statistics_msgs/share/statistics_msgs/msg/MetricsMessage.idl
[1.972s] -- Up-to-date: /home/pheonix/ros2_ws/install/statistics_msgs/share/statistics_msgs/msg/StatisticDataPoint.idl
[1.972s] -- Up-to-date: /home/pheonix/ros2_ws/install/statistics_msgs/share/statistics_msgs/msg/StatisticDataType.idl
[1.972s] -- Up-to-date: /home/pheonix/ros2_ws/install/statistics_msgs/share/statistics_msgs/msg/MetricsMessage.msg
[1.972s] -- Up-to-date: /home/pheonix/ros2_ws/install/statistics_msgs/share/statistics_msgs/msg/StatisticDataPoint.msg
[1.972s] -- Up-to-date: /home/pheonix/ros2_ws/install/statistics_msgs/share/statistics_msgs/msg/StatisticDataType.msg
[1.972s] -- Up-to-date: /home/pheonix/ros2_ws/install/statistics_msgs/share/ament_index/resource_index/package_run_dependencies/statistics_msgs
[1.972s] -- Up-to-date: /home/pheonix/ros2_ws/install/statistics_msgs/share/ament_index/resource_index/parent_prefix_path/statistics_msgs
[1.972s] -- Up-to-date: /home/pheonix/ros2_ws/install/statistics_msgs/share/statistics_msgs/environment/ament_prefix_path.sh
[1.973s] -- Up-to-date: /home/pheonix/ros2_ws/install/statistics_msgs/share/statistics_msgs/environment/ament_prefix_path.dsv
[1.973s] -- Up-to-date: /home/pheonix/ros2_ws/install/statistics_msgs/share/statistics_msgs/environment/path.sh
[1.973s] -- Up-to-date: /home/pheonix/ros2_ws/install/statistics_msgs/share/statistics_msgs/environment/path.dsv
[1.974s] -- Up-to-date: /home/pheonix/ros2_ws/install/statistics_msgs/share/statistics_msgs/local_setup.bash
[1.974s] -- Up-to-date: /home/pheonix/ros2_ws/install/statistics_msgs/share/statistics_msgs/local_setup.sh
[1.974s] -- Up-to-date: /home/pheonix/ros2_ws/install/statistics_msgs/share/statistics_msgs/local_setup.zsh
[1.974s] -- Up-to-date: /home/pheonix/ros2_ws/install/statistics_msgs/share/statistics_msgs/local_setup.dsv
[1.974s] -- Installing: /home/pheonix/ros2_ws/install/statistics_msgs/share/statistics_msgs/package.dsv
[1.974s] -- Up-to-date: /home/pheonix/ros2_ws/install/statistics_msgs/share/ament_index/resource_index/packages/statistics_msgs
[1.974s] -- Up-to-date: /home/pheonix/ros2_ws/install/statistics_msgs/share/statistics_msgs/cmake/export_statistics_msgs__rosidl_generator_cExport.cmake
[1.974s] -- Up-to-date: /home/pheonix/ros2_ws/install/statistics_msgs/share/statistics_msgs/cmake/export_statistics_msgs__rosidl_generator_cExport-noconfig.cmake
[1.974s] -- Up-to-date: /home/pheonix/ros2_ws/install/statistics_msgs/share/statistics_msgs/cmake/export_statistics_msgs__rosidl_typesupport_fastrtps_cExport.cmake
[1.974s] -- Up-to-date: /home/pheonix/ros2_ws/install/statistics_msgs/share/statistics_msgs/cmake/export_statistics_msgs__rosidl_typesupport_fastrtps_cExport-noconfig.cmake
[1.974s] -- Up-to-date: /home/pheonix/ros2_ws/install/statistics_msgs/share/statistics_msgs/cmake/export_statistics_msgs__rosidl_generator_cppExport.cmake
[1.974s] -- Up-to-date: /home/pheonix/ros2_ws/install/statistics_msgs/share/statistics_msgs/cmake/export_statistics_msgs__rosidl_typesupport_fastrtps_cppExport.cmake
[1.974s] -- Up-to-date: /home/pheonix/ros2_ws/install/statistics_msgs/share/statistics_msgs/cmake/export_statistics_msgs__rosidl_typesupport_fastrtps_cppExport-noconfig.cmake
[1.974s] -- Up-to-date: /home/pheonix/ros2_ws/install/statistics_msgs/share/statistics_msgs/cmake/statistics_msgs__rosidl_typesupport_introspection_cExport.cmake
[1.974s] -- Up-to-date: /home/pheonix/ros2_ws/install/statistics_msgs/share/statistics_msgs/cmake/statistics_msgs__rosidl_typesupport_introspection_cExport-noconfig.cmake
[1.974s] -- Up-to-date: /home/pheonix/ros2_ws/install/statistics_msgs/share/statistics_msgs/cmake/statistics_msgs__rosidl_typesupport_cExport.cmake
[1.974s] -- Up-to-date: /home/pheonix/ros2_ws/install/statistics_msgs/share/statistics_msgs/cmake/statistics_msgs__rosidl_typesupport_cExport-noconfig.cmake
[1.974s] -- Up-to-date: /home/pheonix/ros2_ws/install/statistics_msgs/share/statistics_msgs/cmake/statistics_msgs__rosidl_typesupport_introspection_cppExport.cmake
[1.978s] -- Up-to-date: /home/pheonix/ros2_ws/install/statistics_msgs/share/statistics_msgs/cmake/statistics_msgs__rosidl_typesupport_introspection_cppExport-noconfig.cmake
[1.984s] -- Up-to-date: /home/pheonix/ros2_ws/install/statistics_msgs/share/statistics_msgs/cmake/statistics_msgs__rosidl_typesupport_cppExport.cmake
[1.984s] -- Up-to-date: /home/pheonix/ros2_ws/install/statistics_msgs/share/statistics_msgs/cmake/statistics_msgs__rosidl_typesupport_cppExport-noconfig.cmake
[1.984s] -- Up-to-date: /home/pheonix/ros2_ws/install/statistics_msgs/share/statistics_msgs/cmake/export_statistics_msgs__rosidl_generator_pyExport.cmake
[1.984s] -- Up-to-date: /home/pheonix/ros2_ws/install/statistics_msgs/share/statistics_msgs/cmake/export_statistics_msgs__rosidl_generator_pyExport-noconfig.cmake
[1.984s] -- Up-to-date: /home/pheonix/ros2_ws/install/statistics_msgs/share/statistics_msgs/cmake/rosidl_cmake-extras.cmake
[1.984s] -- Up-to-date: /home/pheonix/ros2_ws/install/statistics_msgs/share/statistics_msgs/cmake/ament_cmake_export_dependencies-extras.cmake
[1.984s] -- Up-to-date: /home/pheonix/ros2_ws/install/statistics_msgs/share/statistics_msgs/cmake/ament_cmake_export_include_directories-extras.cmake
[1.984s] -- Up-to-date: /home/pheonix/ros2_ws/install/statistics_msgs/share/statistics_msgs/cmake/ament_cmake_export_libraries-extras.cmake
[1.984s] -- Up-to-date: /home/pheonix/ros2_ws/install/statistics_msgs/share/statistics_msgs/cmake/ament_cmake_export_targets-extras.cmake
[1.984s] -- Up-to-date: /home/pheonix/ros2_ws/install/statistics_msgs/share/statistics_msgs/cmake/rosidl_cmake_export_typesupport_targets-extras.cmake
[1.984s] -- Up-to-date: /home/pheonix/ros2_ws/install/statistics_msgs/share/statistics_msgs/cmake/rosidl_cmake_export_typesupport_libraries-extras.cmake
[1.984s] -- Up-to-date: /home/pheonix/ros2_ws/install/statistics_msgs/share/statistics_msgs/cmake/statistics_msgsConfig.cmake
[1.984s] -- Up-to-date: /home/pheonix/ros2_ws/install/statistics_msgs/share/statistics_msgs/cmake/statistics_msgsConfig-version.cmake
[1.984s] -- Up-to-date: /home/pheonix/ros2_ws/install/statistics_msgs/share/statistics_msgs/package.xml
[1.987s] Invoked command in '/home/pheonix/ros2_ws/build/statistics_msgs' returned '0': CMAKE_PREFIX_PATH=${CMAKE_PREFIX_PATH}:/opt/ros/jazzy DEBUGINFOD_URLS=https://debuginfod.ubuntu.com /usr/bin/cmake --install /home/pheonix/ros2_ws/build/statistics_msgs
