[0.035s] Invoking command in '/home/pheonix/ros2_ws/build/lifecycle_msgs': CMAKE_PREFIX_PATH=${CMAKE_PREFIX_PATH}:/opt/ros/jazzy DEBUGINFOD_URLS=https://debuginfod.ubuntu.com /usr/bin/cmake --build /home/pheonix/ros2_ws/build/lifecycle_msgs -- -j2 -l2
[0.161s] [  1%] Built target lifecycle_msgs__rosidl_generator_type_description
[0.232s] [  1%] Built target ament_cmake_python_copy_lifecycle_msgs
[0.304s] [  1%] Built target lifecycle_msgs__cpp
[0.456s] [ 26%] Built target lifecycle_msgs__rosidl_generator_c
[0.739s] running egg_info
[0.772s] writing lifecycle_msgs.egg-info/PKG-INFO
[0.773s] writing dependency_links to lifecycle_msgs.egg-info/dependency_links.txt
[0.773s] writing top-level names to lifecycle_msgs.egg-info/top_level.txt
[0.915s] reading manifest file 'lifecycle_msgs.egg-info/SOURCES.txt'
[0.920s] writing manifest file 'lifecycle_msgs.egg-info/SOURCES.txt'
[0.960s] [ 26%] Built target ament_cmake_python_build_lifecycle_msgs_egg
[1.073s] [ 35%] Built target lifecycle_msgs__rosidl_typesupport_cpp
[1.192s] [ 45%] Built target lifecycle_msgs__rosidl_typesupport_fastrtps_c
[1.278s] [ 54%] Built target lifecycle_msgs__rosidl_typesupport_introspection_c
[1.373s] [ 64%] Built target lifecycle_msgs__rosidl_typesupport_c
[1.457s] [ 74%] Built target lifecycle_msgs__rosidl_typesupport_fastrtps_cpp
[1.532s] [ 84%] Built target lifecycle_msgs__rosidl_typesupport_introspection_cpp
[1.593s] [ 84%] Built target lifecycle_msgs
[1.658s] [ 85%] Built target lifecycle_msgs__py
[1.798s] [ 94%] Built target lifecycle_msgs__rosidl_generator_py
[1.931s] [ 96%] Built target lifecycle_msgs_s__rosidl_typesupport_fastrtps_c
[2.032s] [ 98%] Built target lifecycle_msgs_s__rosidl_typesupport_introspection_c
[2.126s] [100%] Built target lifecycle_msgs_s__rosidl_typesupport_c
[2.182s] Invoked command in '/home/pheonix/ros2_ws/build/lifecycle_msgs' returned '0': CMAKE_PREFIX_PATH=${CMAKE_PREFIX_PATH}:/opt/ros/jazzy DEBUGINFOD_URLS=https://debuginfod.ubuntu.com /usr/bin/cmake --build /home/pheonix/ros2_ws/build/lifecycle_msgs -- -j2 -l2
[4.082s] Invoking command in '/home/pheonix/ros2_ws/build/lifecycle_msgs': CMAKE_PREFIX_PATH=${CMAKE_PREFIX_PATH}:/opt/ros/jazzy DEBUGINFOD_URLS=https://debuginfod.ubuntu.com /usr/bin/cmake --install /home/pheonix/ros2_ws/build/lifecycle_msgs
[4.137s] -- Install configuration: ""
[4.137s] -- Up-to-date: /home/pheonix/ros2_ws/install/lifecycle_msgs/share/ament_index/resource_index/rosidl_interfaces/lifecycle_msgs
[4.137s] -- Up-to-date: /home/pheonix/ros2_ws/install/lifecycle_msgs/share/lifecycle_msgs/msg/State.json
[4.137s] -- Up-to-date: /home/pheonix/ros2_ws/install/lifecycle_msgs/share/lifecycle_msgs/msg/Transition.json
[4.138s] -- Up-to-date: /home/pheonix/ros2_ws/install/lifecycle_msgs/share/lifecycle_msgs/msg/TransitionDescription.json
[4.138s] -- Up-to-date: /home/pheonix/ros2_ws/install/lifecycle_msgs/share/lifecycle_msgs/msg/TransitionEvent.json
[4.138s] -- Up-to-date: /home/pheonix/ros2_ws/install/lifecycle_msgs/share/lifecycle_msgs/srv/ChangeState.json
[4.138s] -- Up-to-date: /home/pheonix/ros2_ws/install/lifecycle_msgs/share/lifecycle_msgs/srv/GetAvailableStates.json
[4.138s] -- Up-to-date: /home/pheonix/ros2_ws/install/lifecycle_msgs/share/lifecycle_msgs/srv/GetAvailableTransitions.json
[4.138s] -- Up-to-date: /home/pheonix/ros2_ws/install/lifecycle_msgs/share/lifecycle_msgs/srv/GetState.json
[4.138s] -- Up-to-date: /home/pheonix/ros2_ws/install/lifecycle_msgs/include/lifecycle_msgs/lifecycle_msgs
[4.138s] -- Up-to-date: /home/pheonix/ros2_ws/install/lifecycle_msgs/include/lifecycle_msgs/lifecycle_msgs/msg
[4.148s] -- Up-to-date: /home/pheonix/ros2_ws/install/lifecycle_msgs/include/lifecycle_msgs/lifecycle_msgs/msg/transition_description.h
[4.148s] -- Up-to-date: /home/pheonix/ros2_ws/install/lifecycle_msgs/include/lifecycle_msgs/lifecycle_msgs/msg/transition.h
[4.148s] -- Up-to-date: /home/pheonix/ros2_ws/install/lifecycle_msgs/include/lifecycle_msgs/lifecycle_msgs/msg/state.h
[4.148s] -- Up-to-date: /home/pheonix/ros2_ws/install/lifecycle_msgs/include/lifecycle_msgs/lifecycle_msgs/msg/rosidl_generator_c__visibility_control.h
[4.148s] -- Up-to-date: /home/pheonix/ros2_ws/install/lifecycle_msgs/include/lifecycle_msgs/lifecycle_msgs/msg/detail
[4.148s] -- Up-to-date: /home/pheonix/ros2_ws/install/lifecycle_msgs/include/lifecycle_msgs/lifecycle_msgs/msg/detail/transition__type_support.h
[4.148s] -- Up-to-date: /home/pheonix/ros2_ws/install/lifecycle_msgs/include/lifecycle_msgs/lifecycle_msgs/msg/detail/transition_description__functions.h
[4.148s] -- Up-to-date: /home/pheonix/ros2_ws/install/lifecycle_msgs/include/lifecycle_msgs/lifecycle_msgs/msg/detail/transition__struct.h
[4.149s] -- Up-to-date: /home/pheonix/ros2_ws/install/lifecycle_msgs/include/lifecycle_msgs/lifecycle_msgs/msg/detail/transition_event__type_support.h
[4.149s] -- Installing: /home/pheonix/ros2_ws/install/lifecycle_msgs/include/lifecycle_msgs/lifecycle_msgs/msg/detail/transition__type_support.c
[4.153s] -- Up-to-date: /home/pheonix/ros2_ws/install/lifecycle_msgs/include/lifecycle_msgs/lifecycle_msgs/msg/detail/state__functions.h
[4.154s] -- Installing: /home/pheonix/ros2_ws/install/lifecycle_msgs/include/lifecycle_msgs/lifecycle_msgs/msg/detail/transition_description__type_support.c
[4.154s] -- Up-to-date: /home/pheonix/ros2_ws/install/lifecycle_msgs/include/lifecycle_msgs/lifecycle_msgs/msg/detail/transition_description__functions.c
[4.154s] -- Installing: /home/pheonix/ros2_ws/install/lifecycle_msgs/include/lifecycle_msgs/lifecycle_msgs/msg/detail/state__type_support.c
[4.159s] -- Installing: /home/pheonix/ros2_ws/install/lifecycle_msgs/include/lifecycle_msgs/lifecycle_msgs/msg/detail/transition_event__type_support.c
[4.162s] -- Up-to-date: /home/pheonix/ros2_ws/install/lifecycle_msgs/include/lifecycle_msgs/lifecycle_msgs/msg/detail/transition_event__description.c
[4.162s] -- Up-to-date: /home/pheonix/ros2_ws/install/lifecycle_msgs/include/lifecycle_msgs/lifecycle_msgs/msg/detail/transition_event__struct.h
[4.163s] -- Up-to-date: /home/pheonix/ros2_ws/install/lifecycle_msgs/include/lifecycle_msgs/lifecycle_msgs/msg/detail/state__struct.h
[4.163s] -- Up-to-date: /home/pheonix/ros2_ws/install/lifecycle_msgs/include/lifecycle_msgs/lifecycle_msgs/msg/detail/state__type_support.h
[4.163s] -- Up-to-date: /home/pheonix/ros2_ws/install/lifecycle_msgs/include/lifecycle_msgs/lifecycle_msgs/msg/detail/transition_description__struct.h
[4.163s] -- Up-to-date: /home/pheonix/ros2_ws/install/lifecycle_msgs/include/lifecycle_msgs/lifecycle_msgs/msg/detail/transition__description.c
[4.163s] -- Up-to-date: /home/pheonix/ros2_ws/install/lifecycle_msgs/include/lifecycle_msgs/lifecycle_msgs/msg/detail/transition_event__functions.c
[4.163s] -- Up-to-date: /home/pheonix/ros2_ws/install/lifecycle_msgs/include/lifecycle_msgs/lifecycle_msgs/msg/detail/transition_event__functions.h
[4.163s] -- Up-to-date: /home/pheonix/ros2_ws/install/lifecycle_msgs/include/lifecycle_msgs/lifecycle_msgs/msg/detail/transition__functions.c
[4.163s] -- Up-to-date: /home/pheonix/ros2_ws/install/lifecycle_msgs/include/lifecycle_msgs/lifecycle_msgs/msg/detail/transition__functions.h
[4.163s] -- Up-to-date: /home/pheonix/ros2_ws/install/lifecycle_msgs/include/lifecycle_msgs/lifecycle_msgs/msg/detail/transition_description__type_support.h
[4.163s] -- Up-to-date: /home/pheonix/ros2_ws/install/lifecycle_msgs/include/lifecycle_msgs/lifecycle_msgs/msg/detail/state__functions.c
[4.163s] -- Up-to-date: /home/pheonix/ros2_ws/install/lifecycle_msgs/include/lifecycle_msgs/lifecycle_msgs/msg/detail/state__description.c
[4.163s] -- Up-to-date: /home/pheonix/ros2_ws/install/lifecycle_msgs/include/lifecycle_msgs/lifecycle_msgs/msg/detail/transition_description__description.c
[4.163s] -- Up-to-date: /home/pheonix/ros2_ws/install/lifecycle_msgs/include/lifecycle_msgs/lifecycle_msgs/msg/transition_event.h
[4.163s] -- Up-to-date: /home/pheonix/ros2_ws/install/lifecycle_msgs/include/lifecycle_msgs/lifecycle_msgs/srv
[4.163s] -- Up-to-date: /home/pheonix/ros2_ws/install/lifecycle_msgs/include/lifecycle_msgs/lifecycle_msgs/srv/get_available_transitions.h
[4.163s] -- Up-to-date: /home/pheonix/ros2_ws/install/lifecycle_msgs/include/lifecycle_msgs/lifecycle_msgs/srv/get_state.h
[4.163s] -- Up-to-date: /home/pheonix/ros2_ws/install/lifecycle_msgs/include/lifecycle_msgs/lifecycle_msgs/srv/detail
[4.163s] -- Up-to-date: /home/pheonix/ros2_ws/install/lifecycle_msgs/include/lifecycle_msgs/lifecycle_msgs/srv/detail/change_state__functions.c
[4.163s] -- Installing: /home/pheonix/ros2_ws/install/lifecycle_msgs/include/lifecycle_msgs/lifecycle_msgs/srv/detail/change_state__type_support.c
[4.163s] -- Up-to-date: /home/pheonix/ros2_ws/install/lifecycle_msgs/include/lifecycle_msgs/lifecycle_msgs/srv/detail/get_state__functions.c
[4.163s] -- Up-to-date: /home/pheonix/ros2_ws/install/lifecycle_msgs/include/lifecycle_msgs/lifecycle_msgs/srv/detail/get_available_states__functions.c
[4.163s] -- Up-to-date: /home/pheonix/ros2_ws/install/lifecycle_msgs/include/lifecycle_msgs/lifecycle_msgs/srv/detail/get_available_states__type_support.h
[4.163s] -- Up-to-date: /home/pheonix/ros2_ws/install/lifecycle_msgs/include/lifecycle_msgs/lifecycle_msgs/srv/detail/get_state__struct.h
[4.163s] -- Up-to-date: /home/pheonix/ros2_ws/install/lifecycle_msgs/include/lifecycle_msgs/lifecycle_msgs/srv/detail/get_available_transitions__description.c
[4.163s] -- Up-to-date: /home/pheonix/ros2_ws/install/lifecycle_msgs/include/lifecycle_msgs/lifecycle_msgs/srv/detail/get_available_transitions__functions.c
[4.163s] -- Installing: /home/pheonix/ros2_ws/install/lifecycle_msgs/include/lifecycle_msgs/lifecycle_msgs/srv/detail/get_available_states__type_support.c
[4.167s] -- Up-to-date: /home/pheonix/ros2_ws/install/lifecycle_msgs/include/lifecycle_msgs/lifecycle_msgs/srv/detail/get_state__description.c
[4.167s] -- Up-to-date: /home/pheonix/ros2_ws/install/lifecycle_msgs/include/lifecycle_msgs/lifecycle_msgs/srv/detail/get_available_transitions__struct.h
[4.170s] -- Up-to-date: /home/pheonix/ros2_ws/install/lifecycle_msgs/include/lifecycle_msgs/lifecycle_msgs/srv/detail/get_state__functions.h
[4.170s] -- Installing: /home/pheonix/ros2_ws/install/lifecycle_msgs/include/lifecycle_msgs/lifecycle_msgs/srv/detail/get_state__type_support.c
[4.170s] -- Up-to-date: /home/pheonix/ros2_ws/install/lifecycle_msgs/include/lifecycle_msgs/lifecycle_msgs/srv/detail/change_state__functions.h
[4.171s] -- Up-to-date: /home/pheonix/ros2_ws/install/lifecycle_msgs/include/lifecycle_msgs/lifecycle_msgs/srv/detail/change_state__type_support.h
[4.171s] -- Up-to-date: /home/pheonix/ros2_ws/install/lifecycle_msgs/include/lifecycle_msgs/lifecycle_msgs/srv/detail/get_available_states__functions.h
[4.171s] -- Up-to-date: /home/pheonix/ros2_ws/install/lifecycle_msgs/include/lifecycle_msgs/lifecycle_msgs/srv/detail/get_available_states__description.c
[4.171s] -- Up-to-date: /home/pheonix/ros2_ws/install/lifecycle_msgs/include/lifecycle_msgs/lifecycle_msgs/srv/detail/get_state__type_support.h
[4.171s] -- Up-to-date: /home/pheonix/ros2_ws/install/lifecycle_msgs/include/lifecycle_msgs/lifecycle_msgs/srv/detail/get_available_transitions__functions.h
[4.171s] -- Up-to-date: /home/pheonix/ros2_ws/install/lifecycle_msgs/include/lifecycle_msgs/lifecycle_msgs/srv/detail/change_state__description.c
[4.171s] -- Up-to-date: /home/pheonix/ros2_ws/install/lifecycle_msgs/include/lifecycle_msgs/lifecycle_msgs/srv/detail/get_available_states__struct.h
[4.171s] -- Up-to-date: /home/pheonix/ros2_ws/install/lifecycle_msgs/include/lifecycle_msgs/lifecycle_msgs/srv/detail/change_state__struct.h
[4.171s] -- Installing: /home/pheonix/ros2_ws/install/lifecycle_msgs/include/lifecycle_msgs/lifecycle_msgs/srv/detail/get_available_transitions__type_support.c
[4.171s] -- Up-to-date: /home/pheonix/ros2_ws/install/lifecycle_msgs/include/lifecycle_msgs/lifecycle_msgs/srv/detail/get_available_transitions__type_support.h
[4.171s] -- Up-to-date: /home/pheonix/ros2_ws/install/lifecycle_msgs/include/lifecycle_msgs/lifecycle_msgs/srv/change_state.h
[4.171s] -- Up-to-date: /home/pheonix/ros2_ws/install/lifecycle_msgs/include/lifecycle_msgs/lifecycle_msgs/srv/get_available_states.h
[4.171s] -- Up-to-date: /home/pheonix/ros2_ws/install/lifecycle_msgs/share/lifecycle_msgs/environment/library_path.sh
[4.171s] -- Up-to-date: /home/pheonix/ros2_ws/install/lifecycle_msgs/share/lifecycle_msgs/environment/library_path.dsv
[4.171s] -- Up-to-date: /home/pheonix/ros2_ws/install/lifecycle_msgs/lib/liblifecycle_msgs__rosidl_generator_c.so
[4.171s] -- Up-to-date: /home/pheonix/ros2_ws/install/lifecycle_msgs/include/lifecycle_msgs/lifecycle_msgs
[4.171s] -- Up-to-date: /home/pheonix/ros2_ws/install/lifecycle_msgs/include/lifecycle_msgs/lifecycle_msgs/msg
[4.171s] -- Up-to-date: /home/pheonix/ros2_ws/install/lifecycle_msgs/include/lifecycle_msgs/lifecycle_msgs/msg/rosidl_typesupport_fastrtps_c__visibility_control.h
[4.171s] -- Up-to-date: /home/pheonix/ros2_ws/install/lifecycle_msgs/include/lifecycle_msgs/lifecycle_msgs/msg/detail
[4.171s] -- Up-to-date: /home/pheonix/ros2_ws/install/lifecycle_msgs/include/lifecycle_msgs/lifecycle_msgs/msg/detail/state__rosidl_typesupport_fastrtps_c.h
[4.171s] -- Up-to-date: /home/pheonix/ros2_ws/install/lifecycle_msgs/include/lifecycle_msgs/lifecycle_msgs/msg/detail/transition_description__rosidl_typesupport_fastrtps_c.h
[4.171s] -- Up-to-date: /home/pheonix/ros2_ws/install/lifecycle_msgs/include/lifecycle_msgs/lifecycle_msgs/msg/detail/transition__rosidl_typesupport_fastrtps_c.h
[4.171s] -- Up-to-date: /home/pheonix/ros2_ws/install/lifecycle_msgs/include/lifecycle_msgs/lifecycle_msgs/msg/detail/transition_event__rosidl_typesupport_fastrtps_c.h
[4.171s] -- Up-to-date: /home/pheonix/ros2_ws/install/lifecycle_msgs/include/lifecycle_msgs/lifecycle_msgs/srv
[4.171s] -- Up-to-date: /home/pheonix/ros2_ws/install/lifecycle_msgs/include/lifecycle_msgs/lifecycle_msgs/srv/detail
[4.171s] -- Up-to-date: /home/pheonix/ros2_ws/install/lifecycle_msgs/include/lifecycle_msgs/lifecycle_msgs/srv/detail/get_available_transitions__rosidl_typesupport_fastrtps_c.h
[4.171s] -- Up-to-date: /home/pheonix/ros2_ws/install/lifecycle_msgs/include/lifecycle_msgs/lifecycle_msgs/srv/detail/change_state__rosidl_typesupport_fastrtps_c.h
[4.171s] -- Up-to-date: /home/pheonix/ros2_ws/install/lifecycle_msgs/include/lifecycle_msgs/lifecycle_msgs/srv/detail/get_available_states__rosidl_typesupport_fastrtps_c.h
[4.171s] -- Up-to-date: /home/pheonix/ros2_ws/install/lifecycle_msgs/include/lifecycle_msgs/lifecycle_msgs/srv/detail/get_state__rosidl_typesupport_fastrtps_c.h
[4.171s] -- Up-to-date: /home/pheonix/ros2_ws/install/lifecycle_msgs/lib/liblifecycle_msgs__rosidl_typesupport_fastrtps_c.so
[4.171s] -- Up-to-date: /home/pheonix/ros2_ws/install/lifecycle_msgs/include/lifecycle_msgs/lifecycle_msgs
[4.171s] -- Up-to-date: /home/pheonix/ros2_ws/install/lifecycle_msgs/include/lifecycle_msgs/lifecycle_msgs/msg
[4.172s] -- Up-to-date: /home/pheonix/ros2_ws/install/lifecycle_msgs/include/lifecycle_msgs/lifecycle_msgs/msg/detail
[4.172s] -- Up-to-date: /home/pheonix/ros2_ws/install/lifecycle_msgs/include/lifecycle_msgs/lifecycle_msgs/msg/detail/state__rosidl_typesupport_introspection_c.h
[4.172s] -- Installing: /home/pheonix/ros2_ws/install/lifecycle_msgs/include/lifecycle_msgs/lifecycle_msgs/msg/detail/transition__type_support.c
[4.172s] -- Installing: /home/pheonix/ros2_ws/install/lifecycle_msgs/include/lifecycle_msgs/lifecycle_msgs/msg/detail/transition_description__type_support.c
[4.172s] -- Installing: /home/pheonix/ros2_ws/install/lifecycle_msgs/include/lifecycle_msgs/lifecycle_msgs/msg/detail/state__type_support.c
[4.172s] -- Installing: /home/pheonix/ros2_ws/install/lifecycle_msgs/include/lifecycle_msgs/lifecycle_msgs/msg/detail/transition_event__type_support.c
[4.172s] -- Up-to-date: /home/pheonix/ros2_ws/install/lifecycle_msgs/include/lifecycle_msgs/lifecycle_msgs/msg/detail/transition_description__rosidl_typesupport_introspection_c.h
[4.172s] -- Up-to-date: /home/pheonix/ros2_ws/install/lifecycle_msgs/include/lifecycle_msgs/lifecycle_msgs/msg/detail/transition__rosidl_typesupport_introspection_c.h
[4.172s] -- Up-to-date: /home/pheonix/ros2_ws/install/lifecycle_msgs/include/lifecycle_msgs/lifecycle_msgs/msg/detail/transition_event__rosidl_typesupport_introspection_c.h
[4.172s] -- Up-to-date: /home/pheonix/ros2_ws/install/lifecycle_msgs/include/lifecycle_msgs/lifecycle_msgs/msg/rosidl_typesupport_introspection_c__visibility_control.h
[4.172s] -- Up-to-date: /home/pheonix/ros2_ws/install/lifecycle_msgs/include/lifecycle_msgs/lifecycle_msgs/srv
[4.172s] -- Up-to-date: /home/pheonix/ros2_ws/install/lifecycle_msgs/include/lifecycle_msgs/lifecycle_msgs/srv/detail
[4.172s] -- Installing: /home/pheonix/ros2_ws/install/lifecycle_msgs/include/lifecycle_msgs/lifecycle_msgs/srv/detail/change_state__type_support.c
[4.172s] -- Up-to-date: /home/pheonix/ros2_ws/install/lifecycle_msgs/include/lifecycle_msgs/lifecycle_msgs/srv/detail/change_state__rosidl_typesupport_introspection_c.h
[4.172s] -- Installing: /home/pheonix/ros2_ws/install/lifecycle_msgs/include/lifecycle_msgs/lifecycle_msgs/srv/detail/get_available_states__type_support.c
[4.172s] -- Up-to-date: /home/pheonix/ros2_ws/install/lifecycle_msgs/include/lifecycle_msgs/lifecycle_msgs/srv/detail/get_state__rosidl_typesupport_introspection_c.h
[4.172s] -- Up-to-date: /home/pheonix/ros2_ws/install/lifecycle_msgs/include/lifecycle_msgs/lifecycle_msgs/srv/detail/get_available_transitions__rosidl_typesupport_introspection_c.h
[4.172s] -- Installing: /home/pheonix/ros2_ws/install/lifecycle_msgs/include/lifecycle_msgs/lifecycle_msgs/srv/detail/get_state__type_support.c
[4.172s] -- Up-to-date: /home/pheonix/ros2_ws/install/lifecycle_msgs/include/lifecycle_msgs/lifecycle_msgs/srv/detail/get_available_states__rosidl_typesupport_introspection_c.h
[4.172s] -- Installing: /home/pheonix/ros2_ws/install/lifecycle_msgs/include/lifecycle_msgs/lifecycle_msgs/srv/detail/get_available_transitions__type_support.c
[4.172s] -- Up-to-date: /home/pheonix/ros2_ws/install/lifecycle_msgs/lib/liblifecycle_msgs__rosidl_typesupport_introspection_c.so
[4.172s] -- Up-to-date: /home/pheonix/ros2_ws/install/lifecycle_msgs/lib/liblifecycle_msgs__rosidl_typesupport_c.so
[4.178s] -- Up-to-date: /home/pheonix/ros2_ws/install/lifecycle_msgs/include/lifecycle_msgs/lifecycle_msgs
[4.179s] -- Up-to-date: /home/pheonix/ros2_ws/install/lifecycle_msgs/include/lifecycle_msgs/lifecycle_msgs/msg
[4.179s] -- Up-to-date: /home/pheonix/ros2_ws/install/lifecycle_msgs/include/lifecycle_msgs/lifecycle_msgs/msg/transition_event.hpp
[4.179s] -- Up-to-date: /home/pheonix/ros2_ws/install/lifecycle_msgs/include/lifecycle_msgs/lifecycle_msgs/msg/rosidl_generator_cpp__visibility_control.hpp
[4.179s] -- Up-to-date: /home/pheonix/ros2_ws/install/lifecycle_msgs/include/lifecycle_msgs/lifecycle_msgs/msg/transition.hpp
[4.180s] -- Up-to-date: /home/pheonix/ros2_ws/install/lifecycle_msgs/include/lifecycle_msgs/lifecycle_msgs/msg/transition_description.hpp
[4.180s] -- Up-to-date: /home/pheonix/ros2_ws/install/lifecycle_msgs/include/lifecycle_msgs/lifecycle_msgs/msg/detail
[4.180s] -- Up-to-date: /home/pheonix/ros2_ws/install/lifecycle_msgs/include/lifecycle_msgs/lifecycle_msgs/msg/detail/transition_description__traits.hpp
[4.180s] -- Up-to-date: /home/pheonix/ros2_ws/install/lifecycle_msgs/include/lifecycle_msgs/lifecycle_msgs/msg/detail/transition__type_support.hpp
[4.180s] -- Up-to-date: /home/pheonix/ros2_ws/install/lifecycle_msgs/include/lifecycle_msgs/lifecycle_msgs/msg/detail/state__traits.hpp
[4.180s] -- Up-to-date: /home/pheonix/ros2_ws/install/lifecycle_msgs/include/lifecycle_msgs/lifecycle_msgs/msg/detail/transition__builder.hpp
[4.180s] -- Up-to-date: /home/pheonix/ros2_ws/install/lifecycle_msgs/include/lifecycle_msgs/lifecycle_msgs/msg/detail/transition_event__builder.hpp
[4.180s] -- Up-to-date: /home/pheonix/ros2_ws/install/lifecycle_msgs/include/lifecycle_msgs/lifecycle_msgs/msg/detail/transition__traits.hpp
[4.180s] -- Up-to-date: /home/pheonix/ros2_ws/install/lifecycle_msgs/include/lifecycle_msgs/lifecycle_msgs/msg/detail/transition_description__builder.hpp
[4.180s] -- Up-to-date: /home/pheonix/ros2_ws/install/lifecycle_msgs/include/lifecycle_msgs/lifecycle_msgs/msg/detail/transition_event__type_support.hpp
[4.180s] -- Up-to-date: /home/pheonix/ros2_ws/install/lifecycle_msgs/include/lifecycle_msgs/lifecycle_msgs/msg/detail/transition_description__type_support.hpp
[4.180s] -- Up-to-date: /home/pheonix/ros2_ws/install/lifecycle_msgs/include/lifecycle_msgs/lifecycle_msgs/msg/detail/state__struct.hpp
[4.180s] -- Up-to-date: /home/pheonix/ros2_ws/install/lifecycle_msgs/include/lifecycle_msgs/lifecycle_msgs/msg/detail/state__builder.hpp
[4.180s] -- Up-to-date: /home/pheonix/ros2_ws/install/lifecycle_msgs/include/lifecycle_msgs/lifecycle_msgs/msg/detail/transition_event__traits.hpp
[4.180s] -- Up-to-date: /home/pheonix/ros2_ws/install/lifecycle_msgs/include/lifecycle_msgs/lifecycle_msgs/msg/detail/transition_event__struct.hpp
[4.180s] -- Up-to-date: /home/pheonix/ros2_ws/install/lifecycle_msgs/include/lifecycle_msgs/lifecycle_msgs/msg/detail/transition_description__struct.hpp
[4.181s] -- Up-to-date: /home/pheonix/ros2_ws/install/lifecycle_msgs/include/lifecycle_msgs/lifecycle_msgs/msg/detail/transition__struct.hpp
[4.181s] -- Up-to-date: /home/pheonix/ros2_ws/install/lifecycle_msgs/include/lifecycle_msgs/lifecycle_msgs/msg/detail/state__type_support.hpp
[4.181s] -- Up-to-date: /home/pheonix/ros2_ws/install/lifecycle_msgs/include/lifecycle_msgs/lifecycle_msgs/msg/state.hpp
[4.181s] -- Up-to-date: /home/pheonix/ros2_ws/install/lifecycle_msgs/include/lifecycle_msgs/lifecycle_msgs/srv
[4.181s] -- Up-to-date: /home/pheonix/ros2_ws/install/lifecycle_msgs/include/lifecycle_msgs/lifecycle_msgs/srv/get_state.hpp
[4.181s] -- Up-to-date: /home/pheonix/ros2_ws/install/lifecycle_msgs/include/lifecycle_msgs/lifecycle_msgs/srv/get_available_states.hpp
[4.181s] -- Up-to-date: /home/pheonix/ros2_ws/install/lifecycle_msgs/include/lifecycle_msgs/lifecycle_msgs/srv/detail
[4.181s] -- Up-to-date: /home/pheonix/ros2_ws/install/lifecycle_msgs/include/lifecycle_msgs/lifecycle_msgs/srv/detail/get_available_states__type_support.hpp
[4.181s] -- Up-to-date: /home/pheonix/ros2_ws/install/lifecycle_msgs/include/lifecycle_msgs/lifecycle_msgs/srv/detail/get_available_transitions__traits.hpp
[4.181s] -- Up-to-date: /home/pheonix/ros2_ws/install/lifecycle_msgs/include/lifecycle_msgs/lifecycle_msgs/srv/detail/get_state__builder.hpp
[4.181s] -- Up-to-date: /home/pheonix/ros2_ws/install/lifecycle_msgs/include/lifecycle_msgs/lifecycle_msgs/srv/detail/change_state__type_support.hpp
[4.181s] -- Up-to-date: /home/pheonix/ros2_ws/install/lifecycle_msgs/include/lifecycle_msgs/lifecycle_msgs/srv/detail/get_available_states__struct.hpp
[4.181s] -- Up-to-date: /home/pheonix/ros2_ws/install/lifecycle_msgs/include/lifecycle_msgs/lifecycle_msgs/srv/detail/get_available_transitions__struct.hpp
[4.181s] -- Up-to-date: /home/pheonix/ros2_ws/install/lifecycle_msgs/include/lifecycle_msgs/lifecycle_msgs/srv/detail/change_state__struct.hpp
[4.181s] -- Up-to-date: /home/pheonix/ros2_ws/install/lifecycle_msgs/include/lifecycle_msgs/lifecycle_msgs/srv/detail/get_state__struct.hpp
[4.181s] -- Up-to-date: /home/pheonix/ros2_ws/install/lifecycle_msgs/include/lifecycle_msgs/lifecycle_msgs/srv/detail/get_available_states__traits.hpp
[4.181s] -- Up-to-date: /home/pheonix/ros2_ws/install/lifecycle_msgs/include/lifecycle_msgs/lifecycle_msgs/srv/detail/get_available_transitions__type_support.hpp
[4.181s] -- Up-to-date: /home/pheonix/ros2_ws/install/lifecycle_msgs/include/lifecycle_msgs/lifecycle_msgs/srv/detail/get_state__traits.hpp
[4.181s] -- Up-to-date: /home/pheonix/ros2_ws/install/lifecycle_msgs/include/lifecycle_msgs/lifecycle_msgs/srv/detail/get_available_states__builder.hpp
[4.181s] -- Up-to-date: /home/pheonix/ros2_ws/install/lifecycle_msgs/include/lifecycle_msgs/lifecycle_msgs/srv/detail/change_state__traits.hpp
[4.181s] -- Up-to-date: /home/pheonix/ros2_ws/install/lifecycle_msgs/include/lifecycle_msgs/lifecycle_msgs/srv/detail/get_available_transitions__builder.hpp
[4.181s] -- Up-to-date: /home/pheonix/ros2_ws/install/lifecycle_msgs/include/lifecycle_msgs/lifecycle_msgs/srv/detail/change_state__builder.hpp
[4.181s] -- Up-to-date: /home/pheonix/ros2_ws/install/lifecycle_msgs/include/lifecycle_msgs/lifecycle_msgs/srv/detail/get_state__type_support.hpp
[4.182s] -- Up-to-date: /home/pheonix/ros2_ws/install/lifecycle_msgs/include/lifecycle_msgs/lifecycle_msgs/srv/get_available_transitions.hpp
[4.182s] -- Up-to-date: /home/pheonix/ros2_ws/install/lifecycle_msgs/include/lifecycle_msgs/lifecycle_msgs/srv/change_state.hpp
[4.182s] -- Up-to-date: /home/pheonix/ros2_ws/install/lifecycle_msgs/include/lifecycle_msgs/lifecycle_msgs
[4.182s] -- Up-to-date: /home/pheonix/ros2_ws/install/lifecycle_msgs/include/lifecycle_msgs/lifecycle_msgs/msg
[4.182s] -- Up-to-date: /home/pheonix/ros2_ws/install/lifecycle_msgs/include/lifecycle_msgs/lifecycle_msgs/msg/detail
[4.182s] -- Up-to-date: /home/pheonix/ros2_ws/install/lifecycle_msgs/include/lifecycle_msgs/lifecycle_msgs/msg/detail/dds_fastrtps
[4.182s] -- Up-to-date: /home/pheonix/ros2_ws/install/lifecycle_msgs/include/lifecycle_msgs/lifecycle_msgs/msg/detail/transition__rosidl_typesupport_fastrtps_cpp.hpp
[4.182s] -- Up-to-date: /home/pheonix/ros2_ws/install/lifecycle_msgs/include/lifecycle_msgs/lifecycle_msgs/msg/detail/state__rosidl_typesupport_fastrtps_cpp.hpp
[4.182s] -- Up-to-date: /home/pheonix/ros2_ws/install/lifecycle_msgs/include/lifecycle_msgs/lifecycle_msgs/msg/detail/transition_description__rosidl_typesupport_fastrtps_cpp.hpp
[4.183s] -- Up-to-date: /home/pheonix/ros2_ws/install/lifecycle_msgs/include/lifecycle_msgs/lifecycle_msgs/msg/detail/transition_event__rosidl_typesupport_fastrtps_cpp.hpp
[4.183s] -- Up-to-date: /home/pheonix/ros2_ws/install/lifecycle_msgs/include/lifecycle_msgs/lifecycle_msgs/msg/rosidl_typesupport_fastrtps_cpp__visibility_control.h
[4.183s] -- Up-to-date: /home/pheonix/ros2_ws/install/lifecycle_msgs/include/lifecycle_msgs/lifecycle_msgs/srv
[4.183s] -- Up-to-date: /home/pheonix/ros2_ws/install/lifecycle_msgs/include/lifecycle_msgs/lifecycle_msgs/srv/detail
[4.183s] -- Up-to-date: /home/pheonix/ros2_ws/install/lifecycle_msgs/include/lifecycle_msgs/lifecycle_msgs/srv/detail/dds_fastrtps
[4.183s] -- Up-to-date: /home/pheonix/ros2_ws/install/lifecycle_msgs/include/lifecycle_msgs/lifecycle_msgs/srv/detail/get_available_states__rosidl_typesupport_fastrtps_cpp.hpp
[4.183s] -- Up-to-date: /home/pheonix/ros2_ws/install/lifecycle_msgs/include/lifecycle_msgs/lifecycle_msgs/srv/detail/get_state__rosidl_typesupport_fastrtps_cpp.hpp
[4.183s] -- Up-to-date: /home/pheonix/ros2_ws/install/lifecycle_msgs/include/lifecycle_msgs/lifecycle_msgs/srv/detail/get_available_transitions__rosidl_typesupport_fastrtps_cpp.hpp
[4.183s] -- Up-to-date: /home/pheonix/ros2_ws/install/lifecycle_msgs/include/lifecycle_msgs/lifecycle_msgs/srv/detail/change_state__rosidl_typesupport_fastrtps_cpp.hpp
[4.183s] -- Up-to-date: /home/pheonix/ros2_ws/install/lifecycle_msgs/lib/liblifecycle_msgs__rosidl_typesupport_fastrtps_cpp.so
[4.183s] -- Up-to-date: /home/pheonix/ros2_ws/install/lifecycle_msgs/include/lifecycle_msgs/lifecycle_msgs
[4.183s] -- Up-to-date: /home/pheonix/ros2_ws/install/lifecycle_msgs/include/lifecycle_msgs/lifecycle_msgs/msg
[4.183s] -- Up-to-date: /home/pheonix/ros2_ws/install/lifecycle_msgs/include/lifecycle_msgs/lifecycle_msgs/msg/detail
[4.183s] -- Up-to-date: /home/pheonix/ros2_ws/install/lifecycle_msgs/include/lifecycle_msgs/lifecycle_msgs/msg/detail/state__type_support.cpp
[4.183s] -- Up-to-date: /home/pheonix/ros2_ws/install/lifecycle_msgs/include/lifecycle_msgs/lifecycle_msgs/msg/detail/transition_event__type_support.cpp
[4.183s] -- Up-to-date: /home/pheonix/ros2_ws/install/lifecycle_msgs/include/lifecycle_msgs/lifecycle_msgs/msg/detail/transition_description__rosidl_typesupport_introspection_cpp.hpp
[4.183s] -- Up-to-date: /home/pheonix/ros2_ws/install/lifecycle_msgs/include/lifecycle_msgs/lifecycle_msgs/msg/detail/transition_description__type_support.cpp
[4.184s] -- Up-to-date: /home/pheonix/ros2_ws/install/lifecycle_msgs/include/lifecycle_msgs/lifecycle_msgs/msg/detail/state__rosidl_typesupport_introspection_cpp.hpp
[4.184s] -- Up-to-date: /home/pheonix/ros2_ws/install/lifecycle_msgs/include/lifecycle_msgs/lifecycle_msgs/msg/detail/transition__rosidl_typesupport_introspection_cpp.hpp
[4.184s] -- Up-to-date: /home/pheonix/ros2_ws/install/lifecycle_msgs/include/lifecycle_msgs/lifecycle_msgs/msg/detail/transition__type_support.cpp
[4.184s] -- Up-to-date: /home/pheonix/ros2_ws/install/lifecycle_msgs/include/lifecycle_msgs/lifecycle_msgs/msg/detail/transition_event__rosidl_typesupport_introspection_cpp.hpp
[4.184s] -- Up-to-date: /home/pheonix/ros2_ws/install/lifecycle_msgs/include/lifecycle_msgs/lifecycle_msgs/srv
[4.184s] -- Up-to-date: /home/pheonix/ros2_ws/install/lifecycle_msgs/include/lifecycle_msgs/lifecycle_msgs/srv/detail
[4.184s] -- Up-to-date: /home/pheonix/ros2_ws/install/lifecycle_msgs/include/lifecycle_msgs/lifecycle_msgs/srv/detail/get_state__rosidl_typesupport_introspection_cpp.hpp
[4.184s] -- Up-to-date: /home/pheonix/ros2_ws/install/lifecycle_msgs/include/lifecycle_msgs/lifecycle_msgs/srv/detail/change_state__type_support.cpp
[4.184s] -- Up-to-date: /home/pheonix/ros2_ws/install/lifecycle_msgs/include/lifecycle_msgs/lifecycle_msgs/srv/detail/get_state__type_support.cpp
[4.184s] -- Up-to-date: /home/pheonix/ros2_ws/install/lifecycle_msgs/include/lifecycle_msgs/lifecycle_msgs/srv/detail/change_state__rosidl_typesupport_introspection_cpp.hpp
[4.184s] -- Up-to-date: /home/pheonix/ros2_ws/install/lifecycle_msgs/include/lifecycle_msgs/lifecycle_msgs/srv/detail/get_available_states__rosidl_typesupport_introspection_cpp.hpp
[4.184s] -- Up-to-date: /home/pheonix/ros2_ws/install/lifecycle_msgs/include/lifecycle_msgs/lifecycle_msgs/srv/detail/get_available_transitions__type_support.cpp
[4.184s] -- Up-to-date: /home/pheonix/ros2_ws/install/lifecycle_msgs/include/lifecycle_msgs/lifecycle_msgs/srv/detail/get_available_transitions__rosidl_typesupport_introspection_cpp.hpp
[4.184s] -- Up-to-date: /home/pheonix/ros2_ws/install/lifecycle_msgs/include/lifecycle_msgs/lifecycle_msgs/srv/detail/get_available_states__type_support.cpp
[4.184s] -- Up-to-date: /home/pheonix/ros2_ws/install/lifecycle_msgs/lib/liblifecycle_msgs__rosidl_typesupport_introspection_cpp.so
[4.184s] -- Up-to-date: /home/pheonix/ros2_ws/install/lifecycle_msgs/lib/liblifecycle_msgs__rosidl_typesupport_cpp.so
[4.184s] -- Up-to-date: /home/pheonix/ros2_ws/install/lifecycle_msgs/share/lifecycle_msgs/environment/pythonpath.sh
[4.184s] -- Up-to-date: /home/pheonix/ros2_ws/install/lifecycle_msgs/share/lifecycle_msgs/environment/pythonpath.dsv
[4.184s] -- Up-to-date: /home/pheonix/ros2_ws/install/lifecycle_msgs/lib/python3.12/site-packages/lifecycle_msgs-2.2.0-py3.12.egg-info
[4.184s] -- Installing: /home/pheonix/ros2_ws/install/lifecycle_msgs/lib/python3.12/site-packages/lifecycle_msgs-2.2.0-py3.12.egg-info/SOURCES.txt
[4.184s] -- Installing: /home/pheonix/ros2_ws/install/lifecycle_msgs/lib/python3.12/site-packages/lifecycle_msgs-2.2.0-py3.12.egg-info/dependency_links.txt
[4.184s] -- Installing: /home/pheonix/ros2_ws/install/lifecycle_msgs/lib/python3.12/site-packages/lifecycle_msgs-2.2.0-py3.12.egg-info/PKG-INFO
[4.184s] -- Installing: /home/pheonix/ros2_ws/install/lifecycle_msgs/lib/python3.12/site-packages/lifecycle_msgs-2.2.0-py3.12.egg-info/top_level.txt
[4.184s] -- Up-to-date: /home/pheonix/ros2_ws/install/lifecycle_msgs/lib/python3.12/site-packages/lifecycle_msgs
[4.184s] -- Up-to-date: /home/pheonix/ros2_ws/install/lifecycle_msgs/lib/python3.12/site-packages/lifecycle_msgs/_lifecycle_msgs_s.ep.rosidl_typesupport_c.c
[4.184s] -- Up-to-date: /home/pheonix/ros2_ws/install/lifecycle_msgs/lib/python3.12/site-packages/lifecycle_msgs/lifecycle_msgs_s__rosidl_typesupport_introspection_c.so
[4.184s] -- Up-to-date: /home/pheonix/ros2_ws/install/lifecycle_msgs/lib/python3.12/site-packages/lifecycle_msgs/msg
[4.184s] -- Up-to-date: /home/pheonix/ros2_ws/install/lifecycle_msgs/lib/python3.12/site-packages/lifecycle_msgs/msg/_transition_event.py
[4.185s] -- Up-to-date: /home/pheonix/ros2_ws/install/lifecycle_msgs/lib/python3.12/site-packages/lifecycle_msgs/msg/_transition.py
[4.185s] -- Up-to-date: /home/pheonix/ros2_ws/install/lifecycle_msgs/lib/python3.12/site-packages/lifecycle_msgs/msg/_transition_event_s.c
[4.185s] -- Up-to-date: /home/pheonix/ros2_ws/install/lifecycle_msgs/lib/python3.12/site-packages/lifecycle_msgs/msg/_transition_s.c
[4.206s] -- Up-to-date: /home/pheonix/ros2_ws/install/lifecycle_msgs/lib/python3.12/site-packages/lifecycle_msgs/msg/_transition_description.py
[4.210s] -- Up-to-date: /home/pheonix/ros2_ws/install/lifecycle_msgs/lib/python3.12/site-packages/lifecycle_msgs/msg/_state_s.c
[4.210s] -- Up-to-date: /home/pheonix/ros2_ws/install/lifecycle_msgs/lib/python3.12/site-packages/lifecycle_msgs/msg/__init__.py
[4.210s] -- Up-to-date: /home/pheonix/ros2_ws/install/lifecycle_msgs/lib/python3.12/site-packages/lifecycle_msgs/msg/_state.py
[4.210s] -- Up-to-date: /home/pheonix/ros2_ws/install/lifecycle_msgs/lib/python3.12/site-packages/lifecycle_msgs/msg/_transition_description_s.c
[4.210s] -- Up-to-date: /home/pheonix/ros2_ws/install/lifecycle_msgs/lib/python3.12/site-packages/lifecycle_msgs/_lifecycle_msgs_s.ep.rosidl_typesupport_introspection_c.c
[4.210s] -- Up-to-date: /home/pheonix/ros2_ws/install/lifecycle_msgs/lib/python3.12/site-packages/lifecycle_msgs/__init__.py
[4.210s] -- Up-to-date: /home/pheonix/ros2_ws/install/lifecycle_msgs/lib/python3.12/site-packages/lifecycle_msgs/lifecycle_msgs_s__rosidl_typesupport_c.so
[4.211s] -- Up-to-date: /home/pheonix/ros2_ws/install/lifecycle_msgs/lib/python3.12/site-packages/lifecycle_msgs/lifecycle_msgs_s__rosidl_typesupport_fastrtps_c.so
[4.211s] -- Up-to-date: /home/pheonix/ros2_ws/install/lifecycle_msgs/lib/python3.12/site-packages/lifecycle_msgs/_lifecycle_msgs_s.ep.rosidl_typesupport_fastrtps_c.c
[4.211s] -- Up-to-date: /home/pheonix/ros2_ws/install/lifecycle_msgs/lib/python3.12/site-packages/lifecycle_msgs/srv
[4.211s] -- Up-to-date: /home/pheonix/ros2_ws/install/lifecycle_msgs/lib/python3.12/site-packages/lifecycle_msgs/srv/_change_state_s.c
[4.211s] -- Up-to-date: /home/pheonix/ros2_ws/install/lifecycle_msgs/lib/python3.12/site-packages/lifecycle_msgs/srv/_get_available_states.py
[4.211s] -- Up-to-date: /home/pheonix/ros2_ws/install/lifecycle_msgs/lib/python3.12/site-packages/lifecycle_msgs/srv/_change_state.py
[4.211s] -- Up-to-date: /home/pheonix/ros2_ws/install/lifecycle_msgs/lib/python3.12/site-packages/lifecycle_msgs/srv/_get_available_states_s.c
[4.211s] -- Up-to-date: /home/pheonix/ros2_ws/install/lifecycle_msgs/lib/python3.12/site-packages/lifecycle_msgs/srv/_get_available_transitions.py
[4.212s] -- Up-to-date: /home/pheonix/ros2_ws/install/lifecycle_msgs/lib/python3.12/site-packages/lifecycle_msgs/srv/_get_state_s.c
[4.212s] -- Up-to-date: /home/pheonix/ros2_ws/install/lifecycle_msgs/lib/python3.12/site-packages/lifecycle_msgs/srv/_get_available_transitions_s.c
[4.212s] -- Up-to-date: /home/pheonix/ros2_ws/install/lifecycle_msgs/lib/python3.12/site-packages/lifecycle_msgs/srv/__init__.py
[4.212s] -- Up-to-date: /home/pheonix/ros2_ws/install/lifecycle_msgs/lib/python3.12/site-packages/lifecycle_msgs/srv/_get_state.py
[4.293s] Listing '/home/pheonix/ros2_ws/install/lifecycle_msgs/lib/python3.12/site-packages/lifecycle_msgs'...
[4.293s] Listing '/home/pheonix/ros2_ws/install/lifecycle_msgs/lib/python3.12/site-packages/lifecycle_msgs/msg'...
[4.293s] Listing '/home/pheonix/ros2_ws/install/lifecycle_msgs/lib/python3.12/site-packages/lifecycle_msgs/srv'...
[4.615s] -- Up-to-date: /home/pheonix/ros2_ws/install/lifecycle_msgs/lib/python3.12/site-packages/lifecycle_msgs/lifecycle_msgs_s__rosidl_typesupport_fastrtps_c.so
[4.615s] -- Up-to-date: /home/pheonix/ros2_ws/install/lifecycle_msgs/lib/python3.12/site-packages/lifecycle_msgs/lifecycle_msgs_s__rosidl_typesupport_introspection_c.so
[4.615s] -- Up-to-date: /home/pheonix/ros2_ws/install/lifecycle_msgs/lib/python3.12/site-packages/lifecycle_msgs/lifecycle_msgs_s__rosidl_typesupport_c.so
[4.615s] -- Up-to-date: /home/pheonix/ros2_ws/install/lifecycle_msgs/lib/liblifecycle_msgs__rosidl_generator_py.so
[4.615s] -- Up-to-date: /home/pheonix/ros2_ws/install/lifecycle_msgs/share/lifecycle_msgs/msg/State.idl
[4.615s] -- Up-to-date: /home/pheonix/ros2_ws/install/lifecycle_msgs/share/lifecycle_msgs/msg/Transition.idl
[4.615s] -- Up-to-date: /home/pheonix/ros2_ws/install/lifecycle_msgs/share/lifecycle_msgs/msg/TransitionDescription.idl
[4.615s] -- Up-to-date: /home/pheonix/ros2_ws/install/lifecycle_msgs/share/lifecycle_msgs/msg/TransitionEvent.idl
[4.615s] -- Up-to-date: /home/pheonix/ros2_ws/install/lifecycle_msgs/share/lifecycle_msgs/srv/ChangeState.idl
[4.615s] -- Up-to-date: /home/pheonix/ros2_ws/install/lifecycle_msgs/share/lifecycle_msgs/srv/GetAvailableStates.idl
[4.615s] -- Up-to-date: /home/pheonix/ros2_ws/install/lifecycle_msgs/share/lifecycle_msgs/srv/GetAvailableTransitions.idl
[4.615s] -- Up-to-date: /home/pheonix/ros2_ws/install/lifecycle_msgs/share/lifecycle_msgs/srv/GetState.idl
[4.615s] -- Up-to-date: /home/pheonix/ros2_ws/install/lifecycle_msgs/share/lifecycle_msgs/msg/State.msg
[4.615s] -- Up-to-date: /home/pheonix/ros2_ws/install/lifecycle_msgs/share/lifecycle_msgs/msg/Transition.msg
[4.615s] -- Up-to-date: /home/pheonix/ros2_ws/install/lifecycle_msgs/share/lifecycle_msgs/msg/TransitionDescription.msg
[4.615s] -- Up-to-date: /home/pheonix/ros2_ws/install/lifecycle_msgs/share/lifecycle_msgs/msg/TransitionEvent.msg
[4.643s] -- Up-to-date: /home/pheonix/ros2_ws/install/lifecycle_msgs/share/lifecycle_msgs/srv/ChangeState.srv
[4.643s] -- Up-to-date: /home/pheonix/ros2_ws/install/lifecycle_msgs/share/lifecycle_msgs/srv/GetAvailableStates.srv
[4.643s] -- Up-to-date: /home/pheonix/ros2_ws/install/lifecycle_msgs/share/lifecycle_msgs/srv/GetAvailableTransitions.srv
[4.643s] -- Up-to-date: /home/pheonix/ros2_ws/install/lifecycle_msgs/share/lifecycle_msgs/srv/GetState.srv
[4.643s] -- Up-to-date: /home/pheonix/ros2_ws/install/lifecycle_msgs/share/ament_index/resource_index/package_run_dependencies/lifecycle_msgs
[4.643s] -- Up-to-date: /home/pheonix/ros2_ws/install/lifecycle_msgs/share/ament_index/resource_index/parent_prefix_path/lifecycle_msgs
[4.643s] -- Up-to-date: /home/pheonix/ros2_ws/install/lifecycle_msgs/share/lifecycle_msgs/environment/ament_prefix_path.sh
[4.643s] -- Up-to-date: /home/pheonix/ros2_ws/install/lifecycle_msgs/share/lifecycle_msgs/environment/ament_prefix_path.dsv
[4.643s] -- Up-to-date: /home/pheonix/ros2_ws/install/lifecycle_msgs/share/lifecycle_msgs/environment/path.sh
[4.643s] -- Up-to-date: /home/pheonix/ros2_ws/install/lifecycle_msgs/share/lifecycle_msgs/environment/path.dsv
[4.643s] -- Up-to-date: /home/pheonix/ros2_ws/install/lifecycle_msgs/share/lifecycle_msgs/local_setup.bash
[4.643s] -- Up-to-date: /home/pheonix/ros2_ws/install/lifecycle_msgs/share/lifecycle_msgs/local_setup.sh
[4.643s] -- Up-to-date: /home/pheonix/ros2_ws/install/lifecycle_msgs/share/lifecycle_msgs/local_setup.zsh
[4.643s] -- Up-to-date: /home/pheonix/ros2_ws/install/lifecycle_msgs/share/lifecycle_msgs/local_setup.dsv
[4.643s] -- Installing: /home/pheonix/ros2_ws/install/lifecycle_msgs/share/lifecycle_msgs/package.dsv
[4.643s] -- Up-to-date: /home/pheonix/ros2_ws/install/lifecycle_msgs/share/ament_index/resource_index/packages/lifecycle_msgs
[4.643s] -- Up-to-date: /home/pheonix/ros2_ws/install/lifecycle_msgs/share/lifecycle_msgs/cmake/export_lifecycle_msgs__rosidl_generator_cExport.cmake
[4.647s] -- Up-to-date: /home/pheonix/ros2_ws/install/lifecycle_msgs/share/lifecycle_msgs/cmake/export_lifecycle_msgs__rosidl_generator_cExport-noconfig.cmake
[4.647s] -- Up-to-date: /home/pheonix/ros2_ws/install/lifecycle_msgs/share/lifecycle_msgs/cmake/export_lifecycle_msgs__rosidl_typesupport_fastrtps_cExport.cmake
[4.659s] -- Up-to-date: /home/pheonix/ros2_ws/install/lifecycle_msgs/share/lifecycle_msgs/cmake/export_lifecycle_msgs__rosidl_typesupport_fastrtps_cExport-noconfig.cmake
[4.659s] -- Up-to-date: /home/pheonix/ros2_ws/install/lifecycle_msgs/share/lifecycle_msgs/cmake/lifecycle_msgs__rosidl_typesupport_introspection_cExport.cmake
[4.659s] -- Up-to-date: /home/pheonix/ros2_ws/install/lifecycle_msgs/share/lifecycle_msgs/cmake/lifecycle_msgs__rosidl_typesupport_introspection_cExport-noconfig.cmake
[4.659s] -- Up-to-date: /home/pheonix/ros2_ws/install/lifecycle_msgs/share/lifecycle_msgs/cmake/lifecycle_msgs__rosidl_typesupport_cExport.cmake
[4.659s] -- Up-to-date: /home/pheonix/ros2_ws/install/lifecycle_msgs/share/lifecycle_msgs/cmake/lifecycle_msgs__rosidl_typesupport_cExport-noconfig.cmake
[4.659s] -- Up-to-date: /home/pheonix/ros2_ws/install/lifecycle_msgs/share/lifecycle_msgs/cmake/export_lifecycle_msgs__rosidl_generator_cppExport.cmake
[4.659s] -- Up-to-date: /home/pheonix/ros2_ws/install/lifecycle_msgs/share/lifecycle_msgs/cmake/export_lifecycle_msgs__rosidl_typesupport_fastrtps_cppExport.cmake
[4.659s] -- Up-to-date: /home/pheonix/ros2_ws/install/lifecycle_msgs/share/lifecycle_msgs/cmake/export_lifecycle_msgs__rosidl_typesupport_fastrtps_cppExport-noconfig.cmake
[4.659s] -- Up-to-date: /home/pheonix/ros2_ws/install/lifecycle_msgs/share/lifecycle_msgs/cmake/lifecycle_msgs__rosidl_typesupport_introspection_cppExport.cmake
[4.659s] -- Up-to-date: /home/pheonix/ros2_ws/install/lifecycle_msgs/share/lifecycle_msgs/cmake/lifecycle_msgs__rosidl_typesupport_introspection_cppExport-noconfig.cmake
[4.659s] -- Up-to-date: /home/pheonix/ros2_ws/install/lifecycle_msgs/share/lifecycle_msgs/cmake/lifecycle_msgs__rosidl_typesupport_cppExport.cmake
[4.659s] -- Up-to-date: /home/pheonix/ros2_ws/install/lifecycle_msgs/share/lifecycle_msgs/cmake/lifecycle_msgs__rosidl_typesupport_cppExport-noconfig.cmake
[4.662s] -- Up-to-date: /home/pheonix/ros2_ws/install/lifecycle_msgs/share/lifecycle_msgs/cmake/export_lifecycle_msgs__rosidl_generator_pyExport.cmake
[4.662s] -- Up-to-date: /home/pheonix/ros2_ws/install/lifecycle_msgs/share/lifecycle_msgs/cmake/export_lifecycle_msgs__rosidl_generator_pyExport-noconfig.cmake
[4.662s] -- Up-to-date: /home/pheonix/ros2_ws/install/lifecycle_msgs/share/lifecycle_msgs/cmake/rosidl_cmake-extras.cmake
[4.662s] -- Up-to-date: /home/pheonix/ros2_ws/install/lifecycle_msgs/share/lifecycle_msgs/cmake/ament_cmake_export_dependencies-extras.cmake
[4.662s] -- Up-to-date: /home/pheonix/ros2_ws/install/lifecycle_msgs/share/lifecycle_msgs/cmake/ament_cmake_export_include_directories-extras.cmake
[4.662s] -- Up-to-date: /home/pheonix/ros2_ws/install/lifecycle_msgs/share/lifecycle_msgs/cmake/ament_cmake_export_libraries-extras.cmake
[4.662s] -- Up-to-date: /home/pheonix/ros2_ws/install/lifecycle_msgs/share/lifecycle_msgs/cmake/ament_cmake_export_targets-extras.cmake
[4.662s] -- Up-to-date: /home/pheonix/ros2_ws/install/lifecycle_msgs/share/lifecycle_msgs/cmake/rosidl_cmake_export_typesupport_targets-extras.cmake
[4.662s] -- Up-to-date: /home/pheonix/ros2_ws/install/lifecycle_msgs/share/lifecycle_msgs/cmake/rosidl_cmake_export_typesupport_libraries-extras.cmake
[4.662s] -- Up-to-date: /home/pheonix/ros2_ws/install/lifecycle_msgs/share/lifecycle_msgs/cmake/lifecycle_msgsConfig.cmake
[4.662s] -- Up-to-date: /home/pheonix/ros2_ws/install/lifecycle_msgs/share/lifecycle_msgs/cmake/lifecycle_msgsConfig-version.cmake
[4.662s] -- Up-to-date: /home/pheonix/ros2_ws/install/lifecycle_msgs/share/lifecycle_msgs/package.xml
[4.668s] Invoked command in '/home/pheonix/ros2_ws/build/lifecycle_msgs' returned '0': CMAKE_PREFIX_PATH=${CMAKE_PREFIX_PATH}:/opt/ros/jazzy DEBUGINFOD_URLS=https://debuginfod.ubuntu.com /usr/bin/cmake --install /home/pheonix/ros2_ws/build/lifecycle_msgs
