[0.587s] Invoking command in '/home/pheonix/ros2_ws/build/teleop_twist_joy': AMENT_PREFIX_PATH=/home/pheonix/ros2_ws/install/launch_testing_ros:/home/pheonix/ros2_ws/install/launch_ros:/home/pheonix/ros2_ws/install/joy:${AMENT_PREFIX_PATH} CMAKE_PREFIX_PATH=/opt/ros/jazzy:/home/pheonix/ros2_ws/install/joy:${CMAKE_PREFIX_PATH} DEBUGINFOD_URLS=https://debuginfod.ubuntu.com LD_LIBRARY_PATH=/home/pheonix/ros2_ws/install/joy/lib:${LD_LIBRARY_PATH} PYTHONPATH=/home/pheonix/ros2_ws/install/launch_testing_ros/lib/python3.12/site-packages:/home/pheonix/ros2_ws/install/launch_ros/lib/python3.12/site-packages:${PYTHONPATH} /usr/bin/cmake --build /home/pheonix/ros2_ws/build/teleop_twist_joy -- -j2 -l2
[0.608s] gmake: Warning: File 'Makefile' has modification time 12374 s in the future
[0.648s] gmake[1]: Warning: File 'CMakeFiles/Makefile2' has modification time 12374 s in the future
[0.653s] gmake[2]: Warning: File 'CMakeFiles/teleop_twist_joy.dir/flags.make' has modification time 12374 s in the future
[0.665s] gmake[2]: warning:  Clock skew detected.  Your build may be incomplete.
[0.669s] gmake[2]: Warning: File 'CMakeFiles/teleop_twist_joy.dir/flags.make' has modification time 12374 s in the future
[0.671s] gmake[2]: warning:  Clock skew detected.  Your build may be incomplete.
[0.677s] [ 50%] Built target teleop_twist_joy
[0.699s] gmake[2]: Warning: File 'CMakeFiles/teleop_twist_joy_node.dir/flags.make' has modification time 12374 s in the future
[0.724s] gmake[2]: warning:  Clock skew detected.  Your build may be incomplete.
[0.727s] gmake[2]: Warning: File 'CMakeFiles/teleop_twist_joy_node.dir/flags.make' has modification time 12374 s in the future
[0.729s] gmake[2]: warning:  Clock skew detected.  Your build may be incomplete.
[0.737s] [100%] Built target teleop_twist_joy_node
[0.738s] gmake[1]: warning:  Clock skew detected.  Your build may be incomplete.
[0.744s] gmake: warning:  Clock skew detected.  Your build may be incomplete.
[0.746s] Invoked command in '/home/pheonix/ros2_ws/build/teleop_twist_joy' returned '0': AMENT_PREFIX_PATH=/home/pheonix/ros2_ws/install/launch_testing_ros:/home/pheonix/ros2_ws/install/launch_ros:/home/pheonix/ros2_ws/install/joy:${AMENT_PREFIX_PATH} CMAKE_PREFIX_PATH=/opt/ros/jazzy:/home/pheonix/ros2_ws/install/joy:${CMAKE_PREFIX_PATH} DEBUGINFOD_URLS=https://debuginfod.ubuntu.com LD_LIBRARY_PATH=/home/pheonix/ros2_ws/install/joy/lib:${LD_LIBRARY_PATH} PYTHONPATH=/home/pheonix/ros2_ws/install/launch_testing_ros/lib/python3.12/site-packages:/home/pheonix/ros2_ws/install/launch_ros/lib/python3.12/site-packages:${PYTHONPATH} /usr/bin/cmake --build /home/pheonix/ros2_ws/build/teleop_twist_joy -- -j2 -l2
[0.994s] Invoking command in '/home/pheonix/ros2_ws/build/teleop_twist_joy': AMENT_PREFIX_PATH=/home/pheonix/ros2_ws/install/launch_testing_ros:/home/pheonix/ros2_ws/install/launch_ros:/home/pheonix/ros2_ws/install/joy:${AMENT_PREFIX_PATH} CMAKE_PREFIX_PATH=/opt/ros/jazzy:/home/pheonix/ros2_ws/install/joy:${CMAKE_PREFIX_PATH} DEBUGINFOD_URLS=https://debuginfod.ubuntu.com LD_LIBRARY_PATH=/home/pheonix/ros2_ws/install/joy/lib:${LD_LIBRARY_PATH} PYTHONPATH=/home/pheonix/ros2_ws/install/launch_testing_ros/lib/python3.12/site-packages:/home/pheonix/ros2_ws/install/launch_ros/lib/python3.12/site-packages:${PYTHONPATH} /usr/bin/cmake --install /home/pheonix/ros2_ws/build/teleop_twist_joy
[1.002s] -- Install configuration: ""
[1.005s] -- Up-to-date: /home/pheonix/ros2_ws/install/teleop_twist_joy/lib/libteleop_twist_joy.so
[1.009s] -- Up-to-date: /home/pheonix/ros2_ws/install/teleop_twist_joy/lib/teleop_twist_joy/teleop_node
[1.009s] -- Up-to-date: /home/pheonix/ros2_ws/install/teleop_twist_joy/include/teleop_twist_joy
[1.010s] -- Up-to-date: /home/pheonix/ros2_ws/install/teleop_twist_joy/include/teleop_twist_joy/teleop_twist_joy
[1.011s] -- Up-to-date: /home/pheonix/ros2_ws/install/teleop_twist_joy/include/teleop_twist_joy/teleop_twist_joy/teleop_twist_joy.hpp
[1.011s] -- Up-to-date: /home/pheonix/ros2_ws/install/teleop_twist_joy/include/teleop_twist_joy/teleop_twist_joy/teleop_twist_joy_export.h
[1.012s] -- Up-to-date: /home/pheonix/ros2_ws/install/teleop_twist_joy/share/teleop_twist_joy/launch
[1.012s] -- Up-to-date: /home/pheonix/ros2_ws/install/teleop_twist_joy/share/teleop_twist_joy/launch/teleop-launch.py
[1.013s] -- Up-to-date: /home/pheonix/ros2_ws/install/teleop_twist_joy/share/teleop_twist_joy/config
[1.013s] -- Up-to-date: /home/pheonix/ros2_ws/install/teleop_twist_joy/share/teleop_twist_joy/config/atk3.config.yaml
[1.013s] -- Up-to-date: /home/pheonix/ros2_ws/install/teleop_twist_joy/share/teleop_twist_joy/config/ps3-holonomic.config.yaml
[1.013s] -- Up-to-date: /home/pheonix/ros2_ws/install/teleop_twist_joy/share/teleop_twist_joy/config/ps3.config.yaml
[1.013s] -- Up-to-date: /home/pheonix/ros2_ws/install/teleop_twist_joy/share/teleop_twist_joy/config/xbox.config.yaml
[1.014s] -- Up-to-date: /home/pheonix/ros2_ws/install/teleop_twist_joy/share/teleop_twist_joy/config/xd3.config.yaml
[1.014s] -- Up-to-date: /home/pheonix/ros2_ws/install/teleop_twist_joy/share/teleop_twist_joy/config/pdp.config.yaml
[1.014s] -- Up-to-date: /home/pheonix/ros2_ws/install/teleop_twist_joy/share/teleop_twist_joy/environment/library_path.sh
[1.014s] -- Up-to-date: /home/pheonix/ros2_ws/install/teleop_twist_joy/share/teleop_twist_joy/environment/library_path.dsv
[1.016s] -- Up-to-date: /home/pheonix/ros2_ws/install/teleop_twist_joy/share/ament_index/resource_index/package_run_dependencies/teleop_twist_joy
[1.016s] -- Up-to-date: /home/pheonix/ros2_ws/install/teleop_twist_joy/share/ament_index/resource_index/parent_prefix_path/teleop_twist_joy
[1.016s] -- Up-to-date: /home/pheonix/ros2_ws/install/teleop_twist_joy/share/teleop_twist_joy/environment/ament_prefix_path.sh
[1.016s] -- Up-to-date: /home/pheonix/ros2_ws/install/teleop_twist_joy/share/teleop_twist_joy/environment/ament_prefix_path.dsv
[1.016s] -- Up-to-date: /home/pheonix/ros2_ws/install/teleop_twist_joy/share/teleop_twist_joy/environment/path.sh
[1.016s] -- Up-to-date: /home/pheonix/ros2_ws/install/teleop_twist_joy/share/teleop_twist_joy/environment/path.dsv
[1.017s] -- Up-to-date: /home/pheonix/ros2_ws/install/teleop_twist_joy/share/teleop_twist_joy/local_setup.bash
[1.017s] -- Up-to-date: /home/pheonix/ros2_ws/install/teleop_twist_joy/share/teleop_twist_joy/local_setup.sh
[1.017s] -- Up-to-date: /home/pheonix/ros2_ws/install/teleop_twist_joy/share/teleop_twist_joy/local_setup.zsh
[1.017s] -- Up-to-date: /home/pheonix/ros2_ws/install/teleop_twist_joy/share/teleop_twist_joy/local_setup.dsv
[1.017s] -- Installing: /home/pheonix/ros2_ws/install/teleop_twist_joy/share/teleop_twist_joy/package.dsv
[1.018s] -- Up-to-date: /home/pheonix/ros2_ws/install/teleop_twist_joy/share/ament_index/resource_index/packages/teleop_twist_joy
[1.018s] -- Up-to-date: /home/pheonix/ros2_ws/install/teleop_twist_joy/share/ament_index/resource_index/rclcpp_components/teleop_twist_joy
[1.020s] -- Up-to-date: /home/pheonix/ros2_ws/install/teleop_twist_joy/share/teleop_twist_joy/cmake/export_teleop_twist_joyExport.cmake
[1.020s] -- Up-to-date: /home/pheonix/ros2_ws/install/teleop_twist_joy/share/teleop_twist_joy/cmake/export_teleop_twist_joyExport-noconfig.cmake
[1.020s] -- Up-to-date: /home/pheonix/ros2_ws/install/teleop_twist_joy/share/teleop_twist_joy/cmake/ament_cmake_export_include_directories-extras.cmake
[1.020s] -- Up-to-date: /home/pheonix/ros2_ws/install/teleop_twist_joy/share/teleop_twist_joy/cmake/ament_cmake_export_libraries-extras.cmake
[1.020s] -- Up-to-date: /home/pheonix/ros2_ws/install/teleop_twist_joy/share/teleop_twist_joy/cmake/ament_cmake_export_targets-extras.cmake
[1.021s] -- Up-to-date: /home/pheonix/ros2_ws/install/teleop_twist_joy/share/teleop_twist_joy/cmake/teleop_twist_joyConfig.cmake
[1.021s] -- Up-to-date: /home/pheonix/ros2_ws/install/teleop_twist_joy/share/teleop_twist_joy/cmake/teleop_twist_joyConfig-version.cmake
[1.021s] -- Up-to-date: /home/pheonix/ros2_ws/install/teleop_twist_joy/share/teleop_twist_joy/package.xml
[1.022s] Invoked command in '/home/pheonix/ros2_ws/build/teleop_twist_joy' returned '0': AMENT_PREFIX_PATH=/home/pheonix/ros2_ws/install/launch_testing_ros:/home/pheonix/ros2_ws/install/launch_ros:/home/pheonix/ros2_ws/install/joy:${AMENT_PREFIX_PATH} CMAKE_PREFIX_PATH=/opt/ros/jazzy:/home/pheonix/ros2_ws/install/joy:${CMAKE_PREFIX_PATH} DEBUGINFOD_URLS=https://debuginfod.ubuntu.com LD_LIBRARY_PATH=/home/pheonix/ros2_ws/install/joy/lib:${LD_LIBRARY_PATH} PYTHONPATH=/home/pheonix/ros2_ws/install/launch_testing_ros/lib/python3.12/site-packages:/home/pheonix/ros2_ws/install/launch_ros/lib/python3.12/site-packages:${PYTHONPATH} /usr/bin/cmake --install /home/pheonix/ros2_ws/build/teleop_twist_joy
