-- The C compiler identification is GNU 13.2.0
-- The CXX compiler identification is GNU 13.2.0
-- Detecting C compiler ABI info
-- Detecting C compiler ABI info - done
-- Check for working C compiler: /usr/bin/cc - skipped
-- Detecting C compile features
-- Detecting C compile features - done
-- Detecting CXX compiler ABI info
-- Detecting CXX compiler ABI info - done
-- Check for working CXX compiler: /usr/bin/c++ - skipped
-- Detecting CXX compile features
-- Detecting CXX compile features - done
-- Found ament_cmake: 2.5.2 (/opt/ros/jazzy/share/ament_cmake/cmake)
-- Found Python3: /usr/bin/python3 (found version "3.12.3") found components: Interpreter 
-- Found diagnostic_msgs: 5.3.5 (/opt/ros/jazzy/share/diagnostic_msgs/cmake)
-- Found rosidl_generator_c: 4.6.3 (/opt/ros/jazzy/share/rosidl_generator_c/cmake)
-- Found rosidl_generator_cpp: 4.6.3 (/opt/ros/jazzy/share/rosidl_generator_cpp/cmake)
-- Using all available rosidl_typesupport_c: rosidl_typesupport_fastrtps_c;rosidl_typesupport_introspection_c
-- Using all available rosidl_typesupport_cpp: rosidl_typesupport_fastrtps_cpp;rosidl_typesupport_introspection_cpp
-- Found diagnostic_updater: 4.2.1 (/opt/ros/jazzy/share/diagnostic_updater/cmake)
-- Found rmw_implementation_cmake: 7.3.1 (/opt/ros/jazzy/share/rmw_implementation_cmake/cmake)
-- Found rmw_fastrtps_cpp: 8.4.1 (/opt/ros/jazzy/share/rmw_fastrtps_cpp/cmake)
-- Found OpenSSL: /usr/lib/x86_64-linux-gnu/libcrypto.so (found version "3.0.13")  
-- Found FastRTPS: /opt/ros/jazzy/include (Required is at least version "2.13") 
-- Using RMW implementation 'rmw_fastrtps_cpp' as default
-- Found sensor_msgs: 5.3.5 (/opt/ros/jazzy/share/sensor_msgs/cmake)
-- Looking for include file linux/joystick.h
-- Looking for include file linux/joystick.h - found
-- Found ament_lint_auto: 0.17.1 (/opt/ros/jazzy/share/ament_lint_auto/cmake)
-- Added test 'cppcheck' to perform static code analysis on C / C++ code
-- Configured cppcheck include dirs: /home/pheonix/ros2_ws/src/joystick_drivers/joy_linux/msg/cpp
-- Configured cppcheck exclude dirs and/or files: 
-- Added test 'cpplint' to check C / C++ code against the Google style
-- Configured cpplint exclude dirs and/or files: 
-- Added test 'lint_cmake' to check CMake code style
-- Added test 'uncrustify' to check C / C++ code style
-- Configured uncrustify additional arguments: 
-- Added test 'xmllint' to check XML markup files
-- Configuring done (2.0s)
-- Generating done (0.0s)
-- Build files have been written to: /home/pheonix/ros2_ws/build/joy_linux
[ 50%] [32mBuilding CXX object CMakeFiles/joy_linux_node.dir/src/joy_linux_node.cpp.o[0m
[100%] [32m[1mLinking CXX executable joy_linux_node[0m
[100%] Built target joy_linux_node
-- Install configuration: ""
-- Installing: /home/pheonix/ros2_ws/install/joy_linux/lib/joy_linux/joy_linux_node
-- Set non-toolchain portion of runtime path of "/home/pheonix/ros2_ws/install/joy_linux/lib/joy_linux/joy_linux_node" to ""
-- Installing: /home/pheonix/ros2_ws/install/joy_linux/share/ament_index/resource_index/package_run_dependencies/joy_linux
-- Installing: /home/pheonix/ros2_ws/install/joy_linux/share/ament_index/resource_index/parent_prefix_path/joy_linux
-- Installing: /home/pheonix/ros2_ws/install/joy_linux/share/joy_linux/environment/ament_prefix_path.sh
-- Installing: /home/pheonix/ros2_ws/install/joy_linux/share/joy_linux/environment/ament_prefix_path.dsv
-- Installing: /home/pheonix/ros2_ws/install/joy_linux/share/joy_linux/environment/path.sh
-- Installing: /home/pheonix/ros2_ws/install/joy_linux/share/joy_linux/environment/path.dsv
-- Installing: /home/pheonix/ros2_ws/install/joy_linux/share/joy_linux/local_setup.bash
-- Installing: /home/pheonix/ros2_ws/install/joy_linux/share/joy_linux/local_setup.sh
-- Installing: /home/pheonix/ros2_ws/install/joy_linux/share/joy_linux/local_setup.zsh
-- Installing: /home/pheonix/ros2_ws/install/joy_linux/share/joy_linux/local_setup.dsv
-- Installing: /home/pheonix/ros2_ws/install/joy_linux/share/joy_linux/package.dsv
-- Installing: /home/pheonix/ros2_ws/install/joy_linux/share/ament_index/resource_index/packages/joy_linux
-- Installing: /home/pheonix/ros2_ws/install/joy_linux/share/joy_linux/cmake/joy_linuxConfig.cmake
-- Installing: /home/pheonix/ros2_ws/install/joy_linux/share/joy_linux/cmake/joy_linuxConfig-version.cmake
-- Installing: /home/pheonix/ros2_ws/install/joy_linux/share/joy_linux/package.xml
