running develop
/usr/lib/python3/dist-packages/setuptools/command/develop.py:40: EasyInstallDeprecationWarning: easy_install command is deprecated.
!!

        ********************************************************************************
        Please avoid running ``setup.py`` and ``easy_install``.
        Instead, use pypa/build, pypa/installer or other
        standards-based tools.

        See https://github.com/pypa/setuptools/issues/917 for details.
        ********************************************************************************

!!
  easy_install.initialize_options(self)
running egg_info
writing launch_ros.egg-info/PKG-INFO
writing dependency_links to launch_ros.egg-info/dependency_links.txt
writing entry points to launch_ros.egg-info/entry_points.txt
writing requirements to launch_ros.egg-info/requires.txt
writing top-level names to launch_ros.egg-info/top_level.txt
reading manifest file 'launch_ros.egg-info/SOURCES.txt'
writing manifest file 'launch_ros.egg-info/SOURCES.txt'
running build_ext
Creating /home/pheonix/ros2_ws/install/launch_ros/lib/python3.12/site-packages/launch-ros.egg-link (link to .)

Installed /home/pheonix/ros2_ws/build/launch_ros
running symlink_data
symbolically linking /home/pheonix/ros2_ws/build/launch_ros/package.xml -> /home/pheonix/ros2_ws/install/launch_ros/share/launch_ros
symbolically linking /home/pheonix/ros2_ws/build/launch_ros/resource/launch_ros -> /home/pheonix/ros2_ws/install/launch_ros/share/ament_index/resource_index/packages
