[1.163s] Invoking command in '/home/pheonix/ros2_ws/build/launch_ros': DEBUGINFOD_URLS=https://debuginfod.ubuntu.com PYTHONPATH=/home/pheonix/ros2_ws/build/launch_ros/prefix_override:/usr/lib/python3/dist-packages/colcon_core/task/python/colcon_distutils_commands:/home/pheonix/ros2_ws/install/launch_ros/lib/python3.12/site-packages:${PYTHONPATH} /usr/bin/python3 -W ignore:setup.py install is deprecated setup.py develop --editable --build-directory /home/pheonix/ros2_ws/build/launch_ros/build --no-deps symlink_data --force
[1.669s] running develop
[1.669s] /usr/lib/python3/dist-packages/setuptools/command/develop.py:40: EasyInstallDeprecationWarning: easy_install command is deprecated.
[1.670s] !!
[1.670s] 
[1.670s]         ********************************************************************************
[1.670s]         Please avoid running ``setup.py`` and ``easy_install``.
[1.670s]         Instead, use pypa/build, pypa/installer or other
[1.670s]         standards-based tools.
[1.670s] 
[1.670s]         See https://github.com/pypa/setuptools/issues/917 for details.
[1.670s]         ********************************************************************************
[1.670s] 
[1.670s] !!
[1.670s]   easy_install.initialize_options(self)
[1.908s] running egg_info
[1.935s] writing launch_ros.egg-info/PKG-INFO
[1.935s] writing dependency_links to launch_ros.egg-info/dependency_links.txt
[1.935s] writing entry points to launch_ros.egg-info/entry_points.txt
[1.935s] writing requirements to launch_ros.egg-info/requires.txt
[1.935s] writing top-level names to launch_ros.egg-info/top_level.txt
[1.990s] reading manifest file 'launch_ros.egg-info/SOURCES.txt'
[1.996s] writing manifest file 'launch_ros.egg-info/SOURCES.txt'
[2.034s] running build_ext
[2.034s] Creating /home/pheonix/ros2_ws/install/launch_ros/lib/python3.12/site-packages/launch-ros.egg-link (link to .)
[2.038s] 
[2.038s] Installed /home/pheonix/ros2_ws/build/launch_ros
[2.038s] running symlink_data
[2.038s] symbolically linking /home/pheonix/ros2_ws/build/launch_ros/package.xml -> /home/pheonix/ros2_ws/install/launch_ros/share/launch_ros
[2.038s] symbolically linking /home/pheonix/ros2_ws/build/launch_ros/resource/launch_ros -> /home/pheonix/ros2_ws/install/launch_ros/share/ament_index/resource_index/packages
[2.090s] Invoked command in '/home/pheonix/ros2_ws/build/launch_ros' returned '0': DEBUGINFOD_URLS=https://debuginfod.ubuntu.com PYTHONPATH=/home/pheonix/ros2_ws/build/launch_ros/prefix_override:/usr/lib/python3/dist-packages/colcon_core/task/python/colcon_distutils_commands:/home/pheonix/ros2_ws/install/launch_ros/lib/python3.12/site-packages:${PYTHONPATH} /usr/bin/python3 -W ignore:setup.py install is deprecated setup.py develop --editable --build-directory /home/pheonix/ros2_ws/build/launch_ros/build --no-deps symlink_data --force
