[0.559s] Invoking command in '/home/pheonix/ros2_ws/src/launch_ros/launch_ros': DEBUGINFOD_URLS=https://debuginfod.ubuntu.com PYTHONPATH=/home/pheonix/ros2_ws/build/launch_ros/prefix_override:/usr/lib/python3/dist-packages/colcon_core/task/python/colcon_distutils_commands:/home/pheonix/ros2_ws/install/launch_ros/lib/python3.12/site-packages:${PYTHONPATH} /usr/bin/python3 -W ignore:setup.py install is deprecated setup.py egg_info --egg-base ../../../build/launch_ros build --build-base /home/pheonix/ros2_ws/build/launch_ros/build install --record /home/pheonix/ros2_ws/build/launch_ros/install.log --single-version-externally-managed install_data
[0.862s] running egg_info
[0.880s] writing ../../../build/launch_ros/launch_ros.egg-info/PKG-INFO
[0.882s] writing dependency_links to ../../../build/launch_ros/launch_ros.egg-info/dependency_links.txt
[0.882s] writing entry points to ../../../build/launch_ros/launch_ros.egg-info/entry_points.txt
[0.882s] writing requirements to ../../../build/launch_ros/launch_ros.egg-info/requires.txt
[0.883s] writing top-level names to ../../../build/launch_ros/launch_ros.egg-info/top_level.txt
[0.918s] reading manifest file '../../../build/launch_ros/launch_ros.egg-info/SOURCES.txt'
[0.919s] writing manifest file '../../../build/launch_ros/launch_ros.egg-info/SOURCES.txt'
[0.920s] running build
[0.920s] running build_py
[0.931s] running install
[0.937s] running install_lib
[0.968s] running install_data
[0.970s] running install_egg_info
[0.990s] removing '/home/pheonix/ros2_ws/install/launch_ros/lib/python3.12/site-packages/launch_ros-0.27.2-py3.12.egg-info' (and everything under it)
[0.991s] Copying ../../../build/launch_ros/launch_ros.egg-info to /home/pheonix/ros2_ws/install/launch_ros/lib/python3.12/site-packages/launch_ros-0.27.2-py3.12.egg-info
[0.992s] running install_scripts
[1.105s] writing list of installed files to '/home/pheonix/ros2_ws/build/launch_ros/install.log'
[1.140s] Invoked command in '/home/pheonix/ros2_ws/src/launch_ros/launch_ros' returned '0': DEBUGINFOD_URLS=https://debuginfod.ubuntu.com PYTHONPATH=/home/pheonix/ros2_ws/build/launch_ros/prefix_override:/usr/lib/python3/dist-packages/colcon_core/task/python/colcon_distutils_commands:/home/pheonix/ros2_ws/install/launch_ros/lib/python3.12/site-packages:${PYTHONPATH} /usr/bin/python3 -W ignore:setup.py install is deprecated setup.py egg_info --egg-base ../../../build/launch_ros build --build-base /home/pheonix/ros2_ws/build/launch_ros/build install --record /home/pheonix/ros2_ws/build/launch_ros/install.log --single-version-externally-managed install_data
