[0.128s] Invoking command in '/home/pheonix/ros2_ws/build/joy': CMAKE_PREFIX_PATH=${CMAKE_PREFIX_PATH}:/opt/ros/jazzy DEBUGINFOD_URLS=https://debuginfod.ubuntu.com /usr/bin/cmake /home/pheonix/ros2_ws/src/joystick_drivers/joy -DCMAKE_INSTALL_PREFIX=/home/pheonix/ros2_ws/install/joy
[0.207s] -- Found ament_cmake_ros: 0.12.0 (/opt/ros/jazzy/share/ament_cmake_ros/cmake)
[0.476s] -- Found Python3: /usr/bin/python3 (found version "3.12.3") found components: Interpreter 
[0.691s] -- Found rclcpp: 28.1.3 (/opt/ros/jazzy/share/rclcpp/cmake)
[0.800s] -- Found rosidl_generator_c: 4.6.3 (/opt/ros/jazzy/share/rosidl_generator_c/cmake)
[0.842s] -- Found rosidl_generator_cpp: 4.6.3 (/opt/ros/jazzy/share/rosidl_generator_cpp/cmake)
[0.877s] -- Using all available rosidl_typesupport_c: rosidl_typesupport_fastrtps_c;rosidl_typesupport_introspection_c
[0.908s] -- Using all available rosidl_typesupport_cpp: rosidl_typesupport_fastrtps_cpp;rosidl_typesupport_introspection_cpp
[1.052s] -- Found rmw_implementation_cmake: 7.3.1 (/opt/ros/jazzy/share/rmw_implementation_cmake/cmake)
[1.059s] -- Found rmw_fastrtps_cpp: 8.4.1 (/opt/ros/jazzy/share/rmw_fastrtps_cpp/cmake)
[1.248s] -- Found OpenSSL: /usr/lib/x86_64-linux-gnu/libcrypto.so (found version "3.0.13")  
[1.286s] -- Found FastRTPS: /opt/ros/jazzy/include (Required is at least version "2.13") 
[1.303s] -- Using RMW implementation 'rmw_fastrtps_cpp' as default
[1.435s] -- Found rclcpp_components: 28.1.3 (/opt/ros/jazzy/share/rclcpp_components/cmake)
[1.519s] -- Found sdl2_vendor: 3.3.0 (/opt/ros/jazzy/share/sdl2_vendor/cmake)
[1.529s] -- Found sensor_msgs: 5.3.5 (/opt/ros/jazzy/share/sensor_msgs/cmake)
[1.632s] -- Found ament_lint_auto: 0.17.1 (/opt/ros/jazzy/share/ament_lint_auto/cmake)
[1.772s] -- Added test 'cppcheck' to perform static code analysis on C / C++ code
[1.772s] -- Configured cppcheck include dirs: $<BUILD_INTERFACE:/home/pheonix/ros2_ws/src/joystick_drivers/joy/include>
[1.772s] -- Configured cppcheck exclude dirs and/or files: 
[1.772s] -- Added test 'cpplint' to check C / C++ code against the Google style
[1.772s] -- Configured cpplint exclude dirs and/or files: 
[1.773s] -- Added test 'flake8' to check Python code syntax and style conventions
[1.773s] -- Configured 'flake8' exclude dirs and/or files: 
[1.776s] -- Added test 'lint_cmake' to check CMake code style
[1.776s] -- Added test 'pep257' to check Python code against some of the docstring style conventions in PEP 257
[1.777s] -- Added test 'uncrustify' to check C / C++ code style
[1.777s] -- Configured uncrustify additional arguments: 
[1.778s] -- Added test 'xmllint' to check XML markup files
[1.781s] -- Configuring done (1.6s)
[1.803s] -- Generating done (0.0s)
[1.804s] -- Build files have been written to: /home/pheonix/ros2_ws/build/joy
[1.824s] Invoked command in '/home/pheonix/ros2_ws/build/joy' returned '0': CMAKE_PREFIX_PATH=${CMAKE_PREFIX_PATH}:/opt/ros/jazzy DEBUGINFOD_URLS=https://debuginfod.ubuntu.com /usr/bin/cmake /home/pheonix/ros2_ws/src/joystick_drivers/joy -DCMAKE_INSTALL_PREFIX=/home/pheonix/ros2_ws/install/joy
[1.828s] Invoking command in '/home/pheonix/ros2_ws/build/joy': CMAKE_PREFIX_PATH=${CMAKE_PREFIX_PATH}:/opt/ros/jazzy DEBUGINFOD_URLS=https://debuginfod.ubuntu.com /usr/bin/cmake --build /home/pheonix/ros2_ws/build/joy -- -j2 -l2
[1.909s] [ 10%] [32mBuilding CXX object CMakeFiles/joy.dir/src/joy.cpp.o[0m
[1.916s] [ 20%] [32mBuilding CXX object CMakeFiles/joy_node.dir/rclcpp_components/node_main_joy_node.cpp.o[0m
[5.151s] [ 30%] [32m[1mLinking CXX executable joy_node[0m
[5.448s] [ 30%] Built target joy_node
[5.466s] [ 40%] [32mBuilding CXX object CMakeFiles/game_controller.dir/src/game_controller.cpp.o[0m
[10.034s] [ 50%] [32m[1mLinking CXX shared library libjoy.so[0m
[10.464s] [ 50%] Built target joy
[10.485s] [ 60%] [32mBuilding CXX object CMakeFiles/game_controller_node.dir/rclcpp_components/node_main_game_controller_node.cpp.o[0m
[12.432s] [ 70%] [32m[1mLinking CXX shared library libgame_controller.so[0m
[12.655s] [ 70%] Built target game_controller
[12.682s] [ 80%] [32mBuilding CXX object CMakeFiles/joy_enumerate_devices.dir/src/joy_enumerate_devices.cpp.o[0m
[13.060s] [ 90%] [32m[1mLinking CXX executable game_controller_node[0m
[13.164s] [ 90%] Built target game_controller_node
[13.226s] [100%] [32m[1mLinking CXX executable joy_enumerate_devices[0m
[13.327s] [100%] Built target joy_enumerate_devices
