[0.008s] Invoking command in '/home/pheonix/ros2_ws/build/joy_linux': CMAKE_PREFIX_PATH=${CMAKE_PREFIX_PATH}:/opt/ros/jazzy DEBUGINFOD_URLS=https://debuginfod.ubuntu.com /usr/bin/cmake --build /home/pheonix/ros2_ws/build/joy_linux -- -j2 -l2
[0.130s] [100%] Built target joy_linux_node
[0.138s] Invoked command in '/home/pheonix/ros2_ws/build/joy_linux' returned '0': CMAKE_PREFIX_PATH=${CMAKE_PREFIX_PATH}:/opt/ros/jazzy DEBUGINFOD_URLS=https://debuginfod.ubuntu.com /usr/bin/cmake --build /home/pheonix/ros2_ws/build/joy_linux -- -j2 -l2
[0.184s] Invoking command in '/home/pheonix/ros2_ws/build/joy_linux': CMAKE_PREFIX_PATH=${CMAKE_PREFIX_PATH}:/opt/ros/jazzy DEBUGINFOD_URLS=https://debuginfod.ubuntu.com /usr/bin/cmake --install /home/pheonix/ros2_ws/build/joy_linux
[0.192s] -- Install configuration: ""
[0.195s] -- Up-to-date: /home/pheonix/ros2_ws/install/joy_linux/lib/joy_linux/joy_linux_node
[0.197s] -- Up-to-date: /home/pheonix/ros2_ws/install/joy_linux/share/ament_index/resource_index/package_run_dependencies/joy_linux
[0.198s] -- Up-to-date: /home/pheonix/ros2_ws/install/joy_linux/share/ament_index/resource_index/parent_prefix_path/joy_linux
[0.199s] -- Up-to-date: /home/pheonix/ros2_ws/install/joy_linux/share/joy_linux/environment/ament_prefix_path.sh
[0.199s] -- Up-to-date: /home/pheonix/ros2_ws/install/joy_linux/share/joy_linux/environment/ament_prefix_path.dsv
[0.199s] -- Up-to-date: /home/pheonix/ros2_ws/install/joy_linux/share/joy_linux/environment/path.sh
[0.200s] -- Up-to-date: /home/pheonix/ros2_ws/install/joy_linux/share/joy_linux/environment/path.dsv
[0.200s] -- Up-to-date: /home/pheonix/ros2_ws/install/joy_linux/share/joy_linux/local_setup.bash
[0.200s] -- Up-to-date: /home/pheonix/ros2_ws/install/joy_linux/share/joy_linux/local_setup.sh
[0.200s] -- Up-to-date: /home/pheonix/ros2_ws/install/joy_linux/share/joy_linux/local_setup.zsh
[0.200s] -- Up-to-date: /home/pheonix/ros2_ws/install/joy_linux/share/joy_linux/local_setup.dsv
[0.200s] -- Installing: /home/pheonix/ros2_ws/install/joy_linux/share/joy_linux/package.dsv
[0.201s] -- Up-to-date: /home/pheonix/ros2_ws/install/joy_linux/share/ament_index/resource_index/packages/joy_linux
[0.202s] -- Up-to-date: /home/pheonix/ros2_ws/install/joy_linux/share/joy_linux/cmake/joy_linuxConfig.cmake
[0.202s] -- Up-to-date: /home/pheonix/ros2_ws/install/joy_linux/share/joy_linux/cmake/joy_linuxConfig-version.cmake
[0.202s] -- Up-to-date: /home/pheonix/ros2_ws/install/joy_linux/share/joy_linux/package.xml
[0.204s] Invoked command in '/home/pheonix/ros2_ws/build/joy_linux' returned '0': CMAKE_PREFIX_PATH=${CMAKE_PREFIX_PATH}:/opt/ros/jazzy DEBUGINFOD_URLS=https://debuginfod.ubuntu.com /usr/bin/cmake --install /home/pheonix/ros2_ws/build/joy_linux
