[0.014s] Invoking command in '/home/pheonix/ros2_ws/build/lifecycle_msgs': CMAKE_PREFIX_PATH=${CMAKE_PREFIX_PATH}:/opt/ros/jazzy DEBUGINFOD_URLS=https://debuginfod.ubuntu.com /usr/bin/cmake /home/pheonix/ros2_ws/src/rcl_interfaces/lifecycle_msgs -DCMAKE_INSTALL_PREFIX=/home/pheonix/ros2_ws/install/lifecycle_msgs
[0.207s] -- The C compiler identification is GNU 13.2.0
[0.332s] -- The CXX compiler identification is GNU 13.2.0
[0.364s] -- Detecting C compiler ABI info
[0.560s] -- Detecting C compiler ABI info - done
[0.577s] -- Check for working C compiler: /usr/bin/cc - skipped
[0.579s] -- Detecting C compile features
[0.581s] -- Detecting C compile features - done
[0.653s] -- Detecting CXX compiler ABI info
[0.910s] -- Detecting CXX compiler ABI info - done
[0.924s] -- Check for working CXX compiler: /usr/bin/c++ - skipped
[0.924s] -- Detecting CXX compile features
[0.924s] -- Detecting CXX compile features - done
[0.944s] -- Found ament_cmake: 2.5.2 (/opt/ros/jazzy/share/ament_cmake/cmake)
[1.190s] -- Found Python3: /usr/bin/python3 (found version "3.12.3") found components: Interpreter 
[1.745s] -- Found rosidl_default_generators: 1.6.0 (/opt/ros/jazzy/share/rosidl_default_generators/cmake)
[1.779s] -- Using all available rosidl_typesupport_c: rosidl_typesupport_fastrtps_c;rosidl_typesupport_introspection_c
[1.991s] -- Using all available rosidl_typesupport_cpp: rosidl_typesupport_fastrtps_cpp;rosidl_typesupport_introspection_cpp
[2.148s] -- Found rosidl_adapter: 4.6.3 (/opt/ros/jazzy/share/rosidl_adapter/cmake)
[4.235s] -- Found ament_cmake_cppcheck: 0.17.1 (/opt/ros/jazzy/share/ament_cmake_cppcheck/cmake)
[4.264s] -- Found ament_cmake_cpplint: 0.17.1 (/opt/ros/jazzy/share/ament_cmake_cpplint/cmake)
[4.283s] -- Found ament_cmake_uncrustify: 0.17.1 (/opt/ros/jazzy/share/ament_cmake_uncrustify/cmake)
[4.287s] -- Found ament_cmake_ros: 0.12.0 (/opt/ros/jazzy/share/ament_cmake_ros/cmake)
[4.973s] -- Using all available rosidl_typesupport_c: rosidl_typesupport_fastrtps_c;rosidl_typesupport_introspection_c
[5.622s] -- Using all available rosidl_typesupport_cpp: rosidl_typesupport_fastrtps_cpp;rosidl_typesupport_introspection_cpp
[5.645s] -- Found python_cmake_module: 0.11.1 (/opt/ros/jazzy/share/python_cmake_module/cmake)
[5.783s] -- Found PythonExtra: /usr/bin/python3  
[6.468s] -- Found Python3: /usr/bin/python3 (found version "3.12.3") found components: Interpreter Development NumPy Development.Module Development.Embed 
[6.532s] -- Found ament_cmake_flake8: 0.17.1 (/opt/ros/jazzy/share/ament_cmake_flake8/cmake)
[6.541s] -- Found ament_cmake_pep257: 0.17.1 (/opt/ros/jazzy/share/ament_cmake_pep257/cmake)
[6.553s] -- Found ament_lint_auto: 0.17.1 (/opt/ros/jazzy/share/ament_lint_auto/cmake)
[6.611s] -- Added test 'copyright' to check source files copyright and LICENSE
[6.611s] -- Added test 'lint_cmake' to check CMake code style
[6.612s] -- Added test 'xmllint' to check XML markup files
[6.620s] -- Configuring done (6.6s)
[6.681s] -- Generating done (0.0s)
[6.681s] -- Build files have been written to: /home/pheonix/ros2_ws/build/lifecycle_msgs
[6.700s] Invoked command in '/home/pheonix/ros2_ws/build/lifecycle_msgs' returned '0': CMAKE_PREFIX_PATH=${CMAKE_PREFIX_PATH}:/opt/ros/jazzy DEBUGINFOD_URLS=https://debuginfod.ubuntu.com /usr/bin/cmake /home/pheonix/ros2_ws/src/rcl_interfaces/lifecycle_msgs -DCMAKE_INSTALL_PREFIX=/home/pheonix/ros2_ws/install/lifecycle_msgs
[6.701s] Invoking command in '/home/pheonix/ros2_ws/build/lifecycle_msgs': CMAKE_PREFIX_PATH=${CMAKE_PREFIX_PATH}:/opt/ros/jazzy DEBUGINFOD_URLS=https://debuginfod.ubuntu.com /usr/bin/cmake --build /home/pheonix/ros2_ws/build/lifecycle_msgs -- -j2 -l2
[6.805s] [  1%] [34m[1mGenerating type hashes for ROS interfaces[0m
[7.442s] [  1%] Built target lifecycle_msgs__rosidl_generator_type_description
[7.668s] [  1%] Built target ament_cmake_python_copy_lifecycle_msgs
[7.706s] [  1%] [34m[1mGenerating C++ code for ROS interfaces[0m
[9.754s] [  1%] Built target lifecycle_msgs__cpp
[9.796s] [  2%] [34m[1mGenerating C code for ROS interfaces[0m
[13.514s] [  3%] [32mBuilding C object CMakeFiles/lifecycle_msgs__rosidl_generator_c.dir/rosidl_generator_c/lifecycle_msgs/msg/detail/state__description.c.o[0m
[13.782s] [  4%] [32mBuilding C object CMakeFiles/lifecycle_msgs__rosidl_generator_c.dir/rosidl_generator_c/lifecycle_msgs/msg/detail/state__functions.c.o[0m
[13.935s] [  5%] [32mBuilding C object CMakeFiles/lifecycle_msgs__rosidl_generator_c.dir/rosidl_generator_c/lifecycle_msgs/msg/detail/state__type_support.c.o[0m
[13.993s] [  6%] [32mBuilding C object CMakeFiles/lifecycle_msgs__rosidl_generator_c.dir/rosidl_generator_c/lifecycle_msgs/msg/detail/transition__description.c.o[0m
[14.068s] [  7%] [32mBuilding C object CMakeFiles/lifecycle_msgs__rosidl_generator_c.dir/rosidl_generator_c/lifecycle_msgs/msg/detail/transition__functions.c.o[0m
[14.193s] [  8%] [32mBuilding C object CMakeFiles/lifecycle_msgs__rosidl_generator_c.dir/rosidl_generator_c/lifecycle_msgs/msg/detail/transition__type_support.c.o[0m
[14.324s] [  9%] [32mBuilding C object CMakeFiles/lifecycle_msgs__rosidl_generator_c.dir/rosidl_generator_c/lifecycle_msgs/msg/detail/transition_description__description.c.o[0m
[14.384s] [ 10%] [32mBuilding C object CMakeFiles/lifecycle_msgs__rosidl_generator_c.dir/rosidl_generator_c/lifecycle_msgs/msg/detail/transition_description__functions.c.o[0m
[14.489s] [ 11%] [32mBuilding C object CMakeFiles/lifecycle_msgs__rosidl_generator_c.dir/rosidl_generator_c/lifecycle_msgs/msg/detail/transition_description__type_support.c.o[0m
[14.583s] [ 12%] [32mBuilding C object CMakeFiles/lifecycle_msgs__rosidl_generator_c.dir/rosidl_generator_c/lifecycle_msgs/msg/detail/transition_event__description.c.o[0m
[14.712s] [ 13%] [32mBuilding C object CMakeFiles/lifecycle_msgs__rosidl_generator_c.dir/rosidl_generator_c/lifecycle_msgs/msg/detail/transition_event__functions.c.o[0m
[14.810s] [ 14%] [32mBuilding C object CMakeFiles/lifecycle_msgs__rosidl_generator_c.dir/rosidl_generator_c/lifecycle_msgs/msg/detail/transition_event__type_support.c.o[0m
[14.874s] [ 15%] [32mBuilding C object CMakeFiles/lifecycle_msgs__rosidl_generator_c.dir/rosidl_generator_c/lifecycle_msgs/srv/detail/change_state__description.c.o[0m
[14.955s] [ 16%] [32mBuilding C object CMakeFiles/lifecycle_msgs__rosidl_generator_c.dir/rosidl_generator_c/lifecycle_msgs/srv/detail/change_state__functions.c.o[0m
[15.054s] [ 17%] [32mBuilding C object CMakeFiles/lifecycle_msgs__rosidl_generator_c.dir/rosidl_generator_c/lifecycle_msgs/srv/detail/change_state__type_support.c.o[0m
[15.112s] [ 18%] [32mBuilding C object CMakeFiles/lifecycle_msgs__rosidl_generator_c.dir/rosidl_generator_c/lifecycle_msgs/srv/detail/get_available_states__description.c.o[0m
[15.178s] [ 19%] [32mBuilding C object CMakeFiles/lifecycle_msgs__rosidl_generator_c.dir/rosidl_generator_c/lifecycle_msgs/srv/detail/get_available_states__functions.c.o[0m
[15.289s] [ 20%] [32mBuilding C object CMakeFiles/lifecycle_msgs__rosidl_generator_c.dir/rosidl_generator_c/lifecycle_msgs/srv/detail/get_available_states__type_support.c.o[0m
[15.383s] [ 21%] [32mBuilding C object CMakeFiles/lifecycle_msgs__rosidl_generator_c.dir/rosidl_generator_c/lifecycle_msgs/srv/detail/get_available_transitions__description.c.o[0m
[15.567s] [ 22%] [32mBuilding C object CMakeFiles/lifecycle_msgs__rosidl_generator_c.dir/rosidl_generator_c/lifecycle_msgs/srv/detail/get_available_transitions__functions.c.o[0m
[15.798s] [ 23%] [32mBuilding C object CMakeFiles/lifecycle_msgs__rosidl_generator_c.dir/rosidl_generator_c/lifecycle_msgs/srv/detail/get_available_transitions__type_support.c.o[0m
[15.936s] [ 24%] [32mBuilding C object CMakeFiles/lifecycle_msgs__rosidl_generator_c.dir/rosidl_generator_c/lifecycle_msgs/srv/detail/get_state__description.c.o[0m
[16.013s] [ 25%] [32mBuilding C object CMakeFiles/lifecycle_msgs__rosidl_generator_c.dir/rosidl_generator_c/lifecycle_msgs/srv/detail/get_state__functions.c.o[0m
[16.143s] [ 25%] [32mBuilding C object CMakeFiles/lifecycle_msgs__rosidl_generator_c.dir/rosidl_generator_c/lifecycle_msgs/srv/detail/get_state__type_support.c.o[0m
[16.332s] [ 26%] [32m[1mLinking C shared library liblifecycle_msgs__rosidl_generator_c.so[0m
[16.585s] [ 26%] Built target lifecycle_msgs__rosidl_generator_c
[17.038s] running egg_info
[17.070s] creating lifecycle_msgs.egg-info
[17.125s] writing lifecycle_msgs.egg-info/PKG-INFO
[17.142s] writing dependency_links to lifecycle_msgs.egg-info/dependency_links.txt
[17.142s] writing top-level names to lifecycle_msgs.egg-info/top_level.txt
[17.142s] writing manifest file 'lifecycle_msgs.egg-info/SOURCES.txt'
[17.277s] reading manifest file 'lifecycle_msgs.egg-info/SOURCES.txt'
[17.289s] writing manifest file 'lifecycle_msgs.egg-info/SOURCES.txt'
[17.361s] [ 26%] Built target ament_cmake_python_build_lifecycle_msgs_egg
[17.405s] [ 27%] [34m[1mGenerating C++ type support dispatch for ROS interfaces[0m
[19.314s] [ 28%] [32mBuilding CXX object CMakeFiles/lifecycle_msgs__rosidl_typesupport_cpp.dir/rosidl_typesupport_cpp/lifecycle_msgs/msg/state__type_support.cpp.o[0m
[20.112s] [ 29%] [32mBuilding CXX object CMakeFiles/lifecycle_msgs__rosidl_typesupport_cpp.dir/rosidl_typesupport_cpp/lifecycle_msgs/msg/transition__type_support.cpp.o[0m
[20.383s] [ 30%] [32mBuilding CXX object CMakeFiles/lifecycle_msgs__rosidl_typesupport_cpp.dir/rosidl_typesupport_cpp/lifecycle_msgs/msg/transition_description__type_support.cpp.o[0m
[20.653s] [ 30%] [32mBuilding CXX object CMakeFiles/lifecycle_msgs__rosidl_typesupport_cpp.dir/rosidl_typesupport_cpp/lifecycle_msgs/msg/transition_event__type_support.cpp.o[0m
[20.904s] [ 31%] [32mBuilding CXX object CMakeFiles/lifecycle_msgs__rosidl_typesupport_cpp.dir/rosidl_typesupport_cpp/lifecycle_msgs/srv/change_state__type_support.cpp.o[0m
[21.349s] [ 32%] [32mBuilding CXX object CMakeFiles/lifecycle_msgs__rosidl_typesupport_cpp.dir/rosidl_typesupport_cpp/lifecycle_msgs/srv/get_available_states__type_support.cpp.o[0m
[21.802s] [ 33%] [32mBuilding CXX object CMakeFiles/lifecycle_msgs__rosidl_typesupport_cpp.dir/rosidl_typesupport_cpp/lifecycle_msgs/srv/get_available_transitions__type_support.cpp.o[0m
[22.326s] [ 34%] [32mBuilding CXX object CMakeFiles/lifecycle_msgs__rosidl_typesupport_cpp.dir/rosidl_typesupport_cpp/lifecycle_msgs/srv/get_state__type_support.cpp.o[0m
[22.826s] [ 35%] [32m[1mLinking CXX shared library liblifecycle_msgs__rosidl_typesupport_cpp.so[0m
[22.969s] [ 35%] Built target lifecycle_msgs__rosidl_typesupport_cpp
[23.007s] [ 36%] [34m[1mGenerating C type support for eProsima Fast-RTPS[0m
[24.581s] [ 37%] [32mBuilding CXX object CMakeFiles/lifecycle_msgs__rosidl_typesupport_fastrtps_c.dir/rosidl_typesupport_fastrtps_c/lifecycle_msgs/msg/detail/state__type_support_c.cpp.o[0m
[25.251s] [ 38%] [32mBuilding CXX object CMakeFiles/lifecycle_msgs__rosidl_typesupport_fastrtps_c.dir/rosidl_typesupport_fastrtps_c/lifecycle_msgs/msg/detail/transition__type_support_c.cpp.o[0m
[26.193s] [ 39%] [32mBuilding CXX object CMakeFiles/lifecycle_msgs__rosidl_typesupport_fastrtps_c.dir/rosidl_typesupport_fastrtps_c/lifecycle_msgs/msg/detail/transition_description__type_support_c.cpp.o[0m
[27.316s] [ 40%] [32mBuilding CXX object CMakeFiles/lifecycle_msgs__rosidl_typesupport_fastrtps_c.dir/rosidl_typesupport_fastrtps_c/lifecycle_msgs/msg/detail/transition_event__type_support_c.cpp.o[0m
[28.147s] [ 41%] [32mBuilding CXX object CMakeFiles/lifecycle_msgs__rosidl_typesupport_fastrtps_c.dir/rosidl_typesupport_fastrtps_c/lifecycle_msgs/srv/detail/change_state__type_support_c.cpp.o[0m
[28.708s] [ 42%] [32mBuilding CXX object CMakeFiles/lifecycle_msgs__rosidl_typesupport_fastrtps_c.dir/rosidl_typesupport_fastrtps_c/lifecycle_msgs/srv/detail/get_available_states__type_support_c.cpp.o[0m
[30.256s] [ 43%] [32mBuilding CXX object CMakeFiles/lifecycle_msgs__rosidl_typesupport_fastrtps_c.dir/rosidl_typesupport_fastrtps_c/lifecycle_msgs/srv/detail/get_available_transitions__type_support_c.cpp.o[0m
[30.839s] [ 44%] [32mBuilding CXX object CMakeFiles/lifecycle_msgs__rosidl_typesupport_fastrtps_c.dir/rosidl_typesupport_fastrtps_c/lifecycle_msgs/srv/detail/get_state__type_support_c.cpp.o[0m
[31.771s] [ 45%] [32m[1mLinking CXX shared library liblifecycle_msgs__rosidl_typesupport_fastrtps_c.so[0m
[32.476s] [ 45%] Built target lifecycle_msgs__rosidl_typesupport_fastrtps_c
[33.043s] [ 45%] [34m[1mGenerating C introspection for ROS interfaces[0m
[34.706s] [ 46%] [32mBuilding C object CMakeFiles/lifecycle_msgs__rosidl_typesupport_introspection_c.dir/rosidl_typesupport_introspection_c/lifecycle_msgs/msg/detail/state__type_support.c.o[0m
[34.783s] [ 47%] [32mBuilding C object CMakeFiles/lifecycle_msgs__rosidl_typesupport_introspection_c.dir/rosidl_typesupport_introspection_c/lifecycle_msgs/msg/detail/transition__type_support.c.o[0m
[34.849s] [ 48%] [32mBuilding C object CMakeFiles/lifecycle_msgs__rosidl_typesupport_introspection_c.dir/rosidl_typesupport_introspection_c/lifecycle_msgs/msg/detail/transition_description__type_support.c.o[0m
[34.916s] [ 49%] [32mBuilding C object CMakeFiles/lifecycle_msgs__rosidl_typesupport_introspection_c.dir/rosidl_typesupport_introspection_c/lifecycle_msgs/msg/detail/transition_event__type_support.c.o[0m
[34.978s] [ 50%] [32mBuilding C object CMakeFiles/lifecycle_msgs__rosidl_typesupport_introspection_c.dir/rosidl_typesupport_introspection_c/lifecycle_msgs/srv/detail/change_state__type_support.c.o[0m
[35.086s] [ 51%] [32mBuilding C object CMakeFiles/lifecycle_msgs__rosidl_typesupport_introspection_c.dir/rosidl_typesupport_introspection_c/lifecycle_msgs/srv/detail/get_available_states__type_support.c.o[0m
[35.147s] [ 52%] [32mBuilding C object CMakeFiles/lifecycle_msgs__rosidl_typesupport_introspection_c.dir/rosidl_typesupport_introspection_c/lifecycle_msgs/srv/detail/get_available_transitions__type_support.c.o[0m
[35.205s] [ 53%] [32mBuilding C object CMakeFiles/lifecycle_msgs__rosidl_typesupport_introspection_c.dir/rosidl_typesupport_introspection_c/lifecycle_msgs/srv/detail/get_state__type_support.c.o[0m
[35.281s] [ 54%] [32m[1mLinking C shared library liblifecycle_msgs__rosidl_typesupport_introspection_c.so[0m
[35.393s] [ 54%] Built target lifecycle_msgs__rosidl_typesupport_introspection_c
[35.427s] [ 55%] [34m[1mGenerating C type support dispatch for ROS interfaces[0m
[36.613s] [ 56%] [32mBuilding CXX object CMakeFiles/lifecycle_msgs__rosidl_typesupport_c.dir/rosidl_typesupport_c/lifecycle_msgs/msg/state__type_support.cpp.o[0m
[36.985s] [ 57%] [32mBuilding CXX object CMakeFiles/lifecycle_msgs__rosidl_typesupport_c.dir/rosidl_typesupport_c/lifecycle_msgs/msg/transition__type_support.cpp.o[0m
[37.119s] [ 58%] [32mBuilding CXX object CMakeFiles/lifecycle_msgs__rosidl_typesupport_c.dir/rosidl_typesupport_c/lifecycle_msgs/msg/transition_description__type_support.cpp.o[0m
[37.200s] [ 59%] [32mBuilding CXX object CMakeFiles/lifecycle_msgs__rosidl_typesupport_c.dir/rosidl_typesupport_c/lifecycle_msgs/msg/transition_event__type_support.cpp.o[0m
[37.283s] [ 60%] [32mBuilding CXX object CMakeFiles/lifecycle_msgs__rosidl_typesupport_c.dir/rosidl_typesupport_c/lifecycle_msgs/srv/change_state__type_support.cpp.o[0m
[37.405s] [ 61%] [32mBuilding CXX object CMakeFiles/lifecycle_msgs__rosidl_typesupport_c.dir/rosidl_typesupport_c/lifecycle_msgs/srv/get_available_states__type_support.cpp.o[0m
[37.507s] [ 62%] [32mBuilding CXX object CMakeFiles/lifecycle_msgs__rosidl_typesupport_c.dir/rosidl_typesupport_c/lifecycle_msgs/srv/get_available_transitions__type_support.cpp.o[0m
[37.757s] [ 63%] [32mBuilding CXX object CMakeFiles/lifecycle_msgs__rosidl_typesupport_c.dir/rosidl_typesupport_c/lifecycle_msgs/srv/get_state__type_support.cpp.o[0m
[37.875s] [ 64%] [32m[1mLinking CXX shared library liblifecycle_msgs__rosidl_typesupport_c.so[0m
[37.981s] [ 64%] Built target lifecycle_msgs__rosidl_typesupport_c
[38.034s] [ 65%] [34m[1mGenerating C++ type support for eProsima Fast-RTPS[0m
[40.861s] [ 66%] [32mBuilding CXX object CMakeFiles/lifecycle_msgs__rosidl_typesupport_fastrtps_cpp.dir/rosidl_typesupport_fastrtps_cpp/lifecycle_msgs/msg/detail/dds_fastrtps/state__type_support.cpp.o[0m
[41.352s] [ 67%] [32mBuilding CXX object CMakeFiles/lifecycle_msgs__rosidl_typesupport_fastrtps_cpp.dir/rosidl_typesupport_fastrtps_cpp/lifecycle_msgs/msg/detail/dds_fastrtps/transition__type_support.cpp.o[0m
[41.821s] [ 68%] [32mBuilding CXX object CMakeFiles/lifecycle_msgs__rosidl_typesupport_fastrtps_cpp.dir/rosidl_typesupport_fastrtps_cpp/lifecycle_msgs/msg/detail/dds_fastrtps/transition_description__type_support.cpp.o[0m
[42.183s] [ 69%] [32mBuilding CXX object CMakeFiles/lifecycle_msgs__rosidl_typesupport_fastrtps_cpp.dir/rosidl_typesupport_fastrtps_cpp/lifecycle_msgs/msg/detail/dds_fastrtps/transition_event__type_support.cpp.o[0m
[42.763s] [ 70%] [32mBuilding CXX object CMakeFiles/lifecycle_msgs__rosidl_typesupport_fastrtps_cpp.dir/rosidl_typesupport_fastrtps_cpp/lifecycle_msgs/srv/detail/dds_fastrtps/change_state__type_support.cpp.o[0m
[43.544s] [ 71%] [32mBuilding CXX object CMakeFiles/lifecycle_msgs__rosidl_typesupport_fastrtps_cpp.dir/rosidl_typesupport_fastrtps_cpp/lifecycle_msgs/srv/detail/dds_fastrtps/get_available_states__type_support.cpp.o[0m
[44.151s] [ 72%] [32mBuilding CXX object CMakeFiles/lifecycle_msgs__rosidl_typesupport_fastrtps_cpp.dir/rosidl_typesupport_fastrtps_cpp/lifecycle_msgs/srv/detail/dds_fastrtps/get_available_transitions__type_support.cpp.o[0m
[45.233s] [ 73%] [32mBuilding CXX object CMakeFiles/lifecycle_msgs__rosidl_typesupport_fastrtps_cpp.dir/rosidl_typesupport_fastrtps_cpp/lifecycle_msgs/srv/detail/dds_fastrtps/get_state__type_support.cpp.o[0m
[46.509s] [ 74%] [32m[1mLinking CXX shared library liblifecycle_msgs__rosidl_typesupport_fastrtps_cpp.so[0m
[46.731s] [ 74%] Built target lifecycle_msgs__rosidl_typesupport_fastrtps_cpp
[46.852s] [ 75%] [34m[1mGenerating C++ introspection for ROS interfaces[0m
[48.411s] [ 76%] [32mBuilding CXX object CMakeFiles/lifecycle_msgs__rosidl_typesupport_introspection_cpp.dir/rosidl_typesupport_introspection_cpp/lifecycle_msgs/msg/detail/state__type_support.cpp.o[0m
[48.793s] [ 77%] [32mBuilding CXX object CMakeFiles/lifecycle_msgs__rosidl_typesupport_introspection_cpp.dir/rosidl_typesupport_introspection_cpp/lifecycle_msgs/msg/detail/transition__type_support.cpp.o[0m
[49.089s] [ 78%] [32mBuilding CXX object CMakeFiles/lifecycle_msgs__rosidl_typesupport_introspection_cpp.dir/rosidl_typesupport_introspection_cpp/lifecycle_msgs/msg/detail/transition_description__type_support.cpp.o[0m
[49.681s] [ 79%] [32mBuilding CXX object CMakeFiles/lifecycle_msgs__rosidl_typesupport_introspection_cpp.dir/rosidl_typesupport_introspection_cpp/lifecycle_msgs/msg/detail/transition_event__type_support.cpp.o[0m
[50.157s] [ 80%] [32mBuilding CXX object CMakeFiles/lifecycle_msgs__rosidl_typesupport_introspection_cpp.dir/rosidl_typesupport_introspection_cpp/lifecycle_msgs/srv/detail/change_state__type_support.cpp.o[0m
[50.569s] [ 81%] [32mBuilding CXX object CMakeFiles/lifecycle_msgs__rosidl_typesupport_introspection_cpp.dir/rosidl_typesupport_introspection_cpp/lifecycle_msgs/srv/detail/get_available_states__type_support.cpp.o[0m
[51.206s] [ 82%] [32mBuilding CXX object CMakeFiles/lifecycle_msgs__rosidl_typesupport_introspection_cpp.dir/rosidl_typesupport_introspection_cpp/lifecycle_msgs/srv/detail/get_available_transitions__type_support.cpp.o[0m
[51.904s] [ 83%] [32mBuilding CXX object CMakeFiles/lifecycle_msgs__rosidl_typesupport_introspection_cpp.dir/rosidl_typesupport_introspection_cpp/lifecycle_msgs/srv/detail/get_state__type_support.cpp.o[0m
[52.271s] [ 84%] [32m[1mLinking CXX shared library liblifecycle_msgs__rosidl_typesupport_introspection_cpp.so[0m
[52.516s] [ 84%] Built target lifecycle_msgs__rosidl_typesupport_introspection_cpp
[52.594s] [ 84%] Built target lifecycle_msgs
[52.698s] [ 85%] [34m[1mGenerating Python code for ROS interfaces[0m
[55.959s] [ 85%] Built target lifecycle_msgs__py
[56.016s] [ 86%] [32mBuilding C object CMakeFiles/lifecycle_msgs__rosidl_generator_py.dir/rosidl_generator_py/lifecycle_msgs/msg/_state_s.c.o[0m
[56.871s] [ 87%] [32mBuilding C object CMakeFiles/lifecycle_msgs__rosidl_generator_py.dir/rosidl_generator_py/lifecycle_msgs/msg/_transition_s.c.o[0m
[57.291s] [ 88%] [32mBuilding C object CMakeFiles/lifecycle_msgs__rosidl_generator_py.dir/rosidl_generator_py/lifecycle_msgs/msg/_transition_description_s.c.o[0m
[57.394s] [ 89%] [32mBuilding C object CMakeFiles/lifecycle_msgs__rosidl_generator_py.dir/rosidl_generator_py/lifecycle_msgs/msg/_transition_event_s.c.o[0m
[57.570s] [ 90%] [32mBuilding C object CMakeFiles/lifecycle_msgs__rosidl_generator_py.dir/rosidl_generator_py/lifecycle_msgs/srv/_change_state_s.c.o[0m
[57.736s] [ 91%] [32mBuilding C object CMakeFiles/lifecycle_msgs__rosidl_generator_py.dir/rosidl_generator_py/lifecycle_msgs/srv/_get_available_states_s.c.o[0m
[57.929s] [ 92%] [32mBuilding C object CMakeFiles/lifecycle_msgs__rosidl_generator_py.dir/rosidl_generator_py/lifecycle_msgs/srv/_get_available_transitions_s.c.o[0m
[58.253s] [ 93%] [32mBuilding C object CMakeFiles/lifecycle_msgs__rosidl_generator_py.dir/rosidl_generator_py/lifecycle_msgs/srv/_get_state_s.c.o[0m
[58.399s] [ 94%] [32m[1mLinking C shared library liblifecycle_msgs__rosidl_generator_py.so[0m
[58.576s] [ 94%] Built target lifecycle_msgs__rosidl_generator_py
[58.656s] [ 95%] [32mBuilding C object CMakeFiles/lifecycle_msgs_s__rosidl_typesupport_fastrtps_c.dir/rosidl_generator_py/lifecycle_msgs/_lifecycle_msgs_s.ep.rosidl_typesupport_fastrtps_c.c.o[0m
[58.900s] [ 96%] [32m[1mLinking C shared module rosidl_generator_py/lifecycle_msgs/lifecycle_msgs_s__rosidl_typesupport_fastrtps_c.so[0m
[59.003s] [ 96%] Built target lifecycle_msgs_s__rosidl_typesupport_fastrtps_c
[59.078s] [ 97%] [32mBuilding C object CMakeFiles/lifecycle_msgs_s__rosidl_typesupport_introspection_c.dir/rosidl_generator_py/lifecycle_msgs/_lifecycle_msgs_s.ep.rosidl_typesupport_introspection_c.c.o[0m
[59.514s] [ 98%] [32m[1mLinking C shared module rosidl_generator_py/lifecycle_msgs/lifecycle_msgs_s__rosidl_typesupport_introspection_c.so[0m
[59.945s] [ 98%] Built target lifecycle_msgs_s__rosidl_typesupport_introspection_c
[60.030s] [ 99%] [32mBuilding C object CMakeFiles/lifecycle_msgs_s__rosidl_typesupport_c.dir/rosidl_generator_py/lifecycle_msgs/_lifecycle_msgs_s.ep.rosidl_typesupport_c.c.o[0m
[60.502s] [100%] [32m[1mLinking C shared module rosidl_generator_py/lifecycle_msgs/lifecycle_msgs_s__rosidl_typesupport_c.so[0m
[60.638s] [100%] Built target lifecycle_msgs_s__rosidl_typesupport_c
[60.694s] Invoked command in '/home/pheonix/ros2_ws/build/lifecycle_msgs' returned '0': CMAKE_PREFIX_PATH=${CMAKE_PREFIX_PATH}:/opt/ros/jazzy DEBUGINFOD_URLS=https://debuginfod.ubuntu.com /usr/bin/cmake --build /home/pheonix/ros2_ws/build/lifecycle_msgs -- -j2 -l2
[63.309s] Invoking command in '/home/pheonix/ros2_ws/build/lifecycle_msgs': CMAKE_PREFIX_PATH=${CMAKE_PREFIX_PATH}:/opt/ros/jazzy DEBUGINFOD_URLS=https://debuginfod.ubuntu.com /usr/bin/cmake --install /home/pheonix/ros2_ws/build/lifecycle_msgs
[63.309s] -- Install configuration: ""
[63.309s] -- Installing: /home/pheonix/ros2_ws/install/lifecycle_msgs/share/ament_index/resource_index/rosidl_interfaces/lifecycle_msgs
[63.309s] -- Installing: /home/pheonix/ros2_ws/install/lifecycle_msgs/share/lifecycle_msgs/msg/State.json
[63.309s] -- Installing: /home/pheonix/ros2_ws/install/lifecycle_msgs/share/lifecycle_msgs/msg/Transition.json
[63.309s] -- Installing: /home/pheonix/ros2_ws/install/lifecycle_msgs/share/lifecycle_msgs/msg/TransitionDescription.json
[63.309s] -- Installing: /home/pheonix/ros2_ws/install/lifecycle_msgs/share/lifecycle_msgs/msg/TransitionEvent.json
[63.310s] -- Installing: /home/pheonix/ros2_ws/install/lifecycle_msgs/share/lifecycle_msgs/srv/ChangeState.json
[63.310s] -- Installing: /home/pheonix/ros2_ws/install/lifecycle_msgs/share/lifecycle_msgs/srv/GetAvailableStates.json
[63.310s] -- Installing: /home/pheonix/ros2_ws/install/lifecycle_msgs/share/lifecycle_msgs/srv/GetAvailableTransitions.json
[63.310s] -- Installing: /home/pheonix/ros2_ws/install/lifecycle_msgs/share/lifecycle_msgs/srv/GetState.json
[63.310s] -- Installing: /home/pheonix/ros2_ws/install/lifecycle_msgs/include/lifecycle_msgs/lifecycle_msgs
[63.310s] -- Installing: /home/pheonix/ros2_ws/install/lifecycle_msgs/include/lifecycle_msgs/lifecycle_msgs/msg
[63.310s] -- Installing: /home/pheonix/ros2_ws/install/lifecycle_msgs/include/lifecycle_msgs/lifecycle_msgs/msg/transition_description.h
[63.310s] -- Installing: /home/pheonix/ros2_ws/install/lifecycle_msgs/include/lifecycle_msgs/lifecycle_msgs/msg/transition.h
[63.310s] -- Installing: /home/pheonix/ros2_ws/install/lifecycle_msgs/include/lifecycle_msgs/lifecycle_msgs/msg/state.h
[63.310s] -- Installing: /home/pheonix/ros2_ws/install/lifecycle_msgs/include/lifecycle_msgs/lifecycle_msgs/msg/rosidl_generator_c__visibility_control.h
[63.310s] -- Installing: /home/pheonix/ros2_ws/install/lifecycle_msgs/include/lifecycle_msgs/lifecycle_msgs/msg/detail
[63.310s] -- Installing: /home/pheonix/ros2_ws/install/lifecycle_msgs/include/lifecycle_msgs/lifecycle_msgs/msg/detail/transition__type_support.h
[63.310s] -- Installing: /home/pheonix/ros2_ws/install/lifecycle_msgs/include/lifecycle_msgs/lifecycle_msgs/msg/detail/transition_description__functions.h
[63.310s] -- Installing: /home/pheonix/ros2_ws/install/lifecycle_msgs/include/lifecycle_msgs/lifecycle_msgs/msg/detail/transition__struct.h
[63.310s] -- Installing: /home/pheonix/ros2_ws/install/lifecycle_msgs/include/lifecycle_msgs/lifecycle_msgs/msg/detail/transition_event__type_support.h
[63.310s] -- Installing: /home/pheonix/ros2_ws/install/lifecycle_msgs/include/lifecycle_msgs/lifecycle_msgs/msg/detail/transition__type_support.c
[63.310s] -- Installing: /home/pheonix/ros2_ws/install/lifecycle_msgs/include/lifecycle_msgs/lifecycle_msgs/msg/detail/state__functions.h
[63.310s] -- Installing: /home/pheonix/ros2_ws/install/lifecycle_msgs/include/lifecycle_msgs/lifecycle_msgs/msg/detail/transition_description__type_support.c
[63.310s] -- Installing: /home/pheonix/ros2_ws/install/lifecycle_msgs/include/lifecycle_msgs/lifecycle_msgs/msg/detail/transition_description__functions.c
[63.310s] -- Installing: /home/pheonix/ros2_ws/install/lifecycle_msgs/include/lifecycle_msgs/lifecycle_msgs/msg/detail/state__type_support.c
[63.310s] -- Installing: /home/pheonix/ros2_ws/install/lifecycle_msgs/include/lifecycle_msgs/lifecycle_msgs/msg/detail/transition_event__type_support.c
[63.310s] -- Installing: /home/pheonix/ros2_ws/install/lifecycle_msgs/include/lifecycle_msgs/lifecycle_msgs/msg/detail/transition_event__description.c
[63.310s] -- Installing: /home/pheonix/ros2_ws/install/lifecycle_msgs/include/lifecycle_msgs/lifecycle_msgs/msg/detail/transition_event__struct.h
[63.310s] -- Installing: /home/pheonix/ros2_ws/install/lifecycle_msgs/include/lifecycle_msgs/lifecycle_msgs/msg/detail/state__struct.h
[63.310s] -- Installing: /home/pheonix/ros2_ws/install/lifecycle_msgs/include/lifecycle_msgs/lifecycle_msgs/msg/detail/state__type_support.h
[63.310s] -- Installing: /home/pheonix/ros2_ws/install/lifecycle_msgs/include/lifecycle_msgs/lifecycle_msgs/msg/detail/transition_description__struct.h
[63.310s] -- Installing: /home/pheonix/ros2_ws/install/lifecycle_msgs/include/lifecycle_msgs/lifecycle_msgs/msg/detail/transition__description.c
[63.310s] -- Installing: /home/pheonix/ros2_ws/install/lifecycle_msgs/include/lifecycle_msgs/lifecycle_msgs/msg/detail/transition_event__functions.c
[63.310s] -- Installing: /home/pheonix/ros2_ws/install/lifecycle_msgs/include/lifecycle_msgs/lifecycle_msgs/msg/detail/transition_event__functions.h
[63.310s] -- Installing: /home/pheonix/ros2_ws/install/lifecycle_msgs/include/lifecycle_msgs/lifecycle_msgs/msg/detail/transition__functions.c
[63.310s] -- Installing: /home/pheonix/ros2_ws/install/lifecycle_msgs/include/lifecycle_msgs/lifecycle_msgs/msg/detail/transition__functions.h
[63.310s] -- Installing: /home/pheonix/ros2_ws/install/lifecycle_msgs/include/lifecycle_msgs/lifecycle_msgs/msg/detail/transition_description__type_support.h
[63.310s] -- Installing: /home/pheonix/ros2_ws/install/lifecycle_msgs/include/lifecycle_msgs/lifecycle_msgs/msg/detail/state__functions.c
[63.310s] -- Installing: /home/pheonix/ros2_ws/install/lifecycle_msgs/include/lifecycle_msgs/lifecycle_msgs/msg/detail/state__description.c
[63.310s] -- Installing: /home/pheonix/ros2_ws/install/lifecycle_msgs/include/lifecycle_msgs/lifecycle_msgs/msg/detail/transition_description__description.c
[63.311s] -- Installing: /home/pheonix/ros2_ws/install/lifecycle_msgs/include/lifecycle_msgs/lifecycle_msgs/msg/transition_event.h
[63.311s] -- Installing: /home/pheonix/ros2_ws/install/lifecycle_msgs/include/lifecycle_msgs/lifecycle_msgs/srv
[63.311s] -- Installing: /home/pheonix/ros2_ws/install/lifecycle_msgs/include/lifecycle_msgs/lifecycle_msgs/srv/get_available_transitions.h
[63.311s] -- Installing: /home/pheonix/ros2_ws/install/lifecycle_msgs/include/lifecycle_msgs/lifecycle_msgs/srv/get_state.h
[63.311s] -- Installing: /home/pheonix/ros2_ws/install/lifecycle_msgs/include/lifecycle_msgs/lifecycle_msgs/srv/detail
[63.311s] -- Installing: /home/pheonix/ros2_ws/install/lifecycle_msgs/include/lifecycle_msgs/lifecycle_msgs/srv/detail/change_state__functions.c
[63.311s] -- Installing: /home/pheonix/ros2_ws/install/lifecycle_msgs/include/lifecycle_msgs/lifecycle_msgs/srv/detail/change_state__type_support.c
[63.311s] -- Installing: /home/pheonix/ros2_ws/install/lifecycle_msgs/include/lifecycle_msgs/lifecycle_msgs/srv/detail/get_state__functions.c
[63.311s] -- Installing: /home/pheonix/ros2_ws/install/lifecycle_msgs/include/lifecycle_msgs/lifecycle_msgs/srv/detail/get_available_states__functions.c
[63.311s] -- Installing: /home/pheonix/ros2_ws/install/lifecycle_msgs/include/lifecycle_msgs/lifecycle_msgs/srv/detail/get_available_states__type_support.h
[63.311s] -- Installing: /home/pheonix/ros2_ws/install/lifecycle_msgs/include/lifecycle_msgs/lifecycle_msgs/srv/detail/get_state__struct.h
[63.311s] -- Installing: /home/pheonix/ros2_ws/install/lifecycle_msgs/include/lifecycle_msgs/lifecycle_msgs/srv/detail/get_available_transitions__description.c
[63.311s] -- Installing: /home/pheonix/ros2_ws/install/lifecycle_msgs/include/lifecycle_msgs/lifecycle_msgs/srv/detail/get_available_transitions__functions.c
[63.311s] -- Installing: /home/pheonix/ros2_ws/install/lifecycle_msgs/include/lifecycle_msgs/lifecycle_msgs/srv/detail/get_available_states__type_support.c
[63.311s] -- Installing: /home/pheonix/ros2_ws/install/lifecycle_msgs/include/lifecycle_msgs/lifecycle_msgs/srv/detail/get_state__description.c
[63.311s] -- Installing: /home/pheonix/ros2_ws/install/lifecycle_msgs/include/lifecycle_msgs/lifecycle_msgs/srv/detail/get_available_transitions__struct.h
[63.311s] -- Installing: /home/pheonix/ros2_ws/install/lifecycle_msgs/include/lifecycle_msgs/lifecycle_msgs/srv/detail/get_state__functions.h
[63.311s] -- Installing: /home/pheonix/ros2_ws/install/lifecycle_msgs/include/lifecycle_msgs/lifecycle_msgs/srv/detail/get_state__type_support.c
[63.311s] -- Installing: /home/pheonix/ros2_ws/install/lifecycle_msgs/include/lifecycle_msgs/lifecycle_msgs/srv/detail/change_state__functions.h
[63.311s] -- Installing: /home/pheonix/ros2_ws/install/lifecycle_msgs/include/lifecycle_msgs/lifecycle_msgs/srv/detail/change_state__type_support.h
[63.311s] -- Installing: /home/pheonix/ros2_ws/install/lifecycle_msgs/include/lifecycle_msgs/lifecycle_msgs/srv/detail/get_available_states__functions.h
[63.311s] -- Installing: /home/pheonix/ros2_ws/install/lifecycle_msgs/include/lifecycle_msgs/lifecycle_msgs/srv/detail/get_available_states__description.c
[63.311s] -- Installing: /home/pheonix/ros2_ws/install/lifecycle_msgs/include/lifecycle_msgs/lifecycle_msgs/srv/detail/get_state__type_support.h
[63.311s] -- Installing: /home/pheonix/ros2_ws/install/lifecycle_msgs/include/lifecycle_msgs/lifecycle_msgs/srv/detail/get_available_transitions__functions.h
[63.311s] -- Installing: /home/pheonix/ros2_ws/install/lifecycle_msgs/include/lifecycle_msgs/lifecycle_msgs/srv/detail/change_state__description.c
[63.311s] -- Installing: /home/pheonix/ros2_ws/install/lifecycle_msgs/include/lifecycle_msgs/lifecycle_msgs/srv/detail/get_available_states__struct.h
[63.311s] -- Installing: /home/pheonix/ros2_ws/install/lifecycle_msgs/include/lifecycle_msgs/lifecycle_msgs/srv/detail/change_state__struct.h
[63.311s] -- Installing: /home/pheonix/ros2_ws/install/lifecycle_msgs/include/lifecycle_msgs/lifecycle_msgs/srv/detail/get_available_transitions__type_support.c
[63.311s] -- Installing: /home/pheonix/ros2_ws/install/lifecycle_msgs/include/lifecycle_msgs/lifecycle_msgs/srv/detail/get_available_transitions__type_support.h
[63.311s] -- Installing: /home/pheonix/ros2_ws/install/lifecycle_msgs/include/lifecycle_msgs/lifecycle_msgs/srv/change_state.h
[63.311s] -- Installing: /home/pheonix/ros2_ws/install/lifecycle_msgs/include/lifecycle_msgs/lifecycle_msgs/srv/get_available_states.h
[63.311s] -- Installing: /home/pheonix/ros2_ws/install/lifecycle_msgs/share/lifecycle_msgs/environment/library_path.sh
[63.311s] -- Installing: /home/pheonix/ros2_ws/install/lifecycle_msgs/share/lifecycle_msgs/environment/library_path.dsv
[63.311s] -- Installing: /home/pheonix/ros2_ws/install/lifecycle_msgs/lib/liblifecycle_msgs__rosidl_generator_c.so
[63.311s] -- Set non-toolchain portion of runtime path of "/home/pheonix/ros2_ws/install/lifecycle_msgs/lib/liblifecycle_msgs__rosidl_generator_c.so" to ""
[63.311s] -- Up-to-date: /home/pheonix/ros2_ws/install/lifecycle_msgs/include/lifecycle_msgs/lifecycle_msgs
[63.311s] -- Up-to-date: /home/pheonix/ros2_ws/install/lifecycle_msgs/include/lifecycle_msgs/lifecycle_msgs/msg
[63.311s] -- Installing: /home/pheonix/ros2_ws/install/lifecycle_msgs/include/lifecycle_msgs/lifecycle_msgs/msg/rosidl_typesupport_fastrtps_c__visibility_control.h
[63.311s] -- Up-to-date: /home/pheonix/ros2_ws/install/lifecycle_msgs/include/lifecycle_msgs/lifecycle_msgs/msg/detail
[63.311s] -- Installing: /home/pheonix/ros2_ws/install/lifecycle_msgs/include/lifecycle_msgs/lifecycle_msgs/msg/detail/state__rosidl_typesupport_fastrtps_c.h
[63.311s] -- Installing: /home/pheonix/ros2_ws/install/lifecycle_msgs/include/lifecycle_msgs/lifecycle_msgs/msg/detail/transition_description__rosidl_typesupport_fastrtps_c.h
[63.311s] -- Installing: /home/pheonix/ros2_ws/install/lifecycle_msgs/include/lifecycle_msgs/lifecycle_msgs/msg/detail/transition__rosidl_typesupport_fastrtps_c.h
[63.311s] -- Installing: /home/pheonix/ros2_ws/install/lifecycle_msgs/include/lifecycle_msgs/lifecycle_msgs/msg/detail/transition_event__rosidl_typesupport_fastrtps_c.h
[63.312s] -- Up-to-date: /home/pheonix/ros2_ws/install/lifecycle_msgs/include/lifecycle_msgs/lifecycle_msgs/srv
[63.312s] -- Up-to-date: /home/pheonix/ros2_ws/install/lifecycle_msgs/include/lifecycle_msgs/lifecycle_msgs/srv/detail
[63.312s] -- Installing: /home/pheonix/ros2_ws/install/lifecycle_msgs/include/lifecycle_msgs/lifecycle_msgs/srv/detail/get_available_transitions__rosidl_typesupport_fastrtps_c.h
[63.312s] -- Installing: /home/pheonix/ros2_ws/install/lifecycle_msgs/include/lifecycle_msgs/lifecycle_msgs/srv/detail/change_state__rosidl_typesupport_fastrtps_c.h
[63.312s] -- Installing: /home/pheonix/ros2_ws/install/lifecycle_msgs/include/lifecycle_msgs/lifecycle_msgs/srv/detail/get_available_states__rosidl_typesupport_fastrtps_c.h
[63.312s] -- Installing: /home/pheonix/ros2_ws/install/lifecycle_msgs/include/lifecycle_msgs/lifecycle_msgs/srv/detail/get_state__rosidl_typesupport_fastrtps_c.h
[63.312s] -- Installing: /home/pheonix/ros2_ws/install/lifecycle_msgs/lib/liblifecycle_msgs__rosidl_typesupport_fastrtps_c.so
[63.312s] -- Set non-toolchain portion of runtime path of "/home/pheonix/ros2_ws/install/lifecycle_msgs/lib/liblifecycle_msgs__rosidl_typesupport_fastrtps_c.so" to ""
[63.312s] -- Up-to-date: /home/pheonix/ros2_ws/install/lifecycle_msgs/include/lifecycle_msgs/lifecycle_msgs
[63.326s] -- Up-to-date: /home/pheonix/ros2_ws/install/lifecycle_msgs/include/lifecycle_msgs/lifecycle_msgs/msg
[63.327s] -- Up-to-date: /home/pheonix/ros2_ws/install/lifecycle_msgs/include/lifecycle_msgs/lifecycle_msgs/msg/detail
[63.327s] -- Installing: /home/pheonix/ros2_ws/install/lifecycle_msgs/include/lifecycle_msgs/lifecycle_msgs/msg/detail/state__rosidl_typesupport_introspection_c.h
[63.327s] -- Installing: /home/pheonix/ros2_ws/install/lifecycle_msgs/include/lifecycle_msgs/lifecycle_msgs/msg/detail/transition__type_support.c
[63.327s] -- Installing: /home/pheonix/ros2_ws/install/lifecycle_msgs/include/lifecycle_msgs/lifecycle_msgs/msg/detail/transition_description__type_support.c
[63.327s] -- Installing: /home/pheonix/ros2_ws/install/lifecycle_msgs/include/lifecycle_msgs/lifecycle_msgs/msg/detail/state__type_support.c
[63.327s] -- Installing: /home/pheonix/ros2_ws/install/lifecycle_msgs/include/lifecycle_msgs/lifecycle_msgs/msg/detail/transition_event__type_support.c
[63.327s] -- Installing: /home/pheonix/ros2_ws/install/lifecycle_msgs/include/lifecycle_msgs/lifecycle_msgs/msg/detail/transition_description__rosidl_typesupport_introspection_c.h
[63.327s] -- Installing: /home/pheonix/ros2_ws/install/lifecycle_msgs/include/lifecycle_msgs/lifecycle_msgs/msg/detail/transition__rosidl_typesupport_introspection_c.h
[63.327s] -- Installing: /home/pheonix/ros2_ws/install/lifecycle_msgs/include/lifecycle_msgs/lifecycle_msgs/msg/detail/transition_event__rosidl_typesupport_introspection_c.h
[63.327s] -- Installing: /home/pheonix/ros2_ws/install/lifecycle_msgs/include/lifecycle_msgs/lifecycle_msgs/msg/rosidl_typesupport_introspection_c__visibility_control.h
[63.332s] -- Up-to-date: /home/pheonix/ros2_ws/install/lifecycle_msgs/include/lifecycle_msgs/lifecycle_msgs/srv
[63.332s] -- Up-to-date: /home/pheonix/ros2_ws/install/lifecycle_msgs/include/lifecycle_msgs/lifecycle_msgs/srv/detail
[63.332s] -- Installing: /home/pheonix/ros2_ws/install/lifecycle_msgs/include/lifecycle_msgs/lifecycle_msgs/srv/detail/change_state__type_support.c
[63.332s] -- Installing: /home/pheonix/ros2_ws/install/lifecycle_msgs/include/lifecycle_msgs/lifecycle_msgs/srv/detail/change_state__rosidl_typesupport_introspection_c.h
[63.332s] -- Installing: /home/pheonix/ros2_ws/install/lifecycle_msgs/include/lifecycle_msgs/lifecycle_msgs/srv/detail/get_available_states__type_support.c
[63.332s] -- Installing: /home/pheonix/ros2_ws/install/lifecycle_msgs/include/lifecycle_msgs/lifecycle_msgs/srv/detail/get_state__rosidl_typesupport_introspection_c.h
[63.332s] -- Installing: /home/pheonix/ros2_ws/install/lifecycle_msgs/include/lifecycle_msgs/lifecycle_msgs/srv/detail/get_available_transitions__rosidl_typesupport_introspection_c.h
[63.333s] -- Installing: /home/pheonix/ros2_ws/install/lifecycle_msgs/include/lifecycle_msgs/lifecycle_msgs/srv/detail/get_state__type_support.c
[63.333s] -- Installing: /home/pheonix/ros2_ws/install/lifecycle_msgs/include/lifecycle_msgs/lifecycle_msgs/srv/detail/get_available_states__rosidl_typesupport_introspection_c.h
[63.333s] -- Installing: /home/pheonix/ros2_ws/install/lifecycle_msgs/include/lifecycle_msgs/lifecycle_msgs/srv/detail/get_available_transitions__type_support.c
[63.333s] -- Installing: /home/pheonix/ros2_ws/install/lifecycle_msgs/lib/liblifecycle_msgs__rosidl_typesupport_introspection_c.so
[63.333s] -- Set non-toolchain portion of runtime path of "/home/pheonix/ros2_ws/install/lifecycle_msgs/lib/liblifecycle_msgs__rosidl_typesupport_introspection_c.so" to ""
[63.333s] -- Installing: /home/pheonix/ros2_ws/install/lifecycle_msgs/lib/liblifecycle_msgs__rosidl_typesupport_c.so
[63.333s] -- Set non-toolchain portion of runtime path of "/home/pheonix/ros2_ws/install/lifecycle_msgs/lib/liblifecycle_msgs__rosidl_typesupport_c.so" to ""
[63.333s] -- Up-to-date: /home/pheonix/ros2_ws/install/lifecycle_msgs/include/lifecycle_msgs/lifecycle_msgs
[63.333s] -- Up-to-date: /home/pheonix/ros2_ws/install/lifecycle_msgs/include/lifecycle_msgs/lifecycle_msgs/msg
[63.333s] -- Installing: /home/pheonix/ros2_ws/install/lifecycle_msgs/include/lifecycle_msgs/lifecycle_msgs/msg/transition_event.hpp
[63.333s] -- Installing: /home/pheonix/ros2_ws/install/lifecycle_msgs/include/lifecycle_msgs/lifecycle_msgs/msg/rosidl_generator_cpp__visibility_control.hpp
[63.349s] -- Installing: /home/pheonix/ros2_ws/install/lifecycle_msgs/include/lifecycle_msgs/lifecycle_msgs/msg/transition.hpp
[63.350s] -- Installing: /home/pheonix/ros2_ws/install/lifecycle_msgs/include/lifecycle_msgs/lifecycle_msgs/msg/transition_description.hpp
[63.350s] -- Up-to-date: /home/pheonix/ros2_ws/install/lifecycle_msgs/include/lifecycle_msgs/lifecycle_msgs/msg/detail
[63.350s] -- Installing: /home/pheonix/ros2_ws/install/lifecycle_msgs/include/lifecycle_msgs/lifecycle_msgs/msg/detail/transition_description__traits.hpp
[63.350s] -- Installing: /home/pheonix/ros2_ws/install/lifecycle_msgs/include/lifecycle_msgs/lifecycle_msgs/msg/detail/transition__type_support.hpp
[63.350s] -- Installing: /home/pheonix/ros2_ws/install/lifecycle_msgs/include/lifecycle_msgs/lifecycle_msgs/msg/detail/state__traits.hpp
[63.350s] -- Installing: /home/pheonix/ros2_ws/install/lifecycle_msgs/include/lifecycle_msgs/lifecycle_msgs/msg/detail/transition__builder.hpp
[63.350s] -- Installing: /home/pheonix/ros2_ws/install/lifecycle_msgs/include/lifecycle_msgs/lifecycle_msgs/msg/detail/transition_event__builder.hpp
[63.350s] -- Installing: /home/pheonix/ros2_ws/install/lifecycle_msgs/include/lifecycle_msgs/lifecycle_msgs/msg/detail/transition__traits.hpp
[63.350s] -- Installing: /home/pheonix/ros2_ws/install/lifecycle_msgs/include/lifecycle_msgs/lifecycle_msgs/msg/detail/transition_description__builder.hpp
[63.350s] -- Installing: /home/pheonix/ros2_ws/install/lifecycle_msgs/include/lifecycle_msgs/lifecycle_msgs/msg/detail/transition_event__type_support.hpp
[63.350s] -- Installing: /home/pheonix/ros2_ws/install/lifecycle_msgs/include/lifecycle_msgs/lifecycle_msgs/msg/detail/transition_description__type_support.hpp
[63.350s] -- Installing: /home/pheonix/ros2_ws/install/lifecycle_msgs/include/lifecycle_msgs/lifecycle_msgs/msg/detail/state__struct.hpp
[63.350s] -- Installing: /home/pheonix/ros2_ws/install/lifecycle_msgs/include/lifecycle_msgs/lifecycle_msgs/msg/detail/state__builder.hpp
[63.350s] -- Installing: /home/pheonix/ros2_ws/install/lifecycle_msgs/include/lifecycle_msgs/lifecycle_msgs/msg/detail/transition_event__traits.hpp
[63.350s] -- Installing: /home/pheonix/ros2_ws/install/lifecycle_msgs/include/lifecycle_msgs/lifecycle_msgs/msg/detail/transition_event__struct.hpp
[63.350s] -- Installing: /home/pheonix/ros2_ws/install/lifecycle_msgs/include/lifecycle_msgs/lifecycle_msgs/msg/detail/transition_description__struct.hpp
[63.350s] -- Installing: /home/pheonix/ros2_ws/install/lifecycle_msgs/include/lifecycle_msgs/lifecycle_msgs/msg/detail/transition__struct.hpp
[63.350s] -- Installing: /home/pheonix/ros2_ws/install/lifecycle_msgs/include/lifecycle_msgs/lifecycle_msgs/msg/detail/state__type_support.hpp
[63.350s] -- Installing: /home/pheonix/ros2_ws/install/lifecycle_msgs/include/lifecycle_msgs/lifecycle_msgs/msg/state.hpp
[63.350s] -- Up-to-date: /home/pheonix/ros2_ws/install/lifecycle_msgs/include/lifecycle_msgs/lifecycle_msgs/srv
[63.350s] -- Installing: /home/pheonix/ros2_ws/install/lifecycle_msgs/include/lifecycle_msgs/lifecycle_msgs/srv/get_state.hpp
[63.350s] -- Installing: /home/pheonix/ros2_ws/install/lifecycle_msgs/include/lifecycle_msgs/lifecycle_msgs/srv/get_available_states.hpp
[63.350s] -- Up-to-date: /home/pheonix/ros2_ws/install/lifecycle_msgs/include/lifecycle_msgs/lifecycle_msgs/srv/detail
[63.350s] -- Installing: /home/pheonix/ros2_ws/install/lifecycle_msgs/include/lifecycle_msgs/lifecycle_msgs/srv/detail/get_available_states__type_support.hpp
[63.350s] -- Installing: /home/pheonix/ros2_ws/install/lifecycle_msgs/include/lifecycle_msgs/lifecycle_msgs/srv/detail/get_available_transitions__traits.hpp
[63.350s] -- Installing: /home/pheonix/ros2_ws/install/lifecycle_msgs/include/lifecycle_msgs/lifecycle_msgs/srv/detail/get_state__builder.hpp
[63.350s] -- Installing: /home/pheonix/ros2_ws/install/lifecycle_msgs/include/lifecycle_msgs/lifecycle_msgs/srv/detail/change_state__type_support.hpp
[63.350s] -- Installing: /home/pheonix/ros2_ws/install/lifecycle_msgs/include/lifecycle_msgs/lifecycle_msgs/srv/detail/get_available_states__struct.hpp
[63.350s] -- Installing: /home/pheonix/ros2_ws/install/lifecycle_msgs/include/lifecycle_msgs/lifecycle_msgs/srv/detail/get_available_transitions__struct.hpp
[63.350s] -- Installing: /home/pheonix/ros2_ws/install/lifecycle_msgs/include/lifecycle_msgs/lifecycle_msgs/srv/detail/change_state__struct.hpp
[63.350s] -- Installing: /home/pheonix/ros2_ws/install/lifecycle_msgs/include/lifecycle_msgs/lifecycle_msgs/srv/detail/get_state__struct.hpp
[63.350s] -- Installing: /home/pheonix/ros2_ws/install/lifecycle_msgs/include/lifecycle_msgs/lifecycle_msgs/srv/detail/get_available_states__traits.hpp
[63.350s] -- Installing: /home/pheonix/ros2_ws/install/lifecycle_msgs/include/lifecycle_msgs/lifecycle_msgs/srv/detail/get_available_transitions__type_support.hpp
[63.350s] -- Installing: /home/pheonix/ros2_ws/install/lifecycle_msgs/include/lifecycle_msgs/lifecycle_msgs/srv/detail/get_state__traits.hpp
[63.350s] -- Installing: /home/pheonix/ros2_ws/install/lifecycle_msgs/include/lifecycle_msgs/lifecycle_msgs/srv/detail/get_available_states__builder.hpp
[63.350s] -- Installing: /home/pheonix/ros2_ws/install/lifecycle_msgs/include/lifecycle_msgs/lifecycle_msgs/srv/detail/change_state__traits.hpp
[63.350s] -- Installing: /home/pheonix/ros2_ws/install/lifecycle_msgs/include/lifecycle_msgs/lifecycle_msgs/srv/detail/get_available_transitions__builder.hpp
[63.350s] -- Installing: /home/pheonix/ros2_ws/install/lifecycle_msgs/include/lifecycle_msgs/lifecycle_msgs/srv/detail/change_state__builder.hpp
[63.350s] -- Installing: /home/pheonix/ros2_ws/install/lifecycle_msgs/include/lifecycle_msgs/lifecycle_msgs/srv/detail/get_state__type_support.hpp
[63.350s] -- Installing: /home/pheonix/ros2_ws/install/lifecycle_msgs/include/lifecycle_msgs/lifecycle_msgs/srv/get_available_transitions.hpp
[63.351s] -- Installing: /home/pheonix/ros2_ws/install/lifecycle_msgs/include/lifecycle_msgs/lifecycle_msgs/srv/change_state.hpp
[63.351s] -- Up-to-date: /home/pheonix/ros2_ws/install/lifecycle_msgs/include/lifecycle_msgs/lifecycle_msgs
[63.351s] -- Up-to-date: /home/pheonix/ros2_ws/install/lifecycle_msgs/include/lifecycle_msgs/lifecycle_msgs/msg
[63.351s] -- Up-to-date: /home/pheonix/ros2_ws/install/lifecycle_msgs/include/lifecycle_msgs/lifecycle_msgs/msg/detail
[63.351s] -- Installing: /home/pheonix/ros2_ws/install/lifecycle_msgs/include/lifecycle_msgs/lifecycle_msgs/msg/detail/dds_fastrtps
[63.351s] -- Installing: /home/pheonix/ros2_ws/install/lifecycle_msgs/include/lifecycle_msgs/lifecycle_msgs/msg/detail/transition__rosidl_typesupport_fastrtps_cpp.hpp
[63.351s] -- Installing: /home/pheonix/ros2_ws/install/lifecycle_msgs/include/lifecycle_msgs/lifecycle_msgs/msg/detail/state__rosidl_typesupport_fastrtps_cpp.hpp
[63.351s] -- Installing: /home/pheonix/ros2_ws/install/lifecycle_msgs/include/lifecycle_msgs/lifecycle_msgs/msg/detail/transition_description__rosidl_typesupport_fastrtps_cpp.hpp
[63.351s] -- Installing: /home/pheonix/ros2_ws/install/lifecycle_msgs/include/lifecycle_msgs/lifecycle_msgs/msg/detail/transition_event__rosidl_typesupport_fastrtps_cpp.hpp
[63.351s] -- Installing: /home/pheonix/ros2_ws/install/lifecycle_msgs/include/lifecycle_msgs/lifecycle_msgs/msg/rosidl_typesupport_fastrtps_cpp__visibility_control.h
[63.351s] -- Up-to-date: /home/pheonix/ros2_ws/install/lifecycle_msgs/include/lifecycle_msgs/lifecycle_msgs/srv
[63.351s] -- Up-to-date: /home/pheonix/ros2_ws/install/lifecycle_msgs/include/lifecycle_msgs/lifecycle_msgs/srv/detail
[63.351s] -- Installing: /home/pheonix/ros2_ws/install/lifecycle_msgs/include/lifecycle_msgs/lifecycle_msgs/srv/detail/dds_fastrtps
[63.351s] -- Installing: /home/pheonix/ros2_ws/install/lifecycle_msgs/include/lifecycle_msgs/lifecycle_msgs/srv/detail/get_available_states__rosidl_typesupport_fastrtps_cpp.hpp
[63.351s] -- Installing: /home/pheonix/ros2_ws/install/lifecycle_msgs/include/lifecycle_msgs/lifecycle_msgs/srv/detail/get_state__rosidl_typesupport_fastrtps_cpp.hpp
[63.351s] -- Installing: /home/pheonix/ros2_ws/install/lifecycle_msgs/include/lifecycle_msgs/lifecycle_msgs/srv/detail/get_available_transitions__rosidl_typesupport_fastrtps_cpp.hpp
[63.351s] -- Installing: /home/pheonix/ros2_ws/install/lifecycle_msgs/include/lifecycle_msgs/lifecycle_msgs/srv/detail/change_state__rosidl_typesupport_fastrtps_cpp.hpp
[63.351s] -- Installing: /home/pheonix/ros2_ws/install/lifecycle_msgs/lib/liblifecycle_msgs__rosidl_typesupport_fastrtps_cpp.so
[63.351s] -- Set non-toolchain portion of runtime path of "/home/pheonix/ros2_ws/install/lifecycle_msgs/lib/liblifecycle_msgs__rosidl_typesupport_fastrtps_cpp.so" to ""
[63.351s] -- Up-to-date: /home/pheonix/ros2_ws/install/lifecycle_msgs/include/lifecycle_msgs/lifecycle_msgs
[63.351s] -- Up-to-date: /home/pheonix/ros2_ws/install/lifecycle_msgs/include/lifecycle_msgs/lifecycle_msgs/msg
[63.351s] -- Up-to-date: /home/pheonix/ros2_ws/install/lifecycle_msgs/include/lifecycle_msgs/lifecycle_msgs/msg/detail
[63.351s] -- Installing: /home/pheonix/ros2_ws/install/lifecycle_msgs/include/lifecycle_msgs/lifecycle_msgs/msg/detail/state__type_support.cpp
[63.351s] -- Installing: /home/pheonix/ros2_ws/install/lifecycle_msgs/include/lifecycle_msgs/lifecycle_msgs/msg/detail/transition_event__type_support.cpp
[63.351s] -- Installing: /home/pheonix/ros2_ws/install/lifecycle_msgs/include/lifecycle_msgs/lifecycle_msgs/msg/detail/transition_description__rosidl_typesupport_introspection_cpp.hpp
[63.351s] -- Installing: /home/pheonix/ros2_ws/install/lifecycle_msgs/include/lifecycle_msgs/lifecycle_msgs/msg/detail/transition_description__type_support.cpp
[63.351s] -- Installing: /home/pheonix/ros2_ws/install/lifecycle_msgs/include/lifecycle_msgs/lifecycle_msgs/msg/detail/state__rosidl_typesupport_introspection_cpp.hpp
[63.351s] -- Installing: /home/pheonix/ros2_ws/install/lifecycle_msgs/include/lifecycle_msgs/lifecycle_msgs/msg/detail/transition__rosidl_typesupport_introspection_cpp.hpp
[63.359s] -- Installing: /home/pheonix/ros2_ws/install/lifecycle_msgs/include/lifecycle_msgs/lifecycle_msgs/msg/detail/transition__type_support.cpp
[63.359s] -- Installing: /home/pheonix/ros2_ws/install/lifecycle_msgs/include/lifecycle_msgs/lifecycle_msgs/msg/detail/transition_event__rosidl_typesupport_introspection_cpp.hpp
[63.359s] -- Up-to-date: /home/pheonix/ros2_ws/install/lifecycle_msgs/include/lifecycle_msgs/lifecycle_msgs/srv
[63.359s] -- Up-to-date: /home/pheonix/ros2_ws/install/lifecycle_msgs/include/lifecycle_msgs/lifecycle_msgs/srv/detail
[63.359s] -- Installing: /home/pheonix/ros2_ws/install/lifecycle_msgs/include/lifecycle_msgs/lifecycle_msgs/srv/detail/get_state__rosidl_typesupport_introspection_cpp.hpp
[63.359s] -- Installing: /home/pheonix/ros2_ws/install/lifecycle_msgs/include/lifecycle_msgs/lifecycle_msgs/srv/detail/change_state__type_support.cpp
[63.359s] -- Installing: /home/pheonix/ros2_ws/install/lifecycle_msgs/include/lifecycle_msgs/lifecycle_msgs/srv/detail/get_state__type_support.cpp
[63.359s] -- Installing: /home/pheonix/ros2_ws/install/lifecycle_msgs/include/lifecycle_msgs/lifecycle_msgs/srv/detail/change_state__rosidl_typesupport_introspection_cpp.hpp
[63.359s] -- Installing: /home/pheonix/ros2_ws/install/lifecycle_msgs/include/lifecycle_msgs/lifecycle_msgs/srv/detail/get_available_states__rosidl_typesupport_introspection_cpp.hpp
[63.359s] -- Installing: /home/pheonix/ros2_ws/install/lifecycle_msgs/include/lifecycle_msgs/lifecycle_msgs/srv/detail/get_available_transitions__type_support.cpp
[63.359s] -- Installing: /home/pheonix/ros2_ws/install/lifecycle_msgs/include/lifecycle_msgs/lifecycle_msgs/srv/detail/get_available_transitions__rosidl_typesupport_introspection_cpp.hpp
[63.359s] -- Installing: /home/pheonix/ros2_ws/install/lifecycle_msgs/include/lifecycle_msgs/lifecycle_msgs/srv/detail/get_available_states__type_support.cpp
[63.359s] -- Installing: /home/pheonix/ros2_ws/install/lifecycle_msgs/lib/liblifecycle_msgs__rosidl_typesupport_introspection_cpp.so
[63.359s] -- Set non-toolchain portion of runtime path of "/home/pheonix/ros2_ws/install/lifecycle_msgs/lib/liblifecycle_msgs__rosidl_typesupport_introspection_cpp.so" to ""
[63.359s] -- Installing: /home/pheonix/ros2_ws/install/lifecycle_msgs/lib/liblifecycle_msgs__rosidl_typesupport_cpp.so
[63.364s] -- Set non-toolchain portion of runtime path of "/home/pheonix/ros2_ws/install/lifecycle_msgs/lib/liblifecycle_msgs__rosidl_typesupport_cpp.so" to ""
[63.364s] -- Installing: /home/pheonix/ros2_ws/install/lifecycle_msgs/share/lifecycle_msgs/environment/pythonpath.sh
[63.364s] -- Installing: /home/pheonix/ros2_ws/install/lifecycle_msgs/share/lifecycle_msgs/environment/pythonpath.dsv
[63.364s] -- Installing: /home/pheonix/ros2_ws/install/lifecycle_msgs/lib/python3.12/site-packages/lifecycle_msgs-2.2.0-py3.12.egg-info
[63.364s] -- Installing: /home/pheonix/ros2_ws/install/lifecycle_msgs/lib/python3.12/site-packages/lifecycle_msgs-2.2.0-py3.12.egg-info/SOURCES.txt
[63.364s] -- Installing: /home/pheonix/ros2_ws/install/lifecycle_msgs/lib/python3.12/site-packages/lifecycle_msgs-2.2.0-py3.12.egg-info/dependency_links.txt
[63.364s] -- Installing: /home/pheonix/ros2_ws/install/lifecycle_msgs/lib/python3.12/site-packages/lifecycle_msgs-2.2.0-py3.12.egg-info/PKG-INFO
[63.364s] -- Installing: /home/pheonix/ros2_ws/install/lifecycle_msgs/lib/python3.12/site-packages/lifecycle_msgs-2.2.0-py3.12.egg-info/top_level.txt
[63.364s] -- Installing: /home/pheonix/ros2_ws/install/lifecycle_msgs/lib/python3.12/site-packages/lifecycle_msgs
[63.365s] -- Installing: /home/pheonix/ros2_ws/install/lifecycle_msgs/lib/python3.12/site-packages/lifecycle_msgs/_lifecycle_msgs_s.ep.rosidl_typesupport_c.c
[63.365s] -- Installing: /home/pheonix/ros2_ws/install/lifecycle_msgs/lib/python3.12/site-packages/lifecycle_msgs/lifecycle_msgs_s__rosidl_typesupport_introspection_c.so
[63.365s] -- Installing: /home/pheonix/ros2_ws/install/lifecycle_msgs/lib/python3.12/site-packages/lifecycle_msgs/msg
[63.365s] -- Installing: /home/pheonix/ros2_ws/install/lifecycle_msgs/lib/python3.12/site-packages/lifecycle_msgs/msg/_transition_event.py
[63.365s] -- Installing: /home/pheonix/ros2_ws/install/lifecycle_msgs/lib/python3.12/site-packages/lifecycle_msgs/msg/_transition.py
[63.365s] -- Installing: /home/pheonix/ros2_ws/install/lifecycle_msgs/lib/python3.12/site-packages/lifecycle_msgs/msg/_transition_event_s.c
[63.365s] -- Installing: /home/pheonix/ros2_ws/install/lifecycle_msgs/lib/python3.12/site-packages/lifecycle_msgs/msg/_transition_s.c
[63.365s] -- Installing: /home/pheonix/ros2_ws/install/lifecycle_msgs/lib/python3.12/site-packages/lifecycle_msgs/msg/_transition_description.py
[63.365s] -- Installing: /home/pheonix/ros2_ws/install/lifecycle_msgs/lib/python3.12/site-packages/lifecycle_msgs/msg/_state_s.c
[63.365s] -- Installing: /home/pheonix/ros2_ws/install/lifecycle_msgs/lib/python3.12/site-packages/lifecycle_msgs/msg/__init__.py
[63.365s] -- Installing: /home/pheonix/ros2_ws/install/lifecycle_msgs/lib/python3.12/site-packages/lifecycle_msgs/msg/_state.py
[63.365s] -- Installing: /home/pheonix/ros2_ws/install/lifecycle_msgs/lib/python3.12/site-packages/lifecycle_msgs/msg/_transition_description_s.c
[63.365s] -- Installing: /home/pheonix/ros2_ws/install/lifecycle_msgs/lib/python3.12/site-packages/lifecycle_msgs/_lifecycle_msgs_s.ep.rosidl_typesupport_introspection_c.c
[63.365s] -- Installing: /home/pheonix/ros2_ws/install/lifecycle_msgs/lib/python3.12/site-packages/lifecycle_msgs/__init__.py
[63.365s] -- Installing: /home/pheonix/ros2_ws/install/lifecycle_msgs/lib/python3.12/site-packages/lifecycle_msgs/lifecycle_msgs_s__rosidl_typesupport_c.so
[63.365s] -- Installing: /home/pheonix/ros2_ws/install/lifecycle_msgs/lib/python3.12/site-packages/lifecycle_msgs/lifecycle_msgs_s__rosidl_typesupport_fastrtps_c.so
[63.365s] -- Installing: /home/pheonix/ros2_ws/install/lifecycle_msgs/lib/python3.12/site-packages/lifecycle_msgs/_lifecycle_msgs_s.ep.rosidl_typesupport_fastrtps_c.c
[63.365s] -- Installing: /home/pheonix/ros2_ws/install/lifecycle_msgs/lib/python3.12/site-packages/lifecycle_msgs/srv
[63.365s] -- Installing: /home/pheonix/ros2_ws/install/lifecycle_msgs/lib/python3.12/site-packages/lifecycle_msgs/srv/_change_state_s.c
[63.365s] -- Installing: /home/pheonix/ros2_ws/install/lifecycle_msgs/lib/python3.12/site-packages/lifecycle_msgs/srv/_get_available_states.py
[63.365s] -- Installing: /home/pheonix/ros2_ws/install/lifecycle_msgs/lib/python3.12/site-packages/lifecycle_msgs/srv/_change_state.py
[63.365s] -- Installing: /home/pheonix/ros2_ws/install/lifecycle_msgs/lib/python3.12/site-packages/lifecycle_msgs/srv/_get_available_states_s.c
[63.365s] -- Installing: /home/pheonix/ros2_ws/install/lifecycle_msgs/lib/python3.12/site-packages/lifecycle_msgs/srv/_get_available_transitions.py
[63.365s] -- Installing: /home/pheonix/ros2_ws/install/lifecycle_msgs/lib/python3.12/site-packages/lifecycle_msgs/srv/_get_state_s.c
[63.365s] -- Installing: /home/pheonix/ros2_ws/install/lifecycle_msgs/lib/python3.12/site-packages/lifecycle_msgs/srv/_get_available_transitions_s.c
[63.365s] -- Installing: /home/pheonix/ros2_ws/install/lifecycle_msgs/lib/python3.12/site-packages/lifecycle_msgs/srv/__init__.py
[63.365s] -- Installing: /home/pheonix/ros2_ws/install/lifecycle_msgs/lib/python3.12/site-packages/lifecycle_msgs/srv/_get_state.py
[63.395s] Listing '/home/pheonix/ros2_ws/install/lifecycle_msgs/lib/python3.12/site-packages/lifecycle_msgs'...
[63.395s] Compiling '/home/pheonix/ros2_ws/install/lifecycle_msgs/lib/python3.12/site-packages/lifecycle_msgs/__init__.py'...
[63.395s] Listing '/home/pheonix/ros2_ws/install/lifecycle_msgs/lib/python3.12/site-packages/lifecycle_msgs/msg'...
[63.396s] Compiling '/home/pheonix/ros2_ws/install/lifecycle_msgs/lib/python3.12/site-packages/lifecycle_msgs/msg/__init__.py'...
[63.396s] Compiling '/home/pheonix/ros2_ws/install/lifecycle_msgs/lib/python3.12/site-packages/lifecycle_msgs/msg/_state.py'...
[63.396s] Compiling '/home/pheonix/ros2_ws/install/lifecycle_msgs/lib/python3.12/site-packages/lifecycle_msgs/msg/_transition.py'...
[63.396s] Compiling '/home/pheonix/ros2_ws/install/lifecycle_msgs/lib/python3.12/site-packages/lifecycle_msgs/msg/_transition_description.py'...
[63.396s] Compiling '/home/pheonix/ros2_ws/install/lifecycle_msgs/lib/python3.12/site-packages/lifecycle_msgs/msg/_transition_event.py'...
[63.396s] Listing '/home/pheonix/ros2_ws/install/lifecycle_msgs/lib/python3.12/site-packages/lifecycle_msgs/srv'...
[63.396s] Compiling '/home/pheonix/ros2_ws/install/lifecycle_msgs/lib/python3.12/site-packages/lifecycle_msgs/srv/__init__.py'...
[63.396s] Compiling '/home/pheonix/ros2_ws/install/lifecycle_msgs/lib/python3.12/site-packages/lifecycle_msgs/srv/_change_state.py'...
[63.396s] Compiling '/home/pheonix/ros2_ws/install/lifecycle_msgs/lib/python3.12/site-packages/lifecycle_msgs/srv/_get_available_states.py'...
[63.396s] Compiling '/home/pheonix/ros2_ws/install/lifecycle_msgs/lib/python3.12/site-packages/lifecycle_msgs/srv/_get_available_transitions.py'...
[63.396s] Compiling '/home/pheonix/ros2_ws/install/lifecycle_msgs/lib/python3.12/site-packages/lifecycle_msgs/srv/_get_state.py'...
[63.405s] -- Installing: /home/pheonix/ros2_ws/install/lifecycle_msgs/lib/python3.12/site-packages/lifecycle_msgs/lifecycle_msgs_s__rosidl_typesupport_fastrtps_c.so
[63.406s] -- Set non-toolchain portion of runtime path of "/home/pheonix/ros2_ws/install/lifecycle_msgs/lib/python3.12/site-packages/lifecycle_msgs/lifecycle_msgs_s__rosidl_typesupport_fastrtps_c.so" to ""
[63.406s] -- Installing: /home/pheonix/ros2_ws/install/lifecycle_msgs/lib/python3.12/site-packages/lifecycle_msgs/lifecycle_msgs_s__rosidl_typesupport_introspection_c.so
[63.406s] -- Set non-toolchain portion of runtime path of "/home/pheonix/ros2_ws/install/lifecycle_msgs/lib/python3.12/site-packages/lifecycle_msgs/lifecycle_msgs_s__rosidl_typesupport_introspection_c.so" to ""
[63.408s] -- Installing: /home/pheonix/ros2_ws/install/lifecycle_msgs/lib/python3.12/site-packages/lifecycle_msgs/lifecycle_msgs_s__rosidl_typesupport_c.so
[63.408s] -- Set non-toolchain portion of runtime path of "/home/pheonix/ros2_ws/install/lifecycle_msgs/lib/python3.12/site-packages/lifecycle_msgs/lifecycle_msgs_s__rosidl_typesupport_c.so" to ""
[63.408s] -- Installing: /home/pheonix/ros2_ws/install/lifecycle_msgs/lib/liblifecycle_msgs__rosidl_generator_py.so
[63.409s] -- Set non-toolchain portion of runtime path of "/home/pheonix/ros2_ws/install/lifecycle_msgs/lib/liblifecycle_msgs__rosidl_generator_py.so" to ""
[63.409s] -- Installing: /home/pheonix/ros2_ws/install/lifecycle_msgs/share/lifecycle_msgs/msg/State.idl
[63.409s] -- Installing: /home/pheonix/ros2_ws/install/lifecycle_msgs/share/lifecycle_msgs/msg/Transition.idl
[63.410s] -- Installing: /home/pheonix/ros2_ws/install/lifecycle_msgs/share/lifecycle_msgs/msg/TransitionDescription.idl
[63.410s] -- Installing: /home/pheonix/ros2_ws/install/lifecycle_msgs/share/lifecycle_msgs/msg/TransitionEvent.idl
[63.411s] -- Installing: /home/pheonix/ros2_ws/install/lifecycle_msgs/share/lifecycle_msgs/srv/ChangeState.idl
[63.411s] -- Installing: /home/pheonix/ros2_ws/install/lifecycle_msgs/share/lifecycle_msgs/srv/GetAvailableStates.idl
[63.411s] -- Installing: /home/pheonix/ros2_ws/install/lifecycle_msgs/share/lifecycle_msgs/srv/GetAvailableTransitions.idl
[63.414s] -- Installing: /home/pheonix/ros2_ws/install/lifecycle_msgs/share/lifecycle_msgs/srv/GetState.idl
[63.414s] -- Installing: /home/pheonix/ros2_ws/install/lifecycle_msgs/share/lifecycle_msgs/msg/State.msg
[63.414s] -- Installing: /home/pheonix/ros2_ws/install/lifecycle_msgs/share/lifecycle_msgs/msg/Transition.msg
[63.433s] -- Installing: /home/pheonix/ros2_ws/install/lifecycle_msgs/share/lifecycle_msgs/msg/TransitionDescription.msg
[63.434s] -- Installing: /home/pheonix/ros2_ws/install/lifecycle_msgs/share/lifecycle_msgs/msg/TransitionEvent.msg
[63.434s] -- Installing: /home/pheonix/ros2_ws/install/lifecycle_msgs/share/lifecycle_msgs/srv/ChangeState.srv
[63.436s] -- Installing: /home/pheonix/ros2_ws/install/lifecycle_msgs/share/lifecycle_msgs/srv/GetAvailableStates.srv
[63.436s] -- Installing: /home/pheonix/ros2_ws/install/lifecycle_msgs/share/lifecycle_msgs/srv/GetAvailableTransitions.srv
[63.436s] -- Installing: /home/pheonix/ros2_ws/install/lifecycle_msgs/share/lifecycle_msgs/srv/GetState.srv
[63.436s] -- Installing: /home/pheonix/ros2_ws/install/lifecycle_msgs/share/ament_index/resource_index/package_run_dependencies/lifecycle_msgs
[63.438s] -- Installing: /home/pheonix/ros2_ws/install/lifecycle_msgs/share/ament_index/resource_index/parent_prefix_path/lifecycle_msgs
[63.442s] -- Installing: /home/pheonix/ros2_ws/install/lifecycle_msgs/share/lifecycle_msgs/environment/ament_prefix_path.sh
[63.443s] -- Installing: /home/pheonix/ros2_ws/install/lifecycle_msgs/share/lifecycle_msgs/environment/ament_prefix_path.dsv
[63.443s] -- Installing: /home/pheonix/ros2_ws/install/lifecycle_msgs/share/lifecycle_msgs/environment/path.sh
[63.443s] -- Installing: /home/pheonix/ros2_ws/install/lifecycle_msgs/share/lifecycle_msgs/environment/path.dsv
[63.443s] -- Installing: /home/pheonix/ros2_ws/install/lifecycle_msgs/share/lifecycle_msgs/local_setup.bash
[63.445s] -- Installing: /home/pheonix/ros2_ws/install/lifecycle_msgs/share/lifecycle_msgs/local_setup.sh
[63.445s] -- Installing: /home/pheonix/ros2_ws/install/lifecycle_msgs/share/lifecycle_msgs/local_setup.zsh
[63.445s] -- Installing: /home/pheonix/ros2_ws/install/lifecycle_msgs/share/lifecycle_msgs/local_setup.dsv
[63.445s] -- Installing: /home/pheonix/ros2_ws/install/lifecycle_msgs/share/lifecycle_msgs/package.dsv
[63.445s] -- Installing: /home/pheonix/ros2_ws/install/lifecycle_msgs/share/ament_index/resource_index/packages/lifecycle_msgs
[63.445s] -- Installing: /home/pheonix/ros2_ws/install/lifecycle_msgs/share/lifecycle_msgs/cmake/export_lifecycle_msgs__rosidl_generator_cExport.cmake
[63.445s] -- Installing: /home/pheonix/ros2_ws/install/lifecycle_msgs/share/lifecycle_msgs/cmake/export_lifecycle_msgs__rosidl_generator_cExport-noconfig.cmake
[63.445s] -- Installing: /home/pheonix/ros2_ws/install/lifecycle_msgs/share/lifecycle_msgs/cmake/export_lifecycle_msgs__rosidl_typesupport_fastrtps_cExport.cmake
[63.445s] -- Installing: /home/pheonix/ros2_ws/install/lifecycle_msgs/share/lifecycle_msgs/cmake/export_lifecycle_msgs__rosidl_typesupport_fastrtps_cExport-noconfig.cmake
[63.445s] -- Installing: /home/pheonix/ros2_ws/install/lifecycle_msgs/share/lifecycle_msgs/cmake/lifecycle_msgs__rosidl_typesupport_introspection_cExport.cmake
[63.445s] -- Installing: /home/pheonix/ros2_ws/install/lifecycle_msgs/share/lifecycle_msgs/cmake/lifecycle_msgs__rosidl_typesupport_introspection_cExport-noconfig.cmake
[63.445s] -- Installing: /home/pheonix/ros2_ws/install/lifecycle_msgs/share/lifecycle_msgs/cmake/lifecycle_msgs__rosidl_typesupport_cExport.cmake
[63.445s] -- Installing: /home/pheonix/ros2_ws/install/lifecycle_msgs/share/lifecycle_msgs/cmake/lifecycle_msgs__rosidl_typesupport_cExport-noconfig.cmake
[63.445s] -- Installing: /home/pheonix/ros2_ws/install/lifecycle_msgs/share/lifecycle_msgs/cmake/export_lifecycle_msgs__rosidl_generator_cppExport.cmake
[63.446s] -- Installing: /home/pheonix/ros2_ws/install/lifecycle_msgs/share/lifecycle_msgs/cmake/export_lifecycle_msgs__rosidl_typesupport_fastrtps_cppExport.cmake
[63.448s] -- Installing: /home/pheonix/ros2_ws/install/lifecycle_msgs/share/lifecycle_msgs/cmake/export_lifecycle_msgs__rosidl_typesupport_fastrtps_cppExport-noconfig.cmake
[63.448s] -- Installing: /home/pheonix/ros2_ws/install/lifecycle_msgs/share/lifecycle_msgs/cmake/lifecycle_msgs__rosidl_typesupport_introspection_cppExport.cmake
[63.449s] -- Installing: /home/pheonix/ros2_ws/install/lifecycle_msgs/share/lifecycle_msgs/cmake/lifecycle_msgs__rosidl_typesupport_introspection_cppExport-noconfig.cmake
[63.449s] -- Installing: /home/pheonix/ros2_ws/install/lifecycle_msgs/share/lifecycle_msgs/cmake/lifecycle_msgs__rosidl_typesupport_cppExport.cmake
[63.449s] -- Installing: /home/pheonix/ros2_ws/install/lifecycle_msgs/share/lifecycle_msgs/cmake/lifecycle_msgs__rosidl_typesupport_cppExport-noconfig.cmake
[63.449s] -- Installing: /home/pheonix/ros2_ws/install/lifecycle_msgs/share/lifecycle_msgs/cmake/export_lifecycle_msgs__rosidl_generator_pyExport.cmake
[63.449s] -- Installing: /home/pheonix/ros2_ws/install/lifecycle_msgs/share/lifecycle_msgs/cmake/export_lifecycle_msgs__rosidl_generator_pyExport-noconfig.cmake
[63.453s] -- Installing: /home/pheonix/ros2_ws/install/lifecycle_msgs/share/lifecycle_msgs/cmake/rosidl_cmake-extras.cmake
[63.454s] -- Installing: /home/pheonix/ros2_ws/install/lifecycle_msgs/share/lifecycle_msgs/cmake/ament_cmake_export_dependencies-extras.cmake
[63.454s] -- Installing: /home/pheonix/ros2_ws/install/lifecycle_msgs/share/lifecycle_msgs/cmake/ament_cmake_export_include_directories-extras.cmake
[63.454s] -- Installing: /home/pheonix/ros2_ws/install/lifecycle_msgs/share/lifecycle_msgs/cmake/ament_cmake_export_libraries-extras.cmake
[63.454s] -- Installing: /home/pheonix/ros2_ws/install/lifecycle_msgs/share/lifecycle_msgs/cmake/ament_cmake_export_targets-extras.cmake
[63.455s] -- Installing: /home/pheonix/ros2_ws/install/lifecycle_msgs/share/lifecycle_msgs/cmake/rosidl_cmake_export_typesupport_targets-extras.cmake
[63.455s] -- Installing: /home/pheonix/ros2_ws/install/lifecycle_msgs/share/lifecycle_msgs/cmake/rosidl_cmake_export_typesupport_libraries-extras.cmake
[63.455s] -- Installing: /home/pheonix/ros2_ws/install/lifecycle_msgs/share/lifecycle_msgs/cmake/lifecycle_msgsConfig.cmake
[63.455s] -- Installing: /home/pheonix/ros2_ws/install/lifecycle_msgs/share/lifecycle_msgs/cmake/lifecycle_msgsConfig-version.cmake
[63.455s] -- Installing: /home/pheonix/ros2_ws/install/lifecycle_msgs/share/lifecycle_msgs/package.xml
[63.461s] Invoked command in '/home/pheonix/ros2_ws/build/lifecycle_msgs' returned '0': CMAKE_PREFIX_PATH=${CMAKE_PREFIX_PATH}:/opt/ros/jazzy DEBUGINFOD_URLS=https://debuginfod.ubuntu.com /usr/bin/cmake --install /home/pheonix/ros2_ws/build/lifecycle_msgs
