[2.370s] Invoking command in '/home/pheonix/ros2_ws/src/launch_ros/launch_ros': DEBUGINFOD_URLS=https://debuginfod.ubuntu.com PYTHONPATH=/home/pheonix/ros2_ws/build/launch_ros/prefix_override:/usr/lib/python3/dist-packages/colcon_core/task/python/colcon_distutils_commands:/home/pheonix/ros2_ws/install/launch_ros/lib/python3.12/site-packages:${PYTHONPATH} /usr/bin/python3 -W ignore:setup.py install is deprecated setup.py egg_info --egg-base ../../../build/launch_ros build --build-base /home/pheonix/ros2_ws/build/launch_ros/build install --record /home/pheonix/ros2_ws/build/launch_ros/install.log --single-version-externally-managed install_data
[2.708s] running egg_info
[2.722s] writing ../../../build/launch_ros/launch_ros.egg-info/PKG-INFO
[2.724s] writing dependency_links to ../../../build/launch_ros/launch_ros.egg-info/dependency_links.txt
[2.724s] writing entry points to ../../../build/launch_ros/launch_ros.egg-info/entry_points.txt
[2.727s] writing requirements to ../../../build/launch_ros/launch_ros.egg-info/requires.txt
[2.727s] writing top-level names to ../../../build/launch_ros/launch_ros.egg-info/top_level.txt
[2.784s] reading manifest file '../../../build/launch_ros/launch_ros.egg-info/SOURCES.txt'
[2.786s] writing manifest file '../../../build/launch_ros/launch_ros.egg-info/SOURCES.txt'
[2.787s] running build
[2.787s] running build_py
[2.800s] running install
[2.807s] running install_lib
[2.859s] running install_data
[2.860s] running install_egg_info
[2.883s] removing '/home/pheonix/ros2_ws/install/launch_ros/lib/python3.12/site-packages/launch_ros-0.27.2-py3.12.egg-info' (and everything under it)
[2.886s] Copying ../../../build/launch_ros/launch_ros.egg-info to /home/pheonix/ros2_ws/install/launch_ros/lib/python3.12/site-packages/launch_ros-0.27.2-py3.12.egg-info
[2.886s] running install_scripts
[3.106s] writing list of installed files to '/home/pheonix/ros2_ws/build/launch_ros/install.log'
[3.119s] Invoked command in '/home/pheonix/ros2_ws/src/launch_ros/launch_ros' returned '0': DEBUGINFOD_URLS=https://debuginfod.ubuntu.com PYTHONPATH=/home/pheonix/ros2_ws/build/launch_ros/prefix_override:/usr/lib/python3/dist-packages/colcon_core/task/python/colcon_distutils_commands:/home/pheonix/ros2_ws/install/launch_ros/lib/python3.12/site-packages:${PYTHONPATH} /usr/bin/python3 -W ignore:setup.py install is deprecated setup.py egg_info --egg-base ../../../build/launch_ros build --build-base /home/pheonix/ros2_ws/build/launch_ros/build install --record /home/pheonix/ros2_ws/build/launch_ros/install.log --single-version-externally-managed install_data
