[0.011s] Invoking command in '/home/pheonix/ros2_ws/build/turtlesim': CMAKE_PREFIX_PATH=/home/pheonix/ros2_ws/install/urdfdom_headers:/home/pheonix/ros2_ws/install/turtlesim:/home/pheonix/ros2_ws/install/test_msgs:/home/pheonix/ros2_ws/install/test_interface_files:/home/pheonix/ros2_ws/install/teleop_twist_joy:/home/pheonix/ros2_ws/install/statistics_msgs:/home/pheonix/ros2_ws/install/action_msgs:/home/pheonix/ros2_ws/install/service_msgs:/home/pheonix/ros2_ws/install/rosgraph_msgs:/home/pheonix/ros2_ws/install/rosbag2_test_common:/home/pheonix/ros2_ws/install/composition_interfaces:/home/pheonix/ros2_ws/install/rcl_interfaces:/home/pheonix/ros2_ws/install/lifecycle_msgs:/home/pheonix/ros2_ws/install/joy_linux:/home/pheonix/ros2_ws/install/type_description_interfaces:/home/pheonix/ros2_ws/install/test_launch_ros:/home/pheonix/ros2_ws/install/ros2launch:/home/pheonix/ros2_ws/install/launch_testing_ros:/home/pheonix/ros2_ws/install/launch_ros:/opt/ros/jazzy:/home/pheonix/ros2_ws/install/joy:/opt/ros/jazzy/opt/gz_sim_vendor:/opt/ros/jazzy/opt/gz_sensors_vendor:/opt/ros/jazzy/opt/gz_physics_vendor:/opt/ros/jazzy/opt/sdformat_vendor:/opt/ros/jazzy/opt/gz_gui_vendor:/opt/ros/jazzy/opt/gz_transport_vendor:/opt/ros/jazzy/opt/gz_rendering_vendor:/opt/ros/jazzy/opt/gz_plugin_vendor:/opt/ros/jazzy/opt/gz_fuel_tools_vendor:/opt/ros/jazzy/opt/gz_msgs_vendor:/opt/ros/jazzy/opt/gz_common_vendor:/opt/ros/jazzy/opt/gz_math_vendor:/opt/ros/jazzy/opt/gz_utils_vendor:/opt/ros/jazzy/opt/gz_tools_vendor:/opt/ros/jazzy/opt/gz_ogre_next_vendor:/opt/ros/jazzy/opt/gz_dartsim_vendor:/opt/ros/jazzy/opt/gz_cmake_vendor DEBUGINFOD_URLS=https://debuginfod.ubuntu.com /usr/bin/cmake --build /home/pheonix/ros2_ws/build/turtlesim -- -j2 -l2
[0.141s] [  0%] Built target turtlesim__rosidl_generator_type_description
[0.168s] [  0%] Built target ament_cmake_python_copy_turtlesim
[0.208s] [  1%] Built target turtlesim__cpp
[0.312s] [ 24%] Built target turtlesim__rosidl_generator_c
[0.411s] [ 33%] Built target turtlesim__rosidl_typesupport_cpp
[0.492s] [ 41%] Built target turtlesim__rosidl_typesupport_fastrtps_c
[0.534s] running egg_info
[0.548s] [ 50%] Built target turtlesim__rosidl_typesupport_fastrtps_cpp
[0.564s] writing turtlesim.egg-info/PKG-INFO
[0.565s] writing dependency_links to turtlesim.egg-info/dependency_links.txt
[0.565s] writing top-level names to turtlesim.egg-info/top_level.txt
[0.629s] reading manifest file 'turtlesim.egg-info/SOURCES.txt'
[0.629s] writing manifest file 'turtlesim.egg-info/SOURCES.txt'
[0.634s] [ 59%] Built target turtlesim__rosidl_typesupport_introspection_c
[0.656s] [ 59%] Built target ament_cmake_python_build_turtlesim_egg
[0.698s] [ 68%] Built target turtlesim__rosidl_typesupport_c
[0.744s] [ 76%] Built target turtlesim__rosidl_typesupport_introspection_cpp
[0.825s] [ 81%] Built target turtlesim_node
[0.831s] [ 83%] Built target turtle_teleop_key
[0.892s] [ 84%] Built target draw_square
[0.899s] [ 86%] Built target mimic
[0.937s] [ 86%] Built target turtlesim
[0.983s] [ 86%] Built target turtlesim__py
[1.048s] [ 94%] Built target turtlesim__rosidl_generator_py
[1.088s] [ 96%] Built target turtlesim_s__rosidl_typesupport_fastrtps_c
[1.108s] [ 98%] Built target turtlesim_s__rosidl_typesupport_introspection_c
[1.137s] [100%] Built target turtlesim_s__rosidl_typesupport_c
[1.149s] Invoked command in '/home/pheonix/ros2_ws/build/turtlesim' returned '0': CMAKE_PREFIX_PATH=/home/pheonix/ros2_ws/install/urdfdom_headers:/home/pheonix/ros2_ws/install/turtlesim:/home/pheonix/ros2_ws/install/test_msgs:/home/pheonix/ros2_ws/install/test_interface_files:/home/pheonix/ros2_ws/install/teleop_twist_joy:/home/pheonix/ros2_ws/install/statistics_msgs:/home/pheonix/ros2_ws/install/action_msgs:/home/pheonix/ros2_ws/install/service_msgs:/home/pheonix/ros2_ws/install/rosgraph_msgs:/home/pheonix/ros2_ws/install/rosbag2_test_common:/home/pheonix/ros2_ws/install/composition_interfaces:/home/pheonix/ros2_ws/install/rcl_interfaces:/home/pheonix/ros2_ws/install/lifecycle_msgs:/home/pheonix/ros2_ws/install/joy_linux:/home/pheonix/ros2_ws/install/type_description_interfaces:/home/pheonix/ros2_ws/install/test_launch_ros:/home/pheonix/ros2_ws/install/ros2launch:/home/pheonix/ros2_ws/install/launch_testing_ros:/home/pheonix/ros2_ws/install/launch_ros:/opt/ros/jazzy:/home/pheonix/ros2_ws/install/joy:/opt/ros/jazzy/opt/gz_sim_vendor:/opt/ros/jazzy/opt/gz_sensors_vendor:/opt/ros/jazzy/opt/gz_physics_vendor:/opt/ros/jazzy/opt/sdformat_vendor:/opt/ros/jazzy/opt/gz_gui_vendor:/opt/ros/jazzy/opt/gz_transport_vendor:/opt/ros/jazzy/opt/gz_rendering_vendor:/opt/ros/jazzy/opt/gz_plugin_vendor:/opt/ros/jazzy/opt/gz_fuel_tools_vendor:/opt/ros/jazzy/opt/gz_msgs_vendor:/opt/ros/jazzy/opt/gz_common_vendor:/opt/ros/jazzy/opt/gz_math_vendor:/opt/ros/jazzy/opt/gz_utils_vendor:/opt/ros/jazzy/opt/gz_tools_vendor:/opt/ros/jazzy/opt/gz_ogre_next_vendor:/opt/ros/jazzy/opt/gz_dartsim_vendor:/opt/ros/jazzy/opt/gz_cmake_vendor DEBUGINFOD_URLS=https://debuginfod.ubuntu.com /usr/bin/cmake --build /home/pheonix/ros2_ws/build/turtlesim -- -j2 -l2
[1.681s] Invoking command in '/home/pheonix/ros2_ws/build/turtlesim': CMAKE_PREFIX_PATH=/home/pheonix/ros2_ws/install/urdfdom_headers:/home/pheonix/ros2_ws/install/turtlesim:/home/pheonix/ros2_ws/install/test_msgs:/home/pheonix/ros2_ws/install/test_interface_files:/home/pheonix/ros2_ws/install/teleop_twist_joy:/home/pheonix/ros2_ws/install/statistics_msgs:/home/pheonix/ros2_ws/install/action_msgs:/home/pheonix/ros2_ws/install/service_msgs:/home/pheonix/ros2_ws/install/rosgraph_msgs:/home/pheonix/ros2_ws/install/rosbag2_test_common:/home/pheonix/ros2_ws/install/composition_interfaces:/home/pheonix/ros2_ws/install/rcl_interfaces:/home/pheonix/ros2_ws/install/lifecycle_msgs:/home/pheonix/ros2_ws/install/joy_linux:/home/pheonix/ros2_ws/install/type_description_interfaces:/home/pheonix/ros2_ws/install/test_launch_ros:/home/pheonix/ros2_ws/install/ros2launch:/home/pheonix/ros2_ws/install/launch_testing_ros:/home/pheonix/ros2_ws/install/launch_ros:/opt/ros/jazzy:/home/pheonix/ros2_ws/install/joy:/opt/ros/jazzy/opt/gz_sim_vendor:/opt/ros/jazzy/opt/gz_sensors_vendor:/opt/ros/jazzy/opt/gz_physics_vendor:/opt/ros/jazzy/opt/sdformat_vendor:/opt/ros/jazzy/opt/gz_gui_vendor:/opt/ros/jazzy/opt/gz_transport_vendor:/opt/ros/jazzy/opt/gz_rendering_vendor:/opt/ros/jazzy/opt/gz_plugin_vendor:/opt/ros/jazzy/opt/gz_fuel_tools_vendor:/opt/ros/jazzy/opt/gz_msgs_vendor:/opt/ros/jazzy/opt/gz_common_vendor:/opt/ros/jazzy/opt/gz_math_vendor:/opt/ros/jazzy/opt/gz_utils_vendor:/opt/ros/jazzy/opt/gz_tools_vendor:/opt/ros/jazzy/opt/gz_ogre_next_vendor:/opt/ros/jazzy/opt/gz_dartsim_vendor:/opt/ros/jazzy/opt/gz_cmake_vendor DEBUGINFOD_URLS=https://debuginfod.ubuntu.com /usr/bin/cmake --install /home/pheonix/ros2_ws/build/turtlesim
[1.691s] -- Install configuration: ""
[1.691s] -- Up-to-date: /home/pheonix/ros2_ws/install/turtlesim/share/ament_index/resource_index/rosidl_interfaces/turtlesim
[1.695s] -- Up-to-date: /home/pheonix/ros2_ws/install/turtlesim/share/turtlesim/action/RotateAbsolute.json
[1.695s] -- Up-to-date: /home/pheonix/ros2_ws/install/turtlesim/share/turtlesim/msg/Color.json
[1.696s] -- Up-to-date: /home/pheonix/ros2_ws/install/turtlesim/share/turtlesim/msg/Pose.json
[1.700s] -- Up-to-date: /home/pheonix/ros2_ws/install/turtlesim/share/turtlesim/srv/Kill.json
[1.700s] -- Up-to-date: /home/pheonix/ros2_ws/install/turtlesim/share/turtlesim/srv/SetPen.json
[1.700s] -- Up-to-date: /home/pheonix/ros2_ws/install/turtlesim/share/turtlesim/srv/Spawn.json
[1.700s] -- Up-to-date: /home/pheonix/ros2_ws/install/turtlesim/share/turtlesim/srv/TeleportAbsolute.json
[1.701s] -- Up-to-date: /home/pheonix/ros2_ws/install/turtlesim/share/turtlesim/srv/TeleportRelative.json
[1.702s] -- Up-to-date: /home/pheonix/ros2_ws/install/turtlesim/include/turtlesim/turtlesim
[1.703s] -- Up-to-date: /home/pheonix/ros2_ws/install/turtlesim/include/turtlesim/turtlesim/msg
[1.703s] -- Up-to-date: /home/pheonix/ros2_ws/install/turtlesim/include/turtlesim/turtlesim/msg/rosidl_generator_c__visibility_control.h
[1.704s] -- Up-to-date: /home/pheonix/ros2_ws/install/turtlesim/include/turtlesim/turtlesim/msg/detail
[1.704s] -- Installing: /home/pheonix/ros2_ws/install/turtlesim/include/turtlesim/turtlesim/msg/detail/color__type_support.c
[1.715s] -- Up-to-date: /home/pheonix/ros2_ws/install/turtlesim/include/turtlesim/turtlesim/msg/detail/pose__functions.c
[1.715s] -- Up-to-date: /home/pheonix/ros2_ws/install/turtlesim/include/turtlesim/turtlesim/msg/detail/color__struct.h
[1.715s] -- Up-to-date: /home/pheonix/ros2_ws/install/turtlesim/include/turtlesim/turtlesim/msg/detail/pose__functions.h
[1.716s] -- Up-to-date: /home/pheonix/ros2_ws/install/turtlesim/include/turtlesim/turtlesim/msg/detail/color__description.c
[1.716s] -- Up-to-date: /home/pheonix/ros2_ws/install/turtlesim/include/turtlesim/turtlesim/msg/detail/color__functions.h
[1.716s] -- Up-to-date: /home/pheonix/ros2_ws/install/turtlesim/include/turtlesim/turtlesim/msg/detail/pose__type_support.h
[1.716s] -- Up-to-date: /home/pheonix/ros2_ws/install/turtlesim/include/turtlesim/turtlesim/msg/detail/color__functions.c
[1.716s] -- Up-to-date: /home/pheonix/ros2_ws/install/turtlesim/include/turtlesim/turtlesim/msg/detail/pose__description.c
[1.716s] -- Up-to-date: /home/pheonix/ros2_ws/install/turtlesim/include/turtlesim/turtlesim/msg/detail/pose__struct.h
[1.716s] -- Up-to-date: /home/pheonix/ros2_ws/install/turtlesim/include/turtlesim/turtlesim/msg/detail/color__type_support.h
[1.716s] -- Installing: /home/pheonix/ros2_ws/install/turtlesim/include/turtlesim/turtlesim/msg/detail/pose__type_support.c
[1.717s] -- Up-to-date: /home/pheonix/ros2_ws/install/turtlesim/include/turtlesim/turtlesim/msg/pose.h
[1.717s] -- Up-to-date: /home/pheonix/ros2_ws/install/turtlesim/include/turtlesim/turtlesim/msg/color.h
[1.717s] -- Up-to-date: /home/pheonix/ros2_ws/install/turtlesim/include/turtlesim/turtlesim/action
[1.718s] -- Up-to-date: /home/pheonix/ros2_ws/install/turtlesim/include/turtlesim/turtlesim/action/rotate_absolute.h
[1.718s] -- Up-to-date: /home/pheonix/ros2_ws/install/turtlesim/include/turtlesim/turtlesim/action/detail
[1.719s] -- Up-to-date: /home/pheonix/ros2_ws/install/turtlesim/include/turtlesim/turtlesim/action/detail/rotate_absolute__functions.c
[1.719s] -- Up-to-date: /home/pheonix/ros2_ws/install/turtlesim/include/turtlesim/turtlesim/action/detail/rotate_absolute__struct.h
[1.719s] -- Up-to-date: /home/pheonix/ros2_ws/install/turtlesim/include/turtlesim/turtlesim/action/detail/rotate_absolute__description.c
[1.719s] -- Up-to-date: /home/pheonix/ros2_ws/install/turtlesim/include/turtlesim/turtlesim/action/detail/rotate_absolute__functions.h
[1.719s] -- Up-to-date: /home/pheonix/ros2_ws/install/turtlesim/include/turtlesim/turtlesim/action/detail/rotate_absolute__type_support.h
[1.719s] -- Installing: /home/pheonix/ros2_ws/install/turtlesim/include/turtlesim/turtlesim/action/detail/rotate_absolute__type_support.c
[1.720s] -- Up-to-date: /home/pheonix/ros2_ws/install/turtlesim/include/turtlesim/turtlesim/srv
[1.721s] -- Up-to-date: /home/pheonix/ros2_ws/install/turtlesim/include/turtlesim/turtlesim/srv/set_pen.h
[1.721s] -- Up-to-date: /home/pheonix/ros2_ws/install/turtlesim/include/turtlesim/turtlesim/srv/kill.h
[1.721s] -- Up-to-date: /home/pheonix/ros2_ws/install/turtlesim/include/turtlesim/turtlesim/srv/teleport_relative.h
[1.721s] -- Up-to-date: /home/pheonix/ros2_ws/install/turtlesim/include/turtlesim/turtlesim/srv/teleport_absolute.h
[1.721s] -- Up-to-date: /home/pheonix/ros2_ws/install/turtlesim/include/turtlesim/turtlesim/srv/detail
[1.721s] -- Installing: /home/pheonix/ros2_ws/install/turtlesim/include/turtlesim/turtlesim/srv/detail/teleport_relative__type_support.c
[1.722s] -- Up-to-date: /home/pheonix/ros2_ws/install/turtlesim/include/turtlesim/turtlesim/srv/detail/set_pen__type_support.h
[1.722s] -- Up-to-date: /home/pheonix/ros2_ws/install/turtlesim/include/turtlesim/turtlesim/srv/detail/kill__struct.h
[1.722s] -- Up-to-date: /home/pheonix/ros2_ws/install/turtlesim/include/turtlesim/turtlesim/srv/detail/kill__functions.c
[1.722s] -- Up-to-date: /home/pheonix/ros2_ws/install/turtlesim/include/turtlesim/turtlesim/srv/detail/spawn__functions.h
[1.722s] -- Up-to-date: /home/pheonix/ros2_ws/install/turtlesim/include/turtlesim/turtlesim/srv/detail/kill__description.c
[1.722s] -- Up-to-date: /home/pheonix/ros2_ws/install/turtlesim/include/turtlesim/turtlesim/srv/detail/teleport_relative__description.c
[1.722s] -- Up-to-date: /home/pheonix/ros2_ws/install/turtlesim/include/turtlesim/turtlesim/srv/detail/teleport_absolute__description.c
[1.723s] -- Installing: /home/pheonix/ros2_ws/install/turtlesim/include/turtlesim/turtlesim/srv/detail/kill__type_support.c
[1.724s] -- Up-to-date: /home/pheonix/ros2_ws/install/turtlesim/include/turtlesim/turtlesim/srv/detail/teleport_relative__struct.h
[1.724s] -- Installing: /home/pheonix/ros2_ws/install/turtlesim/include/turtlesim/turtlesim/srv/detail/set_pen__type_support.c
[1.725s] -- Up-to-date: /home/pheonix/ros2_ws/install/turtlesim/include/turtlesim/turtlesim/srv/detail/teleport_absolute__type_support.h
[1.725s] -- Installing: /home/pheonix/ros2_ws/install/turtlesim/include/turtlesim/turtlesim/srv/detail/spawn__type_support.c
[1.733s] -- Up-to-date: /home/pheonix/ros2_ws/install/turtlesim/include/turtlesim/turtlesim/srv/detail/teleport_absolute__struct.h
[1.733s] -- Up-to-date: /home/pheonix/ros2_ws/install/turtlesim/include/turtlesim/turtlesim/srv/detail/teleport_relative__functions.c
[1.733s] -- Up-to-date: /home/pheonix/ros2_ws/install/turtlesim/include/turtlesim/turtlesim/srv/detail/teleport_absolute__functions.c
[1.733s] -- Up-to-date: /home/pheonix/ros2_ws/install/turtlesim/include/turtlesim/turtlesim/srv/detail/teleport_relative__type_support.h
[1.733s] -- Up-to-date: /home/pheonix/ros2_ws/install/turtlesim/include/turtlesim/turtlesim/srv/detail/set_pen__description.c
[1.734s] -- Up-to-date: /home/pheonix/ros2_ws/install/turtlesim/include/turtlesim/turtlesim/srv/detail/kill__functions.h
[1.734s] -- Up-to-date: /home/pheonix/ros2_ws/install/turtlesim/include/turtlesim/turtlesim/srv/detail/teleport_relative__functions.h
[1.734s] -- Up-to-date: /home/pheonix/ros2_ws/install/turtlesim/include/turtlesim/turtlesim/srv/detail/set_pen__struct.h
[1.734s] -- Up-to-date: /home/pheonix/ros2_ws/install/turtlesim/include/turtlesim/turtlesim/srv/detail/spawn__struct.h
[1.734s] -- Up-to-date: /home/pheonix/ros2_ws/install/turtlesim/include/turtlesim/turtlesim/srv/detail/kill__type_support.h
[1.734s] -- Up-to-date: /home/pheonix/ros2_ws/install/turtlesim/include/turtlesim/turtlesim/srv/detail/teleport_absolute__functions.h
[1.734s] -- Up-to-date: /home/pheonix/ros2_ws/install/turtlesim/include/turtlesim/turtlesim/srv/detail/spawn__description.c
[1.734s] -- Up-to-date: /home/pheonix/ros2_ws/install/turtlesim/include/turtlesim/turtlesim/srv/detail/set_pen__functions.c
[1.734s] -- Installing: /home/pheonix/ros2_ws/install/turtlesim/include/turtlesim/turtlesim/srv/detail/teleport_absolute__type_support.c
[1.734s] -- Up-to-date: /home/pheonix/ros2_ws/install/turtlesim/include/turtlesim/turtlesim/srv/detail/spawn__functions.c
[1.734s] -- Up-to-date: /home/pheonix/ros2_ws/install/turtlesim/include/turtlesim/turtlesim/srv/detail/spawn__type_support.h
[1.734s] -- Up-to-date: /home/pheonix/ros2_ws/install/turtlesim/include/turtlesim/turtlesim/srv/detail/set_pen__functions.h
[1.735s] -- Up-to-date: /home/pheonix/ros2_ws/install/turtlesim/include/turtlesim/turtlesim/srv/spawn.h
[1.735s] -- Up-to-date: /home/pheonix/ros2_ws/install/turtlesim/share/turtlesim/environment/library_path.sh
[1.735s] -- Up-to-date: /home/pheonix/ros2_ws/install/turtlesim/share/turtlesim/environment/library_path.dsv
[1.740s] -- Up-to-date: /home/pheonix/ros2_ws/install/turtlesim/lib/libturtlesim__rosidl_generator_c.so
[1.740s] -- Up-to-date: /home/pheonix/ros2_ws/install/turtlesim/include/turtlesim/turtlesim
[1.740s] -- Up-to-date: /home/pheonix/ros2_ws/install/turtlesim/include/turtlesim/turtlesim/msg
[1.740s] -- Up-to-date: /home/pheonix/ros2_ws/install/turtlesim/include/turtlesim/turtlesim/msg/rosidl_typesupport_fastrtps_c__visibility_control.h
[1.740s] -- Up-to-date: /home/pheonix/ros2_ws/install/turtlesim/include/turtlesim/turtlesim/msg/detail
[1.740s] -- Up-to-date: /home/pheonix/ros2_ws/install/turtlesim/include/turtlesim/turtlesim/msg/detail/color__rosidl_typesupport_fastrtps_c.h
[1.741s] -- Up-to-date: /home/pheonix/ros2_ws/install/turtlesim/include/turtlesim/turtlesim/msg/detail/pose__rosidl_typesupport_fastrtps_c.h
[1.741s] -- Up-to-date: /home/pheonix/ros2_ws/install/turtlesim/include/turtlesim/turtlesim/action
[1.741s] -- Up-to-date: /home/pheonix/ros2_ws/install/turtlesim/include/turtlesim/turtlesim/action/detail
[1.741s] -- Up-to-date: /home/pheonix/ros2_ws/install/turtlesim/include/turtlesim/turtlesim/action/detail/rotate_absolute__rosidl_typesupport_fastrtps_c.h
[1.741s] -- Up-to-date: /home/pheonix/ros2_ws/install/turtlesim/include/turtlesim/turtlesim/srv
[1.741s] -- Up-to-date: /home/pheonix/ros2_ws/install/turtlesim/include/turtlesim/turtlesim/srv/detail
[1.741s] -- Up-to-date: /home/pheonix/ros2_ws/install/turtlesim/include/turtlesim/turtlesim/srv/detail/teleport_relative__rosidl_typesupport_fastrtps_c.h
[1.754s] -- Up-to-date: /home/pheonix/ros2_ws/install/turtlesim/include/turtlesim/turtlesim/srv/detail/set_pen__rosidl_typesupport_fastrtps_c.h
[1.755s] -- Up-to-date: /home/pheonix/ros2_ws/install/turtlesim/include/turtlesim/turtlesim/srv/detail/teleport_absolute__rosidl_typesupport_fastrtps_c.h
[1.755s] -- Up-to-date: /home/pheonix/ros2_ws/install/turtlesim/include/turtlesim/turtlesim/srv/detail/kill__rosidl_typesupport_fastrtps_c.h
[1.755s] -- Up-to-date: /home/pheonix/ros2_ws/install/turtlesim/include/turtlesim/turtlesim/srv/detail/spawn__rosidl_typesupport_fastrtps_c.h
[1.755s] -- Up-to-date: /home/pheonix/ros2_ws/install/turtlesim/lib/libturtlesim__rosidl_typesupport_fastrtps_c.so
[1.755s] -- Up-to-date: /home/pheonix/ros2_ws/install/turtlesim/include/turtlesim/turtlesim
[1.755s] -- Up-to-date: /home/pheonix/ros2_ws/install/turtlesim/include/turtlesim/turtlesim/msg
[1.755s] -- Up-to-date: /home/pheonix/ros2_ws/install/turtlesim/include/turtlesim/turtlesim/msg/rosidl_generator_cpp__visibility_control.hpp
[1.755s] -- Up-to-date: /home/pheonix/ros2_ws/install/turtlesim/include/turtlesim/turtlesim/msg/detail
[1.755s] -- Up-to-date: /home/pheonix/ros2_ws/install/turtlesim/include/turtlesim/turtlesim/msg/detail/pose__builder.hpp
[1.755s] -- Up-to-date: /home/pheonix/ros2_ws/install/turtlesim/include/turtlesim/turtlesim/msg/detail/color__struct.hpp
[1.755s] -- Up-to-date: /home/pheonix/ros2_ws/install/turtlesim/include/turtlesim/turtlesim/msg/detail/color__type_support.hpp
[1.755s] -- Up-to-date: /home/pheonix/ros2_ws/install/turtlesim/include/turtlesim/turtlesim/msg/detail/pose__struct.hpp
[1.755s] -- Up-to-date: /home/pheonix/ros2_ws/install/turtlesim/include/turtlesim/turtlesim/msg/detail/color__builder.hpp
[1.755s] -- Up-to-date: /home/pheonix/ros2_ws/install/turtlesim/include/turtlesim/turtlesim/msg/detail/color__traits.hpp
[1.755s] -- Up-to-date: /home/pheonix/ros2_ws/install/turtlesim/include/turtlesim/turtlesim/msg/detail/pose__type_support.hpp
[1.755s] -- Up-to-date: /home/pheonix/ros2_ws/install/turtlesim/include/turtlesim/turtlesim/msg/detail/pose__traits.hpp
[1.755s] -- Up-to-date: /home/pheonix/ros2_ws/install/turtlesim/include/turtlesim/turtlesim/msg/pose.hpp
[1.755s] -- Up-to-date: /home/pheonix/ros2_ws/install/turtlesim/include/turtlesim/turtlesim/msg/color.hpp
[1.755s] -- Up-to-date: /home/pheonix/ros2_ws/install/turtlesim/include/turtlesim/turtlesim/action
[1.755s] -- Up-to-date: /home/pheonix/ros2_ws/install/turtlesim/include/turtlesim/turtlesim/action/rotate_absolute.hpp
[1.755s] -- Up-to-date: /home/pheonix/ros2_ws/install/turtlesim/include/turtlesim/turtlesim/action/detail
[1.755s] -- Up-to-date: /home/pheonix/ros2_ws/install/turtlesim/include/turtlesim/turtlesim/action/detail/rotate_absolute__struct.hpp
[1.755s] -- Up-to-date: /home/pheonix/ros2_ws/install/turtlesim/include/turtlesim/turtlesim/action/detail/rotate_absolute__type_support.hpp
[1.755s] -- Up-to-date: /home/pheonix/ros2_ws/install/turtlesim/include/turtlesim/turtlesim/action/detail/rotate_absolute__builder.hpp
[1.755s] -- Up-to-date: /home/pheonix/ros2_ws/install/turtlesim/include/turtlesim/turtlesim/action/detail/rotate_absolute__traits.hpp
[1.755s] -- Up-to-date: /home/pheonix/ros2_ws/install/turtlesim/include/turtlesim/turtlesim/srv
[1.755s] -- Up-to-date: /home/pheonix/ros2_ws/install/turtlesim/include/turtlesim/turtlesim/srv/spawn.hpp
[1.755s] -- Up-to-date: /home/pheonix/ros2_ws/install/turtlesim/include/turtlesim/turtlesim/srv/kill.hpp
[1.755s] -- Up-to-date: /home/pheonix/ros2_ws/install/turtlesim/include/turtlesim/turtlesim/srv/set_pen.hpp
[1.755s] -- Up-to-date: /home/pheonix/ros2_ws/install/turtlesim/include/turtlesim/turtlesim/srv/detail
[1.756s] -- Up-to-date: /home/pheonix/ros2_ws/install/turtlesim/include/turtlesim/turtlesim/srv/detail/spawn__traits.hpp
[1.756s] -- Up-to-date: /home/pheonix/ros2_ws/install/turtlesim/include/turtlesim/turtlesim/srv/detail/spawn__type_support.hpp
[1.756s] -- Up-to-date: /home/pheonix/ros2_ws/install/turtlesim/include/turtlesim/turtlesim/srv/detail/kill__traits.hpp
[1.756s] -- Up-to-date: /home/pheonix/ros2_ws/install/turtlesim/include/turtlesim/turtlesim/srv/detail/spawn__builder.hpp
[1.756s] -- Up-to-date: /home/pheonix/ros2_ws/install/turtlesim/include/turtlesim/turtlesim/srv/detail/kill__builder.hpp
[1.756s] -- Up-to-date: /home/pheonix/ros2_ws/install/turtlesim/include/turtlesim/turtlesim/srv/detail/teleport_relative__traits.hpp
[1.756s] -- Up-to-date: /home/pheonix/ros2_ws/install/turtlesim/include/turtlesim/turtlesim/srv/detail/teleport_absolute__traits.hpp
[1.756s] -- Up-to-date: /home/pheonix/ros2_ws/install/turtlesim/include/turtlesim/turtlesim/srv/detail/set_pen__type_support.hpp
[1.756s] -- Up-to-date: /home/pheonix/ros2_ws/install/turtlesim/include/turtlesim/turtlesim/srv/detail/teleport_relative__type_support.hpp
[1.756s] -- Up-to-date: /home/pheonix/ros2_ws/install/turtlesim/include/turtlesim/turtlesim/srv/detail/kill__type_support.hpp
[1.760s] -- Up-to-date: /home/pheonix/ros2_ws/install/turtlesim/include/turtlesim/turtlesim/srv/detail/teleport_absolute__builder.hpp
[1.760s] -- Up-to-date: /home/pheonix/ros2_ws/install/turtlesim/include/turtlesim/turtlesim/srv/detail/teleport_relative__struct.hpp
[1.760s] -- Up-to-date: /home/pheonix/ros2_ws/install/turtlesim/include/turtlesim/turtlesim/srv/detail/teleport_absolute__struct.hpp
[1.760s] -- Up-to-date: /home/pheonix/ros2_ws/install/turtlesim/include/turtlesim/turtlesim/srv/detail/kill__struct.hpp
[1.760s] -- Up-to-date: /home/pheonix/ros2_ws/install/turtlesim/include/turtlesim/turtlesim/srv/detail/set_pen__traits.hpp
[1.760s] -- Up-to-date: /home/pheonix/ros2_ws/install/turtlesim/include/turtlesim/turtlesim/srv/detail/set_pen__builder.hpp
[1.760s] -- Up-to-date: /home/pheonix/ros2_ws/install/turtlesim/include/turtlesim/turtlesim/srv/detail/set_pen__struct.hpp
[1.760s] -- Up-to-date: /home/pheonix/ros2_ws/install/turtlesim/include/turtlesim/turtlesim/srv/detail/spawn__struct.hpp
[1.760s] -- Up-to-date: /home/pheonix/ros2_ws/install/turtlesim/include/turtlesim/turtlesim/srv/detail/teleport_relative__builder.hpp
[1.760s] -- Up-to-date: /home/pheonix/ros2_ws/install/turtlesim/include/turtlesim/turtlesim/srv/detail/teleport_absolute__type_support.hpp
[1.760s] -- Up-to-date: /home/pheonix/ros2_ws/install/turtlesim/include/turtlesim/turtlesim/srv/teleport_absolute.hpp
[1.761s] -- Up-to-date: /home/pheonix/ros2_ws/install/turtlesim/include/turtlesim/turtlesim/srv/teleport_relative.hpp
[1.761s] -- Up-to-date: /home/pheonix/ros2_ws/install/turtlesim/include/turtlesim/turtlesim
[1.761s] -- Up-to-date: /home/pheonix/ros2_ws/install/turtlesim/include/turtlesim/turtlesim/msg
[1.761s] -- Up-to-date: /home/pheonix/ros2_ws/install/turtlesim/include/turtlesim/turtlesim/msg/detail
[1.761s] -- Up-to-date: /home/pheonix/ros2_ws/install/turtlesim/include/turtlesim/turtlesim/msg/detail/color__rosidl_typesupport_fastrtps_cpp.hpp
[1.761s] -- Up-to-date: /home/pheonix/ros2_ws/install/turtlesim/include/turtlesim/turtlesim/msg/detail/dds_fastrtps
[1.761s] -- Up-to-date: /home/pheonix/ros2_ws/install/turtlesim/include/turtlesim/turtlesim/msg/detail/pose__rosidl_typesupport_fastrtps_cpp.hpp
[1.761s] -- Up-to-date: /home/pheonix/ros2_ws/install/turtlesim/include/turtlesim/turtlesim/msg/rosidl_typesupport_fastrtps_cpp__visibility_control.h
[1.761s] -- Up-to-date: /home/pheonix/ros2_ws/install/turtlesim/include/turtlesim/turtlesim/action
[1.761s] -- Up-to-date: /home/pheonix/ros2_ws/install/turtlesim/include/turtlesim/turtlesim/action/detail
[1.761s] -- Up-to-date: /home/pheonix/ros2_ws/install/turtlesim/include/turtlesim/turtlesim/action/detail/dds_fastrtps
[1.761s] -- Up-to-date: /home/pheonix/ros2_ws/install/turtlesim/include/turtlesim/turtlesim/action/detail/rotate_absolute__rosidl_typesupport_fastrtps_cpp.hpp
[1.762s] -- Up-to-date: /home/pheonix/ros2_ws/install/turtlesim/include/turtlesim/turtlesim/srv
[1.762s] -- Up-to-date: /home/pheonix/ros2_ws/install/turtlesim/include/turtlesim/turtlesim/srv/detail
[1.762s] -- Up-to-date: /home/pheonix/ros2_ws/install/turtlesim/include/turtlesim/turtlesim/srv/detail/dds_fastrtps
[1.762s] -- Up-to-date: /home/pheonix/ros2_ws/install/turtlesim/include/turtlesim/turtlesim/srv/detail/teleport_relative__rosidl_typesupport_fastrtps_cpp.hpp
[1.762s] -- Up-to-date: /home/pheonix/ros2_ws/install/turtlesim/include/turtlesim/turtlesim/srv/detail/spawn__rosidl_typesupport_fastrtps_cpp.hpp
[1.762s] -- Up-to-date: /home/pheonix/ros2_ws/install/turtlesim/include/turtlesim/turtlesim/srv/detail/teleport_absolute__rosidl_typesupport_fastrtps_cpp.hpp
[1.762s] -- Up-to-date: /home/pheonix/ros2_ws/install/turtlesim/include/turtlesim/turtlesim/srv/detail/set_pen__rosidl_typesupport_fastrtps_cpp.hpp
[1.762s] -- Up-to-date: /home/pheonix/ros2_ws/install/turtlesim/include/turtlesim/turtlesim/srv/detail/kill__rosidl_typesupport_fastrtps_cpp.hpp
[1.762s] -- Up-to-date: /home/pheonix/ros2_ws/install/turtlesim/lib/libturtlesim__rosidl_typesupport_fastrtps_cpp.so
[1.762s] -- Up-to-date: /home/pheonix/ros2_ws/install/turtlesim/include/turtlesim/turtlesim
[1.762s] -- Up-to-date: /home/pheonix/ros2_ws/install/turtlesim/include/turtlesim/turtlesim/msg
[1.762s] -- Up-to-date: /home/pheonix/ros2_ws/install/turtlesim/include/turtlesim/turtlesim/msg/detail
[1.762s] -- Installing: /home/pheonix/ros2_ws/install/turtlesim/include/turtlesim/turtlesim/msg/detail/color__type_support.c
[1.762s] -- Up-to-date: /home/pheonix/ros2_ws/install/turtlesim/include/turtlesim/turtlesim/msg/detail/pose__rosidl_typesupport_introspection_c.h
[1.762s] -- Up-to-date: /home/pheonix/ros2_ws/install/turtlesim/include/turtlesim/turtlesim/msg/detail/color__rosidl_typesupport_introspection_c.h
[1.762s] -- Installing: /home/pheonix/ros2_ws/install/turtlesim/include/turtlesim/turtlesim/msg/detail/pose__type_support.c
[1.762s] -- Up-to-date: /home/pheonix/ros2_ws/install/turtlesim/include/turtlesim/turtlesim/msg/rosidl_typesupport_introspection_c__visibility_control.h
[1.762s] -- Up-to-date: /home/pheonix/ros2_ws/install/turtlesim/include/turtlesim/turtlesim/action
[1.762s] -- Up-to-date: /home/pheonix/ros2_ws/install/turtlesim/include/turtlesim/turtlesim/action/detail
[1.764s] -- Up-to-date: /home/pheonix/ros2_ws/install/turtlesim/include/turtlesim/turtlesim/action/detail/rotate_absolute__rosidl_typesupport_introspection_c.h
[1.764s] -- Installing: /home/pheonix/ros2_ws/install/turtlesim/include/turtlesim/turtlesim/action/detail/rotate_absolute__type_support.c
[1.764s] -- Up-to-date: /home/pheonix/ros2_ws/install/turtlesim/include/turtlesim/turtlesim/srv
[1.764s] -- Up-to-date: /home/pheonix/ros2_ws/install/turtlesim/include/turtlesim/turtlesim/srv/detail
[1.764s] -- Installing: /home/pheonix/ros2_ws/install/turtlesim/include/turtlesim/turtlesim/srv/detail/teleport_relative__type_support.c
[1.765s] -- Up-to-date: /home/pheonix/ros2_ws/install/turtlesim/include/turtlesim/turtlesim/srv/detail/teleport_relative__rosidl_typesupport_introspection_c.h
[1.765s] -- Up-to-date: /home/pheonix/ros2_ws/install/turtlesim/include/turtlesim/turtlesim/srv/detail/spawn__rosidl_typesupport_introspection_c.h
[1.765s] -- Installing: /home/pheonix/ros2_ws/install/turtlesim/include/turtlesim/turtlesim/srv/detail/kill__type_support.c
[1.766s] -- Installing: /home/pheonix/ros2_ws/install/turtlesim/include/turtlesim/turtlesim/srv/detail/set_pen__type_support.c
[1.767s] -- Installing: /home/pheonix/ros2_ws/install/turtlesim/include/turtlesim/turtlesim/srv/detail/spawn__type_support.c
[1.767s] -- Up-to-date: /home/pheonix/ros2_ws/install/turtlesim/include/turtlesim/turtlesim/srv/detail/set_pen__rosidl_typesupport_introspection_c.h
[1.767s] -- Up-to-date: /home/pheonix/ros2_ws/install/turtlesim/include/turtlesim/turtlesim/srv/detail/kill__rosidl_typesupport_introspection_c.h
[1.767s] -- Up-to-date: /home/pheonix/ros2_ws/install/turtlesim/include/turtlesim/turtlesim/srv/detail/teleport_absolute__rosidl_typesupport_introspection_c.h
[1.767s] -- Installing: /home/pheonix/ros2_ws/install/turtlesim/include/turtlesim/turtlesim/srv/detail/teleport_absolute__type_support.c
[1.768s] -- Up-to-date: /home/pheonix/ros2_ws/install/turtlesim/lib/libturtlesim__rosidl_typesupport_introspection_c.so
[1.770s] -- Up-to-date: /home/pheonix/ros2_ws/install/turtlesim/lib/libturtlesim__rosidl_typesupport_c.so
[1.770s] -- Up-to-date: /home/pheonix/ros2_ws/install/turtlesim/include/turtlesim/turtlesim
[1.772s] -- Up-to-date: /home/pheonix/ros2_ws/install/turtlesim/include/turtlesim/turtlesim/msg
[1.772s] -- Up-to-date: /home/pheonix/ros2_ws/install/turtlesim/include/turtlesim/turtlesim/msg/detail
[1.772s] -- Up-to-date: /home/pheonix/ros2_ws/install/turtlesim/include/turtlesim/turtlesim/msg/detail/pose__rosidl_typesupport_introspection_cpp.hpp
[1.772s] -- Up-to-date: /home/pheonix/ros2_ws/install/turtlesim/include/turtlesim/turtlesim/msg/detail/color__rosidl_typesupport_introspection_cpp.hpp
[1.772s] -- Up-to-date: /home/pheonix/ros2_ws/install/turtlesim/include/turtlesim/turtlesim/msg/detail/color__type_support.cpp
[1.772s] -- Up-to-date: /home/pheonix/ros2_ws/install/turtlesim/include/turtlesim/turtlesim/msg/detail/pose__type_support.cpp
[1.773s] -- Up-to-date: /home/pheonix/ros2_ws/install/turtlesim/include/turtlesim/turtlesim/action
[1.773s] -- Up-to-date: /home/pheonix/ros2_ws/install/turtlesim/include/turtlesim/turtlesim/action/detail
[1.773s] -- Up-to-date: /home/pheonix/ros2_ws/install/turtlesim/include/turtlesim/turtlesim/action/detail/rotate_absolute__rosidl_typesupport_introspection_cpp.hpp
[1.773s] -- Up-to-date: /home/pheonix/ros2_ws/install/turtlesim/include/turtlesim/turtlesim/action/detail/rotate_absolute__type_support.cpp
[1.773s] -- Up-to-date: /home/pheonix/ros2_ws/install/turtlesim/include/turtlesim/turtlesim/srv
[1.773s] -- Up-to-date: /home/pheonix/ros2_ws/install/turtlesim/include/turtlesim/turtlesim/srv/detail
[1.773s] -- Up-to-date: /home/pheonix/ros2_ws/install/turtlesim/include/turtlesim/turtlesim/srv/detail/kill__type_support.cpp
[1.773s] -- Up-to-date: /home/pheonix/ros2_ws/install/turtlesim/include/turtlesim/turtlesim/srv/detail/teleport_absolute__type_support.cpp
[1.773s] -- Up-to-date: /home/pheonix/ros2_ws/install/turtlesim/include/turtlesim/turtlesim/srv/detail/spawn__type_support.cpp
[1.773s] -- Up-to-date: /home/pheonix/ros2_ws/install/turtlesim/include/turtlesim/turtlesim/srv/detail/teleport_relative__rosidl_typesupport_introspection_cpp.hpp
[1.773s] -- Up-to-date: /home/pheonix/ros2_ws/install/turtlesim/include/turtlesim/turtlesim/srv/detail/set_pen__type_support.cpp
[1.774s] -- Up-to-date: /home/pheonix/ros2_ws/install/turtlesim/include/turtlesim/turtlesim/srv/detail/teleport_absolute__rosidl_typesupport_introspection_cpp.hpp
[1.774s] -- Up-to-date: /home/pheonix/ros2_ws/install/turtlesim/include/turtlesim/turtlesim/srv/detail/set_pen__rosidl_typesupport_introspection_cpp.hpp
[1.774s] -- Up-to-date: /home/pheonix/ros2_ws/install/turtlesim/include/turtlesim/turtlesim/srv/detail/spawn__rosidl_typesupport_introspection_cpp.hpp
[1.774s] -- Up-to-date: /home/pheonix/ros2_ws/install/turtlesim/include/turtlesim/turtlesim/srv/detail/kill__rosidl_typesupport_introspection_cpp.hpp
[1.774s] -- Up-to-date: /home/pheonix/ros2_ws/install/turtlesim/include/turtlesim/turtlesim/srv/detail/teleport_relative__type_support.cpp
[1.774s] -- Up-to-date: /home/pheonix/ros2_ws/install/turtlesim/lib/libturtlesim__rosidl_typesupport_introspection_cpp.so
[1.774s] -- Up-to-date: /home/pheonix/ros2_ws/install/turtlesim/lib/libturtlesim__rosidl_typesupport_cpp.so
[1.774s] -- Up-to-date: /home/pheonix/ros2_ws/install/turtlesim/share/turtlesim/environment/pythonpath.sh
[1.774s] -- Up-to-date: /home/pheonix/ros2_ws/install/turtlesim/share/turtlesim/environment/pythonpath.dsv
[1.774s] -- Up-to-date: /home/pheonix/ros2_ws/install/turtlesim/lib/python3.12/site-packages/turtlesim-1.8.3-py3.12.egg-info
[1.775s] -- Installing: /home/pheonix/ros2_ws/install/turtlesim/lib/python3.12/site-packages/turtlesim-1.8.3-py3.12.egg-info/SOURCES.txt
[1.775s] -- Installing: /home/pheonix/ros2_ws/install/turtlesim/lib/python3.12/site-packages/turtlesim-1.8.3-py3.12.egg-info/dependency_links.txt
[1.775s] -- Installing: /home/pheonix/ros2_ws/install/turtlesim/lib/python3.12/site-packages/turtlesim-1.8.3-py3.12.egg-info/PKG-INFO
[1.775s] -- Installing: /home/pheonix/ros2_ws/install/turtlesim/lib/python3.12/site-packages/turtlesim-1.8.3-py3.12.egg-info/top_level.txt
[1.782s] -- Up-to-date: /home/pheonix/ros2_ws/install/turtlesim/lib/python3.12/site-packages/turtlesim
[1.783s] -- Up-to-date: /home/pheonix/ros2_ws/install/turtlesim/lib/python3.12/site-packages/turtlesim/_turtlesim_s.ep.rosidl_typesupport_introspection_c.c
[1.783s] -- Up-to-date: /home/pheonix/ros2_ws/install/turtlesim/lib/python3.12/site-packages/turtlesim/turtlesim_s__rosidl_typesupport_fastrtps_c.so
[1.783s] -- Up-to-date: /home/pheonix/ros2_ws/install/turtlesim/lib/python3.12/site-packages/turtlesim/msg
[1.783s] -- Up-to-date: /home/pheonix/ros2_ws/install/turtlesim/lib/python3.12/site-packages/turtlesim/msg/_pose.py
[1.783s] -- Up-to-date: /home/pheonix/ros2_ws/install/turtlesim/lib/python3.12/site-packages/turtlesim/msg/_color.py
[1.783s] -- Up-to-date: /home/pheonix/ros2_ws/install/turtlesim/lib/python3.12/site-packages/turtlesim/msg/__init__.py
[1.783s] -- Up-to-date: /home/pheonix/ros2_ws/install/turtlesim/lib/python3.12/site-packages/turtlesim/msg/_color_s.c
[1.783s] -- Up-to-date: /home/pheonix/ros2_ws/install/turtlesim/lib/python3.12/site-packages/turtlesim/msg/_pose_s.c
[1.784s] -- Up-to-date: /home/pheonix/ros2_ws/install/turtlesim/lib/python3.12/site-packages/turtlesim/_turtlesim_s.ep.rosidl_typesupport_c.c
[1.784s] -- Up-to-date: /home/pheonix/ros2_ws/install/turtlesim/lib/python3.12/site-packages/turtlesim/__init__.py
[1.784s] -- Up-to-date: /home/pheonix/ros2_ws/install/turtlesim/lib/python3.12/site-packages/turtlesim/turtlesim_s__rosidl_typesupport_c.so
[1.784s] -- Up-to-date: /home/pheonix/ros2_ws/install/turtlesim/lib/python3.12/site-packages/turtlesim/action
[1.784s] -- Up-to-date: /home/pheonix/ros2_ws/install/turtlesim/lib/python3.12/site-packages/turtlesim/action/_rotate_absolute.py
[1.784s] -- Up-to-date: /home/pheonix/ros2_ws/install/turtlesim/lib/python3.12/site-packages/turtlesim/action/__init__.py
[1.784s] -- Up-to-date: /home/pheonix/ros2_ws/install/turtlesim/lib/python3.12/site-packages/turtlesim/action/_rotate_absolute_s.c
[1.784s] -- Up-to-date: /home/pheonix/ros2_ws/install/turtlesim/lib/python3.12/site-packages/turtlesim/_turtlesim_s.ep.rosidl_typesupport_fastrtps_c.c
[1.784s] -- Up-to-date: /home/pheonix/ros2_ws/install/turtlesim/lib/python3.12/site-packages/turtlesim/srv
[1.784s] -- Up-to-date: /home/pheonix/ros2_ws/install/turtlesim/lib/python3.12/site-packages/turtlesim/srv/_set_pen.py
[1.784s] -- Up-to-date: /home/pheonix/ros2_ws/install/turtlesim/lib/python3.12/site-packages/turtlesim/srv/_kill.py
[1.784s] -- Up-to-date: /home/pheonix/ros2_ws/install/turtlesim/lib/python3.12/site-packages/turtlesim/srv/_spawn_s.c
[1.784s] -- Up-to-date: /home/pheonix/ros2_ws/install/turtlesim/lib/python3.12/site-packages/turtlesim/srv/_teleport_absolute_s.c
[1.784s] -- Up-to-date: /home/pheonix/ros2_ws/install/turtlesim/lib/python3.12/site-packages/turtlesim/srv/_teleport_relative_s.c
[1.784s] -- Up-to-date: /home/pheonix/ros2_ws/install/turtlesim/lib/python3.12/site-packages/turtlesim/srv/_teleport_relative.py
[1.784s] -- Up-to-date: /home/pheonix/ros2_ws/install/turtlesim/lib/python3.12/site-packages/turtlesim/srv/__init__.py
[1.784s] -- Up-to-date: /home/pheonix/ros2_ws/install/turtlesim/lib/python3.12/site-packages/turtlesim/srv/_set_pen_s.c
[1.784s] -- Up-to-date: /home/pheonix/ros2_ws/install/turtlesim/lib/python3.12/site-packages/turtlesim/srv/_spawn.py
[1.784s] -- Up-to-date: /home/pheonix/ros2_ws/install/turtlesim/lib/python3.12/site-packages/turtlesim/srv/_kill_s.c
[1.784s] -- Up-to-date: /home/pheonix/ros2_ws/install/turtlesim/lib/python3.12/site-packages/turtlesim/srv/_teleport_absolute.py
[1.790s] -- Up-to-date: /home/pheonix/ros2_ws/install/turtlesim/lib/python3.12/site-packages/turtlesim/turtlesim_s__rosidl_typesupport_introspection_c.so
[1.830s] Listing '/home/pheonix/ros2_ws/install/turtlesim/lib/python3.12/site-packages/turtlesim'...
[1.830s] Listing '/home/pheonix/ros2_ws/install/turtlesim/lib/python3.12/site-packages/turtlesim/action'...
[1.830s] Listing '/home/pheonix/ros2_ws/install/turtlesim/lib/python3.12/site-packages/turtlesim/msg'...
[1.830s] Listing '/home/pheonix/ros2_ws/install/turtlesim/lib/python3.12/site-packages/turtlesim/srv'...
[1.832s] -- Up-to-date: /home/pheonix/ros2_ws/install/turtlesim/lib/python3.12/site-packages/turtlesim/turtlesim_s__rosidl_typesupport_fastrtps_c.so
[1.840s] -- Up-to-date: /home/pheonix/ros2_ws/install/turtlesim/lib/python3.12/site-packages/turtlesim/turtlesim_s__rosidl_typesupport_introspection_c.so
[1.843s] -- Up-to-date: /home/pheonix/ros2_ws/install/turtlesim/lib/python3.12/site-packages/turtlesim/turtlesim_s__rosidl_typesupport_c.so
[1.844s] -- Up-to-date: /home/pheonix/ros2_ws/install/turtlesim/lib/libturtlesim__rosidl_generator_py.so
[1.845s] -- Up-to-date: /home/pheonix/ros2_ws/install/turtlesim/share/turtlesim/action/RotateAbsolute.idl
[1.849s] -- Up-to-date: /home/pheonix/ros2_ws/install/turtlesim/share/turtlesim/msg/Color.idl
[1.849s] -- Up-to-date: /home/pheonix/ros2_ws/install/turtlesim/share/turtlesim/msg/Pose.idl
[1.849s] -- Up-to-date: /home/pheonix/ros2_ws/install/turtlesim/share/turtlesim/srv/Kill.idl
[1.849s] -- Up-to-date: /home/pheonix/ros2_ws/install/turtlesim/share/turtlesim/srv/SetPen.idl
[1.849s] -- Up-to-date: /home/pheonix/ros2_ws/install/turtlesim/share/turtlesim/srv/Spawn.idl
[1.850s] -- Up-to-date: /home/pheonix/ros2_ws/install/turtlesim/share/turtlesim/srv/TeleportAbsolute.idl
[1.850s] -- Up-to-date: /home/pheonix/ros2_ws/install/turtlesim/share/turtlesim/srv/TeleportRelative.idl
[1.850s] -- Up-to-date: /home/pheonix/ros2_ws/install/turtlesim/share/turtlesim/action/RotateAbsolute.action
[1.850s] -- Up-to-date: /home/pheonix/ros2_ws/install/turtlesim/share/turtlesim/msg/Color.msg
[1.850s] -- Up-to-date: /home/pheonix/ros2_ws/install/turtlesim/share/turtlesim/msg/Pose.msg
[1.850s] -- Up-to-date: /home/pheonix/ros2_ws/install/turtlesim/share/turtlesim/srv/Kill.srv
[1.850s] -- Up-to-date: /home/pheonix/ros2_ws/install/turtlesim/share/turtlesim/srv/SetPen.srv
[1.850s] -- Up-to-date: /home/pheonix/ros2_ws/install/turtlesim/share/turtlesim/srv/Spawn.srv
[1.850s] -- Up-to-date: /home/pheonix/ros2_ws/install/turtlesim/share/turtlesim/srv/TeleportAbsolute.srv
[1.852s] -- Up-to-date: /home/pheonix/ros2_ws/install/turtlesim/share/turtlesim/srv/TeleportRelative.srv
[1.854s] -- Up-to-date: /home/pheonix/ros2_ws/install/turtlesim/lib/turtlesim/turtlesim_node
[1.855s] -- Up-to-date: /home/pheonix/ros2_ws/install/turtlesim/lib/turtlesim/turtle_teleop_key
[1.857s] -- Up-to-date: /home/pheonix/ros2_ws/install/turtlesim/lib/turtlesim/draw_square
[1.859s] -- Up-to-date: /home/pheonix/ros2_ws/install/turtlesim/lib/turtlesim/mimic
[1.860s] -- Up-to-date: /home/pheonix/ros2_ws/install/turtlesim/share/turtlesim/images
[1.860s] -- Up-to-date: /home/pheonix/ros2_ws/install/turtlesim/share/turtlesim/images/foxy.png
[1.861s] -- Up-to-date: /home/pheonix/ros2_ws/install/turtlesim/share/turtlesim/images/jazzy.png
[1.861s] -- Up-to-date: /home/pheonix/ros2_ws/install/turtlesim/share/turtlesim/images/ardent.png
[1.862s] -- Up-to-date: /home/pheonix/ros2_ws/install/turtlesim/share/turtlesim/images/bouncy.png
[1.862s] -- Up-to-date: /home/pheonix/ros2_ws/install/turtlesim/share/turtlesim/images/crystal.png
[1.862s] -- Up-to-date: /home/pheonix/ros2_ws/install/turtlesim/share/turtlesim/images/iron.png
[1.862s] -- Up-to-date: /home/pheonix/ros2_ws/install/turtlesim/share/turtlesim/images/rolling.png
[1.862s] -- Up-to-date: /home/pheonix/ros2_ws/install/turtlesim/share/turtlesim/images/eloquent.png
[1.862s] -- Up-to-date: /home/pheonix/ros2_ws/install/turtlesim/share/turtlesim/images/dashing.png
[1.862s] -- Up-to-date: /home/pheonix/ros2_ws/install/turtlesim/share/turtlesim/images/humble.png
[1.863s] -- Up-to-date: /home/pheonix/ros2_ws/install/turtlesim/share/turtlesim/images/galactic.png
[1.863s] -- Up-to-date: /home/pheonix/ros2_ws/install/turtlesim/share/turtlesim/launch
[1.864s] -- Up-to-date: /home/pheonix/ros2_ws/install/turtlesim/share/turtlesim/launch/multisim.launch.py
[1.864s] -- Up-to-date: /home/pheonix/ros2_ws/install/turtlesim/share/ament_index/resource_index/package_run_dependencies/turtlesim
[1.865s] -- Up-to-date: /home/pheonix/ros2_ws/install/turtlesim/share/ament_index/resource_index/parent_prefix_path/turtlesim
[1.865s] -- Up-to-date: /home/pheonix/ros2_ws/install/turtlesim/share/turtlesim/environment/ament_prefix_path.sh
[1.866s] -- Up-to-date: /home/pheonix/ros2_ws/install/turtlesim/share/turtlesim/environment/ament_prefix_path.dsv
[1.866s] -- Up-to-date: /home/pheonix/ros2_ws/install/turtlesim/share/turtlesim/environment/path.sh
[1.866s] -- Up-to-date: /home/pheonix/ros2_ws/install/turtlesim/share/turtlesim/environment/path.dsv
[1.866s] -- Up-to-date: /home/pheonix/ros2_ws/install/turtlesim/share/turtlesim/local_setup.bash
[1.866s] -- Up-to-date: /home/pheonix/ros2_ws/install/turtlesim/share/turtlesim/local_setup.sh
[1.866s] -- Up-to-date: /home/pheonix/ros2_ws/install/turtlesim/share/turtlesim/local_setup.zsh
[1.866s] -- Up-to-date: /home/pheonix/ros2_ws/install/turtlesim/share/turtlesim/local_setup.dsv
[1.866s] -- Installing: /home/pheonix/ros2_ws/install/turtlesim/share/turtlesim/package.dsv
[1.867s] -- Up-to-date: /home/pheonix/ros2_ws/install/turtlesim/share/ament_index/resource_index/packages/turtlesim
[1.869s] -- Up-to-date: /home/pheonix/ros2_ws/install/turtlesim/share/turtlesim/cmake/export_turtlesim__rosidl_generator_cExport.cmake
[1.870s] -- Up-to-date: /home/pheonix/ros2_ws/install/turtlesim/share/turtlesim/cmake/export_turtlesim__rosidl_generator_cExport-noconfig.cmake
[1.871s] -- Up-to-date: /home/pheonix/ros2_ws/install/turtlesim/share/turtlesim/cmake/export_turtlesim__rosidl_typesupport_fastrtps_cExport.cmake
[1.871s] -- Up-to-date: /home/pheonix/ros2_ws/install/turtlesim/share/turtlesim/cmake/export_turtlesim__rosidl_typesupport_fastrtps_cExport-noconfig.cmake
[1.872s] -- Up-to-date: /home/pheonix/ros2_ws/install/turtlesim/share/turtlesim/cmake/export_turtlesim__rosidl_generator_cppExport.cmake
[1.873s] -- Up-to-date: /home/pheonix/ros2_ws/install/turtlesim/share/turtlesim/cmake/export_turtlesim__rosidl_typesupport_fastrtps_cppExport.cmake
[1.873s] -- Up-to-date: /home/pheonix/ros2_ws/install/turtlesim/share/turtlesim/cmake/export_turtlesim__rosidl_typesupport_fastrtps_cppExport-noconfig.cmake
[1.874s] -- Up-to-date: /home/pheonix/ros2_ws/install/turtlesim/share/turtlesim/cmake/turtlesim__rosidl_typesupport_introspection_cExport.cmake
[1.875s] -- Up-to-date: /home/pheonix/ros2_ws/install/turtlesim/share/turtlesim/cmake/turtlesim__rosidl_typesupport_introspection_cExport-noconfig.cmake
[1.877s] -- Up-to-date: /home/pheonix/ros2_ws/install/turtlesim/share/turtlesim/cmake/turtlesim__rosidl_typesupport_cExport.cmake
[1.878s] -- Up-to-date: /home/pheonix/ros2_ws/install/turtlesim/share/turtlesim/cmake/turtlesim__rosidl_typesupport_cExport-noconfig.cmake
[1.881s] -- Up-to-date: /home/pheonix/ros2_ws/install/turtlesim/share/turtlesim/cmake/turtlesim__rosidl_typesupport_introspection_cppExport.cmake
[1.883s] -- Up-to-date: /home/pheonix/ros2_ws/install/turtlesim/share/turtlesim/cmake/turtlesim__rosidl_typesupport_introspection_cppExport-noconfig.cmake
[1.886s] -- Up-to-date: /home/pheonix/ros2_ws/install/turtlesim/share/turtlesim/cmake/turtlesim__rosidl_typesupport_cppExport.cmake
[1.886s] -- Up-to-date: /home/pheonix/ros2_ws/install/turtlesim/share/turtlesim/cmake/turtlesim__rosidl_typesupport_cppExport-noconfig.cmake
[1.887s] -- Up-to-date: /home/pheonix/ros2_ws/install/turtlesim/share/turtlesim/cmake/export_turtlesim__rosidl_generator_pyExport.cmake
[1.887s] -- Up-to-date: /home/pheonix/ros2_ws/install/turtlesim/share/turtlesim/cmake/export_turtlesim__rosidl_generator_pyExport-noconfig.cmake
[1.887s] -- Up-to-date: /home/pheonix/ros2_ws/install/turtlesim/share/turtlesim/cmake/rosidl_cmake-extras.cmake
[1.887s] -- Up-to-date: /home/pheonix/ros2_ws/install/turtlesim/share/turtlesim/cmake/ament_cmake_export_dependencies-extras.cmake
[1.888s] -- Up-to-date: /home/pheonix/ros2_ws/install/turtlesim/share/turtlesim/cmake/ament_cmake_export_include_directories-extras.cmake
[1.888s] -- Up-to-date: /home/pheonix/ros2_ws/install/turtlesim/share/turtlesim/cmake/ament_cmake_export_libraries-extras.cmake
[1.888s] -- Up-to-date: /home/pheonix/ros2_ws/install/turtlesim/share/turtlesim/cmake/ament_cmake_export_targets-extras.cmake
[1.888s] -- Up-to-date: /home/pheonix/ros2_ws/install/turtlesim/share/turtlesim/cmake/rosidl_cmake_export_typesupport_targets-extras.cmake
[1.888s] -- Up-to-date: /home/pheonix/ros2_ws/install/turtlesim/share/turtlesim/cmake/rosidl_cmake_export_typesupport_libraries-extras.cmake
[1.888s] -- Up-to-date: /home/pheonix/ros2_ws/install/turtlesim/share/turtlesim/cmake/turtlesimConfig.cmake
[1.888s] -- Up-to-date: /home/pheonix/ros2_ws/install/turtlesim/share/turtlesim/cmake/turtlesimConfig-version.cmake
[1.888s] -- Up-to-date: /home/pheonix/ros2_ws/install/turtlesim/share/turtlesim/package.xml
[1.890s] Invoked command in '/home/pheonix/ros2_ws/build/turtlesim' returned '0': CMAKE_PREFIX_PATH=/home/pheonix/ros2_ws/install/urdfdom_headers:/home/pheonix/ros2_ws/install/turtlesim:/home/pheonix/ros2_ws/install/test_msgs:/home/pheonix/ros2_ws/install/test_interface_files:/home/pheonix/ros2_ws/install/teleop_twist_joy:/home/pheonix/ros2_ws/install/statistics_msgs:/home/pheonix/ros2_ws/install/action_msgs:/home/pheonix/ros2_ws/install/service_msgs:/home/pheonix/ros2_ws/install/rosgraph_msgs:/home/pheonix/ros2_ws/install/rosbag2_test_common:/home/pheonix/ros2_ws/install/composition_interfaces:/home/pheonix/ros2_ws/install/rcl_interfaces:/home/pheonix/ros2_ws/install/lifecycle_msgs:/home/pheonix/ros2_ws/install/joy_linux:/home/pheonix/ros2_ws/install/type_description_interfaces:/home/pheonix/ros2_ws/install/test_launch_ros:/home/pheonix/ros2_ws/install/ros2launch:/home/pheonix/ros2_ws/install/launch_testing_ros:/home/pheonix/ros2_ws/install/launch_ros:/opt/ros/jazzy:/home/pheonix/ros2_ws/install/joy:/opt/ros/jazzy/opt/gz_sim_vendor:/opt/ros/jazzy/opt/gz_sensors_vendor:/opt/ros/jazzy/opt/gz_physics_vendor:/opt/ros/jazzy/opt/sdformat_vendor:/opt/ros/jazzy/opt/gz_gui_vendor:/opt/ros/jazzy/opt/gz_transport_vendor:/opt/ros/jazzy/opt/gz_rendering_vendor:/opt/ros/jazzy/opt/gz_plugin_vendor:/opt/ros/jazzy/opt/gz_fuel_tools_vendor:/opt/ros/jazzy/opt/gz_msgs_vendor:/opt/ros/jazzy/opt/gz_common_vendor:/opt/ros/jazzy/opt/gz_math_vendor:/opt/ros/jazzy/opt/gz_utils_vendor:/opt/ros/jazzy/opt/gz_tools_vendor:/opt/ros/jazzy/opt/gz_ogre_next_vendor:/opt/ros/jazzy/opt/gz_dartsim_vendor:/opt/ros/jazzy/opt/gz_cmake_vendor DEBUGINFOD_URLS=https://debuginfod.ubuntu.com /usr/bin/cmake --install /home/pheonix/ros2_ws/build/turtlesim
