[  1%] Built target lifecycle_msgs__rosidl_generator_type_description
[  1%] Built target ament_cmake_python_copy_lifecycle_msgs
[  1%] Built target lifecycle_msgs__cpp
[ 26%] Built target lifecycle_msgs__rosidl_generator_c
[ 35%] Built target lifecycle_msgs__rosidl_typesupport_cpp
[ 45%] Built target lifecycle_msgs__rosidl_typesupport_fastrtps_c
[ 54%] Built target lifecycle_msgs__rosidl_typesupport_introspection_c
[ 64%] Built target lifecycle_msgs__rosidl_typesupport_c
running egg_info
writing lifecycle_msgs.egg-info/PKG-INFO
writing dependency_links to lifecycle_msgs.egg-info/dependency_links.txt
writing top-level names to lifecycle_msgs.egg-info/top_level.txt
[ 74%] Built target lifecycle_msgs__rosidl_typesupport_fastrtps_cpp
reading manifest file 'lifecycle_msgs.egg-info/SOURCES.txt'
[ 84%] Built target lifecycle_msgs__rosidl_typesupport_introspection_cpp
writing manifest file 'lifecycle_msgs.egg-info/SOURCES.txt'
[ 84%] Built target lifecycle_msgs
[ 85%] Built target lifecycle_msgs__py
[ 85%] Built target ament_cmake_python_build_lifecycle_msgs_egg
[ 94%] Built target lifecycle_msgs__rosidl_generator_py
[ 96%] Built target lifecycle_msgs_s__rosidl_typesupport_fastrtps_c
[ 98%] Built target lifecycle_msgs_s__rosidl_typesupport_introspection_c
[100%] Built target lifecycle_msgs_s__rosidl_typesupport_c
-- Install configuration: ""
-- Up-to-date: /home/pheonix/ros2_ws/install/lifecycle_msgs/share/ament_index/resource_index/rosidl_interfaces/lifecycle_msgs
-- Up-to-date: /home/pheonix/ros2_ws/install/lifecycle_msgs/share/lifecycle_msgs/msg/State.json
-- Up-to-date: /home/pheonix/ros2_ws/install/lifecycle_msgs/share/lifecycle_msgs/msg/Transition.json
-- Up-to-date: /home/pheonix/ros2_ws/install/lifecycle_msgs/share/lifecycle_msgs/msg/TransitionDescription.json
-- Up-to-date: /home/pheonix/ros2_ws/install/lifecycle_msgs/share/lifecycle_msgs/msg/TransitionEvent.json
-- Up-to-date: /home/pheonix/ros2_ws/install/lifecycle_msgs/share/lifecycle_msgs/srv/ChangeState.json
-- Up-to-date: /home/pheonix/ros2_ws/install/lifecycle_msgs/share/lifecycle_msgs/srv/GetAvailableStates.json
-- Up-to-date: /home/pheonix/ros2_ws/install/lifecycle_msgs/share/lifecycle_msgs/srv/GetAvailableTransitions.json
-- Up-to-date: /home/pheonix/ros2_ws/install/lifecycle_msgs/share/lifecycle_msgs/srv/GetState.json
-- Up-to-date: /home/pheonix/ros2_ws/install/lifecycle_msgs/include/lifecycle_msgs/lifecycle_msgs
-- Up-to-date: /home/pheonix/ros2_ws/install/lifecycle_msgs/include/lifecycle_msgs/lifecycle_msgs/msg
-- Up-to-date: /home/pheonix/ros2_ws/install/lifecycle_msgs/include/lifecycle_msgs/lifecycle_msgs/msg/transition_description.h
-- Up-to-date: /home/pheonix/ros2_ws/install/lifecycle_msgs/include/lifecycle_msgs/lifecycle_msgs/msg/transition.h
-- Up-to-date: /home/pheonix/ros2_ws/install/lifecycle_msgs/include/lifecycle_msgs/lifecycle_msgs/msg/state.h
-- Up-to-date: /home/pheonix/ros2_ws/install/lifecycle_msgs/include/lifecycle_msgs/lifecycle_msgs/msg/rosidl_generator_c__visibility_control.h
-- Up-to-date: /home/pheonix/ros2_ws/install/lifecycle_msgs/include/lifecycle_msgs/lifecycle_msgs/msg/detail
-- Up-to-date: /home/pheonix/ros2_ws/install/lifecycle_msgs/include/lifecycle_msgs/lifecycle_msgs/msg/detail/transition__type_support.h
-- Up-to-date: /home/pheonix/ros2_ws/install/lifecycle_msgs/include/lifecycle_msgs/lifecycle_msgs/msg/detail/transition_description__functions.h
-- Up-to-date: /home/pheonix/ros2_ws/install/lifecycle_msgs/include/lifecycle_msgs/lifecycle_msgs/msg/detail/transition__struct.h
-- Up-to-date: /home/pheonix/ros2_ws/install/lifecycle_msgs/include/lifecycle_msgs/lifecycle_msgs/msg/detail/transition_event__type_support.h
-- Installing: /home/pheonix/ros2_ws/install/lifecycle_msgs/include/lifecycle_msgs/lifecycle_msgs/msg/detail/transition__type_support.c
-- Up-to-date: /home/pheonix/ros2_ws/install/lifecycle_msgs/include/lifecycle_msgs/lifecycle_msgs/msg/detail/state__functions.h
-- Installing: /home/pheonix/ros2_ws/install/lifecycle_msgs/include/lifecycle_msgs/lifecycle_msgs/msg/detail/transition_description__type_support.c
-- Up-to-date: /home/pheonix/ros2_ws/install/lifecycle_msgs/include/lifecycle_msgs/lifecycle_msgs/msg/detail/transition_description__functions.c
-- Installing: /home/pheonix/ros2_ws/install/lifecycle_msgs/include/lifecycle_msgs/lifecycle_msgs/msg/detail/state__type_support.c
-- Installing: /home/pheonix/ros2_ws/install/lifecycle_msgs/include/lifecycle_msgs/lifecycle_msgs/msg/detail/transition_event__type_support.c
-- Up-to-date: /home/pheonix/ros2_ws/install/lifecycle_msgs/include/lifecycle_msgs/lifecycle_msgs/msg/detail/transition_event__description.c
-- Up-to-date: /home/pheonix/ros2_ws/install/lifecycle_msgs/include/lifecycle_msgs/lifecycle_msgs/msg/detail/transition_event__struct.h
-- Up-to-date: /home/pheonix/ros2_ws/install/lifecycle_msgs/include/lifecycle_msgs/lifecycle_msgs/msg/detail/state__struct.h
-- Up-to-date: /home/pheonix/ros2_ws/install/lifecycle_msgs/include/lifecycle_msgs/lifecycle_msgs/msg/detail/state__type_support.h
-- Up-to-date: /home/pheonix/ros2_ws/install/lifecycle_msgs/include/lifecycle_msgs/lifecycle_msgs/msg/detail/transition_description__struct.h
-- Up-to-date: /home/pheonix/ros2_ws/install/lifecycle_msgs/include/lifecycle_msgs/lifecycle_msgs/msg/detail/transition__description.c
-- Up-to-date: /home/pheonix/ros2_ws/install/lifecycle_msgs/include/lifecycle_msgs/lifecycle_msgs/msg/detail/transition_event__functions.c
-- Up-to-date: /home/pheonix/ros2_ws/install/lifecycle_msgs/include/lifecycle_msgs/lifecycle_msgs/msg/detail/transition_event__functions.h
-- Up-to-date: /home/pheonix/ros2_ws/install/lifecycle_msgs/include/lifecycle_msgs/lifecycle_msgs/msg/detail/transition__functions.c
-- Up-to-date: /home/pheonix/ros2_ws/install/lifecycle_msgs/include/lifecycle_msgs/lifecycle_msgs/msg/detail/transition__functions.h
-- Up-to-date: /home/pheonix/ros2_ws/install/lifecycle_msgs/include/lifecycle_msgs/lifecycle_msgs/msg/detail/transition_description__type_support.h
-- Up-to-date: /home/pheonix/ros2_ws/install/lifecycle_msgs/include/lifecycle_msgs/lifecycle_msgs/msg/detail/state__functions.c
-- Up-to-date: /home/pheonix/ros2_ws/install/lifecycle_msgs/include/lifecycle_msgs/lifecycle_msgs/msg/detail/state__description.c
-- Up-to-date: /home/pheonix/ros2_ws/install/lifecycle_msgs/include/lifecycle_msgs/lifecycle_msgs/msg/detail/transition_description__description.c
-- Up-to-date: /home/pheonix/ros2_ws/install/lifecycle_msgs/include/lifecycle_msgs/lifecycle_msgs/msg/transition_event.h
-- Up-to-date: /home/pheonix/ros2_ws/install/lifecycle_msgs/include/lifecycle_msgs/lifecycle_msgs/srv
-- Up-to-date: /home/pheonix/ros2_ws/install/lifecycle_msgs/include/lifecycle_msgs/lifecycle_msgs/srv/get_available_transitions.h
-- Up-to-date: /home/pheonix/ros2_ws/install/lifecycle_msgs/include/lifecycle_msgs/lifecycle_msgs/srv/get_state.h
-- Up-to-date: /home/pheonix/ros2_ws/install/lifecycle_msgs/include/lifecycle_msgs/lifecycle_msgs/srv/detail
-- Up-to-date: /home/pheonix/ros2_ws/install/lifecycle_msgs/include/lifecycle_msgs/lifecycle_msgs/srv/detail/change_state__functions.c
-- Installing: /home/pheonix/ros2_ws/install/lifecycle_msgs/include/lifecycle_msgs/lifecycle_msgs/srv/detail/change_state__type_support.c
-- Up-to-date: /home/pheonix/ros2_ws/install/lifecycle_msgs/include/lifecycle_msgs/lifecycle_msgs/srv/detail/get_state__functions.c
-- Up-to-date: /home/pheonix/ros2_ws/install/lifecycle_msgs/include/lifecycle_msgs/lifecycle_msgs/srv/detail/get_available_states__functions.c
-- Up-to-date: /home/pheonix/ros2_ws/install/lifecycle_msgs/include/lifecycle_msgs/lifecycle_msgs/srv/detail/get_available_states__type_support.h
-- Up-to-date: /home/pheonix/ros2_ws/install/lifecycle_msgs/include/lifecycle_msgs/lifecycle_msgs/srv/detail/get_state__struct.h
-- Up-to-date: /home/pheonix/ros2_ws/install/lifecycle_msgs/include/lifecycle_msgs/lifecycle_msgs/srv/detail/get_available_transitions__description.c
-- Up-to-date: /home/pheonix/ros2_ws/install/lifecycle_msgs/include/lifecycle_msgs/lifecycle_msgs/srv/detail/get_available_transitions__functions.c
-- Installing: /home/pheonix/ros2_ws/install/lifecycle_msgs/include/lifecycle_msgs/lifecycle_msgs/srv/detail/get_available_states__type_support.c
-- Up-to-date: /home/pheonix/ros2_ws/install/lifecycle_msgs/include/lifecycle_msgs/lifecycle_msgs/srv/detail/get_state__description.c
-- Up-to-date: /home/pheonix/ros2_ws/install/lifecycle_msgs/include/lifecycle_msgs/lifecycle_msgs/srv/detail/get_available_transitions__struct.h
-- Up-to-date: /home/pheonix/ros2_ws/install/lifecycle_msgs/include/lifecycle_msgs/lifecycle_msgs/srv/detail/get_state__functions.h
-- Installing: /home/pheonix/ros2_ws/install/lifecycle_msgs/include/lifecycle_msgs/lifecycle_msgs/srv/detail/get_state__type_support.c
-- Up-to-date: /home/pheonix/ros2_ws/install/lifecycle_msgs/include/lifecycle_msgs/lifecycle_msgs/srv/detail/change_state__functions.h
-- Up-to-date: /home/pheonix/ros2_ws/install/lifecycle_msgs/include/lifecycle_msgs/lifecycle_msgs/srv/detail/change_state__type_support.h
-- Up-to-date: /home/pheonix/ros2_ws/install/lifecycle_msgs/include/lifecycle_msgs/lifecycle_msgs/srv/detail/get_available_states__functions.h
-- Up-to-date: /home/pheonix/ros2_ws/install/lifecycle_msgs/include/lifecycle_msgs/lifecycle_msgs/srv/detail/get_available_states__description.c
-- Up-to-date: /home/pheonix/ros2_ws/install/lifecycle_msgs/include/lifecycle_msgs/lifecycle_msgs/srv/detail/get_state__type_support.h
-- Up-to-date: /home/pheonix/ros2_ws/install/lifecycle_msgs/include/lifecycle_msgs/lifecycle_msgs/srv/detail/get_available_transitions__functions.h
-- Up-to-date: /home/pheonix/ros2_ws/install/lifecycle_msgs/include/lifecycle_msgs/lifecycle_msgs/srv/detail/change_state__description.c
-- Up-to-date: /home/pheonix/ros2_ws/install/lifecycle_msgs/include/lifecycle_msgs/lifecycle_msgs/srv/detail/get_available_states__struct.h
-- Up-to-date: /home/pheonix/ros2_ws/install/lifecycle_msgs/include/lifecycle_msgs/lifecycle_msgs/srv/detail/change_state__struct.h
-- Installing: /home/pheonix/ros2_ws/install/lifecycle_msgs/include/lifecycle_msgs/lifecycle_msgs/srv/detail/get_available_transitions__type_support.c
-- Up-to-date: /home/pheonix/ros2_ws/install/lifecycle_msgs/include/lifecycle_msgs/lifecycle_msgs/srv/detail/get_available_transitions__type_support.h
-- Up-to-date: /home/pheonix/ros2_ws/install/lifecycle_msgs/include/lifecycle_msgs/lifecycle_msgs/srv/change_state.h
-- Up-to-date: /home/pheonix/ros2_ws/install/lifecycle_msgs/include/lifecycle_msgs/lifecycle_msgs/srv/get_available_states.h
-- Up-to-date: /home/pheonix/ros2_ws/install/lifecycle_msgs/share/lifecycle_msgs/environment/library_path.sh
-- Up-to-date: /home/pheonix/ros2_ws/install/lifecycle_msgs/share/lifecycle_msgs/environment/library_path.dsv
-- Up-to-date: /home/pheonix/ros2_ws/install/lifecycle_msgs/lib/liblifecycle_msgs__rosidl_generator_c.so
-- Up-to-date: /home/pheonix/ros2_ws/install/lifecycle_msgs/include/lifecycle_msgs/lifecycle_msgs
-- Up-to-date: /home/pheonix/ros2_ws/install/lifecycle_msgs/include/lifecycle_msgs/lifecycle_msgs/msg
-- Up-to-date: /home/pheonix/ros2_ws/install/lifecycle_msgs/include/lifecycle_msgs/lifecycle_msgs/msg/rosidl_typesupport_fastrtps_c__visibility_control.h
-- Up-to-date: /home/pheonix/ros2_ws/install/lifecycle_msgs/include/lifecycle_msgs/lifecycle_msgs/msg/detail
-- Up-to-date: /home/pheonix/ros2_ws/install/lifecycle_msgs/include/lifecycle_msgs/lifecycle_msgs/msg/detail/state__rosidl_typesupport_fastrtps_c.h
-- Up-to-date: /home/pheonix/ros2_ws/install/lifecycle_msgs/include/lifecycle_msgs/lifecycle_msgs/msg/detail/transition_description__rosidl_typesupport_fastrtps_c.h
-- Up-to-date: /home/pheonix/ros2_ws/install/lifecycle_msgs/include/lifecycle_msgs/lifecycle_msgs/msg/detail/transition__rosidl_typesupport_fastrtps_c.h
-- Up-to-date: /home/pheonix/ros2_ws/install/lifecycle_msgs/include/lifecycle_msgs/lifecycle_msgs/msg/detail/transition_event__rosidl_typesupport_fastrtps_c.h
-- Up-to-date: /home/pheonix/ros2_ws/install/lifecycle_msgs/include/lifecycle_msgs/lifecycle_msgs/srv
-- Up-to-date: /home/pheonix/ros2_ws/install/lifecycle_msgs/include/lifecycle_msgs/lifecycle_msgs/srv/detail
-- Up-to-date: /home/pheonix/ros2_ws/install/lifecycle_msgs/include/lifecycle_msgs/lifecycle_msgs/srv/detail/get_available_transitions__rosidl_typesupport_fastrtps_c.h
-- Up-to-date: /home/pheonix/ros2_ws/install/lifecycle_msgs/include/lifecycle_msgs/lifecycle_msgs/srv/detail/change_state__rosidl_typesupport_fastrtps_c.h
-- Up-to-date: /home/pheonix/ros2_ws/install/lifecycle_msgs/include/lifecycle_msgs/lifecycle_msgs/srv/detail/get_available_states__rosidl_typesupport_fastrtps_c.h
-- Up-to-date: /home/pheonix/ros2_ws/install/lifecycle_msgs/include/lifecycle_msgs/lifecycle_msgs/srv/detail/get_state__rosidl_typesupport_fastrtps_c.h
-- Up-to-date: /home/pheonix/ros2_ws/install/lifecycle_msgs/lib/liblifecycle_msgs__rosidl_typesupport_fastrtps_c.so
-- Up-to-date: /home/pheonix/ros2_ws/install/lifecycle_msgs/include/lifecycle_msgs/lifecycle_msgs
-- Up-to-date: /home/pheonix/ros2_ws/install/lifecycle_msgs/include/lifecycle_msgs/lifecycle_msgs/msg
-- Up-to-date: /home/pheonix/ros2_ws/install/lifecycle_msgs/include/lifecycle_msgs/lifecycle_msgs/msg/detail
-- Up-to-date: /home/pheonix/ros2_ws/install/lifecycle_msgs/include/lifecycle_msgs/lifecycle_msgs/msg/detail/state__rosidl_typesupport_introspection_c.h
-- Installing: /home/pheonix/ros2_ws/install/lifecycle_msgs/include/lifecycle_msgs/lifecycle_msgs/msg/detail/transition__type_support.c
-- Installing: /home/pheonix/ros2_ws/install/lifecycle_msgs/include/lifecycle_msgs/lifecycle_msgs/msg/detail/transition_description__type_support.c
-- Installing: /home/pheonix/ros2_ws/install/lifecycle_msgs/include/lifecycle_msgs/lifecycle_msgs/msg/detail/state__type_support.c
-- Installing: /home/pheonix/ros2_ws/install/lifecycle_msgs/include/lifecycle_msgs/lifecycle_msgs/msg/detail/transition_event__type_support.c
-- Up-to-date: /home/pheonix/ros2_ws/install/lifecycle_msgs/include/lifecycle_msgs/lifecycle_msgs/msg/detail/transition_description__rosidl_typesupport_introspection_c.h
-- Up-to-date: /home/pheonix/ros2_ws/install/lifecycle_msgs/include/lifecycle_msgs/lifecycle_msgs/msg/detail/transition__rosidl_typesupport_introspection_c.h
-- Up-to-date: /home/pheonix/ros2_ws/install/lifecycle_msgs/include/lifecycle_msgs/lifecycle_msgs/msg/detail/transition_event__rosidl_typesupport_introspection_c.h
-- Up-to-date: /home/pheonix/ros2_ws/install/lifecycle_msgs/include/lifecycle_msgs/lifecycle_msgs/msg/rosidl_typesupport_introspection_c__visibility_control.h
-- Up-to-date: /home/pheonix/ros2_ws/install/lifecycle_msgs/include/lifecycle_msgs/lifecycle_msgs/srv
-- Up-to-date: /home/pheonix/ros2_ws/install/lifecycle_msgs/include/lifecycle_msgs/lifecycle_msgs/srv/detail
-- Installing: /home/pheonix/ros2_ws/install/lifecycle_msgs/include/lifecycle_msgs/lifecycle_msgs/srv/detail/change_state__type_support.c
-- Up-to-date: /home/pheonix/ros2_ws/install/lifecycle_msgs/include/lifecycle_msgs/lifecycle_msgs/srv/detail/change_state__rosidl_typesupport_introspection_c.h
-- Installing: /home/pheonix/ros2_ws/install/lifecycle_msgs/include/lifecycle_msgs/lifecycle_msgs/srv/detail/get_available_states__type_support.c
-- Up-to-date: /home/pheonix/ros2_ws/install/lifecycle_msgs/include/lifecycle_msgs/lifecycle_msgs/srv/detail/get_state__rosidl_typesupport_introspection_c.h
-- Up-to-date: /home/pheonix/ros2_ws/install/lifecycle_msgs/include/lifecycle_msgs/lifecycle_msgs/srv/detail/get_available_transitions__rosidl_typesupport_introspection_c.h
-- Installing: /home/pheonix/ros2_ws/install/lifecycle_msgs/include/lifecycle_msgs/lifecycle_msgs/srv/detail/get_state__type_support.c
-- Up-to-date: /home/pheonix/ros2_ws/install/lifecycle_msgs/include/lifecycle_msgs/lifecycle_msgs/srv/detail/get_available_states__rosidl_typesupport_introspection_c.h
-- Installing: /home/pheonix/ros2_ws/install/lifecycle_msgs/include/lifecycle_msgs/lifecycle_msgs/srv/detail/get_available_transitions__type_support.c
-- Up-to-date: /home/pheonix/ros2_ws/install/lifecycle_msgs/lib/liblifecycle_msgs__rosidl_typesupport_introspection_c.so
-- Up-to-date: /home/pheonix/ros2_ws/install/lifecycle_msgs/lib/liblifecycle_msgs__rosidl_typesupport_c.so
-- Up-to-date: /home/pheonix/ros2_ws/install/lifecycle_msgs/include/lifecycle_msgs/lifecycle_msgs
-- Up-to-date: /home/pheonix/ros2_ws/install/lifecycle_msgs/include/lifecycle_msgs/lifecycle_msgs/msg
-- Up-to-date: /home/pheonix/ros2_ws/install/lifecycle_msgs/include/lifecycle_msgs/lifecycle_msgs/msg/transition_event.hpp
-- Up-to-date: /home/pheonix/ros2_ws/install/lifecycle_msgs/include/lifecycle_msgs/lifecycle_msgs/msg/rosidl_generator_cpp__visibility_control.hpp
-- Up-to-date: /home/pheonix/ros2_ws/install/lifecycle_msgs/include/lifecycle_msgs/lifecycle_msgs/msg/transition.hpp
-- Up-to-date: /home/pheonix/ros2_ws/install/lifecycle_msgs/include/lifecycle_msgs/lifecycle_msgs/msg/transition_description.hpp
-- Up-to-date: /home/pheonix/ros2_ws/install/lifecycle_msgs/include/lifecycle_msgs/lifecycle_msgs/msg/detail
-- Up-to-date: /home/pheonix/ros2_ws/install/lifecycle_msgs/include/lifecycle_msgs/lifecycle_msgs/msg/detail/transition_description__traits.hpp
-- Up-to-date: /home/pheonix/ros2_ws/install/lifecycle_msgs/include/lifecycle_msgs/lifecycle_msgs/msg/detail/transition__type_support.hpp
-- Up-to-date: /home/pheonix/ros2_ws/install/lifecycle_msgs/include/lifecycle_msgs/lifecycle_msgs/msg/detail/state__traits.hpp
-- Up-to-date: /home/pheonix/ros2_ws/install/lifecycle_msgs/include/lifecycle_msgs/lifecycle_msgs/msg/detail/transition__builder.hpp
-- Up-to-date: /home/pheonix/ros2_ws/install/lifecycle_msgs/include/lifecycle_msgs/lifecycle_msgs/msg/detail/transition_event__builder.hpp
-- Up-to-date: /home/pheonix/ros2_ws/install/lifecycle_msgs/include/lifecycle_msgs/lifecycle_msgs/msg/detail/transition__traits.hpp
-- Up-to-date: /home/pheonix/ros2_ws/install/lifecycle_msgs/include/lifecycle_msgs/lifecycle_msgs/msg/detail/transition_description__builder.hpp
-- Up-to-date: /home/pheonix/ros2_ws/install/lifecycle_msgs/include/lifecycle_msgs/lifecycle_msgs/msg/detail/transition_event__type_support.hpp
-- Up-to-date: /home/pheonix/ros2_ws/install/lifecycle_msgs/include/lifecycle_msgs/lifecycle_msgs/msg/detail/transition_description__type_support.hpp
-- Up-to-date: /home/pheonix/ros2_ws/install/lifecycle_msgs/include/lifecycle_msgs/lifecycle_msgs/msg/detail/state__struct.hpp
-- Up-to-date: /home/pheonix/ros2_ws/install/lifecycle_msgs/include/lifecycle_msgs/lifecycle_msgs/msg/detail/state__builder.hpp
-- Up-to-date: /home/pheonix/ros2_ws/install/lifecycle_msgs/include/lifecycle_msgs/lifecycle_msgs/msg/detail/transition_event__traits.hpp
-- Up-to-date: /home/pheonix/ros2_ws/install/lifecycle_msgs/include/lifecycle_msgs/lifecycle_msgs/msg/detail/transition_event__struct.hpp
-- Up-to-date: /home/pheonix/ros2_ws/install/lifecycle_msgs/include/lifecycle_msgs/lifecycle_msgs/msg/detail/transition_description__struct.hpp
-- Up-to-date: /home/pheonix/ros2_ws/install/lifecycle_msgs/include/lifecycle_msgs/lifecycle_msgs/msg/detail/transition__struct.hpp
-- Up-to-date: /home/pheonix/ros2_ws/install/lifecycle_msgs/include/lifecycle_msgs/lifecycle_msgs/msg/detail/state__type_support.hpp
-- Up-to-date: /home/pheonix/ros2_ws/install/lifecycle_msgs/include/lifecycle_msgs/lifecycle_msgs/msg/state.hpp
-- Up-to-date: /home/pheonix/ros2_ws/install/lifecycle_msgs/include/lifecycle_msgs/lifecycle_msgs/srv
-- Up-to-date: /home/pheonix/ros2_ws/install/lifecycle_msgs/include/lifecycle_msgs/lifecycle_msgs/srv/get_state.hpp
-- Up-to-date: /home/pheonix/ros2_ws/install/lifecycle_msgs/include/lifecycle_msgs/lifecycle_msgs/srv/get_available_states.hpp
-- Up-to-date: /home/pheonix/ros2_ws/install/lifecycle_msgs/include/lifecycle_msgs/lifecycle_msgs/srv/detail
-- Up-to-date: /home/pheonix/ros2_ws/install/lifecycle_msgs/include/lifecycle_msgs/lifecycle_msgs/srv/detail/get_available_states__type_support.hpp
-- Up-to-date: /home/pheonix/ros2_ws/install/lifecycle_msgs/include/lifecycle_msgs/lifecycle_msgs/srv/detail/get_available_transitions__traits.hpp
-- Up-to-date: /home/pheonix/ros2_ws/install/lifecycle_msgs/include/lifecycle_msgs/lifecycle_msgs/srv/detail/get_state__builder.hpp
-- Up-to-date: /home/pheonix/ros2_ws/install/lifecycle_msgs/include/lifecycle_msgs/lifecycle_msgs/srv/detail/change_state__type_support.hpp
-- Up-to-date: /home/pheonix/ros2_ws/install/lifecycle_msgs/include/lifecycle_msgs/lifecycle_msgs/srv/detail/get_available_states__struct.hpp
-- Up-to-date: /home/pheonix/ros2_ws/install/lifecycle_msgs/include/lifecycle_msgs/lifecycle_msgs/srv/detail/get_available_transitions__struct.hpp
-- Up-to-date: /home/pheonix/ros2_ws/install/lifecycle_msgs/include/lifecycle_msgs/lifecycle_msgs/srv/detail/change_state__struct.hpp
-- Up-to-date: /home/pheonix/ros2_ws/install/lifecycle_msgs/include/lifecycle_msgs/lifecycle_msgs/srv/detail/get_state__struct.hpp
-- Up-to-date: /home/pheonix/ros2_ws/install/lifecycle_msgs/include/lifecycle_msgs/lifecycle_msgs/srv/detail/get_available_states__traits.hpp
-- Up-to-date: /home/pheonix/ros2_ws/install/lifecycle_msgs/include/lifecycle_msgs/lifecycle_msgs/srv/detail/get_available_transitions__type_support.hpp
-- Up-to-date: /home/pheonix/ros2_ws/install/lifecycle_msgs/include/lifecycle_msgs/lifecycle_msgs/srv/detail/get_state__traits.hpp
-- Up-to-date: /home/pheonix/ros2_ws/install/lifecycle_msgs/include/lifecycle_msgs/lifecycle_msgs/srv/detail/get_available_states__builder.hpp
-- Up-to-date: /home/pheonix/ros2_ws/install/lifecycle_msgs/include/lifecycle_msgs/lifecycle_msgs/srv/detail/change_state__traits.hpp
-- Up-to-date: /home/pheonix/ros2_ws/install/lifecycle_msgs/include/lifecycle_msgs/lifecycle_msgs/srv/detail/get_available_transitions__builder.hpp
-- Up-to-date: /home/pheonix/ros2_ws/install/lifecycle_msgs/include/lifecycle_msgs/lifecycle_msgs/srv/detail/change_state__builder.hpp
-- Up-to-date: /home/pheonix/ros2_ws/install/lifecycle_msgs/include/lifecycle_msgs/lifecycle_msgs/srv/detail/get_state__type_support.hpp
-- Up-to-date: /home/pheonix/ros2_ws/install/lifecycle_msgs/include/lifecycle_msgs/lifecycle_msgs/srv/get_available_transitions.hpp
-- Up-to-date: /home/pheonix/ros2_ws/install/lifecycle_msgs/include/lifecycle_msgs/lifecycle_msgs/srv/change_state.hpp
-- Up-to-date: /home/pheonix/ros2_ws/install/lifecycle_msgs/include/lifecycle_msgs/lifecycle_msgs
-- Up-to-date: /home/pheonix/ros2_ws/install/lifecycle_msgs/include/lifecycle_msgs/lifecycle_msgs/msg
-- Up-to-date: /home/pheonix/ros2_ws/install/lifecycle_msgs/include/lifecycle_msgs/lifecycle_msgs/msg/detail
-- Up-to-date: /home/pheonix/ros2_ws/install/lifecycle_msgs/include/lifecycle_msgs/lifecycle_msgs/msg/detail/dds_fastrtps
-- Up-to-date: /home/pheonix/ros2_ws/install/lifecycle_msgs/include/lifecycle_msgs/lifecycle_msgs/msg/detail/transition__rosidl_typesupport_fastrtps_cpp.hpp
-- Up-to-date: /home/pheonix/ros2_ws/install/lifecycle_msgs/include/lifecycle_msgs/lifecycle_msgs/msg/detail/state__rosidl_typesupport_fastrtps_cpp.hpp
-- Up-to-date: /home/pheonix/ros2_ws/install/lifecycle_msgs/include/lifecycle_msgs/lifecycle_msgs/msg/detail/transition_description__rosidl_typesupport_fastrtps_cpp.hpp
-- Up-to-date: /home/pheonix/ros2_ws/install/lifecycle_msgs/include/lifecycle_msgs/lifecycle_msgs/msg/detail/transition_event__rosidl_typesupport_fastrtps_cpp.hpp
-- Up-to-date: /home/pheonix/ros2_ws/install/lifecycle_msgs/include/lifecycle_msgs/lifecycle_msgs/msg/rosidl_typesupport_fastrtps_cpp__visibility_control.h
-- Up-to-date: /home/pheonix/ros2_ws/install/lifecycle_msgs/include/lifecycle_msgs/lifecycle_msgs/srv
-- Up-to-date: /home/pheonix/ros2_ws/install/lifecycle_msgs/include/lifecycle_msgs/lifecycle_msgs/srv/detail
-- Up-to-date: /home/pheonix/ros2_ws/install/lifecycle_msgs/include/lifecycle_msgs/lifecycle_msgs/srv/detail/dds_fastrtps
-- Up-to-date: /home/pheonix/ros2_ws/install/lifecycle_msgs/include/lifecycle_msgs/lifecycle_msgs/srv/detail/get_available_states__rosidl_typesupport_fastrtps_cpp.hpp
-- Up-to-date: /home/pheonix/ros2_ws/install/lifecycle_msgs/include/lifecycle_msgs/lifecycle_msgs/srv/detail/get_state__rosidl_typesupport_fastrtps_cpp.hpp
-- Up-to-date: /home/pheonix/ros2_ws/install/lifecycle_msgs/include/lifecycle_msgs/lifecycle_msgs/srv/detail/get_available_transitions__rosidl_typesupport_fastrtps_cpp.hpp
-- Up-to-date: /home/pheonix/ros2_ws/install/lifecycle_msgs/include/lifecycle_msgs/lifecycle_msgs/srv/detail/change_state__rosidl_typesupport_fastrtps_cpp.hpp
-- Up-to-date: /home/pheonix/ros2_ws/install/lifecycle_msgs/lib/liblifecycle_msgs__rosidl_typesupport_fastrtps_cpp.so
-- Up-to-date: /home/pheonix/ros2_ws/install/lifecycle_msgs/include/lifecycle_msgs/lifecycle_msgs
-- Up-to-date: /home/pheonix/ros2_ws/install/lifecycle_msgs/include/lifecycle_msgs/lifecycle_msgs/msg
-- Up-to-date: /home/pheonix/ros2_ws/install/lifecycle_msgs/include/lifecycle_msgs/lifecycle_msgs/msg/detail
-- Up-to-date: /home/pheonix/ros2_ws/install/lifecycle_msgs/include/lifecycle_msgs/lifecycle_msgs/msg/detail/state__type_support.cpp
-- Up-to-date: /home/pheonix/ros2_ws/install/lifecycle_msgs/include/lifecycle_msgs/lifecycle_msgs/msg/detail/transition_event__type_support.cpp
-- Up-to-date: /home/pheonix/ros2_ws/install/lifecycle_msgs/include/lifecycle_msgs/lifecycle_msgs/msg/detail/transition_description__rosidl_typesupport_introspection_cpp.hpp
-- Up-to-date: /home/pheonix/ros2_ws/install/lifecycle_msgs/include/lifecycle_msgs/lifecycle_msgs/msg/detail/transition_description__type_support.cpp
-- Up-to-date: /home/pheonix/ros2_ws/install/lifecycle_msgs/include/lifecycle_msgs/lifecycle_msgs/msg/detail/state__rosidl_typesupport_introspection_cpp.hpp
-- Up-to-date: /home/pheonix/ros2_ws/install/lifecycle_msgs/include/lifecycle_msgs/lifecycle_msgs/msg/detail/transition__rosidl_typesupport_introspection_cpp.hpp
-- Up-to-date: /home/pheonix/ros2_ws/install/lifecycle_msgs/include/lifecycle_msgs/lifecycle_msgs/msg/detail/transition__type_support.cpp
-- Up-to-date: /home/pheonix/ros2_ws/install/lifecycle_msgs/include/lifecycle_msgs/lifecycle_msgs/msg/detail/transition_event__rosidl_typesupport_introspection_cpp.hpp
-- Up-to-date: /home/pheonix/ros2_ws/install/lifecycle_msgs/include/lifecycle_msgs/lifecycle_msgs/srv
-- Up-to-date: /home/pheonix/ros2_ws/install/lifecycle_msgs/include/lifecycle_msgs/lifecycle_msgs/srv/detail
-- Up-to-date: /home/pheonix/ros2_ws/install/lifecycle_msgs/include/lifecycle_msgs/lifecycle_msgs/srv/detail/get_state__rosidl_typesupport_introspection_cpp.hpp
-- Up-to-date: /home/pheonix/ros2_ws/install/lifecycle_msgs/include/lifecycle_msgs/lifecycle_msgs/srv/detail/change_state__type_support.cpp
-- Up-to-date: /home/pheonix/ros2_ws/install/lifecycle_msgs/include/lifecycle_msgs/lifecycle_msgs/srv/detail/get_state__type_support.cpp
-- Up-to-date: /home/pheonix/ros2_ws/install/lifecycle_msgs/include/lifecycle_msgs/lifecycle_msgs/srv/detail/change_state__rosidl_typesupport_introspection_cpp.hpp
-- Up-to-date: /home/pheonix/ros2_ws/install/lifecycle_msgs/include/lifecycle_msgs/lifecycle_msgs/srv/detail/get_available_states__rosidl_typesupport_introspection_cpp.hpp
-- Up-to-date: /home/pheonix/ros2_ws/install/lifecycle_msgs/include/lifecycle_msgs/lifecycle_msgs/srv/detail/get_available_transitions__type_support.cpp
-- Up-to-date: /home/pheonix/ros2_ws/install/lifecycle_msgs/include/lifecycle_msgs/lifecycle_msgs/srv/detail/get_available_transitions__rosidl_typesupport_introspection_cpp.hpp
-- Up-to-date: /home/pheonix/ros2_ws/install/lifecycle_msgs/include/lifecycle_msgs/lifecycle_msgs/srv/detail/get_available_states__type_support.cpp
-- Up-to-date: /home/pheonix/ros2_ws/install/lifecycle_msgs/lib/liblifecycle_msgs__rosidl_typesupport_introspection_cpp.so
-- Up-to-date: /home/pheonix/ros2_ws/install/lifecycle_msgs/lib/liblifecycle_msgs__rosidl_typesupport_cpp.so
-- Up-to-date: /home/pheonix/ros2_ws/install/lifecycle_msgs/share/lifecycle_msgs/environment/pythonpath.sh
-- Up-to-date: /home/pheonix/ros2_ws/install/lifecycle_msgs/share/lifecycle_msgs/environment/pythonpath.dsv
-- Up-to-date: /home/pheonix/ros2_ws/install/lifecycle_msgs/lib/python3.12/site-packages/lifecycle_msgs-2.2.0-py3.12.egg-info
-- Installing: /home/pheonix/ros2_ws/install/lifecycle_msgs/lib/python3.12/site-packages/lifecycle_msgs-2.2.0-py3.12.egg-info/SOURCES.txt
-- Installing: /home/pheonix/ros2_ws/install/lifecycle_msgs/lib/python3.12/site-packages/lifecycle_msgs-2.2.0-py3.12.egg-info/dependency_links.txt
-- Installing: /home/pheonix/ros2_ws/install/lifecycle_msgs/lib/python3.12/site-packages/lifecycle_msgs-2.2.0-py3.12.egg-info/PKG-INFO
-- Installing: /home/pheonix/ros2_ws/install/lifecycle_msgs/lib/python3.12/site-packages/lifecycle_msgs-2.2.0-py3.12.egg-info/top_level.txt
-- Up-to-date: /home/pheonix/ros2_ws/install/lifecycle_msgs/lib/python3.12/site-packages/lifecycle_msgs
-- Up-to-date: /home/pheonix/ros2_ws/install/lifecycle_msgs/lib/python3.12/site-packages/lifecycle_msgs/_lifecycle_msgs_s.ep.rosidl_typesupport_c.c
-- Up-to-date: /home/pheonix/ros2_ws/install/lifecycle_msgs/lib/python3.12/site-packages/lifecycle_msgs/lifecycle_msgs_s__rosidl_typesupport_introspection_c.so
-- Up-to-date: /home/pheonix/ros2_ws/install/lifecycle_msgs/lib/python3.12/site-packages/lifecycle_msgs/msg
-- Up-to-date: /home/pheonix/ros2_ws/install/lifecycle_msgs/lib/python3.12/site-packages/lifecycle_msgs/msg/_transition_event.py
-- Up-to-date: /home/pheonix/ros2_ws/install/lifecycle_msgs/lib/python3.12/site-packages/lifecycle_msgs/msg/_transition.py
-- Up-to-date: /home/pheonix/ros2_ws/install/lifecycle_msgs/lib/python3.12/site-packages/lifecycle_msgs/msg/_transition_event_s.c
-- Up-to-date: /home/pheonix/ros2_ws/install/lifecycle_msgs/lib/python3.12/site-packages/lifecycle_msgs/msg/_transition_s.c
-- Up-to-date: /home/pheonix/ros2_ws/install/lifecycle_msgs/lib/python3.12/site-packages/lifecycle_msgs/msg/_transition_description.py
-- Up-to-date: /home/pheonix/ros2_ws/install/lifecycle_msgs/lib/python3.12/site-packages/lifecycle_msgs/msg/_state_s.c
-- Up-to-date: /home/pheonix/ros2_ws/install/lifecycle_msgs/lib/python3.12/site-packages/lifecycle_msgs/msg/__init__.py
-- Up-to-date: /home/pheonix/ros2_ws/install/lifecycle_msgs/lib/python3.12/site-packages/lifecycle_msgs/msg/_state.py
-- Up-to-date: /home/pheonix/ros2_ws/install/lifecycle_msgs/lib/python3.12/site-packages/lifecycle_msgs/msg/_transition_description_s.c
-- Up-to-date: /home/pheonix/ros2_ws/install/lifecycle_msgs/lib/python3.12/site-packages/lifecycle_msgs/_lifecycle_msgs_s.ep.rosidl_typesupport_introspection_c.c
-- Up-to-date: /home/pheonix/ros2_ws/install/lifecycle_msgs/lib/python3.12/site-packages/lifecycle_msgs/__init__.py
-- Up-to-date: /home/pheonix/ros2_ws/install/lifecycle_msgs/lib/python3.12/site-packages/lifecycle_msgs/lifecycle_msgs_s__rosidl_typesupport_c.so
-- Up-to-date: /home/pheonix/ros2_ws/install/lifecycle_msgs/lib/python3.12/site-packages/lifecycle_msgs/lifecycle_msgs_s__rosidl_typesupport_fastrtps_c.so
-- Up-to-date: /home/pheonix/ros2_ws/install/lifecycle_msgs/lib/python3.12/site-packages/lifecycle_msgs/_lifecycle_msgs_s.ep.rosidl_typesupport_fastrtps_c.c
-- Up-to-date: /home/pheonix/ros2_ws/install/lifecycle_msgs/lib/python3.12/site-packages/lifecycle_msgs/srv
-- Up-to-date: /home/pheonix/ros2_ws/install/lifecycle_msgs/lib/python3.12/site-packages/lifecycle_msgs/srv/_change_state_s.c
-- Up-to-date: /home/pheonix/ros2_ws/install/lifecycle_msgs/lib/python3.12/site-packages/lifecycle_msgs/srv/_get_available_states.py
-- Up-to-date: /home/pheonix/ros2_ws/install/lifecycle_msgs/lib/python3.12/site-packages/lifecycle_msgs/srv/_change_state.py
-- Up-to-date: /home/pheonix/ros2_ws/install/lifecycle_msgs/lib/python3.12/site-packages/lifecycle_msgs/srv/_get_available_states_s.c
-- Up-to-date: /home/pheonix/ros2_ws/install/lifecycle_msgs/lib/python3.12/site-packages/lifecycle_msgs/srv/_get_available_transitions.py
-- Up-to-date: /home/pheonix/ros2_ws/install/lifecycle_msgs/lib/python3.12/site-packages/lifecycle_msgs/srv/_get_state_s.c
-- Up-to-date: /home/pheonix/ros2_ws/install/lifecycle_msgs/lib/python3.12/site-packages/lifecycle_msgs/srv/_get_available_transitions_s.c
-- Up-to-date: /home/pheonix/ros2_ws/install/lifecycle_msgs/lib/python3.12/site-packages/lifecycle_msgs/srv/__init__.py
-- Up-to-date: /home/pheonix/ros2_ws/install/lifecycle_msgs/lib/python3.12/site-packages/lifecycle_msgs/srv/_get_state.py
Listing '/home/pheonix/ros2_ws/install/lifecycle_msgs/lib/python3.12/site-packages/lifecycle_msgs'...
Listing '/home/pheonix/ros2_ws/install/lifecycle_msgs/lib/python3.12/site-packages/lifecycle_msgs/msg'...
Listing '/home/pheonix/ros2_ws/install/lifecycle_msgs/lib/python3.12/site-packages/lifecycle_msgs/srv'...
-- Up-to-date: /home/pheonix/ros2_ws/install/lifecycle_msgs/lib/python3.12/site-packages/lifecycle_msgs/lifecycle_msgs_s__rosidl_typesupport_fastrtps_c.so
-- Up-to-date: /home/pheonix/ros2_ws/install/lifecycle_msgs/lib/python3.12/site-packages/lifecycle_msgs/lifecycle_msgs_s__rosidl_typesupport_introspection_c.so
-- Up-to-date: /home/pheonix/ros2_ws/install/lifecycle_msgs/lib/python3.12/site-packages/lifecycle_msgs/lifecycle_msgs_s__rosidl_typesupport_c.so
-- Up-to-date: /home/pheonix/ros2_ws/install/lifecycle_msgs/lib/liblifecycle_msgs__rosidl_generator_py.so
-- Up-to-date: /home/pheonix/ros2_ws/install/lifecycle_msgs/share/lifecycle_msgs/msg/State.idl
-- Up-to-date: /home/pheonix/ros2_ws/install/lifecycle_msgs/share/lifecycle_msgs/msg/Transition.idl
-- Up-to-date: /home/pheonix/ros2_ws/install/lifecycle_msgs/share/lifecycle_msgs/msg/TransitionDescription.idl
-- Up-to-date: /home/pheonix/ros2_ws/install/lifecycle_msgs/share/lifecycle_msgs/msg/TransitionEvent.idl
-- Up-to-date: /home/pheonix/ros2_ws/install/lifecycle_msgs/share/lifecycle_msgs/srv/ChangeState.idl
-- Up-to-date: /home/pheonix/ros2_ws/install/lifecycle_msgs/share/lifecycle_msgs/srv/GetAvailableStates.idl
-- Up-to-date: /home/pheonix/ros2_ws/install/lifecycle_msgs/share/lifecycle_msgs/srv/GetAvailableTransitions.idl
-- Up-to-date: /home/pheonix/ros2_ws/install/lifecycle_msgs/share/lifecycle_msgs/srv/GetState.idl
-- Up-to-date: /home/pheonix/ros2_ws/install/lifecycle_msgs/share/lifecycle_msgs/msg/State.msg
-- Up-to-date: /home/pheonix/ros2_ws/install/lifecycle_msgs/share/lifecycle_msgs/msg/Transition.msg
-- Up-to-date: /home/pheonix/ros2_ws/install/lifecycle_msgs/share/lifecycle_msgs/msg/TransitionDescription.msg
-- Up-to-date: /home/pheonix/ros2_ws/install/lifecycle_msgs/share/lifecycle_msgs/msg/TransitionEvent.msg
-- Up-to-date: /home/pheonix/ros2_ws/install/lifecycle_msgs/share/lifecycle_msgs/srv/ChangeState.srv
-- Up-to-date: /home/pheonix/ros2_ws/install/lifecycle_msgs/share/lifecycle_msgs/srv/GetAvailableStates.srv
-- Up-to-date: /home/pheonix/ros2_ws/install/lifecycle_msgs/share/lifecycle_msgs/srv/GetAvailableTransitions.srv
-- Up-to-date: /home/pheonix/ros2_ws/install/lifecycle_msgs/share/lifecycle_msgs/srv/GetState.srv
-- Up-to-date: /home/pheonix/ros2_ws/install/lifecycle_msgs/share/ament_index/resource_index/package_run_dependencies/lifecycle_msgs
-- Up-to-date: /home/pheonix/ros2_ws/install/lifecycle_msgs/share/ament_index/resource_index/parent_prefix_path/lifecycle_msgs
-- Up-to-date: /home/pheonix/ros2_ws/install/lifecycle_msgs/share/lifecycle_msgs/environment/ament_prefix_path.sh
-- Up-to-date: /home/pheonix/ros2_ws/install/lifecycle_msgs/share/lifecycle_msgs/environment/ament_prefix_path.dsv
-- Up-to-date: /home/pheonix/ros2_ws/install/lifecycle_msgs/share/lifecycle_msgs/environment/path.sh
-- Up-to-date: /home/pheonix/ros2_ws/install/lifecycle_msgs/share/lifecycle_msgs/environment/path.dsv
-- Up-to-date: /home/pheonix/ros2_ws/install/lifecycle_msgs/share/lifecycle_msgs/local_setup.bash
-- Up-to-date: /home/pheonix/ros2_ws/install/lifecycle_msgs/share/lifecycle_msgs/local_setup.sh
-- Up-to-date: /home/pheonix/ros2_ws/install/lifecycle_msgs/share/lifecycle_msgs/local_setup.zsh
-- Up-to-date: /home/pheonix/ros2_ws/install/lifecycle_msgs/share/lifecycle_msgs/local_setup.dsv
-- Installing: /home/pheonix/ros2_ws/install/lifecycle_msgs/share/lifecycle_msgs/package.dsv
-- Up-to-date: /home/pheonix/ros2_ws/install/lifecycle_msgs/share/ament_index/resource_index/packages/lifecycle_msgs
-- Up-to-date: /home/pheonix/ros2_ws/install/lifecycle_msgs/share/lifecycle_msgs/cmake/export_lifecycle_msgs__rosidl_generator_cExport.cmake
-- Up-to-date: /home/pheonix/ros2_ws/install/lifecycle_msgs/share/lifecycle_msgs/cmake/export_lifecycle_msgs__rosidl_generator_cExport-noconfig.cmake
-- Up-to-date: /home/pheonix/ros2_ws/install/lifecycle_msgs/share/lifecycle_msgs/cmake/export_lifecycle_msgs__rosidl_typesupport_fastrtps_cExport.cmake
-- Up-to-date: /home/pheonix/ros2_ws/install/lifecycle_msgs/share/lifecycle_msgs/cmake/export_lifecycle_msgs__rosidl_typesupport_fastrtps_cExport-noconfig.cmake
-- Up-to-date: /home/pheonix/ros2_ws/install/lifecycle_msgs/share/lifecycle_msgs/cmake/lifecycle_msgs__rosidl_typesupport_introspection_cExport.cmake
-- Up-to-date: /home/pheonix/ros2_ws/install/lifecycle_msgs/share/lifecycle_msgs/cmake/lifecycle_msgs__rosidl_typesupport_introspection_cExport-noconfig.cmake
-- Up-to-date: /home/pheonix/ros2_ws/install/lifecycle_msgs/share/lifecycle_msgs/cmake/lifecycle_msgs__rosidl_typesupport_cExport.cmake
-- Up-to-date: /home/pheonix/ros2_ws/install/lifecycle_msgs/share/lifecycle_msgs/cmake/lifecycle_msgs__rosidl_typesupport_cExport-noconfig.cmake
-- Up-to-date: /home/pheonix/ros2_ws/install/lifecycle_msgs/share/lifecycle_msgs/cmake/export_lifecycle_msgs__rosidl_generator_cppExport.cmake
-- Up-to-date: /home/pheonix/ros2_ws/install/lifecycle_msgs/share/lifecycle_msgs/cmake/export_lifecycle_msgs__rosidl_typesupport_fastrtps_cppExport.cmake
-- Up-to-date: /home/pheonix/ros2_ws/install/lifecycle_msgs/share/lifecycle_msgs/cmake/export_lifecycle_msgs__rosidl_typesupport_fastrtps_cppExport-noconfig.cmake
-- Up-to-date: /home/pheonix/ros2_ws/install/lifecycle_msgs/share/lifecycle_msgs/cmake/lifecycle_msgs__rosidl_typesupport_introspection_cppExport.cmake
-- Up-to-date: /home/pheonix/ros2_ws/install/lifecycle_msgs/share/lifecycle_msgs/cmake/lifecycle_msgs__rosidl_typesupport_introspection_cppExport-noconfig.cmake
-- Up-to-date: /home/pheonix/ros2_ws/install/lifecycle_msgs/share/lifecycle_msgs/cmake/lifecycle_msgs__rosidl_typesupport_cppExport.cmake
-- Up-to-date: /home/pheonix/ros2_ws/install/lifecycle_msgs/share/lifecycle_msgs/cmake/lifecycle_msgs__rosidl_typesupport_cppExport-noconfig.cmake
-- Up-to-date: /home/pheonix/ros2_ws/install/lifecycle_msgs/share/lifecycle_msgs/cmake/export_lifecycle_msgs__rosidl_generator_pyExport.cmake
-- Up-to-date: /home/pheonix/ros2_ws/install/lifecycle_msgs/share/lifecycle_msgs/cmake/export_lifecycle_msgs__rosidl_generator_pyExport-noconfig.cmake
-- Up-to-date: /home/pheonix/ros2_ws/install/lifecycle_msgs/share/lifecycle_msgs/cmake/rosidl_cmake-extras.cmake
-- Up-to-date: /home/pheonix/ros2_ws/install/lifecycle_msgs/share/lifecycle_msgs/cmake/ament_cmake_export_dependencies-extras.cmake
-- Up-to-date: /home/pheonix/ros2_ws/install/lifecycle_msgs/share/lifecycle_msgs/cmake/ament_cmake_export_include_directories-extras.cmake
-- Up-to-date: /home/pheonix/ros2_ws/install/lifecycle_msgs/share/lifecycle_msgs/cmake/ament_cmake_export_libraries-extras.cmake
-- Up-to-date: /home/pheonix/ros2_ws/install/lifecycle_msgs/share/lifecycle_msgs/cmake/ament_cmake_export_targets-extras.cmake
-- Up-to-date: /home/pheonix/ros2_ws/install/lifecycle_msgs/share/lifecycle_msgs/cmake/rosidl_cmake_export_typesupport_targets-extras.cmake
-- Up-to-date: /home/pheonix/ros2_ws/install/lifecycle_msgs/share/lifecycle_msgs/cmake/rosidl_cmake_export_typesupport_libraries-extras.cmake
-- Up-to-date: /home/pheonix/ros2_ws/install/lifecycle_msgs/share/lifecycle_msgs/cmake/lifecycle_msgsConfig.cmake
-- Up-to-date: /home/pheonix/ros2_ws/install/lifecycle_msgs/share/lifecycle_msgs/cmake/lifecycle_msgsConfig-version.cmake
-- Up-to-date: /home/pheonix/ros2_ws/install/lifecycle_msgs/share/lifecycle_msgs/package.xml
