[0.024s] Invoking command in '/home/pheonix/ros2_ws/build/lifecycle_msgs': CMAKE_PREFIX_PATH=${CMAKE_PREFIX_PATH}:/opt/ros/jazzy DEBUGINFOD_URLS=https://debuginfod.ubuntu.com /usr/bin/cmake --build /home/pheonix/ros2_ws/build/lifecycle_msgs -- -j2 -l2
[0.222s] [  1%] Built target lifecycle_msgs__rosidl_generator_type_description
[0.303s] [  1%] Built target ament_cmake_python_copy_lifecycle_msgs
[0.330s] [  1%] Built target lifecycle_msgs__cpp
[0.375s] [ 26%] Built target lifecycle_msgs__rosidl_generator_c
[0.537s] [ 35%] Built target lifecycle_msgs__rosidl_typesupport_cpp
[0.635s] [ 45%] Built target lifecycle_msgs__rosidl_typesupport_fastrtps_c
[0.728s] [ 54%] Built target lifecycle_msgs__rosidl_typesupport_introspection_c
[0.873s] [ 64%] Built target lifecycle_msgs__rosidl_typesupport_c
[0.888s] running egg_info
[0.943s] writing lifecycle_msgs.egg-info/PKG-INFO
[0.944s] writing dependency_links to lifecycle_msgs.egg-info/dependency_links.txt
[0.957s] writing top-level names to lifecycle_msgs.egg-info/top_level.txt
[1.018s] [ 74%] Built target lifecycle_msgs__rosidl_typesupport_fastrtps_cpp
[1.125s] reading manifest file 'lifecycle_msgs.egg-info/SOURCES.txt'
[1.126s] [ 84%] Built target lifecycle_msgs__rosidl_typesupport_introspection_cpp
[1.130s] writing manifest file 'lifecycle_msgs.egg-info/SOURCES.txt'
[1.179s] [ 84%] Built target lifecycle_msgs
[1.255s] [ 85%] Built target lifecycle_msgs__py
[1.257s] [ 85%] Built target ament_cmake_python_build_lifecycle_msgs_egg
[1.305s] [ 94%] Built target lifecycle_msgs__rosidl_generator_py
[1.366s] [ 96%] Built target lifecycle_msgs_s__rosidl_typesupport_fastrtps_c
[1.427s] [ 98%] Built target lifecycle_msgs_s__rosidl_typesupport_introspection_c
[1.478s] [100%] Built target lifecycle_msgs_s__rosidl_typesupport_c
[1.493s] Invoked command in '/home/pheonix/ros2_ws/build/lifecycle_msgs' returned '0': CMAKE_PREFIX_PATH=${CMAKE_PREFIX_PATH}:/opt/ros/jazzy DEBUGINFOD_URLS=https://debuginfod.ubuntu.com /usr/bin/cmake --build /home/pheonix/ros2_ws/build/lifecycle_msgs -- -j2 -l2
[2.532s] Invoking command in '/home/pheonix/ros2_ws/build/lifecycle_msgs': CMAKE_PREFIX_PATH=${CMAKE_PREFIX_PATH}:/opt/ros/jazzy DEBUGINFOD_URLS=https://debuginfod.ubuntu.com /usr/bin/cmake --install /home/pheonix/ros2_ws/build/lifecycle_msgs
[2.550s] -- Install configuration: ""
[2.554s] -- Up-to-date: /home/pheonix/ros2_ws/install/lifecycle_msgs/share/ament_index/resource_index/rosidl_interfaces/lifecycle_msgs
[2.556s] -- Up-to-date: /home/pheonix/ros2_ws/install/lifecycle_msgs/share/lifecycle_msgs/msg/State.json
[2.563s] -- Up-to-date: /home/pheonix/ros2_ws/install/lifecycle_msgs/share/lifecycle_msgs/msg/Transition.json
[2.563s] -- Up-to-date: /home/pheonix/ros2_ws/install/lifecycle_msgs/share/lifecycle_msgs/msg/TransitionDescription.json
[2.564s] -- Up-to-date: /home/pheonix/ros2_ws/install/lifecycle_msgs/share/lifecycle_msgs/msg/TransitionEvent.json
[2.566s] -- Up-to-date: /home/pheonix/ros2_ws/install/lifecycle_msgs/share/lifecycle_msgs/srv/ChangeState.json
[2.566s] -- Up-to-date: /home/pheonix/ros2_ws/install/lifecycle_msgs/share/lifecycle_msgs/srv/GetAvailableStates.json
[2.566s] -- Up-to-date: /home/pheonix/ros2_ws/install/lifecycle_msgs/share/lifecycle_msgs/srv/GetAvailableTransitions.json
[2.566s] -- Up-to-date: /home/pheonix/ros2_ws/install/lifecycle_msgs/share/lifecycle_msgs/srv/GetState.json
[2.566s] -- Up-to-date: /home/pheonix/ros2_ws/install/lifecycle_msgs/include/lifecycle_msgs/lifecycle_msgs
[2.567s] -- Up-to-date: /home/pheonix/ros2_ws/install/lifecycle_msgs/include/lifecycle_msgs/lifecycle_msgs/msg
[2.567s] -- Up-to-date: /home/pheonix/ros2_ws/install/lifecycle_msgs/include/lifecycle_msgs/lifecycle_msgs/msg/transition_description.h
[2.567s] -- Up-to-date: /home/pheonix/ros2_ws/install/lifecycle_msgs/include/lifecycle_msgs/lifecycle_msgs/msg/transition.h
[2.567s] -- Up-to-date: /home/pheonix/ros2_ws/install/lifecycle_msgs/include/lifecycle_msgs/lifecycle_msgs/msg/state.h
[2.567s] -- Up-to-date: /home/pheonix/ros2_ws/install/lifecycle_msgs/include/lifecycle_msgs/lifecycle_msgs/msg/rosidl_generator_c__visibility_control.h
[2.567s] -- Up-to-date: /home/pheonix/ros2_ws/install/lifecycle_msgs/include/lifecycle_msgs/lifecycle_msgs/msg/detail
[2.568s] -- Up-to-date: /home/pheonix/ros2_ws/install/lifecycle_msgs/include/lifecycle_msgs/lifecycle_msgs/msg/detail/transition__type_support.h
[2.568s] -- Up-to-date: /home/pheonix/ros2_ws/install/lifecycle_msgs/include/lifecycle_msgs/lifecycle_msgs/msg/detail/transition_description__functions.h
[2.568s] -- Up-to-date: /home/pheonix/ros2_ws/install/lifecycle_msgs/include/lifecycle_msgs/lifecycle_msgs/msg/detail/transition__struct.h
[2.568s] -- Up-to-date: /home/pheonix/ros2_ws/install/lifecycle_msgs/include/lifecycle_msgs/lifecycle_msgs/msg/detail/transition_event__type_support.h
[2.568s] -- Installing: /home/pheonix/ros2_ws/install/lifecycle_msgs/include/lifecycle_msgs/lifecycle_msgs/msg/detail/transition__type_support.c
[2.568s] -- Up-to-date: /home/pheonix/ros2_ws/install/lifecycle_msgs/include/lifecycle_msgs/lifecycle_msgs/msg/detail/state__functions.h
[2.569s] -- Installing: /home/pheonix/ros2_ws/install/lifecycle_msgs/include/lifecycle_msgs/lifecycle_msgs/msg/detail/transition_description__type_support.c
[2.570s] -- Up-to-date: /home/pheonix/ros2_ws/install/lifecycle_msgs/include/lifecycle_msgs/lifecycle_msgs/msg/detail/transition_description__functions.c
[2.571s] -- Installing: /home/pheonix/ros2_ws/install/lifecycle_msgs/include/lifecycle_msgs/lifecycle_msgs/msg/detail/state__type_support.c
[2.571s] -- Installing: /home/pheonix/ros2_ws/install/lifecycle_msgs/include/lifecycle_msgs/lifecycle_msgs/msg/detail/transition_event__type_support.c
[2.571s] -- Up-to-date: /home/pheonix/ros2_ws/install/lifecycle_msgs/include/lifecycle_msgs/lifecycle_msgs/msg/detail/transition_event__description.c
[2.571s] -- Up-to-date: /home/pheonix/ros2_ws/install/lifecycle_msgs/include/lifecycle_msgs/lifecycle_msgs/msg/detail/transition_event__struct.h
[2.571s] -- Up-to-date: /home/pheonix/ros2_ws/install/lifecycle_msgs/include/lifecycle_msgs/lifecycle_msgs/msg/detail/state__struct.h
[2.571s] -- Up-to-date: /home/pheonix/ros2_ws/install/lifecycle_msgs/include/lifecycle_msgs/lifecycle_msgs/msg/detail/state__type_support.h
[2.571s] -- Up-to-date: /home/pheonix/ros2_ws/install/lifecycle_msgs/include/lifecycle_msgs/lifecycle_msgs/msg/detail/transition_description__struct.h
[2.571s] -- Up-to-date: /home/pheonix/ros2_ws/install/lifecycle_msgs/include/lifecycle_msgs/lifecycle_msgs/msg/detail/transition__description.c
[2.571s] -- Up-to-date: /home/pheonix/ros2_ws/install/lifecycle_msgs/include/lifecycle_msgs/lifecycle_msgs/msg/detail/transition_event__functions.c
[2.571s] -- Up-to-date: /home/pheonix/ros2_ws/install/lifecycle_msgs/include/lifecycle_msgs/lifecycle_msgs/msg/detail/transition_event__functions.h
[2.572s] -- Up-to-date: /home/pheonix/ros2_ws/install/lifecycle_msgs/include/lifecycle_msgs/lifecycle_msgs/msg/detail/transition__functions.c
[2.572s] -- Up-to-date: /home/pheonix/ros2_ws/install/lifecycle_msgs/include/lifecycle_msgs/lifecycle_msgs/msg/detail/transition__functions.h
[2.573s] -- Up-to-date: /home/pheonix/ros2_ws/install/lifecycle_msgs/include/lifecycle_msgs/lifecycle_msgs/msg/detail/transition_description__type_support.h
[2.573s] -- Up-to-date: /home/pheonix/ros2_ws/install/lifecycle_msgs/include/lifecycle_msgs/lifecycle_msgs/msg/detail/state__functions.c
[2.573s] -- Up-to-date: /home/pheonix/ros2_ws/install/lifecycle_msgs/include/lifecycle_msgs/lifecycle_msgs/msg/detail/state__description.c
[2.573s] -- Up-to-date: /home/pheonix/ros2_ws/install/lifecycle_msgs/include/lifecycle_msgs/lifecycle_msgs/msg/detail/transition_description__description.c
[2.573s] -- Up-to-date: /home/pheonix/ros2_ws/install/lifecycle_msgs/include/lifecycle_msgs/lifecycle_msgs/msg/transition_event.h
[2.573s] -- Up-to-date: /home/pheonix/ros2_ws/install/lifecycle_msgs/include/lifecycle_msgs/lifecycle_msgs/srv
[2.576s] -- Up-to-date: /home/pheonix/ros2_ws/install/lifecycle_msgs/include/lifecycle_msgs/lifecycle_msgs/srv/get_available_transitions.h
[2.576s] -- Up-to-date: /home/pheonix/ros2_ws/install/lifecycle_msgs/include/lifecycle_msgs/lifecycle_msgs/srv/get_state.h
[2.576s] -- Up-to-date: /home/pheonix/ros2_ws/install/lifecycle_msgs/include/lifecycle_msgs/lifecycle_msgs/srv/detail
[2.576s] -- Up-to-date: /home/pheonix/ros2_ws/install/lifecycle_msgs/include/lifecycle_msgs/lifecycle_msgs/srv/detail/change_state__functions.c
[2.576s] -- Installing: /home/pheonix/ros2_ws/install/lifecycle_msgs/include/lifecycle_msgs/lifecycle_msgs/srv/detail/change_state__type_support.c
[2.576s] -- Up-to-date: /home/pheonix/ros2_ws/install/lifecycle_msgs/include/lifecycle_msgs/lifecycle_msgs/srv/detail/get_state__functions.c
[2.576s] -- Up-to-date: /home/pheonix/ros2_ws/install/lifecycle_msgs/include/lifecycle_msgs/lifecycle_msgs/srv/detail/get_available_states__functions.c
[2.576s] -- Up-to-date: /home/pheonix/ros2_ws/install/lifecycle_msgs/include/lifecycle_msgs/lifecycle_msgs/srv/detail/get_available_states__type_support.h
[2.576s] -- Up-to-date: /home/pheonix/ros2_ws/install/lifecycle_msgs/include/lifecycle_msgs/lifecycle_msgs/srv/detail/get_state__struct.h
[2.576s] -- Up-to-date: /home/pheonix/ros2_ws/install/lifecycle_msgs/include/lifecycle_msgs/lifecycle_msgs/srv/detail/get_available_transitions__description.c
[2.576s] -- Up-to-date: /home/pheonix/ros2_ws/install/lifecycle_msgs/include/lifecycle_msgs/lifecycle_msgs/srv/detail/get_available_transitions__functions.c
[2.576s] -- Installing: /home/pheonix/ros2_ws/install/lifecycle_msgs/include/lifecycle_msgs/lifecycle_msgs/srv/detail/get_available_states__type_support.c
[2.576s] -- Up-to-date: /home/pheonix/ros2_ws/install/lifecycle_msgs/include/lifecycle_msgs/lifecycle_msgs/srv/detail/get_state__description.c
[2.576s] -- Up-to-date: /home/pheonix/ros2_ws/install/lifecycle_msgs/include/lifecycle_msgs/lifecycle_msgs/srv/detail/get_available_transitions__struct.h
[2.576s] -- Up-to-date: /home/pheonix/ros2_ws/install/lifecycle_msgs/include/lifecycle_msgs/lifecycle_msgs/srv/detail/get_state__functions.h
[2.576s] -- Installing: /home/pheonix/ros2_ws/install/lifecycle_msgs/include/lifecycle_msgs/lifecycle_msgs/srv/detail/get_state__type_support.c
[2.576s] -- Up-to-date: /home/pheonix/ros2_ws/install/lifecycle_msgs/include/lifecycle_msgs/lifecycle_msgs/srv/detail/change_state__functions.h
[2.576s] -- Up-to-date: /home/pheonix/ros2_ws/install/lifecycle_msgs/include/lifecycle_msgs/lifecycle_msgs/srv/detail/change_state__type_support.h
[2.576s] -- Up-to-date: /home/pheonix/ros2_ws/install/lifecycle_msgs/include/lifecycle_msgs/lifecycle_msgs/srv/detail/get_available_states__functions.h
[2.576s] -- Up-to-date: /home/pheonix/ros2_ws/install/lifecycle_msgs/include/lifecycle_msgs/lifecycle_msgs/srv/detail/get_available_states__description.c
[2.576s] -- Up-to-date: /home/pheonix/ros2_ws/install/lifecycle_msgs/include/lifecycle_msgs/lifecycle_msgs/srv/detail/get_state__type_support.h
[2.576s] -- Up-to-date: /home/pheonix/ros2_ws/install/lifecycle_msgs/include/lifecycle_msgs/lifecycle_msgs/srv/detail/get_available_transitions__functions.h
[2.576s] -- Up-to-date: /home/pheonix/ros2_ws/install/lifecycle_msgs/include/lifecycle_msgs/lifecycle_msgs/srv/detail/change_state__description.c
[2.577s] -- Up-to-date: /home/pheonix/ros2_ws/install/lifecycle_msgs/include/lifecycle_msgs/lifecycle_msgs/srv/detail/get_available_states__struct.h
[2.577s] -- Up-to-date: /home/pheonix/ros2_ws/install/lifecycle_msgs/include/lifecycle_msgs/lifecycle_msgs/srv/detail/change_state__struct.h
[2.577s] -- Installing: /home/pheonix/ros2_ws/install/lifecycle_msgs/include/lifecycle_msgs/lifecycle_msgs/srv/detail/get_available_transitions__type_support.c
[2.577s] -- Up-to-date: /home/pheonix/ros2_ws/install/lifecycle_msgs/include/lifecycle_msgs/lifecycle_msgs/srv/detail/get_available_transitions__type_support.h
[2.577s] -- Up-to-date: /home/pheonix/ros2_ws/install/lifecycle_msgs/include/lifecycle_msgs/lifecycle_msgs/srv/change_state.h
[2.577s] -- Up-to-date: /home/pheonix/ros2_ws/install/lifecycle_msgs/include/lifecycle_msgs/lifecycle_msgs/srv/get_available_states.h
[2.577s] -- Up-to-date: /home/pheonix/ros2_ws/install/lifecycle_msgs/share/lifecycle_msgs/environment/library_path.sh
[2.577s] -- Up-to-date: /home/pheonix/ros2_ws/install/lifecycle_msgs/share/lifecycle_msgs/environment/library_path.dsv
[2.580s] -- Up-to-date: /home/pheonix/ros2_ws/install/lifecycle_msgs/lib/liblifecycle_msgs__rosidl_generator_c.so
[2.582s] -- Up-to-date: /home/pheonix/ros2_ws/install/lifecycle_msgs/include/lifecycle_msgs/lifecycle_msgs
[2.582s] -- Up-to-date: /home/pheonix/ros2_ws/install/lifecycle_msgs/include/lifecycle_msgs/lifecycle_msgs/msg
[2.582s] -- Up-to-date: /home/pheonix/ros2_ws/install/lifecycle_msgs/include/lifecycle_msgs/lifecycle_msgs/msg/rosidl_typesupport_fastrtps_c__visibility_control.h
[2.582s] -- Up-to-date: /home/pheonix/ros2_ws/install/lifecycle_msgs/include/lifecycle_msgs/lifecycle_msgs/msg/detail
[2.582s] -- Up-to-date: /home/pheonix/ros2_ws/install/lifecycle_msgs/include/lifecycle_msgs/lifecycle_msgs/msg/detail/state__rosidl_typesupport_fastrtps_c.h
[2.583s] -- Up-to-date: /home/pheonix/ros2_ws/install/lifecycle_msgs/include/lifecycle_msgs/lifecycle_msgs/msg/detail/transition_description__rosidl_typesupport_fastrtps_c.h
[2.583s] -- Up-to-date: /home/pheonix/ros2_ws/install/lifecycle_msgs/include/lifecycle_msgs/lifecycle_msgs/msg/detail/transition__rosidl_typesupport_fastrtps_c.h
[2.583s] -- Up-to-date: /home/pheonix/ros2_ws/install/lifecycle_msgs/include/lifecycle_msgs/lifecycle_msgs/msg/detail/transition_event__rosidl_typesupport_fastrtps_c.h
[2.583s] -- Up-to-date: /home/pheonix/ros2_ws/install/lifecycle_msgs/include/lifecycle_msgs/lifecycle_msgs/srv
[2.583s] -- Up-to-date: /home/pheonix/ros2_ws/install/lifecycle_msgs/include/lifecycle_msgs/lifecycle_msgs/srv/detail
[2.584s] -- Up-to-date: /home/pheonix/ros2_ws/install/lifecycle_msgs/include/lifecycle_msgs/lifecycle_msgs/srv/detail/get_available_transitions__rosidl_typesupport_fastrtps_c.h
[2.584s] -- Up-to-date: /home/pheonix/ros2_ws/install/lifecycle_msgs/include/lifecycle_msgs/lifecycle_msgs/srv/detail/change_state__rosidl_typesupport_fastrtps_c.h
[2.584s] -- Up-to-date: /home/pheonix/ros2_ws/install/lifecycle_msgs/include/lifecycle_msgs/lifecycle_msgs/srv/detail/get_available_states__rosidl_typesupport_fastrtps_c.h
[2.584s] -- Up-to-date: /home/pheonix/ros2_ws/install/lifecycle_msgs/include/lifecycle_msgs/lifecycle_msgs/srv/detail/get_state__rosidl_typesupport_fastrtps_c.h
[2.586s] -- Up-to-date: /home/pheonix/ros2_ws/install/lifecycle_msgs/lib/liblifecycle_msgs__rosidl_typesupport_fastrtps_c.so
[2.591s] -- Up-to-date: /home/pheonix/ros2_ws/install/lifecycle_msgs/include/lifecycle_msgs/lifecycle_msgs
[2.591s] -- Up-to-date: /home/pheonix/ros2_ws/install/lifecycle_msgs/include/lifecycle_msgs/lifecycle_msgs/msg
[2.592s] -- Up-to-date: /home/pheonix/ros2_ws/install/lifecycle_msgs/include/lifecycle_msgs/lifecycle_msgs/msg/detail
[2.592s] -- Up-to-date: /home/pheonix/ros2_ws/install/lifecycle_msgs/include/lifecycle_msgs/lifecycle_msgs/msg/detail/state__rosidl_typesupport_introspection_c.h
[2.592s] -- Installing: /home/pheonix/ros2_ws/install/lifecycle_msgs/include/lifecycle_msgs/lifecycle_msgs/msg/detail/transition__type_support.c
[2.592s] -- Installing: /home/pheonix/ros2_ws/install/lifecycle_msgs/include/lifecycle_msgs/lifecycle_msgs/msg/detail/transition_description__type_support.c
[2.592s] -- Installing: /home/pheonix/ros2_ws/install/lifecycle_msgs/include/lifecycle_msgs/lifecycle_msgs/msg/detail/state__type_support.c
[2.592s] -- Installing: /home/pheonix/ros2_ws/install/lifecycle_msgs/include/lifecycle_msgs/lifecycle_msgs/msg/detail/transition_event__type_support.c
[2.592s] -- Up-to-date: /home/pheonix/ros2_ws/install/lifecycle_msgs/include/lifecycle_msgs/lifecycle_msgs/msg/detail/transition_description__rosidl_typesupport_introspection_c.h
[2.592s] -- Up-to-date: /home/pheonix/ros2_ws/install/lifecycle_msgs/include/lifecycle_msgs/lifecycle_msgs/msg/detail/transition__rosidl_typesupport_introspection_c.h
[2.592s] -- Up-to-date: /home/pheonix/ros2_ws/install/lifecycle_msgs/include/lifecycle_msgs/lifecycle_msgs/msg/detail/transition_event__rosidl_typesupport_introspection_c.h
[2.592s] -- Up-to-date: /home/pheonix/ros2_ws/install/lifecycle_msgs/include/lifecycle_msgs/lifecycle_msgs/msg/rosidl_typesupport_introspection_c__visibility_control.h
[2.592s] -- Up-to-date: /home/pheonix/ros2_ws/install/lifecycle_msgs/include/lifecycle_msgs/lifecycle_msgs/srv
[2.592s] -- Up-to-date: /home/pheonix/ros2_ws/install/lifecycle_msgs/include/lifecycle_msgs/lifecycle_msgs/srv/detail
[2.592s] -- Installing: /home/pheonix/ros2_ws/install/lifecycle_msgs/include/lifecycle_msgs/lifecycle_msgs/srv/detail/change_state__type_support.c
[2.593s] -- Up-to-date: /home/pheonix/ros2_ws/install/lifecycle_msgs/include/lifecycle_msgs/lifecycle_msgs/srv/detail/change_state__rosidl_typesupport_introspection_c.h
[2.594s] -- Installing: /home/pheonix/ros2_ws/install/lifecycle_msgs/include/lifecycle_msgs/lifecycle_msgs/srv/detail/get_available_states__type_support.c
[2.595s] -- Up-to-date: /home/pheonix/ros2_ws/install/lifecycle_msgs/include/lifecycle_msgs/lifecycle_msgs/srv/detail/get_state__rosidl_typesupport_introspection_c.h
[2.595s] -- Up-to-date: /home/pheonix/ros2_ws/install/lifecycle_msgs/include/lifecycle_msgs/lifecycle_msgs/srv/detail/get_available_transitions__rosidl_typesupport_introspection_c.h
[2.595s] -- Installing: /home/pheonix/ros2_ws/install/lifecycle_msgs/include/lifecycle_msgs/lifecycle_msgs/srv/detail/get_state__type_support.c
[2.597s] -- Up-to-date: /home/pheonix/ros2_ws/install/lifecycle_msgs/include/lifecycle_msgs/lifecycle_msgs/srv/detail/get_available_states__rosidl_typesupport_introspection_c.h
[2.597s] -- Installing: /home/pheonix/ros2_ws/install/lifecycle_msgs/include/lifecycle_msgs/lifecycle_msgs/srv/detail/get_available_transitions__type_support.c
[2.602s] -- Up-to-date: /home/pheonix/ros2_ws/install/lifecycle_msgs/lib/liblifecycle_msgs__rosidl_typesupport_introspection_c.so
[2.604s] -- Up-to-date: /home/pheonix/ros2_ws/install/lifecycle_msgs/lib/liblifecycle_msgs__rosidl_typesupport_c.so
[2.605s] -- Up-to-date: /home/pheonix/ros2_ws/install/lifecycle_msgs/include/lifecycle_msgs/lifecycle_msgs
[2.605s] -- Up-to-date: /home/pheonix/ros2_ws/install/lifecycle_msgs/include/lifecycle_msgs/lifecycle_msgs/msg
[2.605s] -- Up-to-date: /home/pheonix/ros2_ws/install/lifecycle_msgs/include/lifecycle_msgs/lifecycle_msgs/msg/transition_event.hpp
[2.605s] -- Up-to-date: /home/pheonix/ros2_ws/install/lifecycle_msgs/include/lifecycle_msgs/lifecycle_msgs/msg/rosidl_generator_cpp__visibility_control.hpp
[2.605s] -- Up-to-date: /home/pheonix/ros2_ws/install/lifecycle_msgs/include/lifecycle_msgs/lifecycle_msgs/msg/transition.hpp
[2.605s] -- Up-to-date: /home/pheonix/ros2_ws/install/lifecycle_msgs/include/lifecycle_msgs/lifecycle_msgs/msg/transition_description.hpp
[2.605s] -- Up-to-date: /home/pheonix/ros2_ws/install/lifecycle_msgs/include/lifecycle_msgs/lifecycle_msgs/msg/detail
[2.607s] -- Up-to-date: /home/pheonix/ros2_ws/install/lifecycle_msgs/include/lifecycle_msgs/lifecycle_msgs/msg/detail/transition_description__traits.hpp
[2.607s] -- Up-to-date: /home/pheonix/ros2_ws/install/lifecycle_msgs/include/lifecycle_msgs/lifecycle_msgs/msg/detail/transition__type_support.hpp
[2.607s] -- Up-to-date: /home/pheonix/ros2_ws/install/lifecycle_msgs/include/lifecycle_msgs/lifecycle_msgs/msg/detail/state__traits.hpp
[2.607s] -- Up-to-date: /home/pheonix/ros2_ws/install/lifecycle_msgs/include/lifecycle_msgs/lifecycle_msgs/msg/detail/transition__builder.hpp
[2.607s] -- Up-to-date: /home/pheonix/ros2_ws/install/lifecycle_msgs/include/lifecycle_msgs/lifecycle_msgs/msg/detail/transition_event__builder.hpp
[2.607s] -- Up-to-date: /home/pheonix/ros2_ws/install/lifecycle_msgs/include/lifecycle_msgs/lifecycle_msgs/msg/detail/transition__traits.hpp
[2.607s] -- Up-to-date: /home/pheonix/ros2_ws/install/lifecycle_msgs/include/lifecycle_msgs/lifecycle_msgs/msg/detail/transition_description__builder.hpp
[2.607s] -- Up-to-date: /home/pheonix/ros2_ws/install/lifecycle_msgs/include/lifecycle_msgs/lifecycle_msgs/msg/detail/transition_event__type_support.hpp
[2.607s] -- Up-to-date: /home/pheonix/ros2_ws/install/lifecycle_msgs/include/lifecycle_msgs/lifecycle_msgs/msg/detail/transition_description__type_support.hpp
[2.607s] -- Up-to-date: /home/pheonix/ros2_ws/install/lifecycle_msgs/include/lifecycle_msgs/lifecycle_msgs/msg/detail/state__struct.hpp
[2.607s] -- Up-to-date: /home/pheonix/ros2_ws/install/lifecycle_msgs/include/lifecycle_msgs/lifecycle_msgs/msg/detail/state__builder.hpp
[2.607s] -- Up-to-date: /home/pheonix/ros2_ws/install/lifecycle_msgs/include/lifecycle_msgs/lifecycle_msgs/msg/detail/transition_event__traits.hpp
[2.607s] -- Up-to-date: /home/pheonix/ros2_ws/install/lifecycle_msgs/include/lifecycle_msgs/lifecycle_msgs/msg/detail/transition_event__struct.hpp
[2.607s] -- Up-to-date: /home/pheonix/ros2_ws/install/lifecycle_msgs/include/lifecycle_msgs/lifecycle_msgs/msg/detail/transition_description__struct.hpp
[2.607s] -- Up-to-date: /home/pheonix/ros2_ws/install/lifecycle_msgs/include/lifecycle_msgs/lifecycle_msgs/msg/detail/transition__struct.hpp
[2.607s] -- Up-to-date: /home/pheonix/ros2_ws/install/lifecycle_msgs/include/lifecycle_msgs/lifecycle_msgs/msg/detail/state__type_support.hpp
[2.607s] -- Up-to-date: /home/pheonix/ros2_ws/install/lifecycle_msgs/include/lifecycle_msgs/lifecycle_msgs/msg/state.hpp
[2.607s] -- Up-to-date: /home/pheonix/ros2_ws/install/lifecycle_msgs/include/lifecycle_msgs/lifecycle_msgs/srv
[2.607s] -- Up-to-date: /home/pheonix/ros2_ws/install/lifecycle_msgs/include/lifecycle_msgs/lifecycle_msgs/srv/get_state.hpp
[2.607s] -- Up-to-date: /home/pheonix/ros2_ws/install/lifecycle_msgs/include/lifecycle_msgs/lifecycle_msgs/srv/get_available_states.hpp
[2.607s] -- Up-to-date: /home/pheonix/ros2_ws/install/lifecycle_msgs/include/lifecycle_msgs/lifecycle_msgs/srv/detail
[2.607s] -- Up-to-date: /home/pheonix/ros2_ws/install/lifecycle_msgs/include/lifecycle_msgs/lifecycle_msgs/srv/detail/get_available_states__type_support.hpp
[2.607s] -- Up-to-date: /home/pheonix/ros2_ws/install/lifecycle_msgs/include/lifecycle_msgs/lifecycle_msgs/srv/detail/get_available_transitions__traits.hpp
[2.607s] -- Up-to-date: /home/pheonix/ros2_ws/install/lifecycle_msgs/include/lifecycle_msgs/lifecycle_msgs/srv/detail/get_state__builder.hpp
[2.607s] -- Up-to-date: /home/pheonix/ros2_ws/install/lifecycle_msgs/include/lifecycle_msgs/lifecycle_msgs/srv/detail/change_state__type_support.hpp
[2.608s] -- Up-to-date: /home/pheonix/ros2_ws/install/lifecycle_msgs/include/lifecycle_msgs/lifecycle_msgs/srv/detail/get_available_states__struct.hpp
[2.608s] -- Up-to-date: /home/pheonix/ros2_ws/install/lifecycle_msgs/include/lifecycle_msgs/lifecycle_msgs/srv/detail/get_available_transitions__struct.hpp
[2.608s] -- Up-to-date: /home/pheonix/ros2_ws/install/lifecycle_msgs/include/lifecycle_msgs/lifecycle_msgs/srv/detail/change_state__struct.hpp
[2.608s] -- Up-to-date: /home/pheonix/ros2_ws/install/lifecycle_msgs/include/lifecycle_msgs/lifecycle_msgs/srv/detail/get_state__struct.hpp
[2.608s] -- Up-to-date: /home/pheonix/ros2_ws/install/lifecycle_msgs/include/lifecycle_msgs/lifecycle_msgs/srv/detail/get_available_states__traits.hpp
[2.608s] -- Up-to-date: /home/pheonix/ros2_ws/install/lifecycle_msgs/include/lifecycle_msgs/lifecycle_msgs/srv/detail/get_available_transitions__type_support.hpp
[2.608s] -- Up-to-date: /home/pheonix/ros2_ws/install/lifecycle_msgs/include/lifecycle_msgs/lifecycle_msgs/srv/detail/get_state__traits.hpp
[2.608s] -- Up-to-date: /home/pheonix/ros2_ws/install/lifecycle_msgs/include/lifecycle_msgs/lifecycle_msgs/srv/detail/get_available_states__builder.hpp
[2.608s] -- Up-to-date: /home/pheonix/ros2_ws/install/lifecycle_msgs/include/lifecycle_msgs/lifecycle_msgs/srv/detail/change_state__traits.hpp
[2.608s] -- Up-to-date: /home/pheonix/ros2_ws/install/lifecycle_msgs/include/lifecycle_msgs/lifecycle_msgs/srv/detail/get_available_transitions__builder.hpp
[2.608s] -- Up-to-date: /home/pheonix/ros2_ws/install/lifecycle_msgs/include/lifecycle_msgs/lifecycle_msgs/srv/detail/change_state__builder.hpp
[2.608s] -- Up-to-date: /home/pheonix/ros2_ws/install/lifecycle_msgs/include/lifecycle_msgs/lifecycle_msgs/srv/detail/get_state__type_support.hpp
[2.608s] -- Up-to-date: /home/pheonix/ros2_ws/install/lifecycle_msgs/include/lifecycle_msgs/lifecycle_msgs/srv/get_available_transitions.hpp
[2.608s] -- Up-to-date: /home/pheonix/ros2_ws/install/lifecycle_msgs/include/lifecycle_msgs/lifecycle_msgs/srv/change_state.hpp
[2.608s] -- Up-to-date: /home/pheonix/ros2_ws/install/lifecycle_msgs/include/lifecycle_msgs/lifecycle_msgs
[2.609s] -- Up-to-date: /home/pheonix/ros2_ws/install/lifecycle_msgs/include/lifecycle_msgs/lifecycle_msgs/msg
[2.609s] -- Up-to-date: /home/pheonix/ros2_ws/install/lifecycle_msgs/include/lifecycle_msgs/lifecycle_msgs/msg/detail
[2.609s] -- Up-to-date: /home/pheonix/ros2_ws/install/lifecycle_msgs/include/lifecycle_msgs/lifecycle_msgs/msg/detail/dds_fastrtps
[2.609s] -- Up-to-date: /home/pheonix/ros2_ws/install/lifecycle_msgs/include/lifecycle_msgs/lifecycle_msgs/msg/detail/transition__rosidl_typesupport_fastrtps_cpp.hpp
[2.609s] -- Up-to-date: /home/pheonix/ros2_ws/install/lifecycle_msgs/include/lifecycle_msgs/lifecycle_msgs/msg/detail/state__rosidl_typesupport_fastrtps_cpp.hpp
[2.609s] -- Up-to-date: /home/pheonix/ros2_ws/install/lifecycle_msgs/include/lifecycle_msgs/lifecycle_msgs/msg/detail/transition_description__rosidl_typesupport_fastrtps_cpp.hpp
[2.609s] -- Up-to-date: /home/pheonix/ros2_ws/install/lifecycle_msgs/include/lifecycle_msgs/lifecycle_msgs/msg/detail/transition_event__rosidl_typesupport_fastrtps_cpp.hpp
[2.609s] -- Up-to-date: /home/pheonix/ros2_ws/install/lifecycle_msgs/include/lifecycle_msgs/lifecycle_msgs/msg/rosidl_typesupport_fastrtps_cpp__visibility_control.h
[2.609s] -- Up-to-date: /home/pheonix/ros2_ws/install/lifecycle_msgs/include/lifecycle_msgs/lifecycle_msgs/srv
[2.609s] -- Up-to-date: /home/pheonix/ros2_ws/install/lifecycle_msgs/include/lifecycle_msgs/lifecycle_msgs/srv/detail
[2.609s] -- Up-to-date: /home/pheonix/ros2_ws/install/lifecycle_msgs/include/lifecycle_msgs/lifecycle_msgs/srv/detail/dds_fastrtps
[2.609s] -- Up-to-date: /home/pheonix/ros2_ws/install/lifecycle_msgs/include/lifecycle_msgs/lifecycle_msgs/srv/detail/get_available_states__rosidl_typesupport_fastrtps_cpp.hpp
[2.609s] -- Up-to-date: /home/pheonix/ros2_ws/install/lifecycle_msgs/include/lifecycle_msgs/lifecycle_msgs/srv/detail/get_state__rosidl_typesupport_fastrtps_cpp.hpp
[2.609s] -- Up-to-date: /home/pheonix/ros2_ws/install/lifecycle_msgs/include/lifecycle_msgs/lifecycle_msgs/srv/detail/get_available_transitions__rosidl_typesupport_fastrtps_cpp.hpp
[2.611s] -- Up-to-date: /home/pheonix/ros2_ws/install/lifecycle_msgs/include/lifecycle_msgs/lifecycle_msgs/srv/detail/change_state__rosidl_typesupport_fastrtps_cpp.hpp
[2.613s] -- Up-to-date: /home/pheonix/ros2_ws/install/lifecycle_msgs/lib/liblifecycle_msgs__rosidl_typesupport_fastrtps_cpp.so
[2.629s] -- Up-to-date: /home/pheonix/ros2_ws/install/lifecycle_msgs/include/lifecycle_msgs/lifecycle_msgs
[2.629s] -- Up-to-date: /home/pheonix/ros2_ws/install/lifecycle_msgs/include/lifecycle_msgs/lifecycle_msgs/msg
[2.629s] -- Up-to-date: /home/pheonix/ros2_ws/install/lifecycle_msgs/include/lifecycle_msgs/lifecycle_msgs/msg/detail
[2.629s] -- Up-to-date: /home/pheonix/ros2_ws/install/lifecycle_msgs/include/lifecycle_msgs/lifecycle_msgs/msg/detail/state__type_support.cpp
[2.629s] -- Up-to-date: /home/pheonix/ros2_ws/install/lifecycle_msgs/include/lifecycle_msgs/lifecycle_msgs/msg/detail/transition_event__type_support.cpp
[2.629s] -- Up-to-date: /home/pheonix/ros2_ws/install/lifecycle_msgs/include/lifecycle_msgs/lifecycle_msgs/msg/detail/transition_description__rosidl_typesupport_introspection_cpp.hpp
[2.629s] -- Up-to-date: /home/pheonix/ros2_ws/install/lifecycle_msgs/include/lifecycle_msgs/lifecycle_msgs/msg/detail/transition_description__type_support.cpp
[2.629s] -- Up-to-date: /home/pheonix/ros2_ws/install/lifecycle_msgs/include/lifecycle_msgs/lifecycle_msgs/msg/detail/state__rosidl_typesupport_introspection_cpp.hpp
[2.629s] -- Up-to-date: /home/pheonix/ros2_ws/install/lifecycle_msgs/include/lifecycle_msgs/lifecycle_msgs/msg/detail/transition__rosidl_typesupport_introspection_cpp.hpp
[2.629s] -- Up-to-date: /home/pheonix/ros2_ws/install/lifecycle_msgs/include/lifecycle_msgs/lifecycle_msgs/msg/detail/transition__type_support.cpp
[2.629s] -- Up-to-date: /home/pheonix/ros2_ws/install/lifecycle_msgs/include/lifecycle_msgs/lifecycle_msgs/msg/detail/transition_event__rosidl_typesupport_introspection_cpp.hpp
[2.629s] -- Up-to-date: /home/pheonix/ros2_ws/install/lifecycle_msgs/include/lifecycle_msgs/lifecycle_msgs/srv
[2.629s] -- Up-to-date: /home/pheonix/ros2_ws/install/lifecycle_msgs/include/lifecycle_msgs/lifecycle_msgs/srv/detail
[2.629s] -- Up-to-date: /home/pheonix/ros2_ws/install/lifecycle_msgs/include/lifecycle_msgs/lifecycle_msgs/srv/detail/get_state__rosidl_typesupport_introspection_cpp.hpp
[2.629s] -- Up-to-date: /home/pheonix/ros2_ws/install/lifecycle_msgs/include/lifecycle_msgs/lifecycle_msgs/srv/detail/change_state__type_support.cpp
[2.629s] -- Up-to-date: /home/pheonix/ros2_ws/install/lifecycle_msgs/include/lifecycle_msgs/lifecycle_msgs/srv/detail/get_state__type_support.cpp
[2.629s] -- Up-to-date: /home/pheonix/ros2_ws/install/lifecycle_msgs/include/lifecycle_msgs/lifecycle_msgs/srv/detail/change_state__rosidl_typesupport_introspection_cpp.hpp
[2.629s] -- Up-to-date: /home/pheonix/ros2_ws/install/lifecycle_msgs/include/lifecycle_msgs/lifecycle_msgs/srv/detail/get_available_states__rosidl_typesupport_introspection_cpp.hpp
[2.630s] -- Up-to-date: /home/pheonix/ros2_ws/install/lifecycle_msgs/include/lifecycle_msgs/lifecycle_msgs/srv/detail/get_available_transitions__type_support.cpp
[2.630s] -- Up-to-date: /home/pheonix/ros2_ws/install/lifecycle_msgs/include/lifecycle_msgs/lifecycle_msgs/srv/detail/get_available_transitions__rosidl_typesupport_introspection_cpp.hpp
[2.630s] -- Up-to-date: /home/pheonix/ros2_ws/install/lifecycle_msgs/include/lifecycle_msgs/lifecycle_msgs/srv/detail/get_available_states__type_support.cpp
[2.631s] -- Up-to-date: /home/pheonix/ros2_ws/install/lifecycle_msgs/lib/liblifecycle_msgs__rosidl_typesupport_introspection_cpp.so
[2.638s] -- Up-to-date: /home/pheonix/ros2_ws/install/lifecycle_msgs/lib/liblifecycle_msgs__rosidl_typesupport_cpp.so
[2.638s] -- Up-to-date: /home/pheonix/ros2_ws/install/lifecycle_msgs/share/lifecycle_msgs/environment/pythonpath.sh
[2.638s] -- Up-to-date: /home/pheonix/ros2_ws/install/lifecycle_msgs/share/lifecycle_msgs/environment/pythonpath.dsv
[2.639s] -- Up-to-date: /home/pheonix/ros2_ws/install/lifecycle_msgs/lib/python3.12/site-packages/lifecycle_msgs-2.2.0-py3.12.egg-info
[2.640s] -- Installing: /home/pheonix/ros2_ws/install/lifecycle_msgs/lib/python3.12/site-packages/lifecycle_msgs-2.2.0-py3.12.egg-info/SOURCES.txt
[2.640s] -- Installing: /home/pheonix/ros2_ws/install/lifecycle_msgs/lib/python3.12/site-packages/lifecycle_msgs-2.2.0-py3.12.egg-info/dependency_links.txt
[2.640s] -- Installing: /home/pheonix/ros2_ws/install/lifecycle_msgs/lib/python3.12/site-packages/lifecycle_msgs-2.2.0-py3.12.egg-info/PKG-INFO
[2.640s] -- Installing: /home/pheonix/ros2_ws/install/lifecycle_msgs/lib/python3.12/site-packages/lifecycle_msgs-2.2.0-py3.12.egg-info/top_level.txt
[2.640s] -- Up-to-date: /home/pheonix/ros2_ws/install/lifecycle_msgs/lib/python3.12/site-packages/lifecycle_msgs
[2.641s] -- Up-to-date: /home/pheonix/ros2_ws/install/lifecycle_msgs/lib/python3.12/site-packages/lifecycle_msgs/_lifecycle_msgs_s.ep.rosidl_typesupport_c.c
[2.642s] -- Up-to-date: /home/pheonix/ros2_ws/install/lifecycle_msgs/lib/python3.12/site-packages/lifecycle_msgs/lifecycle_msgs_s__rosidl_typesupport_introspection_c.so
[2.642s] -- Up-to-date: /home/pheonix/ros2_ws/install/lifecycle_msgs/lib/python3.12/site-packages/lifecycle_msgs/msg
[2.643s] -- Up-to-date: /home/pheonix/ros2_ws/install/lifecycle_msgs/lib/python3.12/site-packages/lifecycle_msgs/msg/_transition_event.py
[2.643s] -- Up-to-date: /home/pheonix/ros2_ws/install/lifecycle_msgs/lib/python3.12/site-packages/lifecycle_msgs/msg/_transition.py
[2.647s] -- Up-to-date: /home/pheonix/ros2_ws/install/lifecycle_msgs/lib/python3.12/site-packages/lifecycle_msgs/msg/_transition_event_s.c
[2.647s] -- Up-to-date: /home/pheonix/ros2_ws/install/lifecycle_msgs/lib/python3.12/site-packages/lifecycle_msgs/msg/_transition_s.c
[2.647s] -- Up-to-date: /home/pheonix/ros2_ws/install/lifecycle_msgs/lib/python3.12/site-packages/lifecycle_msgs/msg/_transition_description.py
[2.647s] -- Up-to-date: /home/pheonix/ros2_ws/install/lifecycle_msgs/lib/python3.12/site-packages/lifecycle_msgs/msg/_state_s.c
[2.647s] -- Up-to-date: /home/pheonix/ros2_ws/install/lifecycle_msgs/lib/python3.12/site-packages/lifecycle_msgs/msg/__init__.py
[2.647s] -- Up-to-date: /home/pheonix/ros2_ws/install/lifecycle_msgs/lib/python3.12/site-packages/lifecycle_msgs/msg/_state.py
[2.647s] -- Up-to-date: /home/pheonix/ros2_ws/install/lifecycle_msgs/lib/python3.12/site-packages/lifecycle_msgs/msg/_transition_description_s.c
[2.647s] -- Up-to-date: /home/pheonix/ros2_ws/install/lifecycle_msgs/lib/python3.12/site-packages/lifecycle_msgs/_lifecycle_msgs_s.ep.rosidl_typesupport_introspection_c.c
[2.647s] -- Up-to-date: /home/pheonix/ros2_ws/install/lifecycle_msgs/lib/python3.12/site-packages/lifecycle_msgs/__init__.py
[2.647s] -- Up-to-date: /home/pheonix/ros2_ws/install/lifecycle_msgs/lib/python3.12/site-packages/lifecycle_msgs/lifecycle_msgs_s__rosidl_typesupport_c.so
[2.647s] -- Up-to-date: /home/pheonix/ros2_ws/install/lifecycle_msgs/lib/python3.12/site-packages/lifecycle_msgs/lifecycle_msgs_s__rosidl_typesupport_fastrtps_c.so
[2.647s] -- Up-to-date: /home/pheonix/ros2_ws/install/lifecycle_msgs/lib/python3.12/site-packages/lifecycle_msgs/_lifecycle_msgs_s.ep.rosidl_typesupport_fastrtps_c.c
[2.647s] -- Up-to-date: /home/pheonix/ros2_ws/install/lifecycle_msgs/lib/python3.12/site-packages/lifecycle_msgs/srv
[2.647s] -- Up-to-date: /home/pheonix/ros2_ws/install/lifecycle_msgs/lib/python3.12/site-packages/lifecycle_msgs/srv/_change_state_s.c
[2.647s] -- Up-to-date: /home/pheonix/ros2_ws/install/lifecycle_msgs/lib/python3.12/site-packages/lifecycle_msgs/srv/_get_available_states.py
[2.647s] -- Up-to-date: /home/pheonix/ros2_ws/install/lifecycle_msgs/lib/python3.12/site-packages/lifecycle_msgs/srv/_change_state.py
[2.647s] -- Up-to-date: /home/pheonix/ros2_ws/install/lifecycle_msgs/lib/python3.12/site-packages/lifecycle_msgs/srv/_get_available_states_s.c
[2.647s] -- Up-to-date: /home/pheonix/ros2_ws/install/lifecycle_msgs/lib/python3.12/site-packages/lifecycle_msgs/srv/_get_available_transitions.py
[2.647s] -- Up-to-date: /home/pheonix/ros2_ws/install/lifecycle_msgs/lib/python3.12/site-packages/lifecycle_msgs/srv/_get_state_s.c
[2.647s] -- Up-to-date: /home/pheonix/ros2_ws/install/lifecycle_msgs/lib/python3.12/site-packages/lifecycle_msgs/srv/_get_available_transitions_s.c
[2.647s] -- Up-to-date: /home/pheonix/ros2_ws/install/lifecycle_msgs/lib/python3.12/site-packages/lifecycle_msgs/srv/__init__.py
[2.647s] -- Up-to-date: /home/pheonix/ros2_ws/install/lifecycle_msgs/lib/python3.12/site-packages/lifecycle_msgs/srv/_get_state.py
[2.705s] Listing '/home/pheonix/ros2_ws/install/lifecycle_msgs/lib/python3.12/site-packages/lifecycle_msgs'...
[2.705s] Listing '/home/pheonix/ros2_ws/install/lifecycle_msgs/lib/python3.12/site-packages/lifecycle_msgs/msg'...
[2.705s] Listing '/home/pheonix/ros2_ws/install/lifecycle_msgs/lib/python3.12/site-packages/lifecycle_msgs/srv'...
[2.709s] -- Up-to-date: /home/pheonix/ros2_ws/install/lifecycle_msgs/lib/python3.12/site-packages/lifecycle_msgs/lifecycle_msgs_s__rosidl_typesupport_fastrtps_c.so
[2.711s] -- Up-to-date: /home/pheonix/ros2_ws/install/lifecycle_msgs/lib/python3.12/site-packages/lifecycle_msgs/lifecycle_msgs_s__rosidl_typesupport_introspection_c.so
[2.713s] -- Up-to-date: /home/pheonix/ros2_ws/install/lifecycle_msgs/lib/python3.12/site-packages/lifecycle_msgs/lifecycle_msgs_s__rosidl_typesupport_c.so
[2.715s] -- Up-to-date: /home/pheonix/ros2_ws/install/lifecycle_msgs/lib/liblifecycle_msgs__rosidl_generator_py.so
[2.716s] -- Up-to-date: /home/pheonix/ros2_ws/install/lifecycle_msgs/share/lifecycle_msgs/msg/State.idl
[2.716s] -- Up-to-date: /home/pheonix/ros2_ws/install/lifecycle_msgs/share/lifecycle_msgs/msg/Transition.idl
[2.716s] -- Up-to-date: /home/pheonix/ros2_ws/install/lifecycle_msgs/share/lifecycle_msgs/msg/TransitionDescription.idl
[2.716s] -- Up-to-date: /home/pheonix/ros2_ws/install/lifecycle_msgs/share/lifecycle_msgs/msg/TransitionEvent.idl
[2.717s] -- Up-to-date: /home/pheonix/ros2_ws/install/lifecycle_msgs/share/lifecycle_msgs/srv/ChangeState.idl
[2.717s] -- Up-to-date: /home/pheonix/ros2_ws/install/lifecycle_msgs/share/lifecycle_msgs/srv/GetAvailableStates.idl
[2.717s] -- Up-to-date: /home/pheonix/ros2_ws/install/lifecycle_msgs/share/lifecycle_msgs/srv/GetAvailableTransitions.idl
[2.717s] -- Up-to-date: /home/pheonix/ros2_ws/install/lifecycle_msgs/share/lifecycle_msgs/srv/GetState.idl
[2.717s] -- Up-to-date: /home/pheonix/ros2_ws/install/lifecycle_msgs/share/lifecycle_msgs/msg/State.msg
[2.717s] -- Up-to-date: /home/pheonix/ros2_ws/install/lifecycle_msgs/share/lifecycle_msgs/msg/Transition.msg
[2.717s] -- Up-to-date: /home/pheonix/ros2_ws/install/lifecycle_msgs/share/lifecycle_msgs/msg/TransitionDescription.msg
[2.717s] -- Up-to-date: /home/pheonix/ros2_ws/install/lifecycle_msgs/share/lifecycle_msgs/msg/TransitionEvent.msg
[2.717s] -- Up-to-date: /home/pheonix/ros2_ws/install/lifecycle_msgs/share/lifecycle_msgs/srv/ChangeState.srv
[2.717s] -- Up-to-date: /home/pheonix/ros2_ws/install/lifecycle_msgs/share/lifecycle_msgs/srv/GetAvailableStates.srv
[2.717s] -- Up-to-date: /home/pheonix/ros2_ws/install/lifecycle_msgs/share/lifecycle_msgs/srv/GetAvailableTransitions.srv
[2.717s] -- Up-to-date: /home/pheonix/ros2_ws/install/lifecycle_msgs/share/lifecycle_msgs/srv/GetState.srv
[2.717s] -- Up-to-date: /home/pheonix/ros2_ws/install/lifecycle_msgs/share/ament_index/resource_index/package_run_dependencies/lifecycle_msgs
[2.717s] -- Up-to-date: /home/pheonix/ros2_ws/install/lifecycle_msgs/share/ament_index/resource_index/parent_prefix_path/lifecycle_msgs
[2.717s] -- Up-to-date: /home/pheonix/ros2_ws/install/lifecycle_msgs/share/lifecycle_msgs/environment/ament_prefix_path.sh
[2.717s] -- Up-to-date: /home/pheonix/ros2_ws/install/lifecycle_msgs/share/lifecycle_msgs/environment/ament_prefix_path.dsv
[2.717s] -- Up-to-date: /home/pheonix/ros2_ws/install/lifecycle_msgs/share/lifecycle_msgs/environment/path.sh
[2.718s] -- Up-to-date: /home/pheonix/ros2_ws/install/lifecycle_msgs/share/lifecycle_msgs/environment/path.dsv
[2.718s] -- Up-to-date: /home/pheonix/ros2_ws/install/lifecycle_msgs/share/lifecycle_msgs/local_setup.bash
[2.718s] -- Up-to-date: /home/pheonix/ros2_ws/install/lifecycle_msgs/share/lifecycle_msgs/local_setup.sh
[2.718s] -- Up-to-date: /home/pheonix/ros2_ws/install/lifecycle_msgs/share/lifecycle_msgs/local_setup.zsh
[2.718s] -- Up-to-date: /home/pheonix/ros2_ws/install/lifecycle_msgs/share/lifecycle_msgs/local_setup.dsv
[2.718s] -- Installing: /home/pheonix/ros2_ws/install/lifecycle_msgs/share/lifecycle_msgs/package.dsv
[2.720s] -- Up-to-date: /home/pheonix/ros2_ws/install/lifecycle_msgs/share/ament_index/resource_index/packages/lifecycle_msgs
[2.725s] -- Up-to-date: /home/pheonix/ros2_ws/install/lifecycle_msgs/share/lifecycle_msgs/cmake/export_lifecycle_msgs__rosidl_generator_cExport.cmake
[2.725s] -- Up-to-date: /home/pheonix/ros2_ws/install/lifecycle_msgs/share/lifecycle_msgs/cmake/export_lifecycle_msgs__rosidl_generator_cExport-noconfig.cmake
[2.728s] -- Up-to-date: /home/pheonix/ros2_ws/install/lifecycle_msgs/share/lifecycle_msgs/cmake/export_lifecycle_msgs__rosidl_typesupport_fastrtps_cExport.cmake
[2.729s] -- Up-to-date: /home/pheonix/ros2_ws/install/lifecycle_msgs/share/lifecycle_msgs/cmake/export_lifecycle_msgs__rosidl_typesupport_fastrtps_cExport-noconfig.cmake
[2.734s] -- Up-to-date: /home/pheonix/ros2_ws/install/lifecycle_msgs/share/lifecycle_msgs/cmake/lifecycle_msgs__rosidl_typesupport_introspection_cExport.cmake
[2.734s] -- Up-to-date: /home/pheonix/ros2_ws/install/lifecycle_msgs/share/lifecycle_msgs/cmake/lifecycle_msgs__rosidl_typesupport_introspection_cExport-noconfig.cmake
[2.736s] -- Up-to-date: /home/pheonix/ros2_ws/install/lifecycle_msgs/share/lifecycle_msgs/cmake/lifecycle_msgs__rosidl_typesupport_cExport.cmake
[2.736s] -- Up-to-date: /home/pheonix/ros2_ws/install/lifecycle_msgs/share/lifecycle_msgs/cmake/lifecycle_msgs__rosidl_typesupport_cExport-noconfig.cmake
[2.738s] -- Up-to-date: /home/pheonix/ros2_ws/install/lifecycle_msgs/share/lifecycle_msgs/cmake/export_lifecycle_msgs__rosidl_generator_cppExport.cmake
[2.742s] -- Up-to-date: /home/pheonix/ros2_ws/install/lifecycle_msgs/share/lifecycle_msgs/cmake/export_lifecycle_msgs__rosidl_typesupport_fastrtps_cppExport.cmake
[2.742s] -- Up-to-date: /home/pheonix/ros2_ws/install/lifecycle_msgs/share/lifecycle_msgs/cmake/export_lifecycle_msgs__rosidl_typesupport_fastrtps_cppExport-noconfig.cmake
[2.744s] -- Up-to-date: /home/pheonix/ros2_ws/install/lifecycle_msgs/share/lifecycle_msgs/cmake/lifecycle_msgs__rosidl_typesupport_introspection_cppExport.cmake
[2.744s] -- Up-to-date: /home/pheonix/ros2_ws/install/lifecycle_msgs/share/lifecycle_msgs/cmake/lifecycle_msgs__rosidl_typesupport_introspection_cppExport-noconfig.cmake
[2.745s] -- Up-to-date: /home/pheonix/ros2_ws/install/lifecycle_msgs/share/lifecycle_msgs/cmake/lifecycle_msgs__rosidl_typesupport_cppExport.cmake
[2.745s] -- Up-to-date: /home/pheonix/ros2_ws/install/lifecycle_msgs/share/lifecycle_msgs/cmake/lifecycle_msgs__rosidl_typesupport_cppExport-noconfig.cmake
[2.747s] -- Up-to-date: /home/pheonix/ros2_ws/install/lifecycle_msgs/share/lifecycle_msgs/cmake/export_lifecycle_msgs__rosidl_generator_pyExport.cmake
[2.747s] -- Up-to-date: /home/pheonix/ros2_ws/install/lifecycle_msgs/share/lifecycle_msgs/cmake/export_lifecycle_msgs__rosidl_generator_pyExport-noconfig.cmake
[2.747s] -- Up-to-date: /home/pheonix/ros2_ws/install/lifecycle_msgs/share/lifecycle_msgs/cmake/rosidl_cmake-extras.cmake
[2.747s] -- Up-to-date: /home/pheonix/ros2_ws/install/lifecycle_msgs/share/lifecycle_msgs/cmake/ament_cmake_export_dependencies-extras.cmake
[2.747s] -- Up-to-date: /home/pheonix/ros2_ws/install/lifecycle_msgs/share/lifecycle_msgs/cmake/ament_cmake_export_include_directories-extras.cmake
[2.747s] -- Up-to-date: /home/pheonix/ros2_ws/install/lifecycle_msgs/share/lifecycle_msgs/cmake/ament_cmake_export_libraries-extras.cmake
[2.747s] -- Up-to-date: /home/pheonix/ros2_ws/install/lifecycle_msgs/share/lifecycle_msgs/cmake/ament_cmake_export_targets-extras.cmake
[2.748s] -- Up-to-date: /home/pheonix/ros2_ws/install/lifecycle_msgs/share/lifecycle_msgs/cmake/rosidl_cmake_export_typesupport_targets-extras.cmake
[2.748s] -- Up-to-date: /home/pheonix/ros2_ws/install/lifecycle_msgs/share/lifecycle_msgs/cmake/rosidl_cmake_export_typesupport_libraries-extras.cmake
[2.748s] -- Up-to-date: /home/pheonix/ros2_ws/install/lifecycle_msgs/share/lifecycle_msgs/cmake/lifecycle_msgsConfig.cmake
[2.756s] -- Up-to-date: /home/pheonix/ros2_ws/install/lifecycle_msgs/share/lifecycle_msgs/cmake/lifecycle_msgsConfig-version.cmake
[2.756s] -- Up-to-date: /home/pheonix/ros2_ws/install/lifecycle_msgs/share/lifecycle_msgs/package.xml
[2.761s] Invoked command in '/home/pheonix/ros2_ws/build/lifecycle_msgs' returned '0': CMAKE_PREFIX_PATH=${CMAKE_PREFIX_PATH}:/opt/ros/jazzy DEBUGINFOD_URLS=https://debuginfod.ubuntu.com /usr/bin/cmake --install /home/pheonix/ros2_ws/build/lifecycle_msgs
