[0.039s] Invoking command in '/home/pheonix/ros2_ws/build/action_msgs': AMENT_PREFIX_PATH=/home/pheonix/ros2_ws/install/service_msgs:${AMENT_PREFIX_PATH} CMAKE_PREFIX_PATH=/home/pheonix/ros2_ws/install/service_msgs:/opt/ros/jazzy/opt/gz_sim_vendor:/opt/ros/jazzy/opt/gz_sensors_vendor:/opt/ros/jazzy/opt/gz_physics_vendor:/opt/ros/jazzy/opt/sdformat_vendor:/opt/ros/jazzy/opt/gz_gui_vendor:/opt/ros/jazzy/opt/gz_transport_vendor:/opt/ros/jazzy/opt/gz_rendering_vendor:/opt/ros/jazzy/opt/gz_plugin_vendor:/opt/ros/jazzy/opt/gz_fuel_tools_vendor:/opt/ros/jazzy/opt/gz_msgs_vendor:/opt/ros/jazzy/opt/gz_common_vendor:/opt/ros/jazzy/opt/gz_tools_vendor:/opt/ros/jazzy/opt/gz_ogre_next_vendor:/opt/ros/jazzy/opt/gz_dartsim_vendor:/home/pheonix/ros2_ws/install/turtlesim:/opt/ros/jazzy/opt/gz_math_vendor:/opt/ros/jazzy/opt/gz_utils_vendor:/opt/ros/jazzy/opt/gz_cmake_vendor:/opt/ros/jazzy DEBUGINFOD_URLS=https://debuginfod.ubuntu.com LD_LIBRARY_PATH=/home/pheonix/ros2_ws/install/service_msgs/lib:${LD_LIBRARY_PATH} PYTHONPATH=/home/pheonix/ros2_ws/install/service_msgs/lib/python3.12/site-packages:${PYTHONPATH} /usr/bin/cmake --build /home/pheonix/ros2_ws/build/action_msgs -- -j2 -l2
[0.161s] [  1%] Built target action_msgs__rosidl_generator_type_description
[0.247s] [  1%] Built target ament_cmake_python_copy_action_msgs
[0.302s] [  3%] Built target action_msgs__cpp
[0.372s] [ 25%] Built target action_msgs__rosidl_generator_c
[0.597s] running egg_info
[0.613s] writing action_msgs.egg-info/PKG-INFO
[0.614s] writing dependency_links to action_msgs.egg-info/dependency_links.txt
[0.614s] writing top-level names to action_msgs.egg-info/top_level.txt
[0.645s] reading manifest file 'action_msgs.egg-info/SOURCES.txt'
[0.645s] writing manifest file 'action_msgs.egg-info/SOURCES.txt'
[0.682s] [ 25%] Built target ament_cmake_python_build_action_msgs_egg
[0.727s] [ 34%] Built target action_msgs__rosidl_typesupport_cpp
[0.791s] [ 43%] Built target action_msgs__rosidl_typesupport_fastrtps_c
[0.848s] [ 53%] Built target action_msgs__rosidl_typesupport_fastrtps_cpp
[0.905s] [ 62%] Built target action_msgs__rosidl_typesupport_introspection_c
[0.947s] [ 71%] Built target action_msgs__rosidl_typesupport_c
[1.007s] [ 81%] Built target action_msgs__rosidl_typesupport_introspection_cpp
[1.062s] [ 81%] Built target action_msgs
[1.129s] [ 82%] Built target action_msgs__py
[1.182s] [ 90%] Built target action_msgs__rosidl_generator_py
[1.232s] [ 93%] Built target action_msgs_s__rosidl_typesupport_fastrtps_c
[1.291s] [ 96%] Built target action_msgs_s__rosidl_typesupport_introspection_c
[1.341s] [100%] Built target action_msgs_s__rosidl_typesupport_c
[1.356s] Invoked command in '/home/pheonix/ros2_ws/build/action_msgs' returned '0': AMENT_PREFIX_PATH=/home/pheonix/ros2_ws/install/service_msgs:${AMENT_PREFIX_PATH} CMAKE_PREFIX_PATH=/home/pheonix/ros2_ws/install/service_msgs:/opt/ros/jazzy/opt/gz_sim_vendor:/opt/ros/jazzy/opt/gz_sensors_vendor:/opt/ros/jazzy/opt/gz_physics_vendor:/opt/ros/jazzy/opt/sdformat_vendor:/opt/ros/jazzy/opt/gz_gui_vendor:/opt/ros/jazzy/opt/gz_transport_vendor:/opt/ros/jazzy/opt/gz_rendering_vendor:/opt/ros/jazzy/opt/gz_plugin_vendor:/opt/ros/jazzy/opt/gz_fuel_tools_vendor:/opt/ros/jazzy/opt/gz_msgs_vendor:/opt/ros/jazzy/opt/gz_common_vendor:/opt/ros/jazzy/opt/gz_tools_vendor:/opt/ros/jazzy/opt/gz_ogre_next_vendor:/opt/ros/jazzy/opt/gz_dartsim_vendor:/home/pheonix/ros2_ws/install/turtlesim:/opt/ros/jazzy/opt/gz_math_vendor:/opt/ros/jazzy/opt/gz_utils_vendor:/opt/ros/jazzy/opt/gz_cmake_vendor:/opt/ros/jazzy DEBUGINFOD_URLS=https://debuginfod.ubuntu.com LD_LIBRARY_PATH=/home/pheonix/ros2_ws/install/service_msgs/lib:${LD_LIBRARY_PATH} PYTHONPATH=/home/pheonix/ros2_ws/install/service_msgs/lib/python3.12/site-packages:${PYTHONPATH} /usr/bin/cmake --build /home/pheonix/ros2_ws/build/action_msgs -- -j2 -l2
[1.823s] Invoking command in '/home/pheonix/ros2_ws/build/action_msgs': AMENT_PREFIX_PATH=/home/pheonix/ros2_ws/install/service_msgs:${AMENT_PREFIX_PATH} CMAKE_PREFIX_PATH=/home/pheonix/ros2_ws/install/service_msgs:/opt/ros/jazzy/opt/gz_sim_vendor:/opt/ros/jazzy/opt/gz_sensors_vendor:/opt/ros/jazzy/opt/gz_physics_vendor:/opt/ros/jazzy/opt/sdformat_vendor:/opt/ros/jazzy/opt/gz_gui_vendor:/opt/ros/jazzy/opt/gz_transport_vendor:/opt/ros/jazzy/opt/gz_rendering_vendor:/opt/ros/jazzy/opt/gz_plugin_vendor:/opt/ros/jazzy/opt/gz_fuel_tools_vendor:/opt/ros/jazzy/opt/gz_msgs_vendor:/opt/ros/jazzy/opt/gz_common_vendor:/opt/ros/jazzy/opt/gz_tools_vendor:/opt/ros/jazzy/opt/gz_ogre_next_vendor:/opt/ros/jazzy/opt/gz_dartsim_vendor:/home/pheonix/ros2_ws/install/turtlesim:/opt/ros/jazzy/opt/gz_math_vendor:/opt/ros/jazzy/opt/gz_utils_vendor:/opt/ros/jazzy/opt/gz_cmake_vendor:/opt/ros/jazzy DEBUGINFOD_URLS=https://debuginfod.ubuntu.com LD_LIBRARY_PATH=/home/pheonix/ros2_ws/install/service_msgs/lib:${LD_LIBRARY_PATH} PYTHONPATH=/home/pheonix/ros2_ws/install/service_msgs/lib/python3.12/site-packages:${PYTHONPATH} /usr/bin/cmake --install /home/pheonix/ros2_ws/build/action_msgs
[1.843s] -- Install configuration: ""
[1.847s] -- Up-to-date: /home/pheonix/ros2_ws/install/action_msgs/share/ament_index/resource_index/rosidl_interfaces/action_msgs
[1.847s] -- Up-to-date: /home/pheonix/ros2_ws/install/action_msgs/share/action_msgs/msg/GoalInfo.json
[1.847s] -- Up-to-date: /home/pheonix/ros2_ws/install/action_msgs/share/action_msgs/msg/GoalStatus.json
[1.847s] -- Up-to-date: /home/pheonix/ros2_ws/install/action_msgs/share/action_msgs/msg/GoalStatusArray.json
[1.847s] -- Up-to-date: /home/pheonix/ros2_ws/install/action_msgs/share/action_msgs/srv/CancelGoal.json
[1.847s] -- Up-to-date: /home/pheonix/ros2_ws/install/action_msgs/include/action_msgs/action_msgs
[1.847s] -- Up-to-date: /home/pheonix/ros2_ws/install/action_msgs/include/action_msgs/action_msgs/msg
[1.847s] -- Up-to-date: /home/pheonix/ros2_ws/install/action_msgs/include/action_msgs/action_msgs/msg/goal_status.h
[1.847s] -- Up-to-date: /home/pheonix/ros2_ws/install/action_msgs/include/action_msgs/action_msgs/msg/rosidl_generator_c__visibility_control.h
[1.847s] -- Up-to-date: /home/pheonix/ros2_ws/install/action_msgs/include/action_msgs/action_msgs/msg/detail
[1.847s] -- Up-to-date: /home/pheonix/ros2_ws/install/action_msgs/include/action_msgs/action_msgs/msg/detail/goal_status__struct.h
[1.847s] -- Installing: /home/pheonix/ros2_ws/install/action_msgs/include/action_msgs/action_msgs/msg/detail/goal_info__type_support.c
[1.847s] -- Installing: /home/pheonix/ros2_ws/install/action_msgs/include/action_msgs/action_msgs/msg/detail/goal_status_array__type_support.c
[1.847s] -- Up-to-date: /home/pheonix/ros2_ws/install/action_msgs/include/action_msgs/action_msgs/msg/detail/goal_info__struct.h
[1.847s] -- Up-to-date: /home/pheonix/ros2_ws/install/action_msgs/include/action_msgs/action_msgs/msg/detail/goal_status_array__description.c
[1.847s] -- Up-to-date: /home/pheonix/ros2_ws/install/action_msgs/include/action_msgs/action_msgs/msg/detail/goal_status_array__type_support.h
[1.847s] -- Up-to-date: /home/pheonix/ros2_ws/install/action_msgs/include/action_msgs/action_msgs/msg/detail/goal_info__description.c
[1.847s] -- Up-to-date: /home/pheonix/ros2_ws/install/action_msgs/include/action_msgs/action_msgs/msg/detail/goal_status_array__functions.c
[1.848s] -- Up-to-date: /home/pheonix/ros2_ws/install/action_msgs/include/action_msgs/action_msgs/msg/detail/goal_info__type_support.h
[1.848s] -- Up-to-date: /home/pheonix/ros2_ws/install/action_msgs/include/action_msgs/action_msgs/msg/detail/goal_status_array__struct.h
[1.848s] -- Up-to-date: /home/pheonix/ros2_ws/install/action_msgs/include/action_msgs/action_msgs/msg/detail/goal_info__functions.h
[1.848s] -- Installing: /home/pheonix/ros2_ws/install/action_msgs/include/action_msgs/action_msgs/msg/detail/goal_status__type_support.c
[1.848s] -- Up-to-date: /home/pheonix/ros2_ws/install/action_msgs/include/action_msgs/action_msgs/msg/detail/goal_status__type_support.h
[1.848s] -- Up-to-date: /home/pheonix/ros2_ws/install/action_msgs/include/action_msgs/action_msgs/msg/detail/goal_status__functions.c
[1.848s] -- Up-to-date: /home/pheonix/ros2_ws/install/action_msgs/include/action_msgs/action_msgs/msg/detail/goal_info__functions.c
[1.848s] -- Up-to-date: /home/pheonix/ros2_ws/install/action_msgs/include/action_msgs/action_msgs/msg/detail/goal_status__functions.h
[1.848s] -- Up-to-date: /home/pheonix/ros2_ws/install/action_msgs/include/action_msgs/action_msgs/msg/detail/goal_status__description.c
[1.848s] -- Up-to-date: /home/pheonix/ros2_ws/install/action_msgs/include/action_msgs/action_msgs/msg/detail/goal_status_array__functions.h
[1.848s] -- Up-to-date: /home/pheonix/ros2_ws/install/action_msgs/include/action_msgs/action_msgs/msg/goal_info.h
[1.848s] -- Up-to-date: /home/pheonix/ros2_ws/install/action_msgs/include/action_msgs/action_msgs/msg/goal_status_array.h
[1.848s] -- Up-to-date: /home/pheonix/ros2_ws/install/action_msgs/include/action_msgs/action_msgs/srv
[1.848s] -- Up-to-date: /home/pheonix/ros2_ws/install/action_msgs/include/action_msgs/action_msgs/srv/cancel_goal.h
[1.848s] -- Up-to-date: /home/pheonix/ros2_ws/install/action_msgs/include/action_msgs/action_msgs/srv/detail
[1.848s] -- Up-to-date: /home/pheonix/ros2_ws/install/action_msgs/include/action_msgs/action_msgs/srv/detail/cancel_goal__description.c
[1.848s] -- Installing: /home/pheonix/ros2_ws/install/action_msgs/include/action_msgs/action_msgs/srv/detail/cancel_goal__type_support.c
[1.848s] -- Up-to-date: /home/pheonix/ros2_ws/install/action_msgs/include/action_msgs/action_msgs/srv/detail/cancel_goal__struct.h
[1.848s] -- Up-to-date: /home/pheonix/ros2_ws/install/action_msgs/include/action_msgs/action_msgs/srv/detail/cancel_goal__type_support.h
[1.848s] -- Up-to-date: /home/pheonix/ros2_ws/install/action_msgs/include/action_msgs/action_msgs/srv/detail/cancel_goal__functions.c
[1.848s] -- Up-to-date: /home/pheonix/ros2_ws/install/action_msgs/include/action_msgs/action_msgs/srv/detail/cancel_goal__functions.h
[1.848s] -- Up-to-date: /home/pheonix/ros2_ws/install/action_msgs/share/action_msgs/environment/library_path.sh
[1.848s] -- Up-to-date: /home/pheonix/ros2_ws/install/action_msgs/share/action_msgs/environment/library_path.dsv
[1.850s] -- Up-to-date: /home/pheonix/ros2_ws/install/action_msgs/lib/libaction_msgs__rosidl_generator_c.so
[1.850s] -- Up-to-date: /home/pheonix/ros2_ws/install/action_msgs/include/action_msgs/action_msgs
[1.850s] -- Up-to-date: /home/pheonix/ros2_ws/install/action_msgs/include/action_msgs/action_msgs/msg
[1.850s] -- Up-to-date: /home/pheonix/ros2_ws/install/action_msgs/include/action_msgs/action_msgs/msg/rosidl_typesupport_fastrtps_c__visibility_control.h
[1.850s] -- Up-to-date: /home/pheonix/ros2_ws/install/action_msgs/include/action_msgs/action_msgs/msg/detail
[1.850s] -- Up-to-date: /home/pheonix/ros2_ws/install/action_msgs/include/action_msgs/action_msgs/msg/detail/goal_status_array__rosidl_typesupport_fastrtps_c.h
[1.850s] -- Up-to-date: /home/pheonix/ros2_ws/install/action_msgs/include/action_msgs/action_msgs/msg/detail/goal_info__rosidl_typesupport_fastrtps_c.h
[1.850s] -- Up-to-date: /home/pheonix/ros2_ws/install/action_msgs/include/action_msgs/action_msgs/msg/detail/goal_status__rosidl_typesupport_fastrtps_c.h
[1.850s] -- Up-to-date: /home/pheonix/ros2_ws/install/action_msgs/include/action_msgs/action_msgs/srv
[1.854s] -- Up-to-date: /home/pheonix/ros2_ws/install/action_msgs/include/action_msgs/action_msgs/srv/detail
[1.854s] -- Up-to-date: /home/pheonix/ros2_ws/install/action_msgs/include/action_msgs/action_msgs/srv/detail/cancel_goal__rosidl_typesupport_fastrtps_c.h
[1.854s] -- Up-to-date: /home/pheonix/ros2_ws/install/action_msgs/lib/libaction_msgs__rosidl_typesupport_fastrtps_c.so
[1.854s] -- Up-to-date: /home/pheonix/ros2_ws/install/action_msgs/include/action_msgs/action_msgs
[1.854s] -- Up-to-date: /home/pheonix/ros2_ws/install/action_msgs/include/action_msgs/action_msgs/msg
[1.855s] -- Up-to-date: /home/pheonix/ros2_ws/install/action_msgs/include/action_msgs/action_msgs/msg/rosidl_generator_cpp__visibility_control.hpp
[1.855s] -- Up-to-date: /home/pheonix/ros2_ws/install/action_msgs/include/action_msgs/action_msgs/msg/detail
[1.855s] -- Up-to-date: /home/pheonix/ros2_ws/install/action_msgs/include/action_msgs/action_msgs/msg/detail/goal_status_array__type_support.hpp
[1.855s] -- Up-to-date: /home/pheonix/ros2_ws/install/action_msgs/include/action_msgs/action_msgs/msg/detail/goal_info__type_support.hpp
[1.855s] -- Up-to-date: /home/pheonix/ros2_ws/install/action_msgs/include/action_msgs/action_msgs/msg/detail/goal_status_array__builder.hpp
[1.855s] -- Up-to-date: /home/pheonix/ros2_ws/install/action_msgs/include/action_msgs/action_msgs/msg/detail/goal_status__builder.hpp
[1.855s] -- Up-to-date: /home/pheonix/ros2_ws/install/action_msgs/include/action_msgs/action_msgs/msg/detail/goal_status_array__traits.hpp
[1.855s] -- Up-to-date: /home/pheonix/ros2_ws/install/action_msgs/include/action_msgs/action_msgs/msg/detail/goal_status__struct.hpp
[1.855s] -- Up-to-date: /home/pheonix/ros2_ws/install/action_msgs/include/action_msgs/action_msgs/msg/detail/goal_status__type_support.hpp
[1.855s] -- Up-to-date: /home/pheonix/ros2_ws/install/action_msgs/include/action_msgs/action_msgs/msg/detail/goal_info__traits.hpp
[1.855s] -- Up-to-date: /home/pheonix/ros2_ws/install/action_msgs/include/action_msgs/action_msgs/msg/detail/goal_info__struct.hpp
[1.855s] -- Up-to-date: /home/pheonix/ros2_ws/install/action_msgs/include/action_msgs/action_msgs/msg/detail/goal_status__traits.hpp
[1.855s] -- Up-to-date: /home/pheonix/ros2_ws/install/action_msgs/include/action_msgs/action_msgs/msg/detail/goal_status_array__struct.hpp
[1.855s] -- Up-to-date: /home/pheonix/ros2_ws/install/action_msgs/include/action_msgs/action_msgs/msg/detail/goal_info__builder.hpp
[1.855s] -- Up-to-date: /home/pheonix/ros2_ws/install/action_msgs/include/action_msgs/action_msgs/msg/goal_status_array.hpp
[1.855s] -- Up-to-date: /home/pheonix/ros2_ws/install/action_msgs/include/action_msgs/action_msgs/msg/goal_status.hpp
[1.855s] -- Up-to-date: /home/pheonix/ros2_ws/install/action_msgs/include/action_msgs/action_msgs/msg/goal_info.hpp
[1.855s] -- Up-to-date: /home/pheonix/ros2_ws/install/action_msgs/include/action_msgs/action_msgs/srv
[1.855s] -- Up-to-date: /home/pheonix/ros2_ws/install/action_msgs/include/action_msgs/action_msgs/srv/cancel_goal.hpp
[1.855s] -- Up-to-date: /home/pheonix/ros2_ws/install/action_msgs/include/action_msgs/action_msgs/srv/detail
[1.855s] -- Up-to-date: /home/pheonix/ros2_ws/install/action_msgs/include/action_msgs/action_msgs/srv/detail/cancel_goal__traits.hpp
[1.855s] -- Up-to-date: /home/pheonix/ros2_ws/install/action_msgs/include/action_msgs/action_msgs/srv/detail/cancel_goal__type_support.hpp
[1.855s] -- Up-to-date: /home/pheonix/ros2_ws/install/action_msgs/include/action_msgs/action_msgs/srv/detail/cancel_goal__struct.hpp
[1.855s] -- Up-to-date: /home/pheonix/ros2_ws/install/action_msgs/include/action_msgs/action_msgs/srv/detail/cancel_goal__builder.hpp
[1.855s] -- Up-to-date: /home/pheonix/ros2_ws/install/action_msgs/include/action_msgs/action_msgs
[1.855s] -- Up-to-date: /home/pheonix/ros2_ws/install/action_msgs/include/action_msgs/action_msgs/msg
[1.855s] -- Up-to-date: /home/pheonix/ros2_ws/install/action_msgs/include/action_msgs/action_msgs/msg/detail
[1.855s] -- Up-to-date: /home/pheonix/ros2_ws/install/action_msgs/include/action_msgs/action_msgs/msg/detail/dds_fastrtps
[1.855s] -- Up-to-date: /home/pheonix/ros2_ws/install/action_msgs/include/action_msgs/action_msgs/msg/detail/goal_info__rosidl_typesupport_fastrtps_cpp.hpp
[1.855s] -- Up-to-date: /home/pheonix/ros2_ws/install/action_msgs/include/action_msgs/action_msgs/msg/detail/goal_status_array__rosidl_typesupport_fastrtps_cpp.hpp
[1.855s] -- Up-to-date: /home/pheonix/ros2_ws/install/action_msgs/include/action_msgs/action_msgs/msg/detail/goal_status__rosidl_typesupport_fastrtps_cpp.hpp
[1.855s] -- Up-to-date: /home/pheonix/ros2_ws/install/action_msgs/include/action_msgs/action_msgs/msg/rosidl_typesupport_fastrtps_cpp__visibility_control.h
[1.855s] -- Up-to-date: /home/pheonix/ros2_ws/install/action_msgs/include/action_msgs/action_msgs/srv
[1.856s] -- Up-to-date: /home/pheonix/ros2_ws/install/action_msgs/include/action_msgs/action_msgs/srv/detail
[1.856s] -- Up-to-date: /home/pheonix/ros2_ws/install/action_msgs/include/action_msgs/action_msgs/srv/detail/dds_fastrtps
[1.856s] -- Up-to-date: /home/pheonix/ros2_ws/install/action_msgs/include/action_msgs/action_msgs/srv/detail/cancel_goal__rosidl_typesupport_fastrtps_cpp.hpp
[1.856s] -- Up-to-date: /home/pheonix/ros2_ws/install/action_msgs/lib/libaction_msgs__rosidl_typesupport_fastrtps_cpp.so
[1.856s] -- Up-to-date: /home/pheonix/ros2_ws/install/action_msgs/include/action_msgs/action_msgs
[1.856s] -- Up-to-date: /home/pheonix/ros2_ws/install/action_msgs/include/action_msgs/action_msgs/msg
[1.856s] -- Up-to-date: /home/pheonix/ros2_ws/install/action_msgs/include/action_msgs/action_msgs/msg/detail
[1.856s] -- Installing: /home/pheonix/ros2_ws/install/action_msgs/include/action_msgs/action_msgs/msg/detail/goal_info__type_support.c
[1.856s] -- Installing: /home/pheonix/ros2_ws/install/action_msgs/include/action_msgs/action_msgs/msg/detail/goal_status_array__type_support.c
[1.856s] -- Up-to-date: /home/pheonix/ros2_ws/install/action_msgs/include/action_msgs/action_msgs/msg/detail/goal_info__rosidl_typesupport_introspection_c.h
[1.861s] -- Up-to-date: /home/pheonix/ros2_ws/install/action_msgs/include/action_msgs/action_msgs/msg/detail/goal_status_array__rosidl_typesupport_introspection_c.h
[1.864s] -- Installing: /home/pheonix/ros2_ws/install/action_msgs/include/action_msgs/action_msgs/msg/detail/goal_status__type_support.c
[1.864s] -- Up-to-date: /home/pheonix/ros2_ws/install/action_msgs/include/action_msgs/action_msgs/msg/detail/goal_status__rosidl_typesupport_introspection_c.h
[1.864s] -- Up-to-date: /home/pheonix/ros2_ws/install/action_msgs/include/action_msgs/action_msgs/msg/rosidl_typesupport_introspection_c__visibility_control.h
[1.864s] -- Up-to-date: /home/pheonix/ros2_ws/install/action_msgs/include/action_msgs/action_msgs/srv
[1.864s] -- Up-to-date: /home/pheonix/ros2_ws/install/action_msgs/include/action_msgs/action_msgs/srv/detail
[1.864s] -- Up-to-date: /home/pheonix/ros2_ws/install/action_msgs/include/action_msgs/action_msgs/srv/detail/cancel_goal__rosidl_typesupport_introspection_c.h
[1.864s] -- Installing: /home/pheonix/ros2_ws/install/action_msgs/include/action_msgs/action_msgs/srv/detail/cancel_goal__type_support.c
[1.864s] -- Up-to-date: /home/pheonix/ros2_ws/install/action_msgs/lib/libaction_msgs__rosidl_typesupport_introspection_c.so
[1.864s] -- Up-to-date: /home/pheonix/ros2_ws/install/action_msgs/lib/libaction_msgs__rosidl_typesupport_c.so
[1.864s] -- Up-to-date: /home/pheonix/ros2_ws/install/action_msgs/include/action_msgs/action_msgs
[1.864s] -- Up-to-date: /home/pheonix/ros2_ws/install/action_msgs/include/action_msgs/action_msgs/msg
[1.864s] -- Up-to-date: /home/pheonix/ros2_ws/install/action_msgs/include/action_msgs/action_msgs/msg/detail
[1.864s] -- Up-to-date: /home/pheonix/ros2_ws/install/action_msgs/include/action_msgs/action_msgs/msg/detail/goal_info__type_support.cpp
[1.864s] -- Up-to-date: /home/pheonix/ros2_ws/install/action_msgs/include/action_msgs/action_msgs/msg/detail/goal_status_array__rosidl_typesupport_introspection_cpp.hpp
[1.864s] -- Up-to-date: /home/pheonix/ros2_ws/install/action_msgs/include/action_msgs/action_msgs/msg/detail/goal_status_array__type_support.cpp
[1.864s] -- Up-to-date: /home/pheonix/ros2_ws/install/action_msgs/include/action_msgs/action_msgs/msg/detail/goal_status__type_support.cpp
[1.864s] -- Up-to-date: /home/pheonix/ros2_ws/install/action_msgs/include/action_msgs/action_msgs/msg/detail/goal_info__rosidl_typesupport_introspection_cpp.hpp
[1.864s] -- Up-to-date: /home/pheonix/ros2_ws/install/action_msgs/include/action_msgs/action_msgs/msg/detail/goal_status__rosidl_typesupport_introspection_cpp.hpp
[1.864s] -- Up-to-date: /home/pheonix/ros2_ws/install/action_msgs/include/action_msgs/action_msgs/srv
[1.864s] -- Up-to-date: /home/pheonix/ros2_ws/install/action_msgs/include/action_msgs/action_msgs/srv/detail
[1.864s] -- Up-to-date: /home/pheonix/ros2_ws/install/action_msgs/include/action_msgs/action_msgs/srv/detail/cancel_goal__rosidl_typesupport_introspection_cpp.hpp
[1.864s] -- Up-to-date: /home/pheonix/ros2_ws/install/action_msgs/include/action_msgs/action_msgs/srv/detail/cancel_goal__type_support.cpp
[1.864s] -- Up-to-date: /home/pheonix/ros2_ws/install/action_msgs/lib/libaction_msgs__rosidl_typesupport_introspection_cpp.so
[1.864s] -- Up-to-date: /home/pheonix/ros2_ws/install/action_msgs/lib/libaction_msgs__rosidl_typesupport_cpp.so
[1.864s] -- Up-to-date: /home/pheonix/ros2_ws/install/action_msgs/share/action_msgs/environment/pythonpath.sh
[1.864s] -- Up-to-date: /home/pheonix/ros2_ws/install/action_msgs/share/action_msgs/environment/pythonpath.dsv
[1.865s] -- Up-to-date: /home/pheonix/ros2_ws/install/action_msgs/lib/python3.12/site-packages/action_msgs-2.2.0-py3.12.egg-info
[1.865s] -- Installing: /home/pheonix/ros2_ws/install/action_msgs/lib/python3.12/site-packages/action_msgs-2.2.0-py3.12.egg-info/SOURCES.txt
[1.865s] -- Installing: /home/pheonix/ros2_ws/install/action_msgs/lib/python3.12/site-packages/action_msgs-2.2.0-py3.12.egg-info/dependency_links.txt
[1.865s] -- Installing: /home/pheonix/ros2_ws/install/action_msgs/lib/python3.12/site-packages/action_msgs-2.2.0-py3.12.egg-info/PKG-INFO
[1.865s] -- Installing: /home/pheonix/ros2_ws/install/action_msgs/lib/python3.12/site-packages/action_msgs-2.2.0-py3.12.egg-info/top_level.txt
[1.865s] -- Up-to-date: /home/pheonix/ros2_ws/install/action_msgs/lib/python3.12/site-packages/action_msgs
[1.865s] -- Up-to-date: /home/pheonix/ros2_ws/install/action_msgs/lib/python3.12/site-packages/action_msgs/action_msgs_s__rosidl_typesupport_fastrtps_c.so
[1.865s] -- Up-to-date: /home/pheonix/ros2_ws/install/action_msgs/lib/python3.12/site-packages/action_msgs/action_msgs_s__rosidl_typesupport_introspection_c.so
[1.865s] -- Up-to-date: /home/pheonix/ros2_ws/install/action_msgs/lib/python3.12/site-packages/action_msgs/_action_msgs_s.ep.rosidl_typesupport_c.c
[1.865s] -- Up-to-date: /home/pheonix/ros2_ws/install/action_msgs/lib/python3.12/site-packages/action_msgs/_action_msgs_s.ep.rosidl_typesupport_introspection_c.c
[1.865s] -- Up-to-date: /home/pheonix/ros2_ws/install/action_msgs/lib/python3.12/site-packages/action_msgs/msg
[1.865s] -- Up-to-date: /home/pheonix/ros2_ws/install/action_msgs/lib/python3.12/site-packages/action_msgs/msg/_goal_status.py
[1.865s] -- Up-to-date: /home/pheonix/ros2_ws/install/action_msgs/lib/python3.12/site-packages/action_msgs/msg/_goal_info_s.c
[1.865s] -- Up-to-date: /home/pheonix/ros2_ws/install/action_msgs/lib/python3.12/site-packages/action_msgs/msg/_goal_status_array.py
[1.865s] -- Up-to-date: /home/pheonix/ros2_ws/install/action_msgs/lib/python3.12/site-packages/action_msgs/msg/_goal_status_s.c
[1.865s] -- Up-to-date: /home/pheonix/ros2_ws/install/action_msgs/lib/python3.12/site-packages/action_msgs/msg/_goal_info.py
[1.865s] -- Up-to-date: /home/pheonix/ros2_ws/install/action_msgs/lib/python3.12/site-packages/action_msgs/msg/__init__.py
[1.865s] -- Up-to-date: /home/pheonix/ros2_ws/install/action_msgs/lib/python3.12/site-packages/action_msgs/msg/_goal_status_array_s.c
[1.865s] -- Up-to-date: /home/pheonix/ros2_ws/install/action_msgs/lib/python3.12/site-packages/action_msgs/__init__.py
[1.865s] -- Up-to-date: /home/pheonix/ros2_ws/install/action_msgs/lib/python3.12/site-packages/action_msgs/action_msgs_s__rosidl_typesupport_c.so
[1.865s] -- Up-to-date: /home/pheonix/ros2_ws/install/action_msgs/lib/python3.12/site-packages/action_msgs/_action_msgs_s.ep.rosidl_typesupport_fastrtps_c.c
[1.866s] -- Up-to-date: /home/pheonix/ros2_ws/install/action_msgs/lib/python3.12/site-packages/action_msgs/srv
[1.866s] -- Up-to-date: /home/pheonix/ros2_ws/install/action_msgs/lib/python3.12/site-packages/action_msgs/srv/_cancel_goal.py
[1.866s] -- Up-to-date: /home/pheonix/ros2_ws/install/action_msgs/lib/python3.12/site-packages/action_msgs/srv/__init__.py
[1.866s] -- Up-to-date: /home/pheonix/ros2_ws/install/action_msgs/lib/python3.12/site-packages/action_msgs/srv/_cancel_goal_s.c
[1.930s] Listing '/home/pheonix/ros2_ws/install/action_msgs/lib/python3.12/site-packages/action_msgs'...
[1.930s] Listing '/home/pheonix/ros2_ws/install/action_msgs/lib/python3.12/site-packages/action_msgs/msg'...
[1.930s] Listing '/home/pheonix/ros2_ws/install/action_msgs/lib/python3.12/site-packages/action_msgs/srv'...
[1.930s] -- Up-to-date: /home/pheonix/ros2_ws/install/action_msgs/lib/python3.12/site-packages/action_msgs/action_msgs_s__rosidl_typesupport_fastrtps_c.so
[1.931s] -- Up-to-date: /home/pheonix/ros2_ws/install/action_msgs/lib/python3.12/site-packages/action_msgs/action_msgs_s__rosidl_typesupport_introspection_c.so
[1.931s] -- Up-to-date: /home/pheonix/ros2_ws/install/action_msgs/lib/python3.12/site-packages/action_msgs/action_msgs_s__rosidl_typesupport_c.so
[1.936s] -- Up-to-date: /home/pheonix/ros2_ws/install/action_msgs/lib/libaction_msgs__rosidl_generator_py.so
[1.937s] -- Up-to-date: /home/pheonix/ros2_ws/install/action_msgs/share/action_msgs/msg/GoalInfo.idl
[1.938s] -- Up-to-date: /home/pheonix/ros2_ws/install/action_msgs/share/action_msgs/msg/GoalStatus.idl
[1.939s] -- Up-to-date: /home/pheonix/ros2_ws/install/action_msgs/share/action_msgs/msg/GoalStatusArray.idl
[1.939s] -- Up-to-date: /home/pheonix/ros2_ws/install/action_msgs/share/action_msgs/srv/CancelGoal.idl
[1.939s] -- Up-to-date: /home/pheonix/ros2_ws/install/action_msgs/share/action_msgs/msg/GoalInfo.msg
[1.939s] -- Up-to-date: /home/pheonix/ros2_ws/install/action_msgs/share/action_msgs/msg/GoalStatus.msg
[1.939s] -- Up-to-date: /home/pheonix/ros2_ws/install/action_msgs/share/action_msgs/msg/GoalStatusArray.msg
[1.939s] -- Up-to-date: /home/pheonix/ros2_ws/install/action_msgs/share/action_msgs/srv/CancelGoal.srv
[1.939s] -- Up-to-date: /home/pheonix/ros2_ws/install/action_msgs/share/ament_index/resource_index/package_run_dependencies/action_msgs
[1.939s] -- Up-to-date: /home/pheonix/ros2_ws/install/action_msgs/share/ament_index/resource_index/parent_prefix_path/action_msgs
[1.939s] -- Up-to-date: /home/pheonix/ros2_ws/install/action_msgs/share/action_msgs/environment/ament_prefix_path.sh
[1.939s] -- Up-to-date: /home/pheonix/ros2_ws/install/action_msgs/share/action_msgs/environment/ament_prefix_path.dsv
[1.939s] -- Up-to-date: /home/pheonix/ros2_ws/install/action_msgs/share/action_msgs/environment/path.sh
[1.944s] -- Up-to-date: /home/pheonix/ros2_ws/install/action_msgs/share/action_msgs/environment/path.dsv
[1.944s] -- Up-to-date: /home/pheonix/ros2_ws/install/action_msgs/share/action_msgs/local_setup.bash
[1.944s] -- Up-to-date: /home/pheonix/ros2_ws/install/action_msgs/share/action_msgs/local_setup.sh
[1.944s] -- Up-to-date: /home/pheonix/ros2_ws/install/action_msgs/share/action_msgs/local_setup.zsh
[1.944s] -- Up-to-date: /home/pheonix/ros2_ws/install/action_msgs/share/action_msgs/local_setup.dsv
[1.944s] -- Installing: /home/pheonix/ros2_ws/install/action_msgs/share/action_msgs/package.dsv
[1.944s] -- Up-to-date: /home/pheonix/ros2_ws/install/action_msgs/share/ament_index/resource_index/packages/action_msgs
[1.944s] -- Up-to-date: /home/pheonix/ros2_ws/install/action_msgs/share/action_msgs/cmake/export_action_msgs__rosidl_generator_cExport.cmake
[1.944s] -- Up-to-date: /home/pheonix/ros2_ws/install/action_msgs/share/action_msgs/cmake/export_action_msgs__rosidl_generator_cExport-noconfig.cmake
[1.944s] -- Up-to-date: /home/pheonix/ros2_ws/install/action_msgs/share/action_msgs/cmake/export_action_msgs__rosidl_typesupport_fastrtps_cExport.cmake
[1.944s] -- Up-to-date: /home/pheonix/ros2_ws/install/action_msgs/share/action_msgs/cmake/export_action_msgs__rosidl_typesupport_fastrtps_cExport-noconfig.cmake
[1.944s] -- Up-to-date: /home/pheonix/ros2_ws/install/action_msgs/share/action_msgs/cmake/export_action_msgs__rosidl_generator_cppExport.cmake
[1.944s] -- Up-to-date: /home/pheonix/ros2_ws/install/action_msgs/share/action_msgs/cmake/export_action_msgs__rosidl_typesupport_fastrtps_cppExport.cmake
[1.944s] -- Up-to-date: /home/pheonix/ros2_ws/install/action_msgs/share/action_msgs/cmake/export_action_msgs__rosidl_typesupport_fastrtps_cppExport-noconfig.cmake
[1.944s] -- Up-to-date: /home/pheonix/ros2_ws/install/action_msgs/share/action_msgs/cmake/action_msgs__rosidl_typesupport_introspection_cExport.cmake
[1.944s] -- Up-to-date: /home/pheonix/ros2_ws/install/action_msgs/share/action_msgs/cmake/action_msgs__rosidl_typesupport_introspection_cExport-noconfig.cmake
[1.944s] -- Up-to-date: /home/pheonix/ros2_ws/install/action_msgs/share/action_msgs/cmake/action_msgs__rosidl_typesupport_cExport.cmake
[1.944s] -- Up-to-date: /home/pheonix/ros2_ws/install/action_msgs/share/action_msgs/cmake/action_msgs__rosidl_typesupport_cExport-noconfig.cmake
[1.944s] -- Up-to-date: /home/pheonix/ros2_ws/install/action_msgs/share/action_msgs/cmake/action_msgs__rosidl_typesupport_introspection_cppExport.cmake
[1.944s] -- Up-to-date: /home/pheonix/ros2_ws/install/action_msgs/share/action_msgs/cmake/action_msgs__rosidl_typesupport_introspection_cppExport-noconfig.cmake
[1.945s] -- Up-to-date: /home/pheonix/ros2_ws/install/action_msgs/share/action_msgs/cmake/action_msgs__rosidl_typesupport_cppExport.cmake
[1.945s] -- Up-to-date: /home/pheonix/ros2_ws/install/action_msgs/share/action_msgs/cmake/action_msgs__rosidl_typesupport_cppExport-noconfig.cmake
[1.945s] -- Up-to-date: /home/pheonix/ros2_ws/install/action_msgs/share/action_msgs/cmake/export_action_msgs__rosidl_generator_pyExport.cmake
[1.945s] -- Up-to-date: /home/pheonix/ros2_ws/install/action_msgs/share/action_msgs/cmake/export_action_msgs__rosidl_generator_pyExport-noconfig.cmake
[1.945s] -- Up-to-date: /home/pheonix/ros2_ws/install/action_msgs/share/action_msgs/cmake/rosidl_cmake-extras.cmake
[1.945s] -- Up-to-date: /home/pheonix/ros2_ws/install/action_msgs/share/action_msgs/cmake/ament_cmake_export_dependencies-extras.cmake
[1.945s] -- Up-to-date: /home/pheonix/ros2_ws/install/action_msgs/share/action_msgs/cmake/ament_cmake_export_include_directories-extras.cmake
[1.945s] -- Up-to-date: /home/pheonix/ros2_ws/install/action_msgs/share/action_msgs/cmake/ament_cmake_export_libraries-extras.cmake
[1.945s] -- Up-to-date: /home/pheonix/ros2_ws/install/action_msgs/share/action_msgs/cmake/ament_cmake_export_targets-extras.cmake
[1.945s] -- Up-to-date: /home/pheonix/ros2_ws/install/action_msgs/share/action_msgs/cmake/rosidl_cmake_export_typesupport_targets-extras.cmake
[1.945s] -- Up-to-date: /home/pheonix/ros2_ws/install/action_msgs/share/action_msgs/cmake/rosidl_cmake_export_typesupport_libraries-extras.cmake
[1.945s] -- Up-to-date: /home/pheonix/ros2_ws/install/action_msgs/share/action_msgs/cmake/action_msgsConfig.cmake
[1.945s] -- Up-to-date: /home/pheonix/ros2_ws/install/action_msgs/share/action_msgs/cmake/action_msgsConfig-version.cmake
[1.945s] -- Up-to-date: /home/pheonix/ros2_ws/install/action_msgs/share/action_msgs/package.xml
[1.951s] Invoked command in '/home/pheonix/ros2_ws/build/action_msgs' returned '0': AMENT_PREFIX_PATH=/home/pheonix/ros2_ws/install/service_msgs:${AMENT_PREFIX_PATH} CMAKE_PREFIX_PATH=/home/pheonix/ros2_ws/install/service_msgs:/opt/ros/jazzy/opt/gz_sim_vendor:/opt/ros/jazzy/opt/gz_sensors_vendor:/opt/ros/jazzy/opt/gz_physics_vendor:/opt/ros/jazzy/opt/sdformat_vendor:/opt/ros/jazzy/opt/gz_gui_vendor:/opt/ros/jazzy/opt/gz_transport_vendor:/opt/ros/jazzy/opt/gz_rendering_vendor:/opt/ros/jazzy/opt/gz_plugin_vendor:/opt/ros/jazzy/opt/gz_fuel_tools_vendor:/opt/ros/jazzy/opt/gz_msgs_vendor:/opt/ros/jazzy/opt/gz_common_vendor:/opt/ros/jazzy/opt/gz_tools_vendor:/opt/ros/jazzy/opt/gz_ogre_next_vendor:/opt/ros/jazzy/opt/gz_dartsim_vendor:/home/pheonix/ros2_ws/install/turtlesim:/opt/ros/jazzy/opt/gz_math_vendor:/opt/ros/jazzy/opt/gz_utils_vendor:/opt/ros/jazzy/opt/gz_cmake_vendor:/opt/ros/jazzy DEBUGINFOD_URLS=https://debuginfod.ubuntu.com LD_LIBRARY_PATH=/home/pheonix/ros2_ws/install/service_msgs/lib:${LD_LIBRARY_PATH} PYTHONPATH=/home/pheonix/ros2_ws/install/service_msgs/lib/python3.12/site-packages:${PYTHONPATH} /usr/bin/cmake --install /home/pheonix/ros2_ws/build/action_msgs
