[0.171s] Invoking command in '/home/pheonix/ros2_ws/build/spacenav_node': DEBUGINFOD_URLS=https://debuginfod.ubuntu.com /usr/bin/cmake /home/pheonix/ros2_ws/src/joystick_drivers/spacenav_node -DCATKIN_INSTALL_INTO_PREFIX_ROOT=0 -DCMAKE_INSTALL_PREFIX=/home/pheonix/ros2_ws/install/spacenav_node
[0.443s] -- The C compiler identification is GNU 13.2.0
[0.676s] -- The CXX compiler identification is GNU 13.2.0
[0.728s] -- Detecting C compiler ABI info
[0.873s] -- Detecting C compiler ABI info - done
[0.882s] -- Check for working C compiler: /usr/bin/cc - skipped
[0.883s] -- Detecting C compile features
[0.884s] -- Detecting C compile features - done
[0.902s] -- Detecting CXX compiler ABI info
[1.067s] -- Detecting CXX compiler ABI info - done
[1.072s] -- Check for working CXX compiler: /usr/bin/c++ - skipped
[1.072s] -- Detecting CXX compile features
[1.073s] -- Detecting CXX compile features - done
[1.112s] [31mCMake Error at CMakeLists.txt:6 (find_package):
[1.112s]   By not providing "Findcatkin.cmake" in CMAKE_MODULE_PATH this project has
[1.112s]   asked CMake to find a package configuration file provided by "catkin", but
[1.112s]   CMake did not find one.
[1.112s] 
[1.112s]   Could not find a package configuration file provided by "catkin" with any
[1.112s]   of the following names:
[1.112s] 
[1.112s]     catkinConfig.cmake
[1.113s]     catkin-config.cmake
[1.113s] 
[1.113s]   Add the installation prefix of "catkin" to CMAKE_PREFIX_PATH or set
[1.113s]   "catkin_DIR" to a directory containing one of the above files.  If "catkin"
[1.113s]   provides a separate development package or SDK, be sure it has been
[1.113s]   installed.
[1.113s] 
[1.113s] [0m
[1.114s] -- Configuring incomplete, errors occurred!
[1.122s] Invoked command in '/home/pheonix/ros2_ws/build/spacenav_node' returned '1': DEBUGINFOD_URLS=https://debuginfod.ubuntu.com /usr/bin/cmake /home/pheonix/ros2_ws/src/joystick_drivers/spacenav_node -DCATKIN_INSTALL_INTO_PREFIX_ROOT=0 -DCMAKE_INSTALL_PREFIX=/home/pheonix/ros2_ws/install/spacenav_node
