-- The C compiler identification is GNU 13.2.0
-- The CXX compiler identification is GNU 13.2.0
-- Detecting C compiler ABI info
-- Detecting C compiler ABI info - done
-- Check for working C compiler: /usr/bin/cc - skipped
-- Detecting C compile features
-- Detecting C compile features - done
-- Detecting CXX compiler ABI info
-- Detecting CXX compiler ABI info - done
-- Check for working CXX compiler: /usr/bin/c++ - skipped
-- Detecting CXX compile features
-- Detecting CXX compile features - done
-- Found ament_cmake: 2.5.2 (/opt/ros/jazzy/share/ament_cmake/cmake)
-- Found Python3: /usr/bin/python3 (found version "3.12.3") found components: Interpreter 
-- Found rosidl_default_generators: 1.6.0 (/opt/ros/jazzy/share/rosidl_default_generators/cmake)
-- Using all available rosidl_typesupport_c: rosidl_typesupport_fastrtps_c;rosidl_typesupport_introspection_c
-- Using all available rosidl_typesupport_cpp: rosidl_typesupport_fastrtps_cpp;rosidl_typesupport_introspection_cpp
-- Found rosidl_adapter: 4.6.3 (/opt/ros/jazzy/share/rosidl_adapter/cmake)
-- Found rcl_interfaces: 2.2.0 (/home/pheonix/ros2_ws/install/rcl_interfaces/share/rcl_interfaces/cmake)
-- Found ament_cmake_cppcheck: 0.17.1 (/opt/ros/jazzy/share/ament_cmake_cppcheck/cmake)
-- Found ament_cmake_cpplint: 0.17.1 (/opt/ros/jazzy/share/ament_cmake_cpplint/cmake)
-- Found ament_cmake_uncrustify: 0.17.1 (/opt/ros/jazzy/share/ament_cmake_uncrustify/cmake)
-- Found ament_cmake_ros: 0.12.0 (/opt/ros/jazzy/share/ament_cmake_ros/cmake)
-- Using all available rosidl_typesupport_c: rosidl_typesupport_fastrtps_c;rosidl_typesupport_introspection_c
-- Using all available rosidl_typesupport_cpp: rosidl_typesupport_fastrtps_cpp;rosidl_typesupport_introspection_cpp
-- Found python_cmake_module: 0.11.1 (/opt/ros/jazzy/share/python_cmake_module/cmake)
-- Found PythonExtra: /usr/bin/python3  
-- Found Python3: /usr/bin/python3 (found version "3.12.3") found components: Interpreter Development NumPy Development.Module Development.Embed 
-- Found ament_cmake_flake8: 0.17.1 (/opt/ros/jazzy/share/ament_cmake_flake8/cmake)
-- Found ament_cmake_pep257: 0.17.1 (/opt/ros/jazzy/share/ament_cmake_pep257/cmake)
-- Configuring done (7.9s)
-- Generating done (0.1s)
-- Build files have been written to: /home/pheonix/ros2_ws/build/composition_interfaces
[  1%] [34m[1mGenerating type hashes for ROS interfaces[0m
[  1%] Built target composition_interfaces__rosidl_generator_type_description
[  1%] Built target ament_cmake_python_copy_composition_interfaces
[  3%] [34m[1mGenerating C++ code for ROS interfaces[0m
[  3%] Built target composition_interfaces__cpp
[  5%] [34m[1mGenerating C code for ROS interfaces[0m
[  7%] [32mBuilding C object CMakeFiles/composition_interfaces__rosidl_generator_c.dir/rosidl_generator_c/composition_interfaces/srv/detail/load_node__description.c.o[0m
[  9%] [32mBuilding C object CMakeFiles/composition_interfaces__rosidl_generator_c.dir/rosidl_generator_c/composition_interfaces/srv/detail/load_node__functions.c.o[0m
[ 11%] [32mBuilding C object CMakeFiles/composition_interfaces__rosidl_generator_c.dir/rosidl_generator_c/composition_interfaces/srv/detail/load_node__type_support.c.o[0m
[ 12%] [32mBuilding C object CMakeFiles/composition_interfaces__rosidl_generator_c.dir/rosidl_generator_c/composition_interfaces/srv/detail/list_nodes__description.c.o[0m
[ 14%] [32mBuilding C object CMakeFiles/composition_interfaces__rosidl_generator_c.dir/rosidl_generator_c/composition_interfaces/srv/detail/list_nodes__functions.c.o[0m
[ 16%] [32mBuilding C object CMakeFiles/composition_interfaces__rosidl_generator_c.dir/rosidl_generator_c/composition_interfaces/srv/detail/list_nodes__type_support.c.o[0m
[ 18%] [32mBuilding C object CMakeFiles/composition_interfaces__rosidl_generator_c.dir/rosidl_generator_c/composition_interfaces/srv/detail/unload_node__description.c.o[0m
[ 20%] [32mBuilding C object CMakeFiles/composition_interfaces__rosidl_generator_c.dir/rosidl_generator_c/composition_interfaces/srv/detail/unload_node__functions.c.o[0m
[ 22%] [32mBuilding C object CMakeFiles/composition_interfaces__rosidl_generator_c.dir/rosidl_generator_c/composition_interfaces/srv/detail/unload_node__type_support.c.o[0m
[ 24%] [32m[1mLinking C shared library libcomposition_interfaces__rosidl_generator_c.so[0m
[ 24%] Built target composition_interfaces__rosidl_generator_c
running egg_info
creating composition_interfaces.egg-info
writing composition_interfaces.egg-info/PKG-INFO
writing dependency_links to composition_interfaces.egg-info/dependency_links.txt
writing top-level names to composition_interfaces.egg-info/top_level.txt
writing manifest file 'composition_interfaces.egg-info/SOURCES.txt'
reading manifest file 'composition_interfaces.egg-info/SOURCES.txt'
writing manifest file 'composition_interfaces.egg-info/SOURCES.txt'
[ 24%] Built target ament_cmake_python_build_composition_interfaces_egg
[ 25%] [34m[1mGenerating C++ type support dispatch for ROS interfaces[0m
[ 27%] [32mBuilding CXX object CMakeFiles/composition_interfaces__rosidl_typesupport_cpp.dir/rosidl_typesupport_cpp/composition_interfaces/srv/load_node__type_support.cpp.o[0m
[ 29%] [32mBuilding CXX object CMakeFiles/composition_interfaces__rosidl_typesupport_cpp.dir/rosidl_typesupport_cpp/composition_interfaces/srv/list_nodes__type_support.cpp.o[0m
[ 31%] [32mBuilding CXX object CMakeFiles/composition_interfaces__rosidl_typesupport_cpp.dir/rosidl_typesupport_cpp/composition_interfaces/srv/unload_node__type_support.cpp.o[0m
[ 33%] [32m[1mLinking CXX shared library libcomposition_interfaces__rosidl_typesupport_cpp.so[0m
[ 33%] Built target composition_interfaces__rosidl_typesupport_cpp
[ 35%] [34m[1mGenerating C type support for eProsima Fast-RTPS[0m
[ 37%] [32mBuilding CXX object CMakeFiles/composition_interfaces__rosidl_typesupport_fastrtps_c.dir/rosidl_typesupport_fastrtps_c/composition_interfaces/srv/detail/load_node__type_support_c.cpp.o[0m
[ 38%] [32mBuilding CXX object CMakeFiles/composition_interfaces__rosidl_typesupport_fastrtps_c.dir/rosidl_typesupport_fastrtps_c/composition_interfaces/srv/detail/list_nodes__type_support_c.cpp.o[0m
[ 40%] [32mBuilding CXX object CMakeFiles/composition_interfaces__rosidl_typesupport_fastrtps_c.dir/rosidl_typesupport_fastrtps_c/composition_interfaces/srv/detail/unload_node__type_support_c.cpp.o[0m
[ 42%] [32m[1mLinking CXX shared library libcomposition_interfaces__rosidl_typesupport_fastrtps_c.so[0m
[ 42%] Built target composition_interfaces__rosidl_typesupport_fastrtps_c
[ 44%] [34m[1mGenerating C introspection for ROS interfaces[0m
[ 46%] [32mBuilding C object CMakeFiles/composition_interfaces__rosidl_typesupport_introspection_c.dir/rosidl_typesupport_introspection_c/composition_interfaces/srv/detail/load_node__type_support.c.o[0m
[ 48%] [32mBuilding C object CMakeFiles/composition_interfaces__rosidl_typesupport_introspection_c.dir/rosidl_typesupport_introspection_c/composition_interfaces/srv/detail/list_nodes__type_support.c.o[0m
[ 50%] [32mBuilding C object CMakeFiles/composition_interfaces__rosidl_typesupport_introspection_c.dir/rosidl_typesupport_introspection_c/composition_interfaces/srv/detail/unload_node__type_support.c.o[0m
[ 51%] [32m[1mLinking C shared library libcomposition_interfaces__rosidl_typesupport_introspection_c.so[0m
[ 51%] Built target composition_interfaces__rosidl_typesupport_introspection_c
[ 53%] [34m[1mGenerating C type support dispatch for ROS interfaces[0m
[ 55%] [32mBuilding CXX object CMakeFiles/composition_interfaces__rosidl_typesupport_c.dir/rosidl_typesupport_c/composition_interfaces/srv/load_node__type_support.cpp.o[0m
[ 57%] [32mBuilding CXX object CMakeFiles/composition_interfaces__rosidl_typesupport_c.dir/rosidl_typesupport_c/composition_interfaces/srv/list_nodes__type_support.cpp.o[0m
[ 59%] [32mBuilding CXX object CMakeFiles/composition_interfaces__rosidl_typesupport_c.dir/rosidl_typesupport_c/composition_interfaces/srv/unload_node__type_support.cpp.o[0m
[ 61%] [32m[1mLinking CXX shared library libcomposition_interfaces__rosidl_typesupport_c.so[0m
[ 61%] Built target composition_interfaces__rosidl_typesupport_c
[ 62%] [34m[1mGenerating C++ type support for eProsima Fast-RTPS[0m
[ 64%] [32mBuilding CXX object CMakeFiles/composition_interfaces__rosidl_typesupport_fastrtps_cpp.dir/rosidl_typesupport_fastrtps_cpp/composition_interfaces/srv/detail/dds_fastrtps/load_node__type_support.cpp.o[0m
[ 66%] [32mBuilding CXX object CMakeFiles/composition_interfaces__rosidl_typesupport_fastrtps_cpp.dir/rosidl_typesupport_fastrtps_cpp/composition_interfaces/srv/detail/dds_fastrtps/list_nodes__type_support.cpp.o[0m
[ 68%] [32mBuilding CXX object CMakeFiles/composition_interfaces__rosidl_typesupport_fastrtps_cpp.dir/rosidl_typesupport_fastrtps_cpp/composition_interfaces/srv/detail/dds_fastrtps/unload_node__type_support.cpp.o[0m
[ 70%] [32m[1mLinking CXX shared library libcomposition_interfaces__rosidl_typesupport_fastrtps_cpp.so[0m
[ 70%] Built target composition_interfaces__rosidl_typesupport_fastrtps_cpp
[ 72%] [34m[1mGenerating C++ introspection for ROS interfaces[0m
[ 74%] [32mBuilding CXX object CMakeFiles/composition_interfaces__rosidl_typesupport_introspection_cpp.dir/rosidl_typesupport_introspection_cpp/composition_interfaces/srv/detail/load_node__type_support.cpp.o[0m
[ 75%] [32mBuilding CXX object CMakeFiles/composition_interfaces__rosidl_typesupport_introspection_cpp.dir/rosidl_typesupport_introspection_cpp/composition_interfaces/srv/detail/list_nodes__type_support.cpp.o[0m
[ 77%] [32mBuilding CXX object CMakeFiles/composition_interfaces__rosidl_typesupport_introspection_cpp.dir/rosidl_typesupport_introspection_cpp/composition_interfaces/srv/detail/unload_node__type_support.cpp.o[0m
[ 79%] [32m[1mLinking CXX shared library libcomposition_interfaces__rosidl_typesupport_introspection_cpp.so[0m
[ 79%] Built target composition_interfaces__rosidl_typesupport_introspection_cpp
[ 79%] Built target composition_interfaces
[ 81%] [34m[1mGenerating Python code for ROS interfaces[0m
[ 81%] Built target composition_interfaces__py
[ 83%] [32mBuilding C object CMakeFiles/composition_interfaces__rosidl_generator_py.dir/rosidl_generator_py/composition_interfaces/srv/_load_node_s.c.o[0m
[ 85%] [32mBuilding C object CMakeFiles/composition_interfaces__rosidl_generator_py.dir/rosidl_generator_py/composition_interfaces/srv/_list_nodes_s.c.o[0m
[ 87%] [32mBuilding C object CMakeFiles/composition_interfaces__rosidl_generator_py.dir/rosidl_generator_py/composition_interfaces/srv/_unload_node_s.c.o[0m
[ 88%] [32m[1mLinking C shared library libcomposition_interfaces__rosidl_generator_py.so[0m
[ 88%] Built target composition_interfaces__rosidl_generator_py
[ 90%] [32mBuilding C object CMakeFiles/composition_interfaces_s__rosidl_typesupport_fastrtps_c.dir/rosidl_generator_py/composition_interfaces/_composition_interfaces_s.ep.rosidl_typesupport_fastrtps_c.c.o[0m
[ 92%] [32m[1mLinking C shared module rosidl_generator_py/composition_interfaces/composition_interfaces_s__rosidl_typesupport_fastrtps_c.so[0m
[ 92%] Built target composition_interfaces_s__rosidl_typesupport_fastrtps_c
[ 94%] [32mBuilding C object CMakeFiles/composition_interfaces_s__rosidl_typesupport_introspection_c.dir/rosidl_generator_py/composition_interfaces/_composition_interfaces_s.ep.rosidl_typesupport_introspection_c.c.o[0m
[ 96%] [32m[1mLinking C shared module rosidl_generator_py/composition_interfaces/composition_interfaces_s__rosidl_typesupport_introspection_c.so[0m
[ 96%] Built target composition_interfaces_s__rosidl_typesupport_introspection_c
[ 98%] [32mBuilding C object CMakeFiles/composition_interfaces_s__rosidl_typesupport_c.dir/rosidl_generator_py/composition_interfaces/_composition_interfaces_s.ep.rosidl_typesupport_c.c.o[0m
[100%] [32m[1mLinking C shared module rosidl_generator_py/composition_interfaces/composition_interfaces_s__rosidl_typesupport_c.so[0m
[100%] Built target composition_interfaces_s__rosidl_typesupport_c
