[0.036s] Invoking command in '/home/pheonix/ros2_ws/build/composition_interfaces': AMENT_PREFIX_PATH=/home/pheonix/ros2_ws/install/rcl_interfaces:${AMENT_PREFIX_PATH} CMAKE_PREFIX_PATH=/home/pheonix/ros2_ws/install/rcl_interfaces:/opt/ros/jazzy/opt/gz_sim_vendor:/opt/ros/jazzy/opt/gz_sensors_vendor:/opt/ros/jazzy/opt/gz_physics_vendor:/opt/ros/jazzy/opt/sdformat_vendor:/opt/ros/jazzy/opt/gz_gui_vendor:/opt/ros/jazzy/opt/gz_transport_vendor:/opt/ros/jazzy/opt/gz_rendering_vendor:/opt/ros/jazzy/opt/gz_plugin_vendor:/opt/ros/jazzy/opt/gz_fuel_tools_vendor:/opt/ros/jazzy/opt/gz_msgs_vendor:/opt/ros/jazzy/opt/gz_common_vendor:/opt/ros/jazzy/opt/gz_tools_vendor:/opt/ros/jazzy/opt/gz_ogre_next_vendor:/opt/ros/jazzy/opt/gz_dartsim_vendor:/home/pheonix/ros2_ws/install/turtlesim:/opt/ros/jazzy/opt/gz_math_vendor:/opt/ros/jazzy/opt/gz_utils_vendor:/opt/ros/jazzy/opt/gz_cmake_vendor:/opt/ros/jazzy DEBUGINFOD_URLS=https://debuginfod.ubuntu.com LD_LIBRARY_PATH=/home/pheonix/ros2_ws/install/rcl_interfaces/lib:${LD_LIBRARY_PATH} PYTHONPATH=/home/pheonix/ros2_ws/install/rcl_interfaces/lib/python3.12/site-packages:${PYTHONPATH} /usr/bin/cmake /home/pheonix/ros2_ws/src/rcl_interfaces/composition_interfaces -DCMAKE_INSTALL_PREFIX=/home/pheonix/ros2_ws/install/composition_interfaces
[0.184s] -- The C compiler identification is GNU 13.2.0
[0.345s] -- The CXX compiler identification is GNU 13.2.0
[0.460s] -- Detecting C compiler ABI info
[0.826s] -- Detecting C compiler ABI info - done
[0.831s] -- Check for working C compiler: /usr/bin/cc - skipped
[0.833s] -- Detecting C compile features
[0.833s] -- Detecting C compile features - done
[0.863s] -- Detecting CXX compiler ABI info
[1.213s] -- Detecting CXX compiler ABI info - done
[1.236s] -- Check for working CXX compiler: /usr/bin/c++ - skipped
[1.242s] -- Detecting CXX compile features
[1.265s] -- Detecting CXX compile features - done
[1.280s] -- Found ament_cmake: 2.5.2 (/opt/ros/jazzy/share/ament_cmake/cmake)
[1.695s] -- Found Python3: /usr/bin/python3 (found version "3.12.3") found components: Interpreter 
[1.852s] -- Found rosidl_default_generators: 1.6.0 (/opt/ros/jazzy/share/rosidl_default_generators/cmake)
[1.869s] -- Using all available rosidl_typesupport_c: rosidl_typesupport_fastrtps_c;rosidl_typesupport_introspection_c
[1.956s] -- Using all available rosidl_typesupport_cpp: rosidl_typesupport_fastrtps_cpp;rosidl_typesupport_introspection_cpp
[2.047s] -- Found rosidl_adapter: 4.6.3 (/opt/ros/jazzy/share/rosidl_adapter/cmake)
[2.054s] -- Found rcl_interfaces: 2.2.0 (/home/pheonix/ros2_ws/install/rcl_interfaces/share/rcl_interfaces/cmake)
[3.980s] -- Found ament_cmake_cppcheck: 0.17.1 (/opt/ros/jazzy/share/ament_cmake_cppcheck/cmake)
[3.989s] -- Found ament_cmake_cpplint: 0.17.1 (/opt/ros/jazzy/share/ament_cmake_cpplint/cmake)
[3.998s] -- Found ament_cmake_uncrustify: 0.17.1 (/opt/ros/jazzy/share/ament_cmake_uncrustify/cmake)
[3.999s] -- Found ament_cmake_ros: 0.12.0 (/opt/ros/jazzy/share/ament_cmake_ros/cmake)
[5.055s] -- Using all available rosidl_typesupport_c: rosidl_typesupport_fastrtps_c;rosidl_typesupport_introspection_c
[6.226s] -- Using all available rosidl_typesupport_cpp: rosidl_typesupport_fastrtps_cpp;rosidl_typesupport_introspection_cpp
[6.242s] -- Found python_cmake_module: 0.11.1 (/opt/ros/jazzy/share/python_cmake_module/cmake)
[6.645s] -- Found PythonExtra: /usr/bin/python3  
[7.762s] -- Found Python3: /usr/bin/python3 (found version "3.12.3") found components: Interpreter Development NumPy Development.Module Development.Embed 
[7.917s] -- Found ament_cmake_flake8: 0.17.1 (/opt/ros/jazzy/share/ament_cmake_flake8/cmake)
[7.929s] -- Found ament_cmake_pep257: 0.17.1 (/opt/ros/jazzy/share/ament_cmake_pep257/cmake)
[7.952s] -- Configuring done (7.9s)
[8.099s] -- Generating done (0.1s)
[8.100s] -- Build files have been written to: /home/pheonix/ros2_ws/build/composition_interfaces
[8.127s] Invoked command in '/home/pheonix/ros2_ws/build/composition_interfaces' returned '0': AMENT_PREFIX_PATH=/home/pheonix/ros2_ws/install/rcl_interfaces:${AMENT_PREFIX_PATH} CMAKE_PREFIX_PATH=/home/pheonix/ros2_ws/install/rcl_interfaces:/opt/ros/jazzy/opt/gz_sim_vendor:/opt/ros/jazzy/opt/gz_sensors_vendor:/opt/ros/jazzy/opt/gz_physics_vendor:/opt/ros/jazzy/opt/sdformat_vendor:/opt/ros/jazzy/opt/gz_gui_vendor:/opt/ros/jazzy/opt/gz_transport_vendor:/opt/ros/jazzy/opt/gz_rendering_vendor:/opt/ros/jazzy/opt/gz_plugin_vendor:/opt/ros/jazzy/opt/gz_fuel_tools_vendor:/opt/ros/jazzy/opt/gz_msgs_vendor:/opt/ros/jazzy/opt/gz_common_vendor:/opt/ros/jazzy/opt/gz_tools_vendor:/opt/ros/jazzy/opt/gz_ogre_next_vendor:/opt/ros/jazzy/opt/gz_dartsim_vendor:/home/pheonix/ros2_ws/install/turtlesim:/opt/ros/jazzy/opt/gz_math_vendor:/opt/ros/jazzy/opt/gz_utils_vendor:/opt/ros/jazzy/opt/gz_cmake_vendor:/opt/ros/jazzy DEBUGINFOD_URLS=https://debuginfod.ubuntu.com LD_LIBRARY_PATH=/home/pheonix/ros2_ws/install/rcl_interfaces/lib:${LD_LIBRARY_PATH} PYTHONPATH=/home/pheonix/ros2_ws/install/rcl_interfaces/lib/python3.12/site-packages:${PYTHONPATH} /usr/bin/cmake /home/pheonix/ros2_ws/src/rcl_interfaces/composition_interfaces -DCMAKE_INSTALL_PREFIX=/home/pheonix/ros2_ws/install/composition_interfaces
[8.128s] Invoking command in '/home/pheonix/ros2_ws/build/composition_interfaces': AMENT_PREFIX_PATH=/home/pheonix/ros2_ws/install/rcl_interfaces:${AMENT_PREFIX_PATH} CMAKE_PREFIX_PATH=/home/pheonix/ros2_ws/install/rcl_interfaces:/opt/ros/jazzy/opt/gz_sim_vendor:/opt/ros/jazzy/opt/gz_sensors_vendor:/opt/ros/jazzy/opt/gz_physics_vendor:/opt/ros/jazzy/opt/sdformat_vendor:/opt/ros/jazzy/opt/gz_gui_vendor:/opt/ros/jazzy/opt/gz_transport_vendor:/opt/ros/jazzy/opt/gz_rendering_vendor:/opt/ros/jazzy/opt/gz_plugin_vendor:/opt/ros/jazzy/opt/gz_fuel_tools_vendor:/opt/ros/jazzy/opt/gz_msgs_vendor:/opt/ros/jazzy/opt/gz_common_vendor:/opt/ros/jazzy/opt/gz_tools_vendor:/opt/ros/jazzy/opt/gz_ogre_next_vendor:/opt/ros/jazzy/opt/gz_dartsim_vendor:/home/pheonix/ros2_ws/install/turtlesim:/opt/ros/jazzy/opt/gz_math_vendor:/opt/ros/jazzy/opt/gz_utils_vendor:/opt/ros/jazzy/opt/gz_cmake_vendor:/opt/ros/jazzy DEBUGINFOD_URLS=https://debuginfod.ubuntu.com LD_LIBRARY_PATH=/home/pheonix/ros2_ws/install/rcl_interfaces/lib:${LD_LIBRARY_PATH} PYTHONPATH=/home/pheonix/ros2_ws/install/rcl_interfaces/lib/python3.12/site-packages:${PYTHONPATH} /usr/bin/cmake --build /home/pheonix/ros2_ws/build/composition_interfaces -- -j2 -l2
[8.267s] [  1%] [34m[1mGenerating type hashes for ROS interfaces[0m
[9.426s] [  1%] Built target composition_interfaces__rosidl_generator_type_description
[9.601s] [  1%] Built target ament_cmake_python_copy_composition_interfaces
[9.714s] [  3%] [34m[1mGenerating C++ code for ROS interfaces[0m
[11.201s] [  3%] Built target composition_interfaces__cpp
[11.260s] [  5%] [34m[1mGenerating C code for ROS interfaces[0m
[13.160s] [  7%] [32mBuilding C object CMakeFiles/composition_interfaces__rosidl_generator_c.dir/rosidl_generator_c/composition_interfaces/srv/detail/load_node__description.c.o[0m
[13.448s] [  9%] [32mBuilding C object CMakeFiles/composition_interfaces__rosidl_generator_c.dir/rosidl_generator_c/composition_interfaces/srv/detail/load_node__functions.c.o[0m
[13.636s] [ 11%] [32mBuilding C object CMakeFiles/composition_interfaces__rosidl_generator_c.dir/rosidl_generator_c/composition_interfaces/srv/detail/load_node__type_support.c.o[0m
[13.786s] [ 12%] [32mBuilding C object CMakeFiles/composition_interfaces__rosidl_generator_c.dir/rosidl_generator_c/composition_interfaces/srv/detail/list_nodes__description.c.o[0m
[13.884s] [ 14%] [32mBuilding C object CMakeFiles/composition_interfaces__rosidl_generator_c.dir/rosidl_generator_c/composition_interfaces/srv/detail/list_nodes__functions.c.o[0m
[14.001s] [ 16%] [32mBuilding C object CMakeFiles/composition_interfaces__rosidl_generator_c.dir/rosidl_generator_c/composition_interfaces/srv/detail/list_nodes__type_support.c.o[0m
[14.061s] [ 18%] [32mBuilding C object CMakeFiles/composition_interfaces__rosidl_generator_c.dir/rosidl_generator_c/composition_interfaces/srv/detail/unload_node__description.c.o[0m
[14.129s] [ 20%] [32mBuilding C object CMakeFiles/composition_interfaces__rosidl_generator_c.dir/rosidl_generator_c/composition_interfaces/srv/detail/unload_node__functions.c.o[0m
[14.347s] [ 22%] [32mBuilding C object CMakeFiles/composition_interfaces__rosidl_generator_c.dir/rosidl_generator_c/composition_interfaces/srv/detail/unload_node__type_support.c.o[0m
[14.446s] [ 24%] [32m[1mLinking C shared library libcomposition_interfaces__rosidl_generator_c.so[0m
[14.602s] [ 24%] Built target composition_interfaces__rosidl_generator_c
[14.963s] running egg_info
[14.963s] creating composition_interfaces.egg-info
[14.981s] writing composition_interfaces.egg-info/PKG-INFO
[14.981s] writing dependency_links to composition_interfaces.egg-info/dependency_links.txt
[14.981s] writing top-level names to composition_interfaces.egg-info/top_level.txt
[14.981s] writing manifest file 'composition_interfaces.egg-info/SOURCES.txt'
[15.044s] reading manifest file 'composition_interfaces.egg-info/SOURCES.txt'
[15.044s] writing manifest file 'composition_interfaces.egg-info/SOURCES.txt'
[15.090s] [ 24%] Built target ament_cmake_python_build_composition_interfaces_egg
[15.202s] [ 25%] [34m[1mGenerating C++ type support dispatch for ROS interfaces[0m
[15.623s] [ 27%] [32mBuilding CXX object CMakeFiles/composition_interfaces__rosidl_typesupport_cpp.dir/rosidl_typesupport_cpp/composition_interfaces/srv/load_node__type_support.cpp.o[0m
[16.662s] [ 29%] [32mBuilding CXX object CMakeFiles/composition_interfaces__rosidl_typesupport_cpp.dir/rosidl_typesupport_cpp/composition_interfaces/srv/list_nodes__type_support.cpp.o[0m
[17.435s] [ 31%] [32mBuilding CXX object CMakeFiles/composition_interfaces__rosidl_typesupport_cpp.dir/rosidl_typesupport_cpp/composition_interfaces/srv/unload_node__type_support.cpp.o[0m
[18.230s] [ 33%] [32m[1mLinking CXX shared library libcomposition_interfaces__rosidl_typesupport_cpp.so[0m
[18.563s] [ 33%] Built target composition_interfaces__rosidl_typesupport_cpp
[18.624s] [ 35%] [34m[1mGenerating C type support for eProsima Fast-RTPS[0m
[20.199s] [ 37%] [32mBuilding CXX object CMakeFiles/composition_interfaces__rosidl_typesupport_fastrtps_c.dir/rosidl_typesupport_fastrtps_c/composition_interfaces/srv/detail/load_node__type_support_c.cpp.o[0m
[20.988s] [ 38%] [32mBuilding CXX object CMakeFiles/composition_interfaces__rosidl_typesupport_fastrtps_c.dir/rosidl_typesupport_fastrtps_c/composition_interfaces/srv/detail/list_nodes__type_support_c.cpp.o[0m
[21.425s] [ 40%] [32mBuilding CXX object CMakeFiles/composition_interfaces__rosidl_typesupport_fastrtps_c.dir/rosidl_typesupport_fastrtps_c/composition_interfaces/srv/detail/unload_node__type_support_c.cpp.o[0m
[21.940s] [ 42%] [32m[1mLinking CXX shared library libcomposition_interfaces__rosidl_typesupport_fastrtps_c.so[0m
[22.033s] [ 42%] Built target composition_interfaces__rosidl_typesupport_fastrtps_c
[22.051s] [ 44%] [34m[1mGenerating C introspection for ROS interfaces[0m
[22.527s] [ 46%] [32mBuilding C object CMakeFiles/composition_interfaces__rosidl_typesupport_introspection_c.dir/rosidl_typesupport_introspection_c/composition_interfaces/srv/detail/load_node__type_support.c.o[0m
[22.593s] [ 48%] [32mBuilding C object CMakeFiles/composition_interfaces__rosidl_typesupport_introspection_c.dir/rosidl_typesupport_introspection_c/composition_interfaces/srv/detail/list_nodes__type_support.c.o[0m
[22.647s] [ 50%] [32mBuilding C object CMakeFiles/composition_interfaces__rosidl_typesupport_introspection_c.dir/rosidl_typesupport_introspection_c/composition_interfaces/srv/detail/unload_node__type_support.c.o[0m
[22.689s] [ 51%] [32m[1mLinking C shared library libcomposition_interfaces__rosidl_typesupport_introspection_c.so[0m
[22.749s] [ 51%] Built target composition_interfaces__rosidl_typesupport_introspection_c
[22.761s] [ 53%] [34m[1mGenerating C type support dispatch for ROS interfaces[0m
[23.099s] [ 55%] [32mBuilding CXX object CMakeFiles/composition_interfaces__rosidl_typesupport_c.dir/rosidl_typesupport_c/composition_interfaces/srv/load_node__type_support.cpp.o[0m
[23.173s] [ 57%] [32mBuilding CXX object CMakeFiles/composition_interfaces__rosidl_typesupport_c.dir/rosidl_typesupport_c/composition_interfaces/srv/list_nodes__type_support.cpp.o[0m
[23.242s] [ 59%] [32mBuilding CXX object CMakeFiles/composition_interfaces__rosidl_typesupport_c.dir/rosidl_typesupport_c/composition_interfaces/srv/unload_node__type_support.cpp.o[0m
[23.294s] [ 61%] [32m[1mLinking CXX shared library libcomposition_interfaces__rosidl_typesupport_c.so[0m
[23.365s] [ 61%] Built target composition_interfaces__rosidl_typesupport_c
[23.391s] [ 62%] [34m[1mGenerating C++ type support for eProsima Fast-RTPS[0m
[23.872s] [ 64%] [32mBuilding CXX object CMakeFiles/composition_interfaces__rosidl_typesupport_fastrtps_cpp.dir/rosidl_typesupport_fastrtps_cpp/composition_interfaces/srv/detail/dds_fastrtps/load_node__type_support.cpp.o[0m
[24.518s] [ 66%] [32mBuilding CXX object CMakeFiles/composition_interfaces__rosidl_typesupport_fastrtps_cpp.dir/rosidl_typesupport_fastrtps_cpp/composition_interfaces/srv/detail/dds_fastrtps/list_nodes__type_support.cpp.o[0m
[25.052s] [ 68%] [32mBuilding CXX object CMakeFiles/composition_interfaces__rosidl_typesupport_fastrtps_cpp.dir/rosidl_typesupport_fastrtps_cpp/composition_interfaces/srv/detail/dds_fastrtps/unload_node__type_support.cpp.o[0m
[25.540s] [ 70%] [32m[1mLinking CXX shared library libcomposition_interfaces__rosidl_typesupport_fastrtps_cpp.so[0m
[25.619s] [ 70%] Built target composition_interfaces__rosidl_typesupport_fastrtps_cpp
[25.634s] [ 72%] [34m[1mGenerating C++ introspection for ROS interfaces[0m
[26.030s] [ 74%] [32mBuilding CXX object CMakeFiles/composition_interfaces__rosidl_typesupport_introspection_cpp.dir/rosidl_typesupport_introspection_cpp/composition_interfaces/srv/detail/load_node__type_support.cpp.o[0m
[26.487s] [ 75%] [32mBuilding CXX object CMakeFiles/composition_interfaces__rosidl_typesupport_introspection_cpp.dir/rosidl_typesupport_introspection_cpp/composition_interfaces/srv/detail/list_nodes__type_support.cpp.o[0m
[27.095s] [ 77%] [32mBuilding CXX object CMakeFiles/composition_interfaces__rosidl_typesupport_introspection_cpp.dir/rosidl_typesupport_introspection_cpp/composition_interfaces/srv/detail/unload_node__type_support.cpp.o[0m
[27.382s] [ 79%] [32m[1mLinking CXX shared library libcomposition_interfaces__rosidl_typesupport_introspection_cpp.so[0m
[27.491s] [ 79%] Built target composition_interfaces__rosidl_typesupport_introspection_cpp
[27.529s] [ 79%] Built target composition_interfaces
[27.561s] [ 81%] [34m[1mGenerating Python code for ROS interfaces[0m
[28.946s] [ 81%] Built target composition_interfaces__py
[28.978s] [ 83%] [32mBuilding C object CMakeFiles/composition_interfaces__rosidl_generator_py.dir/rosidl_generator_py/composition_interfaces/srv/_load_node_s.c.o[0m
[29.118s] [ 85%] [32mBuilding C object CMakeFiles/composition_interfaces__rosidl_generator_py.dir/rosidl_generator_py/composition_interfaces/srv/_list_nodes_s.c.o[0m
[29.273s] [ 87%] [32mBuilding C object CMakeFiles/composition_interfaces__rosidl_generator_py.dir/rosidl_generator_py/composition_interfaces/srv/_unload_node_s.c.o[0m
[29.444s] [ 88%] [32m[1mLinking C shared library libcomposition_interfaces__rosidl_generator_py.so[0m
[29.503s] [ 88%] Built target composition_interfaces__rosidl_generator_py
[29.540s] [ 90%] [32mBuilding C object CMakeFiles/composition_interfaces_s__rosidl_typesupport_fastrtps_c.dir/rosidl_generator_py/composition_interfaces/_composition_interfaces_s.ep.rosidl_typesupport_fastrtps_c.c.o[0m
[29.667s] [ 92%] [32m[1mLinking C shared module rosidl_generator_py/composition_interfaces/composition_interfaces_s__rosidl_typesupport_fastrtps_c.so[0m
[29.734s] [ 92%] Built target composition_interfaces_s__rosidl_typesupport_fastrtps_c
[29.782s] [ 94%] [32mBuilding C object CMakeFiles/composition_interfaces_s__rosidl_typesupport_introspection_c.dir/rosidl_generator_py/composition_interfaces/_composition_interfaces_s.ep.rosidl_typesupport_introspection_c.c.o[0m
[29.908s] [ 96%] [32m[1mLinking C shared module rosidl_generator_py/composition_interfaces/composition_interfaces_s__rosidl_typesupport_introspection_c.so[0m
[29.949s] [ 96%] Built target composition_interfaces_s__rosidl_typesupport_introspection_c
[29.976s] [ 98%] [32mBuilding C object CMakeFiles/composition_interfaces_s__rosidl_typesupport_c.dir/rosidl_generator_py/composition_interfaces/_composition_interfaces_s.ep.rosidl_typesupport_c.c.o[0m
[30.079s] [100%] [32m[1mLinking C shared module rosidl_generator_py/composition_interfaces/composition_interfaces_s__rosidl_typesupport_c.so[0m
[30.147s] [100%] Built target composition_interfaces_s__rosidl_typesupport_c
