[0.036s] Invoking command in '/home/pheonix/ros2_ws/build/joy': CMAKE_PREFIX_PATH=/home/pheonix/ros2_ws/install/urdfdom_headers:/home/pheonix/ros2_ws/install/turtlesim:/home/pheonix/ros2_ws/install/test_msgs:/home/pheonix/ros2_ws/install/test_interface_files:/home/pheonix/ros2_ws/install/teleop_twist_joy:/home/pheonix/ros2_ws/install/statistics_msgs:/home/pheonix/ros2_ws/install/action_msgs:/home/pheonix/ros2_ws/install/service_msgs:/home/pheonix/ros2_ws/install/rosgraph_msgs:/home/pheonix/ros2_ws/install/rosbag2_test_common:/home/pheonix/ros2_ws/install/composition_interfaces:/home/pheonix/ros2_ws/install/rcl_interfaces:/home/pheonix/ros2_ws/install/lifecycle_msgs:/home/pheonix/ros2_ws/install/joy_linux:/home/pheonix/ros2_ws/install/type_description_interfaces:/home/pheonix/ros2_ws/install/test_launch_ros:/home/pheonix/ros2_ws/install/ros2launch:/home/pheonix/ros2_ws/install/launch_testing_ros:/home/pheonix/ros2_ws/install/launch_ros:/opt/ros/jazzy:/home/pheonix/ros2_ws/install/joy:/opt/ros/jazzy/opt/gz_sim_vendor:/opt/ros/jazzy/opt/gz_sensors_vendor:/opt/ros/jazzy/opt/gz_physics_vendor:/opt/ros/jazzy/opt/sdformat_vendor:/opt/ros/jazzy/opt/gz_gui_vendor:/opt/ros/jazzy/opt/gz_transport_vendor:/opt/ros/jazzy/opt/gz_rendering_vendor:/opt/ros/jazzy/opt/gz_plugin_vendor:/opt/ros/jazzy/opt/gz_fuel_tools_vendor:/opt/ros/jazzy/opt/gz_msgs_vendor:/opt/ros/jazzy/opt/gz_common_vendor:/opt/ros/jazzy/opt/gz_math_vendor:/opt/ros/jazzy/opt/gz_utils_vendor:/opt/ros/jazzy/opt/gz_tools_vendor:/opt/ros/jazzy/opt/gz_ogre_next_vendor:/opt/ros/jazzy/opt/gz_dartsim_vendor:/opt/ros/jazzy/opt/gz_cmake_vendor DEBUGINFOD_URLS=https://debuginfod.ubuntu.com /usr/bin/cmake /home/pheonix/ros2_ws/src/joystick_drivers/joy -DAMENT_CMAKE_SYMLINK_INSTALL=1 -DCMAKE_INSTALL_PREFIX=/home/pheonix/ros2_ws/install/joy
[0.286s] -- The C compiler identification is GNU 13.2.0
[0.591s] -- The CXX compiler identification is GNU 13.2.0
[0.680s] -- Detecting C compiler ABI info
[0.843s] -- Detecting C compiler ABI info - done
[0.862s] -- Check for working C compiler: /usr/bin/cc - skipped
[0.865s] -- Detecting C compile features
[0.866s] -- Detecting C compile features - done
[0.901s] -- Detecting CXX compiler ABI info
[1.076s] -- Detecting CXX compiler ABI info - done
[1.084s] -- Check for working CXX compiler: /usr/bin/c++ - skipped
[1.085s] -- Detecting CXX compile features
[1.085s] -- Detecting CXX compile features - done
[1.089s] -- Found ament_cmake_ros: 0.12.0 (/opt/ros/jazzy/share/ament_cmake_ros/cmake)
[1.349s] -- Found Python3: /usr/bin/python3 (found version "3.12.3") found components: Interpreter 
[1.482s] -- Override CMake install command with custom implementation using symlinks instead of copying resources
[1.703s] -- Found rclcpp: 28.1.3 (/opt/ros/jazzy/share/rclcpp/cmake)
[1.763s] -- Found rosidl_generator_c: 4.6.3 (/opt/ros/jazzy/share/rosidl_generator_c/cmake)
[1.805s] -- Found rosidl_generator_cpp: 4.6.3 (/opt/ros/jazzy/share/rosidl_generator_cpp/cmake)
[1.812s] -- Using all available rosidl_typesupport_c: rosidl_typesupport_fastrtps_c;rosidl_typesupport_introspection_c
[1.834s] -- Using all available rosidl_typesupport_cpp: rosidl_typesupport_fastrtps_cpp;rosidl_typesupport_introspection_cpp
[1.959s] -- Found rmw_implementation_cmake: 7.3.1 (/opt/ros/jazzy/share/rmw_implementation_cmake/cmake)
[1.959s] -- Found rmw_fastrtps_cpp: 8.4.1 (/opt/ros/jazzy/share/rmw_fastrtps_cpp/cmake)
[2.151s] -- Found OpenSSL: /usr/lib/x86_64-linux-gnu/libcrypto.so (found version "3.0.13")  
[2.172s] -- Found FastRTPS: /opt/ros/jazzy/include (Required is at least version "2.13") 
[2.202s] -- Using RMW implementation 'rmw_fastrtps_cpp' as default
[2.356s] -- Found rclcpp_components: 28.1.3 (/opt/ros/jazzy/share/rclcpp_components/cmake)
[2.424s] -- Found sdl2_vendor: 3.3.0 (/opt/ros/jazzy/share/sdl2_vendor/cmake)
[2.432s] -- Found sensor_msgs: 5.3.5 (/opt/ros/jazzy/share/sensor_msgs/cmake)
[2.528s] -- Found ament_lint_auto: 0.17.1 (/opt/ros/jazzy/share/ament_lint_auto/cmake)
[2.671s] -- Added test 'cppcheck' to perform static code analysis on C / C++ code
[2.678s] -- Configured cppcheck include dirs: $<BUILD_INTERFACE:/home/pheonix/ros2_ws/src/joystick_drivers/joy/include>
[2.678s] -- Configured cppcheck exclude dirs and/or files: 
[2.678s] -- Added test 'cpplint' to check C / C++ code against the Google style
[2.678s] -- Configured cpplint exclude dirs and/or files: 
[2.678s] -- Added test 'flake8' to check Python code syntax and style conventions
[2.678s] -- Configured 'flake8' exclude dirs and/or files: 
[2.678s] -- Added test 'lint_cmake' to check CMake code style
[2.679s] -- Added test 'pep257' to check Python code against some of the docstring style conventions in PEP 257
[2.679s] -- Added test 'uncrustify' to check C / C++ code style
[2.679s] -- Configured uncrustify additional arguments: 
[2.682s] -- Added test 'xmllint' to check XML markup files
[2.683s] -- Configuring done (2.6s)
[2.723s] -- Generating done (0.0s)
[2.727s] -- Build files have been written to: /home/pheonix/ros2_ws/build/joy
[2.737s] Invoked command in '/home/pheonix/ros2_ws/build/joy' returned '0': CMAKE_PREFIX_PATH=/home/pheonix/ros2_ws/install/urdfdom_headers:/home/pheonix/ros2_ws/install/turtlesim:/home/pheonix/ros2_ws/install/test_msgs:/home/pheonix/ros2_ws/install/test_interface_files:/home/pheonix/ros2_ws/install/teleop_twist_joy:/home/pheonix/ros2_ws/install/statistics_msgs:/home/pheonix/ros2_ws/install/action_msgs:/home/pheonix/ros2_ws/install/service_msgs:/home/pheonix/ros2_ws/install/rosgraph_msgs:/home/pheonix/ros2_ws/install/rosbag2_test_common:/home/pheonix/ros2_ws/install/composition_interfaces:/home/pheonix/ros2_ws/install/rcl_interfaces:/home/pheonix/ros2_ws/install/lifecycle_msgs:/home/pheonix/ros2_ws/install/joy_linux:/home/pheonix/ros2_ws/install/type_description_interfaces:/home/pheonix/ros2_ws/install/test_launch_ros:/home/pheonix/ros2_ws/install/ros2launch:/home/pheonix/ros2_ws/install/launch_testing_ros:/home/pheonix/ros2_ws/install/launch_ros:/opt/ros/jazzy:/home/pheonix/ros2_ws/install/joy:/opt/ros/jazzy/opt/gz_sim_vendor:/opt/ros/jazzy/opt/gz_sensors_vendor:/opt/ros/jazzy/opt/gz_physics_vendor:/opt/ros/jazzy/opt/sdformat_vendor:/opt/ros/jazzy/opt/gz_gui_vendor:/opt/ros/jazzy/opt/gz_transport_vendor:/opt/ros/jazzy/opt/gz_rendering_vendor:/opt/ros/jazzy/opt/gz_plugin_vendor:/opt/ros/jazzy/opt/gz_fuel_tools_vendor:/opt/ros/jazzy/opt/gz_msgs_vendor:/opt/ros/jazzy/opt/gz_common_vendor:/opt/ros/jazzy/opt/gz_math_vendor:/opt/ros/jazzy/opt/gz_utils_vendor:/opt/ros/jazzy/opt/gz_tools_vendor:/opt/ros/jazzy/opt/gz_ogre_next_vendor:/opt/ros/jazzy/opt/gz_dartsim_vendor:/opt/ros/jazzy/opt/gz_cmake_vendor DEBUGINFOD_URLS=https://debuginfod.ubuntu.com /usr/bin/cmake /home/pheonix/ros2_ws/src/joystick_drivers/joy -DAMENT_CMAKE_SYMLINK_INSTALL=1 -DCMAKE_INSTALL_PREFIX=/home/pheonix/ros2_ws/install/joy
[2.738s] Invoking command in '/home/pheonix/ros2_ws/build/joy': CMAKE_PREFIX_PATH=/home/pheonix/ros2_ws/install/urdfdom_headers:/home/pheonix/ros2_ws/install/turtlesim:/home/pheonix/ros2_ws/install/test_msgs:/home/pheonix/ros2_ws/install/test_interface_files:/home/pheonix/ros2_ws/install/teleop_twist_joy:/home/pheonix/ros2_ws/install/statistics_msgs:/home/pheonix/ros2_ws/install/action_msgs:/home/pheonix/ros2_ws/install/service_msgs:/home/pheonix/ros2_ws/install/rosgraph_msgs:/home/pheonix/ros2_ws/install/rosbag2_test_common:/home/pheonix/ros2_ws/install/composition_interfaces:/home/pheonix/ros2_ws/install/rcl_interfaces:/home/pheonix/ros2_ws/install/lifecycle_msgs:/home/pheonix/ros2_ws/install/joy_linux:/home/pheonix/ros2_ws/install/type_description_interfaces:/home/pheonix/ros2_ws/install/test_launch_ros:/home/pheonix/ros2_ws/install/ros2launch:/home/pheonix/ros2_ws/install/launch_testing_ros:/home/pheonix/ros2_ws/install/launch_ros:/opt/ros/jazzy:/home/pheonix/ros2_ws/install/joy:/opt/ros/jazzy/opt/gz_sim_vendor:/opt/ros/jazzy/opt/gz_sensors_vendor:/opt/ros/jazzy/opt/gz_physics_vendor:/opt/ros/jazzy/opt/sdformat_vendor:/opt/ros/jazzy/opt/gz_gui_vendor:/opt/ros/jazzy/opt/gz_transport_vendor:/opt/ros/jazzy/opt/gz_rendering_vendor:/opt/ros/jazzy/opt/gz_plugin_vendor:/opt/ros/jazzy/opt/gz_fuel_tools_vendor:/opt/ros/jazzy/opt/gz_msgs_vendor:/opt/ros/jazzy/opt/gz_common_vendor:/opt/ros/jazzy/opt/gz_math_vendor:/opt/ros/jazzy/opt/gz_utils_vendor:/opt/ros/jazzy/opt/gz_tools_vendor:/opt/ros/jazzy/opt/gz_ogre_next_vendor:/opt/ros/jazzy/opt/gz_dartsim_vendor:/opt/ros/jazzy/opt/gz_cmake_vendor DEBUGINFOD_URLS=https://debuginfod.ubuntu.com /usr/bin/cmake --build /home/pheonix/ros2_ws/build/joy -- -j2 -l2
[2.842s] [ 10%] [32mBuilding CXX object CMakeFiles/joy.dir/src/joy.cpp.o[0m
[2.863s] [ 20%] [32mBuilding CXX object CMakeFiles/joy_node.dir/rclcpp_components/node_main_joy_node.cpp.o[0m
[10.763s] [ 30%] [32m[1mLinking CXX executable joy_node[0m
[12.276s] [ 30%] Built target joy_node
[12.346s] [ 40%] [32mBuilding CXX object CMakeFiles/game_controller.dir/src/game_controller.cpp.o[0m
[17.115s] [ 50%] [32m[1mLinking CXX shared library libjoy.so[0m
[17.429s] [ 50%] Built target joy
[17.512s] [ 60%] [32mBuilding CXX object CMakeFiles/game_controller_node.dir/rclcpp_components/node_main_game_controller_node.cpp.o[0m
[20.444s] [ 70%] [32m[1mLinking CXX executable game_controller_node[0m
[20.679s] [ 70%] Built target game_controller_node
[20.710s] [ 80%] [32mBuilding CXX object CMakeFiles/joy_enumerate_devices.dir/src/joy_enumerate_devices.cpp.o[0m
[21.815s] [ 90%] [32m[1mLinking CXX executable joy_enumerate_devices[0m
[22.048s] [ 90%] Built target joy_enumerate_devices
[23.726s] [100%] [32m[1mLinking CXX shared library libgame_controller.so[0m
[23.989s] [100%] Built target game_controller
[24.010s] Invoked command in '/home/pheonix/ros2_ws/build/joy' returned '0': CMAKE_PREFIX_PATH=/home/pheonix/ros2_ws/install/urdfdom_headers:/home/pheonix/ros2_ws/install/turtlesim:/home/pheonix/ros2_ws/install/test_msgs:/home/pheonix/ros2_ws/install/test_interface_files:/home/pheonix/ros2_ws/install/teleop_twist_joy:/home/pheonix/ros2_ws/install/statistics_msgs:/home/pheonix/ros2_ws/install/action_msgs:/home/pheonix/ros2_ws/install/service_msgs:/home/pheonix/ros2_ws/install/rosgraph_msgs:/home/pheonix/ros2_ws/install/rosbag2_test_common:/home/pheonix/ros2_ws/install/composition_interfaces:/home/pheonix/ros2_ws/install/rcl_interfaces:/home/pheonix/ros2_ws/install/lifecycle_msgs:/home/pheonix/ros2_ws/install/joy_linux:/home/pheonix/ros2_ws/install/type_description_interfaces:/home/pheonix/ros2_ws/install/test_launch_ros:/home/pheonix/ros2_ws/install/ros2launch:/home/pheonix/ros2_ws/install/launch_testing_ros:/home/pheonix/ros2_ws/install/launch_ros:/opt/ros/jazzy:/home/pheonix/ros2_ws/install/joy:/opt/ros/jazzy/opt/gz_sim_vendor:/opt/ros/jazzy/opt/gz_sensors_vendor:/opt/ros/jazzy/opt/gz_physics_vendor:/opt/ros/jazzy/opt/sdformat_vendor:/opt/ros/jazzy/opt/gz_gui_vendor:/opt/ros/jazzy/opt/gz_transport_vendor:/opt/ros/jazzy/opt/gz_rendering_vendor:/opt/ros/jazzy/opt/gz_plugin_vendor:/opt/ros/jazzy/opt/gz_fuel_tools_vendor:/opt/ros/jazzy/opt/gz_msgs_vendor:/opt/ros/jazzy/opt/gz_common_vendor:/opt/ros/jazzy/opt/gz_math_vendor:/opt/ros/jazzy/opt/gz_utils_vendor:/opt/ros/jazzy/opt/gz_tools_vendor:/opt/ros/jazzy/opt/gz_ogre_next_vendor:/opt/ros/jazzy/opt/gz_dartsim_vendor:/opt/ros/jazzy/opt/gz_cmake_vendor DEBUGINFOD_URLS=https://debuginfod.ubuntu.com /usr/bin/cmake --build /home/pheonix/ros2_ws/build/joy -- -j2 -l2
[24.112s] Invoking command in '/home/pheonix/ros2_ws/build/joy': CMAKE_PREFIX_PATH=/home/pheonix/ros2_ws/install/urdfdom_headers:/home/pheonix/ros2_ws/install/turtlesim:/home/pheonix/ros2_ws/install/test_msgs:/home/pheonix/ros2_ws/install/test_interface_files:/home/pheonix/ros2_ws/install/teleop_twist_joy:/home/pheonix/ros2_ws/install/statistics_msgs:/home/pheonix/ros2_ws/install/action_msgs:/home/pheonix/ros2_ws/install/service_msgs:/home/pheonix/ros2_ws/install/rosgraph_msgs:/home/pheonix/ros2_ws/install/rosbag2_test_common:/home/pheonix/ros2_ws/install/composition_interfaces:/home/pheonix/ros2_ws/install/rcl_interfaces:/home/pheonix/ros2_ws/install/lifecycle_msgs:/home/pheonix/ros2_ws/install/joy_linux:/home/pheonix/ros2_ws/install/type_description_interfaces:/home/pheonix/ros2_ws/install/test_launch_ros:/home/pheonix/ros2_ws/install/ros2launch:/home/pheonix/ros2_ws/install/launch_testing_ros:/home/pheonix/ros2_ws/install/launch_ros:/opt/ros/jazzy:/home/pheonix/ros2_ws/install/joy:/opt/ros/jazzy/opt/gz_sim_vendor:/opt/ros/jazzy/opt/gz_sensors_vendor:/opt/ros/jazzy/opt/gz_physics_vendor:/opt/ros/jazzy/opt/sdformat_vendor:/opt/ros/jazzy/opt/gz_gui_vendor:/opt/ros/jazzy/opt/gz_transport_vendor:/opt/ros/jazzy/opt/gz_rendering_vendor:/opt/ros/jazzy/opt/gz_plugin_vendor:/opt/ros/jazzy/opt/gz_fuel_tools_vendor:/opt/ros/jazzy/opt/gz_msgs_vendor:/opt/ros/jazzy/opt/gz_common_vendor:/opt/ros/jazzy/opt/gz_math_vendor:/opt/ros/jazzy/opt/gz_utils_vendor:/opt/ros/jazzy/opt/gz_tools_vendor:/opt/ros/jazzy/opt/gz_ogre_next_vendor:/opt/ros/jazzy/opt/gz_dartsim_vendor:/opt/ros/jazzy/opt/gz_cmake_vendor DEBUGINFOD_URLS=https://debuginfod.ubuntu.com /usr/bin/cmake --install /home/pheonix/ros2_ws/build/joy
[24.120s] -- Install configuration: ""
[24.121s] -- Execute custom install script
[24.121s] -- Up-to-date symlink: /home/pheonix/ros2_ws/install/joy/lib/joy/joy_node
[24.121s] -- Up-to-date symlink: /home/pheonix/ros2_ws/install/joy/lib/joy/game_controller_node
[24.122s] -- Up-to-date symlink: /home/pheonix/ros2_ws/install/joy/lib/joy/joy_enumerate_devices
[24.135s] -- Up-to-date symlink: /home/pheonix/ros2_ws/install/joy/include/joy/joy/game_controller.hpp
[24.135s] -- Up-to-date symlink: /home/pheonix/ros2_ws/install/joy/include/joy/joy/joy.hpp
[24.138s] -- Up-to-date symlink: /home/pheonix/ros2_ws/install/joy/share/joy/config/joy-params.yaml
[24.138s] -- Up-to-date symlink: /home/pheonix/ros2_ws/install/joy/share/joy/launch/joy-composed-launch.py
[24.138s] -- Up-to-date symlink: /home/pheonix/ros2_ws/install/joy/share/joy/launch/joy-launch.py
[24.138s] -- Up-to-date symlink: /home/pheonix/ros2_ws/install/joy/share/ament_index/resource_index/package_run_dependencies/joy
[24.138s] -- Up-to-date symlink: /home/pheonix/ros2_ws/install/joy/share/ament_index/resource_index/parent_prefix_path/joy
[24.138s] -- Up-to-date symlink: /home/pheonix/ros2_ws/install/joy/share/joy/environment/ament_prefix_path.sh
[24.138s] -- Up-to-date symlink: /home/pheonix/ros2_ws/install/joy/share/joy/environment/ament_prefix_path.dsv
[24.138s] -- Up-to-date symlink: /home/pheonix/ros2_ws/install/joy/share/joy/environment/path.sh
[24.138s] -- Up-to-date symlink: /home/pheonix/ros2_ws/install/joy/share/joy/environment/path.dsv
[24.138s] -- Up-to-date symlink: /home/pheonix/ros2_ws/install/joy/share/joy/local_setup.bash
[24.138s] -- Up-to-date symlink: /home/pheonix/ros2_ws/install/joy/share/joy/local_setup.sh
[24.138s] -- Up-to-date symlink: /home/pheonix/ros2_ws/install/joy/share/joy/local_setup.zsh
[24.138s] -- Up-to-date symlink: /home/pheonix/ros2_ws/install/joy/share/joy/local_setup.dsv
[24.138s] -- Symlinking: /home/pheonix/ros2_ws/install/joy/share/joy/package.dsv
[24.165s] -- Up-to-date symlink: /home/pheonix/ros2_ws/install/joy/share/ament_index/resource_index/packages/joy
[24.165s] -- Up-to-date symlink: /home/pheonix/ros2_ws/install/joy/share/ament_index/resource_index/rclcpp_components/joy
[24.165s] -- Up-to-date symlink: /home/pheonix/ros2_ws/install/joy/share/joy/cmake/ament_cmake_export_targets-extras.cmake
[24.165s] -- Up-to-date symlink: /home/pheonix/ros2_ws/install/joy/share/joy/cmake/ament_cmake_export_dependencies-extras.cmake
[24.166s] -- Up-to-date symlink: /home/pheonix/ros2_ws/install/joy/share/joy/cmake/joyConfig.cmake
[24.166s] -- Up-to-date symlink: /home/pheonix/ros2_ws/install/joy/share/joy/cmake/joyConfig-version.cmake
[24.166s] -- Up-to-date symlink: /home/pheonix/ros2_ws/install/joy/share/joy/package.xml
[24.168s] -- Installing: /home/pheonix/ros2_ws/install/joy/lib/libjoy.so
[24.173s] -- Set non-toolchain portion of runtime path of "/home/pheonix/ros2_ws/install/joy/lib/libjoy.so" to ""
[24.175s] -- Installing: /home/pheonix/ros2_ws/install/joy/lib/libgame_controller.so
[24.180s] -- Set non-toolchain portion of runtime path of "/home/pheonix/ros2_ws/install/joy/lib/libgame_controller.so" to ""
[24.187s] -- Installing: /home/pheonix/ros2_ws/install/joy/share/joy/cmake/export_joyExport.cmake
[24.187s] -- Installing: /home/pheonix/ros2_ws/install/joy/share/joy/cmake/export_joyExport-noconfig.cmake
[24.187s] -- Installing: /home/pheonix/ros2_ws/install/joy/share/joy/cmake/export_game_controllerExport.cmake
[24.187s] -- Installing: /home/pheonix/ros2_ws/install/joy/share/joy/cmake/export_game_controllerExport-noconfig.cmake
[24.188s] Invoked command in '/home/pheonix/ros2_ws/build/joy' returned '0': CMAKE_PREFIX_PATH=/home/pheonix/ros2_ws/install/urdfdom_headers:/home/pheonix/ros2_ws/install/turtlesim:/home/pheonix/ros2_ws/install/test_msgs:/home/pheonix/ros2_ws/install/test_interface_files:/home/pheonix/ros2_ws/install/teleop_twist_joy:/home/pheonix/ros2_ws/install/statistics_msgs:/home/pheonix/ros2_ws/install/action_msgs:/home/pheonix/ros2_ws/install/service_msgs:/home/pheonix/ros2_ws/install/rosgraph_msgs:/home/pheonix/ros2_ws/install/rosbag2_test_common:/home/pheonix/ros2_ws/install/composition_interfaces:/home/pheonix/ros2_ws/install/rcl_interfaces:/home/pheonix/ros2_ws/install/lifecycle_msgs:/home/pheonix/ros2_ws/install/joy_linux:/home/pheonix/ros2_ws/install/type_description_interfaces:/home/pheonix/ros2_ws/install/test_launch_ros:/home/pheonix/ros2_ws/install/ros2launch:/home/pheonix/ros2_ws/install/launch_testing_ros:/home/pheonix/ros2_ws/install/launch_ros:/opt/ros/jazzy:/home/pheonix/ros2_ws/install/joy:/opt/ros/jazzy/opt/gz_sim_vendor:/opt/ros/jazzy/opt/gz_sensors_vendor:/opt/ros/jazzy/opt/gz_physics_vendor:/opt/ros/jazzy/opt/sdformat_vendor:/opt/ros/jazzy/opt/gz_gui_vendor:/opt/ros/jazzy/opt/gz_transport_vendor:/opt/ros/jazzy/opt/gz_rendering_vendor:/opt/ros/jazzy/opt/gz_plugin_vendor:/opt/ros/jazzy/opt/gz_fuel_tools_vendor:/opt/ros/jazzy/opt/gz_msgs_vendor:/opt/ros/jazzy/opt/gz_common_vendor:/opt/ros/jazzy/opt/gz_math_vendor:/opt/ros/jazzy/opt/gz_utils_vendor:/opt/ros/jazzy/opt/gz_tools_vendor:/opt/ros/jazzy/opt/gz_ogre_next_vendor:/opt/ros/jazzy/opt/gz_dartsim_vendor:/opt/ros/jazzy/opt/gz_cmake_vendor DEBUGINFOD_URLS=https://debuginfod.ubuntu.com /usr/bin/cmake --install /home/pheonix/ros2_ws/build/joy
