[0.025s] Invoking command in '/home/pheonix/ros2_ws/build/rosgraph_msgs': CMAKE_PREFIX_PATH=${CMAKE_PREFIX_PATH}:/opt/ros/jazzy DEBUGINFOD_URLS=https://debuginfod.ubuntu.com /usr/bin/cmake /home/pheonix/ros2_ws/src/rcl_interfaces/rosgraph_msgs -DCMAKE_INSTALL_PREFIX=/home/pheonix/ros2_ws/install/rosgraph_msgs
[0.190s] -- The C compiler identification is GNU 13.2.0
[0.297s] -- The CXX compiler identification is GNU 13.2.0
[0.328s] -- Detecting C compiler ABI info
[0.552s] -- Detecting C compiler ABI info - done
[0.565s] -- Check for working C compiler: /usr/bin/cc - skipped
[0.566s] -- Detecting C compile features
[0.568s] -- Detecting C compile features - done
[0.588s] -- Detecting CXX compiler ABI info
[0.799s] -- Detecting CXX compiler ABI info - done
[0.822s] -- Check for working CXX compiler: /usr/bin/c++ - skipped
[0.822s] -- Detecting CXX compile features
[0.823s] -- Detecting CXX compile features - done
[0.835s] -- Found ament_cmake: 2.5.2 (/opt/ros/jazzy/share/ament_cmake/cmake)
[1.096s] -- Found Python3: /usr/bin/python3 (found version "3.12.3") found components: Interpreter 
[1.476s] -- Found builtin_interfaces: 2.0.2 (/opt/ros/jazzy/share/builtin_interfaces/cmake)
[1.540s] -- Found rosidl_generator_c: 4.6.3 (/opt/ros/jazzy/share/rosidl_generator_c/cmake)
[1.563s] -- Found rosidl_generator_cpp: 4.6.3 (/opt/ros/jazzy/share/rosidl_generator_cpp/cmake)
[1.610s] -- Using all available rosidl_typesupport_c: rosidl_typesupport_fastrtps_c;rosidl_typesupport_introspection_c
[1.644s] -- Using all available rosidl_typesupport_cpp: rosidl_typesupport_fastrtps_cpp;rosidl_typesupport_introspection_cpp
[1.691s] -- Found rosidl_default_generators: 1.6.0 (/opt/ros/jazzy/share/rosidl_default_generators/cmake)
[1.732s] -- Found rosidl_adapter: 4.6.3 (/opt/ros/jazzy/share/rosidl_adapter/cmake)
[3.154s] -- Found ament_cmake_cppcheck: 0.17.1 (/opt/ros/jazzy/share/ament_cmake_cppcheck/cmake)
[3.158s] -- Found ament_cmake_cpplint: 0.17.1 (/opt/ros/jazzy/share/ament_cmake_cpplint/cmake)
[3.167s] -- Found ament_cmake_uncrustify: 0.17.1 (/opt/ros/jazzy/share/ament_cmake_uncrustify/cmake)
[3.167s] -- Found ament_cmake_ros: 0.12.0 (/opt/ros/jazzy/share/ament_cmake_ros/cmake)
[4.148s] -- Using all available rosidl_typesupport_c: rosidl_typesupport_fastrtps_c;rosidl_typesupport_introspection_c
[4.606s] -- Using all available rosidl_typesupport_cpp: rosidl_typesupport_fastrtps_cpp;rosidl_typesupport_introspection_cpp
[4.607s] -- Found python_cmake_module: 0.11.1 (/opt/ros/jazzy/share/python_cmake_module/cmake)
[4.897s] -- Found PythonExtra: /usr/bin/python3  
[5.835s] -- Found Python3: /usr/bin/python3 (found version "3.12.3") found components: Interpreter Development NumPy Development.Module Development.Embed 
[5.860s] -- Found ament_cmake_flake8: 0.17.1 (/opt/ros/jazzy/share/ament_cmake_flake8/cmake)
[5.872s] -- Found ament_cmake_pep257: 0.17.1 (/opt/ros/jazzy/share/ament_cmake_pep257/cmake)
[5.878s] -- Configuring done (5.8s)
[5.928s] -- Generating done (0.0s)
[5.928s] -- Build files have been written to: /home/pheonix/ros2_ws/build/rosgraph_msgs
[5.932s] Invoked command in '/home/pheonix/ros2_ws/build/rosgraph_msgs' returned '0': CMAKE_PREFIX_PATH=${CMAKE_PREFIX_PATH}:/opt/ros/jazzy DEBUGINFOD_URLS=https://debuginfod.ubuntu.com /usr/bin/cmake /home/pheonix/ros2_ws/src/rcl_interfaces/rosgraph_msgs -DCMAKE_INSTALL_PREFIX=/home/pheonix/ros2_ws/install/rosgraph_msgs
[5.933s] Invoking command in '/home/pheonix/ros2_ws/build/rosgraph_msgs': CMAKE_PREFIX_PATH=${CMAKE_PREFIX_PATH}:/opt/ros/jazzy DEBUGINFOD_URLS=https://debuginfod.ubuntu.com /usr/bin/cmake --build /home/pheonix/ros2_ws/build/rosgraph_msgs -- -j2 -l2
[6.102s] [  2%] [34m[1mGenerating type hashes for ROS interfaces[0m
[6.364s] [  2%] Built target rosgraph_msgs__rosidl_generator_type_description
[6.452s] [  2%] Built target ament_cmake_python_copy_rosgraph_msgs
[6.494s] [  5%] [34m[1mGenerating C++ code for ROS interfaces[0m
[7.285s] [  5%] Built target rosgraph_msgs__cpp
[7.335s] [  8%] [34m[1mGenerating C code for ROS interfaces[0m
[8.050s] [ 11%] [32mBuilding C object CMakeFiles/rosgraph_msgs__rosidl_generator_c.dir/rosidl_generator_c/rosgraph_msgs/msg/detail/clock__description.c.o[0m
[8.145s] [ 14%] [32mBuilding C object CMakeFiles/rosgraph_msgs__rosidl_generator_c.dir/rosidl_generator_c/rosgraph_msgs/msg/detail/clock__functions.c.o[0m
[8.267s] [ 17%] [32mBuilding C object CMakeFiles/rosgraph_msgs__rosidl_generator_c.dir/rosidl_generator_c/rosgraph_msgs/msg/detail/clock__type_support.c.o[0m
[8.331s] [ 20%] [32m[1mLinking C shared library librosgraph_msgs__rosidl_generator_c.so[0m
[8.457s] [ 20%] Built target rosgraph_msgs__rosidl_generator_c
[9.012s] running egg_info
[9.015s] creating rosgraph_msgs.egg-info
[9.057s] writing rosgraph_msgs.egg-info/PKG-INFO
[9.057s] writing dependency_links to rosgraph_msgs.egg-info/dependency_links.txt
[9.058s] writing top-level names to rosgraph_msgs.egg-info/top_level.txt
[9.058s] writing manifest file 'rosgraph_msgs.egg-info/SOURCES.txt'
[9.172s] reading manifest file 'rosgraph_msgs.egg-info/SOURCES.txt'
[9.175s] writing manifest file 'rosgraph_msgs.egg-info/SOURCES.txt'
[9.414s] [ 20%] Built target ament_cmake_python_build_rosgraph_msgs_egg
[9.442s] [ 23%] [34m[1mGenerating C++ type support for eProsima Fast-RTPS[0m
[10.182s] [ 26%] [32mBuilding CXX object CMakeFiles/rosgraph_msgs__rosidl_typesupport_fastrtps_cpp.dir/rosidl_typesupport_fastrtps_cpp/rosgraph_msgs/msg/detail/dds_fastrtps/clock__type_support.cpp.o[0m
[10.878s] [ 29%] [32m[1mLinking CXX shared library librosgraph_msgs__rosidl_typesupport_fastrtps_cpp.so[0m
[11.068s] [ 29%] Built target rosgraph_msgs__rosidl_typesupport_fastrtps_cpp
[11.121s] [ 32%] [34m[1mGenerating C introspection for ROS interfaces[0m
[11.493s] [ 35%] [32mBuilding C object CMakeFiles/rosgraph_msgs__rosidl_typesupport_introspection_c.dir/rosidl_typesupport_introspection_c/rosgraph_msgs/msg/detail/clock__type_support.c.o[0m
[11.637s] [ 38%] [32m[1mLinking C shared library librosgraph_msgs__rosidl_typesupport_introspection_c.so[0m
[11.997s] [ 38%] Built target rosgraph_msgs__rosidl_typesupport_introspection_c
[12.040s] [ 41%] [34m[1mGenerating C type support dispatch for ROS interfaces[0m
[12.574s] [ 44%] [32mBuilding CXX object CMakeFiles/rosgraph_msgs__rosidl_typesupport_c.dir/rosidl_typesupport_c/rosgraph_msgs/msg/clock__type_support.cpp.o[0m
[12.705s] [ 47%] [32m[1mLinking CXX shared library librosgraph_msgs__rosidl_typesupport_c.so[0m
[12.882s] [ 47%] Built target rosgraph_msgs__rosidl_typesupport_c
[12.947s] [ 50%] [34m[1mGenerating C++ introspection for ROS interfaces[0m
[13.462s] [ 52%] [32mBuilding CXX object CMakeFiles/rosgraph_msgs__rosidl_typesupport_introspection_cpp.dir/rosidl_typesupport_introspection_cpp/rosgraph_msgs/msg/detail/clock__type_support.cpp.o[0m
[14.003s] [ 55%] [32m[1mLinking CXX shared library librosgraph_msgs__rosidl_typesupport_introspection_cpp.so[0m
[14.264s] [ 55%] Built target rosgraph_msgs__rosidl_typesupport_introspection_cpp
[14.277s] [ 58%] [34m[1mGenerating C++ type support dispatch for ROS interfaces[0m
[14.601s] [ 61%] [32mBuilding CXX object CMakeFiles/rosgraph_msgs__rosidl_typesupport_cpp.dir/rosidl_typesupport_cpp/rosgraph_msgs/msg/clock__type_support.cpp.o[0m
[14.950s] [ 64%] [32m[1mLinking CXX shared library librosgraph_msgs__rosidl_typesupport_cpp.so[0m
[15.049s] [ 64%] Built target rosgraph_msgs__rosidl_typesupport_cpp
[15.071s] [ 67%] [34m[1mGenerating C type support for eProsima Fast-RTPS[0m
[15.398s] [ 70%] [32mBuilding CXX object CMakeFiles/rosgraph_msgs__rosidl_typesupport_fastrtps_c.dir/rosidl_typesupport_fastrtps_c/rosgraph_msgs/msg/detail/clock__type_support_c.cpp.o[0m
[16.031s] [ 73%] [32m[1mLinking CXX shared library librosgraph_msgs__rosidl_typesupport_fastrtps_c.so[0m
[16.302s] [ 73%] Built target rosgraph_msgs__rosidl_typesupport_fastrtps_c
[16.400s] [ 73%] Built target rosgraph_msgs
[16.501s] [ 76%] [34m[1mGenerating Python code for ROS interfaces[0m
[17.032s] [ 76%] Built target rosgraph_msgs__py
[17.110s] [ 79%] [32mBuilding C object CMakeFiles/rosgraph_msgs__rosidl_generator_py.dir/rosidl_generator_py/rosgraph_msgs/msg/_clock_s.c.o[0m
[17.456s] [ 82%] [32m[1mLinking C shared library librosgraph_msgs__rosidl_generator_py.so[0m
[17.539s] [ 82%] Built target rosgraph_msgs__rosidl_generator_py
[17.572s] [ 85%] [32mBuilding C object CMakeFiles/rosgraph_msgs_s__rosidl_typesupport_fastrtps_c.dir/rosidl_generator_py/rosgraph_msgs/_rosgraph_msgs_s.ep.rosidl_typesupport_fastrtps_c.c.o[0m
[17.668s] [ 88%] [32m[1mLinking C shared module rosidl_generator_py/rosgraph_msgs/rosgraph_msgs_s__rosidl_typesupport_fastrtps_c.so[0m
[17.722s] [ 88%] Built target rosgraph_msgs_s__rosidl_typesupport_fastrtps_c
[17.758s] [ 91%] [32mBuilding C object CMakeFiles/rosgraph_msgs_s__rosidl_typesupport_introspection_c.dir/rosidl_generator_py/rosgraph_msgs/_rosgraph_msgs_s.ep.rosidl_typesupport_introspection_c.c.o[0m
[17.864s] [ 94%] [32m[1mLinking C shared module rosidl_generator_py/rosgraph_msgs/rosgraph_msgs_s__rosidl_typesupport_introspection_c.so[0m
[17.996s] [ 94%] Built target rosgraph_msgs_s__rosidl_typesupport_introspection_c
[18.054s] [ 97%] [32mBuilding C object CMakeFiles/rosgraph_msgs_s__rosidl_typesupport_c.dir/rosidl_generator_py/rosgraph_msgs/_rosgraph_msgs_s.ep.rosidl_typesupport_c.c.o[0m
[18.229s] [100%] [32m[1mLinking C shared module rosidl_generator_py/rosgraph_msgs/rosgraph_msgs_s__rosidl_typesupport_c.so[0m
[18.346s] [100%] Built target rosgraph_msgs_s__rosidl_typesupport_c
[18.347s] Invoked command in '/home/pheonix/ros2_ws/build/rosgraph_msgs' returned '0': CMAKE_PREFIX_PATH=${CMAKE_PREFIX_PATH}:/opt/ros/jazzy DEBUGINFOD_URLS=https://debuginfod.ubuntu.com /usr/bin/cmake --build /home/pheonix/ros2_ws/build/rosgraph_msgs -- -j2 -l2
[18.818s] Invoking command in '/home/pheonix/ros2_ws/build/rosgraph_msgs': CMAKE_PREFIX_PATH=${CMAKE_PREFIX_PATH}:/opt/ros/jazzy DEBUGINFOD_URLS=https://debuginfod.ubuntu.com /usr/bin/cmake --install /home/pheonix/ros2_ws/build/rosgraph_msgs
[18.859s] -- Install configuration: ""
[18.859s] -- Installing: /home/pheonix/ros2_ws/install/rosgraph_msgs/share/ament_index/resource_index/rosidl_interfaces/rosgraph_msgs
[18.869s] -- Installing: /home/pheonix/ros2_ws/install/rosgraph_msgs/share/rosgraph_msgs/msg/Clock.json
[18.869s] -- Installing: /home/pheonix/ros2_ws/install/rosgraph_msgs/include/rosgraph_msgs/rosgraph_msgs
[18.869s] -- Installing: /home/pheonix/ros2_ws/install/rosgraph_msgs/include/rosgraph_msgs/rosgraph_msgs/msg
[18.869s] -- Installing: /home/pheonix/ros2_ws/install/rosgraph_msgs/include/rosgraph_msgs/rosgraph_msgs/msg/clock.h
[18.869s] -- Installing: /home/pheonix/ros2_ws/install/rosgraph_msgs/include/rosgraph_msgs/rosgraph_msgs/msg/rosidl_generator_c__visibility_control.h
[18.869s] -- Installing: /home/pheonix/ros2_ws/install/rosgraph_msgs/include/rosgraph_msgs/rosgraph_msgs/msg/detail
[18.870s] -- Installing: /home/pheonix/ros2_ws/install/rosgraph_msgs/include/rosgraph_msgs/rosgraph_msgs/msg/detail/clock__functions.h
[18.870s] -- Installing: /home/pheonix/ros2_ws/install/rosgraph_msgs/include/rosgraph_msgs/rosgraph_msgs/msg/detail/clock__type_support.h
[18.870s] -- Installing: /home/pheonix/ros2_ws/install/rosgraph_msgs/include/rosgraph_msgs/rosgraph_msgs/msg/detail/clock__type_support.c
[18.870s] -- Installing: /home/pheonix/ros2_ws/install/rosgraph_msgs/include/rosgraph_msgs/rosgraph_msgs/msg/detail/clock__description.c
[18.870s] -- Installing: /home/pheonix/ros2_ws/install/rosgraph_msgs/include/rosgraph_msgs/rosgraph_msgs/msg/detail/clock__struct.h
[18.870s] -- Installing: /home/pheonix/ros2_ws/install/rosgraph_msgs/include/rosgraph_msgs/rosgraph_msgs/msg/detail/clock__functions.c
[18.879s] -- Installing: /home/pheonix/ros2_ws/install/rosgraph_msgs/share/rosgraph_msgs/environment/library_path.sh
[18.879s] -- Installing: /home/pheonix/ros2_ws/install/rosgraph_msgs/share/rosgraph_msgs/environment/library_path.dsv
[18.879s] -- Installing: /home/pheonix/ros2_ws/install/rosgraph_msgs/lib/librosgraph_msgs__rosidl_generator_c.so
[18.879s] -- Set non-toolchain portion of runtime path of "/home/pheonix/ros2_ws/install/rosgraph_msgs/lib/librosgraph_msgs__rosidl_generator_c.so" to ""
[18.879s] -- Up-to-date: /home/pheonix/ros2_ws/install/rosgraph_msgs/include/rosgraph_msgs/rosgraph_msgs
[18.879s] -- Up-to-date: /home/pheonix/ros2_ws/install/rosgraph_msgs/include/rosgraph_msgs/rosgraph_msgs/msg
[18.879s] -- Installing: /home/pheonix/ros2_ws/install/rosgraph_msgs/include/rosgraph_msgs/rosgraph_msgs/msg/rosidl_typesupport_fastrtps_c__visibility_control.h
[18.879s] -- Up-to-date: /home/pheonix/ros2_ws/install/rosgraph_msgs/include/rosgraph_msgs/rosgraph_msgs/msg/detail
[18.879s] -- Installing: /home/pheonix/ros2_ws/install/rosgraph_msgs/include/rosgraph_msgs/rosgraph_msgs/msg/detail/clock__rosidl_typesupport_fastrtps_c.h
[18.879s] -- Installing: /home/pheonix/ros2_ws/install/rosgraph_msgs/lib/librosgraph_msgs__rosidl_typesupport_fastrtps_c.so
[18.880s] -- Set non-toolchain portion of runtime path of "/home/pheonix/ros2_ws/install/rosgraph_msgs/lib/librosgraph_msgs__rosidl_typesupport_fastrtps_c.so" to ""
[18.880s] -- Up-to-date: /home/pheonix/ros2_ws/install/rosgraph_msgs/include/rosgraph_msgs/rosgraph_msgs
[18.880s] -- Up-to-date: /home/pheonix/ros2_ws/install/rosgraph_msgs/include/rosgraph_msgs/rosgraph_msgs/msg
[18.880s] -- Installing: /home/pheonix/ros2_ws/install/rosgraph_msgs/include/rosgraph_msgs/rosgraph_msgs/msg/rosidl_generator_cpp__visibility_control.hpp
[18.880s] -- Up-to-date: /home/pheonix/ros2_ws/install/rosgraph_msgs/include/rosgraph_msgs/rosgraph_msgs/msg/detail
[18.880s] -- Installing: /home/pheonix/ros2_ws/install/rosgraph_msgs/include/rosgraph_msgs/rosgraph_msgs/msg/detail/clock__type_support.hpp
[18.880s] -- Installing: /home/pheonix/ros2_ws/install/rosgraph_msgs/include/rosgraph_msgs/rosgraph_msgs/msg/detail/clock__builder.hpp
[18.881s] -- Installing: /home/pheonix/ros2_ws/install/rosgraph_msgs/include/rosgraph_msgs/rosgraph_msgs/msg/detail/clock__traits.hpp
[18.881s] -- Installing: /home/pheonix/ros2_ws/install/rosgraph_msgs/include/rosgraph_msgs/rosgraph_msgs/msg/detail/clock__struct.hpp
[18.881s] -- Installing: /home/pheonix/ros2_ws/install/rosgraph_msgs/include/rosgraph_msgs/rosgraph_msgs/msg/clock.hpp
[18.881s] -- Up-to-date: /home/pheonix/ros2_ws/install/rosgraph_msgs/include/rosgraph_msgs/rosgraph_msgs
[18.881s] -- Up-to-date: /home/pheonix/ros2_ws/install/rosgraph_msgs/include/rosgraph_msgs/rosgraph_msgs/msg
[18.881s] -- Up-to-date: /home/pheonix/ros2_ws/install/rosgraph_msgs/include/rosgraph_msgs/rosgraph_msgs/msg/detail
[18.881s] -- Installing: /home/pheonix/ros2_ws/install/rosgraph_msgs/include/rosgraph_msgs/rosgraph_msgs/msg/detail/dds_fastrtps
[18.881s] -- Installing: /home/pheonix/ros2_ws/install/rosgraph_msgs/include/rosgraph_msgs/rosgraph_msgs/msg/detail/clock__rosidl_typesupport_fastrtps_cpp.hpp
[18.881s] -- Installing: /home/pheonix/ros2_ws/install/rosgraph_msgs/include/rosgraph_msgs/rosgraph_msgs/msg/rosidl_typesupport_fastrtps_cpp__visibility_control.h
[18.882s] -- Installing: /home/pheonix/ros2_ws/install/rosgraph_msgs/lib/librosgraph_msgs__rosidl_typesupport_fastrtps_cpp.so
[18.882s] -- Set non-toolchain portion of runtime path of "/home/pheonix/ros2_ws/install/rosgraph_msgs/lib/librosgraph_msgs__rosidl_typesupport_fastrtps_cpp.so" to ""
[18.882s] -- Up-to-date: /home/pheonix/ros2_ws/install/rosgraph_msgs/include/rosgraph_msgs/rosgraph_msgs
[18.882s] -- Up-to-date: /home/pheonix/ros2_ws/install/rosgraph_msgs/include/rosgraph_msgs/rosgraph_msgs/msg
[18.882s] -- Up-to-date: /home/pheonix/ros2_ws/install/rosgraph_msgs/include/rosgraph_msgs/rosgraph_msgs/msg/detail
[18.882s] -- Installing: /home/pheonix/ros2_ws/install/rosgraph_msgs/include/rosgraph_msgs/rosgraph_msgs/msg/detail/clock__rosidl_typesupport_introspection_c.h
[18.886s] -- Installing: /home/pheonix/ros2_ws/install/rosgraph_msgs/include/rosgraph_msgs/rosgraph_msgs/msg/detail/clock__type_support.c
[18.886s] -- Installing: /home/pheonix/ros2_ws/install/rosgraph_msgs/include/rosgraph_msgs/rosgraph_msgs/msg/rosidl_typesupport_introspection_c__visibility_control.h
[18.886s] -- Installing: /home/pheonix/ros2_ws/install/rosgraph_msgs/lib/librosgraph_msgs__rosidl_typesupport_introspection_c.so
[18.886s] -- Set non-toolchain portion of runtime path of "/home/pheonix/ros2_ws/install/rosgraph_msgs/lib/librosgraph_msgs__rosidl_typesupport_introspection_c.so" to ""
[18.886s] -- Installing: /home/pheonix/ros2_ws/install/rosgraph_msgs/lib/librosgraph_msgs__rosidl_typesupport_c.so
[18.891s] -- Set non-toolchain portion of runtime path of "/home/pheonix/ros2_ws/install/rosgraph_msgs/lib/librosgraph_msgs__rosidl_typesupport_c.so" to ""
[18.891s] -- Up-to-date: /home/pheonix/ros2_ws/install/rosgraph_msgs/include/rosgraph_msgs/rosgraph_msgs
[18.891s] -- Up-to-date: /home/pheonix/ros2_ws/install/rosgraph_msgs/include/rosgraph_msgs/rosgraph_msgs/msg
[18.892s] -- Up-to-date: /home/pheonix/ros2_ws/install/rosgraph_msgs/include/rosgraph_msgs/rosgraph_msgs/msg/detail
[18.900s] -- Installing: /home/pheonix/ros2_ws/install/rosgraph_msgs/include/rosgraph_msgs/rosgraph_msgs/msg/detail/clock__rosidl_typesupport_introspection_cpp.hpp
[18.900s] -- Installing: /home/pheonix/ros2_ws/install/rosgraph_msgs/include/rosgraph_msgs/rosgraph_msgs/msg/detail/clock__type_support.cpp
[18.900s] -- Installing: /home/pheonix/ros2_ws/install/rosgraph_msgs/lib/librosgraph_msgs__rosidl_typesupport_introspection_cpp.so
[18.900s] -- Set non-toolchain portion of runtime path of "/home/pheonix/ros2_ws/install/rosgraph_msgs/lib/librosgraph_msgs__rosidl_typesupport_introspection_cpp.so" to ""
[18.900s] -- Installing: /home/pheonix/ros2_ws/install/rosgraph_msgs/lib/librosgraph_msgs__rosidl_typesupport_cpp.so
[18.900s] -- Set non-toolchain portion of runtime path of "/home/pheonix/ros2_ws/install/rosgraph_msgs/lib/librosgraph_msgs__rosidl_typesupport_cpp.so" to ""
[18.900s] -- Installing: /home/pheonix/ros2_ws/install/rosgraph_msgs/share/rosgraph_msgs/environment/pythonpath.sh
[18.900s] -- Installing: /home/pheonix/ros2_ws/install/rosgraph_msgs/share/rosgraph_msgs/environment/pythonpath.dsv
[18.900s] -- Installing: /home/pheonix/ros2_ws/install/rosgraph_msgs/lib/python3.12/site-packages/rosgraph_msgs-2.2.0-py3.12.egg-info
[18.900s] -- Installing: /home/pheonix/ros2_ws/install/rosgraph_msgs/lib/python3.12/site-packages/rosgraph_msgs-2.2.0-py3.12.egg-info/SOURCES.txt
[18.900s] -- Installing: /home/pheonix/ros2_ws/install/rosgraph_msgs/lib/python3.12/site-packages/rosgraph_msgs-2.2.0-py3.12.egg-info/dependency_links.txt
[18.900s] -- Installing: /home/pheonix/ros2_ws/install/rosgraph_msgs/lib/python3.12/site-packages/rosgraph_msgs-2.2.0-py3.12.egg-info/PKG-INFO
[18.900s] -- Installing: /home/pheonix/ros2_ws/install/rosgraph_msgs/lib/python3.12/site-packages/rosgraph_msgs-2.2.0-py3.12.egg-info/top_level.txt
[18.900s] -- Installing: /home/pheonix/ros2_ws/install/rosgraph_msgs/lib/python3.12/site-packages/rosgraph_msgs
[18.902s] -- Installing: /home/pheonix/ros2_ws/install/rosgraph_msgs/lib/python3.12/site-packages/rosgraph_msgs/_rosgraph_msgs_s.ep.rosidl_typesupport_fastrtps_c.c
[18.905s] -- Installing: /home/pheonix/ros2_ws/install/rosgraph_msgs/lib/python3.12/site-packages/rosgraph_msgs/rosgraph_msgs_s__rosidl_typesupport_c.so
[18.905s] -- Installing: /home/pheonix/ros2_ws/install/rosgraph_msgs/lib/python3.12/site-packages/rosgraph_msgs/msg
[18.906s] -- Installing: /home/pheonix/ros2_ws/install/rosgraph_msgs/lib/python3.12/site-packages/rosgraph_msgs/msg/_clock.py
[18.913s] -- Installing: /home/pheonix/ros2_ws/install/rosgraph_msgs/lib/python3.12/site-packages/rosgraph_msgs/msg/__init__.py
[18.913s] -- Installing: /home/pheonix/ros2_ws/install/rosgraph_msgs/lib/python3.12/site-packages/rosgraph_msgs/msg/_clock_s.c
[18.913s] -- Installing: /home/pheonix/ros2_ws/install/rosgraph_msgs/lib/python3.12/site-packages/rosgraph_msgs/_rosgraph_msgs_s.ep.rosidl_typesupport_introspection_c.c
[18.913s] -- Installing: /home/pheonix/ros2_ws/install/rosgraph_msgs/lib/python3.12/site-packages/rosgraph_msgs/__init__.py
[18.913s] -- Installing: /home/pheonix/ros2_ws/install/rosgraph_msgs/lib/python3.12/site-packages/rosgraph_msgs/rosgraph_msgs_s__rosidl_typesupport_introspection_c.so
[18.913s] -- Installing: /home/pheonix/ros2_ws/install/rosgraph_msgs/lib/python3.12/site-packages/rosgraph_msgs/_rosgraph_msgs_s.ep.rosidl_typesupport_c.c
[18.913s] -- Installing: /home/pheonix/ros2_ws/install/rosgraph_msgs/lib/python3.12/site-packages/rosgraph_msgs/rosgraph_msgs_s__rosidl_typesupport_fastrtps_c.so
[19.040s] Listing '/home/pheonix/ros2_ws/install/rosgraph_msgs/lib/python3.12/site-packages/rosgraph_msgs'...
[19.040s] Compiling '/home/pheonix/ros2_ws/install/rosgraph_msgs/lib/python3.12/site-packages/rosgraph_msgs/__init__.py'...
[19.040s] Listing '/home/pheonix/ros2_ws/install/rosgraph_msgs/lib/python3.12/site-packages/rosgraph_msgs/msg'...
[19.040s] Compiling '/home/pheonix/ros2_ws/install/rosgraph_msgs/lib/python3.12/site-packages/rosgraph_msgs/msg/__init__.py'...
[19.040s] Compiling '/home/pheonix/ros2_ws/install/rosgraph_msgs/lib/python3.12/site-packages/rosgraph_msgs/msg/_clock.py'...
[19.049s] -- Installing: /home/pheonix/ros2_ws/install/rosgraph_msgs/lib/python3.12/site-packages/rosgraph_msgs/rosgraph_msgs_s__rosidl_typesupport_fastrtps_c.so
[19.050s] -- Set non-toolchain portion of runtime path of "/home/pheonix/ros2_ws/install/rosgraph_msgs/lib/python3.12/site-packages/rosgraph_msgs/rosgraph_msgs_s__rosidl_typesupport_fastrtps_c.so" to ""
[19.050s] -- Installing: /home/pheonix/ros2_ws/install/rosgraph_msgs/lib/python3.12/site-packages/rosgraph_msgs/rosgraph_msgs_s__rosidl_typesupport_introspection_c.so
[19.050s] -- Set non-toolchain portion of runtime path of "/home/pheonix/ros2_ws/install/rosgraph_msgs/lib/python3.12/site-packages/rosgraph_msgs/rosgraph_msgs_s__rosidl_typesupport_introspection_c.so" to ""
[19.050s] -- Installing: /home/pheonix/ros2_ws/install/rosgraph_msgs/lib/python3.12/site-packages/rosgraph_msgs/rosgraph_msgs_s__rosidl_typesupport_c.so
[19.050s] -- Set non-toolchain portion of runtime path of "/home/pheonix/ros2_ws/install/rosgraph_msgs/lib/python3.12/site-packages/rosgraph_msgs/rosgraph_msgs_s__rosidl_typesupport_c.so" to ""
[19.050s] -- Installing: /home/pheonix/ros2_ws/install/rosgraph_msgs/lib/librosgraph_msgs__rosidl_generator_py.so
[19.050s] -- Set non-toolchain portion of runtime path of "/home/pheonix/ros2_ws/install/rosgraph_msgs/lib/librosgraph_msgs__rosidl_generator_py.so" to ""
[19.050s] -- Installing: /home/pheonix/ros2_ws/install/rosgraph_msgs/share/rosgraph_msgs/msg/Clock.idl
[19.050s] -- Installing: /home/pheonix/ros2_ws/install/rosgraph_msgs/share/rosgraph_msgs/msg/Clock.msg
[19.050s] -- Installing: /home/pheonix/ros2_ws/install/rosgraph_msgs/share/ament_index/resource_index/package_run_dependencies/rosgraph_msgs
[19.050s] -- Installing: /home/pheonix/ros2_ws/install/rosgraph_msgs/share/ament_index/resource_index/parent_prefix_path/rosgraph_msgs
[19.050s] -- Installing: /home/pheonix/ros2_ws/install/rosgraph_msgs/share/rosgraph_msgs/environment/ament_prefix_path.sh
[19.050s] -- Installing: /home/pheonix/ros2_ws/install/rosgraph_msgs/share/rosgraph_msgs/environment/ament_prefix_path.dsv
[19.050s] -- Installing: /home/pheonix/ros2_ws/install/rosgraph_msgs/share/rosgraph_msgs/environment/path.sh
[19.050s] -- Installing: /home/pheonix/ros2_ws/install/rosgraph_msgs/share/rosgraph_msgs/environment/path.dsv
[19.050s] -- Installing: /home/pheonix/ros2_ws/install/rosgraph_msgs/share/rosgraph_msgs/local_setup.bash
[19.050s] -- Installing: /home/pheonix/ros2_ws/install/rosgraph_msgs/share/rosgraph_msgs/local_setup.sh
[19.050s] -- Installing: /home/pheonix/ros2_ws/install/rosgraph_msgs/share/rosgraph_msgs/local_setup.zsh
[19.050s] -- Installing: /home/pheonix/ros2_ws/install/rosgraph_msgs/share/rosgraph_msgs/local_setup.dsv
[19.050s] -- Installing: /home/pheonix/ros2_ws/install/rosgraph_msgs/share/rosgraph_msgs/package.dsv
[19.050s] -- Installing: /home/pheonix/ros2_ws/install/rosgraph_msgs/share/ament_index/resource_index/packages/rosgraph_msgs
[19.050s] -- Installing: /home/pheonix/ros2_ws/install/rosgraph_msgs/share/rosgraph_msgs/cmake/export_rosgraph_msgs__rosidl_generator_cExport.cmake
[19.050s] -- Installing: /home/pheonix/ros2_ws/install/rosgraph_msgs/share/rosgraph_msgs/cmake/export_rosgraph_msgs__rosidl_generator_cExport-noconfig.cmake
[19.050s] -- Installing: /home/pheonix/ros2_ws/install/rosgraph_msgs/share/rosgraph_msgs/cmake/export_rosgraph_msgs__rosidl_typesupport_fastrtps_cExport.cmake
[19.050s] -- Installing: /home/pheonix/ros2_ws/install/rosgraph_msgs/share/rosgraph_msgs/cmake/export_rosgraph_msgs__rosidl_typesupport_fastrtps_cExport-noconfig.cmake
[19.051s] -- Installing: /home/pheonix/ros2_ws/install/rosgraph_msgs/share/rosgraph_msgs/cmake/export_rosgraph_msgs__rosidl_generator_cppExport.cmake
[19.051s] -- Installing: /home/pheonix/ros2_ws/install/rosgraph_msgs/share/rosgraph_msgs/cmake/export_rosgraph_msgs__rosidl_typesupport_fastrtps_cppExport.cmake
[19.064s] -- Installing: /home/pheonix/ros2_ws/install/rosgraph_msgs/share/rosgraph_msgs/cmake/export_rosgraph_msgs__rosidl_typesupport_fastrtps_cppExport-noconfig.cmake
[19.064s] -- Installing: /home/pheonix/ros2_ws/install/rosgraph_msgs/share/rosgraph_msgs/cmake/rosgraph_msgs__rosidl_typesupport_introspection_cExport.cmake
[19.067s] -- Installing: /home/pheonix/ros2_ws/install/rosgraph_msgs/share/rosgraph_msgs/cmake/rosgraph_msgs__rosidl_typesupport_introspection_cExport-noconfig.cmake
[19.067s] -- Installing: /home/pheonix/ros2_ws/install/rosgraph_msgs/share/rosgraph_msgs/cmake/rosgraph_msgs__rosidl_typesupport_cExport.cmake
[19.067s] -- Installing: /home/pheonix/ros2_ws/install/rosgraph_msgs/share/rosgraph_msgs/cmake/rosgraph_msgs__rosidl_typesupport_cExport-noconfig.cmake
[19.067s] -- Installing: /home/pheonix/ros2_ws/install/rosgraph_msgs/share/rosgraph_msgs/cmake/rosgraph_msgs__rosidl_typesupport_introspection_cppExport.cmake
[19.067s] -- Installing: /home/pheonix/ros2_ws/install/rosgraph_msgs/share/rosgraph_msgs/cmake/rosgraph_msgs__rosidl_typesupport_introspection_cppExport-noconfig.cmake
[19.067s] -- Installing: /home/pheonix/ros2_ws/install/rosgraph_msgs/share/rosgraph_msgs/cmake/rosgraph_msgs__rosidl_typesupport_cppExport.cmake
[19.067s] -- Installing: /home/pheonix/ros2_ws/install/rosgraph_msgs/share/rosgraph_msgs/cmake/rosgraph_msgs__rosidl_typesupport_cppExport-noconfig.cmake
[19.067s] -- Installing: /home/pheonix/ros2_ws/install/rosgraph_msgs/share/rosgraph_msgs/cmake/export_rosgraph_msgs__rosidl_generator_pyExport.cmake
[19.067s] -- Installing: /home/pheonix/ros2_ws/install/rosgraph_msgs/share/rosgraph_msgs/cmake/export_rosgraph_msgs__rosidl_generator_pyExport-noconfig.cmake
[19.067s] -- Installing: /home/pheonix/ros2_ws/install/rosgraph_msgs/share/rosgraph_msgs/cmake/rosidl_cmake-extras.cmake
[19.067s] -- Installing: /home/pheonix/ros2_ws/install/rosgraph_msgs/share/rosgraph_msgs/cmake/ament_cmake_export_dependencies-extras.cmake
[19.067s] -- Installing: /home/pheonix/ros2_ws/install/rosgraph_msgs/share/rosgraph_msgs/cmake/ament_cmake_export_include_directories-extras.cmake
[19.068s] -- Installing: /home/pheonix/ros2_ws/install/rosgraph_msgs/share/rosgraph_msgs/cmake/ament_cmake_export_libraries-extras.cmake
[19.068s] -- Installing: /home/pheonix/ros2_ws/install/rosgraph_msgs/share/rosgraph_msgs/cmake/ament_cmake_export_targets-extras.cmake
[19.068s] -- Installing: /home/pheonix/ros2_ws/install/rosgraph_msgs/share/rosgraph_msgs/cmake/rosidl_cmake_export_typesupport_targets-extras.cmake
[19.068s] -- Installing: /home/pheonix/ros2_ws/install/rosgraph_msgs/share/rosgraph_msgs/cmake/rosidl_cmake_export_typesupport_libraries-extras.cmake
[19.068s] -- Installing: /home/pheonix/ros2_ws/install/rosgraph_msgs/share/rosgraph_msgs/cmake/rosgraph_msgsConfig.cmake
[19.071s] -- Installing: /home/pheonix/ros2_ws/install/rosgraph_msgs/share/rosgraph_msgs/cmake/rosgraph_msgsConfig-version.cmake
[19.071s] -- Installing: /home/pheonix/ros2_ws/install/rosgraph_msgs/share/rosgraph_msgs/package.xml
[19.092s] Invoked command in '/home/pheonix/ros2_ws/build/rosgraph_msgs' returned '0': CMAKE_PREFIX_PATH=${CMAKE_PREFIX_PATH}:/opt/ros/jazzy DEBUGINFOD_URLS=https://debuginfod.ubuntu.com /usr/bin/cmake --install /home/pheonix/ros2_ws/build/rosgraph_msgs
