[0.022s] Invoking command in '/home/pheonix/ros2_ws/build/turtlesim': CMAKE_PREFIX_PATH=${CMAKE_PREFIX_PATH}:/opt/ros/jazzy DEBUGINFOD_URLS=https://debuginfod.ubuntu.com /usr/bin/cmake /home/pheonix/ros2_ws/src/ros_tutorials/turtlesim -DCMAKE_INSTALL_PREFIX=/home/pheonix/ros2_ws/install/turtlesim
[0.268s] -- The C compiler identification is GNU 13.2.0
[0.417s] -- The CXX compiler identification is GNU 13.2.0
[0.454s] -- Detecting C compiler ABI info
[0.559s] -- Detecting C compiler ABI info - done
[0.564s] -- Check for working C compiler: /usr/bin/cc - skipped
[0.565s] -- Detecting C compile features
[0.566s] -- Detecting C compile features - done
[0.579s] -- Detecting CXX compiler ABI info
[0.665s] -- Detecting CXX compiler ABI info - done
[0.670s] -- Check for working CXX compiler: /usr/bin/c++ - skipped
[0.670s] -- Detecting CXX compile features
[0.671s] -- Detecting CXX compile features - done
[0.697s] -- Found ament_cmake: 2.5.2 (/opt/ros/jazzy/share/ament_cmake/cmake)
[0.818s] -- Found Python3: /usr/bin/python3 (found version "3.12.3") found components: Interpreter 
[0.939s] -- Found ament_index_cpp: 1.8.1 (/opt/ros/jazzy/share/ament_index_cpp/cmake)
[0.943s] -- Found geometry_msgs: 5.3.5 (/opt/ros/jazzy/share/geometry_msgs/cmake)
[1.003s] -- Found rosidl_generator_c: 4.6.3 (/opt/ros/jazzy/share/rosidl_generator_c/cmake)
[1.019s] -- Found rosidl_generator_cpp: 4.6.3 (/opt/ros/jazzy/share/rosidl_generator_cpp/cmake)
[1.054s] -- Using all available rosidl_typesupport_c: rosidl_typesupport_fastrtps_c;rosidl_typesupport_introspection_c
[1.077s] -- Using all available rosidl_typesupport_cpp: rosidl_typesupport_fastrtps_cpp;rosidl_typesupport_introspection_cpp
[1.182s] -- Found rcl_interfaces: 2.0.2 (/opt/ros/jazzy/share/rcl_interfaces/cmake)
[1.243s] -- Found rclcpp: 28.1.3 (/opt/ros/jazzy/share/rclcpp/cmake)
[1.281s] -- Found rmw_implementation_cmake: 7.3.1 (/opt/ros/jazzy/share/rmw_implementation_cmake/cmake)
[1.288s] -- Found rmw_fastrtps_cpp: 8.4.1 (/opt/ros/jazzy/share/rmw_fastrtps_cpp/cmake)
[1.396s] -- Found OpenSSL: /usr/lib/x86_64-linux-gnu/libcrypto.so (found version "3.0.13")  
[1.436s] -- Found FastRTPS: /opt/ros/jazzy/include (Required is at least version "2.13") 
[1.460s] -- Using RMW implementation 'rmw_fastrtps_cpp' as default
[1.679s] -- Found rclcpp_action: 28.1.3 (/opt/ros/jazzy/share/rclcpp_action/cmake)
[1.776s] -- Found rosidl_default_generators: 1.6.0 (/opt/ros/jazzy/share/rosidl_default_generators/cmake)
[1.806s] -- Found rosidl_adapter: 4.6.3 (/opt/ros/jazzy/share/rosidl_adapter/cmake)
[1.816s] -- Found std_srvs: 5.3.5 (/opt/ros/jazzy/share/std_srvs/cmake)
[2.280s] -- Found ament_cmake_ros: 0.12.0 (/opt/ros/jazzy/share/ament_cmake_ros/cmake)
[2.784s] -- Using all available rosidl_typesupport_c: rosidl_typesupport_fastrtps_c;rosidl_typesupport_introspection_c
[2.975s] -- Using all available rosidl_typesupport_cpp: rosidl_typesupport_fastrtps_cpp;rosidl_typesupport_introspection_cpp
[2.982s] -- Found python_cmake_module: 0.11.1 (/opt/ros/jazzy/share/python_cmake_module/cmake)
[3.132s] -- Found PythonExtra: /usr/bin/python3  
[3.820s] -- Found Python3: /usr/bin/python3 (found version "3.12.3") found components: Interpreter Development NumPy Development.Module Development.Embed 
[3.851s] -- Found ament_lint_auto: 0.17.1 (/opt/ros/jazzy/share/ament_lint_auto/cmake)
[3.900s] -- Added test 'copyright' to check source files copyright and LICENSE
[3.903s] -- Added test 'cppcheck' to perform static code analysis on C / C++ code
[3.903s] -- Configured cppcheck include dirs: /home/pheonix/ros2_ws/src/ros_tutorials/turtlesim/include
[3.903s] -- Configured cppcheck exclude dirs and/or files: 
[3.905s] -- Added test 'cpplint' to check C / C++ code against the Google style
[3.905s] -- Configured cpplint exclude dirs and/or files: 
[3.906s] -- Added test 'flake8' to check Python code syntax and style conventions
[3.906s] -- Configured 'flake8' exclude dirs and/or files: 
[3.907s] -- Added test 'lint_cmake' to check CMake code style
[3.908s] -- Added test 'pep257' to check Python code against some of the docstring style conventions in PEP 257
[3.909s] -- Added test 'uncrustify' to check C / C++ code style
[3.910s] -- Configured uncrustify additional arguments: 
[3.910s] -- Added test 'xmllint' to check XML markup files
[3.914s] -- Configuring done (3.8s)
[3.971s] -- Generating done (0.0s)
[3.974s] -- Build files have been written to: /home/pheonix/ros2_ws/build/turtlesim
[3.985s] Invoked command in '/home/pheonix/ros2_ws/build/turtlesim' returned '0': CMAKE_PREFIX_PATH=${CMAKE_PREFIX_PATH}:/opt/ros/jazzy DEBUGINFOD_URLS=https://debuginfod.ubuntu.com /usr/bin/cmake /home/pheonix/ros2_ws/src/ros_tutorials/turtlesim -DCMAKE_INSTALL_PREFIX=/home/pheonix/ros2_ws/install/turtlesim
[3.986s] Invoking command in '/home/pheonix/ros2_ws/build/turtlesim': CMAKE_PREFIX_PATH=${CMAKE_PREFIX_PATH}:/opt/ros/jazzy DEBUGINFOD_URLS=https://debuginfod.ubuntu.com /usr/bin/cmake --build /home/pheonix/ros2_ws/build/turtlesim -- -j2 -l2
[4.032s] [  0%] [34m[1mGenerating type hashes for ROS interfaces[0m
[4.036s] [  0%] Built target ament_cmake_python_copy_turtlesim
[4.179s] running egg_info
[4.179s] creating turtlesim.egg-info
[4.181s] writing turtlesim.egg-info/PKG-INFO
[4.181s] writing dependency_links to turtlesim.egg-info/dependency_links.txt
[4.182s] writing top-level names to turtlesim.egg-info/top_level.txt
[4.182s] writing manifest file 'turtlesim.egg-info/SOURCES.txt'
[4.213s] reading manifest file 'turtlesim.egg-info/SOURCES.txt'
[4.214s] writing manifest file 'turtlesim.egg-info/SOURCES.txt'
[4.233s] [  0%] Built target ament_cmake_python_build_turtlesim_egg
[4.275s] [  0%] Built target turtlesim__rosidl_generator_type_description
[4.285s] [  1%] [34m[1mGenerating C code for ROS interfaces[0m
[4.293s] [  2%] [34m[1mGenerating C++ code for ROS interfaces[0m
[5.043s] [  2%] Built target turtlesim__cpp
[5.114s] [  3%] [32mBuilding C object CMakeFiles/turtlesim__rosidl_generator_c.dir/rosidl_generator_c/turtlesim/action/detail/rotate_absolute__functions.c.o[0m
[5.114s] [  4%] [32mBuilding C object CMakeFiles/turtlesim__rosidl_generator_c.dir/rosidl_generator_c/turtlesim/action/detail/rotate_absolute__description.c.o[0m
[5.229s] [  5%] [32mBuilding C object CMakeFiles/turtlesim__rosidl_generator_c.dir/rosidl_generator_c/turtlesim/action/detail/rotate_absolute__type_support.c.o[0m
[5.256s] [  6%] [32mBuilding C object CMakeFiles/turtlesim__rosidl_generator_c.dir/rosidl_generator_c/turtlesim/msg/detail/color__description.c.o[0m
[5.282s] [  7%] [32mBuilding C object CMakeFiles/turtlesim__rosidl_generator_c.dir/rosidl_generator_c/turtlesim/msg/detail/color__functions.c.o[0m
[5.286s] [  7%] [32mBuilding C object CMakeFiles/turtlesim__rosidl_generator_c.dir/rosidl_generator_c/turtlesim/msg/detail/color__type_support.c.o[0m
[5.308s] [  8%] [32mBuilding C object CMakeFiles/turtlesim__rosidl_generator_c.dir/rosidl_generator_c/turtlesim/msg/detail/pose__description.c.o[0m
[5.318s] [  9%] [32mBuilding C object CMakeFiles/turtlesim__rosidl_generator_c.dir/rosidl_generator_c/turtlesim/msg/detail/pose__functions.c.o[0m
[5.337s] [ 10%] [32mBuilding C object CMakeFiles/turtlesim__rosidl_generator_c.dir/rosidl_generator_c/turtlesim/msg/detail/pose__type_support.c.o[0m
[5.353s] [ 11%] [32mBuilding C object CMakeFiles/turtlesim__rosidl_generator_c.dir/rosidl_generator_c/turtlesim/srv/detail/kill__description.c.o[0m
[5.360s] [ 12%] [32mBuilding C object CMakeFiles/turtlesim__rosidl_generator_c.dir/rosidl_generator_c/turtlesim/srv/detail/kill__functions.c.o[0m
[5.388s] [ 13%] [32mBuilding C object CMakeFiles/turtlesim__rosidl_generator_c.dir/rosidl_generator_c/turtlesim/srv/detail/kill__type_support.c.o[0m
[5.417s] [ 14%] [32mBuilding C object CMakeFiles/turtlesim__rosidl_generator_c.dir/rosidl_generator_c/turtlesim/srv/detail/set_pen__description.c.o[0m
[5.417s] [ 14%] [32mBuilding C object CMakeFiles/turtlesim__rosidl_generator_c.dir/rosidl_generator_c/turtlesim/srv/detail/set_pen__functions.c.o[0m
[5.453s] [ 15%] [32mBuilding C object CMakeFiles/turtlesim__rosidl_generator_c.dir/rosidl_generator_c/turtlesim/srv/detail/set_pen__type_support.c.o[0m
[5.469s] [ 16%] [32mBuilding C object CMakeFiles/turtlesim__rosidl_generator_c.dir/rosidl_generator_c/turtlesim/srv/detail/spawn__description.c.o[0m
[5.483s] [ 17%] [32mBuilding C object CMakeFiles/turtlesim__rosidl_generator_c.dir/rosidl_generator_c/turtlesim/srv/detail/spawn__functions.c.o[0m
[5.504s] [ 18%] [32mBuilding C object CMakeFiles/turtlesim__rosidl_generator_c.dir/rosidl_generator_c/turtlesim/srv/detail/spawn__type_support.c.o[0m
[5.533s] [ 19%] [32mBuilding C object CMakeFiles/turtlesim__rosidl_generator_c.dir/rosidl_generator_c/turtlesim/srv/detail/teleport_absolute__description.c.o[0m
[5.538s] [ 20%] [32mBuilding C object CMakeFiles/turtlesim__rosidl_generator_c.dir/rosidl_generator_c/turtlesim/srv/detail/teleport_absolute__functions.c.o[0m
[5.565s] [ 20%] [32mBuilding C object CMakeFiles/turtlesim__rosidl_generator_c.dir/rosidl_generator_c/turtlesim/srv/detail/teleport_absolute__type_support.c.o[0m
[5.588s] [ 21%] [32mBuilding C object CMakeFiles/turtlesim__rosidl_generator_c.dir/rosidl_generator_c/turtlesim/srv/detail/teleport_relative__description.c.o[0m
[5.593s] [ 22%] [32mBuilding C object CMakeFiles/turtlesim__rosidl_generator_c.dir/rosidl_generator_c/turtlesim/srv/detail/teleport_relative__functions.c.o[0m
[5.625s] [ 23%] [32mBuilding C object CMakeFiles/turtlesim__rosidl_generator_c.dir/rosidl_generator_c/turtlesim/srv/detail/teleport_relative__type_support.c.o[0m
[5.654s] [ 24%] [32m[1mLinking C shared library libturtlesim__rosidl_generator_c.so[0m
[5.700s] [ 24%] Built target turtlesim__rosidl_generator_c
[5.709s] [ 25%] [34m[1mGenerating C++ type support dispatch for ROS interfaces[0m
[5.709s] [ 26%] [34m[1mGenerating C type support for eProsima Fast-RTPS[0m
[6.048s] [ 27%] [32mBuilding CXX object CMakeFiles/turtlesim__rosidl_typesupport_cpp.dir/rosidl_typesupport_cpp/turtlesim/action/rotate_absolute__type_support.cpp.o[0m
[6.463s] [ 27%] [32mBuilding CXX object CMakeFiles/turtlesim__rosidl_typesupport_fastrtps_c.dir/rosidl_typesupport_fastrtps_c/turtlesim/action/detail/rotate_absolute__type_support_c.cpp.o[0m
[6.897s] [ 28%] [32mBuilding CXX object CMakeFiles/turtlesim__rosidl_typesupport_cpp.dir/rosidl_typesupport_cpp/turtlesim/msg/color__type_support.cpp.o[0m
[6.973s] [ 29%] [32mBuilding CXX object CMakeFiles/turtlesim__rosidl_typesupport_fastrtps_c.dir/rosidl_typesupport_fastrtps_c/turtlesim/msg/detail/color__type_support_c.cpp.o[0m
[7.080s] [ 30%] [32mBuilding CXX object CMakeFiles/turtlesim__rosidl_typesupport_cpp.dir/rosidl_typesupport_cpp/turtlesim/msg/pose__type_support.cpp.o[0m
[7.235s] [ 31%] [32mBuilding CXX object CMakeFiles/turtlesim__rosidl_typesupport_fastrtps_c.dir/rosidl_typesupport_fastrtps_c/turtlesim/msg/detail/pose__type_support_c.cpp.o[0m
[7.261s] [ 31%] [32mBuilding CXX object CMakeFiles/turtlesim__rosidl_typesupport_cpp.dir/rosidl_typesupport_cpp/turtlesim/srv/kill__type_support.cpp.o[0m
[7.496s] [ 32%] [32mBuilding CXX object CMakeFiles/turtlesim__rosidl_typesupport_cpp.dir/rosidl_typesupport_cpp/turtlesim/srv/set_pen__type_support.cpp.o[0m
[7.503s] [ 33%] [32mBuilding CXX object CMakeFiles/turtlesim__rosidl_typesupport_fastrtps_c.dir/rosidl_typesupport_fastrtps_c/turtlesim/srv/detail/kill__type_support_c.cpp.o[0m
[7.742s] [ 34%] [32mBuilding CXX object CMakeFiles/turtlesim__rosidl_typesupport_cpp.dir/rosidl_typesupport_cpp/turtlesim/srv/spawn__type_support.cpp.o[0m
[7.886s] [ 35%] [32mBuilding CXX object CMakeFiles/turtlesim__rosidl_typesupport_fastrtps_c.dir/rosidl_typesupport_fastrtps_c/turtlesim/srv/detail/set_pen__type_support_c.cpp.o[0m
[8.047s] [ 36%] [32mBuilding CXX object CMakeFiles/turtlesim__rosidl_typesupport_cpp.dir/rosidl_typesupport_cpp/turtlesim/srv/teleport_absolute__type_support.cpp.o[0m
[8.303s] [ 37%] [32mBuilding CXX object CMakeFiles/turtlesim__rosidl_typesupport_fastrtps_c.dir/rosidl_typesupport_fastrtps_c/turtlesim/srv/detail/spawn__type_support_c.cpp.o[0m
[8.425s] [ 38%] [32mBuilding CXX object CMakeFiles/turtlesim__rosidl_typesupport_cpp.dir/rosidl_typesupport_cpp/turtlesim/srv/teleport_relative__type_support.cpp.o[0m
[8.856s] [ 39%] [32mBuilding CXX object CMakeFiles/turtlesim__rosidl_typesupport_fastrtps_c.dir/rosidl_typesupport_fastrtps_c/turtlesim/srv/detail/teleport_absolute__type_support_c.cpp.o[0m
[8.960s] [ 40%] [32m[1mLinking CXX shared library libturtlesim__rosidl_typesupport_cpp.so[0m
[9.052s] [ 40%] Built target turtlesim__rosidl_typesupport_cpp
[9.061s] [ 41%] [34m[1mGenerating C++ type support for eProsima Fast-RTPS[0m
[9.264s] [ 41%] [32mBuilding CXX object CMakeFiles/turtlesim__rosidl_typesupport_fastrtps_c.dir/rosidl_typesupport_fastrtps_c/turtlesim/srv/detail/teleport_relative__type_support_c.cpp.o[0m
[9.716s] [ 42%] [32m[1mLinking CXX shared library libturtlesim__rosidl_typesupport_fastrtps_c.so[0m
[9.732s] [ 43%] [32mBuilding CXX object CMakeFiles/turtlesim__rosidl_typesupport_fastrtps_cpp.dir/rosidl_typesupport_fastrtps_cpp/turtlesim/action/detail/dds_fastrtps/rotate_absolute__type_support.cpp.o[0m
[9.787s] [ 43%] Built target turtlesim__rosidl_typesupport_fastrtps_c
[9.796s] [ 44%] [34m[1mGenerating C introspection for ROS interfaces[0m
[10.474s] [ 45%] [32mBuilding C object CMakeFiles/turtlesim__rosidl_typesupport_introspection_c.dir/rosidl_typesupport_introspection_c/turtlesim/action/detail/rotate_absolute__type_support.c.o[0m
[10.558s] [ 46%] [32mBuilding C object CMakeFiles/turtlesim__rosidl_typesupport_introspection_c.dir/rosidl_typesupport_introspection_c/turtlesim/msg/detail/color__type_support.c.o[0m
[10.603s] [ 46%] [32mBuilding C object CMakeFiles/turtlesim__rosidl_typesupport_introspection_c.dir/rosidl_typesupport_introspection_c/turtlesim/msg/detail/pose__type_support.c.o[0m
[10.636s] [ 47%] [32mBuilding C object CMakeFiles/turtlesim__rosidl_typesupport_introspection_c.dir/rosidl_typesupport_introspection_c/turtlesim/srv/detail/kill__type_support.c.o[0m
[10.768s] [ 48%] [32mBuilding C object CMakeFiles/turtlesim__rosidl_typesupport_introspection_c.dir/rosidl_typesupport_introspection_c/turtlesim/srv/detail/set_pen__type_support.c.o[0m
[10.801s] [ 49%] [32mBuilding CXX object CMakeFiles/turtlesim__rosidl_typesupport_fastrtps_cpp.dir/rosidl_typesupport_fastrtps_cpp/turtlesim/msg/detail/dds_fastrtps/color__type_support.cpp.o[0m
[10.816s] [ 50%] [32mBuilding C object CMakeFiles/turtlesim__rosidl_typesupport_introspection_c.dir/rosidl_typesupport_introspection_c/turtlesim/srv/detail/spawn__type_support.c.o[0m
[11.068s] [ 51%] [32mBuilding C object CMakeFiles/turtlesim__rosidl_typesupport_introspection_c.dir/rosidl_typesupport_introspection_c/turtlesim/srv/detail/teleport_absolute__type_support.c.o[0m
[11.080s] [ 52%] [32mBuilding CXX object CMakeFiles/turtlesim__rosidl_typesupport_fastrtps_cpp.dir/rosidl_typesupport_fastrtps_cpp/turtlesim/msg/detail/dds_fastrtps/pose__type_support.cpp.o[0m
[11.106s] [ 53%] [32mBuilding C object CMakeFiles/turtlesim__rosidl_typesupport_introspection_c.dir/rosidl_typesupport_introspection_c/turtlesim/srv/detail/teleport_relative__type_support.c.o[0m
[11.140s] [ 54%] [32m[1mLinking C shared library libturtlesim__rosidl_typesupport_introspection_c.so[0m
[11.175s] [ 54%] Built target turtlesim__rosidl_typesupport_introspection_c
[11.184s] [ 55%] [34m[1mGenerating C type support dispatch for ROS interfaces[0m
[11.376s] [ 56%] [32mBuilding CXX object CMakeFiles/turtlesim__rosidl_typesupport_fastrtps_cpp.dir/rosidl_typesupport_fastrtps_cpp/turtlesim/srv/detail/dds_fastrtps/kill__type_support.cpp.o[0m
[11.503s] [ 57%] [32mBuilding CXX object CMakeFiles/turtlesim__rosidl_typesupport_c.dir/rosidl_typesupport_c/turtlesim/action/rotate_absolute__type_support.cpp.o[0m
[11.552s] [ 58%] [32mBuilding CXX object CMakeFiles/turtlesim__rosidl_typesupport_c.dir/rosidl_typesupport_c/turtlesim/msg/color__type_support.cpp.o[0m
[11.582s] [ 59%] [32mBuilding CXX object CMakeFiles/turtlesim__rosidl_typesupport_c.dir/rosidl_typesupport_c/turtlesim/msg/pose__type_support.cpp.o[0m
[11.614s] [ 60%] [32mBuilding CXX object CMakeFiles/turtlesim__rosidl_typesupport_c.dir/rosidl_typesupport_c/turtlesim/srv/kill__type_support.cpp.o[0m
[11.647s] [ 61%] [32mBuilding CXX object CMakeFiles/turtlesim__rosidl_typesupport_c.dir/rosidl_typesupport_c/turtlesim/srv/set_pen__type_support.cpp.o[0m
[11.687s] [ 61%] [32mBuilding CXX object CMakeFiles/turtlesim__rosidl_typesupport_c.dir/rosidl_typesupport_c/turtlesim/srv/spawn__type_support.cpp.o[0m
[11.726s] [ 62%] [32mBuilding CXX object CMakeFiles/turtlesim__rosidl_typesupport_c.dir/rosidl_typesupport_c/turtlesim/srv/teleport_absolute__type_support.cpp.o[0m
[11.763s] [ 62%] [32mBuilding CXX object CMakeFiles/turtlesim__rosidl_typesupport_fastrtps_cpp.dir/rosidl_typesupport_fastrtps_cpp/turtlesim/srv/detail/dds_fastrtps/set_pen__type_support.cpp.o[0m
[11.763s] [ 63%] [32mBuilding CXX object CMakeFiles/turtlesim__rosidl_typesupport_c.dir/rosidl_typesupport_c/turtlesim/srv/teleport_relative__type_support.cpp.o[0m
[11.808s] [ 64%] [32m[1mLinking CXX shared library libturtlesim__rosidl_typesupport_c.so[0m
[11.847s] [ 64%] Built target turtlesim__rosidl_typesupport_c
[11.862s] [ 64%] [34m[1mGenerating C++ introspection for ROS interfaces[0m
[12.167s] [ 65%] [32mBuilding CXX object CMakeFiles/turtlesim__rosidl_typesupport_fastrtps_cpp.dir/rosidl_typesupport_fastrtps_cpp/turtlesim/srv/detail/dds_fastrtps/spawn__type_support.cpp.o[0m
[12.398s] [ 66%] [32mBuilding CXX object CMakeFiles/turtlesim__rosidl_typesupport_introspection_cpp.dir/rosidl_typesupport_introspection_cpp/turtlesim/action/detail/rotate_absolute__type_support.cpp.o[0m
[12.576s] [ 67%] [32mBuilding CXX object CMakeFiles/turtlesim__rosidl_typesupport_fastrtps_cpp.dir/rosidl_typesupport_fastrtps_cpp/turtlesim/srv/detail/dds_fastrtps/teleport_absolute__type_support.cpp.o[0m
[12.888s] [ 68%] [32mBuilding CXX object CMakeFiles/turtlesim__rosidl_typesupport_introspection_cpp.dir/rosidl_typesupport_introspection_cpp/turtlesim/msg/detail/color__type_support.cpp.o[0m
[12.971s] [ 69%] [32mBuilding CXX object CMakeFiles/turtlesim__rosidl_typesupport_fastrtps_cpp.dir/rosidl_typesupport_fastrtps_cpp/turtlesim/srv/detail/dds_fastrtps/teleport_relative__type_support.cpp.o[0m
[13.253s] [ 70%] [32mBuilding CXX object CMakeFiles/turtlesim__rosidl_typesupport_introspection_cpp.dir/rosidl_typesupport_introspection_cpp/turtlesim/msg/detail/pose__type_support.cpp.o[0m
[13.499s] [ 71%] [32m[1mLinking CXX shared library libturtlesim__rosidl_typesupport_fastrtps_cpp.so[0m
[13.506s] [ 72%] [32mBuilding CXX object CMakeFiles/turtlesim__rosidl_typesupport_introspection_cpp.dir/rosidl_typesupport_introspection_cpp/turtlesim/srv/detail/kill__type_support.cpp.o[0m
[13.565s] [ 72%] Built target turtlesim__rosidl_typesupport_fastrtps_cpp
[13.572s] [ 73%] [34m[1mGenerating include/turtlesim/moc_turtle_frame.cpp[0m
[13.687s] [ 74%] [32mBuilding CXX object CMakeFiles/turtlesim_node.dir/src/turtlesim.cpp.o[0m
[13.815s] [ 75%] [32mBuilding CXX object CMakeFiles/turtlesim__rosidl_typesupport_introspection_cpp.dir/rosidl_typesupport_introspection_cpp/turtlesim/srv/detail/set_pen__type_support.cpp.o[0m
[14.099s] [ 76%] [32mBuilding CXX object CMakeFiles/turtlesim__rosidl_typesupport_introspection_cpp.dir/rosidl_typesupport_introspection_cpp/turtlesim/srv/detail/spawn__type_support.cpp.o[0m
[14.435s] [ 76%] [32mBuilding CXX object CMakeFiles/turtlesim__rosidl_typesupport_introspection_cpp.dir/rosidl_typesupport_introspection_cpp/turtlesim/srv/detail/teleport_absolute__type_support.cpp.o[0m
[14.971s] [ 77%] [32mBuilding CXX object CMakeFiles/turtlesim__rosidl_typesupport_introspection_cpp.dir/rosidl_typesupport_introspection_cpp/turtlesim/srv/detail/teleport_relative__type_support.cpp.o[0m
[15.430s] [ 78%] [32m[1mLinking CXX shared library libturtlesim__rosidl_typesupport_introspection_cpp.so[0m
[15.496s] [ 78%] Built target turtlesim__rosidl_typesupport_introspection_cpp
[15.503s] [ 79%] [32mBuilding CXX object CMakeFiles/turtlesim_node.dir/src/turtle.cpp.o[0m
[18.251s] [ 80%] [32mBuilding CXX object CMakeFiles/turtlesim_node.dir/src/turtle_frame.cpp.o[0m
[26.241s] [ 81%] [32mBuilding CXX object CMakeFiles/turtle_teleop_key.dir/tutorials/teleop_turtle_key.cpp.o[0m
[26.803s] [ 81%] [32mBuilding CXX object CMakeFiles/turtlesim_node.dir/include/turtlesim/moc_turtle_frame.cpp.o[0m
[29.574s] [ 82%] [32m[1mLinking CXX executable turtlesim_node[0m
[30.111s] [ 83%] [32m[1mLinking CXX executable turtle_teleop_key[0m
[30.333s] [ 83%] Built target turtle_teleop_key
[30.354s] [ 83%] [32mBuilding CXX object CMakeFiles/draw_square.dir/tutorials/draw_square.cpp.o[0m
[30.993s] [ 83%] Built target turtlesim_node
[31.008s] [ 84%] [32mBuilding CXX object CMakeFiles/mimic.dir/tutorials/mimic.cpp.o[0m
[36.561s] [ 85%] [32m[1mLinking CXX executable draw_square[0m
[36.607s] [ 86%] [32m[1mLinking CXX executable mimic[0m
[36.760s] [ 86%] Built target draw_square
[36.779s] [ 86%] Built target turtlesim
[36.796s] [ 86%] Built target mimic
[36.798s] [ 86%] [34m[1mGenerating Python code for ROS interfaces[0m
[37.742s] [ 86%] Built target turtlesim__py
[37.767s] [ 88%] [32mBuilding C object CMakeFiles/turtlesim__rosidl_generator_py.dir/rosidl_generator_py/turtlesim/action/_rotate_absolute_s.c.o[0m
[37.767s] [ 88%] [32mBuilding C object CMakeFiles/turtlesim__rosidl_generator_py.dir/rosidl_generator_py/turtlesim/msg/_color_s.c.o[0m
[37.944s] [ 88%] [32mBuilding C object CMakeFiles/turtlesim__rosidl_generator_py.dir/rosidl_generator_py/turtlesim/msg/_pose_s.c.o[0m
[37.992s] [ 89%] [32mBuilding C object CMakeFiles/turtlesim__rosidl_generator_py.dir/rosidl_generator_py/turtlesim/srv/_kill_s.c.o[0m
[38.021s] [ 90%] [32mBuilding C object CMakeFiles/turtlesim__rosidl_generator_py.dir/rosidl_generator_py/turtlesim/srv/_set_pen_s.c.o[0m
[38.083s] [ 91%] [32mBuilding C object CMakeFiles/turtlesim__rosidl_generator_py.dir/rosidl_generator_py/turtlesim/srv/_spawn_s.c.o[0m
[38.115s] [ 92%] [32mBuilding C object CMakeFiles/turtlesim__rosidl_generator_py.dir/rosidl_generator_py/turtlesim/srv/_teleport_absolute_s.c.o[0m
[38.186s] [ 93%] [32mBuilding C object CMakeFiles/turtlesim__rosidl_generator_py.dir/rosidl_generator_py/turtlesim/srv/_teleport_relative_s.c.o[0m
[38.288s] [ 94%] [32m[1mLinking C shared library libturtlesim__rosidl_generator_py.so[0m
[38.329s] [ 94%] Built target turtlesim__rosidl_generator_py
[38.345s] [ 95%] [32mBuilding C object CMakeFiles/turtlesim_s__rosidl_typesupport_fastrtps_c.dir/rosidl_generator_py/turtlesim/_turtlesim_s.ep.rosidl_typesupport_fastrtps_c.c.o[0m
[38.345s] [ 96%] [32mBuilding C object CMakeFiles/turtlesim_s__rosidl_typesupport_introspection_c.dir/rosidl_generator_py/turtlesim/_turtlesim_s.ep.rosidl_typesupport_introspection_c.c.o[0m
[38.467s] [ 97%] [32m[1mLinking C shared module rosidl_generator_py/turtlesim/turtlesim_s__rosidl_typesupport_fastrtps_c.so[0m
[38.475s] [ 98%] [32m[1mLinking C shared module rosidl_generator_py/turtlesim/turtlesim_s__rosidl_typesupport_introspection_c.so[0m
[38.496s] [ 98%] Built target turtlesim_s__rosidl_typesupport_fastrtps_c
[38.502s] [ 98%] Built target turtlesim_s__rosidl_typesupport_introspection_c
[38.512s] [ 99%] [32mBuilding C object CMakeFiles/turtlesim_s__rosidl_typesupport_c.dir/rosidl_generator_py/turtlesim/_turtlesim_s.ep.rosidl_typesupport_c.c.o[0m
[38.620s] [100%] [32m[1mLinking C shared module rosidl_generator_py/turtlesim/turtlesim_s__rosidl_typesupport_c.so[0m
[38.644s] [100%] Built target turtlesim_s__rosidl_typesupport_c
[38.653s] Invoked command in '/home/pheonix/ros2_ws/build/turtlesim' returned '0': CMAKE_PREFIX_PATH=${CMAKE_PREFIX_PATH}:/opt/ros/jazzy DEBUGINFOD_URLS=https://debuginfod.ubuntu.com /usr/bin/cmake --build /home/pheonix/ros2_ws/build/turtlesim -- -j2 -l2
[39.050s] Invoking command in '/home/pheonix/ros2_ws/build/turtlesim': CMAKE_PREFIX_PATH=${CMAKE_PREFIX_PATH}:/opt/ros/jazzy DEBUGINFOD_URLS=https://debuginfod.ubuntu.com /usr/bin/cmake --install /home/pheonix/ros2_ws/build/turtlesim
[39.060s] -- Install configuration: ""
[39.060s] -- Installing: /home/pheonix/ros2_ws/install/turtlesim/share/ament_index/resource_index/rosidl_interfaces/turtlesim
[39.060s] -- Installing: /home/pheonix/ros2_ws/install/turtlesim/share/turtlesim/action/RotateAbsolute.json
[39.060s] -- Installing: /home/pheonix/ros2_ws/install/turtlesim/share/turtlesim/msg/Color.json
[39.060s] -- Installing: /home/pheonix/ros2_ws/install/turtlesim/share/turtlesim/msg/Pose.json
[39.060s] -- Installing: /home/pheonix/ros2_ws/install/turtlesim/share/turtlesim/srv/Kill.json
[39.060s] -- Installing: /home/pheonix/ros2_ws/install/turtlesim/share/turtlesim/srv/SetPen.json
[39.060s] -- Installing: /home/pheonix/ros2_ws/install/turtlesim/share/turtlesim/srv/Spawn.json
[39.060s] -- Installing: /home/pheonix/ros2_ws/install/turtlesim/share/turtlesim/srv/TeleportAbsolute.json
[39.060s] -- Installing: /home/pheonix/ros2_ws/install/turtlesim/share/turtlesim/srv/TeleportRelative.json
[39.060s] -- Installing: /home/pheonix/ros2_ws/install/turtlesim/include/turtlesim/turtlesim
[39.060s] -- Installing: /home/pheonix/ros2_ws/install/turtlesim/include/turtlesim/turtlesim/msg
[39.060s] -- Installing: /home/pheonix/ros2_ws/install/turtlesim/include/turtlesim/turtlesim/msg/rosidl_generator_c__visibility_control.h
[39.060s] -- Installing: /home/pheonix/ros2_ws/install/turtlesim/include/turtlesim/turtlesim/msg/detail
[39.060s] -- Installing: /home/pheonix/ros2_ws/install/turtlesim/include/turtlesim/turtlesim/msg/detail/color__type_support.c
[39.060s] -- Installing: /home/pheonix/ros2_ws/install/turtlesim/include/turtlesim/turtlesim/msg/detail/pose__functions.c
[39.060s] -- Installing: /home/pheonix/ros2_ws/install/turtlesim/include/turtlesim/turtlesim/msg/detail/color__struct.h
[39.060s] -- Installing: /home/pheonix/ros2_ws/install/turtlesim/include/turtlesim/turtlesim/msg/detail/pose__functions.h
[39.060s] -- Installing: /home/pheonix/ros2_ws/install/turtlesim/include/turtlesim/turtlesim/msg/detail/color__description.c
[39.060s] -- Installing: /home/pheonix/ros2_ws/install/turtlesim/include/turtlesim/turtlesim/msg/detail/color__functions.h
[39.060s] -- Installing: /home/pheonix/ros2_ws/install/turtlesim/include/turtlesim/turtlesim/msg/detail/pose__type_support.h
[39.061s] -- Installing: /home/pheonix/ros2_ws/install/turtlesim/include/turtlesim/turtlesim/msg/detail/color__functions.c
[39.061s] -- Installing: /home/pheonix/ros2_ws/install/turtlesim/include/turtlesim/turtlesim/msg/detail/pose__description.c
[39.061s] -- Installing: /home/pheonix/ros2_ws/install/turtlesim/include/turtlesim/turtlesim/msg/detail/pose__struct.h
[39.061s] -- Installing: /home/pheonix/ros2_ws/install/turtlesim/include/turtlesim/turtlesim/msg/detail/color__type_support.h
[39.061s] -- Installing: /home/pheonix/ros2_ws/install/turtlesim/include/turtlesim/turtlesim/msg/detail/pose__type_support.c
[39.061s] -- Installing: /home/pheonix/ros2_ws/install/turtlesim/include/turtlesim/turtlesim/msg/pose.h
[39.061s] -- Installing: /home/pheonix/ros2_ws/install/turtlesim/include/turtlesim/turtlesim/msg/color.h
[39.062s] -- Installing: /home/pheonix/ros2_ws/install/turtlesim/include/turtlesim/turtlesim/action
[39.062s] -- Installing: /home/pheonix/ros2_ws/install/turtlesim/include/turtlesim/turtlesim/action/rotate_absolute.h
[39.062s] -- Installing: /home/pheonix/ros2_ws/install/turtlesim/include/turtlesim/turtlesim/action/detail
[39.062s] -- Installing: /home/pheonix/ros2_ws/install/turtlesim/include/turtlesim/turtlesim/action/detail/rotate_absolute__functions.c
[39.062s] -- Installing: /home/pheonix/ros2_ws/install/turtlesim/include/turtlesim/turtlesim/action/detail/rotate_absolute__struct.h
[39.062s] -- Installing: /home/pheonix/ros2_ws/install/turtlesim/include/turtlesim/turtlesim/action/detail/rotate_absolute__description.c
[39.062s] -- Installing: /home/pheonix/ros2_ws/install/turtlesim/include/turtlesim/turtlesim/action/detail/rotate_absolute__functions.h
[39.062s] -- Installing: /home/pheonix/ros2_ws/install/turtlesim/include/turtlesim/turtlesim/action/detail/rotate_absolute__type_support.h
[39.063s] -- Installing: /home/pheonix/ros2_ws/install/turtlesim/include/turtlesim/turtlesim/action/detail/rotate_absolute__type_support.c
[39.063s] -- Installing: /home/pheonix/ros2_ws/install/turtlesim/include/turtlesim/turtlesim/srv
[39.063s] -- Installing: /home/pheonix/ros2_ws/install/turtlesim/include/turtlesim/turtlesim/srv/set_pen.h
[39.063s] -- Installing: /home/pheonix/ros2_ws/install/turtlesim/include/turtlesim/turtlesim/srv/kill.h
[39.063s] -- Installing: /home/pheonix/ros2_ws/install/turtlesim/include/turtlesim/turtlesim/srv/teleport_relative.h
[39.063s] -- Installing: /home/pheonix/ros2_ws/install/turtlesim/include/turtlesim/turtlesim/srv/teleport_absolute.h
[39.063s] -- Installing: /home/pheonix/ros2_ws/install/turtlesim/include/turtlesim/turtlesim/srv/detail
[39.063s] -- Installing: /home/pheonix/ros2_ws/install/turtlesim/include/turtlesim/turtlesim/srv/detail/teleport_relative__type_support.c
[39.063s] -- Installing: /home/pheonix/ros2_ws/install/turtlesim/include/turtlesim/turtlesim/srv/detail/set_pen__type_support.h
[39.063s] -- Installing: /home/pheonix/ros2_ws/install/turtlesim/include/turtlesim/turtlesim/srv/detail/kill__struct.h
[39.063s] -- Installing: /home/pheonix/ros2_ws/install/turtlesim/include/turtlesim/turtlesim/srv/detail/kill__functions.c
[39.063s] -- Installing: /home/pheonix/ros2_ws/install/turtlesim/include/turtlesim/turtlesim/srv/detail/spawn__functions.h
[39.063s] -- Installing: /home/pheonix/ros2_ws/install/turtlesim/include/turtlesim/turtlesim/srv/detail/kill__description.c
[39.063s] -- Installing: /home/pheonix/ros2_ws/install/turtlesim/include/turtlesim/turtlesim/srv/detail/teleport_relative__description.c
[39.063s] -- Installing: /home/pheonix/ros2_ws/install/turtlesim/include/turtlesim/turtlesim/srv/detail/teleport_absolute__description.c
[39.063s] -- Installing: /home/pheonix/ros2_ws/install/turtlesim/include/turtlesim/turtlesim/srv/detail/kill__type_support.c
[39.063s] -- Installing: /home/pheonix/ros2_ws/install/turtlesim/include/turtlesim/turtlesim/srv/detail/teleport_relative__struct.h
[39.063s] -- Installing: /home/pheonix/ros2_ws/install/turtlesim/include/turtlesim/turtlesim/srv/detail/set_pen__type_support.c
[39.064s] -- Installing: /home/pheonix/ros2_ws/install/turtlesim/include/turtlesim/turtlesim/srv/detail/teleport_absolute__type_support.h
[39.064s] -- Installing: /home/pheonix/ros2_ws/install/turtlesim/include/turtlesim/turtlesim/srv/detail/spawn__type_support.c
[39.064s] -- Installing: /home/pheonix/ros2_ws/install/turtlesim/include/turtlesim/turtlesim/srv/detail/teleport_absolute__struct.h
[39.064s] -- Installing: /home/pheonix/ros2_ws/install/turtlesim/include/turtlesim/turtlesim/srv/detail/teleport_relative__functions.c
[39.064s] -- Installing: /home/pheonix/ros2_ws/install/turtlesim/include/turtlesim/turtlesim/srv/detail/teleport_absolute__functions.c
[39.064s] -- Installing: /home/pheonix/ros2_ws/install/turtlesim/include/turtlesim/turtlesim/srv/detail/teleport_relative__type_support.h
[39.064s] -- Installing: /home/pheonix/ros2_ws/install/turtlesim/include/turtlesim/turtlesim/srv/detail/set_pen__description.c
[39.064s] -- Installing: /home/pheonix/ros2_ws/install/turtlesim/include/turtlesim/turtlesim/srv/detail/kill__functions.h
[39.064s] -- Installing: /home/pheonix/ros2_ws/install/turtlesim/include/turtlesim/turtlesim/srv/detail/teleport_relative__functions.h
[39.064s] -- Installing: /home/pheonix/ros2_ws/install/turtlesim/include/turtlesim/turtlesim/srv/detail/set_pen__struct.h
[39.064s] -- Installing: /home/pheonix/ros2_ws/install/turtlesim/include/turtlesim/turtlesim/srv/detail/spawn__struct.h
[39.064s] -- Installing: /home/pheonix/ros2_ws/install/turtlesim/include/turtlesim/turtlesim/srv/detail/kill__type_support.h
[39.064s] -- Installing: /home/pheonix/ros2_ws/install/turtlesim/include/turtlesim/turtlesim/srv/detail/teleport_absolute__functions.h
[39.064s] -- Installing: /home/pheonix/ros2_ws/install/turtlesim/include/turtlesim/turtlesim/srv/detail/spawn__description.c
[39.065s] -- Installing: /home/pheonix/ros2_ws/install/turtlesim/include/turtlesim/turtlesim/srv/detail/set_pen__functions.c
[39.065s] -- Installing: /home/pheonix/ros2_ws/install/turtlesim/include/turtlesim/turtlesim/srv/detail/teleport_absolute__type_support.c
[39.065s] -- Installing: /home/pheonix/ros2_ws/install/turtlesim/include/turtlesim/turtlesim/srv/detail/spawn__functions.c
[39.065s] -- Installing: /home/pheonix/ros2_ws/install/turtlesim/include/turtlesim/turtlesim/srv/detail/spawn__type_support.h
[39.065s] -- Installing: /home/pheonix/ros2_ws/install/turtlesim/include/turtlesim/turtlesim/srv/detail/set_pen__functions.h
[39.065s] -- Installing: /home/pheonix/ros2_ws/install/turtlesim/include/turtlesim/turtlesim/srv/spawn.h
[39.065s] -- Installing: /home/pheonix/ros2_ws/install/turtlesim/share/turtlesim/environment/library_path.sh
[39.065s] -- Installing: /home/pheonix/ros2_ws/install/turtlesim/share/turtlesim/environment/library_path.dsv
[39.065s] -- Installing: /home/pheonix/ros2_ws/install/turtlesim/lib/libturtlesim__rosidl_generator_c.so
[39.065s] -- Set non-toolchain portion of runtime path of "/home/pheonix/ros2_ws/install/turtlesim/lib/libturtlesim__rosidl_generator_c.so" to ""
[39.065s] -- Up-to-date: /home/pheonix/ros2_ws/install/turtlesim/include/turtlesim/turtlesim
[39.065s] -- Up-to-date: /home/pheonix/ros2_ws/install/turtlesim/include/turtlesim/turtlesim/msg
[39.065s] -- Installing: /home/pheonix/ros2_ws/install/turtlesim/include/turtlesim/turtlesim/msg/rosidl_typesupport_fastrtps_c__visibility_control.h
[39.065s] -- Up-to-date: /home/pheonix/ros2_ws/install/turtlesim/include/turtlesim/turtlesim/msg/detail
[39.065s] -- Installing: /home/pheonix/ros2_ws/install/turtlesim/include/turtlesim/turtlesim/msg/detail/color__rosidl_typesupport_fastrtps_c.h
[39.065s] -- Installing: /home/pheonix/ros2_ws/install/turtlesim/include/turtlesim/turtlesim/msg/detail/pose__rosidl_typesupport_fastrtps_c.h
[39.065s] -- Up-to-date: /home/pheonix/ros2_ws/install/turtlesim/include/turtlesim/turtlesim/action
[39.065s] -- Up-to-date: /home/pheonix/ros2_ws/install/turtlesim/include/turtlesim/turtlesim/action/detail
[39.065s] -- Installing: /home/pheonix/ros2_ws/install/turtlesim/include/turtlesim/turtlesim/action/detail/rotate_absolute__rosidl_typesupport_fastrtps_c.h
[39.065s] -- Up-to-date: /home/pheonix/ros2_ws/install/turtlesim/include/turtlesim/turtlesim/srv
[39.065s] -- Up-to-date: /home/pheonix/ros2_ws/install/turtlesim/include/turtlesim/turtlesim/srv/detail
[39.065s] -- Installing: /home/pheonix/ros2_ws/install/turtlesim/include/turtlesim/turtlesim/srv/detail/teleport_relative__rosidl_typesupport_fastrtps_c.h
[39.065s] -- Installing: /home/pheonix/ros2_ws/install/turtlesim/include/turtlesim/turtlesim/srv/detail/set_pen__rosidl_typesupport_fastrtps_c.h
[39.065s] -- Installing: /home/pheonix/ros2_ws/install/turtlesim/include/turtlesim/turtlesim/srv/detail/teleport_absolute__rosidl_typesupport_fastrtps_c.h
[39.065s] -- Installing: /home/pheonix/ros2_ws/install/turtlesim/include/turtlesim/turtlesim/srv/detail/kill__rosidl_typesupport_fastrtps_c.h
[39.065s] -- Installing: /home/pheonix/ros2_ws/install/turtlesim/include/turtlesim/turtlesim/srv/detail/spawn__rosidl_typesupport_fastrtps_c.h
[39.065s] -- Installing: /home/pheonix/ros2_ws/install/turtlesim/lib/libturtlesim__rosidl_typesupport_fastrtps_c.so
[39.066s] -- Set non-toolchain portion of runtime path of "/home/pheonix/ros2_ws/install/turtlesim/lib/libturtlesim__rosidl_typesupport_fastrtps_c.so" to ""
[39.066s] -- Up-to-date: /home/pheonix/ros2_ws/install/turtlesim/include/turtlesim/turtlesim
[39.066s] -- Up-to-date: /home/pheonix/ros2_ws/install/turtlesim/include/turtlesim/turtlesim/msg
[39.066s] -- Installing: /home/pheonix/ros2_ws/install/turtlesim/include/turtlesim/turtlesim/msg/rosidl_generator_cpp__visibility_control.hpp
[39.066s] -- Up-to-date: /home/pheonix/ros2_ws/install/turtlesim/include/turtlesim/turtlesim/msg/detail
[39.066s] -- Installing: /home/pheonix/ros2_ws/install/turtlesim/include/turtlesim/turtlesim/msg/detail/pose__builder.hpp
[39.066s] -- Installing: /home/pheonix/ros2_ws/install/turtlesim/include/turtlesim/turtlesim/msg/detail/color__struct.hpp
[39.066s] -- Installing: /home/pheonix/ros2_ws/install/turtlesim/include/turtlesim/turtlesim/msg/detail/color__type_support.hpp
[39.066s] -- Installing: /home/pheonix/ros2_ws/install/turtlesim/include/turtlesim/turtlesim/msg/detail/pose__struct.hpp
[39.066s] -- Installing: /home/pheonix/ros2_ws/install/turtlesim/include/turtlesim/turtlesim/msg/detail/color__builder.hpp
[39.066s] -- Installing: /home/pheonix/ros2_ws/install/turtlesim/include/turtlesim/turtlesim/msg/detail/color__traits.hpp
[39.066s] -- Installing: /home/pheonix/ros2_ws/install/turtlesim/include/turtlesim/turtlesim/msg/detail/pose__type_support.hpp
[39.066s] -- Installing: /home/pheonix/ros2_ws/install/turtlesim/include/turtlesim/turtlesim/msg/detail/pose__traits.hpp
[39.066s] -- Installing: /home/pheonix/ros2_ws/install/turtlesim/include/turtlesim/turtlesim/msg/pose.hpp
[39.066s] -- Installing: /home/pheonix/ros2_ws/install/turtlesim/include/turtlesim/turtlesim/msg/color.hpp
[39.066s] -- Up-to-date: /home/pheonix/ros2_ws/install/turtlesim/include/turtlesim/turtlesim/action
[39.066s] -- Installing: /home/pheonix/ros2_ws/install/turtlesim/include/turtlesim/turtlesim/action/rotate_absolute.hpp
[39.066s] -- Up-to-date: /home/pheonix/ros2_ws/install/turtlesim/include/turtlesim/turtlesim/action/detail
[39.066s] -- Installing: /home/pheonix/ros2_ws/install/turtlesim/include/turtlesim/turtlesim/action/detail/rotate_absolute__struct.hpp
[39.066s] -- Installing: /home/pheonix/ros2_ws/install/turtlesim/include/turtlesim/turtlesim/action/detail/rotate_absolute__type_support.hpp
[39.066s] -- Installing: /home/pheonix/ros2_ws/install/turtlesim/include/turtlesim/turtlesim/action/detail/rotate_absolute__builder.hpp
[39.066s] -- Installing: /home/pheonix/ros2_ws/install/turtlesim/include/turtlesim/turtlesim/action/detail/rotate_absolute__traits.hpp
[39.066s] -- Up-to-date: /home/pheonix/ros2_ws/install/turtlesim/include/turtlesim/turtlesim/srv
[39.066s] -- Installing: /home/pheonix/ros2_ws/install/turtlesim/include/turtlesim/turtlesim/srv/spawn.hpp
[39.066s] -- Installing: /home/pheonix/ros2_ws/install/turtlesim/include/turtlesim/turtlesim/srv/kill.hpp
[39.066s] -- Installing: /home/pheonix/ros2_ws/install/turtlesim/include/turtlesim/turtlesim/srv/set_pen.hpp
[39.066s] -- Up-to-date: /home/pheonix/ros2_ws/install/turtlesim/include/turtlesim/turtlesim/srv/detail
[39.066s] -- Installing: /home/pheonix/ros2_ws/install/turtlesim/include/turtlesim/turtlesim/srv/detail/spawn__traits.hpp
[39.066s] -- Installing: /home/pheonix/ros2_ws/install/turtlesim/include/turtlesim/turtlesim/srv/detail/spawn__type_support.hpp
[39.066s] -- Installing: /home/pheonix/ros2_ws/install/turtlesim/include/turtlesim/turtlesim/srv/detail/kill__traits.hpp
[39.066s] -- Installing: /home/pheonix/ros2_ws/install/turtlesim/include/turtlesim/turtlesim/srv/detail/spawn__builder.hpp
[39.066s] -- Installing: /home/pheonix/ros2_ws/install/turtlesim/include/turtlesim/turtlesim/srv/detail/kill__builder.hpp
[39.066s] -- Installing: /home/pheonix/ros2_ws/install/turtlesim/include/turtlesim/turtlesim/srv/detail/teleport_relative__traits.hpp
[39.066s] -- Installing: /home/pheonix/ros2_ws/install/turtlesim/include/turtlesim/turtlesim/srv/detail/teleport_absolute__traits.hpp
[39.066s] -- Installing: /home/pheonix/ros2_ws/install/turtlesim/include/turtlesim/turtlesim/srv/detail/set_pen__type_support.hpp
[39.066s] -- Installing: /home/pheonix/ros2_ws/install/turtlesim/include/turtlesim/turtlesim/srv/detail/teleport_relative__type_support.hpp
[39.066s] -- Installing: /home/pheonix/ros2_ws/install/turtlesim/include/turtlesim/turtlesim/srv/detail/kill__type_support.hpp
[39.067s] -- Installing: /home/pheonix/ros2_ws/install/turtlesim/include/turtlesim/turtlesim/srv/detail/teleport_absolute__builder.hpp
[39.067s] -- Installing: /home/pheonix/ros2_ws/install/turtlesim/include/turtlesim/turtlesim/srv/detail/teleport_relative__struct.hpp
[39.067s] -- Installing: /home/pheonix/ros2_ws/install/turtlesim/include/turtlesim/turtlesim/srv/detail/teleport_absolute__struct.hpp
[39.067s] -- Installing: /home/pheonix/ros2_ws/install/turtlesim/include/turtlesim/turtlesim/srv/detail/kill__struct.hpp
[39.067s] -- Installing: /home/pheonix/ros2_ws/install/turtlesim/include/turtlesim/turtlesim/srv/detail/set_pen__traits.hpp
[39.067s] -- Installing: /home/pheonix/ros2_ws/install/turtlesim/include/turtlesim/turtlesim/srv/detail/set_pen__builder.hpp
[39.067s] -- Installing: /home/pheonix/ros2_ws/install/turtlesim/include/turtlesim/turtlesim/srv/detail/set_pen__struct.hpp
[39.067s] -- Installing: /home/pheonix/ros2_ws/install/turtlesim/include/turtlesim/turtlesim/srv/detail/spawn__struct.hpp
[39.067s] -- Installing: /home/pheonix/ros2_ws/install/turtlesim/include/turtlesim/turtlesim/srv/detail/teleport_relative__builder.hpp
[39.067s] -- Installing: /home/pheonix/ros2_ws/install/turtlesim/include/turtlesim/turtlesim/srv/detail/teleport_absolute__type_support.hpp
[39.067s] -- Installing: /home/pheonix/ros2_ws/install/turtlesim/include/turtlesim/turtlesim/srv/teleport_absolute.hpp
[39.067s] -- Installing: /home/pheonix/ros2_ws/install/turtlesim/include/turtlesim/turtlesim/srv/teleport_relative.hpp
[39.067s] -- Up-to-date: /home/pheonix/ros2_ws/install/turtlesim/include/turtlesim/turtlesim
[39.067s] -- Up-to-date: /home/pheonix/ros2_ws/install/turtlesim/include/turtlesim/turtlesim/msg
[39.067s] -- Up-to-date: /home/pheonix/ros2_ws/install/turtlesim/include/turtlesim/turtlesim/msg/detail
[39.067s] -- Installing: /home/pheonix/ros2_ws/install/turtlesim/include/turtlesim/turtlesim/msg/detail/color__rosidl_typesupport_fastrtps_cpp.hpp
[39.067s] -- Installing: /home/pheonix/ros2_ws/install/turtlesim/include/turtlesim/turtlesim/msg/detail/dds_fastrtps
[39.067s] -- Installing: /home/pheonix/ros2_ws/install/turtlesim/include/turtlesim/turtlesim/msg/detail/pose__rosidl_typesupport_fastrtps_cpp.hpp
[39.067s] -- Installing: /home/pheonix/ros2_ws/install/turtlesim/include/turtlesim/turtlesim/msg/rosidl_typesupport_fastrtps_cpp__visibility_control.h
[39.067s] -- Up-to-date: /home/pheonix/ros2_ws/install/turtlesim/include/turtlesim/turtlesim/action
[39.067s] -- Up-to-date: /home/pheonix/ros2_ws/install/turtlesim/include/turtlesim/turtlesim/action/detail
[39.067s] -- Installing: /home/pheonix/ros2_ws/install/turtlesim/include/turtlesim/turtlesim/action/detail/dds_fastrtps
[39.067s] -- Installing: /home/pheonix/ros2_ws/install/turtlesim/include/turtlesim/turtlesim/action/detail/rotate_absolute__rosidl_typesupport_fastrtps_cpp.hpp
[39.067s] -- Up-to-date: /home/pheonix/ros2_ws/install/turtlesim/include/turtlesim/turtlesim/srv
[39.067s] -- Up-to-date: /home/pheonix/ros2_ws/install/turtlesim/include/turtlesim/turtlesim/srv/detail
[39.067s] -- Installing: /home/pheonix/ros2_ws/install/turtlesim/include/turtlesim/turtlesim/srv/detail/dds_fastrtps
[39.067s] -- Installing: /home/pheonix/ros2_ws/install/turtlesim/include/turtlesim/turtlesim/srv/detail/teleport_relative__rosidl_typesupport_fastrtps_cpp.hpp
[39.067s] -- Installing: /home/pheonix/ros2_ws/install/turtlesim/include/turtlesim/turtlesim/srv/detail/spawn__rosidl_typesupport_fastrtps_cpp.hpp
[39.067s] -- Installing: /home/pheonix/ros2_ws/install/turtlesim/include/turtlesim/turtlesim/srv/detail/teleport_absolute__rosidl_typesupport_fastrtps_cpp.hpp
[39.067s] -- Installing: /home/pheonix/ros2_ws/install/turtlesim/include/turtlesim/turtlesim/srv/detail/set_pen__rosidl_typesupport_fastrtps_cpp.hpp
[39.067s] -- Installing: /home/pheonix/ros2_ws/install/turtlesim/include/turtlesim/turtlesim/srv/detail/kill__rosidl_typesupport_fastrtps_cpp.hpp
[39.068s] -- Installing: /home/pheonix/ros2_ws/install/turtlesim/lib/libturtlesim__rosidl_typesupport_fastrtps_cpp.so
[39.068s] -- Set non-toolchain portion of runtime path of "/home/pheonix/ros2_ws/install/turtlesim/lib/libturtlesim__rosidl_typesupport_fastrtps_cpp.so" to ""
[39.068s] -- Up-to-date: /home/pheonix/ros2_ws/install/turtlesim/include/turtlesim/turtlesim
[39.068s] -- Up-to-date: /home/pheonix/ros2_ws/install/turtlesim/include/turtlesim/turtlesim/msg
[39.068s] -- Up-to-date: /home/pheonix/ros2_ws/install/turtlesim/include/turtlesim/turtlesim/msg/detail
[39.068s] -- Installing: /home/pheonix/ros2_ws/install/turtlesim/include/turtlesim/turtlesim/msg/detail/color__type_support.c
[39.068s] -- Installing: /home/pheonix/ros2_ws/install/turtlesim/include/turtlesim/turtlesim/msg/detail/pose__rosidl_typesupport_introspection_c.h
[39.068s] -- Installing: /home/pheonix/ros2_ws/install/turtlesim/include/turtlesim/turtlesim/msg/detail/color__rosidl_typesupport_introspection_c.h
[39.068s] -- Installing: /home/pheonix/ros2_ws/install/turtlesim/include/turtlesim/turtlesim/msg/detail/pose__type_support.c
[39.068s] -- Installing: /home/pheonix/ros2_ws/install/turtlesim/include/turtlesim/turtlesim/msg/rosidl_typesupport_introspection_c__visibility_control.h
[39.068s] -- Up-to-date: /home/pheonix/ros2_ws/install/turtlesim/include/turtlesim/turtlesim/action
[39.068s] -- Up-to-date: /home/pheonix/ros2_ws/install/turtlesim/include/turtlesim/turtlesim/action/detail
[39.068s] -- Installing: /home/pheonix/ros2_ws/install/turtlesim/include/turtlesim/turtlesim/action/detail/rotate_absolute__rosidl_typesupport_introspection_c.h
[39.068s] -- Installing: /home/pheonix/ros2_ws/install/turtlesim/include/turtlesim/turtlesim/action/detail/rotate_absolute__type_support.c
[39.068s] -- Up-to-date: /home/pheonix/ros2_ws/install/turtlesim/include/turtlesim/turtlesim/srv
[39.068s] -- Up-to-date: /home/pheonix/ros2_ws/install/turtlesim/include/turtlesim/turtlesim/srv/detail
[39.068s] -- Installing: /home/pheonix/ros2_ws/install/turtlesim/include/turtlesim/turtlesim/srv/detail/teleport_relative__type_support.c
[39.068s] -- Installing: /home/pheonix/ros2_ws/install/turtlesim/include/turtlesim/turtlesim/srv/detail/teleport_relative__rosidl_typesupport_introspection_c.h
[39.068s] -- Installing: /home/pheonix/ros2_ws/install/turtlesim/include/turtlesim/turtlesim/srv/detail/spawn__rosidl_typesupport_introspection_c.h
[39.068s] -- Installing: /home/pheonix/ros2_ws/install/turtlesim/include/turtlesim/turtlesim/srv/detail/kill__type_support.c
[39.068s] -- Installing: /home/pheonix/ros2_ws/install/turtlesim/include/turtlesim/turtlesim/srv/detail/set_pen__type_support.c
[39.068s] -- Installing: /home/pheonix/ros2_ws/install/turtlesim/include/turtlesim/turtlesim/srv/detail/spawn__type_support.c
[39.068s] -- Installing: /home/pheonix/ros2_ws/install/turtlesim/include/turtlesim/turtlesim/srv/detail/set_pen__rosidl_typesupport_introspection_c.h
[39.068s] -- Installing: /home/pheonix/ros2_ws/install/turtlesim/include/turtlesim/turtlesim/srv/detail/kill__rosidl_typesupport_introspection_c.h
[39.068s] -- Installing: /home/pheonix/ros2_ws/install/turtlesim/include/turtlesim/turtlesim/srv/detail/teleport_absolute__rosidl_typesupport_introspection_c.h
[39.068s] -- Installing: /home/pheonix/ros2_ws/install/turtlesim/include/turtlesim/turtlesim/srv/detail/teleport_absolute__type_support.c
[39.068s] -- Installing: /home/pheonix/ros2_ws/install/turtlesim/lib/libturtlesim__rosidl_typesupport_introspection_c.so
[39.071s] -- Set non-toolchain portion of runtime path of "/home/pheonix/ros2_ws/install/turtlesim/lib/libturtlesim__rosidl_typesupport_introspection_c.so" to ""
[39.071s] -- Installing: /home/pheonix/ros2_ws/install/turtlesim/lib/libturtlesim__rosidl_typesupport_c.so
[39.071s] -- Set non-toolchain portion of runtime path of "/home/pheonix/ros2_ws/install/turtlesim/lib/libturtlesim__rosidl_typesupport_c.so" to ""
[39.071s] -- Up-to-date: /home/pheonix/ros2_ws/install/turtlesim/include/turtlesim/turtlesim
[39.072s] -- Up-to-date: /home/pheonix/ros2_ws/install/turtlesim/include/turtlesim/turtlesim/msg
[39.072s] -- Up-to-date: /home/pheonix/ros2_ws/install/turtlesim/include/turtlesim/turtlesim/msg/detail
[39.072s] -- Installing: /home/pheonix/ros2_ws/install/turtlesim/include/turtlesim/turtlesim/msg/detail/pose__rosidl_typesupport_introspection_cpp.hpp
[39.072s] -- Installing: /home/pheonix/ros2_ws/install/turtlesim/include/turtlesim/turtlesim/msg/detail/color__rosidl_typesupport_introspection_cpp.hpp
[39.072s] -- Installing: /home/pheonix/ros2_ws/install/turtlesim/include/turtlesim/turtlesim/msg/detail/color__type_support.cpp
[39.072s] -- Installing: /home/pheonix/ros2_ws/install/turtlesim/include/turtlesim/turtlesim/msg/detail/pose__type_support.cpp
[39.072s] -- Up-to-date: /home/pheonix/ros2_ws/install/turtlesim/include/turtlesim/turtlesim/action
[39.072s] -- Up-to-date: /home/pheonix/ros2_ws/install/turtlesim/include/turtlesim/turtlesim/action/detail
[39.072s] -- Installing: /home/pheonix/ros2_ws/install/turtlesim/include/turtlesim/turtlesim/action/detail/rotate_absolute__rosidl_typesupport_introspection_cpp.hpp
[39.072s] -- Installing: /home/pheonix/ros2_ws/install/turtlesim/include/turtlesim/turtlesim/action/detail/rotate_absolute__type_support.cpp
[39.073s] -- Up-to-date: /home/pheonix/ros2_ws/install/turtlesim/include/turtlesim/turtlesim/srv
[39.073s] -- Up-to-date: /home/pheonix/ros2_ws/install/turtlesim/include/turtlesim/turtlesim/srv/detail
[39.073s] -- Installing: /home/pheonix/ros2_ws/install/turtlesim/include/turtlesim/turtlesim/srv/detail/kill__type_support.cpp
[39.073s] -- Installing: /home/pheonix/ros2_ws/install/turtlesim/include/turtlesim/turtlesim/srv/detail/teleport_absolute__type_support.cpp
[39.073s] -- Installing: /home/pheonix/ros2_ws/install/turtlesim/include/turtlesim/turtlesim/srv/detail/spawn__type_support.cpp
[39.073s] -- Installing: /home/pheonix/ros2_ws/install/turtlesim/include/turtlesim/turtlesim/srv/detail/teleport_relative__rosidl_typesupport_introspection_cpp.hpp
[39.073s] -- Installing: /home/pheonix/ros2_ws/install/turtlesim/include/turtlesim/turtlesim/srv/detail/set_pen__type_support.cpp
[39.073s] -- Installing: /home/pheonix/ros2_ws/install/turtlesim/include/turtlesim/turtlesim/srv/detail/teleport_absolute__rosidl_typesupport_introspection_cpp.hpp
[39.073s] -- Installing: /home/pheonix/ros2_ws/install/turtlesim/include/turtlesim/turtlesim/srv/detail/set_pen__rosidl_typesupport_introspection_cpp.hpp
[39.073s] -- Installing: /home/pheonix/ros2_ws/install/turtlesim/include/turtlesim/turtlesim/srv/detail/spawn__rosidl_typesupport_introspection_cpp.hpp
[39.073s] -- Installing: /home/pheonix/ros2_ws/install/turtlesim/include/turtlesim/turtlesim/srv/detail/kill__rosidl_typesupport_introspection_cpp.hpp
[39.073s] -- Installing: /home/pheonix/ros2_ws/install/turtlesim/include/turtlesim/turtlesim/srv/detail/teleport_relative__type_support.cpp
[39.073s] -- Installing: /home/pheonix/ros2_ws/install/turtlesim/lib/libturtlesim__rosidl_typesupport_introspection_cpp.so
[39.073s] -- Set non-toolchain portion of runtime path of "/home/pheonix/ros2_ws/install/turtlesim/lib/libturtlesim__rosidl_typesupport_introspection_cpp.so" to ""
[39.073s] -- Installing: /home/pheonix/ros2_ws/install/turtlesim/lib/libturtlesim__rosidl_typesupport_cpp.so
[39.073s] -- Set non-toolchain portion of runtime path of "/home/pheonix/ros2_ws/install/turtlesim/lib/libturtlesim__rosidl_typesupport_cpp.so" to ""
[39.074s] -- Installing: /home/pheonix/ros2_ws/install/turtlesim/share/turtlesim/environment/pythonpath.sh
[39.074s] -- Installing: /home/pheonix/ros2_ws/install/turtlesim/share/turtlesim/environment/pythonpath.dsv
[39.074s] -- Installing: /home/pheonix/ros2_ws/install/turtlesim/lib/python3.12/site-packages/turtlesim-1.8.3-py3.12.egg-info
[39.074s] -- Installing: /home/pheonix/ros2_ws/install/turtlesim/lib/python3.12/site-packages/turtlesim-1.8.3-py3.12.egg-info/SOURCES.txt
[39.074s] -- Installing: /home/pheonix/ros2_ws/install/turtlesim/lib/python3.12/site-packages/turtlesim-1.8.3-py3.12.egg-info/dependency_links.txt
[39.074s] -- Installing: /home/pheonix/ros2_ws/install/turtlesim/lib/python3.12/site-packages/turtlesim-1.8.3-py3.12.egg-info/PKG-INFO
[39.074s] -- Installing: /home/pheonix/ros2_ws/install/turtlesim/lib/python3.12/site-packages/turtlesim-1.8.3-py3.12.egg-info/top_level.txt
[39.074s] -- Installing: /home/pheonix/ros2_ws/install/turtlesim/lib/python3.12/site-packages/turtlesim
[39.074s] -- Installing: /home/pheonix/ros2_ws/install/turtlesim/lib/python3.12/site-packages/turtlesim/_turtlesim_s.ep.rosidl_typesupport_introspection_c.c
[39.074s] -- Installing: /home/pheonix/ros2_ws/install/turtlesim/lib/python3.12/site-packages/turtlesim/turtlesim_s__rosidl_typesupport_fastrtps_c.so
[39.074s] -- Installing: /home/pheonix/ros2_ws/install/turtlesim/lib/python3.12/site-packages/turtlesim/msg
[39.074s] -- Installing: /home/pheonix/ros2_ws/install/turtlesim/lib/python3.12/site-packages/turtlesim/msg/_pose.py
[39.074s] -- Installing: /home/pheonix/ros2_ws/install/turtlesim/lib/python3.12/site-packages/turtlesim/msg/_color.py
[39.075s] -- Installing: /home/pheonix/ros2_ws/install/turtlesim/lib/python3.12/site-packages/turtlesim/msg/__init__.py
[39.075s] -- Installing: /home/pheonix/ros2_ws/install/turtlesim/lib/python3.12/site-packages/turtlesim/msg/_color_s.c
[39.075s] -- Installing: /home/pheonix/ros2_ws/install/turtlesim/lib/python3.12/site-packages/turtlesim/msg/_pose_s.c
[39.075s] -- Installing: /home/pheonix/ros2_ws/install/turtlesim/lib/python3.12/site-packages/turtlesim/_turtlesim_s.ep.rosidl_typesupport_c.c
[39.075s] -- Installing: /home/pheonix/ros2_ws/install/turtlesim/lib/python3.12/site-packages/turtlesim/__init__.py
[39.075s] -- Installing: /home/pheonix/ros2_ws/install/turtlesim/lib/python3.12/site-packages/turtlesim/turtlesim_s__rosidl_typesupport_c.so
[39.075s] -- Installing: /home/pheonix/ros2_ws/install/turtlesim/lib/python3.12/site-packages/turtlesim/action
[39.075s] -- Installing: /home/pheonix/ros2_ws/install/turtlesim/lib/python3.12/site-packages/turtlesim/action/_rotate_absolute.py
[39.075s] -- Installing: /home/pheonix/ros2_ws/install/turtlesim/lib/python3.12/site-packages/turtlesim/action/__init__.py
[39.075s] -- Installing: /home/pheonix/ros2_ws/install/turtlesim/lib/python3.12/site-packages/turtlesim/action/_rotate_absolute_s.c
[39.075s] -- Installing: /home/pheonix/ros2_ws/install/turtlesim/lib/python3.12/site-packages/turtlesim/_turtlesim_s.ep.rosidl_typesupport_fastrtps_c.c
[39.075s] -- Installing: /home/pheonix/ros2_ws/install/turtlesim/lib/python3.12/site-packages/turtlesim/srv
[39.076s] -- Installing: /home/pheonix/ros2_ws/install/turtlesim/lib/python3.12/site-packages/turtlesim/srv/_set_pen.py
[39.076s] -- Installing: /home/pheonix/ros2_ws/install/turtlesim/lib/python3.12/site-packages/turtlesim/srv/_kill.py
[39.076s] -- Installing: /home/pheonix/ros2_ws/install/turtlesim/lib/python3.12/site-packages/turtlesim/srv/_spawn_s.c
[39.076s] -- Installing: /home/pheonix/ros2_ws/install/turtlesim/lib/python3.12/site-packages/turtlesim/srv/_teleport_absolute_s.c
[39.076s] -- Installing: /home/pheonix/ros2_ws/install/turtlesim/lib/python3.12/site-packages/turtlesim/srv/_teleport_relative_s.c
[39.076s] -- Installing: /home/pheonix/ros2_ws/install/turtlesim/lib/python3.12/site-packages/turtlesim/srv/_teleport_relative.py
[39.076s] -- Installing: /home/pheonix/ros2_ws/install/turtlesim/lib/python3.12/site-packages/turtlesim/srv/__init__.py
[39.077s] -- Installing: /home/pheonix/ros2_ws/install/turtlesim/lib/python3.12/site-packages/turtlesim/srv/_set_pen_s.c
[39.077s] -- Installing: /home/pheonix/ros2_ws/install/turtlesim/lib/python3.12/site-packages/turtlesim/srv/_spawn.py
[39.077s] -- Installing: /home/pheonix/ros2_ws/install/turtlesim/lib/python3.12/site-packages/turtlesim/srv/_kill_s.c
[39.077s] -- Installing: /home/pheonix/ros2_ws/install/turtlesim/lib/python3.12/site-packages/turtlesim/srv/_teleport_absolute.py
[39.077s] -- Installing: /home/pheonix/ros2_ws/install/turtlesim/lib/python3.12/site-packages/turtlesim/turtlesim_s__rosidl_typesupport_introspection_c.so
[39.130s] Listing '/home/pheonix/ros2_ws/install/turtlesim/lib/python3.12/site-packages/turtlesim'...
[39.130s] Compiling '/home/pheonix/ros2_ws/install/turtlesim/lib/python3.12/site-packages/turtlesim/__init__.py'...
[39.130s] Listing '/home/pheonix/ros2_ws/install/turtlesim/lib/python3.12/site-packages/turtlesim/action'...
[39.130s] Compiling '/home/pheonix/ros2_ws/install/turtlesim/lib/python3.12/site-packages/turtlesim/action/__init__.py'...
[39.130s] Compiling '/home/pheonix/ros2_ws/install/turtlesim/lib/python3.12/site-packages/turtlesim/action/_rotate_absolute.py'...
[39.130s] Listing '/home/pheonix/ros2_ws/install/turtlesim/lib/python3.12/site-packages/turtlesim/msg'...
[39.130s] Compiling '/home/pheonix/ros2_ws/install/turtlesim/lib/python3.12/site-packages/turtlesim/msg/__init__.py'...
[39.130s] Compiling '/home/pheonix/ros2_ws/install/turtlesim/lib/python3.12/site-packages/turtlesim/msg/_color.py'...
[39.130s] Compiling '/home/pheonix/ros2_ws/install/turtlesim/lib/python3.12/site-packages/turtlesim/msg/_pose.py'...
[39.130s] Listing '/home/pheonix/ros2_ws/install/turtlesim/lib/python3.12/site-packages/turtlesim/srv'...
[39.130s] Compiling '/home/pheonix/ros2_ws/install/turtlesim/lib/python3.12/site-packages/turtlesim/srv/__init__.py'...
[39.131s] Compiling '/home/pheonix/ros2_ws/install/turtlesim/lib/python3.12/site-packages/turtlesim/srv/_kill.py'...
[39.131s] Compiling '/home/pheonix/ros2_ws/install/turtlesim/lib/python3.12/site-packages/turtlesim/srv/_set_pen.py'...
[39.131s] Compiling '/home/pheonix/ros2_ws/install/turtlesim/lib/python3.12/site-packages/turtlesim/srv/_spawn.py'...
[39.131s] Compiling '/home/pheonix/ros2_ws/install/turtlesim/lib/python3.12/site-packages/turtlesim/srv/_teleport_absolute.py'...
[39.131s] Compiling '/home/pheonix/ros2_ws/install/turtlesim/lib/python3.12/site-packages/turtlesim/srv/_teleport_relative.py'...
[39.134s] -- Installing: /home/pheonix/ros2_ws/install/turtlesim/lib/python3.12/site-packages/turtlesim/turtlesim_s__rosidl_typesupport_fastrtps_c.so
[39.134s] -- Set non-toolchain portion of runtime path of "/home/pheonix/ros2_ws/install/turtlesim/lib/python3.12/site-packages/turtlesim/turtlesim_s__rosidl_typesupport_fastrtps_c.so" to ""
[39.134s] -- Installing: /home/pheonix/ros2_ws/install/turtlesim/lib/python3.12/site-packages/turtlesim/turtlesim_s__rosidl_typesupport_introspection_c.so
[39.134s] -- Set non-toolchain portion of runtime path of "/home/pheonix/ros2_ws/install/turtlesim/lib/python3.12/site-packages/turtlesim/turtlesim_s__rosidl_typesupport_introspection_c.so" to ""
[39.135s] -- Installing: /home/pheonix/ros2_ws/install/turtlesim/lib/python3.12/site-packages/turtlesim/turtlesim_s__rosidl_typesupport_c.so
[39.135s] -- Set non-toolchain portion of runtime path of "/home/pheonix/ros2_ws/install/turtlesim/lib/python3.12/site-packages/turtlesim/turtlesim_s__rosidl_typesupport_c.so" to ""
[39.135s] -- Installing: /home/pheonix/ros2_ws/install/turtlesim/lib/libturtlesim__rosidl_generator_py.so
[39.135s] -- Set non-toolchain portion of runtime path of "/home/pheonix/ros2_ws/install/turtlesim/lib/libturtlesim__rosidl_generator_py.so" to ""
[39.135s] -- Installing: /home/pheonix/ros2_ws/install/turtlesim/share/turtlesim/action/RotateAbsolute.idl
[39.135s] -- Installing: /home/pheonix/ros2_ws/install/turtlesim/share/turtlesim/msg/Color.idl
[39.136s] -- Installing: /home/pheonix/ros2_ws/install/turtlesim/share/turtlesim/msg/Pose.idl
[39.136s] -- Installing: /home/pheonix/ros2_ws/install/turtlesim/share/turtlesim/srv/Kill.idl
[39.136s] -- Installing: /home/pheonix/ros2_ws/install/turtlesim/share/turtlesim/srv/SetPen.idl
[39.136s] -- Installing: /home/pheonix/ros2_ws/install/turtlesim/share/turtlesim/srv/Spawn.idl
[39.136s] -- Installing: /home/pheonix/ros2_ws/install/turtlesim/share/turtlesim/srv/TeleportAbsolute.idl
[39.136s] -- Installing: /home/pheonix/ros2_ws/install/turtlesim/share/turtlesim/srv/TeleportRelative.idl
[39.136s] -- Installing: /home/pheonix/ros2_ws/install/turtlesim/share/turtlesim/action/RotateAbsolute.action
[39.137s] -- Installing: /home/pheonix/ros2_ws/install/turtlesim/share/turtlesim/msg/Color.msg
[39.139s] -- Installing: /home/pheonix/ros2_ws/install/turtlesim/share/turtlesim/msg/Pose.msg
[39.139s] -- Installing: /home/pheonix/ros2_ws/install/turtlesim/share/turtlesim/srv/Kill.srv
[39.140s] -- Installing: /home/pheonix/ros2_ws/install/turtlesim/share/turtlesim/srv/SetPen.srv
[39.140s] -- Installing: /home/pheonix/ros2_ws/install/turtlesim/share/turtlesim/srv/Spawn.srv
[39.141s] -- Installing: /home/pheonix/ros2_ws/install/turtlesim/share/turtlesim/srv/TeleportAbsolute.srv
[39.141s] -- Installing: /home/pheonix/ros2_ws/install/turtlesim/share/turtlesim/srv/TeleportRelative.srv
[39.143s] -- Installing: /home/pheonix/ros2_ws/install/turtlesim/lib/turtlesim/turtlesim_node
[39.148s] -- Set non-toolchain portion of runtime path of "/home/pheonix/ros2_ws/install/turtlesim/lib/turtlesim/turtlesim_node" to ""
[39.149s] -- Installing: /home/pheonix/ros2_ws/install/turtlesim/lib/turtlesim/turtle_teleop_key
[39.150s] -- Set non-toolchain portion of runtime path of "/home/pheonix/ros2_ws/install/turtlesim/lib/turtlesim/turtle_teleop_key" to ""
[39.150s] -- Installing: /home/pheonix/ros2_ws/install/turtlesim/lib/turtlesim/draw_square
[39.153s] -- Set non-toolchain portion of runtime path of "/home/pheonix/ros2_ws/install/turtlesim/lib/turtlesim/draw_square" to ""
[39.153s] -- Installing: /home/pheonix/ros2_ws/install/turtlesim/lib/turtlesim/mimic
[39.155s] -- Set non-toolchain portion of runtime path of "/home/pheonix/ros2_ws/install/turtlesim/lib/turtlesim/mimic" to ""
[39.156s] -- Installing: /home/pheonix/ros2_ws/install/turtlesim/share/turtlesim/images
[39.157s] -- Installing: /home/pheonix/ros2_ws/install/turtlesim/share/turtlesim/images/foxy.png
[39.157s] -- Installing: /home/pheonix/ros2_ws/install/turtlesim/share/turtlesim/images/jazzy.png
[39.158s] -- Installing: /home/pheonix/ros2_ws/install/turtlesim/share/turtlesim/images/ardent.png
[39.158s] -- Installing: /home/pheonix/ros2_ws/install/turtlesim/share/turtlesim/images/bouncy.png
[39.158s] -- Installing: /home/pheonix/ros2_ws/install/turtlesim/share/turtlesim/images/crystal.png
[39.159s] -- Installing: /home/pheonix/ros2_ws/install/turtlesim/share/turtlesim/images/iron.png
[39.159s] -- Installing: /home/pheonix/ros2_ws/install/turtlesim/share/turtlesim/images/rolling.png
[39.160s] -- Installing: /home/pheonix/ros2_ws/install/turtlesim/share/turtlesim/images/eloquent.png
[39.161s] -- Installing: /home/pheonix/ros2_ws/install/turtlesim/share/turtlesim/images/dashing.png
[39.161s] -- Installing: /home/pheonix/ros2_ws/install/turtlesim/share/turtlesim/images/humble.png
[39.162s] -- Installing: /home/pheonix/ros2_ws/install/turtlesim/share/turtlesim/images/galactic.png
[39.163s] -- Installing: /home/pheonix/ros2_ws/install/turtlesim/share/turtlesim/launch
[39.163s] -- Installing: /home/pheonix/ros2_ws/install/turtlesim/share/turtlesim/launch/multisim.launch.py
[39.164s] -- Installing: /home/pheonix/ros2_ws/install/turtlesim/share/ament_index/resource_index/package_run_dependencies/turtlesim
[39.164s] -- Installing: /home/pheonix/ros2_ws/install/turtlesim/share/ament_index/resource_index/parent_prefix_path/turtlesim
[39.164s] -- Installing: /home/pheonix/ros2_ws/install/turtlesim/share/turtlesim/environment/ament_prefix_path.sh
[39.165s] -- Installing: /home/pheonix/ros2_ws/install/turtlesim/share/turtlesim/environment/ament_prefix_path.dsv
[39.165s] -- Installing: /home/pheonix/ros2_ws/install/turtlesim/share/turtlesim/environment/path.sh
[39.165s] -- Installing: /home/pheonix/ros2_ws/install/turtlesim/share/turtlesim/environment/path.dsv
[39.166s] -- Installing: /home/pheonix/ros2_ws/install/turtlesim/share/turtlesim/local_setup.bash
[39.166s] -- Installing: /home/pheonix/ros2_ws/install/turtlesim/share/turtlesim/local_setup.sh
[39.166s] -- Installing: /home/pheonix/ros2_ws/install/turtlesim/share/turtlesim/local_setup.zsh
[39.166s] -- Installing: /home/pheonix/ros2_ws/install/turtlesim/share/turtlesim/local_setup.dsv
[39.166s] -- Installing: /home/pheonix/ros2_ws/install/turtlesim/share/turtlesim/package.dsv
[39.166s] -- Installing: /home/pheonix/ros2_ws/install/turtlesim/share/ament_index/resource_index/packages/turtlesim
[39.166s] -- Installing: /home/pheonix/ros2_ws/install/turtlesim/share/turtlesim/cmake/export_turtlesim__rosidl_generator_cExport.cmake
[39.166s] -- Installing: /home/pheonix/ros2_ws/install/turtlesim/share/turtlesim/cmake/export_turtlesim__rosidl_generator_cExport-noconfig.cmake
[39.166s] -- Installing: /home/pheonix/ros2_ws/install/turtlesim/share/turtlesim/cmake/export_turtlesim__rosidl_typesupport_fastrtps_cExport.cmake
[39.166s] -- Installing: /home/pheonix/ros2_ws/install/turtlesim/share/turtlesim/cmake/export_turtlesim__rosidl_typesupport_fastrtps_cExport-noconfig.cmake
[39.166s] -- Installing: /home/pheonix/ros2_ws/install/turtlesim/share/turtlesim/cmake/export_turtlesim__rosidl_generator_cppExport.cmake
[39.167s] -- Installing: /home/pheonix/ros2_ws/install/turtlesim/share/turtlesim/cmake/export_turtlesim__rosidl_typesupport_fastrtps_cppExport.cmake
[39.167s] -- Installing: /home/pheonix/ros2_ws/install/turtlesim/share/turtlesim/cmake/export_turtlesim__rosidl_typesupport_fastrtps_cppExport-noconfig.cmake
[39.167s] -- Installing: /home/pheonix/ros2_ws/install/turtlesim/share/turtlesim/cmake/turtlesim__rosidl_typesupport_introspection_cExport.cmake
[39.167s] -- Installing: /home/pheonix/ros2_ws/install/turtlesim/share/turtlesim/cmake/turtlesim__rosidl_typesupport_introspection_cExport-noconfig.cmake
[39.167s] -- Installing: /home/pheonix/ros2_ws/install/turtlesim/share/turtlesim/cmake/turtlesim__rosidl_typesupport_cExport.cmake
[39.167s] -- Installing: /home/pheonix/ros2_ws/install/turtlesim/share/turtlesim/cmake/turtlesim__rosidl_typesupport_cExport-noconfig.cmake
[39.167s] -- Installing: /home/pheonix/ros2_ws/install/turtlesim/share/turtlesim/cmake/turtlesim__rosidl_typesupport_introspection_cppExport.cmake
[39.167s] -- Installing: /home/pheonix/ros2_ws/install/turtlesim/share/turtlesim/cmake/turtlesim__rosidl_typesupport_introspection_cppExport-noconfig.cmake
[39.167s] -- Installing: /home/pheonix/ros2_ws/install/turtlesim/share/turtlesim/cmake/turtlesim__rosidl_typesupport_cppExport.cmake
[39.167s] -- Installing: /home/pheonix/ros2_ws/install/turtlesim/share/turtlesim/cmake/turtlesim__rosidl_typesupport_cppExport-noconfig.cmake
[39.167s] -- Installing: /home/pheonix/ros2_ws/install/turtlesim/share/turtlesim/cmake/export_turtlesim__rosidl_generator_pyExport.cmake
[39.168s] -- Installing: /home/pheonix/ros2_ws/install/turtlesim/share/turtlesim/cmake/export_turtlesim__rosidl_generator_pyExport-noconfig.cmake
[39.168s] -- Installing: /home/pheonix/ros2_ws/install/turtlesim/share/turtlesim/cmake/rosidl_cmake-extras.cmake
[39.168s] -- Installing: /home/pheonix/ros2_ws/install/turtlesim/share/turtlesim/cmake/ament_cmake_export_dependencies-extras.cmake
[39.168s] -- Installing: /home/pheonix/ros2_ws/install/turtlesim/share/turtlesim/cmake/ament_cmake_export_include_directories-extras.cmake
[39.168s] -- Installing: /home/pheonix/ros2_ws/install/turtlesim/share/turtlesim/cmake/ament_cmake_export_libraries-extras.cmake
[39.168s] -- Installing: /home/pheonix/ros2_ws/install/turtlesim/share/turtlesim/cmake/ament_cmake_export_targets-extras.cmake
[39.168s] -- Installing: /home/pheonix/ros2_ws/install/turtlesim/share/turtlesim/cmake/rosidl_cmake_export_typesupport_targets-extras.cmake
[39.168s] -- Installing: /home/pheonix/ros2_ws/install/turtlesim/share/turtlesim/cmake/rosidl_cmake_export_typesupport_libraries-extras.cmake
[39.168s] -- Installing: /home/pheonix/ros2_ws/install/turtlesim/share/turtlesim/cmake/turtlesimConfig.cmake
[39.168s] -- Installing: /home/pheonix/ros2_ws/install/turtlesim/share/turtlesim/cmake/turtlesimConfig-version.cmake
[39.168s] -- Installing: /home/pheonix/ros2_ws/install/turtlesim/share/turtlesim/package.xml
[39.171s] Invoked command in '/home/pheonix/ros2_ws/build/turtlesim' returned '0': CMAKE_PREFIX_PATH=${CMAKE_PREFIX_PATH}:/opt/ros/jazzy DEBUGINFOD_URLS=https://debuginfod.ubuntu.com /usr/bin/cmake --install /home/pheonix/ros2_ws/build/turtlesim
