[0.048s] Invoking command in '/home/pheonix/ros2_ws/build/teleop_twist_joy': CMAKE_PREFIX_PATH=/home/pheonix/ros2_ws/install/type_description_interfaces:/home/pheonix/ros2_ws/install/test_launch_ros:/home/pheonix/ros2_ws/install/ros2launch:/home/pheonix/ros2_ws/install/launch_testing_ros:/home/pheonix/ros2_ws/install/launch_ros:/opt/ros/jazzy:/home/pheonix/ros2_ws/install/joy:/home/pheonix/ros2_ws/install/urdfdom_headers:/home/pheonix/ros2_ws/install/turtlesim:/home/pheonix/ros2_ws/install/test_msgs:/home/pheonix/ros2_ws/install/test_interface_files:/home/pheonix/ros2_ws/install/teleop_twist_joy:/home/pheonix/ros2_ws/install/statistics_msgs:/home/pheonix/ros2_ws/install/action_msgs:/home/pheonix/ros2_ws/install/service_msgs:/home/pheonix/ros2_ws/install/rosgraph_msgs:/home/pheonix/ros2_ws/install/rosbag2_test_common:/home/pheonix/ros2_ws/install/composition_interfaces:/home/pheonix/ros2_ws/install/rcl_interfaces:/home/pheonix/ros2_ws/install/lifecycle_msgs:/home/pheonix/ros2_ws/install/joy_linux:/opt/ros/jazzy/opt/gz_sim_vendor:/opt/ros/jazzy/opt/gz_sensors_vendor:/opt/ros/jazzy/opt/gz_physics_vendor:/opt/ros/jazzy/opt/sdformat_vendor:/opt/ros/jazzy/opt/gz_gui_vendor:/opt/ros/jazzy/opt/gz_transport_vendor:/opt/ros/jazzy/opt/gz_rendering_vendor:/opt/ros/jazzy/opt/gz_plugin_vendor:/opt/ros/jazzy/opt/gz_fuel_tools_vendor:/opt/ros/jazzy/opt/gz_msgs_vendor:/opt/ros/jazzy/opt/gz_common_vendor:/opt/ros/jazzy/opt/gz_math_vendor:/opt/ros/jazzy/opt/gz_utils_vendor:/opt/ros/jazzy/opt/gz_tools_vendor:/opt/ros/jazzy/opt/gz_ogre_next_vendor:/opt/ros/jazzy/opt/gz_dartsim_vendor:/opt/ros/jazzy/opt/gz_cmake_vendor DEBUGINFOD_URLS=https://debuginfod.ubuntu.com LD_LIBRARY_PATH=/home/pheonix/ros2_ws/install/joy/lib:/home/pheonix/ros2_ws/install/type_description_interfaces/lib:/home/pheonix/ros2_ws/install/turtlesim/lib:/home/pheonix/ros2_ws/install/test_msgs/lib:/home/pheonix/ros2_ws/install/teleop_twist_joy/lib:/home/pheonix/ros2_ws/install/statistics_msgs/lib:/home/pheonix/ros2_ws/install/action_msgs/lib:/home/pheonix/ros2_ws/install/service_msgs/lib:/home/pheonix/ros2_ws/install/rosgraph_msgs/lib:/home/pheonix/ros2_ws/install/composition_interfaces/lib:/home/pheonix/ros2_ws/install/rcl_interfaces/lib:/home/pheonix/ros2_ws/install/lifecycle_msgs/lib:/opt/ros/jazzy/opt/gz_sim_vendor/lib:/opt/ros/jazzy/opt/gz_sensors_vendor/lib:/opt/ros/jazzy/opt/gz_physics_vendor/lib:/opt/ros/jazzy/opt/sdformat_vendor/lib:/opt/ros/jazzy/opt/rviz_ogre_vendor/lib:/opt/ros/jazzy/lib/x86_64-linux-gnu:/opt/ros/jazzy/opt/gz_gui_vendor/lib:/opt/ros/jazzy/opt/gz_transport_vendor/lib:/opt/ros/jazzy/opt/gz_rendering_vendor/lib:/opt/ros/jazzy/opt/gz_plugin_vendor/lib:/opt/ros/jazzy/opt/gz_fuel_tools_vendor/lib:/opt/ros/jazzy/opt/gz_msgs_vendor/lib:/opt/ros/jazzy/opt/gz_common_vendor/lib:/opt/ros/jazzy/opt/gz_math_vendor/lib:/opt/ros/jazzy/opt/gz_utils_vendor/lib:/opt/ros/jazzy/opt/gz_tools_vendor/lib:/opt/ros/jazzy/opt/gz_ogre_next_vendor/lib:/opt/ros/jazzy/opt/gz_dartsim_vendor/lib:/opt/ros/jazzy/opt/gz_cmake_vendor/lib:/opt/ros/jazzy/lib /usr/bin/cmake /home/pheonix/ros2_ws/src/teleop_twist_joy -DAMENT_CMAKE_SYMLINK_INSTALL=1 -DCMAKE_INSTALL_PREFIX=/home/pheonix/ros2_ws/install/teleop_twist_joy
[0.103s] -- Found ament_cmake: 2.5.2 (/opt/ros/jazzy/share/ament_cmake/cmake)
[0.430s] -- Override CMake install command with custom implementation using symlinks instead of copying resources
[0.441s] -- Found geometry_msgs: 5.3.5 (/opt/ros/jazzy/share/geometry_msgs/cmake)
[0.473s] -- Found rosidl_generator_c: 4.6.3 (/opt/ros/jazzy/share/rosidl_generator_c/cmake)
[0.486s] -- Found rosidl_generator_cpp: 4.6.3 (/opt/ros/jazzy/share/rosidl_generator_cpp/cmake)
[0.503s] -- Using all available rosidl_typesupport_c: rosidl_typesupport_fastrtps_c;rosidl_typesupport_introspection_c
[0.520s] -- Using all available rosidl_typesupport_cpp: rosidl_typesupport_fastrtps_cpp;rosidl_typesupport_introspection_cpp
[0.573s] -- Found rclcpp: 28.1.3 (/opt/ros/jazzy/share/rclcpp/cmake)
[0.672s] -- Found rmw_implementation_cmake: 7.3.1 (/opt/ros/jazzy/share/rmw_implementation_cmake/cmake)
[0.675s] -- Found rmw_fastrtps_cpp: 8.4.1 (/opt/ros/jazzy/share/rmw_fastrtps_cpp/cmake)
[0.770s] -- Using RMW implementation 'rmw_fastrtps_cpp' as default
[0.846s] -- Found rclcpp_components: 28.1.3 (/opt/ros/jazzy/share/rclcpp_components/cmake)
[0.884s] -- Found sensor_msgs: 5.3.5 (/opt/ros/jazzy/share/sensor_msgs/cmake)
[0.919s] -- Found ament_lint_auto: 0.17.1 (/opt/ros/jazzy/share/ament_lint_auto/cmake)
[1.055s] -- Found python_cmake_module: 0.11.1 (/opt/ros/jazzy/share/python_cmake_module/cmake)
[1.291s] -- Added test 'cppcheck' to perform static code analysis on C / C++ code
[1.291s] -- Configured cppcheck include dirs: $<BUILD_INTERFACE:/home/pheonix/ros2_ws/src/teleop_twist_joy/include>
[1.292s] -- Configured cppcheck exclude dirs and/or files: 
[1.294s] -- Added test 'cpplint' to check C / C++ code against the Google style
[1.294s] -- Configured cpplint exclude dirs and/or files: 
[1.295s] -- Added test 'flake8' to check Python code syntax and style conventions
[1.295s] -- Configured 'flake8' exclude dirs and/or files: 
[1.297s] -- Added test 'lint_cmake' to check CMake code style
[1.297s] -- Added test 'pep257' to check Python code against some of the docstring style conventions in PEP 257
[1.301s] -- Added test 'uncrustify' to check C / C++ code style
[1.301s] -- Configured uncrustify additional arguments: 
[1.302s] -- Added test 'xmllint' to check XML markup files
[1.318s] -- Configuring done (1.2s)
[1.351s] -- Generating done (0.0s)
[1.355s] -- Build files have been written to: /home/pheonix/ros2_ws/build/teleop_twist_joy
