[  1%] Built target type_description_interfaces__rosidl_generator_type_description
[  1%] Built target ament_cmake_python_copy_type_description_interfaces
[  2%] Built target type_description_interfaces__cpp
[ 26%] Built target type_description_interfaces__rosidl_generator_c
running egg_info
writing type_description_interfaces.egg-info/PKG-INFO
writing dependency_links to type_description_interfaces.egg-info/dependency_links.txt
writing top-level names to type_description_interfaces.egg-info/top_level.txt
reading manifest file 'type_description_interfaces.egg-info/SOURCES.txt'
writing manifest file 'type_description_interfaces.egg-info/SOURCES.txt'
[ 26%] Built target ament_cmake_python_build_type_description_interfaces_egg
[ 36%] Built target type_description_interfaces__rosidl_typesupport_cpp
[ 45%] Built target type_description_interfaces__rosidl_typesupport_fastrtps_c
[ 55%] Built target type_description_interfaces__rosidl_typesupport_introspection_c
[ 64%] Built target type_description_interfaces__rosidl_typesupport_c
[ 74%] Built target type_description_interfaces__rosidl_typesupport_fastrtps_cpp
[ 84%] Built target type_description_interfaces__rosidl_typesupport_introspection_cpp
[ 84%] Built target type_description_interfaces
[ 85%] Built target type_description_interfaces__py
[ 93%] Built target type_description_interfaces__rosidl_generator_py
[ 95%] Built target type_description_interfaces_s__rosidl_typesupport_fastrtps_c
[ 97%] Built target type_description_interfaces_s__rosidl_typesupport_introspection_c
[100%] Built target type_description_interfaces_s__rosidl_typesupport_c
-- Install configuration: ""
-- Up-to-date: /home/pheonix/ros2_ws/install/type_description_interfaces/share/ament_index/resource_index/rosidl_interfaces/type_description_interfaces
-- Up-to-date: /home/pheonix/ros2_ws/install/type_description_interfaces/share/type_description_interfaces/msg/Field.json
-- Up-to-date: /home/pheonix/ros2_ws/install/type_description_interfaces/share/type_description_interfaces/msg/FieldType.json
-- Up-to-date: /home/pheonix/ros2_ws/install/type_description_interfaces/share/type_description_interfaces/msg/IndividualTypeDescription.json
-- Up-to-date: /home/pheonix/ros2_ws/install/type_description_interfaces/share/type_description_interfaces/msg/KeyValue.json
-- Up-to-date: /home/pheonix/ros2_ws/install/type_description_interfaces/share/type_description_interfaces/msg/TypeDescription.json
-- Up-to-date: /home/pheonix/ros2_ws/install/type_description_interfaces/share/type_description_interfaces/msg/TypeSource.json
-- Up-to-date: /home/pheonix/ros2_ws/install/type_description_interfaces/share/type_description_interfaces/srv/GetTypeDescription.json
-- Up-to-date: /home/pheonix/ros2_ws/install/type_description_interfaces/include/type_description_interfaces/type_description_interfaces
-- Up-to-date: /home/pheonix/ros2_ws/install/type_description_interfaces/include/type_description_interfaces/type_description_interfaces/msg
-- Up-to-date: /home/pheonix/ros2_ws/install/type_description_interfaces/include/type_description_interfaces/type_description_interfaces/msg/individual_type_description.h
-- Up-to-date: /home/pheonix/ros2_ws/install/type_description_interfaces/include/type_description_interfaces/type_description_interfaces/msg/rosidl_generator_c__visibility_control.h
-- Up-to-date: /home/pheonix/ros2_ws/install/type_description_interfaces/include/type_description_interfaces/type_description_interfaces/msg/detail
-- Up-to-date: /home/pheonix/ros2_ws/install/type_description_interfaces/include/type_description_interfaces/type_description_interfaces/msg/detail/type_source__struct.h
-- Installing: /home/pheonix/ros2_ws/install/type_description_interfaces/include/type_description_interfaces/type_description_interfaces/msg/detail/field__type_support.c
-- Up-to-date: /home/pheonix/ros2_ws/install/type_description_interfaces/include/type_description_interfaces/type_description_interfaces/msg/detail/individual_type_description__description.c
-- Up-to-date: /home/pheonix/ros2_ws/install/type_description_interfaces/include/type_description_interfaces/type_description_interfaces/msg/detail/field_type__functions.c
-- Up-to-date: /home/pheonix/ros2_ws/install/type_description_interfaces/include/type_description_interfaces/type_description_interfaces/msg/detail/individual_type_description__functions.c
-- Up-to-date: /home/pheonix/ros2_ws/install/type_description_interfaces/include/type_description_interfaces/type_description_interfaces/msg/detail/field__functions.c
-- Up-to-date: /home/pheonix/ros2_ws/install/type_description_interfaces/include/type_description_interfaces/type_description_interfaces/msg/detail/field_type__functions.h
-- Installing: /home/pheonix/ros2_ws/install/type_description_interfaces/include/type_description_interfaces/type_description_interfaces/msg/detail/field_type__type_support.c
-- Up-to-date: /home/pheonix/ros2_ws/install/type_description_interfaces/include/type_description_interfaces/type_description_interfaces/msg/detail/type_description__description.c
-- Installing: /home/pheonix/ros2_ws/install/type_description_interfaces/include/type_description_interfaces/type_description_interfaces/msg/detail/key_value__type_support.c
-- Up-to-date: /home/pheonix/ros2_ws/install/type_description_interfaces/include/type_description_interfaces/type_description_interfaces/msg/detail/field__struct.h
-- Up-to-date: /home/pheonix/ros2_ws/install/type_description_interfaces/include/type_description_interfaces/type_description_interfaces/msg/detail/field_type__type_support.h
-- Up-to-date: /home/pheonix/ros2_ws/install/type_description_interfaces/include/type_description_interfaces/type_description_interfaces/msg/detail/type_description__functions.h
-- Up-to-date: /home/pheonix/ros2_ws/install/type_description_interfaces/include/type_description_interfaces/type_description_interfaces/msg/detail/field__description.c
-- Up-to-date: /home/pheonix/ros2_ws/install/type_description_interfaces/include/type_description_interfaces/type_description_interfaces/msg/detail/individual_type_description__type_support.h
-- Up-to-date: /home/pheonix/ros2_ws/install/type_description_interfaces/include/type_description_interfaces/type_description_interfaces/msg/detail/type_description__struct.h
-- Up-to-date: /home/pheonix/ros2_ws/install/type_description_interfaces/include/type_description_interfaces/type_description_interfaces/msg/detail/type_source__functions.h
-- Installing: /home/pheonix/ros2_ws/install/type_description_interfaces/include/type_description_interfaces/type_description_interfaces/msg/detail/type_source__type_support.c
-- Up-to-date: /home/pheonix/ros2_ws/install/type_description_interfaces/include/type_description_interfaces/type_description_interfaces/msg/detail/field_type__struct.h
-- Installing: /home/pheonix/ros2_ws/install/type_description_interfaces/include/type_description_interfaces/type_description_interfaces/msg/detail/type_description__type_support.c
-- Up-to-date: /home/pheonix/ros2_ws/install/type_description_interfaces/include/type_description_interfaces/type_description_interfaces/msg/detail/key_value__functions.c
-- Up-to-date: /home/pheonix/ros2_ws/install/type_description_interfaces/include/type_description_interfaces/type_description_interfaces/msg/detail/key_value__functions.h
-- Up-to-date: /home/pheonix/ros2_ws/install/type_description_interfaces/include/type_description_interfaces/type_description_interfaces/msg/detail/key_value__type_support.h
-- Up-to-date: /home/pheonix/ros2_ws/install/type_description_interfaces/include/type_description_interfaces/type_description_interfaces/msg/detail/individual_type_description__struct.h
-- Up-to-date: /home/pheonix/ros2_ws/install/type_description_interfaces/include/type_description_interfaces/type_description_interfaces/msg/detail/field_type__description.c
-- Up-to-date: /home/pheonix/ros2_ws/install/type_description_interfaces/include/type_description_interfaces/type_description_interfaces/msg/detail/type_source__type_support.h
-- Up-to-date: /home/pheonix/ros2_ws/install/type_description_interfaces/include/type_description_interfaces/type_description_interfaces/msg/detail/key_value__struct.h
-- Up-to-date: /home/pheonix/ros2_ws/install/type_description_interfaces/include/type_description_interfaces/type_description_interfaces/msg/detail/individual_type_description__functions.h
-- Installing: /home/pheonix/ros2_ws/install/type_description_interfaces/include/type_description_interfaces/type_description_interfaces/msg/detail/individual_type_description__type_support.c
-- Up-to-date: /home/pheonix/ros2_ws/install/type_description_interfaces/include/type_description_interfaces/type_description_interfaces/msg/detail/field__type_support.h
-- Up-to-date: /home/pheonix/ros2_ws/install/type_description_interfaces/include/type_description_interfaces/type_description_interfaces/msg/detail/type_description__functions.c
-- Up-to-date: /home/pheonix/ros2_ws/install/type_description_interfaces/include/type_description_interfaces/type_description_interfaces/msg/detail/key_value__description.c
-- Up-to-date: /home/pheonix/ros2_ws/install/type_description_interfaces/include/type_description_interfaces/type_description_interfaces/msg/detail/type_source__functions.c
-- Up-to-date: /home/pheonix/ros2_ws/install/type_description_interfaces/include/type_description_interfaces/type_description_interfaces/msg/detail/type_source__description.c
-- Up-to-date: /home/pheonix/ros2_ws/install/type_description_interfaces/include/type_description_interfaces/type_description_interfaces/msg/detail/type_description__type_support.h
-- Up-to-date: /home/pheonix/ros2_ws/install/type_description_interfaces/include/type_description_interfaces/type_description_interfaces/msg/detail/field__functions.h
-- Up-to-date: /home/pheonix/ros2_ws/install/type_description_interfaces/include/type_description_interfaces/type_description_interfaces/msg/field.h
-- Up-to-date: /home/pheonix/ros2_ws/install/type_description_interfaces/include/type_description_interfaces/type_description_interfaces/msg/type_description.h
-- Up-to-date: /home/pheonix/ros2_ws/install/type_description_interfaces/include/type_description_interfaces/type_description_interfaces/msg/field_type.h
-- Up-to-date: /home/pheonix/ros2_ws/install/type_description_interfaces/include/type_description_interfaces/type_description_interfaces/msg/type_source.h
-- Up-to-date: /home/pheonix/ros2_ws/install/type_description_interfaces/include/type_description_interfaces/type_description_interfaces/msg/key_value.h
-- Up-to-date: /home/pheonix/ros2_ws/install/type_description_interfaces/include/type_description_interfaces/type_description_interfaces/srv
-- Up-to-date: /home/pheonix/ros2_ws/install/type_description_interfaces/include/type_description_interfaces/type_description_interfaces/srv/get_type_description.h
-- Up-to-date: /home/pheonix/ros2_ws/install/type_description_interfaces/include/type_description_interfaces/type_description_interfaces/srv/detail
-- Up-to-date: /home/pheonix/ros2_ws/install/type_description_interfaces/include/type_description_interfaces/type_description_interfaces/srv/detail/get_type_description__functions.c
-- Up-to-date: /home/pheonix/ros2_ws/install/type_description_interfaces/include/type_description_interfaces/type_description_interfaces/srv/detail/get_type_description__type_support.h
-- Up-to-date: /home/pheonix/ros2_ws/install/type_description_interfaces/include/type_description_interfaces/type_description_interfaces/srv/detail/get_type_description__struct.h
-- Installing: /home/pheonix/ros2_ws/install/type_description_interfaces/include/type_description_interfaces/type_description_interfaces/srv/detail/get_type_description__type_support.c
-- Up-to-date: /home/pheonix/ros2_ws/install/type_description_interfaces/include/type_description_interfaces/type_description_interfaces/srv/detail/get_type_description__description.c
-- Up-to-date: /home/pheonix/ros2_ws/install/type_description_interfaces/include/type_description_interfaces/type_description_interfaces/srv/detail/get_type_description__functions.h
-- Up-to-date: /home/pheonix/ros2_ws/install/type_description_interfaces/share/type_description_interfaces/environment/library_path.sh
-- Up-to-date: /home/pheonix/ros2_ws/install/type_description_interfaces/share/type_description_interfaces/environment/library_path.dsv
-- Up-to-date: /home/pheonix/ros2_ws/install/type_description_interfaces/lib/libtype_description_interfaces__rosidl_generator_c.so
-- Up-to-date: /home/pheonix/ros2_ws/install/type_description_interfaces/include/type_description_interfaces/type_description_interfaces
-- Up-to-date: /home/pheonix/ros2_ws/install/type_description_interfaces/include/type_description_interfaces/type_description_interfaces/msg
-- Up-to-date: /home/pheonix/ros2_ws/install/type_description_interfaces/include/type_description_interfaces/type_description_interfaces/msg/rosidl_typesupport_fastrtps_c__visibility_control.h
-- Up-to-date: /home/pheonix/ros2_ws/install/type_description_interfaces/include/type_description_interfaces/type_description_interfaces/msg/detail
-- Up-to-date: /home/pheonix/ros2_ws/install/type_description_interfaces/include/type_description_interfaces/type_description_interfaces/msg/detail/field__rosidl_typesupport_fastrtps_c.h
-- Up-to-date: /home/pheonix/ros2_ws/install/type_description_interfaces/include/type_description_interfaces/type_description_interfaces/msg/detail/key_value__rosidl_typesupport_fastrtps_c.h
-- Up-to-date: /home/pheonix/ros2_ws/install/type_description_interfaces/include/type_description_interfaces/type_description_interfaces/msg/detail/individual_type_description__rosidl_typesupport_fastrtps_c.h
-- Up-to-date: /home/pheonix/ros2_ws/install/type_description_interfaces/include/type_description_interfaces/type_description_interfaces/msg/detail/field_type__rosidl_typesupport_fastrtps_c.h
-- Up-to-date: /home/pheonix/ros2_ws/install/type_description_interfaces/include/type_description_interfaces/type_description_interfaces/msg/detail/type_source__rosidl_typesupport_fastrtps_c.h
-- Up-to-date: /home/pheonix/ros2_ws/install/type_description_interfaces/include/type_description_interfaces/type_description_interfaces/msg/detail/type_description__rosidl_typesupport_fastrtps_c.h
-- Up-to-date: /home/pheonix/ros2_ws/install/type_description_interfaces/include/type_description_interfaces/type_description_interfaces/srv
-- Up-to-date: /home/pheonix/ros2_ws/install/type_description_interfaces/include/type_description_interfaces/type_description_interfaces/srv/detail
-- Up-to-date: /home/pheonix/ros2_ws/install/type_description_interfaces/include/type_description_interfaces/type_description_interfaces/srv/detail/get_type_description__rosidl_typesupport_fastrtps_c.h
-- Up-to-date: /home/pheonix/ros2_ws/install/type_description_interfaces/lib/libtype_description_interfaces__rosidl_typesupport_fastrtps_c.so
-- Up-to-date: /home/pheonix/ros2_ws/install/type_description_interfaces/include/type_description_interfaces/type_description_interfaces
-- Up-to-date: /home/pheonix/ros2_ws/install/type_description_interfaces/include/type_description_interfaces/type_description_interfaces/msg
-- Up-to-date: /home/pheonix/ros2_ws/install/type_description_interfaces/include/type_description_interfaces/type_description_interfaces/msg/detail
-- Installing: /home/pheonix/ros2_ws/install/type_description_interfaces/include/type_description_interfaces/type_description_interfaces/msg/detail/field__type_support.c
-- Up-to-date: /home/pheonix/ros2_ws/install/type_description_interfaces/include/type_description_interfaces/type_description_interfaces/msg/detail/type_source__rosidl_typesupport_introspection_c.h
-- Up-to-date: /home/pheonix/ros2_ws/install/type_description_interfaces/include/type_description_interfaces/type_description_interfaces/msg/detail/individual_type_description__rosidl_typesupport_introspection_c.h
-- Installing: /home/pheonix/ros2_ws/install/type_description_interfaces/include/type_description_interfaces/type_description_interfaces/msg/detail/field_type__type_support.c
-- Installing: /home/pheonix/ros2_ws/install/type_description_interfaces/include/type_description_interfaces/type_description_interfaces/msg/detail/key_value__type_support.c
-- Installing: /home/pheonix/ros2_ws/install/type_description_interfaces/include/type_description_interfaces/type_description_interfaces/msg/detail/type_source__type_support.c
-- Installing: /home/pheonix/ros2_ws/install/type_description_interfaces/include/type_description_interfaces/type_description_interfaces/msg/detail/type_description__type_support.c
-- Up-to-date: /home/pheonix/ros2_ws/install/type_description_interfaces/include/type_description_interfaces/type_description_interfaces/msg/detail/key_value__rosidl_typesupport_introspection_c.h
-- Up-to-date: /home/pheonix/ros2_ws/install/type_description_interfaces/include/type_description_interfaces/type_description_interfaces/msg/detail/field_type__rosidl_typesupport_introspection_c.h
-- Installing: /home/pheonix/ros2_ws/install/type_description_interfaces/include/type_description_interfaces/type_description_interfaces/msg/detail/individual_type_description__type_support.c
-- Up-to-date: /home/pheonix/ros2_ws/install/type_description_interfaces/include/type_description_interfaces/type_description_interfaces/msg/detail/field__rosidl_typesupport_introspection_c.h
-- Up-to-date: /home/pheonix/ros2_ws/install/type_description_interfaces/include/type_description_interfaces/type_description_interfaces/msg/detail/type_description__rosidl_typesupport_introspection_c.h
-- Up-to-date: /home/pheonix/ros2_ws/install/type_description_interfaces/include/type_description_interfaces/type_description_interfaces/msg/rosidl_typesupport_introspection_c__visibility_control.h
-- Up-to-date: /home/pheonix/ros2_ws/install/type_description_interfaces/include/type_description_interfaces/type_description_interfaces/srv
-- Up-to-date: /home/pheonix/ros2_ws/install/type_description_interfaces/include/type_description_interfaces/type_description_interfaces/srv/detail
-- Installing: /home/pheonix/ros2_ws/install/type_description_interfaces/include/type_description_interfaces/type_description_interfaces/srv/detail/get_type_description__type_support.c
-- Up-to-date: /home/pheonix/ros2_ws/install/type_description_interfaces/include/type_description_interfaces/type_description_interfaces/srv/detail/get_type_description__rosidl_typesupport_introspection_c.h
-- Up-to-date: /home/pheonix/ros2_ws/install/type_description_interfaces/lib/libtype_description_interfaces__rosidl_typesupport_introspection_c.so
-- Up-to-date: /home/pheonix/ros2_ws/install/type_description_interfaces/lib/libtype_description_interfaces__rosidl_typesupport_c.so
-- Up-to-date: /home/pheonix/ros2_ws/install/type_description_interfaces/include/type_description_interfaces/type_description_interfaces
-- Up-to-date: /home/pheonix/ros2_ws/install/type_description_interfaces/include/type_description_interfaces/type_description_interfaces/msg
-- Up-to-date: /home/pheonix/ros2_ws/install/type_description_interfaces/include/type_description_interfaces/type_description_interfaces/msg/rosidl_generator_cpp__visibility_control.hpp
-- Up-to-date: /home/pheonix/ros2_ws/install/type_description_interfaces/include/type_description_interfaces/type_description_interfaces/msg/individual_type_description.hpp
-- Up-to-date: /home/pheonix/ros2_ws/install/type_description_interfaces/include/type_description_interfaces/type_description_interfaces/msg/type_source.hpp
-- Up-to-date: /home/pheonix/ros2_ws/install/type_description_interfaces/include/type_description_interfaces/type_description_interfaces/msg/detail
-- Up-to-date: /home/pheonix/ros2_ws/install/type_description_interfaces/include/type_description_interfaces/type_description_interfaces/msg/detail/type_description__type_support.hpp
-- Up-to-date: /home/pheonix/ros2_ws/install/type_description_interfaces/include/type_description_interfaces/type_description_interfaces/msg/detail/key_value__struct.hpp
-- Up-to-date: /home/pheonix/ros2_ws/install/type_description_interfaces/include/type_description_interfaces/type_description_interfaces/msg/detail/type_source__struct.hpp
-- Up-to-date: /home/pheonix/ros2_ws/install/type_description_interfaces/include/type_description_interfaces/type_description_interfaces/msg/detail/individual_type_description__type_support.hpp
-- Up-to-date: /home/pheonix/ros2_ws/install/type_description_interfaces/include/type_description_interfaces/type_description_interfaces/msg/detail/type_description__struct.hpp
-- Up-to-date: /home/pheonix/ros2_ws/install/type_description_interfaces/include/type_description_interfaces/type_description_interfaces/msg/detail/type_source__type_support.hpp
-- Up-to-date: /home/pheonix/ros2_ws/install/type_description_interfaces/include/type_description_interfaces/type_description_interfaces/msg/detail/individual_type_description__traits.hpp
-- Up-to-date: /home/pheonix/ros2_ws/install/type_description_interfaces/include/type_description_interfaces/type_description_interfaces/msg/detail/type_description__builder.hpp
-- Up-to-date: /home/pheonix/ros2_ws/install/type_description_interfaces/include/type_description_interfaces/type_description_interfaces/msg/detail/key_value__builder.hpp
-- Up-to-date: /home/pheonix/ros2_ws/install/type_description_interfaces/include/type_description_interfaces/type_description_interfaces/msg/detail/individual_type_description__struct.hpp
-- Up-to-date: /home/pheonix/ros2_ws/install/type_description_interfaces/include/type_description_interfaces/type_description_interfaces/msg/detail/field_type__builder.hpp
-- Up-to-date: /home/pheonix/ros2_ws/install/type_description_interfaces/include/type_description_interfaces/type_description_interfaces/msg/detail/individual_type_description__builder.hpp
-- Up-to-date: /home/pheonix/ros2_ws/install/type_description_interfaces/include/type_description_interfaces/type_description_interfaces/msg/detail/type_source__builder.hpp
-- Up-to-date: /home/pheonix/ros2_ws/install/type_description_interfaces/include/type_description_interfaces/type_description_interfaces/msg/detail/type_source__traits.hpp
-- Up-to-date: /home/pheonix/ros2_ws/install/type_description_interfaces/include/type_description_interfaces/type_description_interfaces/msg/detail/key_value__type_support.hpp
-- Up-to-date: /home/pheonix/ros2_ws/install/type_description_interfaces/include/type_description_interfaces/type_description_interfaces/msg/detail/field__traits.hpp
-- Up-to-date: /home/pheonix/ros2_ws/install/type_description_interfaces/include/type_description_interfaces/type_description_interfaces/msg/detail/field__type_support.hpp
-- Up-to-date: /home/pheonix/ros2_ws/install/type_description_interfaces/include/type_description_interfaces/type_description_interfaces/msg/detail/field_type__struct.hpp
-- Up-to-date: /home/pheonix/ros2_ws/install/type_description_interfaces/include/type_description_interfaces/type_description_interfaces/msg/detail/field__builder.hpp
-- Up-to-date: /home/pheonix/ros2_ws/install/type_description_interfaces/include/type_description_interfaces/type_description_interfaces/msg/detail/type_description__traits.hpp
-- Up-to-date: /home/pheonix/ros2_ws/install/type_description_interfaces/include/type_description_interfaces/type_description_interfaces/msg/detail/field_type__type_support.hpp
-- Up-to-date: /home/pheonix/ros2_ws/install/type_description_interfaces/include/type_description_interfaces/type_description_interfaces/msg/detail/key_value__traits.hpp
-- Up-to-date: /home/pheonix/ros2_ws/install/type_description_interfaces/include/type_description_interfaces/type_description_interfaces/msg/detail/field__struct.hpp
-- Up-to-date: /home/pheonix/ros2_ws/install/type_description_interfaces/include/type_description_interfaces/type_description_interfaces/msg/detail/field_type__traits.hpp
-- Up-to-date: /home/pheonix/ros2_ws/install/type_description_interfaces/include/type_description_interfaces/type_description_interfaces/msg/field.hpp
-- Up-to-date: /home/pheonix/ros2_ws/install/type_description_interfaces/include/type_description_interfaces/type_description_interfaces/msg/type_description.hpp
-- Up-to-date: /home/pheonix/ros2_ws/install/type_description_interfaces/include/type_description_interfaces/type_description_interfaces/msg/key_value.hpp
-- Up-to-date: /home/pheonix/ros2_ws/install/type_description_interfaces/include/type_description_interfaces/type_description_interfaces/msg/field_type.hpp
-- Up-to-date: /home/pheonix/ros2_ws/install/type_description_interfaces/include/type_description_interfaces/type_description_interfaces/srv
-- Up-to-date: /home/pheonix/ros2_ws/install/type_description_interfaces/include/type_description_interfaces/type_description_interfaces/srv/get_type_description.hpp
-- Up-to-date: /home/pheonix/ros2_ws/install/type_description_interfaces/include/type_description_interfaces/type_description_interfaces/srv/detail
-- Up-to-date: /home/pheonix/ros2_ws/install/type_description_interfaces/include/type_description_interfaces/type_description_interfaces/srv/detail/get_type_description__builder.hpp
-- Up-to-date: /home/pheonix/ros2_ws/install/type_description_interfaces/include/type_description_interfaces/type_description_interfaces/srv/detail/get_type_description__type_support.hpp
-- Up-to-date: /home/pheonix/ros2_ws/install/type_description_interfaces/include/type_description_interfaces/type_description_interfaces/srv/detail/get_type_description__struct.hpp
-- Up-to-date: /home/pheonix/ros2_ws/install/type_description_interfaces/include/type_description_interfaces/type_description_interfaces/srv/detail/get_type_description__traits.hpp
-- Up-to-date: /home/pheonix/ros2_ws/install/type_description_interfaces/include/type_description_interfaces/type_description_interfaces
-- Up-to-date: /home/pheonix/ros2_ws/install/type_description_interfaces/include/type_description_interfaces/type_description_interfaces/msg
-- Up-to-date: /home/pheonix/ros2_ws/install/type_description_interfaces/include/type_description_interfaces/type_description_interfaces/msg/detail
-- Up-to-date: /home/pheonix/ros2_ws/install/type_description_interfaces/include/type_description_interfaces/type_description_interfaces/msg/detail/key_value__rosidl_typesupport_fastrtps_cpp.hpp
-- Up-to-date: /home/pheonix/ros2_ws/install/type_description_interfaces/include/type_description_interfaces/type_description_interfaces/msg/detail/dds_fastrtps
-- Up-to-date: /home/pheonix/ros2_ws/install/type_description_interfaces/include/type_description_interfaces/type_description_interfaces/msg/detail/individual_type_description__rosidl_typesupport_fastrtps_cpp.hpp
-- Up-to-date: /home/pheonix/ros2_ws/install/type_description_interfaces/include/type_description_interfaces/type_description_interfaces/msg/detail/field__rosidl_typesupport_fastrtps_cpp.hpp
-- Up-to-date: /home/pheonix/ros2_ws/install/type_description_interfaces/include/type_description_interfaces/type_description_interfaces/msg/detail/field_type__rosidl_typesupport_fastrtps_cpp.hpp
-- Up-to-date: /home/pheonix/ros2_ws/install/type_description_interfaces/include/type_description_interfaces/type_description_interfaces/msg/detail/type_source__rosidl_typesupport_fastrtps_cpp.hpp
-- Up-to-date: /home/pheonix/ros2_ws/install/type_description_interfaces/include/type_description_interfaces/type_description_interfaces/msg/detail/type_description__rosidl_typesupport_fastrtps_cpp.hpp
-- Up-to-date: /home/pheonix/ros2_ws/install/type_description_interfaces/include/type_description_interfaces/type_description_interfaces/msg/rosidl_typesupport_fastrtps_cpp__visibility_control.h
-- Up-to-date: /home/pheonix/ros2_ws/install/type_description_interfaces/include/type_description_interfaces/type_description_interfaces/srv
-- Up-to-date: /home/pheonix/ros2_ws/install/type_description_interfaces/include/type_description_interfaces/type_description_interfaces/srv/detail
-- Up-to-date: /home/pheonix/ros2_ws/install/type_description_interfaces/include/type_description_interfaces/type_description_interfaces/srv/detail/dds_fastrtps
-- Up-to-date: /home/pheonix/ros2_ws/install/type_description_interfaces/include/type_description_interfaces/type_description_interfaces/srv/detail/get_type_description__rosidl_typesupport_fastrtps_cpp.hpp
-- Up-to-date: /home/pheonix/ros2_ws/install/type_description_interfaces/lib/libtype_description_interfaces__rosidl_typesupport_fastrtps_cpp.so
-- Up-to-date: /home/pheonix/ros2_ws/install/type_description_interfaces/include/type_description_interfaces/type_description_interfaces
-- Up-to-date: /home/pheonix/ros2_ws/install/type_description_interfaces/include/type_description_interfaces/type_description_interfaces/msg
-- Up-to-date: /home/pheonix/ros2_ws/install/type_description_interfaces/include/type_description_interfaces/type_description_interfaces/msg/detail
-- Up-to-date: /home/pheonix/ros2_ws/install/type_description_interfaces/include/type_description_interfaces/type_description_interfaces/msg/detail/field_type__type_support.cpp
-- Up-to-date: /home/pheonix/ros2_ws/install/type_description_interfaces/include/type_description_interfaces/type_description_interfaces/msg/detail/individual_type_description__type_support.cpp
-- Up-to-date: /home/pheonix/ros2_ws/install/type_description_interfaces/include/type_description_interfaces/type_description_interfaces/msg/detail/individual_type_description__rosidl_typesupport_introspection_cpp.hpp
-- Up-to-date: /home/pheonix/ros2_ws/install/type_description_interfaces/include/type_description_interfaces/type_description_interfaces/msg/detail/field__type_support.cpp
-- Up-to-date: /home/pheonix/ros2_ws/install/type_description_interfaces/include/type_description_interfaces/type_description_interfaces/msg/detail/type_source__rosidl_typesupport_introspection_cpp.hpp
-- Up-to-date: /home/pheonix/ros2_ws/install/type_description_interfaces/include/type_description_interfaces/type_description_interfaces/msg/detail/field__rosidl_typesupport_introspection_cpp.hpp
-- Up-to-date: /home/pheonix/ros2_ws/install/type_description_interfaces/include/type_description_interfaces/type_description_interfaces/msg/detail/field_type__rosidl_typesupport_introspection_cpp.hpp
-- Up-to-date: /home/pheonix/ros2_ws/install/type_description_interfaces/include/type_description_interfaces/type_description_interfaces/msg/detail/type_source__type_support.cpp
-- Up-to-date: /home/pheonix/ros2_ws/install/type_description_interfaces/include/type_description_interfaces/type_description_interfaces/msg/detail/type_description__type_support.cpp
-- Up-to-date: /home/pheonix/ros2_ws/install/type_description_interfaces/include/type_description_interfaces/type_description_interfaces/msg/detail/key_value__rosidl_typesupport_introspection_cpp.hpp
-- Up-to-date: /home/pheonix/ros2_ws/install/type_description_interfaces/include/type_description_interfaces/type_description_interfaces/msg/detail/key_value__type_support.cpp
-- Up-to-date: /home/pheonix/ros2_ws/install/type_description_interfaces/include/type_description_interfaces/type_description_interfaces/msg/detail/type_description__rosidl_typesupport_introspection_cpp.hpp
-- Up-to-date: /home/pheonix/ros2_ws/install/type_description_interfaces/include/type_description_interfaces/type_description_interfaces/srv
-- Up-to-date: /home/pheonix/ros2_ws/install/type_description_interfaces/include/type_description_interfaces/type_description_interfaces/srv/detail
-- Up-to-date: /home/pheonix/ros2_ws/install/type_description_interfaces/include/type_description_interfaces/type_description_interfaces/srv/detail/get_type_description__rosidl_typesupport_introspection_cpp.hpp
-- Up-to-date: /home/pheonix/ros2_ws/install/type_description_interfaces/include/type_description_interfaces/type_description_interfaces/srv/detail/get_type_description__type_support.cpp
-- Up-to-date: /home/pheonix/ros2_ws/install/type_description_interfaces/lib/libtype_description_interfaces__rosidl_typesupport_introspection_cpp.so
-- Up-to-date: /home/pheonix/ros2_ws/install/type_description_interfaces/lib/libtype_description_interfaces__rosidl_typesupport_cpp.so
-- Up-to-date: /home/pheonix/ros2_ws/install/type_description_interfaces/share/type_description_interfaces/environment/pythonpath.sh
-- Up-to-date: /home/pheonix/ros2_ws/install/type_description_interfaces/share/type_description_interfaces/environment/pythonpath.dsv
-- Up-to-date: /home/pheonix/ros2_ws/install/type_description_interfaces/lib/python3.12/site-packages/type_description_interfaces-2.2.0-py3.12.egg-info
-- Installing: /home/pheonix/ros2_ws/install/type_description_interfaces/lib/python3.12/site-packages/type_description_interfaces-2.2.0-py3.12.egg-info/SOURCES.txt
-- Installing: /home/pheonix/ros2_ws/install/type_description_interfaces/lib/python3.12/site-packages/type_description_interfaces-2.2.0-py3.12.egg-info/dependency_links.txt
-- Installing: /home/pheonix/ros2_ws/install/type_description_interfaces/lib/python3.12/site-packages/type_description_interfaces-2.2.0-py3.12.egg-info/PKG-INFO
-- Installing: /home/pheonix/ros2_ws/install/type_description_interfaces/lib/python3.12/site-packages/type_description_interfaces-2.2.0-py3.12.egg-info/top_level.txt
-- Up-to-date: /home/pheonix/ros2_ws/install/type_description_interfaces/lib/python3.12/site-packages/type_description_interfaces
-- Up-to-date: /home/pheonix/ros2_ws/install/type_description_interfaces/lib/python3.12/site-packages/type_description_interfaces/type_description_interfaces_s__rosidl_typesupport_c.so
-- Up-to-date: /home/pheonix/ros2_ws/install/type_description_interfaces/lib/python3.12/site-packages/type_description_interfaces/_type_description_interfaces_s.ep.rosidl_typesupport_fastrtps_c.c
-- Up-to-date: /home/pheonix/ros2_ws/install/type_description_interfaces/lib/python3.12/site-packages/type_description_interfaces/_type_description_interfaces_s.ep.rosidl_typesupport_introspection_c.c
-- Up-to-date: /home/pheonix/ros2_ws/install/type_description_interfaces/lib/python3.12/site-packages/type_description_interfaces/msg
-- Up-to-date: /home/pheonix/ros2_ws/install/type_description_interfaces/lib/python3.12/site-packages/type_description_interfaces/msg/_type_source.py
-- Up-to-date: /home/pheonix/ros2_ws/install/type_description_interfaces/lib/python3.12/site-packages/type_description_interfaces/msg/_field_type_s.c
-- Up-to-date: /home/pheonix/ros2_ws/install/type_description_interfaces/lib/python3.12/site-packages/type_description_interfaces/msg/_individual_type_description_s.c
-- Up-to-date: /home/pheonix/ros2_ws/install/type_description_interfaces/lib/python3.12/site-packages/type_description_interfaces/msg/_type_description.py
-- Up-to-date: /home/pheonix/ros2_ws/install/type_description_interfaces/lib/python3.12/site-packages/type_description_interfaces/msg/_individual_type_description.py
-- Up-to-date: /home/pheonix/ros2_ws/install/type_description_interfaces/lib/python3.12/site-packages/type_description_interfaces/msg/_field_type.py
-- Up-to-date: /home/pheonix/ros2_ws/install/type_description_interfaces/lib/python3.12/site-packages/type_description_interfaces/msg/_field_s.c
-- Up-to-date: /home/pheonix/ros2_ws/install/type_description_interfaces/lib/python3.12/site-packages/type_description_interfaces/msg/_field.py
-- Up-to-date: /home/pheonix/ros2_ws/install/type_description_interfaces/lib/python3.12/site-packages/type_description_interfaces/msg/_key_value.py
-- Up-to-date: /home/pheonix/ros2_ws/install/type_description_interfaces/lib/python3.12/site-packages/type_description_interfaces/msg/_key_value_s.c
-- Up-to-date: /home/pheonix/ros2_ws/install/type_description_interfaces/lib/python3.12/site-packages/type_description_interfaces/msg/_type_source_s.c
-- Up-to-date: /home/pheonix/ros2_ws/install/type_description_interfaces/lib/python3.12/site-packages/type_description_interfaces/msg/__init__.py
-- Up-to-date: /home/pheonix/ros2_ws/install/type_description_interfaces/lib/python3.12/site-packages/type_description_interfaces/msg/_type_description_s.c
-- Up-to-date: /home/pheonix/ros2_ws/install/type_description_interfaces/lib/python3.12/site-packages/type_description_interfaces/_type_description_interfaces_s.ep.rosidl_typesupport_c.c
-- Up-to-date: /home/pheonix/ros2_ws/install/type_description_interfaces/lib/python3.12/site-packages/type_description_interfaces/__init__.py
-- Up-to-date: /home/pheonix/ros2_ws/install/type_description_interfaces/lib/python3.12/site-packages/type_description_interfaces/type_description_interfaces_s__rosidl_typesupport_introspection_c.so
-- Up-to-date: /home/pheonix/ros2_ws/install/type_description_interfaces/lib/python3.12/site-packages/type_description_interfaces/type_description_interfaces_s__rosidl_typesupport_fastrtps_c.so
-- Up-to-date: /home/pheonix/ros2_ws/install/type_description_interfaces/lib/python3.12/site-packages/type_description_interfaces/srv
-- Up-to-date: /home/pheonix/ros2_ws/install/type_description_interfaces/lib/python3.12/site-packages/type_description_interfaces/srv/_get_type_description_s.c
-- Up-to-date: /home/pheonix/ros2_ws/install/type_description_interfaces/lib/python3.12/site-packages/type_description_interfaces/srv/__init__.py
-- Up-to-date: /home/pheonix/ros2_ws/install/type_description_interfaces/lib/python3.12/site-packages/type_description_interfaces/srv/_get_type_description.py
Listing '/home/pheonix/ros2_ws/install/type_description_interfaces/lib/python3.12/site-packages/type_description_interfaces'...
Listing '/home/pheonix/ros2_ws/install/type_description_interfaces/lib/python3.12/site-packages/type_description_interfaces/msg'...
Listing '/home/pheonix/ros2_ws/install/type_description_interfaces/lib/python3.12/site-packages/type_description_interfaces/srv'...
-- Up-to-date: /home/pheonix/ros2_ws/install/type_description_interfaces/lib/python3.12/site-packages/type_description_interfaces/type_description_interfaces_s__rosidl_typesupport_fastrtps_c.so
-- Up-to-date: /home/pheonix/ros2_ws/install/type_description_interfaces/lib/python3.12/site-packages/type_description_interfaces/type_description_interfaces_s__rosidl_typesupport_introspection_c.so
-- Up-to-date: /home/pheonix/ros2_ws/install/type_description_interfaces/lib/python3.12/site-packages/type_description_interfaces/type_description_interfaces_s__rosidl_typesupport_c.so
-- Up-to-date: /home/pheonix/ros2_ws/install/type_description_interfaces/lib/libtype_description_interfaces__rosidl_generator_py.so
-- Up-to-date: /home/pheonix/ros2_ws/install/type_description_interfaces/share/type_description_interfaces/msg/Field.idl
-- Up-to-date: /home/pheonix/ros2_ws/install/type_description_interfaces/share/type_description_interfaces/msg/FieldType.idl
-- Up-to-date: /home/pheonix/ros2_ws/install/type_description_interfaces/share/type_description_interfaces/msg/IndividualTypeDescription.idl
-- Up-to-date: /home/pheonix/ros2_ws/install/type_description_interfaces/share/type_description_interfaces/msg/KeyValue.idl
-- Up-to-date: /home/pheonix/ros2_ws/install/type_description_interfaces/share/type_description_interfaces/msg/TypeDescription.idl
-- Up-to-date: /home/pheonix/ros2_ws/install/type_description_interfaces/share/type_description_interfaces/msg/TypeSource.idl
-- Up-to-date: /home/pheonix/ros2_ws/install/type_description_interfaces/share/type_description_interfaces/srv/GetTypeDescription.idl
-- Up-to-date: /home/pheonix/ros2_ws/install/type_description_interfaces/share/type_description_interfaces/msg/Field.msg
-- Up-to-date: /home/pheonix/ros2_ws/install/type_description_interfaces/share/type_description_interfaces/msg/FieldType.msg
-- Up-to-date: /home/pheonix/ros2_ws/install/type_description_interfaces/share/type_description_interfaces/msg/IndividualTypeDescription.msg
-- Up-to-date: /home/pheonix/ros2_ws/install/type_description_interfaces/share/type_description_interfaces/msg/KeyValue.msg
-- Up-to-date: /home/pheonix/ros2_ws/install/type_description_interfaces/share/type_description_interfaces/msg/TypeDescription.msg
-- Up-to-date: /home/pheonix/ros2_ws/install/type_description_interfaces/share/type_description_interfaces/msg/TypeSource.msg
-- Up-to-date: /home/pheonix/ros2_ws/install/type_description_interfaces/share/type_description_interfaces/srv/GetTypeDescription.srv
-- Up-to-date: /home/pheonix/ros2_ws/install/type_description_interfaces/share/ament_index/resource_index/package_run_dependencies/type_description_interfaces
-- Up-to-date: /home/pheonix/ros2_ws/install/type_description_interfaces/share/ament_index/resource_index/parent_prefix_path/type_description_interfaces
-- Up-to-date: /home/pheonix/ros2_ws/install/type_description_interfaces/share/type_description_interfaces/environment/ament_prefix_path.sh
-- Up-to-date: /home/pheonix/ros2_ws/install/type_description_interfaces/share/type_description_interfaces/environment/ament_prefix_path.dsv
-- Up-to-date: /home/pheonix/ros2_ws/install/type_description_interfaces/share/type_description_interfaces/environment/path.sh
-- Up-to-date: /home/pheonix/ros2_ws/install/type_description_interfaces/share/type_description_interfaces/environment/path.dsv
-- Up-to-date: /home/pheonix/ros2_ws/install/type_description_interfaces/share/type_description_interfaces/local_setup.bash
-- Up-to-date: /home/pheonix/ros2_ws/install/type_description_interfaces/share/type_description_interfaces/local_setup.sh
-- Up-to-date: /home/pheonix/ros2_ws/install/type_description_interfaces/share/type_description_interfaces/local_setup.zsh
-- Up-to-date: /home/pheonix/ros2_ws/install/type_description_interfaces/share/type_description_interfaces/local_setup.dsv
-- Installing: /home/pheonix/ros2_ws/install/type_description_interfaces/share/type_description_interfaces/package.dsv
-- Up-to-date: /home/pheonix/ros2_ws/install/type_description_interfaces/share/ament_index/resource_index/packages/type_description_interfaces
-- Up-to-date: /home/pheonix/ros2_ws/install/type_description_interfaces/share/type_description_interfaces/cmake/export_type_description_interfaces__rosidl_generator_cExport.cmake
-- Up-to-date: /home/pheonix/ros2_ws/install/type_description_interfaces/share/type_description_interfaces/cmake/export_type_description_interfaces__rosidl_generator_cExport-noconfig.cmake
-- Up-to-date: /home/pheonix/ros2_ws/install/type_description_interfaces/share/type_description_interfaces/cmake/export_type_description_interfaces__rosidl_typesupport_fastrtps_cExport.cmake
-- Up-to-date: /home/pheonix/ros2_ws/install/type_description_interfaces/share/type_description_interfaces/cmake/export_type_description_interfaces__rosidl_typesupport_fastrtps_cExport-noconfig.cmake
-- Up-to-date: /home/pheonix/ros2_ws/install/type_description_interfaces/share/type_description_interfaces/cmake/type_description_interfaces__rosidl_typesupport_introspection_cExport.cmake
-- Up-to-date: /home/pheonix/ros2_ws/install/type_description_interfaces/share/type_description_interfaces/cmake/type_description_interfaces__rosidl_typesupport_introspection_cExport-noconfig.cmake
-- Up-to-date: /home/pheonix/ros2_ws/install/type_description_interfaces/share/type_description_interfaces/cmake/type_description_interfaces__rosidl_typesupport_cExport.cmake
-- Up-to-date: /home/pheonix/ros2_ws/install/type_description_interfaces/share/type_description_interfaces/cmake/type_description_interfaces__rosidl_typesupport_cExport-noconfig.cmake
-- Up-to-date: /home/pheonix/ros2_ws/install/type_description_interfaces/share/type_description_interfaces/cmake/export_type_description_interfaces__rosidl_generator_cppExport.cmake
-- Up-to-date: /home/pheonix/ros2_ws/install/type_description_interfaces/share/type_description_interfaces/cmake/export_type_description_interfaces__rosidl_typesupport_fastrtps_cppExport.cmake
-- Up-to-date: /home/pheonix/ros2_ws/install/type_description_interfaces/share/type_description_interfaces/cmake/export_type_description_interfaces__rosidl_typesupport_fastrtps_cppExport-noconfig.cmake
-- Up-to-date: /home/pheonix/ros2_ws/install/type_description_interfaces/share/type_description_interfaces/cmake/type_description_interfaces__rosidl_typesupport_introspection_cppExport.cmake
-- Up-to-date: /home/pheonix/ros2_ws/install/type_description_interfaces/share/type_description_interfaces/cmake/type_description_interfaces__rosidl_typesupport_introspection_cppExport-noconfig.cmake
-- Up-to-date: /home/pheonix/ros2_ws/install/type_description_interfaces/share/type_description_interfaces/cmake/type_description_interfaces__rosidl_typesupport_cppExport.cmake
-- Up-to-date: /home/pheonix/ros2_ws/install/type_description_interfaces/share/type_description_interfaces/cmake/type_description_interfaces__rosidl_typesupport_cppExport-noconfig.cmake
-- Up-to-date: /home/pheonix/ros2_ws/install/type_description_interfaces/share/type_description_interfaces/cmake/export_type_description_interfaces__rosidl_generator_pyExport.cmake
-- Up-to-date: /home/pheonix/ros2_ws/install/type_description_interfaces/share/type_description_interfaces/cmake/export_type_description_interfaces__rosidl_generator_pyExport-noconfig.cmake
-- Up-to-date: /home/pheonix/ros2_ws/install/type_description_interfaces/share/type_description_interfaces/cmake/rosidl_cmake-extras.cmake
-- Up-to-date: /home/pheonix/ros2_ws/install/type_description_interfaces/share/type_description_interfaces/cmake/ament_cmake_export_dependencies-extras.cmake
-- Up-to-date: /home/pheonix/ros2_ws/install/type_description_interfaces/share/type_description_interfaces/cmake/ament_cmake_export_include_directories-extras.cmake
-- Up-to-date: /home/pheonix/ros2_ws/install/type_description_interfaces/share/type_description_interfaces/cmake/ament_cmake_export_libraries-extras.cmake
-- Up-to-date: /home/pheonix/ros2_ws/install/type_description_interfaces/share/type_description_interfaces/cmake/ament_cmake_export_targets-extras.cmake
-- Up-to-date: /home/pheonix/ros2_ws/install/type_description_interfaces/share/type_description_interfaces/cmake/rosidl_cmake_export_typesupport_targets-extras.cmake
-- Up-to-date: /home/pheonix/ros2_ws/install/type_description_interfaces/share/type_description_interfaces/cmake/rosidl_cmake_export_typesupport_libraries-extras.cmake
-- Up-to-date: /home/pheonix/ros2_ws/install/type_description_interfaces/share/type_description_interfaces/cmake/type_description_interfacesConfig.cmake
-- Up-to-date: /home/pheonix/ros2_ws/install/type_description_interfaces/share/type_description_interfaces/cmake/type_description_interfacesConfig-version.cmake
-- Up-to-date: /home/pheonix/ros2_ws/install/type_description_interfaces/share/type_description_interfaces/package.xml
