[0.067s] Invoking command in '/home/pheonix/ros2_ws/build/type_description_interfaces': AMENT_PREFIX_PATH=/home/pheonix/ros2_ws/install/service_msgs:${AMENT_PREFIX_PATH} CMAKE_PREFIX_PATH=/home/pheonix/ros2_ws/install/service_msgs:/opt/ros/jazzy/opt/gz_sim_vendor:/opt/ros/jazzy/opt/gz_sensors_vendor:/opt/ros/jazzy/opt/gz_physics_vendor:/opt/ros/jazzy/opt/sdformat_vendor:/opt/ros/jazzy/opt/gz_gui_vendor:/opt/ros/jazzy/opt/gz_transport_vendor:/opt/ros/jazzy/opt/gz_rendering_vendor:/opt/ros/jazzy/opt/gz_plugin_vendor:/opt/ros/jazzy/opt/gz_fuel_tools_vendor:/opt/ros/jazzy/opt/gz_msgs_vendor:/opt/ros/jazzy/opt/gz_common_vendor:/opt/ros/jazzy/opt/gz_tools_vendor:/opt/ros/jazzy/opt/gz_ogre_next_vendor:/opt/ros/jazzy/opt/gz_dartsim_vendor:/home/pheonix/ros2_ws/install/turtlesim:/opt/ros/jazzy/opt/gz_math_vendor:/opt/ros/jazzy/opt/gz_utils_vendor:/opt/ros/jazzy/opt/gz_cmake_vendor:/opt/ros/jazzy DEBUGINFOD_URLS=https://debuginfod.ubuntu.com LD_LIBRARY_PATH=/home/pheonix/ros2_ws/install/service_msgs/lib:${LD_LIBRARY_PATH} PYTHONPATH=/home/pheonix/ros2_ws/install/service_msgs/lib/python3.12/site-packages:${PYTHONPATH} /usr/bin/cmake --build /home/pheonix/ros2_ws/build/type_description_interfaces -- -j2 -l2
[0.203s] [  1%] Built target type_description_interfaces__rosidl_generator_type_description
[0.317s] [  1%] Built target ament_cmake_python_copy_type_description_interfaces
[0.343s] [  2%] Built target type_description_interfaces__cpp
[0.433s] [ 26%] Built target type_description_interfaces__rosidl_generator_c
[0.691s] running egg_info
[0.713s] writing type_description_interfaces.egg-info/PKG-INFO
[0.718s] writing dependency_links to type_description_interfaces.egg-info/dependency_links.txt
[0.718s] writing top-level names to type_description_interfaces.egg-info/top_level.txt
[0.798s] reading manifest file 'type_description_interfaces.egg-info/SOURCES.txt'
[0.798s] writing manifest file 'type_description_interfaces.egg-info/SOURCES.txt'
[0.919s] [ 26%] Built target ament_cmake_python_build_type_description_interfaces_egg
[1.022s] [ 36%] Built target type_description_interfaces__rosidl_typesupport_cpp
[1.129s] [ 45%] Built target type_description_interfaces__rosidl_typesupport_fastrtps_c
[1.246s] [ 55%] Built target type_description_interfaces__rosidl_typesupport_introspection_c
[1.288s] [ 64%] Built target type_description_interfaces__rosidl_typesupport_c
[1.362s] [ 74%] Built target type_description_interfaces__rosidl_typesupport_fastrtps_cpp
[1.443s] [ 84%] Built target type_description_interfaces__rosidl_typesupport_introspection_cpp
[1.517s] [ 84%] Built target type_description_interfaces
[1.585s] [ 85%] Built target type_description_interfaces__py
[1.687s] [ 93%] Built target type_description_interfaces__rosidl_generator_py
[1.841s] [ 95%] Built target type_description_interfaces_s__rosidl_typesupport_fastrtps_c
[1.919s] [ 97%] Built target type_description_interfaces_s__rosidl_typesupport_introspection_c
[2.020s] [100%] Built target type_description_interfaces_s__rosidl_typesupport_c
[2.050s] Invoked command in '/home/pheonix/ros2_ws/build/type_description_interfaces' returned '0': AMENT_PREFIX_PATH=/home/pheonix/ros2_ws/install/service_msgs:${AMENT_PREFIX_PATH} CMAKE_PREFIX_PATH=/home/pheonix/ros2_ws/install/service_msgs:/opt/ros/jazzy/opt/gz_sim_vendor:/opt/ros/jazzy/opt/gz_sensors_vendor:/opt/ros/jazzy/opt/gz_physics_vendor:/opt/ros/jazzy/opt/sdformat_vendor:/opt/ros/jazzy/opt/gz_gui_vendor:/opt/ros/jazzy/opt/gz_transport_vendor:/opt/ros/jazzy/opt/gz_rendering_vendor:/opt/ros/jazzy/opt/gz_plugin_vendor:/opt/ros/jazzy/opt/gz_fuel_tools_vendor:/opt/ros/jazzy/opt/gz_msgs_vendor:/opt/ros/jazzy/opt/gz_common_vendor:/opt/ros/jazzy/opt/gz_tools_vendor:/opt/ros/jazzy/opt/gz_ogre_next_vendor:/opt/ros/jazzy/opt/gz_dartsim_vendor:/home/pheonix/ros2_ws/install/turtlesim:/opt/ros/jazzy/opt/gz_math_vendor:/opt/ros/jazzy/opt/gz_utils_vendor:/opt/ros/jazzy/opt/gz_cmake_vendor:/opt/ros/jazzy DEBUGINFOD_URLS=https://debuginfod.ubuntu.com LD_LIBRARY_PATH=/home/pheonix/ros2_ws/install/service_msgs/lib:${LD_LIBRARY_PATH} PYTHONPATH=/home/pheonix/ros2_ws/install/service_msgs/lib/python3.12/site-packages:${PYTHONPATH} /usr/bin/cmake --build /home/pheonix/ros2_ws/build/type_description_interfaces -- -j2 -l2
[3.358s] Invoking command in '/home/pheonix/ros2_ws/build/type_description_interfaces': AMENT_PREFIX_PATH=/home/pheonix/ros2_ws/install/service_msgs:${AMENT_PREFIX_PATH} CMAKE_PREFIX_PATH=/home/pheonix/ros2_ws/install/service_msgs:/opt/ros/jazzy/opt/gz_sim_vendor:/opt/ros/jazzy/opt/gz_sensors_vendor:/opt/ros/jazzy/opt/gz_physics_vendor:/opt/ros/jazzy/opt/sdformat_vendor:/opt/ros/jazzy/opt/gz_gui_vendor:/opt/ros/jazzy/opt/gz_transport_vendor:/opt/ros/jazzy/opt/gz_rendering_vendor:/opt/ros/jazzy/opt/gz_plugin_vendor:/opt/ros/jazzy/opt/gz_fuel_tools_vendor:/opt/ros/jazzy/opt/gz_msgs_vendor:/opt/ros/jazzy/opt/gz_common_vendor:/opt/ros/jazzy/opt/gz_tools_vendor:/opt/ros/jazzy/opt/gz_ogre_next_vendor:/opt/ros/jazzy/opt/gz_dartsim_vendor:/home/pheonix/ros2_ws/install/turtlesim:/opt/ros/jazzy/opt/gz_math_vendor:/opt/ros/jazzy/opt/gz_utils_vendor:/opt/ros/jazzy/opt/gz_cmake_vendor:/opt/ros/jazzy DEBUGINFOD_URLS=https://debuginfod.ubuntu.com LD_LIBRARY_PATH=/home/pheonix/ros2_ws/install/service_msgs/lib:${LD_LIBRARY_PATH} PYTHONPATH=/home/pheonix/ros2_ws/install/service_msgs/lib/python3.12/site-packages:${PYTHONPATH} /usr/bin/cmake --install /home/pheonix/ros2_ws/build/type_description_interfaces
[3.369s] -- Install configuration: ""
[3.369s] -- Up-to-date: /home/pheonix/ros2_ws/install/type_description_interfaces/share/ament_index/resource_index/rosidl_interfaces/type_description_interfaces
[3.375s] -- Up-to-date: /home/pheonix/ros2_ws/install/type_description_interfaces/share/type_description_interfaces/msg/Field.json
[3.376s] -- Up-to-date: /home/pheonix/ros2_ws/install/type_description_interfaces/share/type_description_interfaces/msg/FieldType.json
[3.381s] -- Up-to-date: /home/pheonix/ros2_ws/install/type_description_interfaces/share/type_description_interfaces/msg/IndividualTypeDescription.json
[3.381s] -- Up-to-date: /home/pheonix/ros2_ws/install/type_description_interfaces/share/type_description_interfaces/msg/KeyValue.json
[3.381s] -- Up-to-date: /home/pheonix/ros2_ws/install/type_description_interfaces/share/type_description_interfaces/msg/TypeDescription.json
[3.381s] -- Up-to-date: /home/pheonix/ros2_ws/install/type_description_interfaces/share/type_description_interfaces/msg/TypeSource.json
[3.381s] -- Up-to-date: /home/pheonix/ros2_ws/install/type_description_interfaces/share/type_description_interfaces/srv/GetTypeDescription.json
[3.381s] -- Up-to-date: /home/pheonix/ros2_ws/install/type_description_interfaces/include/type_description_interfaces/type_description_interfaces
[3.381s] -- Up-to-date: /home/pheonix/ros2_ws/install/type_description_interfaces/include/type_description_interfaces/type_description_interfaces/msg
[3.381s] -- Up-to-date: /home/pheonix/ros2_ws/install/type_description_interfaces/include/type_description_interfaces/type_description_interfaces/msg/individual_type_description.h
[3.382s] -- Up-to-date: /home/pheonix/ros2_ws/install/type_description_interfaces/include/type_description_interfaces/type_description_interfaces/msg/rosidl_generator_c__visibility_control.h
[3.382s] -- Up-to-date: /home/pheonix/ros2_ws/install/type_description_interfaces/include/type_description_interfaces/type_description_interfaces/msg/detail
[3.383s] -- Up-to-date: /home/pheonix/ros2_ws/install/type_description_interfaces/include/type_description_interfaces/type_description_interfaces/msg/detail/type_source__struct.h
[3.383s] -- Installing: /home/pheonix/ros2_ws/install/type_description_interfaces/include/type_description_interfaces/type_description_interfaces/msg/detail/field__type_support.c
[3.383s] -- Up-to-date: /home/pheonix/ros2_ws/install/type_description_interfaces/include/type_description_interfaces/type_description_interfaces/msg/detail/individual_type_description__description.c
[3.383s] -- Up-to-date: /home/pheonix/ros2_ws/install/type_description_interfaces/include/type_description_interfaces/type_description_interfaces/msg/detail/field_type__functions.c
[3.383s] -- Up-to-date: /home/pheonix/ros2_ws/install/type_description_interfaces/include/type_description_interfaces/type_description_interfaces/msg/detail/individual_type_description__functions.c
[3.383s] -- Up-to-date: /home/pheonix/ros2_ws/install/type_description_interfaces/include/type_description_interfaces/type_description_interfaces/msg/detail/field__functions.c
[3.383s] -- Up-to-date: /home/pheonix/ros2_ws/install/type_description_interfaces/include/type_description_interfaces/type_description_interfaces/msg/detail/field_type__functions.h
[3.383s] -- Installing: /home/pheonix/ros2_ws/install/type_description_interfaces/include/type_description_interfaces/type_description_interfaces/msg/detail/field_type__type_support.c
[3.383s] -- Up-to-date: /home/pheonix/ros2_ws/install/type_description_interfaces/include/type_description_interfaces/type_description_interfaces/msg/detail/type_description__description.c
[3.383s] -- Installing: /home/pheonix/ros2_ws/install/type_description_interfaces/include/type_description_interfaces/type_description_interfaces/msg/detail/key_value__type_support.c
[3.384s] -- Up-to-date: /home/pheonix/ros2_ws/install/type_description_interfaces/include/type_description_interfaces/type_description_interfaces/msg/detail/field__struct.h
[3.384s] -- Up-to-date: /home/pheonix/ros2_ws/install/type_description_interfaces/include/type_description_interfaces/type_description_interfaces/msg/detail/field_type__type_support.h
[3.384s] -- Up-to-date: /home/pheonix/ros2_ws/install/type_description_interfaces/include/type_description_interfaces/type_description_interfaces/msg/detail/type_description__functions.h
[3.384s] -- Up-to-date: /home/pheonix/ros2_ws/install/type_description_interfaces/include/type_description_interfaces/type_description_interfaces/msg/detail/field__description.c
[3.384s] -- Up-to-date: /home/pheonix/ros2_ws/install/type_description_interfaces/include/type_description_interfaces/type_description_interfaces/msg/detail/individual_type_description__type_support.h
[3.384s] -- Up-to-date: /home/pheonix/ros2_ws/install/type_description_interfaces/include/type_description_interfaces/type_description_interfaces/msg/detail/type_description__struct.h
[3.384s] -- Up-to-date: /home/pheonix/ros2_ws/install/type_description_interfaces/include/type_description_interfaces/type_description_interfaces/msg/detail/type_source__functions.h
[3.384s] -- Installing: /home/pheonix/ros2_ws/install/type_description_interfaces/include/type_description_interfaces/type_description_interfaces/msg/detail/type_source__type_support.c
[3.384s] -- Up-to-date: /home/pheonix/ros2_ws/install/type_description_interfaces/include/type_description_interfaces/type_description_interfaces/msg/detail/field_type__struct.h
[3.384s] -- Installing: /home/pheonix/ros2_ws/install/type_description_interfaces/include/type_description_interfaces/type_description_interfaces/msg/detail/type_description__type_support.c
[3.384s] -- Up-to-date: /home/pheonix/ros2_ws/install/type_description_interfaces/include/type_description_interfaces/type_description_interfaces/msg/detail/key_value__functions.c
[3.384s] -- Up-to-date: /home/pheonix/ros2_ws/install/type_description_interfaces/include/type_description_interfaces/type_description_interfaces/msg/detail/key_value__functions.h
[3.384s] -- Up-to-date: /home/pheonix/ros2_ws/install/type_description_interfaces/include/type_description_interfaces/type_description_interfaces/msg/detail/key_value__type_support.h
[3.384s] -- Up-to-date: /home/pheonix/ros2_ws/install/type_description_interfaces/include/type_description_interfaces/type_description_interfaces/msg/detail/individual_type_description__struct.h
[3.384s] -- Up-to-date: /home/pheonix/ros2_ws/install/type_description_interfaces/include/type_description_interfaces/type_description_interfaces/msg/detail/field_type__description.c
[3.384s] -- Up-to-date: /home/pheonix/ros2_ws/install/type_description_interfaces/include/type_description_interfaces/type_description_interfaces/msg/detail/type_source__type_support.h
[3.384s] -- Up-to-date: /home/pheonix/ros2_ws/install/type_description_interfaces/include/type_description_interfaces/type_description_interfaces/msg/detail/key_value__struct.h
[3.384s] -- Up-to-date: /home/pheonix/ros2_ws/install/type_description_interfaces/include/type_description_interfaces/type_description_interfaces/msg/detail/individual_type_description__functions.h
[3.384s] -- Installing: /home/pheonix/ros2_ws/install/type_description_interfaces/include/type_description_interfaces/type_description_interfaces/msg/detail/individual_type_description__type_support.c
[3.384s] -- Up-to-date: /home/pheonix/ros2_ws/install/type_description_interfaces/include/type_description_interfaces/type_description_interfaces/msg/detail/field__type_support.h
[3.384s] -- Up-to-date: /home/pheonix/ros2_ws/install/type_description_interfaces/include/type_description_interfaces/type_description_interfaces/msg/detail/type_description__functions.c
[3.384s] -- Up-to-date: /home/pheonix/ros2_ws/install/type_description_interfaces/include/type_description_interfaces/type_description_interfaces/msg/detail/key_value__description.c
[3.384s] -- Up-to-date: /home/pheonix/ros2_ws/install/type_description_interfaces/include/type_description_interfaces/type_description_interfaces/msg/detail/type_source__functions.c
[3.384s] -- Up-to-date: /home/pheonix/ros2_ws/install/type_description_interfaces/include/type_description_interfaces/type_description_interfaces/msg/detail/type_source__description.c
[3.384s] -- Up-to-date: /home/pheonix/ros2_ws/install/type_description_interfaces/include/type_description_interfaces/type_description_interfaces/msg/detail/type_description__type_support.h
[3.384s] -- Up-to-date: /home/pheonix/ros2_ws/install/type_description_interfaces/include/type_description_interfaces/type_description_interfaces/msg/detail/field__functions.h
[3.384s] -- Up-to-date: /home/pheonix/ros2_ws/install/type_description_interfaces/include/type_description_interfaces/type_description_interfaces/msg/field.h
[3.385s] -- Up-to-date: /home/pheonix/ros2_ws/install/type_description_interfaces/include/type_description_interfaces/type_description_interfaces/msg/type_description.h
[3.385s] -- Up-to-date: /home/pheonix/ros2_ws/install/type_description_interfaces/include/type_description_interfaces/type_description_interfaces/msg/field_type.h
[3.385s] -- Up-to-date: /home/pheonix/ros2_ws/install/type_description_interfaces/include/type_description_interfaces/type_description_interfaces/msg/type_source.h
[3.385s] -- Up-to-date: /home/pheonix/ros2_ws/install/type_description_interfaces/include/type_description_interfaces/type_description_interfaces/msg/key_value.h
[3.385s] -- Up-to-date: /home/pheonix/ros2_ws/install/type_description_interfaces/include/type_description_interfaces/type_description_interfaces/srv
[3.385s] -- Up-to-date: /home/pheonix/ros2_ws/install/type_description_interfaces/include/type_description_interfaces/type_description_interfaces/srv/get_type_description.h
[3.385s] -- Up-to-date: /home/pheonix/ros2_ws/install/type_description_interfaces/include/type_description_interfaces/type_description_interfaces/srv/detail
[3.385s] -- Up-to-date: /home/pheonix/ros2_ws/install/type_description_interfaces/include/type_description_interfaces/type_description_interfaces/srv/detail/get_type_description__functions.c
[3.385s] -- Up-to-date: /home/pheonix/ros2_ws/install/type_description_interfaces/include/type_description_interfaces/type_description_interfaces/srv/detail/get_type_description__type_support.h
[3.385s] -- Up-to-date: /home/pheonix/ros2_ws/install/type_description_interfaces/include/type_description_interfaces/type_description_interfaces/srv/detail/get_type_description__struct.h
[3.385s] -- Installing: /home/pheonix/ros2_ws/install/type_description_interfaces/include/type_description_interfaces/type_description_interfaces/srv/detail/get_type_description__type_support.c
[3.385s] -- Up-to-date: /home/pheonix/ros2_ws/install/type_description_interfaces/include/type_description_interfaces/type_description_interfaces/srv/detail/get_type_description__description.c
[3.385s] -- Up-to-date: /home/pheonix/ros2_ws/install/type_description_interfaces/include/type_description_interfaces/type_description_interfaces/srv/detail/get_type_description__functions.h
[3.385s] -- Up-to-date: /home/pheonix/ros2_ws/install/type_description_interfaces/share/type_description_interfaces/environment/library_path.sh
[3.385s] -- Up-to-date: /home/pheonix/ros2_ws/install/type_description_interfaces/share/type_description_interfaces/environment/library_path.dsv
[3.385s] -- Up-to-date: /home/pheonix/ros2_ws/install/type_description_interfaces/lib/libtype_description_interfaces__rosidl_generator_c.so
[3.385s] -- Up-to-date: /home/pheonix/ros2_ws/install/type_description_interfaces/include/type_description_interfaces/type_description_interfaces
[3.385s] -- Up-to-date: /home/pheonix/ros2_ws/install/type_description_interfaces/include/type_description_interfaces/type_description_interfaces/msg
[3.385s] -- Up-to-date: /home/pheonix/ros2_ws/install/type_description_interfaces/include/type_description_interfaces/type_description_interfaces/msg/rosidl_typesupport_fastrtps_c__visibility_control.h
[3.385s] -- Up-to-date: /home/pheonix/ros2_ws/install/type_description_interfaces/include/type_description_interfaces/type_description_interfaces/msg/detail
[3.385s] -- Up-to-date: /home/pheonix/ros2_ws/install/type_description_interfaces/include/type_description_interfaces/type_description_interfaces/msg/detail/field__rosidl_typesupport_fastrtps_c.h
[3.385s] -- Up-to-date: /home/pheonix/ros2_ws/install/type_description_interfaces/include/type_description_interfaces/type_description_interfaces/msg/detail/key_value__rosidl_typesupport_fastrtps_c.h
[3.385s] -- Up-to-date: /home/pheonix/ros2_ws/install/type_description_interfaces/include/type_description_interfaces/type_description_interfaces/msg/detail/individual_type_description__rosidl_typesupport_fastrtps_c.h
[3.385s] -- Up-to-date: /home/pheonix/ros2_ws/install/type_description_interfaces/include/type_description_interfaces/type_description_interfaces/msg/detail/field_type__rosidl_typesupport_fastrtps_c.h
[3.385s] -- Up-to-date: /home/pheonix/ros2_ws/install/type_description_interfaces/include/type_description_interfaces/type_description_interfaces/msg/detail/type_source__rosidl_typesupport_fastrtps_c.h
[3.385s] -- Up-to-date: /home/pheonix/ros2_ws/install/type_description_interfaces/include/type_description_interfaces/type_description_interfaces/msg/detail/type_description__rosidl_typesupport_fastrtps_c.h
[3.385s] -- Up-to-date: /home/pheonix/ros2_ws/install/type_description_interfaces/include/type_description_interfaces/type_description_interfaces/srv
[3.385s] -- Up-to-date: /home/pheonix/ros2_ws/install/type_description_interfaces/include/type_description_interfaces/type_description_interfaces/srv/detail
[3.385s] -- Up-to-date: /home/pheonix/ros2_ws/install/type_description_interfaces/include/type_description_interfaces/type_description_interfaces/srv/detail/get_type_description__rosidl_typesupport_fastrtps_c.h
[3.385s] -- Up-to-date: /home/pheonix/ros2_ws/install/type_description_interfaces/lib/libtype_description_interfaces__rosidl_typesupport_fastrtps_c.so
[3.385s] -- Up-to-date: /home/pheonix/ros2_ws/install/type_description_interfaces/include/type_description_interfaces/type_description_interfaces
[3.385s] -- Up-to-date: /home/pheonix/ros2_ws/install/type_description_interfaces/include/type_description_interfaces/type_description_interfaces/msg
[3.385s] -- Up-to-date: /home/pheonix/ros2_ws/install/type_description_interfaces/include/type_description_interfaces/type_description_interfaces/msg/detail
[3.385s] -- Installing: /home/pheonix/ros2_ws/install/type_description_interfaces/include/type_description_interfaces/type_description_interfaces/msg/detail/field__type_support.c
[3.385s] -- Up-to-date: /home/pheonix/ros2_ws/install/type_description_interfaces/include/type_description_interfaces/type_description_interfaces/msg/detail/type_source__rosidl_typesupport_introspection_c.h
[3.385s] -- Up-to-date: /home/pheonix/ros2_ws/install/type_description_interfaces/include/type_description_interfaces/type_description_interfaces/msg/detail/individual_type_description__rosidl_typesupport_introspection_c.h
[3.385s] -- Installing: /home/pheonix/ros2_ws/install/type_description_interfaces/include/type_description_interfaces/type_description_interfaces/msg/detail/field_type__type_support.c
[3.385s] -- Installing: /home/pheonix/ros2_ws/install/type_description_interfaces/include/type_description_interfaces/type_description_interfaces/msg/detail/key_value__type_support.c
[3.385s] -- Installing: /home/pheonix/ros2_ws/install/type_description_interfaces/include/type_description_interfaces/type_description_interfaces/msg/detail/type_source__type_support.c
[3.385s] -- Installing: /home/pheonix/ros2_ws/install/type_description_interfaces/include/type_description_interfaces/type_description_interfaces/msg/detail/type_description__type_support.c
[3.386s] -- Up-to-date: /home/pheonix/ros2_ws/install/type_description_interfaces/include/type_description_interfaces/type_description_interfaces/msg/detail/key_value__rosidl_typesupport_introspection_c.h
[3.386s] -- Up-to-date: /home/pheonix/ros2_ws/install/type_description_interfaces/include/type_description_interfaces/type_description_interfaces/msg/detail/field_type__rosidl_typesupport_introspection_c.h
[3.386s] -- Installing: /home/pheonix/ros2_ws/install/type_description_interfaces/include/type_description_interfaces/type_description_interfaces/msg/detail/individual_type_description__type_support.c
[3.386s] -- Up-to-date: /home/pheonix/ros2_ws/install/type_description_interfaces/include/type_description_interfaces/type_description_interfaces/msg/detail/field__rosidl_typesupport_introspection_c.h
[3.392s] -- Up-to-date: /home/pheonix/ros2_ws/install/type_description_interfaces/include/type_description_interfaces/type_description_interfaces/msg/detail/type_description__rosidl_typesupport_introspection_c.h
[3.392s] -- Up-to-date: /home/pheonix/ros2_ws/install/type_description_interfaces/include/type_description_interfaces/type_description_interfaces/msg/rosidl_typesupport_introspection_c__visibility_control.h
[3.392s] -- Up-to-date: /home/pheonix/ros2_ws/install/type_description_interfaces/include/type_description_interfaces/type_description_interfaces/srv
[3.392s] -- Up-to-date: /home/pheonix/ros2_ws/install/type_description_interfaces/include/type_description_interfaces/type_description_interfaces/srv/detail
[3.392s] -- Installing: /home/pheonix/ros2_ws/install/type_description_interfaces/include/type_description_interfaces/type_description_interfaces/srv/detail/get_type_description__type_support.c
[3.392s] -- Up-to-date: /home/pheonix/ros2_ws/install/type_description_interfaces/include/type_description_interfaces/type_description_interfaces/srv/detail/get_type_description__rosidl_typesupport_introspection_c.h
[3.393s] -- Up-to-date: /home/pheonix/ros2_ws/install/type_description_interfaces/lib/libtype_description_interfaces__rosidl_typesupport_introspection_c.so
[3.393s] -- Up-to-date: /home/pheonix/ros2_ws/install/type_description_interfaces/lib/libtype_description_interfaces__rosidl_typesupport_c.so
[3.393s] -- Up-to-date: /home/pheonix/ros2_ws/install/type_description_interfaces/include/type_description_interfaces/type_description_interfaces
[3.393s] -- Up-to-date: /home/pheonix/ros2_ws/install/type_description_interfaces/include/type_description_interfaces/type_description_interfaces/msg
[3.393s] -- Up-to-date: /home/pheonix/ros2_ws/install/type_description_interfaces/include/type_description_interfaces/type_description_interfaces/msg/rosidl_generator_cpp__visibility_control.hpp
[3.393s] -- Up-to-date: /home/pheonix/ros2_ws/install/type_description_interfaces/include/type_description_interfaces/type_description_interfaces/msg/individual_type_description.hpp
[3.393s] -- Up-to-date: /home/pheonix/ros2_ws/install/type_description_interfaces/include/type_description_interfaces/type_description_interfaces/msg/type_source.hpp
[3.393s] -- Up-to-date: /home/pheonix/ros2_ws/install/type_description_interfaces/include/type_description_interfaces/type_description_interfaces/msg/detail
[3.393s] -- Up-to-date: /home/pheonix/ros2_ws/install/type_description_interfaces/include/type_description_interfaces/type_description_interfaces/msg/detail/type_description__type_support.hpp
[3.393s] -- Up-to-date: /home/pheonix/ros2_ws/install/type_description_interfaces/include/type_description_interfaces/type_description_interfaces/msg/detail/key_value__struct.hpp
[3.393s] -- Up-to-date: /home/pheonix/ros2_ws/install/type_description_interfaces/include/type_description_interfaces/type_description_interfaces/msg/detail/type_source__struct.hpp
[3.393s] -- Up-to-date: /home/pheonix/ros2_ws/install/type_description_interfaces/include/type_description_interfaces/type_description_interfaces/msg/detail/individual_type_description__type_support.hpp
[3.393s] -- Up-to-date: /home/pheonix/ros2_ws/install/type_description_interfaces/include/type_description_interfaces/type_description_interfaces/msg/detail/type_description__struct.hpp
[3.393s] -- Up-to-date: /home/pheonix/ros2_ws/install/type_description_interfaces/include/type_description_interfaces/type_description_interfaces/msg/detail/type_source__type_support.hpp
[3.393s] -- Up-to-date: /home/pheonix/ros2_ws/install/type_description_interfaces/include/type_description_interfaces/type_description_interfaces/msg/detail/individual_type_description__traits.hpp
[3.393s] -- Up-to-date: /home/pheonix/ros2_ws/install/type_description_interfaces/include/type_description_interfaces/type_description_interfaces/msg/detail/type_description__builder.hpp
[3.393s] -- Up-to-date: /home/pheonix/ros2_ws/install/type_description_interfaces/include/type_description_interfaces/type_description_interfaces/msg/detail/key_value__builder.hpp
[3.393s] -- Up-to-date: /home/pheonix/ros2_ws/install/type_description_interfaces/include/type_description_interfaces/type_description_interfaces/msg/detail/individual_type_description__struct.hpp
[3.393s] -- Up-to-date: /home/pheonix/ros2_ws/install/type_description_interfaces/include/type_description_interfaces/type_description_interfaces/msg/detail/field_type__builder.hpp
[3.393s] -- Up-to-date: /home/pheonix/ros2_ws/install/type_description_interfaces/include/type_description_interfaces/type_description_interfaces/msg/detail/individual_type_description__builder.hpp
[3.393s] -- Up-to-date: /home/pheonix/ros2_ws/install/type_description_interfaces/include/type_description_interfaces/type_description_interfaces/msg/detail/type_source__builder.hpp
[3.393s] -- Up-to-date: /home/pheonix/ros2_ws/install/type_description_interfaces/include/type_description_interfaces/type_description_interfaces/msg/detail/type_source__traits.hpp
[3.393s] -- Up-to-date: /home/pheonix/ros2_ws/install/type_description_interfaces/include/type_description_interfaces/type_description_interfaces/msg/detail/key_value__type_support.hpp
[3.393s] -- Up-to-date: /home/pheonix/ros2_ws/install/type_description_interfaces/include/type_description_interfaces/type_description_interfaces/msg/detail/field__traits.hpp
[3.393s] -- Up-to-date: /home/pheonix/ros2_ws/install/type_description_interfaces/include/type_description_interfaces/type_description_interfaces/msg/detail/field__type_support.hpp
[3.393s] -- Up-to-date: /home/pheonix/ros2_ws/install/type_description_interfaces/include/type_description_interfaces/type_description_interfaces/msg/detail/field_type__struct.hpp
[3.394s] -- Up-to-date: /home/pheonix/ros2_ws/install/type_description_interfaces/include/type_description_interfaces/type_description_interfaces/msg/detail/field__builder.hpp
[3.394s] -- Up-to-date: /home/pheonix/ros2_ws/install/type_description_interfaces/include/type_description_interfaces/type_description_interfaces/msg/detail/type_description__traits.hpp
[3.394s] -- Up-to-date: /home/pheonix/ros2_ws/install/type_description_interfaces/include/type_description_interfaces/type_description_interfaces/msg/detail/field_type__type_support.hpp
[3.395s] -- Up-to-date: /home/pheonix/ros2_ws/install/type_description_interfaces/include/type_description_interfaces/type_description_interfaces/msg/detail/key_value__traits.hpp
[3.395s] -- Up-to-date: /home/pheonix/ros2_ws/install/type_description_interfaces/include/type_description_interfaces/type_description_interfaces/msg/detail/field__struct.hpp
[3.395s] -- Up-to-date: /home/pheonix/ros2_ws/install/type_description_interfaces/include/type_description_interfaces/type_description_interfaces/msg/detail/field_type__traits.hpp
[3.395s] -- Up-to-date: /home/pheonix/ros2_ws/install/type_description_interfaces/include/type_description_interfaces/type_description_interfaces/msg/field.hpp
[3.395s] -- Up-to-date: /home/pheonix/ros2_ws/install/type_description_interfaces/include/type_description_interfaces/type_description_interfaces/msg/type_description.hpp
[3.396s] -- Up-to-date: /home/pheonix/ros2_ws/install/type_description_interfaces/include/type_description_interfaces/type_description_interfaces/msg/key_value.hpp
[3.396s] -- Up-to-date: /home/pheonix/ros2_ws/install/type_description_interfaces/include/type_description_interfaces/type_description_interfaces/msg/field_type.hpp
[3.396s] -- Up-to-date: /home/pheonix/ros2_ws/install/type_description_interfaces/include/type_description_interfaces/type_description_interfaces/srv
[3.396s] -- Up-to-date: /home/pheonix/ros2_ws/install/type_description_interfaces/include/type_description_interfaces/type_description_interfaces/srv/get_type_description.hpp
[3.396s] -- Up-to-date: /home/pheonix/ros2_ws/install/type_description_interfaces/include/type_description_interfaces/type_description_interfaces/srv/detail
[3.396s] -- Up-to-date: /home/pheonix/ros2_ws/install/type_description_interfaces/include/type_description_interfaces/type_description_interfaces/srv/detail/get_type_description__builder.hpp
[3.396s] -- Up-to-date: /home/pheonix/ros2_ws/install/type_description_interfaces/include/type_description_interfaces/type_description_interfaces/srv/detail/get_type_description__type_support.hpp
[3.396s] -- Up-to-date: /home/pheonix/ros2_ws/install/type_description_interfaces/include/type_description_interfaces/type_description_interfaces/srv/detail/get_type_description__struct.hpp
[3.396s] -- Up-to-date: /home/pheonix/ros2_ws/install/type_description_interfaces/include/type_description_interfaces/type_description_interfaces/srv/detail/get_type_description__traits.hpp
[3.396s] -- Up-to-date: /home/pheonix/ros2_ws/install/type_description_interfaces/include/type_description_interfaces/type_description_interfaces
[3.397s] -- Up-to-date: /home/pheonix/ros2_ws/install/type_description_interfaces/include/type_description_interfaces/type_description_interfaces/msg
[3.397s] -- Up-to-date: /home/pheonix/ros2_ws/install/type_description_interfaces/include/type_description_interfaces/type_description_interfaces/msg/detail
[3.397s] -- Up-to-date: /home/pheonix/ros2_ws/install/type_description_interfaces/include/type_description_interfaces/type_description_interfaces/msg/detail/key_value__rosidl_typesupport_fastrtps_cpp.hpp
[3.397s] -- Up-to-date: /home/pheonix/ros2_ws/install/type_description_interfaces/include/type_description_interfaces/type_description_interfaces/msg/detail/dds_fastrtps
[3.397s] -- Up-to-date: /home/pheonix/ros2_ws/install/type_description_interfaces/include/type_description_interfaces/type_description_interfaces/msg/detail/individual_type_description__rosidl_typesupport_fastrtps_cpp.hpp
[3.397s] -- Up-to-date: /home/pheonix/ros2_ws/install/type_description_interfaces/include/type_description_interfaces/type_description_interfaces/msg/detail/field__rosidl_typesupport_fastrtps_cpp.hpp
[3.397s] -- Up-to-date: /home/pheonix/ros2_ws/install/type_description_interfaces/include/type_description_interfaces/type_description_interfaces/msg/detail/field_type__rosidl_typesupport_fastrtps_cpp.hpp
[3.397s] -- Up-to-date: /home/pheonix/ros2_ws/install/type_description_interfaces/include/type_description_interfaces/type_description_interfaces/msg/detail/type_source__rosidl_typesupport_fastrtps_cpp.hpp
[3.397s] -- Up-to-date: /home/pheonix/ros2_ws/install/type_description_interfaces/include/type_description_interfaces/type_description_interfaces/msg/detail/type_description__rosidl_typesupport_fastrtps_cpp.hpp
[3.397s] -- Up-to-date: /home/pheonix/ros2_ws/install/type_description_interfaces/include/type_description_interfaces/type_description_interfaces/msg/rosidl_typesupport_fastrtps_cpp__visibility_control.h
[3.397s] -- Up-to-date: /home/pheonix/ros2_ws/install/type_description_interfaces/include/type_description_interfaces/type_description_interfaces/srv
[3.398s] -- Up-to-date: /home/pheonix/ros2_ws/install/type_description_interfaces/include/type_description_interfaces/type_description_interfaces/srv/detail
[3.398s] -- Up-to-date: /home/pheonix/ros2_ws/install/type_description_interfaces/include/type_description_interfaces/type_description_interfaces/srv/detail/dds_fastrtps
[3.399s] -- Up-to-date: /home/pheonix/ros2_ws/install/type_description_interfaces/include/type_description_interfaces/type_description_interfaces/srv/detail/get_type_description__rosidl_typesupport_fastrtps_cpp.hpp
[3.400s] -- Up-to-date: /home/pheonix/ros2_ws/install/type_description_interfaces/lib/libtype_description_interfaces__rosidl_typesupport_fastrtps_cpp.so
[3.400s] -- Up-to-date: /home/pheonix/ros2_ws/install/type_description_interfaces/include/type_description_interfaces/type_description_interfaces
[3.400s] -- Up-to-date: /home/pheonix/ros2_ws/install/type_description_interfaces/include/type_description_interfaces/type_description_interfaces/msg
[3.400s] -- Up-to-date: /home/pheonix/ros2_ws/install/type_description_interfaces/include/type_description_interfaces/type_description_interfaces/msg/detail
[3.400s] -- Up-to-date: /home/pheonix/ros2_ws/install/type_description_interfaces/include/type_description_interfaces/type_description_interfaces/msg/detail/field_type__type_support.cpp
[3.400s] -- Up-to-date: /home/pheonix/ros2_ws/install/type_description_interfaces/include/type_description_interfaces/type_description_interfaces/msg/detail/individual_type_description__type_support.cpp
[3.400s] -- Up-to-date: /home/pheonix/ros2_ws/install/type_description_interfaces/include/type_description_interfaces/type_description_interfaces/msg/detail/individual_type_description__rosidl_typesupport_introspection_cpp.hpp
[3.400s] -- Up-to-date: /home/pheonix/ros2_ws/install/type_description_interfaces/include/type_description_interfaces/type_description_interfaces/msg/detail/field__type_support.cpp
[3.400s] -- Up-to-date: /home/pheonix/ros2_ws/install/type_description_interfaces/include/type_description_interfaces/type_description_interfaces/msg/detail/type_source__rosidl_typesupport_introspection_cpp.hpp
[3.401s] -- Up-to-date: /home/pheonix/ros2_ws/install/type_description_interfaces/include/type_description_interfaces/type_description_interfaces/msg/detail/field__rosidl_typesupport_introspection_cpp.hpp
[3.401s] -- Up-to-date: /home/pheonix/ros2_ws/install/type_description_interfaces/include/type_description_interfaces/type_description_interfaces/msg/detail/field_type__rosidl_typesupport_introspection_cpp.hpp
[3.401s] -- Up-to-date: /home/pheonix/ros2_ws/install/type_description_interfaces/include/type_description_interfaces/type_description_interfaces/msg/detail/type_source__type_support.cpp
[3.401s] -- Up-to-date: /home/pheonix/ros2_ws/install/type_description_interfaces/include/type_description_interfaces/type_description_interfaces/msg/detail/type_description__type_support.cpp
[3.401s] -- Up-to-date: /home/pheonix/ros2_ws/install/type_description_interfaces/include/type_description_interfaces/type_description_interfaces/msg/detail/key_value__rosidl_typesupport_introspection_cpp.hpp
[3.401s] -- Up-to-date: /home/pheonix/ros2_ws/install/type_description_interfaces/include/type_description_interfaces/type_description_interfaces/msg/detail/key_value__type_support.cpp
[3.401s] -- Up-to-date: /home/pheonix/ros2_ws/install/type_description_interfaces/include/type_description_interfaces/type_description_interfaces/msg/detail/type_description__rosidl_typesupport_introspection_cpp.hpp
[3.401s] -- Up-to-date: /home/pheonix/ros2_ws/install/type_description_interfaces/include/type_description_interfaces/type_description_interfaces/srv
[3.403s] -- Up-to-date: /home/pheonix/ros2_ws/install/type_description_interfaces/include/type_description_interfaces/type_description_interfaces/srv/detail
[3.403s] -- Up-to-date: /home/pheonix/ros2_ws/install/type_description_interfaces/include/type_description_interfaces/type_description_interfaces/srv/detail/get_type_description__rosidl_typesupport_introspection_cpp.hpp
[3.403s] -- Up-to-date: /home/pheonix/ros2_ws/install/type_description_interfaces/include/type_description_interfaces/type_description_interfaces/srv/detail/get_type_description__type_support.cpp
[3.403s] -- Up-to-date: /home/pheonix/ros2_ws/install/type_description_interfaces/lib/libtype_description_interfaces__rosidl_typesupport_introspection_cpp.so
[3.403s] -- Up-to-date: /home/pheonix/ros2_ws/install/type_description_interfaces/lib/libtype_description_interfaces__rosidl_typesupport_cpp.so
[3.403s] -- Up-to-date: /home/pheonix/ros2_ws/install/type_description_interfaces/share/type_description_interfaces/environment/pythonpath.sh
[3.403s] -- Up-to-date: /home/pheonix/ros2_ws/install/type_description_interfaces/share/type_description_interfaces/environment/pythonpath.dsv
[3.403s] -- Up-to-date: /home/pheonix/ros2_ws/install/type_description_interfaces/lib/python3.12/site-packages/type_description_interfaces-2.2.0-py3.12.egg-info
[3.403s] -- Installing: /home/pheonix/ros2_ws/install/type_description_interfaces/lib/python3.12/site-packages/type_description_interfaces-2.2.0-py3.12.egg-info/SOURCES.txt
[3.403s] -- Installing: /home/pheonix/ros2_ws/install/type_description_interfaces/lib/python3.12/site-packages/type_description_interfaces-2.2.0-py3.12.egg-info/dependency_links.txt
[3.403s] -- Installing: /home/pheonix/ros2_ws/install/type_description_interfaces/lib/python3.12/site-packages/type_description_interfaces-2.2.0-py3.12.egg-info/PKG-INFO
[3.404s] -- Installing: /home/pheonix/ros2_ws/install/type_description_interfaces/lib/python3.12/site-packages/type_description_interfaces-2.2.0-py3.12.egg-info/top_level.txt
[3.404s] -- Up-to-date: /home/pheonix/ros2_ws/install/type_description_interfaces/lib/python3.12/site-packages/type_description_interfaces
[3.404s] -- Up-to-date: /home/pheonix/ros2_ws/install/type_description_interfaces/lib/python3.12/site-packages/type_description_interfaces/type_description_interfaces_s__rosidl_typesupport_c.so
[3.404s] -- Up-to-date: /home/pheonix/ros2_ws/install/type_description_interfaces/lib/python3.12/site-packages/type_description_interfaces/_type_description_interfaces_s.ep.rosidl_typesupport_fastrtps_c.c
[3.404s] -- Up-to-date: /home/pheonix/ros2_ws/install/type_description_interfaces/lib/python3.12/site-packages/type_description_interfaces/_type_description_interfaces_s.ep.rosidl_typesupport_introspection_c.c
[3.404s] -- Up-to-date: /home/pheonix/ros2_ws/install/type_description_interfaces/lib/python3.12/site-packages/type_description_interfaces/msg
[3.404s] -- Up-to-date: /home/pheonix/ros2_ws/install/type_description_interfaces/lib/python3.12/site-packages/type_description_interfaces/msg/_type_source.py
[3.404s] -- Up-to-date: /home/pheonix/ros2_ws/install/type_description_interfaces/lib/python3.12/site-packages/type_description_interfaces/msg/_field_type_s.c
[3.404s] -- Up-to-date: /home/pheonix/ros2_ws/install/type_description_interfaces/lib/python3.12/site-packages/type_description_interfaces/msg/_individual_type_description_s.c
[3.404s] -- Up-to-date: /home/pheonix/ros2_ws/install/type_description_interfaces/lib/python3.12/site-packages/type_description_interfaces/msg/_type_description.py
[3.404s] -- Up-to-date: /home/pheonix/ros2_ws/install/type_description_interfaces/lib/python3.12/site-packages/type_description_interfaces/msg/_individual_type_description.py
[3.404s] -- Up-to-date: /home/pheonix/ros2_ws/install/type_description_interfaces/lib/python3.12/site-packages/type_description_interfaces/msg/_field_type.py
[3.404s] -- Up-to-date: /home/pheonix/ros2_ws/install/type_description_interfaces/lib/python3.12/site-packages/type_description_interfaces/msg/_field_s.c
[3.404s] -- Up-to-date: /home/pheonix/ros2_ws/install/type_description_interfaces/lib/python3.12/site-packages/type_description_interfaces/msg/_field.py
[3.404s] -- Up-to-date: /home/pheonix/ros2_ws/install/type_description_interfaces/lib/python3.12/site-packages/type_description_interfaces/msg/_key_value.py
[3.404s] -- Up-to-date: /home/pheonix/ros2_ws/install/type_description_interfaces/lib/python3.12/site-packages/type_description_interfaces/msg/_key_value_s.c
[3.404s] -- Up-to-date: /home/pheonix/ros2_ws/install/type_description_interfaces/lib/python3.12/site-packages/type_description_interfaces/msg/_type_source_s.c
[3.404s] -- Up-to-date: /home/pheonix/ros2_ws/install/type_description_interfaces/lib/python3.12/site-packages/type_description_interfaces/msg/__init__.py
[3.404s] -- Up-to-date: /home/pheonix/ros2_ws/install/type_description_interfaces/lib/python3.12/site-packages/type_description_interfaces/msg/_type_description_s.c
[3.404s] -- Up-to-date: /home/pheonix/ros2_ws/install/type_description_interfaces/lib/python3.12/site-packages/type_description_interfaces/_type_description_interfaces_s.ep.rosidl_typesupport_c.c
[3.404s] -- Up-to-date: /home/pheonix/ros2_ws/install/type_description_interfaces/lib/python3.12/site-packages/type_description_interfaces/__init__.py
[3.404s] -- Up-to-date: /home/pheonix/ros2_ws/install/type_description_interfaces/lib/python3.12/site-packages/type_description_interfaces/type_description_interfaces_s__rosidl_typesupport_introspection_c.so
[3.404s] -- Up-to-date: /home/pheonix/ros2_ws/install/type_description_interfaces/lib/python3.12/site-packages/type_description_interfaces/type_description_interfaces_s__rosidl_typesupport_fastrtps_c.so
[3.404s] -- Up-to-date: /home/pheonix/ros2_ws/install/type_description_interfaces/lib/python3.12/site-packages/type_description_interfaces/srv
[3.404s] -- Up-to-date: /home/pheonix/ros2_ws/install/type_description_interfaces/lib/python3.12/site-packages/type_description_interfaces/srv/_get_type_description_s.c
[3.404s] -- Up-to-date: /home/pheonix/ros2_ws/install/type_description_interfaces/lib/python3.12/site-packages/type_description_interfaces/srv/__init__.py
[3.404s] -- Up-to-date: /home/pheonix/ros2_ws/install/type_description_interfaces/lib/python3.12/site-packages/type_description_interfaces/srv/_get_type_description.py
[3.429s] Listing '/home/pheonix/ros2_ws/install/type_description_interfaces/lib/python3.12/site-packages/type_description_interfaces'...
[3.429s] Listing '/home/pheonix/ros2_ws/install/type_description_interfaces/lib/python3.12/site-packages/type_description_interfaces/msg'...
[3.429s] Listing '/home/pheonix/ros2_ws/install/type_description_interfaces/lib/python3.12/site-packages/type_description_interfaces/srv'...
[3.446s] -- Up-to-date: /home/pheonix/ros2_ws/install/type_description_interfaces/lib/python3.12/site-packages/type_description_interfaces/type_description_interfaces_s__rosidl_typesupport_fastrtps_c.so
[3.446s] -- Up-to-date: /home/pheonix/ros2_ws/install/type_description_interfaces/lib/python3.12/site-packages/type_description_interfaces/type_description_interfaces_s__rosidl_typesupport_introspection_c.so
[3.447s] -- Up-to-date: /home/pheonix/ros2_ws/install/type_description_interfaces/lib/python3.12/site-packages/type_description_interfaces/type_description_interfaces_s__rosidl_typesupport_c.so
[3.447s] -- Up-to-date: /home/pheonix/ros2_ws/install/type_description_interfaces/lib/libtype_description_interfaces__rosidl_generator_py.so
[3.447s] -- Up-to-date: /home/pheonix/ros2_ws/install/type_description_interfaces/share/type_description_interfaces/msg/Field.idl
[3.447s] -- Up-to-date: /home/pheonix/ros2_ws/install/type_description_interfaces/share/type_description_interfaces/msg/FieldType.idl
[3.447s] -- Up-to-date: /home/pheonix/ros2_ws/install/type_description_interfaces/share/type_description_interfaces/msg/IndividualTypeDescription.idl
[3.447s] -- Up-to-date: /home/pheonix/ros2_ws/install/type_description_interfaces/share/type_description_interfaces/msg/KeyValue.idl
[3.447s] -- Up-to-date: /home/pheonix/ros2_ws/install/type_description_interfaces/share/type_description_interfaces/msg/TypeDescription.idl
[3.447s] -- Up-to-date: /home/pheonix/ros2_ws/install/type_description_interfaces/share/type_description_interfaces/msg/TypeSource.idl
[3.447s] -- Up-to-date: /home/pheonix/ros2_ws/install/type_description_interfaces/share/type_description_interfaces/srv/GetTypeDescription.idl
[3.447s] -- Up-to-date: /home/pheonix/ros2_ws/install/type_description_interfaces/share/type_description_interfaces/msg/Field.msg
[3.447s] -- Up-to-date: /home/pheonix/ros2_ws/install/type_description_interfaces/share/type_description_interfaces/msg/FieldType.msg
[3.447s] -- Up-to-date: /home/pheonix/ros2_ws/install/type_description_interfaces/share/type_description_interfaces/msg/IndividualTypeDescription.msg
[3.447s] -- Up-to-date: /home/pheonix/ros2_ws/install/type_description_interfaces/share/type_description_interfaces/msg/KeyValue.msg
[3.447s] -- Up-to-date: /home/pheonix/ros2_ws/install/type_description_interfaces/share/type_description_interfaces/msg/TypeDescription.msg
[3.447s] -- Up-to-date: /home/pheonix/ros2_ws/install/type_description_interfaces/share/type_description_interfaces/msg/TypeSource.msg
[3.447s] -- Up-to-date: /home/pheonix/ros2_ws/install/type_description_interfaces/share/type_description_interfaces/srv/GetTypeDescription.srv
[3.447s] -- Up-to-date: /home/pheonix/ros2_ws/install/type_description_interfaces/share/ament_index/resource_index/package_run_dependencies/type_description_interfaces
[3.447s] -- Up-to-date: /home/pheonix/ros2_ws/install/type_description_interfaces/share/ament_index/resource_index/parent_prefix_path/type_description_interfaces
[3.447s] -- Up-to-date: /home/pheonix/ros2_ws/install/type_description_interfaces/share/type_description_interfaces/environment/ament_prefix_path.sh
[3.447s] -- Up-to-date: /home/pheonix/ros2_ws/install/type_description_interfaces/share/type_description_interfaces/environment/ament_prefix_path.dsv
[3.447s] -- Up-to-date: /home/pheonix/ros2_ws/install/type_description_interfaces/share/type_description_interfaces/environment/path.sh
[3.447s] -- Up-to-date: /home/pheonix/ros2_ws/install/type_description_interfaces/share/type_description_interfaces/environment/path.dsv
[3.447s] -- Up-to-date: /home/pheonix/ros2_ws/install/type_description_interfaces/share/type_description_interfaces/local_setup.bash
[3.447s] -- Up-to-date: /home/pheonix/ros2_ws/install/type_description_interfaces/share/type_description_interfaces/local_setup.sh
[3.447s] -- Up-to-date: /home/pheonix/ros2_ws/install/type_description_interfaces/share/type_description_interfaces/local_setup.zsh
[3.447s] -- Up-to-date: /home/pheonix/ros2_ws/install/type_description_interfaces/share/type_description_interfaces/local_setup.dsv
[3.448s] -- Installing: /home/pheonix/ros2_ws/install/type_description_interfaces/share/type_description_interfaces/package.dsv
[3.448s] -- Up-to-date: /home/pheonix/ros2_ws/install/type_description_interfaces/share/ament_index/resource_index/packages/type_description_interfaces
[3.448s] -- Up-to-date: /home/pheonix/ros2_ws/install/type_description_interfaces/share/type_description_interfaces/cmake/export_type_description_interfaces__rosidl_generator_cExport.cmake
[3.448s] -- Up-to-date: /home/pheonix/ros2_ws/install/type_description_interfaces/share/type_description_interfaces/cmake/export_type_description_interfaces__rosidl_generator_cExport-noconfig.cmake
[3.448s] -- Up-to-date: /home/pheonix/ros2_ws/install/type_description_interfaces/share/type_description_interfaces/cmake/export_type_description_interfaces__rosidl_typesupport_fastrtps_cExport.cmake
[3.448s] -- Up-to-date: /home/pheonix/ros2_ws/install/type_description_interfaces/share/type_description_interfaces/cmake/export_type_description_interfaces__rosidl_typesupport_fastrtps_cExport-noconfig.cmake
[3.448s] -- Up-to-date: /home/pheonix/ros2_ws/install/type_description_interfaces/share/type_description_interfaces/cmake/type_description_interfaces__rosidl_typesupport_introspection_cExport.cmake
[3.448s] -- Up-to-date: /home/pheonix/ros2_ws/install/type_description_interfaces/share/type_description_interfaces/cmake/type_description_interfaces__rosidl_typesupport_introspection_cExport-noconfig.cmake
[3.448s] -- Up-to-date: /home/pheonix/ros2_ws/install/type_description_interfaces/share/type_description_interfaces/cmake/type_description_interfaces__rosidl_typesupport_cExport.cmake
[3.448s] -- Up-to-date: /home/pheonix/ros2_ws/install/type_description_interfaces/share/type_description_interfaces/cmake/type_description_interfaces__rosidl_typesupport_cExport-noconfig.cmake
[3.448s] -- Up-to-date: /home/pheonix/ros2_ws/install/type_description_interfaces/share/type_description_interfaces/cmake/export_type_description_interfaces__rosidl_generator_cppExport.cmake
[3.448s] -- Up-to-date: /home/pheonix/ros2_ws/install/type_description_interfaces/share/type_description_interfaces/cmake/export_type_description_interfaces__rosidl_typesupport_fastrtps_cppExport.cmake
[3.448s] -- Up-to-date: /home/pheonix/ros2_ws/install/type_description_interfaces/share/type_description_interfaces/cmake/export_type_description_interfaces__rosidl_typesupport_fastrtps_cppExport-noconfig.cmake
[3.448s] -- Up-to-date: /home/pheonix/ros2_ws/install/type_description_interfaces/share/type_description_interfaces/cmake/type_description_interfaces__rosidl_typesupport_introspection_cppExport.cmake
[3.448s] -- Up-to-date: /home/pheonix/ros2_ws/install/type_description_interfaces/share/type_description_interfaces/cmake/type_description_interfaces__rosidl_typesupport_introspection_cppExport-noconfig.cmake
[3.448s] -- Up-to-date: /home/pheonix/ros2_ws/install/type_description_interfaces/share/type_description_interfaces/cmake/type_description_interfaces__rosidl_typesupport_cppExport.cmake
[3.448s] -- Up-to-date: /home/pheonix/ros2_ws/install/type_description_interfaces/share/type_description_interfaces/cmake/type_description_interfaces__rosidl_typesupport_cppExport-noconfig.cmake
[3.448s] -- Up-to-date: /home/pheonix/ros2_ws/install/type_description_interfaces/share/type_description_interfaces/cmake/export_type_description_interfaces__rosidl_generator_pyExport.cmake
[3.448s] -- Up-to-date: /home/pheonix/ros2_ws/install/type_description_interfaces/share/type_description_interfaces/cmake/export_type_description_interfaces__rosidl_generator_pyExport-noconfig.cmake
[3.448s] -- Up-to-date: /home/pheonix/ros2_ws/install/type_description_interfaces/share/type_description_interfaces/cmake/rosidl_cmake-extras.cmake
[3.448s] -- Up-to-date: /home/pheonix/ros2_ws/install/type_description_interfaces/share/type_description_interfaces/cmake/ament_cmake_export_dependencies-extras.cmake
[3.448s] -- Up-to-date: /home/pheonix/ros2_ws/install/type_description_interfaces/share/type_description_interfaces/cmake/ament_cmake_export_include_directories-extras.cmake
[3.448s] -- Up-to-date: /home/pheonix/ros2_ws/install/type_description_interfaces/share/type_description_interfaces/cmake/ament_cmake_export_libraries-extras.cmake
[3.448s] -- Up-to-date: /home/pheonix/ros2_ws/install/type_description_interfaces/share/type_description_interfaces/cmake/ament_cmake_export_targets-extras.cmake
[3.448s] -- Up-to-date: /home/pheonix/ros2_ws/install/type_description_interfaces/share/type_description_interfaces/cmake/rosidl_cmake_export_typesupport_targets-extras.cmake
[3.448s] -- Up-to-date: /home/pheonix/ros2_ws/install/type_description_interfaces/share/type_description_interfaces/cmake/rosidl_cmake_export_typesupport_libraries-extras.cmake
[3.448s] -- Up-to-date: /home/pheonix/ros2_ws/install/type_description_interfaces/share/type_description_interfaces/cmake/type_description_interfacesConfig.cmake
[3.448s] -- Up-to-date: /home/pheonix/ros2_ws/install/type_description_interfaces/share/type_description_interfaces/cmake/type_description_interfacesConfig-version.cmake
[3.448s] -- Up-to-date: /home/pheonix/ros2_ws/install/type_description_interfaces/share/type_description_interfaces/package.xml
