[0.605s] Invoking command in '/home/pheonix/ros2_ws/src/launch_ros/launch_ros': DEBUGINFOD_URLS=https://debuginfod.ubuntu.com PYTHONPATH=/home/pheonix/ros2_ws/build/launch_ros/prefix_override:/usr/lib/python3/dist-packages/colcon_core/task/python/colcon_distutils_commands:/home/pheonix/ros2_ws/install/launch_ros/lib/python3.12/site-packages:${PYTHONPATH} /usr/bin/python3 -W ignore:setup.py install is deprecated setup.py egg_info --egg-base ../../../build/launch_ros build --build-base /home/pheonix/ros2_ws/build/launch_ros/build install --record /home/pheonix/ros2_ws/build/launch_ros/install.log --single-version-externally-managed install_data
[0.794s] running egg_info
[0.810s] writing ../../../build/launch_ros/launch_ros.egg-info/PKG-INFO
[0.810s] writing dependency_links to ../../../build/launch_ros/launch_ros.egg-info/dependency_links.txt
[0.810s] writing entry points to ../../../build/launch_ros/launch_ros.egg-info/entry_points.txt
[0.810s] writing requirements to ../../../build/launch_ros/launch_ros.egg-info/requires.txt
[0.810s] writing top-level names to ../../../build/launch_ros/launch_ros.egg-info/top_level.txt
[0.843s] reading manifest file '../../../build/launch_ros/launch_ros.egg-info/SOURCES.txt'
[0.845s] writing manifest file '../../../build/launch_ros/launch_ros.egg-info/SOURCES.txt'
[0.845s] running build
[0.845s] running build_py
[0.847s] running install
[0.853s] running install_lib
[0.865s] running install_data
[0.865s] running install_egg_info
[0.878s] removing '/home/pheonix/ros2_ws/install/launch_ros/lib/python3.12/site-packages/launch_ros-0.27.2-py3.12.egg-info' (and everything under it)
[0.878s] Copying ../../../build/launch_ros/launch_ros.egg-info to /home/pheonix/ros2_ws/install/launch_ros/lib/python3.12/site-packages/launch_ros-0.27.2-py3.12.egg-info
[0.879s] running install_scripts
[0.964s] writing list of installed files to '/home/pheonix/ros2_ws/build/launch_ros/install.log'
[0.983s] Invoked command in '/home/pheonix/ros2_ws/src/launch_ros/launch_ros' returned '0': DEBUGINFOD_URLS=https://debuginfod.ubuntu.com PYTHONPATH=/home/pheonix/ros2_ws/build/launch_ros/prefix_override:/usr/lib/python3/dist-packages/colcon_core/task/python/colcon_distutils_commands:/home/pheonix/ros2_ws/install/launch_ros/lib/python3.12/site-packages:${PYTHONPATH} /usr/bin/python3 -W ignore:setup.py install is deprecated setup.py egg_info --egg-base ../../../build/launch_ros build --build-base /home/pheonix/ros2_ws/build/launch_ros/build install --record /home/pheonix/ros2_ws/build/launch_ros/install.log --single-version-externally-managed install_data
