[0.008s] Invoking command in '/home/pheonix/ros2_ws/build/teleop_twist_joy': AMENT_PREFIX_PATH=/home/pheonix/ros2_ws/install/launch_testing_ros:/home/pheonix/ros2_ws/install/launch_ros:${AMENT_PREFIX_PATH} CMAKE_PREFIX_PATH=${CMAKE_PREFIX_PATH}:/opt/ros/jazzy DEBUGINFOD_URLS=https://debuginfod.ubuntu.com PYTHONPATH=/home/pheonix/ros2_ws/install/launch_testing_ros/lib/python3.12/site-packages:/home/pheonix/ros2_ws/install/launch_ros/lib/python3.12/site-packages:${PYTHONPATH} /usr/bin/cmake /home/pheonix/ros2_ws/src/teleop_twist_joy -DCMAKE_INSTALL_PREFIX=/home/pheonix/ros2_ws/install/teleop_twist_joy
[0.429s] -- The C compiler identification is GNU 13.2.0
[0.645s] -- The CXX compiler identification is GNU 13.2.0
[0.670s] -- Detecting C compiler ABI info
[0.771s] -- Detecting C compiler ABI info - done
[0.781s] -- Check for working C compiler: /usr/bin/cc - skipped
[0.786s] -- Detecting C compile features
[0.787s] -- Detecting C compile features - done
[0.797s] -- Detecting CXX compiler ABI info
[0.896s] -- Detecting CXX compiler ABI info - done
[0.901s] -- Check for working CXX compiler: /usr/bin/c++ - skipped
[0.901s] -- Detecting CXX compile features
[0.901s] -- Detecting CXX compile features - done
[0.906s] -- Found ament_cmake: 2.5.2 (/opt/ros/jazzy/share/ament_cmake/cmake)
[1.047s] -- Found Python3: /usr/bin/python3 (found version "3.12.3") found components: Interpreter 
[1.207s] -- Found geometry_msgs: 5.3.5 (/opt/ros/jazzy/share/geometry_msgs/cmake)
[1.283s] -- Found rosidl_generator_c: 4.6.3 (/opt/ros/jazzy/share/rosidl_generator_c/cmake)
[1.302s] -- Found rosidl_generator_cpp: 4.6.3 (/opt/ros/jazzy/share/rosidl_generator_cpp/cmake)
[1.331s] -- Using all available rosidl_typesupport_c: rosidl_typesupport_fastrtps_c;rosidl_typesupport_introspection_c
[1.357s] -- Using all available rosidl_typesupport_cpp: rosidl_typesupport_fastrtps_cpp;rosidl_typesupport_introspection_cpp
[1.443s] -- Found rclcpp: 28.1.3 (/opt/ros/jazzy/share/rclcpp/cmake)
[1.558s] -- Found rmw_implementation_cmake: 7.3.1 (/opt/ros/jazzy/share/rmw_implementation_cmake/cmake)
[1.568s] -- Found rmw_fastrtps_cpp: 8.4.1 (/opt/ros/jazzy/share/rmw_fastrtps_cpp/cmake)
[1.728s] -- Found OpenSSL: /usr/lib/x86_64-linux-gnu/libcrypto.so (found version "3.0.13")  
[1.745s] -- Found FastRTPS: /opt/ros/jazzy/include (Required is at least version "2.13") 
[1.778s] -- Using RMW implementation 'rmw_fastrtps_cpp' as default
[1.894s] -- Found rclcpp_components: 28.1.3 (/opt/ros/jazzy/share/rclcpp_components/cmake)
[1.947s] -- Found sensor_msgs: 5.3.5 (/opt/ros/jazzy/share/sensor_msgs/cmake)
[1.992s] -- Performing Test COMPILER_HAS_HIDDEN_VISIBILITY
[2.070s] -- Performing Test COMPILER_HAS_HIDDEN_VISIBILITY - Success
[2.072s] -- Performing Test COMPILER_HAS_HIDDEN_INLINE_VISIBILITY
[2.156s] -- Performing Test COMPILER_HAS_HIDDEN_INLINE_VISIBILITY - Success
[2.157s] -- Performing Test COMPILER_HAS_DEPRECATED_ATTR
[2.245s] -- Performing Test COMPILER_HAS_DEPRECATED_ATTR - Success
[2.251s] -- Found ament_lint_auto: 0.17.1 (/opt/ros/jazzy/share/ament_lint_auto/cmake)
[2.358s] -- Found python_cmake_module: 0.11.1 (/opt/ros/jazzy/share/python_cmake_module/cmake)
[2.467s] -- Found PythonExtra: /usr/bin/python3  
[2.500s] -- Added test 'cppcheck' to perform static code analysis on C / C++ code
[2.500s] -- Configured cppcheck include dirs: $<BUILD_INTERFACE:/home/pheonix/ros2_ws/src/teleop_twist_joy/include>
[2.500s] -- Configured cppcheck exclude dirs and/or files: 
[2.503s] -- Added test 'cpplint' to check C / C++ code against the Google style
[2.503s] -- Configured cpplint exclude dirs and/or files: 
[2.504s] -- Added test 'flake8' to check Python code syntax and style conventions
[2.504s] -- Configured 'flake8' exclude dirs and/or files: 
[2.506s] -- Added test 'lint_cmake' to check CMake code style
[2.507s] -- Added test 'pep257' to check Python code against some of the docstring style conventions in PEP 257
[2.510s] -- Added test 'uncrustify' to check C / C++ code style
[2.510s] -- Configured uncrustify additional arguments: 
[2.513s] -- Added test 'xmllint' to check XML markup files
[2.520s] -- Configuring done (2.5s)
[2.529s] -- Generating done (0.0s)
[2.531s] -- Build files have been written to: /home/pheonix/ros2_ws/build/teleop_twist_joy
[2.538s] Invoked command in '/home/pheonix/ros2_ws/build/teleop_twist_joy' returned '0': AMENT_PREFIX_PATH=/home/pheonix/ros2_ws/install/launch_testing_ros:/home/pheonix/ros2_ws/install/launch_ros:${AMENT_PREFIX_PATH} CMAKE_PREFIX_PATH=${CMAKE_PREFIX_PATH}:/opt/ros/jazzy DEBUGINFOD_URLS=https://debuginfod.ubuntu.com PYTHONPATH=/home/pheonix/ros2_ws/install/launch_testing_ros/lib/python3.12/site-packages:/home/pheonix/ros2_ws/install/launch_ros/lib/python3.12/site-packages:${PYTHONPATH} /usr/bin/cmake /home/pheonix/ros2_ws/src/teleop_twist_joy -DCMAKE_INSTALL_PREFIX=/home/pheonix/ros2_ws/install/teleop_twist_joy
[2.539s] Invoking command in '/home/pheonix/ros2_ws/build/teleop_twist_joy': AMENT_PREFIX_PATH=/home/pheonix/ros2_ws/install/launch_testing_ros:/home/pheonix/ros2_ws/install/launch_ros:${AMENT_PREFIX_PATH} CMAKE_PREFIX_PATH=${CMAKE_PREFIX_PATH}:/opt/ros/jazzy DEBUGINFOD_URLS=https://debuginfod.ubuntu.com PYTHONPATH=/home/pheonix/ros2_ws/install/launch_testing_ros/lib/python3.12/site-packages:/home/pheonix/ros2_ws/install/launch_ros/lib/python3.12/site-packages:${PYTHONPATH} /usr/bin/cmake --build /home/pheonix/ros2_ws/build/teleop_twist_joy -- -j2 -l2
[2.607s] [ 25%] [32mBuilding CXX object CMakeFiles/teleop_twist_joy.dir/src/teleop_twist_joy.cpp.o[0m
[10.302s] [ 50%] [32m[1mLinking CXX shared library libteleop_twist_joy.so[0m
[10.675s] [ 50%] Built target teleop_twist_joy
[10.698s] [ 75%] [32mBuilding CXX object CMakeFiles/teleop_twist_joy_node.dir/src/teleop_node.cpp.o[0m
[13.117s] [100%] [32m[1mLinking CXX executable teleop_node[0m
[13.277s] [100%] Built target teleop_twist_joy_node
[13.287s] Invoked command in '/home/pheonix/ros2_ws/build/teleop_twist_joy' returned '0': AMENT_PREFIX_PATH=/home/pheonix/ros2_ws/install/launch_testing_ros:/home/pheonix/ros2_ws/install/launch_ros:${AMENT_PREFIX_PATH} CMAKE_PREFIX_PATH=${CMAKE_PREFIX_PATH}:/opt/ros/jazzy DEBUGINFOD_URLS=https://debuginfod.ubuntu.com PYTHONPATH=/home/pheonix/ros2_ws/install/launch_testing_ros/lib/python3.12/site-packages:/home/pheonix/ros2_ws/install/launch_ros/lib/python3.12/site-packages:${PYTHONPATH} /usr/bin/cmake --build /home/pheonix/ros2_ws/build/teleop_twist_joy -- -j2 -l2
[13.326s] Invoking command in '/home/pheonix/ros2_ws/build/teleop_twist_joy': AMENT_PREFIX_PATH=/home/pheonix/ros2_ws/install/launch_testing_ros:/home/pheonix/ros2_ws/install/launch_ros:${AMENT_PREFIX_PATH} CMAKE_PREFIX_PATH=${CMAKE_PREFIX_PATH}:/opt/ros/jazzy DEBUGINFOD_URLS=https://debuginfod.ubuntu.com PYTHONPATH=/home/pheonix/ros2_ws/install/launch_testing_ros/lib/python3.12/site-packages:/home/pheonix/ros2_ws/install/launch_ros/lib/python3.12/site-packages:${PYTHONPATH} /usr/bin/cmake --install /home/pheonix/ros2_ws/build/teleop_twist_joy
[13.333s] -- Install configuration: ""
[13.333s] -- Installing: /home/pheonix/ros2_ws/install/teleop_twist_joy/lib/libteleop_twist_joy.so
[13.338s] -- Set non-toolchain portion of runtime path of "/home/pheonix/ros2_ws/install/teleop_twist_joy/lib/libteleop_twist_joy.so" to ""
[13.338s] -- Installing: /home/pheonix/ros2_ws/install/teleop_twist_joy/lib/teleop_twist_joy/teleop_node
[13.338s] -- Set non-toolchain portion of runtime path of "/home/pheonix/ros2_ws/install/teleop_twist_joy/lib/teleop_twist_joy/teleop_node" to ""
[13.338s] -- Installing: /home/pheonix/ros2_ws/install/teleop_twist_joy/include/teleop_twist_joy
[13.338s] -- Installing: /home/pheonix/ros2_ws/install/teleop_twist_joy/include/teleop_twist_joy/teleop_twist_joy
[13.338s] -- Installing: /home/pheonix/ros2_ws/install/teleop_twist_joy/include/teleop_twist_joy/teleop_twist_joy/teleop_twist_joy.hpp
[13.338s] -- Installing: /home/pheonix/ros2_ws/install/teleop_twist_joy/include/teleop_twist_joy/teleop_twist_joy/teleop_twist_joy_export.h
[13.338s] -- Installing: /home/pheonix/ros2_ws/install/teleop_twist_joy/share/teleop_twist_joy/launch
[13.338s] -- Installing: /home/pheonix/ros2_ws/install/teleop_twist_joy/share/teleop_twist_joy/launch/teleop-launch.py
[13.338s] -- Installing: /home/pheonix/ros2_ws/install/teleop_twist_joy/share/teleop_twist_joy/config
[13.338s] -- Installing: /home/pheonix/ros2_ws/install/teleop_twist_joy/share/teleop_twist_joy/config/atk3.config.yaml
[13.338s] -- Installing: /home/pheonix/ros2_ws/install/teleop_twist_joy/share/teleop_twist_joy/config/ps3-holonomic.config.yaml
[13.338s] -- Installing: /home/pheonix/ros2_ws/install/teleop_twist_joy/share/teleop_twist_joy/config/ps3.config.yaml
[13.338s] -- Installing: /home/pheonix/ros2_ws/install/teleop_twist_joy/share/teleop_twist_joy/config/xbox.config.yaml
[13.338s] -- Installing: /home/pheonix/ros2_ws/install/teleop_twist_joy/share/teleop_twist_joy/config/xd3.config.yaml
[13.338s] -- Installing: /home/pheonix/ros2_ws/install/teleop_twist_joy/share/teleop_twist_joy/config/pdp.config.yaml
[13.338s] -- Installing: /home/pheonix/ros2_ws/install/teleop_twist_joy/share/teleop_twist_joy/environment/library_path.sh
[13.343s] -- Installing: /home/pheonix/ros2_ws/install/teleop_twist_joy/share/teleop_twist_joy/environment/library_path.dsv
[13.343s] -- Installing: /home/pheonix/ros2_ws/install/teleop_twist_joy/share/ament_index/resource_index/package_run_dependencies/teleop_twist_joy
[13.343s] -- Installing: /home/pheonix/ros2_ws/install/teleop_twist_joy/share/ament_index/resource_index/parent_prefix_path/teleop_twist_joy
[13.344s] -- Installing: /home/pheonix/ros2_ws/install/teleop_twist_joy/share/teleop_twist_joy/environment/ament_prefix_path.sh
[13.344s] -- Installing: /home/pheonix/ros2_ws/install/teleop_twist_joy/share/teleop_twist_joy/environment/ament_prefix_path.dsv
[13.344s] -- Installing: /home/pheonix/ros2_ws/install/teleop_twist_joy/share/teleop_twist_joy/environment/path.sh
[13.344s] -- Installing: /home/pheonix/ros2_ws/install/teleop_twist_joy/share/teleop_twist_joy/environment/path.dsv
[13.344s] -- Installing: /home/pheonix/ros2_ws/install/teleop_twist_joy/share/teleop_twist_joy/local_setup.bash
[13.344s] -- Installing: /home/pheonix/ros2_ws/install/teleop_twist_joy/share/teleop_twist_joy/local_setup.sh
[13.344s] -- Installing: /home/pheonix/ros2_ws/install/teleop_twist_joy/share/teleop_twist_joy/local_setup.zsh
[13.344s] -- Installing: /home/pheonix/ros2_ws/install/teleop_twist_joy/share/teleop_twist_joy/local_setup.dsv
[13.344s] -- Installing: /home/pheonix/ros2_ws/install/teleop_twist_joy/share/teleop_twist_joy/package.dsv
[13.344s] -- Installing: /home/pheonix/ros2_ws/install/teleop_twist_joy/share/ament_index/resource_index/packages/teleop_twist_joy
[13.344s] -- Installing: /home/pheonix/ros2_ws/install/teleop_twist_joy/share/ament_index/resource_index/rclcpp_components/teleop_twist_joy
[13.345s] -- Installing: /home/pheonix/ros2_ws/install/teleop_twist_joy/share/teleop_twist_joy/cmake/export_teleop_twist_joyExport.cmake
[13.345s] -- Installing: /home/pheonix/ros2_ws/install/teleop_twist_joy/share/teleop_twist_joy/cmake/export_teleop_twist_joyExport-noconfig.cmake
[13.345s] -- Installing: /home/pheonix/ros2_ws/install/teleop_twist_joy/share/teleop_twist_joy/cmake/ament_cmake_export_include_directories-extras.cmake
[13.345s] -- Installing: /home/pheonix/ros2_ws/install/teleop_twist_joy/share/teleop_twist_joy/cmake/ament_cmake_export_libraries-extras.cmake
[13.345s] -- Installing: /home/pheonix/ros2_ws/install/teleop_twist_joy/share/teleop_twist_joy/cmake/ament_cmake_export_targets-extras.cmake
[13.345s] -- Installing: /home/pheonix/ros2_ws/install/teleop_twist_joy/share/teleop_twist_joy/cmake/teleop_twist_joyConfig.cmake
[13.345s] -- Installing: /home/pheonix/ros2_ws/install/teleop_twist_joy/share/teleop_twist_joy/cmake/teleop_twist_joyConfig-version.cmake
[13.345s] -- Installing: /home/pheonix/ros2_ws/install/teleop_twist_joy/share/teleop_twist_joy/package.xml
[13.345s] Invoked command in '/home/pheonix/ros2_ws/build/teleop_twist_joy' returned '0': AMENT_PREFIX_PATH=/home/pheonix/ros2_ws/install/launch_testing_ros:/home/pheonix/ros2_ws/install/launch_ros:${AMENT_PREFIX_PATH} CMAKE_PREFIX_PATH=${CMAKE_PREFIX_PATH}:/opt/ros/jazzy DEBUGINFOD_URLS=https://debuginfod.ubuntu.com PYTHONPATH=/home/pheonix/ros2_ws/install/launch_testing_ros/lib/python3.12/site-packages:/home/pheonix/ros2_ws/install/launch_ros/lib/python3.12/site-packages:${PYTHONPATH} /usr/bin/cmake --install /home/pheonix/ros2_ws/build/teleop_twist_joy
