[0.017s] Invoking command in '/home/pheonix/ros2_ws/build/teleop_twist_joy': AMENT_PREFIX_PATH=/home/pheonix/ros2_ws/install/launch_testing_ros:/home/pheonix/ros2_ws/install/launch_ros:/home/pheonix/ros2_ws/install/joy:${AMENT_PREFIX_PATH} CMAKE_PREFIX_PATH=/opt/ros/jazzy:/home/pheonix/ros2_ws/install/joy:${CMAKE_PREFIX_PATH} DEBUGINFOD_URLS=https://debuginfod.ubuntu.com LD_LIBRARY_PATH=/home/pheonix/ros2_ws/install/joy/lib:${LD_LIBRARY_PATH} PYTHONPATH=/home/pheonix/ros2_ws/install/launch_testing_ros/lib/python3.12/site-packages:/home/pheonix/ros2_ws/install/launch_ros/lib/python3.12/site-packages:${PYTHONPATH} /usr/bin/cmake --build /home/pheonix/ros2_ws/build/teleop_twist_joy -- -j2 -l2
[0.250s] [ 50%] Built target teleop_twist_joy
[0.292s] [100%] Built target teleop_twist_joy_node
[0.308s] Invoked command in '/home/pheonix/ros2_ws/build/teleop_twist_joy' returned '0': AMENT_PREFIX_PATH=/home/pheonix/ros2_ws/install/launch_testing_ros:/home/pheonix/ros2_ws/install/launch_ros:/home/pheonix/ros2_ws/install/joy:${AMENT_PREFIX_PATH} CMAKE_PREFIX_PATH=/opt/ros/jazzy:/home/pheonix/ros2_ws/install/joy:${CMAKE_PREFIX_PATH} DEBUGINFOD_URLS=https://debuginfod.ubuntu.com LD_LIBRARY_PATH=/home/pheonix/ros2_ws/install/joy/lib:${LD_LIBRARY_PATH} PYTHONPATH=/home/pheonix/ros2_ws/install/launch_testing_ros/lib/python3.12/site-packages:/home/pheonix/ros2_ws/install/launch_ros/lib/python3.12/site-packages:${PYTHONPATH} /usr/bin/cmake --build /home/pheonix/ros2_ws/build/teleop_twist_joy -- -j2 -l2
[0.390s] Invoking command in '/home/pheonix/ros2_ws/build/teleop_twist_joy': AMENT_PREFIX_PATH=/home/pheonix/ros2_ws/install/launch_testing_ros:/home/pheonix/ros2_ws/install/launch_ros:/home/pheonix/ros2_ws/install/joy:${AMENT_PREFIX_PATH} CMAKE_PREFIX_PATH=/opt/ros/jazzy:/home/pheonix/ros2_ws/install/joy:${CMAKE_PREFIX_PATH} DEBUGINFOD_URLS=https://debuginfod.ubuntu.com LD_LIBRARY_PATH=/home/pheonix/ros2_ws/install/joy/lib:${LD_LIBRARY_PATH} PYTHONPATH=/home/pheonix/ros2_ws/install/launch_testing_ros/lib/python3.12/site-packages:/home/pheonix/ros2_ws/install/launch_ros/lib/python3.12/site-packages:${PYTHONPATH} /usr/bin/cmake --install /home/pheonix/ros2_ws/build/teleop_twist_joy
[0.392s] -- Install configuration: ""
[0.398s] -- Up-to-date: /home/pheonix/ros2_ws/install/teleop_twist_joy/lib/libteleop_twist_joy.so
[0.400s] -- Up-to-date: /home/pheonix/ros2_ws/install/teleop_twist_joy/lib/teleop_twist_joy/teleop_node
[0.400s] -- Up-to-date: /home/pheonix/ros2_ws/install/teleop_twist_joy/include/teleop_twist_joy
[0.403s] -- Up-to-date: /home/pheonix/ros2_ws/install/teleop_twist_joy/include/teleop_twist_joy/teleop_twist_joy
[0.403s] -- Up-to-date: /home/pheonix/ros2_ws/install/teleop_twist_joy/include/teleop_twist_joy/teleop_twist_joy/teleop_twist_joy.hpp
[0.404s] -- Up-to-date: /home/pheonix/ros2_ws/install/teleop_twist_joy/include/teleop_twist_joy/teleop_twist_joy/teleop_twist_joy_export.h
[0.404s] -- Up-to-date: /home/pheonix/ros2_ws/install/teleop_twist_joy/share/teleop_twist_joy/launch
[0.404s] -- Up-to-date: /home/pheonix/ros2_ws/install/teleop_twist_joy/share/teleop_twist_joy/launch/teleop-launch.py
[0.404s] -- Up-to-date: /home/pheonix/ros2_ws/install/teleop_twist_joy/share/teleop_twist_joy/config
[0.404s] -- Up-to-date: /home/pheonix/ros2_ws/install/teleop_twist_joy/share/teleop_twist_joy/config/atk3.config.yaml
[0.404s] -- Up-to-date: /home/pheonix/ros2_ws/install/teleop_twist_joy/share/teleop_twist_joy/config/ps3-holonomic.config.yaml
[0.404s] -- Up-to-date: /home/pheonix/ros2_ws/install/teleop_twist_joy/share/teleop_twist_joy/config/ps3.config.yaml
[0.404s] -- Up-to-date: /home/pheonix/ros2_ws/install/teleop_twist_joy/share/teleop_twist_joy/config/xbox.config.yaml
[0.405s] -- Up-to-date: /home/pheonix/ros2_ws/install/teleop_twist_joy/share/teleop_twist_joy/config/xd3.config.yaml
[0.405s] -- Up-to-date: /home/pheonix/ros2_ws/install/teleop_twist_joy/share/teleop_twist_joy/config/pdp.config.yaml
[0.407s] -- Up-to-date: /home/pheonix/ros2_ws/install/teleop_twist_joy/share/teleop_twist_joy/environment/library_path.sh
[0.407s] -- Up-to-date: /home/pheonix/ros2_ws/install/teleop_twist_joy/share/teleop_twist_joy/environment/library_path.dsv
[0.408s] -- Up-to-date: /home/pheonix/ros2_ws/install/teleop_twist_joy/share/ament_index/resource_index/package_run_dependencies/teleop_twist_joy
[0.409s] -- Up-to-date: /home/pheonix/ros2_ws/install/teleop_twist_joy/share/ament_index/resource_index/parent_prefix_path/teleop_twist_joy
[0.409s] -- Up-to-date: /home/pheonix/ros2_ws/install/teleop_twist_joy/share/teleop_twist_joy/environment/ament_prefix_path.sh
[0.409s] -- Up-to-date: /home/pheonix/ros2_ws/install/teleop_twist_joy/share/teleop_twist_joy/environment/ament_prefix_path.dsv
[0.409s] -- Up-to-date: /home/pheonix/ros2_ws/install/teleop_twist_joy/share/teleop_twist_joy/environment/path.sh
[0.409s] -- Up-to-date: /home/pheonix/ros2_ws/install/teleop_twist_joy/share/teleop_twist_joy/environment/path.dsv
[0.409s] -- Up-to-date: /home/pheonix/ros2_ws/install/teleop_twist_joy/share/teleop_twist_joy/local_setup.bash
[0.409s] -- Up-to-date: /home/pheonix/ros2_ws/install/teleop_twist_joy/share/teleop_twist_joy/local_setup.sh
[0.409s] -- Up-to-date: /home/pheonix/ros2_ws/install/teleop_twist_joy/share/teleop_twist_joy/local_setup.zsh
[0.410s] -- Up-to-date: /home/pheonix/ros2_ws/install/teleop_twist_joy/share/teleop_twist_joy/local_setup.dsv
[0.410s] -- Installing: /home/pheonix/ros2_ws/install/teleop_twist_joy/share/teleop_twist_joy/package.dsv
[0.417s] -- Up-to-date: /home/pheonix/ros2_ws/install/teleop_twist_joy/share/ament_index/resource_index/packages/teleop_twist_joy
[0.418s] -- Up-to-date: /home/pheonix/ros2_ws/install/teleop_twist_joy/share/ament_index/resource_index/rclcpp_components/teleop_twist_joy
[0.420s] -- Up-to-date: /home/pheonix/ros2_ws/install/teleop_twist_joy/share/teleop_twist_joy/cmake/export_teleop_twist_joyExport.cmake
[0.420s] -- Up-to-date: /home/pheonix/ros2_ws/install/teleop_twist_joy/share/teleop_twist_joy/cmake/export_teleop_twist_joyExport-noconfig.cmake
[0.420s] -- Up-to-date: /home/pheonix/ros2_ws/install/teleop_twist_joy/share/teleop_twist_joy/cmake/ament_cmake_export_include_directories-extras.cmake
[0.421s] -- Up-to-date: /home/pheonix/ros2_ws/install/teleop_twist_joy/share/teleop_twist_joy/cmake/ament_cmake_export_libraries-extras.cmake
[0.421s] -- Up-to-date: /home/pheonix/ros2_ws/install/teleop_twist_joy/share/teleop_twist_joy/cmake/ament_cmake_export_targets-extras.cmake
[0.421s] -- Up-to-date: /home/pheonix/ros2_ws/install/teleop_twist_joy/share/teleop_twist_joy/cmake/teleop_twist_joyConfig.cmake
[0.421s] -- Up-to-date: /home/pheonix/ros2_ws/install/teleop_twist_joy/share/teleop_twist_joy/cmake/teleop_twist_joyConfig-version.cmake
[0.422s] -- Up-to-date: /home/pheonix/ros2_ws/install/teleop_twist_joy/share/teleop_twist_joy/package.xml
[0.423s] Invoked command in '/home/pheonix/ros2_ws/build/teleop_twist_joy' returned '0': AMENT_PREFIX_PATH=/home/pheonix/ros2_ws/install/launch_testing_ros:/home/pheonix/ros2_ws/install/launch_ros:/home/pheonix/ros2_ws/install/joy:${AMENT_PREFIX_PATH} CMAKE_PREFIX_PATH=/opt/ros/jazzy:/home/pheonix/ros2_ws/install/joy:${CMAKE_PREFIX_PATH} DEBUGINFOD_URLS=https://debuginfod.ubuntu.com LD_LIBRARY_PATH=/home/pheonix/ros2_ws/install/joy/lib:${LD_LIBRARY_PATH} PYTHONPATH=/home/pheonix/ros2_ws/install/launch_testing_ros/lib/python3.12/site-packages:/home/pheonix/ros2_ws/install/launch_ros/lib/python3.12/site-packages:${PYTHONPATH} /usr/bin/cmake --install /home/pheonix/ros2_ws/build/teleop_twist_joy
