[0.023s] Invoking command in '/home/pheonix/ros2_ws/build/rcl_interfaces': CMAKE_PREFIX_PATH=${CMAKE_PREFIX_PATH}:/opt/ros/jazzy DEBUGINFOD_URLS=https://debuginfod.ubuntu.com /usr/bin/cmake --build /home/pheonix/ros2_ws/build/rcl_interfaces -- -j2 -l2
[0.274s] [  0%] Built target rcl_interfaces__rosidl_generator_type_description
[0.326s] [  0%] Built target ament_cmake_python_copy_rcl_interfaces
[0.328s] [  0%] Built target rcl_interfaces__cpp
[0.514s] [ 28%] Built target rcl_interfaces__rosidl_generator_c
[0.648s] [ 38%] Built target rcl_interfaces__rosidl_typesupport_cpp
[0.687s] running egg_info
[0.757s] writing rcl_interfaces.egg-info/PKG-INFO
[0.758s] [ 47%] Built target rcl_interfaces__rosidl_typesupport_fastrtps_c
[0.770s] writing dependency_links to rcl_interfaces.egg-info/dependency_links.txt
[0.770s] writing top-level names to rcl_interfaces.egg-info/top_level.txt
[0.876s] [ 57%] Built target rcl_interfaces__rosidl_typesupport_introspection_c
[0.908s] reading manifest file 'rcl_interfaces.egg-info/SOURCES.txt'
[0.912s] writing manifest file 'rcl_interfaces.egg-info/SOURCES.txt'
[0.999s] [ 67%] Built target rcl_interfaces__rosidl_typesupport_c
[1.026s] [ 67%] Built target ament_cmake_python_build_rcl_interfaces_egg
[1.224s] [ 77%] Built target rcl_interfaces__rosidl_typesupport_fastrtps_cpp
[1.237s] [ 87%] Built target rcl_interfaces__rosidl_typesupport_introspection_cpp
[1.287s] [ 87%] Built target rcl_interfaces
[1.338s] [ 87%] Built target rcl_interfaces__py
[1.433s] [ 97%] Built target rcl_interfaces__rosidl_generator_py
[1.489s] [ 98%] Built target rcl_interfaces_s__rosidl_typesupport_fastrtps_c
[1.527s] [ 99%] Built target rcl_interfaces_s__rosidl_typesupport_introspection_c
[1.582s] [100%] Built target rcl_interfaces_s__rosidl_typesupport_c
[1.615s] Invoked command in '/home/pheonix/ros2_ws/build/rcl_interfaces' returned '0': CMAKE_PREFIX_PATH=${CMAKE_PREFIX_PATH}:/opt/ros/jazzy DEBUGINFOD_URLS=https://debuginfod.ubuntu.com /usr/bin/cmake --build /home/pheonix/ros2_ws/build/rcl_interfaces -- -j2 -l2
[3.855s] Invoking command in '/home/pheonix/ros2_ws/build/rcl_interfaces': CMAKE_PREFIX_PATH=${CMAKE_PREFIX_PATH}:/opt/ros/jazzy DEBUGINFOD_URLS=https://debuginfod.ubuntu.com /usr/bin/cmake --install /home/pheonix/ros2_ws/build/rcl_interfaces
[3.875s] -- Install configuration: ""
[3.876s] -- Up-to-date: /home/pheonix/ros2_ws/install/rcl_interfaces/share/ament_index/resource_index/rosidl_interfaces/rcl_interfaces
[3.876s] -- Up-to-date: /home/pheonix/ros2_ws/install/rcl_interfaces/share/rcl_interfaces/msg/FloatingPointRange.json
[3.876s] -- Up-to-date: /home/pheonix/ros2_ws/install/rcl_interfaces/share/rcl_interfaces/msg/IntegerRange.json
[3.876s] -- Up-to-date: /home/pheonix/ros2_ws/install/rcl_interfaces/share/rcl_interfaces/msg/ListParametersResult.json
[3.876s] -- Up-to-date: /home/pheonix/ros2_ws/install/rcl_interfaces/share/rcl_interfaces/msg/Log.json
[3.876s] -- Up-to-date: /home/pheonix/ros2_ws/install/rcl_interfaces/share/rcl_interfaces/msg/ParameterDescriptor.json
[3.876s] -- Up-to-date: /home/pheonix/ros2_ws/install/rcl_interfaces/share/rcl_interfaces/msg/ParameterEventDescriptors.json
[3.876s] -- Up-to-date: /home/pheonix/ros2_ws/install/rcl_interfaces/share/rcl_interfaces/msg/ParameterEvent.json
[3.876s] -- Up-to-date: /home/pheonix/ros2_ws/install/rcl_interfaces/share/rcl_interfaces/msg/Parameter.json
[3.876s] -- Up-to-date: /home/pheonix/ros2_ws/install/rcl_interfaces/share/rcl_interfaces/msg/ParameterType.json
[3.876s] -- Up-to-date: /home/pheonix/ros2_ws/install/rcl_interfaces/share/rcl_interfaces/msg/ParameterValue.json
[3.876s] -- Up-to-date: /home/pheonix/ros2_ws/install/rcl_interfaces/share/rcl_interfaces/msg/SetParametersResult.json
[3.876s] -- Up-to-date: /home/pheonix/ros2_ws/install/rcl_interfaces/share/rcl_interfaces/msg/LoggerLevel.json
[3.876s] -- Up-to-date: /home/pheonix/ros2_ws/install/rcl_interfaces/share/rcl_interfaces/msg/SetLoggerLevelsResult.json
[3.876s] -- Up-to-date: /home/pheonix/ros2_ws/install/rcl_interfaces/share/rcl_interfaces/srv/DescribeParameters.json
[3.876s] -- Up-to-date: /home/pheonix/ros2_ws/install/rcl_interfaces/share/rcl_interfaces/srv/GetParameters.json
[3.876s] -- Up-to-date: /home/pheonix/ros2_ws/install/rcl_interfaces/share/rcl_interfaces/srv/GetParameterTypes.json
[3.876s] -- Up-to-date: /home/pheonix/ros2_ws/install/rcl_interfaces/share/rcl_interfaces/srv/ListParameters.json
[3.876s] -- Up-to-date: /home/pheonix/ros2_ws/install/rcl_interfaces/share/rcl_interfaces/srv/SetParametersAtomically.json
[3.876s] -- Up-to-date: /home/pheonix/ros2_ws/install/rcl_interfaces/share/rcl_interfaces/srv/SetParameters.json
[3.876s] -- Up-to-date: /home/pheonix/ros2_ws/install/rcl_interfaces/share/rcl_interfaces/srv/GetLoggerLevels.json
[3.876s] -- Up-to-date: /home/pheonix/ros2_ws/install/rcl_interfaces/share/rcl_interfaces/srv/SetLoggerLevels.json
[3.876s] -- Up-to-date: /home/pheonix/ros2_ws/install/rcl_interfaces/include/rcl_interfaces/rcl_interfaces
[3.876s] -- Up-to-date: /home/pheonix/ros2_ws/install/rcl_interfaces/include/rcl_interfaces/rcl_interfaces/msg
[3.876s] -- Up-to-date: /home/pheonix/ros2_ws/install/rcl_interfaces/include/rcl_interfaces/rcl_interfaces/msg/parameter_value.h
[3.877s] -- Up-to-date: /home/pheonix/ros2_ws/install/rcl_interfaces/include/rcl_interfaces/rcl_interfaces/msg/set_parameters_result.h
[3.877s] -- Up-to-date: /home/pheonix/ros2_ws/install/rcl_interfaces/include/rcl_interfaces/rcl_interfaces/msg/parameter_type.h
[3.877s] -- Up-to-date: /home/pheonix/ros2_ws/install/rcl_interfaces/include/rcl_interfaces/rcl_interfaces/msg/set_logger_levels_result.h
[3.877s] -- Up-to-date: /home/pheonix/ros2_ws/install/rcl_interfaces/include/rcl_interfaces/rcl_interfaces/msg/integer_range.h
[3.877s] -- Up-to-date: /home/pheonix/ros2_ws/install/rcl_interfaces/include/rcl_interfaces/rcl_interfaces/msg/log.h
[3.877s] -- Up-to-date: /home/pheonix/ros2_ws/install/rcl_interfaces/include/rcl_interfaces/rcl_interfaces/msg/rosidl_generator_c__visibility_control.h
[3.877s] -- Up-to-date: /home/pheonix/ros2_ws/install/rcl_interfaces/include/rcl_interfaces/rcl_interfaces/msg/detail
[3.877s] -- Up-to-date: /home/pheonix/ros2_ws/install/rcl_interfaces/include/rcl_interfaces/rcl_interfaces/msg/detail/logger_level__description.c
[3.877s] -- Up-to-date: /home/pheonix/ros2_ws/install/rcl_interfaces/include/rcl_interfaces/rcl_interfaces/msg/detail/integer_range__struct.h
[3.877s] -- Up-to-date: /home/pheonix/ros2_ws/install/rcl_interfaces/include/rcl_interfaces/rcl_interfaces/msg/detail/floating_point_range__functions.h
[3.877s] -- Installing: /home/pheonix/ros2_ws/install/rcl_interfaces/include/rcl_interfaces/rcl_interfaces/msg/detail/integer_range__type_support.c
[3.878s] -- Installing: /home/pheonix/ros2_ws/install/rcl_interfaces/include/rcl_interfaces/rcl_interfaces/msg/detail/parameter_event__type_support.c
[3.878s] -- Up-to-date: /home/pheonix/ros2_ws/install/rcl_interfaces/include/rcl_interfaces/rcl_interfaces/msg/detail/set_logger_levels_result__struct.h
[3.879s] -- Installing: /home/pheonix/ros2_ws/install/rcl_interfaces/include/rcl_interfaces/rcl_interfaces/msg/detail/set_parameters_result__type_support.c
[3.879s] -- Up-to-date: /home/pheonix/ros2_ws/install/rcl_interfaces/include/rcl_interfaces/rcl_interfaces/msg/detail/list_parameters_result__functions.c
[3.879s] -- Up-to-date: /home/pheonix/ros2_ws/install/rcl_interfaces/include/rcl_interfaces/rcl_interfaces/msg/detail/parameter_descriptor__functions.h
[3.879s] -- Up-to-date: /home/pheonix/ros2_ws/install/rcl_interfaces/include/rcl_interfaces/rcl_interfaces/msg/detail/parameter__description.c
[3.879s] -- Up-to-date: /home/pheonix/ros2_ws/install/rcl_interfaces/include/rcl_interfaces/rcl_interfaces/msg/detail/set_parameters_result__struct.h
[3.879s] -- Up-to-date: /home/pheonix/ros2_ws/install/rcl_interfaces/include/rcl_interfaces/rcl_interfaces/msg/detail/log__description.c
[3.879s] -- Installing: /home/pheonix/ros2_ws/install/rcl_interfaces/include/rcl_interfaces/rcl_interfaces/msg/detail/logger_level__type_support.c
[3.879s] -- Up-to-date: /home/pheonix/ros2_ws/install/rcl_interfaces/include/rcl_interfaces/rcl_interfaces/msg/detail/parameter_type__type_support.h
[3.879s] -- Up-to-date: /home/pheonix/ros2_ws/install/rcl_interfaces/include/rcl_interfaces/rcl_interfaces/msg/detail/parameter__functions.h
[3.883s] -- Up-to-date: /home/pheonix/ros2_ws/install/rcl_interfaces/include/rcl_interfaces/rcl_interfaces/msg/detail/set_parameters_result__description.c
[3.885s] -- Installing: /home/pheonix/ros2_ws/install/rcl_interfaces/include/rcl_interfaces/rcl_interfaces/msg/detail/parameter_type__type_support.c
[3.885s] -- Up-to-date: /home/pheonix/ros2_ws/install/rcl_interfaces/include/rcl_interfaces/rcl_interfaces/msg/detail/floating_point_range__type_support.h
[3.885s] -- Up-to-date: /home/pheonix/ros2_ws/install/rcl_interfaces/include/rcl_interfaces/rcl_interfaces/msg/detail/parameter_type__struct.h
[3.885s] -- Up-to-date: /home/pheonix/ros2_ws/install/rcl_interfaces/include/rcl_interfaces/rcl_interfaces/msg/detail/parameter_event__description.c
[3.885s] -- Up-to-date: /home/pheonix/ros2_ws/install/rcl_interfaces/include/rcl_interfaces/rcl_interfaces/msg/detail/floating_point_range__struct.h
[3.885s] -- Up-to-date: /home/pheonix/ros2_ws/install/rcl_interfaces/include/rcl_interfaces/rcl_interfaces/msg/detail/parameter_value__type_support.h
[3.885s] -- Up-to-date: /home/pheonix/ros2_ws/install/rcl_interfaces/include/rcl_interfaces/rcl_interfaces/msg/detail/list_parameters_result__description.c
[3.885s] -- Installing: /home/pheonix/ros2_ws/install/rcl_interfaces/include/rcl_interfaces/rcl_interfaces/msg/detail/log__type_support.c
[3.885s] -- Up-to-date: /home/pheonix/ros2_ws/install/rcl_interfaces/include/rcl_interfaces/rcl_interfaces/msg/detail/logger_level__functions.c
[3.885s] -- Up-to-date: /home/pheonix/ros2_ws/install/rcl_interfaces/include/rcl_interfaces/rcl_interfaces/msg/detail/parameter__struct.h
[3.885s] -- Up-to-date: /home/pheonix/ros2_ws/install/rcl_interfaces/include/rcl_interfaces/rcl_interfaces/msg/detail/parameter_value__functions.h
[3.885s] -- Installing: /home/pheonix/ros2_ws/install/rcl_interfaces/include/rcl_interfaces/rcl_interfaces/msg/detail/parameter_event_descriptors__type_support.c
[3.885s] -- Up-to-date: /home/pheonix/ros2_ws/install/rcl_interfaces/include/rcl_interfaces/rcl_interfaces/msg/detail/parameter__functions.c
[3.886s] -- Up-to-date: /home/pheonix/ros2_ws/install/rcl_interfaces/include/rcl_interfaces/rcl_interfaces/msg/detail/parameter_event_descriptors__description.c
[3.886s] -- Installing: /home/pheonix/ros2_ws/install/rcl_interfaces/include/rcl_interfaces/rcl_interfaces/msg/detail/parameter_descriptor__type_support.c
[3.886s] -- Up-to-date: /home/pheonix/ros2_ws/install/rcl_interfaces/include/rcl_interfaces/rcl_interfaces/msg/detail/set_logger_levels_result__functions.h
[3.886s] -- Up-to-date: /home/pheonix/ros2_ws/install/rcl_interfaces/include/rcl_interfaces/rcl_interfaces/msg/detail/parameter_descriptor__type_support.h
[3.886s] -- Up-to-date: /home/pheonix/ros2_ws/install/rcl_interfaces/include/rcl_interfaces/rcl_interfaces/msg/detail/parameter_type__functions.h
[3.886s] -- Up-to-date: /home/pheonix/ros2_ws/install/rcl_interfaces/include/rcl_interfaces/rcl_interfaces/msg/detail/log__type_support.h
[3.886s] -- Installing: /home/pheonix/ros2_ws/install/rcl_interfaces/include/rcl_interfaces/rcl_interfaces/msg/detail/list_parameters_result__type_support.c
[3.886s] -- Up-to-date: /home/pheonix/ros2_ws/install/rcl_interfaces/include/rcl_interfaces/rcl_interfaces/msg/detail/parameter_descriptor__struct.h
[3.886s] -- Up-to-date: /home/pheonix/ros2_ws/install/rcl_interfaces/include/rcl_interfaces/rcl_interfaces/msg/detail/log__functions.h
[3.886s] -- Up-to-date: /home/pheonix/ros2_ws/install/rcl_interfaces/include/rcl_interfaces/rcl_interfaces/msg/detail/parameter_value__struct.h
[3.886s] -- Up-to-date: /home/pheonix/ros2_ws/install/rcl_interfaces/include/rcl_interfaces/rcl_interfaces/msg/detail/log__struct.h
[3.886s] -- Installing: /home/pheonix/ros2_ws/install/rcl_interfaces/include/rcl_interfaces/rcl_interfaces/msg/detail/set_logger_levels_result__type_support.c
[3.886s] -- Up-to-date: /home/pheonix/ros2_ws/install/rcl_interfaces/include/rcl_interfaces/rcl_interfaces/msg/detail/set_logger_levels_result__type_support.h
[3.886s] -- Up-to-date: /home/pheonix/ros2_ws/install/rcl_interfaces/include/rcl_interfaces/rcl_interfaces/msg/detail/list_parameters_result__type_support.h
[3.886s] -- Up-to-date: /home/pheonix/ros2_ws/install/rcl_interfaces/include/rcl_interfaces/rcl_interfaces/msg/detail/set_parameters_result__functions.c
[3.886s] -- Up-to-date: /home/pheonix/ros2_ws/install/rcl_interfaces/include/rcl_interfaces/rcl_interfaces/msg/detail/parameter_event__functions.c
[3.886s] -- Installing: /home/pheonix/ros2_ws/install/rcl_interfaces/include/rcl_interfaces/rcl_interfaces/msg/detail/parameter_value__type_support.c
[3.886s] -- Up-to-date: /home/pheonix/ros2_ws/install/rcl_interfaces/include/rcl_interfaces/rcl_interfaces/msg/detail/parameter_event_descriptors__type_support.h
[3.886s] -- Up-to-date: /home/pheonix/ros2_ws/install/rcl_interfaces/include/rcl_interfaces/rcl_interfaces/msg/detail/list_parameters_result__functions.h
[3.886s] -- Up-to-date: /home/pheonix/ros2_ws/install/rcl_interfaces/include/rcl_interfaces/rcl_interfaces/msg/detail/set_logger_levels_result__description.c
[3.886s] -- Up-to-date: /home/pheonix/ros2_ws/install/rcl_interfaces/include/rcl_interfaces/rcl_interfaces/msg/detail/integer_range__description.c
[3.887s] -- Up-to-date: /home/pheonix/ros2_ws/install/rcl_interfaces/include/rcl_interfaces/rcl_interfaces/msg/detail/parameter_descriptor__description.c
[3.887s] -- Up-to-date: /home/pheonix/ros2_ws/install/rcl_interfaces/include/rcl_interfaces/rcl_interfaces/msg/detail/set_logger_levels_result__functions.c
[3.892s] -- Up-to-date: /home/pheonix/ros2_ws/install/rcl_interfaces/include/rcl_interfaces/rcl_interfaces/msg/detail/logger_level__struct.h
[3.892s] -- Up-to-date: /home/pheonix/ros2_ws/install/rcl_interfaces/include/rcl_interfaces/rcl_interfaces/msg/detail/parameter_event__type_support.h
[3.892s] -- Up-to-date: /home/pheonix/ros2_ws/install/rcl_interfaces/include/rcl_interfaces/rcl_interfaces/msg/detail/parameter_value__description.c
[3.892s] -- Up-to-date: /home/pheonix/ros2_ws/install/rcl_interfaces/include/rcl_interfaces/rcl_interfaces/msg/detail/parameter_event__struct.h
[3.892s] -- Up-to-date: /home/pheonix/ros2_ws/install/rcl_interfaces/include/rcl_interfaces/rcl_interfaces/msg/detail/integer_range__functions.h
[3.892s] -- Up-to-date: /home/pheonix/ros2_ws/install/rcl_interfaces/include/rcl_interfaces/rcl_interfaces/msg/detail/parameter_event_descriptors__functions.c
[3.892s] -- Up-to-date: /home/pheonix/ros2_ws/install/rcl_interfaces/include/rcl_interfaces/rcl_interfaces/msg/detail/parameter_type__description.c
[3.892s] -- Up-to-date: /home/pheonix/ros2_ws/install/rcl_interfaces/include/rcl_interfaces/rcl_interfaces/msg/detail/parameter_descriptor__functions.c
[3.892s] -- Installing: /home/pheonix/ros2_ws/install/rcl_interfaces/include/rcl_interfaces/rcl_interfaces/msg/detail/parameter__type_support.c
[3.892s] -- Up-to-date: /home/pheonix/ros2_ws/install/rcl_interfaces/include/rcl_interfaces/rcl_interfaces/msg/detail/floating_point_range__functions.c
[3.892s] -- Up-to-date: /home/pheonix/ros2_ws/install/rcl_interfaces/include/rcl_interfaces/rcl_interfaces/msg/detail/list_parameters_result__struct.h
[3.892s] -- Up-to-date: /home/pheonix/ros2_ws/install/rcl_interfaces/include/rcl_interfaces/rcl_interfaces/msg/detail/set_parameters_result__functions.h
[3.892s] -- Up-to-date: /home/pheonix/ros2_ws/install/rcl_interfaces/include/rcl_interfaces/rcl_interfaces/msg/detail/parameter_event_descriptors__struct.h
[3.892s] -- Up-to-date: /home/pheonix/ros2_ws/install/rcl_interfaces/include/rcl_interfaces/rcl_interfaces/msg/detail/floating_point_range__description.c
[3.892s] -- Up-to-date: /home/pheonix/ros2_ws/install/rcl_interfaces/include/rcl_interfaces/rcl_interfaces/msg/detail/logger_level__functions.h
[3.892s] -- Up-to-date: /home/pheonix/ros2_ws/install/rcl_interfaces/include/rcl_interfaces/rcl_interfaces/msg/detail/set_parameters_result__type_support.h
[3.893s] -- Up-to-date: /home/pheonix/ros2_ws/install/rcl_interfaces/include/rcl_interfaces/rcl_interfaces/msg/detail/integer_range__functions.c
[3.893s] -- Up-to-date: /home/pheonix/ros2_ws/install/rcl_interfaces/include/rcl_interfaces/rcl_interfaces/msg/detail/log__functions.c
[3.893s] -- Up-to-date: /home/pheonix/ros2_ws/install/rcl_interfaces/include/rcl_interfaces/rcl_interfaces/msg/detail/logger_level__type_support.h
[3.893s] -- Up-to-date: /home/pheonix/ros2_ws/install/rcl_interfaces/include/rcl_interfaces/rcl_interfaces/msg/detail/parameter_type__functions.c
[3.893s] -- Up-to-date: /home/pheonix/ros2_ws/install/rcl_interfaces/include/rcl_interfaces/rcl_interfaces/msg/detail/parameter_event__functions.h
[3.893s] -- Up-to-date: /home/pheonix/ros2_ws/install/rcl_interfaces/include/rcl_interfaces/rcl_interfaces/msg/detail/parameter_value__functions.c
[3.897s] -- Up-to-date: /home/pheonix/ros2_ws/install/rcl_interfaces/include/rcl_interfaces/rcl_interfaces/msg/detail/parameter_event_descriptors__functions.h
[3.899s] -- Up-to-date: /home/pheonix/ros2_ws/install/rcl_interfaces/include/rcl_interfaces/rcl_interfaces/msg/detail/parameter__type_support.h
[3.899s] -- Installing: /home/pheonix/ros2_ws/install/rcl_interfaces/include/rcl_interfaces/rcl_interfaces/msg/detail/floating_point_range__type_support.c
[3.899s] -- Up-to-date: /home/pheonix/ros2_ws/install/rcl_interfaces/include/rcl_interfaces/rcl_interfaces/msg/detail/integer_range__type_support.h
[3.899s] -- Up-to-date: /home/pheonix/ros2_ws/install/rcl_interfaces/include/rcl_interfaces/rcl_interfaces/msg/list_parameters_result.h
[3.899s] -- Up-to-date: /home/pheonix/ros2_ws/install/rcl_interfaces/include/rcl_interfaces/rcl_interfaces/msg/logger_level.h
[3.899s] -- Up-to-date: /home/pheonix/ros2_ws/install/rcl_interfaces/include/rcl_interfaces/rcl_interfaces/msg/floating_point_range.h
[3.900s] -- Up-to-date: /home/pheonix/ros2_ws/install/rcl_interfaces/include/rcl_interfaces/rcl_interfaces/msg/parameter_event.h
[3.900s] -- Up-to-date: /home/pheonix/ros2_ws/install/rcl_interfaces/include/rcl_interfaces/rcl_interfaces/msg/parameter_event_descriptors.h
[3.900s] -- Up-to-date: /home/pheonix/ros2_ws/install/rcl_interfaces/include/rcl_interfaces/rcl_interfaces/msg/parameter_descriptor.h
[3.900s] -- Up-to-date: /home/pheonix/ros2_ws/install/rcl_interfaces/include/rcl_interfaces/rcl_interfaces/msg/parameter.h
[3.900s] -- Up-to-date: /home/pheonix/ros2_ws/install/rcl_interfaces/include/rcl_interfaces/rcl_interfaces/srv
[3.900s] -- Up-to-date: /home/pheonix/ros2_ws/install/rcl_interfaces/include/rcl_interfaces/rcl_interfaces/srv/set_parameters_atomically.h
[3.900s] -- Up-to-date: /home/pheonix/ros2_ws/install/rcl_interfaces/include/rcl_interfaces/rcl_interfaces/srv/set_logger_levels.h
[3.900s] -- Up-to-date: /home/pheonix/ros2_ws/install/rcl_interfaces/include/rcl_interfaces/rcl_interfaces/srv/list_parameters.h
[3.900s] -- Up-to-date: /home/pheonix/ros2_ws/install/rcl_interfaces/include/rcl_interfaces/rcl_interfaces/srv/set_parameters.h
[3.900s] -- Up-to-date: /home/pheonix/ros2_ws/install/rcl_interfaces/include/rcl_interfaces/rcl_interfaces/srv/detail
[3.900s] -- Up-to-date: /home/pheonix/ros2_ws/install/rcl_interfaces/include/rcl_interfaces/rcl_interfaces/srv/detail/get_parameters__functions.h
[3.901s] -- Up-to-date: /home/pheonix/ros2_ws/install/rcl_interfaces/include/rcl_interfaces/rcl_interfaces/srv/detail/describe_parameters__description.c
[3.901s] -- Up-to-date: /home/pheonix/ros2_ws/install/rcl_interfaces/include/rcl_interfaces/rcl_interfaces/srv/detail/get_parameter_types__description.c
[3.901s] -- Installing: /home/pheonix/ros2_ws/install/rcl_interfaces/include/rcl_interfaces/rcl_interfaces/srv/detail/describe_parameters__type_support.c
[3.901s] -- Installing: /home/pheonix/ros2_ws/install/rcl_interfaces/include/rcl_interfaces/rcl_interfaces/srv/detail/set_logger_levels__type_support.c
[3.901s] -- Up-to-date: /home/pheonix/ros2_ws/install/rcl_interfaces/include/rcl_interfaces/rcl_interfaces/srv/detail/get_logger_levels__struct.h
[3.901s] -- Up-to-date: /home/pheonix/ros2_ws/install/rcl_interfaces/include/rcl_interfaces/rcl_interfaces/srv/detail/set_parameters__functions.c
[3.901s] -- Installing: /home/pheonix/ros2_ws/install/rcl_interfaces/include/rcl_interfaces/rcl_interfaces/srv/detail/set_parameters_atomically__type_support.c
[3.905s] -- Up-to-date: /home/pheonix/ros2_ws/install/rcl_interfaces/include/rcl_interfaces/rcl_interfaces/srv/detail/set_logger_levels__struct.h
[3.905s] -- Up-to-date: /home/pheonix/ros2_ws/install/rcl_interfaces/include/rcl_interfaces/rcl_interfaces/srv/detail/describe_parameters__functions.c
[3.906s] -- Up-to-date: /home/pheonix/ros2_ws/install/rcl_interfaces/include/rcl_interfaces/rcl_interfaces/srv/detail/list_parameters__struct.h
[3.906s] -- Up-to-date: /home/pheonix/ros2_ws/install/rcl_interfaces/include/rcl_interfaces/rcl_interfaces/srv/detail/get_parameters__struct.h
[3.906s] -- Up-to-date: /home/pheonix/ros2_ws/install/rcl_interfaces/include/rcl_interfaces/rcl_interfaces/srv/detail/list_parameters__functions.c
[3.906s] -- Up-to-date: /home/pheonix/ros2_ws/install/rcl_interfaces/include/rcl_interfaces/rcl_interfaces/srv/detail/get_parameter_types__functions.h
[3.906s] -- Up-to-date: /home/pheonix/ros2_ws/install/rcl_interfaces/include/rcl_interfaces/rcl_interfaces/srv/detail/get_logger_levels__description.c
[3.906s] -- Up-to-date: /home/pheonix/ros2_ws/install/rcl_interfaces/include/rcl_interfaces/rcl_interfaces/srv/detail/set_logger_levels__description.c
[3.906s] -- Installing: /home/pheonix/ros2_ws/install/rcl_interfaces/include/rcl_interfaces/rcl_interfaces/srv/detail/get_parameter_types__type_support.c
[3.906s] -- Up-to-date: /home/pheonix/ros2_ws/install/rcl_interfaces/include/rcl_interfaces/rcl_interfaces/srv/detail/describe_parameters__struct.h
[3.906s] -- Up-to-date: /home/pheonix/ros2_ws/install/rcl_interfaces/include/rcl_interfaces/rcl_interfaces/srv/detail/set_parameters__functions.h
[3.906s] -- Up-to-date: /home/pheonix/ros2_ws/install/rcl_interfaces/include/rcl_interfaces/rcl_interfaces/srv/detail/list_parameters__functions.h
[3.906s] -- Up-to-date: /home/pheonix/ros2_ws/install/rcl_interfaces/include/rcl_interfaces/rcl_interfaces/srv/detail/get_logger_levels__type_support.h
[3.906s] -- Up-to-date: /home/pheonix/ros2_ws/install/rcl_interfaces/include/rcl_interfaces/rcl_interfaces/srv/detail/describe_parameters__type_support.h
[3.906s] -- Up-to-date: /home/pheonix/ros2_ws/install/rcl_interfaces/include/rcl_interfaces/rcl_interfaces/srv/detail/list_parameters__type_support.h
[3.906s] -- Up-to-date: /home/pheonix/ros2_ws/install/rcl_interfaces/include/rcl_interfaces/rcl_interfaces/srv/detail/set_parameters_atomically__type_support.h
[3.906s] -- Up-to-date: /home/pheonix/ros2_ws/install/rcl_interfaces/include/rcl_interfaces/rcl_interfaces/srv/detail/set_parameters__type_support.h
[3.906s] -- Up-to-date: /home/pheonix/ros2_ws/install/rcl_interfaces/include/rcl_interfaces/rcl_interfaces/srv/detail/set_parameters_atomically__description.c
[3.906s] -- Up-to-date: /home/pheonix/ros2_ws/install/rcl_interfaces/include/rcl_interfaces/rcl_interfaces/srv/detail/set_parameters__description.c
[3.906s] -- Installing: /home/pheonix/ros2_ws/install/rcl_interfaces/include/rcl_interfaces/rcl_interfaces/srv/detail/set_parameters__type_support.c
[3.906s] -- Up-to-date: /home/pheonix/ros2_ws/install/rcl_interfaces/include/rcl_interfaces/rcl_interfaces/srv/detail/get_parameter_types__functions.c
[3.906s] -- Installing: /home/pheonix/ros2_ws/install/rcl_interfaces/include/rcl_interfaces/rcl_interfaces/srv/detail/get_logger_levels__type_support.c
[3.906s] -- Up-to-date: /home/pheonix/ros2_ws/install/rcl_interfaces/include/rcl_interfaces/rcl_interfaces/srv/detail/set_parameters_atomically__functions.c
[3.906s] -- Up-to-date: /home/pheonix/ros2_ws/install/rcl_interfaces/include/rcl_interfaces/rcl_interfaces/srv/detail/set_parameters__struct.h
[3.906s] -- Installing: /home/pheonix/ros2_ws/install/rcl_interfaces/include/rcl_interfaces/rcl_interfaces/srv/detail/list_parameters__type_support.c
[3.906s] -- Up-to-date: /home/pheonix/ros2_ws/install/rcl_interfaces/include/rcl_interfaces/rcl_interfaces/srv/detail/get_parameter_types__type_support.h
[3.906s] -- Up-to-date: /home/pheonix/ros2_ws/install/rcl_interfaces/include/rcl_interfaces/rcl_interfaces/srv/detail/set_logger_levels__type_support.h
[3.906s] -- Up-to-date: /home/pheonix/ros2_ws/install/rcl_interfaces/include/rcl_interfaces/rcl_interfaces/srv/detail/set_logger_levels__functions.h
[3.906s] -- Up-to-date: /home/pheonix/ros2_ws/install/rcl_interfaces/include/rcl_interfaces/rcl_interfaces/srv/detail/get_parameters__type_support.h
[3.906s] -- Up-to-date: /home/pheonix/ros2_ws/install/rcl_interfaces/include/rcl_interfaces/rcl_interfaces/srv/detail/get_logger_levels__functions.h
[3.906s] -- Up-to-date: /home/pheonix/ros2_ws/install/rcl_interfaces/include/rcl_interfaces/rcl_interfaces/srv/detail/set_parameters_atomically__functions.h
[3.906s] -- Up-to-date: /home/pheonix/ros2_ws/install/rcl_interfaces/include/rcl_interfaces/rcl_interfaces/srv/detail/get_parameter_types__struct.h
[3.906s] -- Installing: /home/pheonix/ros2_ws/install/rcl_interfaces/include/rcl_interfaces/rcl_interfaces/srv/detail/get_parameters__type_support.c
[3.906s] -- Up-to-date: /home/pheonix/ros2_ws/install/rcl_interfaces/include/rcl_interfaces/rcl_interfaces/srv/detail/get_parameters__functions.c
[3.906s] -- Up-to-date: /home/pheonix/ros2_ws/install/rcl_interfaces/include/rcl_interfaces/rcl_interfaces/srv/detail/get_logger_levels__functions.c
[3.906s] -- Up-to-date: /home/pheonix/ros2_ws/install/rcl_interfaces/include/rcl_interfaces/rcl_interfaces/srv/detail/set_parameters_atomically__struct.h
[3.915s] -- Up-to-date: /home/pheonix/ros2_ws/install/rcl_interfaces/include/rcl_interfaces/rcl_interfaces/srv/detail/describe_parameters__functions.h
[3.915s] -- Up-to-date: /home/pheonix/ros2_ws/install/rcl_interfaces/include/rcl_interfaces/rcl_interfaces/srv/detail/get_parameters__description.c
[3.915s] -- Up-to-date: /home/pheonix/ros2_ws/install/rcl_interfaces/include/rcl_interfaces/rcl_interfaces/srv/detail/list_parameters__description.c
[3.915s] -- Up-to-date: /home/pheonix/ros2_ws/install/rcl_interfaces/include/rcl_interfaces/rcl_interfaces/srv/detail/set_logger_levels__functions.c
[3.915s] -- Up-to-date: /home/pheonix/ros2_ws/install/rcl_interfaces/include/rcl_interfaces/rcl_interfaces/srv/get_parameters.h
[3.915s] -- Up-to-date: /home/pheonix/ros2_ws/install/rcl_interfaces/include/rcl_interfaces/rcl_interfaces/srv/get_logger_levels.h
[3.915s] -- Up-to-date: /home/pheonix/ros2_ws/install/rcl_interfaces/include/rcl_interfaces/rcl_interfaces/srv/describe_parameters.h
[3.915s] -- Up-to-date: /home/pheonix/ros2_ws/install/rcl_interfaces/include/rcl_interfaces/rcl_interfaces/srv/get_parameter_types.h
[3.915s] -- Up-to-date: /home/pheonix/ros2_ws/install/rcl_interfaces/share/rcl_interfaces/environment/library_path.sh
[3.915s] -- Up-to-date: /home/pheonix/ros2_ws/install/rcl_interfaces/share/rcl_interfaces/environment/library_path.dsv
[3.915s] -- Up-to-date: /home/pheonix/ros2_ws/install/rcl_interfaces/lib/librcl_interfaces__rosidl_generator_c.so
[3.915s] -- Up-to-date: /home/pheonix/ros2_ws/install/rcl_interfaces/include/rcl_interfaces/rcl_interfaces
[3.915s] -- Up-to-date: /home/pheonix/ros2_ws/install/rcl_interfaces/include/rcl_interfaces/rcl_interfaces/msg
[3.915s] -- Up-to-date: /home/pheonix/ros2_ws/install/rcl_interfaces/include/rcl_interfaces/rcl_interfaces/msg/rosidl_typesupport_fastrtps_c__visibility_control.h
[3.915s] -- Up-to-date: /home/pheonix/ros2_ws/install/rcl_interfaces/include/rcl_interfaces/rcl_interfaces/msg/detail
[3.915s] -- Up-to-date: /home/pheonix/ros2_ws/install/rcl_interfaces/include/rcl_interfaces/rcl_interfaces/msg/detail/floating_point_range__rosidl_typesupport_fastrtps_c.h
[3.915s] -- Up-to-date: /home/pheonix/ros2_ws/install/rcl_interfaces/include/rcl_interfaces/rcl_interfaces/msg/detail/log__rosidl_typesupport_fastrtps_c.h
[3.915s] -- Up-to-date: /home/pheonix/ros2_ws/install/rcl_interfaces/include/rcl_interfaces/rcl_interfaces/msg/detail/parameter_event_descriptors__rosidl_typesupport_fastrtps_c.h
[3.915s] -- Up-to-date: /home/pheonix/ros2_ws/install/rcl_interfaces/include/rcl_interfaces/rcl_interfaces/msg/detail/set_logger_levels_result__rosidl_typesupport_fastrtps_c.h
[3.915s] -- Up-to-date: /home/pheonix/ros2_ws/install/rcl_interfaces/include/rcl_interfaces/rcl_interfaces/msg/detail/set_parameters_result__rosidl_typesupport_fastrtps_c.h
[3.915s] -- Up-to-date: /home/pheonix/ros2_ws/install/rcl_interfaces/include/rcl_interfaces/rcl_interfaces/msg/detail/parameter_descriptor__rosidl_typesupport_fastrtps_c.h
[3.915s] -- Up-to-date: /home/pheonix/ros2_ws/install/rcl_interfaces/include/rcl_interfaces/rcl_interfaces/msg/detail/parameter__rosidl_typesupport_fastrtps_c.h
[3.915s] -- Up-to-date: /home/pheonix/ros2_ws/install/rcl_interfaces/include/rcl_interfaces/rcl_interfaces/msg/detail/logger_level__rosidl_typesupport_fastrtps_c.h
[3.915s] -- Up-to-date: /home/pheonix/ros2_ws/install/rcl_interfaces/include/rcl_interfaces/rcl_interfaces/msg/detail/list_parameters_result__rosidl_typesupport_fastrtps_c.h
[3.915s] -- Up-to-date: /home/pheonix/ros2_ws/install/rcl_interfaces/include/rcl_interfaces/rcl_interfaces/msg/detail/parameter_type__rosidl_typesupport_fastrtps_c.h
[3.915s] -- Up-to-date: /home/pheonix/ros2_ws/install/rcl_interfaces/include/rcl_interfaces/rcl_interfaces/msg/detail/parameter_event__rosidl_typesupport_fastrtps_c.h
[3.915s] -- Up-to-date: /home/pheonix/ros2_ws/install/rcl_interfaces/include/rcl_interfaces/rcl_interfaces/msg/detail/integer_range__rosidl_typesupport_fastrtps_c.h
[3.921s] -- Up-to-date: /home/pheonix/ros2_ws/install/rcl_interfaces/include/rcl_interfaces/rcl_interfaces/msg/detail/parameter_value__rosidl_typesupport_fastrtps_c.h
[3.921s] -- Up-to-date: /home/pheonix/ros2_ws/install/rcl_interfaces/include/rcl_interfaces/rcl_interfaces/srv
[3.921s] -- Up-to-date: /home/pheonix/ros2_ws/install/rcl_interfaces/include/rcl_interfaces/rcl_interfaces/srv/detail
[3.921s] -- Up-to-date: /home/pheonix/ros2_ws/install/rcl_interfaces/include/rcl_interfaces/rcl_interfaces/srv/detail/get_parameters__rosidl_typesupport_fastrtps_c.h
[3.921s] -- Up-to-date: /home/pheonix/ros2_ws/install/rcl_interfaces/include/rcl_interfaces/rcl_interfaces/srv/detail/get_logger_levels__rosidl_typesupport_fastrtps_c.h
[3.921s] -- Up-to-date: /home/pheonix/ros2_ws/install/rcl_interfaces/include/rcl_interfaces/rcl_interfaces/srv/detail/set_parameters_atomically__rosidl_typesupport_fastrtps_c.h
[3.921s] -- Up-to-date: /home/pheonix/ros2_ws/install/rcl_interfaces/include/rcl_interfaces/rcl_interfaces/srv/detail/list_parameters__rosidl_typesupport_fastrtps_c.h
[3.921s] -- Up-to-date: /home/pheonix/ros2_ws/install/rcl_interfaces/include/rcl_interfaces/rcl_interfaces/srv/detail/set_parameters__rosidl_typesupport_fastrtps_c.h
[3.921s] -- Up-to-date: /home/pheonix/ros2_ws/install/rcl_interfaces/include/rcl_interfaces/rcl_interfaces/srv/detail/describe_parameters__rosidl_typesupport_fastrtps_c.h
[3.921s] -- Up-to-date: /home/pheonix/ros2_ws/install/rcl_interfaces/include/rcl_interfaces/rcl_interfaces/srv/detail/set_logger_levels__rosidl_typesupport_fastrtps_c.h
[3.921s] -- Up-to-date: /home/pheonix/ros2_ws/install/rcl_interfaces/include/rcl_interfaces/rcl_interfaces/srv/detail/get_parameter_types__rosidl_typesupport_fastrtps_c.h
[3.921s] -- Up-to-date: /home/pheonix/ros2_ws/install/rcl_interfaces/lib/librcl_interfaces__rosidl_typesupport_fastrtps_c.so
[3.921s] -- Up-to-date: /home/pheonix/ros2_ws/install/rcl_interfaces/include/rcl_interfaces/rcl_interfaces
[3.921s] -- Up-to-date: /home/pheonix/ros2_ws/install/rcl_interfaces/include/rcl_interfaces/rcl_interfaces/msg
[3.921s] -- Up-to-date: /home/pheonix/ros2_ws/install/rcl_interfaces/include/rcl_interfaces/rcl_interfaces/msg/detail
[3.921s] -- Installing: /home/pheonix/ros2_ws/install/rcl_interfaces/include/rcl_interfaces/rcl_interfaces/msg/detail/integer_range__type_support.c
[3.921s] -- Installing: /home/pheonix/ros2_ws/install/rcl_interfaces/include/rcl_interfaces/rcl_interfaces/msg/detail/parameter_event__type_support.c
[3.922s] -- Installing: /home/pheonix/ros2_ws/install/rcl_interfaces/include/rcl_interfaces/rcl_interfaces/msg/detail/set_parameters_result__type_support.c
[3.923s] -- Installing: /home/pheonix/ros2_ws/install/rcl_interfaces/include/rcl_interfaces/rcl_interfaces/msg/detail/logger_level__type_support.c
[3.925s] -- Up-to-date: /home/pheonix/ros2_ws/install/rcl_interfaces/include/rcl_interfaces/rcl_interfaces/msg/detail/parameter_event__rosidl_typesupport_introspection_c.h
[3.929s] -- Installing: /home/pheonix/ros2_ws/install/rcl_interfaces/include/rcl_interfaces/rcl_interfaces/msg/detail/parameter_type__type_support.c
[3.933s] -- Up-to-date: /home/pheonix/ros2_ws/install/rcl_interfaces/include/rcl_interfaces/rcl_interfaces/msg/detail/integer_range__rosidl_typesupport_introspection_c.h
[3.934s] -- Up-to-date: /home/pheonix/ros2_ws/install/rcl_interfaces/include/rcl_interfaces/rcl_interfaces/msg/detail/parameter_type__rosidl_typesupport_introspection_c.h
[3.935s] -- Up-to-date: /home/pheonix/ros2_ws/install/rcl_interfaces/include/rcl_interfaces/rcl_interfaces/msg/detail/set_parameters_result__rosidl_typesupport_introspection_c.h
[3.935s] -- Installing: /home/pheonix/ros2_ws/install/rcl_interfaces/include/rcl_interfaces/rcl_interfaces/msg/detail/log__type_support.c
[3.936s] -- Up-to-date: /home/pheonix/ros2_ws/install/rcl_interfaces/include/rcl_interfaces/rcl_interfaces/msg/detail/parameter_descriptor__rosidl_typesupport_introspection_c.h
[3.936s] -- Installing: /home/pheonix/ros2_ws/install/rcl_interfaces/include/rcl_interfaces/rcl_interfaces/msg/detail/parameter_event_descriptors__type_support.c
[3.937s] -- Installing: /home/pheonix/ros2_ws/install/rcl_interfaces/include/rcl_interfaces/rcl_interfaces/msg/detail/parameter_descriptor__type_support.c
[3.939s] -- Installing: /home/pheonix/ros2_ws/install/rcl_interfaces/include/rcl_interfaces/rcl_interfaces/msg/detail/list_parameters_result__type_support.c
[3.947s] -- Installing: /home/pheonix/ros2_ws/install/rcl_interfaces/include/rcl_interfaces/rcl_interfaces/msg/detail/set_logger_levels_result__type_support.c
[3.947s] -- Up-to-date: /home/pheonix/ros2_ws/install/rcl_interfaces/include/rcl_interfaces/rcl_interfaces/msg/detail/parameter_value__rosidl_typesupport_introspection_c.h
[3.947s] -- Up-to-date: /home/pheonix/ros2_ws/install/rcl_interfaces/include/rcl_interfaces/rcl_interfaces/msg/detail/parameter__rosidl_typesupport_introspection_c.h
[3.947s] -- Installing: /home/pheonix/ros2_ws/install/rcl_interfaces/include/rcl_interfaces/rcl_interfaces/msg/detail/parameter_value__type_support.c
[3.957s] -- Up-to-date: /home/pheonix/ros2_ws/install/rcl_interfaces/include/rcl_interfaces/rcl_interfaces/msg/detail/logger_level__rosidl_typesupport_introspection_c.h
[3.957s] -- Up-to-date: /home/pheonix/ros2_ws/install/rcl_interfaces/include/rcl_interfaces/rcl_interfaces/msg/detail/floating_point_range__rosidl_typesupport_introspection_c.h
[3.957s] -- Up-to-date: /home/pheonix/ros2_ws/install/rcl_interfaces/include/rcl_interfaces/rcl_interfaces/msg/detail/parameter_event_descriptors__rosidl_typesupport_introspection_c.h
[3.958s] -- Up-to-date: /home/pheonix/ros2_ws/install/rcl_interfaces/include/rcl_interfaces/rcl_interfaces/msg/detail/list_parameters_result__rosidl_typesupport_introspection_c.h
[3.958s] -- Installing: /home/pheonix/ros2_ws/install/rcl_interfaces/include/rcl_interfaces/rcl_interfaces/msg/detail/parameter__type_support.c
[3.959s] -- Up-to-date: /home/pheonix/ros2_ws/install/rcl_interfaces/include/rcl_interfaces/rcl_interfaces/msg/detail/log__rosidl_typesupport_introspection_c.h
[3.959s] -- Installing: /home/pheonix/ros2_ws/install/rcl_interfaces/include/rcl_interfaces/rcl_interfaces/msg/detail/floating_point_range__type_support.c
[3.968s] -- Up-to-date: /home/pheonix/ros2_ws/install/rcl_interfaces/include/rcl_interfaces/rcl_interfaces/msg/detail/set_logger_levels_result__rosidl_typesupport_introspection_c.h
[3.968s] -- Up-to-date: /home/pheonix/ros2_ws/install/rcl_interfaces/include/rcl_interfaces/rcl_interfaces/msg/rosidl_typesupport_introspection_c__visibility_control.h
[3.968s] -- Up-to-date: /home/pheonix/ros2_ws/install/rcl_interfaces/include/rcl_interfaces/rcl_interfaces/srv
[3.968s] -- Up-to-date: /home/pheonix/ros2_ws/install/rcl_interfaces/include/rcl_interfaces/rcl_interfaces/srv/detail
[3.968s] -- Installing: /home/pheonix/ros2_ws/install/rcl_interfaces/include/rcl_interfaces/rcl_interfaces/srv/detail/describe_parameters__type_support.c
[3.972s] -- Up-to-date: /home/pheonix/ros2_ws/install/rcl_interfaces/include/rcl_interfaces/rcl_interfaces/srv/detail/get_parameters__rosidl_typesupport_introspection_c.h
[3.972s] -- Installing: /home/pheonix/ros2_ws/install/rcl_interfaces/include/rcl_interfaces/rcl_interfaces/srv/detail/set_logger_levels__type_support.c
[3.972s] -- Installing: /home/pheonix/ros2_ws/install/rcl_interfaces/include/rcl_interfaces/rcl_interfaces/srv/detail/set_parameters_atomically__type_support.c
[3.979s] -- Up-to-date: /home/pheonix/ros2_ws/install/rcl_interfaces/include/rcl_interfaces/rcl_interfaces/srv/detail/describe_parameters__rosidl_typesupport_introspection_c.h
[3.979s] -- Up-to-date: /home/pheonix/ros2_ws/install/rcl_interfaces/include/rcl_interfaces/rcl_interfaces/srv/detail/set_parameters_atomically__rosidl_typesupport_introspection_c.h
[3.979s] -- Installing: /home/pheonix/ros2_ws/install/rcl_interfaces/include/rcl_interfaces/rcl_interfaces/srv/detail/get_parameter_types__type_support.c
[3.981s] -- Up-to-date: /home/pheonix/ros2_ws/install/rcl_interfaces/include/rcl_interfaces/rcl_interfaces/srv/detail/set_parameters__rosidl_typesupport_introspection_c.h
[3.981s] -- Up-to-date: /home/pheonix/ros2_ws/install/rcl_interfaces/include/rcl_interfaces/rcl_interfaces/srv/detail/list_parameters__rosidl_typesupport_introspection_c.h
[3.981s] -- Installing: /home/pheonix/ros2_ws/install/rcl_interfaces/include/rcl_interfaces/rcl_interfaces/srv/detail/set_parameters__type_support.c
[3.981s] -- Installing: /home/pheonix/ros2_ws/install/rcl_interfaces/include/rcl_interfaces/rcl_interfaces/srv/detail/get_logger_levels__type_support.c
[3.984s] -- Installing: /home/pheonix/ros2_ws/install/rcl_interfaces/include/rcl_interfaces/rcl_interfaces/srv/detail/list_parameters__type_support.c
[3.987s] -- Up-to-date: /home/pheonix/ros2_ws/install/rcl_interfaces/include/rcl_interfaces/rcl_interfaces/srv/detail/set_logger_levels__rosidl_typesupport_introspection_c.h
[3.987s] -- Up-to-date: /home/pheonix/ros2_ws/install/rcl_interfaces/include/rcl_interfaces/rcl_interfaces/srv/detail/get_parameter_types__rosidl_typesupport_introspection_c.h
[3.987s] -- Installing: /home/pheonix/ros2_ws/install/rcl_interfaces/include/rcl_interfaces/rcl_interfaces/srv/detail/get_parameters__type_support.c
[3.992s] -- Up-to-date: /home/pheonix/ros2_ws/install/rcl_interfaces/include/rcl_interfaces/rcl_interfaces/srv/detail/get_logger_levels__rosidl_typesupport_introspection_c.h
[3.994s] -- Up-to-date: /home/pheonix/ros2_ws/install/rcl_interfaces/lib/librcl_interfaces__rosidl_typesupport_introspection_c.so
[4.004s] -- Up-to-date: /home/pheonix/ros2_ws/install/rcl_interfaces/lib/librcl_interfaces__rosidl_typesupport_c.so
[4.004s] -- Up-to-date: /home/pheonix/ros2_ws/install/rcl_interfaces/include/rcl_interfaces/rcl_interfaces
[4.004s] -- Up-to-date: /home/pheonix/ros2_ws/install/rcl_interfaces/include/rcl_interfaces/rcl_interfaces/msg
[4.004s] -- Up-to-date: /home/pheonix/ros2_ws/install/rcl_interfaces/include/rcl_interfaces/rcl_interfaces/msg/floating_point_range.hpp
[4.004s] -- Up-to-date: /home/pheonix/ros2_ws/install/rcl_interfaces/include/rcl_interfaces/rcl_interfaces/msg/list_parameters_result.hpp
[4.004s] -- Up-to-date: /home/pheonix/ros2_ws/install/rcl_interfaces/include/rcl_interfaces/rcl_interfaces/msg/rosidl_generator_cpp__visibility_control.hpp
[4.004s] -- Up-to-date: /home/pheonix/ros2_ws/install/rcl_interfaces/include/rcl_interfaces/rcl_interfaces/msg/parameter_event.hpp
[4.004s] -- Up-to-date: /home/pheonix/ros2_ws/install/rcl_interfaces/include/rcl_interfaces/rcl_interfaces/msg/parameter.hpp
[4.004s] -- Up-to-date: /home/pheonix/ros2_ws/install/rcl_interfaces/include/rcl_interfaces/rcl_interfaces/msg/integer_range.hpp
[4.004s] -- Up-to-date: /home/pheonix/ros2_ws/install/rcl_interfaces/include/rcl_interfaces/rcl_interfaces/msg/detail
[4.004s] -- Up-to-date: /home/pheonix/ros2_ws/install/rcl_interfaces/include/rcl_interfaces/rcl_interfaces/msg/detail/parameter__builder.hpp
[4.004s] -- Up-to-date: /home/pheonix/ros2_ws/install/rcl_interfaces/include/rcl_interfaces/rcl_interfaces/msg/detail/floating_point_range__builder.hpp
[4.004s] -- Up-to-date: /home/pheonix/ros2_ws/install/rcl_interfaces/include/rcl_interfaces/rcl_interfaces/msg/detail/parameter_type__struct.hpp
[4.005s] -- Up-to-date: /home/pheonix/ros2_ws/install/rcl_interfaces/include/rcl_interfaces/rcl_interfaces/msg/detail/parameter_descriptor__type_support.hpp
[4.005s] -- Up-to-date: /home/pheonix/ros2_ws/install/rcl_interfaces/include/rcl_interfaces/rcl_interfaces/msg/detail/integer_range__type_support.hpp
[4.005s] -- Up-to-date: /home/pheonix/ros2_ws/install/rcl_interfaces/include/rcl_interfaces/rcl_interfaces/msg/detail/floating_point_range__struct.hpp
[4.005s] -- Up-to-date: /home/pheonix/ros2_ws/install/rcl_interfaces/include/rcl_interfaces/rcl_interfaces/msg/detail/parameter_descriptor__builder.hpp
[4.005s] -- Up-to-date: /home/pheonix/ros2_ws/install/rcl_interfaces/include/rcl_interfaces/rcl_interfaces/msg/detail/set_parameters_result__type_support.hpp
[4.005s] -- Up-to-date: /home/pheonix/ros2_ws/install/rcl_interfaces/include/rcl_interfaces/rcl_interfaces/msg/detail/parameter_event_descriptors__builder.hpp
[4.005s] -- Up-to-date: /home/pheonix/ros2_ws/install/rcl_interfaces/include/rcl_interfaces/rcl_interfaces/msg/detail/set_parameters_result__builder.hpp
[4.005s] -- Up-to-date: /home/pheonix/ros2_ws/install/rcl_interfaces/include/rcl_interfaces/rcl_interfaces/msg/detail/set_logger_levels_result__builder.hpp
[4.005s] -- Up-to-date: /home/pheonix/ros2_ws/install/rcl_interfaces/include/rcl_interfaces/rcl_interfaces/msg/detail/parameter_event__traits.hpp
[4.005s] -- Up-to-date: /home/pheonix/ros2_ws/install/rcl_interfaces/include/rcl_interfaces/rcl_interfaces/msg/detail/logger_level__type_support.hpp
[4.005s] -- Up-to-date: /home/pheonix/ros2_ws/install/rcl_interfaces/include/rcl_interfaces/rcl_interfaces/msg/detail/log__struct.hpp
[4.005s] -- Up-to-date: /home/pheonix/ros2_ws/install/rcl_interfaces/include/rcl_interfaces/rcl_interfaces/msg/detail/parameter_event__struct.hpp
[4.005s] -- Up-to-date: /home/pheonix/ros2_ws/install/rcl_interfaces/include/rcl_interfaces/rcl_interfaces/msg/detail/set_parameters_result__struct.hpp
[4.005s] -- Up-to-date: /home/pheonix/ros2_ws/install/rcl_interfaces/include/rcl_interfaces/rcl_interfaces/msg/detail/list_parameters_result__traits.hpp
[4.005s] -- Up-to-date: /home/pheonix/ros2_ws/install/rcl_interfaces/include/rcl_interfaces/rcl_interfaces/msg/detail/parameter__struct.hpp
[4.005s] -- Up-to-date: /home/pheonix/ros2_ws/install/rcl_interfaces/include/rcl_interfaces/rcl_interfaces/msg/detail/floating_point_range__type_support.hpp
[4.005s] -- Up-to-date: /home/pheonix/ros2_ws/install/rcl_interfaces/include/rcl_interfaces/rcl_interfaces/msg/detail/set_logger_levels_result__type_support.hpp
[4.005s] -- Up-to-date: /home/pheonix/ros2_ws/install/rcl_interfaces/include/rcl_interfaces/rcl_interfaces/msg/detail/logger_level__builder.hpp
[4.016s] -- Up-to-date: /home/pheonix/ros2_ws/install/rcl_interfaces/include/rcl_interfaces/rcl_interfaces/msg/detail/parameter_value__struct.hpp
[4.016s] -- Up-to-date: /home/pheonix/ros2_ws/install/rcl_interfaces/include/rcl_interfaces/rcl_interfaces/msg/detail/parameter_event__builder.hpp
[4.016s] -- Up-to-date: /home/pheonix/ros2_ws/install/rcl_interfaces/include/rcl_interfaces/rcl_interfaces/msg/detail/parameter__type_support.hpp
[4.016s] -- Up-to-date: /home/pheonix/ros2_ws/install/rcl_interfaces/include/rcl_interfaces/rcl_interfaces/msg/detail/parameter_event_descriptors__struct.hpp
[4.016s] -- Up-to-date: /home/pheonix/ros2_ws/install/rcl_interfaces/include/rcl_interfaces/rcl_interfaces/msg/detail/logger_level__traits.hpp
[4.016s] -- Up-to-date: /home/pheonix/ros2_ws/install/rcl_interfaces/include/rcl_interfaces/rcl_interfaces/msg/detail/list_parameters_result__struct.hpp
[4.016s] -- Up-to-date: /home/pheonix/ros2_ws/install/rcl_interfaces/include/rcl_interfaces/rcl_interfaces/msg/detail/list_parameters_result__type_support.hpp
[4.037s] -- Up-to-date: /home/pheonix/ros2_ws/install/rcl_interfaces/include/rcl_interfaces/rcl_interfaces/msg/detail/floating_point_range__traits.hpp
[4.038s] -- Up-to-date: /home/pheonix/ros2_ws/install/rcl_interfaces/include/rcl_interfaces/rcl_interfaces/msg/detail/parameter_event_descriptors__type_support.hpp
[4.038s] -- Up-to-date: /home/pheonix/ros2_ws/install/rcl_interfaces/include/rcl_interfaces/rcl_interfaces/msg/detail/parameter_descriptor__traits.hpp
[4.038s] -- Up-to-date: /home/pheonix/ros2_ws/install/rcl_interfaces/include/rcl_interfaces/rcl_interfaces/msg/detail/parameter__traits.hpp
[4.038s] -- Up-to-date: /home/pheonix/ros2_ws/install/rcl_interfaces/include/rcl_interfaces/rcl_interfaces/msg/detail/log__builder.hpp
[4.038s] -- Up-to-date: /home/pheonix/ros2_ws/install/rcl_interfaces/include/rcl_interfaces/rcl_interfaces/msg/detail/parameter_value__traits.hpp
[4.038s] -- Up-to-date: /home/pheonix/ros2_ws/install/rcl_interfaces/include/rcl_interfaces/rcl_interfaces/msg/detail/parameter_value__type_support.hpp
[4.038s] -- Up-to-date: /home/pheonix/ros2_ws/install/rcl_interfaces/include/rcl_interfaces/rcl_interfaces/msg/detail/set_logger_levels_result__struct.hpp
[4.038s] -- Up-to-date: /home/pheonix/ros2_ws/install/rcl_interfaces/include/rcl_interfaces/rcl_interfaces/msg/detail/parameter_event_descriptors__traits.hpp
[4.038s] -- Up-to-date: /home/pheonix/ros2_ws/install/rcl_interfaces/include/rcl_interfaces/rcl_interfaces/msg/detail/parameter_type__type_support.hpp
[4.038s] -- Up-to-date: /home/pheonix/ros2_ws/install/rcl_interfaces/include/rcl_interfaces/rcl_interfaces/msg/detail/set_parameters_result__traits.hpp
[4.039s] -- Up-to-date: /home/pheonix/ros2_ws/install/rcl_interfaces/include/rcl_interfaces/rcl_interfaces/msg/detail/logger_level__struct.hpp
[4.039s] -- Up-to-date: /home/pheonix/ros2_ws/install/rcl_interfaces/include/rcl_interfaces/rcl_interfaces/msg/detail/integer_range__traits.hpp
[4.039s] -- Up-to-date: /home/pheonix/ros2_ws/install/rcl_interfaces/include/rcl_interfaces/rcl_interfaces/msg/detail/integer_range__struct.hpp
[4.039s] -- Up-to-date: /home/pheonix/ros2_ws/install/rcl_interfaces/include/rcl_interfaces/rcl_interfaces/msg/detail/log__type_support.hpp
[4.039s] -- Up-to-date: /home/pheonix/ros2_ws/install/rcl_interfaces/include/rcl_interfaces/rcl_interfaces/msg/detail/integer_range__builder.hpp
[4.039s] -- Up-to-date: /home/pheonix/ros2_ws/install/rcl_interfaces/include/rcl_interfaces/rcl_interfaces/msg/detail/set_logger_levels_result__traits.hpp
[4.039s] -- Up-to-date: /home/pheonix/ros2_ws/install/rcl_interfaces/include/rcl_interfaces/rcl_interfaces/msg/detail/parameter_value__builder.hpp
[4.039s] -- Up-to-date: /home/pheonix/ros2_ws/install/rcl_interfaces/include/rcl_interfaces/rcl_interfaces/msg/detail/list_parameters_result__builder.hpp
[4.039s] -- Up-to-date: /home/pheonix/ros2_ws/install/rcl_interfaces/include/rcl_interfaces/rcl_interfaces/msg/detail/parameter_event__type_support.hpp
[4.039s] -- Up-to-date: /home/pheonix/ros2_ws/install/rcl_interfaces/include/rcl_interfaces/rcl_interfaces/msg/detail/parameter_type__traits.hpp
[4.039s] -- Up-to-date: /home/pheonix/ros2_ws/install/rcl_interfaces/include/rcl_interfaces/rcl_interfaces/msg/detail/parameter_type__builder.hpp
[4.039s] -- Up-to-date: /home/pheonix/ros2_ws/install/rcl_interfaces/include/rcl_interfaces/rcl_interfaces/msg/detail/log__traits.hpp
[4.039s] -- Up-to-date: /home/pheonix/ros2_ws/install/rcl_interfaces/include/rcl_interfaces/rcl_interfaces/msg/detail/parameter_descriptor__struct.hpp
[4.039s] -- Up-to-date: /home/pheonix/ros2_ws/install/rcl_interfaces/include/rcl_interfaces/rcl_interfaces/msg/parameter_descriptor.hpp
[4.039s] -- Up-to-date: /home/pheonix/ros2_ws/install/rcl_interfaces/include/rcl_interfaces/rcl_interfaces/msg/set_parameters_result.hpp
[4.039s] -- Up-to-date: /home/pheonix/ros2_ws/install/rcl_interfaces/include/rcl_interfaces/rcl_interfaces/msg/parameter_type.hpp
[4.039s] -- Up-to-date: /home/pheonix/ros2_ws/install/rcl_interfaces/include/rcl_interfaces/rcl_interfaces/msg/set_logger_levels_result.hpp
[4.039s] -- Up-to-date: /home/pheonix/ros2_ws/install/rcl_interfaces/include/rcl_interfaces/rcl_interfaces/msg/parameter_event_descriptors.hpp
[4.039s] -- Up-to-date: /home/pheonix/ros2_ws/install/rcl_interfaces/include/rcl_interfaces/rcl_interfaces/msg/log.hpp
[4.047s] -- Up-to-date: /home/pheonix/ros2_ws/install/rcl_interfaces/include/rcl_interfaces/rcl_interfaces/msg/logger_level.hpp
[4.047s] -- Up-to-date: /home/pheonix/ros2_ws/install/rcl_interfaces/include/rcl_interfaces/rcl_interfaces/msg/parameter_value.hpp
[4.047s] -- Up-to-date: /home/pheonix/ros2_ws/install/rcl_interfaces/include/rcl_interfaces/rcl_interfaces/srv
[4.047s] -- Up-to-date: /home/pheonix/ros2_ws/install/rcl_interfaces/include/rcl_interfaces/rcl_interfaces/srv/get_parameters.hpp
[4.047s] -- Up-to-date: /home/pheonix/ros2_ws/install/rcl_interfaces/include/rcl_interfaces/rcl_interfaces/srv/set_parameters.hpp
[4.047s] -- Up-to-date: /home/pheonix/ros2_ws/install/rcl_interfaces/include/rcl_interfaces/rcl_interfaces/srv/get_logger_levels.hpp
[4.047s] -- Up-to-date: /home/pheonix/ros2_ws/install/rcl_interfaces/include/rcl_interfaces/rcl_interfaces/srv/describe_parameters.hpp
[4.047s] -- Up-to-date: /home/pheonix/ros2_ws/install/rcl_interfaces/include/rcl_interfaces/rcl_interfaces/srv/detail
[4.047s] -- Up-to-date: /home/pheonix/ros2_ws/install/rcl_interfaces/include/rcl_interfaces/rcl_interfaces/srv/detail/get_parameters__type_support.hpp
[4.047s] -- Up-to-date: /home/pheonix/ros2_ws/install/rcl_interfaces/include/rcl_interfaces/rcl_interfaces/srv/detail/set_parameters_atomically__traits.hpp
[4.047s] -- Up-to-date: /home/pheonix/ros2_ws/install/rcl_interfaces/include/rcl_interfaces/rcl_interfaces/srv/detail/get_parameter_types__type_support.hpp
[4.047s] -- Up-to-date: /home/pheonix/ros2_ws/install/rcl_interfaces/include/rcl_interfaces/rcl_interfaces/srv/detail/get_parameter_types__struct.hpp
[4.047s] -- Up-to-date: /home/pheonix/ros2_ws/install/rcl_interfaces/include/rcl_interfaces/rcl_interfaces/srv/detail/list_parameters__struct.hpp
[4.047s] -- Up-to-date: /home/pheonix/ros2_ws/install/rcl_interfaces/include/rcl_interfaces/rcl_interfaces/srv/detail/get_logger_levels__struct.hpp
[4.047s] -- Up-to-date: /home/pheonix/ros2_ws/install/rcl_interfaces/include/rcl_interfaces/rcl_interfaces/srv/detail/describe_parameters__struct.hpp
[4.047s] -- Up-to-date: /home/pheonix/ros2_ws/install/rcl_interfaces/include/rcl_interfaces/rcl_interfaces/srv/detail/describe_parameters__traits.hpp
[4.047s] -- Up-to-date: /home/pheonix/ros2_ws/install/rcl_interfaces/include/rcl_interfaces/rcl_interfaces/srv/detail/get_parameters__builder.hpp
[4.047s] -- Up-to-date: /home/pheonix/ros2_ws/install/rcl_interfaces/include/rcl_interfaces/rcl_interfaces/srv/detail/set_parameters_atomically__builder.hpp
[4.047s] -- Up-to-date: /home/pheonix/ros2_ws/install/rcl_interfaces/include/rcl_interfaces/rcl_interfaces/srv/detail/get_parameters__struct.hpp
[4.047s] -- Up-to-date: /home/pheonix/ros2_ws/install/rcl_interfaces/include/rcl_interfaces/rcl_interfaces/srv/detail/describe_parameters__type_support.hpp
[4.047s] -- Up-to-date: /home/pheonix/ros2_ws/install/rcl_interfaces/include/rcl_interfaces/rcl_interfaces/srv/detail/set_parameters__type_support.hpp
[4.047s] -- Up-to-date: /home/pheonix/ros2_ws/install/rcl_interfaces/include/rcl_interfaces/rcl_interfaces/srv/detail/list_parameters__traits.hpp
[4.047s] -- Up-to-date: /home/pheonix/ros2_ws/install/rcl_interfaces/include/rcl_interfaces/rcl_interfaces/srv/detail/get_logger_levels__type_support.hpp
[4.047s] -- Up-to-date: /home/pheonix/ros2_ws/install/rcl_interfaces/include/rcl_interfaces/rcl_interfaces/srv/detail/set_logger_levels__builder.hpp
[4.047s] -- Up-to-date: /home/pheonix/ros2_ws/install/rcl_interfaces/include/rcl_interfaces/rcl_interfaces/srv/detail/get_logger_levels__traits.hpp
[4.047s] -- Up-to-date: /home/pheonix/ros2_ws/install/rcl_interfaces/include/rcl_interfaces/rcl_interfaces/srv/detail/set_logger_levels__traits.hpp
[4.047s] -- Up-to-date: /home/pheonix/ros2_ws/install/rcl_interfaces/include/rcl_interfaces/rcl_interfaces/srv/detail/get_parameters__traits.hpp
[4.047s] -- Up-to-date: /home/pheonix/ros2_ws/install/rcl_interfaces/include/rcl_interfaces/rcl_interfaces/srv/detail/set_logger_levels__struct.hpp
[4.047s] -- Up-to-date: /home/pheonix/ros2_ws/install/rcl_interfaces/include/rcl_interfaces/rcl_interfaces/srv/detail/describe_parameters__builder.hpp
[4.047s] -- Up-to-date: /home/pheonix/ros2_ws/install/rcl_interfaces/include/rcl_interfaces/rcl_interfaces/srv/detail/get_logger_levels__builder.hpp
[4.047s] -- Up-to-date: /home/pheonix/ros2_ws/install/rcl_interfaces/include/rcl_interfaces/rcl_interfaces/srv/detail/set_logger_levels__type_support.hpp
[4.048s] -- Up-to-date: /home/pheonix/ros2_ws/install/rcl_interfaces/include/rcl_interfaces/rcl_interfaces/srv/detail/set_parameters_atomically__type_support.hpp
[4.048s] -- Up-to-date: /home/pheonix/ros2_ws/install/rcl_interfaces/include/rcl_interfaces/rcl_interfaces/srv/detail/list_parameters__type_support.hpp
[4.048s] -- Up-to-date: /home/pheonix/ros2_ws/install/rcl_interfaces/include/rcl_interfaces/rcl_interfaces/srv/detail/set_parameters__struct.hpp
[4.048s] -- Up-to-date: /home/pheonix/ros2_ws/install/rcl_interfaces/include/rcl_interfaces/rcl_interfaces/srv/detail/set_parameters_atomically__struct.hpp
[4.048s] -- Up-to-date: /home/pheonix/ros2_ws/install/rcl_interfaces/include/rcl_interfaces/rcl_interfaces/srv/detail/list_parameters__builder.hpp
[4.048s] -- Up-to-date: /home/pheonix/ros2_ws/install/rcl_interfaces/include/rcl_interfaces/rcl_interfaces/srv/detail/set_parameters__builder.hpp
[4.048s] -- Up-to-date: /home/pheonix/ros2_ws/install/rcl_interfaces/include/rcl_interfaces/rcl_interfaces/srv/detail/set_parameters__traits.hpp
[4.048s] -- Up-to-date: /home/pheonix/ros2_ws/install/rcl_interfaces/include/rcl_interfaces/rcl_interfaces/srv/detail/get_parameter_types__traits.hpp
[4.048s] -- Up-to-date: /home/pheonix/ros2_ws/install/rcl_interfaces/include/rcl_interfaces/rcl_interfaces/srv/detail/get_parameter_types__builder.hpp
[4.048s] -- Up-to-date: /home/pheonix/ros2_ws/install/rcl_interfaces/include/rcl_interfaces/rcl_interfaces/srv/list_parameters.hpp
[4.048s] -- Up-to-date: /home/pheonix/ros2_ws/install/rcl_interfaces/include/rcl_interfaces/rcl_interfaces/srv/set_parameters_atomically.hpp
[4.048s] -- Up-to-date: /home/pheonix/ros2_ws/install/rcl_interfaces/include/rcl_interfaces/rcl_interfaces/srv/set_logger_levels.hpp
[4.048s] -- Up-to-date: /home/pheonix/ros2_ws/install/rcl_interfaces/include/rcl_interfaces/rcl_interfaces/srv/get_parameter_types.hpp
[4.048s] -- Up-to-date: /home/pheonix/ros2_ws/install/rcl_interfaces/include/rcl_interfaces/rcl_interfaces
[4.048s] -- Up-to-date: /home/pheonix/ros2_ws/install/rcl_interfaces/include/rcl_interfaces/rcl_interfaces/msg
[4.048s] -- Up-to-date: /home/pheonix/ros2_ws/install/rcl_interfaces/include/rcl_interfaces/rcl_interfaces/msg/detail
[4.048s] -- Up-to-date: /home/pheonix/ros2_ws/install/rcl_interfaces/include/rcl_interfaces/rcl_interfaces/msg/detail/list_parameters_result__rosidl_typesupport_fastrtps_cpp.hpp
[4.048s] -- Up-to-date: /home/pheonix/ros2_ws/install/rcl_interfaces/include/rcl_interfaces/rcl_interfaces/msg/detail/parameter__rosidl_typesupport_fastrtps_cpp.hpp
[4.048s] -- Up-to-date: /home/pheonix/ros2_ws/install/rcl_interfaces/include/rcl_interfaces/rcl_interfaces/msg/detail/log__rosidl_typesupport_fastrtps_cpp.hpp
[4.048s] -- Up-to-date: /home/pheonix/ros2_ws/install/rcl_interfaces/include/rcl_interfaces/rcl_interfaces/msg/detail/integer_range__rosidl_typesupport_fastrtps_cpp.hpp
[4.048s] -- Up-to-date: /home/pheonix/ros2_ws/install/rcl_interfaces/include/rcl_interfaces/rcl_interfaces/msg/detail/dds_fastrtps
[4.048s] -- Up-to-date: /home/pheonix/ros2_ws/install/rcl_interfaces/include/rcl_interfaces/rcl_interfaces/msg/detail/parameter_type__rosidl_typesupport_fastrtps_cpp.hpp
[4.048s] -- Up-to-date: /home/pheonix/ros2_ws/install/rcl_interfaces/include/rcl_interfaces/rcl_interfaces/msg/detail/floating_point_range__rosidl_typesupport_fastrtps_cpp.hpp
[4.048s] -- Up-to-date: /home/pheonix/ros2_ws/install/rcl_interfaces/include/rcl_interfaces/rcl_interfaces/msg/detail/logger_level__rosidl_typesupport_fastrtps_cpp.hpp
[4.048s] -- Up-to-date: /home/pheonix/ros2_ws/install/rcl_interfaces/include/rcl_interfaces/rcl_interfaces/msg/detail/parameter_event__rosidl_typesupport_fastrtps_cpp.hpp
[4.048s] -- Up-to-date: /home/pheonix/ros2_ws/install/rcl_interfaces/include/rcl_interfaces/rcl_interfaces/msg/detail/set_parameters_result__rosidl_typesupport_fastrtps_cpp.hpp
[4.048s] -- Up-to-date: /home/pheonix/ros2_ws/install/rcl_interfaces/include/rcl_interfaces/rcl_interfaces/msg/detail/set_logger_levels_result__rosidl_typesupport_fastrtps_cpp.hpp
[4.048s] -- Up-to-date: /home/pheonix/ros2_ws/install/rcl_interfaces/include/rcl_interfaces/rcl_interfaces/msg/detail/parameter_event_descriptors__rosidl_typesupport_fastrtps_cpp.hpp
[4.048s] -- Up-to-date: /home/pheonix/ros2_ws/install/rcl_interfaces/include/rcl_interfaces/rcl_interfaces/msg/detail/parameter_value__rosidl_typesupport_fastrtps_cpp.hpp
[4.048s] -- Up-to-date: /home/pheonix/ros2_ws/install/rcl_interfaces/include/rcl_interfaces/rcl_interfaces/msg/detail/parameter_descriptor__rosidl_typesupport_fastrtps_cpp.hpp
[4.048s] -- Up-to-date: /home/pheonix/ros2_ws/install/rcl_interfaces/include/rcl_interfaces/rcl_interfaces/msg/rosidl_typesupport_fastrtps_cpp__visibility_control.h
[4.048s] -- Up-to-date: /home/pheonix/ros2_ws/install/rcl_interfaces/include/rcl_interfaces/rcl_interfaces/srv
[4.048s] -- Up-to-date: /home/pheonix/ros2_ws/install/rcl_interfaces/include/rcl_interfaces/rcl_interfaces/srv/detail
[4.048s] -- Up-to-date: /home/pheonix/ros2_ws/install/rcl_interfaces/include/rcl_interfaces/rcl_interfaces/srv/detail/dds_fastrtps
[4.048s] -- Up-to-date: /home/pheonix/ros2_ws/install/rcl_interfaces/include/rcl_interfaces/rcl_interfaces/srv/detail/describe_parameters__rosidl_typesupport_fastrtps_cpp.hpp
[4.048s] -- Up-to-date: /home/pheonix/ros2_ws/install/rcl_interfaces/include/rcl_interfaces/rcl_interfaces/srv/detail/list_parameters__rosidl_typesupport_fastrtps_cpp.hpp
[4.048s] -- Up-to-date: /home/pheonix/ros2_ws/install/rcl_interfaces/include/rcl_interfaces/rcl_interfaces/srv/detail/set_parameters_atomically__rosidl_typesupport_fastrtps_cpp.hpp
[4.048s] -- Up-to-date: /home/pheonix/ros2_ws/install/rcl_interfaces/include/rcl_interfaces/rcl_interfaces/srv/detail/get_parameter_types__rosidl_typesupport_fastrtps_cpp.hpp
[4.048s] -- Up-to-date: /home/pheonix/ros2_ws/install/rcl_interfaces/include/rcl_interfaces/rcl_interfaces/srv/detail/set_parameters__rosidl_typesupport_fastrtps_cpp.hpp
[4.048s] -- Up-to-date: /home/pheonix/ros2_ws/install/rcl_interfaces/include/rcl_interfaces/rcl_interfaces/srv/detail/set_logger_levels__rosidl_typesupport_fastrtps_cpp.hpp
[4.049s] -- Up-to-date: /home/pheonix/ros2_ws/install/rcl_interfaces/include/rcl_interfaces/rcl_interfaces/srv/detail/get_parameters__rosidl_typesupport_fastrtps_cpp.hpp
[4.049s] -- Up-to-date: /home/pheonix/ros2_ws/install/rcl_interfaces/include/rcl_interfaces/rcl_interfaces/srv/detail/get_logger_levels__rosidl_typesupport_fastrtps_cpp.hpp
[4.049s] -- Up-to-date: /home/pheonix/ros2_ws/install/rcl_interfaces/lib/librcl_interfaces__rosidl_typesupport_fastrtps_cpp.so
[4.049s] -- Up-to-date: /home/pheonix/ros2_ws/install/rcl_interfaces/include/rcl_interfaces/rcl_interfaces
[4.049s] -- Up-to-date: /home/pheonix/ros2_ws/install/rcl_interfaces/include/rcl_interfaces/rcl_interfaces/msg
[4.049s] -- Up-to-date: /home/pheonix/ros2_ws/install/rcl_interfaces/include/rcl_interfaces/rcl_interfaces/msg/detail
[4.049s] -- Up-to-date: /home/pheonix/ros2_ws/install/rcl_interfaces/include/rcl_interfaces/rcl_interfaces/msg/detail/floating_point_range__rosidl_typesupport_introspection_cpp.hpp
[4.049s] -- Up-to-date: /home/pheonix/ros2_ws/install/rcl_interfaces/include/rcl_interfaces/rcl_interfaces/msg/detail/parameter_event_descriptors__rosidl_typesupport_introspection_cpp.hpp
[4.049s] -- Up-to-date: /home/pheonix/ros2_ws/install/rcl_interfaces/include/rcl_interfaces/rcl_interfaces/msg/detail/integer_range__rosidl_typesupport_introspection_cpp.hpp
[4.049s] -- Up-to-date: /home/pheonix/ros2_ws/install/rcl_interfaces/include/rcl_interfaces/rcl_interfaces/msg/detail/parameter_descriptor__type_support.cpp
[4.049s] -- Up-to-date: /home/pheonix/ros2_ws/install/rcl_interfaces/include/rcl_interfaces/rcl_interfaces/msg/detail/log__rosidl_typesupport_introspection_cpp.hpp
[4.049s] -- Up-to-date: /home/pheonix/ros2_ws/install/rcl_interfaces/include/rcl_interfaces/rcl_interfaces/msg/detail/parameter__rosidl_typesupport_introspection_cpp.hpp
[4.049s] -- Up-to-date: /home/pheonix/ros2_ws/install/rcl_interfaces/include/rcl_interfaces/rcl_interfaces/msg/detail/parameter_value__type_support.cpp
[4.049s] -- Up-to-date: /home/pheonix/ros2_ws/install/rcl_interfaces/include/rcl_interfaces/rcl_interfaces/msg/detail/parameter__type_support.cpp
[4.049s] -- Up-to-date: /home/pheonix/ros2_ws/install/rcl_interfaces/include/rcl_interfaces/rcl_interfaces/msg/detail/logger_level__rosidl_typesupport_introspection_cpp.hpp
[4.049s] -- Up-to-date: /home/pheonix/ros2_ws/install/rcl_interfaces/include/rcl_interfaces/rcl_interfaces/msg/detail/list_parameters_result__type_support.cpp
[4.049s] -- Up-to-date: /home/pheonix/ros2_ws/install/rcl_interfaces/include/rcl_interfaces/rcl_interfaces/msg/detail/parameter_event__rosidl_typesupport_introspection_cpp.hpp
[4.049s] -- Up-to-date: /home/pheonix/ros2_ws/install/rcl_interfaces/include/rcl_interfaces/rcl_interfaces/msg/detail/parameter_event_descriptors__type_support.cpp
[4.049s] -- Up-to-date: /home/pheonix/ros2_ws/install/rcl_interfaces/include/rcl_interfaces/rcl_interfaces/msg/detail/parameter_descriptor__rosidl_typesupport_introspection_cpp.hpp
[4.049s] -- Up-to-date: /home/pheonix/ros2_ws/install/rcl_interfaces/include/rcl_interfaces/rcl_interfaces/msg/detail/parameter_value__rosidl_typesupport_introspection_cpp.hpp
[4.049s] -- Up-to-date: /home/pheonix/ros2_ws/install/rcl_interfaces/include/rcl_interfaces/rcl_interfaces/msg/detail/parameter_event__type_support.cpp
[4.049s] -- Up-to-date: /home/pheonix/ros2_ws/install/rcl_interfaces/include/rcl_interfaces/rcl_interfaces/msg/detail/set_parameters_result__type_support.cpp
[4.049s] -- Up-to-date: /home/pheonix/ros2_ws/install/rcl_interfaces/include/rcl_interfaces/rcl_interfaces/msg/detail/integer_range__type_support.cpp
[4.049s] -- Up-to-date: /home/pheonix/ros2_ws/install/rcl_interfaces/include/rcl_interfaces/rcl_interfaces/msg/detail/parameter_type__type_support.cpp
[4.049s] -- Up-to-date: /home/pheonix/ros2_ws/install/rcl_interfaces/include/rcl_interfaces/rcl_interfaces/msg/detail/set_logger_levels_result__type_support.cpp
[4.049s] -- Up-to-date: /home/pheonix/ros2_ws/install/rcl_interfaces/include/rcl_interfaces/rcl_interfaces/msg/detail/set_logger_levels_result__rosidl_typesupport_introspection_cpp.hpp
[4.049s] -- Up-to-date: /home/pheonix/ros2_ws/install/rcl_interfaces/include/rcl_interfaces/rcl_interfaces/msg/detail/list_parameters_result__rosidl_typesupport_introspection_cpp.hpp
[4.049s] -- Up-to-date: /home/pheonix/ros2_ws/install/rcl_interfaces/include/rcl_interfaces/rcl_interfaces/msg/detail/log__type_support.cpp
[4.049s] -- Up-to-date: /home/pheonix/ros2_ws/install/rcl_interfaces/include/rcl_interfaces/rcl_interfaces/msg/detail/parameter_type__rosidl_typesupport_introspection_cpp.hpp
[4.049s] -- Up-to-date: /home/pheonix/ros2_ws/install/rcl_interfaces/include/rcl_interfaces/rcl_interfaces/msg/detail/floating_point_range__type_support.cpp
[4.049s] -- Up-to-date: /home/pheonix/ros2_ws/install/rcl_interfaces/include/rcl_interfaces/rcl_interfaces/msg/detail/set_parameters_result__rosidl_typesupport_introspection_cpp.hpp
[4.049s] -- Up-to-date: /home/pheonix/ros2_ws/install/rcl_interfaces/include/rcl_interfaces/rcl_interfaces/msg/detail/logger_level__type_support.cpp
[4.049s] -- Up-to-date: /home/pheonix/ros2_ws/install/rcl_interfaces/include/rcl_interfaces/rcl_interfaces/srv
[4.049s] -- Up-to-date: /home/pheonix/ros2_ws/install/rcl_interfaces/include/rcl_interfaces/rcl_interfaces/srv/detail
[4.049s] -- Up-to-date: /home/pheonix/ros2_ws/install/rcl_interfaces/include/rcl_interfaces/rcl_interfaces/srv/detail/get_logger_levels__type_support.cpp
[4.049s] -- Up-to-date: /home/pheonix/ros2_ws/install/rcl_interfaces/include/rcl_interfaces/rcl_interfaces/srv/detail/get_logger_levels__rosidl_typesupport_introspection_cpp.hpp
[4.049s] -- Up-to-date: /home/pheonix/ros2_ws/install/rcl_interfaces/include/rcl_interfaces/rcl_interfaces/srv/detail/describe_parameters__rosidl_typesupport_introspection_cpp.hpp
[4.049s] -- Up-to-date: /home/pheonix/ros2_ws/install/rcl_interfaces/include/rcl_interfaces/rcl_interfaces/srv/detail/set_logger_levels__rosidl_typesupport_introspection_cpp.hpp
[4.049s] -- Up-to-date: /home/pheonix/ros2_ws/install/rcl_interfaces/include/rcl_interfaces/rcl_interfaces/srv/detail/get_parameter_types__rosidl_typesupport_introspection_cpp.hpp
[4.049s] -- Up-to-date: /home/pheonix/ros2_ws/install/rcl_interfaces/include/rcl_interfaces/rcl_interfaces/srv/detail/get_parameter_types__type_support.cpp
[4.049s] -- Up-to-date: /home/pheonix/ros2_ws/install/rcl_interfaces/include/rcl_interfaces/rcl_interfaces/srv/detail/set_parameters__rosidl_typesupport_introspection_cpp.hpp
[4.050s] -- Up-to-date: /home/pheonix/ros2_ws/install/rcl_interfaces/include/rcl_interfaces/rcl_interfaces/srv/detail/get_parameters__rosidl_typesupport_introspection_cpp.hpp
[4.050s] -- Up-to-date: /home/pheonix/ros2_ws/install/rcl_interfaces/include/rcl_interfaces/rcl_interfaces/srv/detail/get_parameters__type_support.cpp
[4.050s] -- Up-to-date: /home/pheonix/ros2_ws/install/rcl_interfaces/include/rcl_interfaces/rcl_interfaces/srv/detail/list_parameters__type_support.cpp
[4.050s] -- Up-to-date: /home/pheonix/ros2_ws/install/rcl_interfaces/include/rcl_interfaces/rcl_interfaces/srv/detail/describe_parameters__type_support.cpp
[4.050s] -- Up-to-date: /home/pheonix/ros2_ws/install/rcl_interfaces/include/rcl_interfaces/rcl_interfaces/srv/detail/set_parameters_atomically__rosidl_typesupport_introspection_cpp.hpp
[4.050s] -- Up-to-date: /home/pheonix/ros2_ws/install/rcl_interfaces/include/rcl_interfaces/rcl_interfaces/srv/detail/set_parameters_atomically__type_support.cpp
[4.050s] -- Up-to-date: /home/pheonix/ros2_ws/install/rcl_interfaces/include/rcl_interfaces/rcl_interfaces/srv/detail/set_logger_levels__type_support.cpp
[4.050s] -- Up-to-date: /home/pheonix/ros2_ws/install/rcl_interfaces/include/rcl_interfaces/rcl_interfaces/srv/detail/list_parameters__rosidl_typesupport_introspection_cpp.hpp
[4.050s] -- Up-to-date: /home/pheonix/ros2_ws/install/rcl_interfaces/include/rcl_interfaces/rcl_interfaces/srv/detail/set_parameters__type_support.cpp
[4.050s] -- Up-to-date: /home/pheonix/ros2_ws/install/rcl_interfaces/lib/librcl_interfaces__rosidl_typesupport_introspection_cpp.so
[4.050s] -- Up-to-date: /home/pheonix/ros2_ws/install/rcl_interfaces/lib/librcl_interfaces__rosidl_typesupport_cpp.so
[4.050s] -- Up-to-date: /home/pheonix/ros2_ws/install/rcl_interfaces/share/rcl_interfaces/environment/pythonpath.sh
[4.050s] -- Up-to-date: /home/pheonix/ros2_ws/install/rcl_interfaces/share/rcl_interfaces/environment/pythonpath.dsv
[4.050s] -- Up-to-date: /home/pheonix/ros2_ws/install/rcl_interfaces/lib/python3.12/site-packages/rcl_interfaces-2.2.0-py3.12.egg-info
[4.050s] -- Installing: /home/pheonix/ros2_ws/install/rcl_interfaces/lib/python3.12/site-packages/rcl_interfaces-2.2.0-py3.12.egg-info/SOURCES.txt
[4.050s] -- Installing: /home/pheonix/ros2_ws/install/rcl_interfaces/lib/python3.12/site-packages/rcl_interfaces-2.2.0-py3.12.egg-info/dependency_links.txt
[4.050s] -- Installing: /home/pheonix/ros2_ws/install/rcl_interfaces/lib/python3.12/site-packages/rcl_interfaces-2.2.0-py3.12.egg-info/PKG-INFO
[4.050s] -- Installing: /home/pheonix/ros2_ws/install/rcl_interfaces/lib/python3.12/site-packages/rcl_interfaces-2.2.0-py3.12.egg-info/top_level.txt
[4.050s] -- Up-to-date: /home/pheonix/ros2_ws/install/rcl_interfaces/lib/python3.12/site-packages/rcl_interfaces
[4.050s] -- Up-to-date: /home/pheonix/ros2_ws/install/rcl_interfaces/lib/python3.12/site-packages/rcl_interfaces/rcl_interfaces_s__rosidl_typesupport_introspection_c.so
[4.050s] -- Up-to-date: /home/pheonix/ros2_ws/install/rcl_interfaces/lib/python3.12/site-packages/rcl_interfaces/rcl_interfaces_s__rosidl_typesupport_c.so
[4.050s] -- Up-to-date: /home/pheonix/ros2_ws/install/rcl_interfaces/lib/python3.12/site-packages/rcl_interfaces/rcl_interfaces_s__rosidl_typesupport_fastrtps_c.so
[4.050s] -- Up-to-date: /home/pheonix/ros2_ws/install/rcl_interfaces/lib/python3.12/site-packages/rcl_interfaces/msg
[4.050s] -- Up-to-date: /home/pheonix/ros2_ws/install/rcl_interfaces/lib/python3.12/site-packages/rcl_interfaces/msg/_parameter_value.py
[4.056s] -- Up-to-date: /home/pheonix/ros2_ws/install/rcl_interfaces/lib/python3.12/site-packages/rcl_interfaces/msg/_logger_level.py
[4.057s] -- Up-to-date: /home/pheonix/ros2_ws/install/rcl_interfaces/lib/python3.12/site-packages/rcl_interfaces/msg/_parameter_value_s.c
[4.057s] -- Up-to-date: /home/pheonix/ros2_ws/install/rcl_interfaces/lib/python3.12/site-packages/rcl_interfaces/msg/_integer_range_s.c
[4.057s] -- Up-to-date: /home/pheonix/ros2_ws/install/rcl_interfaces/lib/python3.12/site-packages/rcl_interfaces/msg/_parameter_event_descriptors_s.c
[4.057s] -- Up-to-date: /home/pheonix/ros2_ws/install/rcl_interfaces/lib/python3.12/site-packages/rcl_interfaces/msg/_logger_level_s.c
[4.057s] -- Up-to-date: /home/pheonix/ros2_ws/install/rcl_interfaces/lib/python3.12/site-packages/rcl_interfaces/msg/_parameter_event_descriptors.py
[4.057s] -- Up-to-date: /home/pheonix/ros2_ws/install/rcl_interfaces/lib/python3.12/site-packages/rcl_interfaces/msg/_parameter_descriptor.py
[4.057s] -- Up-to-date: /home/pheonix/ros2_ws/install/rcl_interfaces/lib/python3.12/site-packages/rcl_interfaces/msg/_parameter.py
[4.057s] -- Up-to-date: /home/pheonix/ros2_ws/install/rcl_interfaces/lib/python3.12/site-packages/rcl_interfaces/msg/_list_parameters_result.py
[4.057s] -- Up-to-date: /home/pheonix/ros2_ws/install/rcl_interfaces/lib/python3.12/site-packages/rcl_interfaces/msg/_floating_point_range_s.c
[4.057s] -- Up-to-date: /home/pheonix/ros2_ws/install/rcl_interfaces/lib/python3.12/site-packages/rcl_interfaces/msg/_integer_range.py
[4.057s] -- Up-to-date: /home/pheonix/ros2_ws/install/rcl_interfaces/lib/python3.12/site-packages/rcl_interfaces/msg/_parameter_type.py
[4.057s] -- Up-to-date: /home/pheonix/ros2_ws/install/rcl_interfaces/lib/python3.12/site-packages/rcl_interfaces/msg/_set_logger_levels_result_s.c
[4.057s] -- Up-to-date: /home/pheonix/ros2_ws/install/rcl_interfaces/lib/python3.12/site-packages/rcl_interfaces/msg/_log_s.c
[4.057s] -- Up-to-date: /home/pheonix/ros2_ws/install/rcl_interfaces/lib/python3.12/site-packages/rcl_interfaces/msg/_parameter_event.py
[4.057s] -- Up-to-date: /home/pheonix/ros2_ws/install/rcl_interfaces/lib/python3.12/site-packages/rcl_interfaces/msg/_parameter_type_s.c
[4.057s] -- Up-to-date: /home/pheonix/ros2_ws/install/rcl_interfaces/lib/python3.12/site-packages/rcl_interfaces/msg/_set_parameters_result_s.c
[4.058s] -- Up-to-date: /home/pheonix/ros2_ws/install/rcl_interfaces/lib/python3.12/site-packages/rcl_interfaces/msg/_floating_point_range.py
[4.058s] -- Up-to-date: /home/pheonix/ros2_ws/install/rcl_interfaces/lib/python3.12/site-packages/rcl_interfaces/msg/_set_logger_levels_result.py
[4.058s] -- Up-to-date: /home/pheonix/ros2_ws/install/rcl_interfaces/lib/python3.12/site-packages/rcl_interfaces/msg/_list_parameters_result_s.c
[4.058s] -- Up-to-date: /home/pheonix/ros2_ws/install/rcl_interfaces/lib/python3.12/site-packages/rcl_interfaces/msg/_parameter_s.c
[4.058s] -- Up-to-date: /home/pheonix/ros2_ws/install/rcl_interfaces/lib/python3.12/site-packages/rcl_interfaces/msg/__init__.py
[4.058s] -- Up-to-date: /home/pheonix/ros2_ws/install/rcl_interfaces/lib/python3.12/site-packages/rcl_interfaces/msg/_set_parameters_result.py
[4.058s] -- Up-to-date: /home/pheonix/ros2_ws/install/rcl_interfaces/lib/python3.12/site-packages/rcl_interfaces/msg/_parameter_event_s.c
[4.058s] -- Up-to-date: /home/pheonix/ros2_ws/install/rcl_interfaces/lib/python3.12/site-packages/rcl_interfaces/msg/_parameter_descriptor_s.c
[4.058s] -- Up-to-date: /home/pheonix/ros2_ws/install/rcl_interfaces/lib/python3.12/site-packages/rcl_interfaces/msg/_log.py
[4.058s] -- Up-to-date: /home/pheonix/ros2_ws/install/rcl_interfaces/lib/python3.12/site-packages/rcl_interfaces/_rcl_interfaces_s.ep.rosidl_typesupport_c.c
[4.058s] -- Up-to-date: /home/pheonix/ros2_ws/install/rcl_interfaces/lib/python3.12/site-packages/rcl_interfaces/_rcl_interfaces_s.ep.rosidl_typesupport_introspection_c.c
[4.058s] -- Up-to-date: /home/pheonix/ros2_ws/install/rcl_interfaces/lib/python3.12/site-packages/rcl_interfaces/__init__.py
[4.058s] -- Up-to-date: /home/pheonix/ros2_ws/install/rcl_interfaces/lib/python3.12/site-packages/rcl_interfaces/_rcl_interfaces_s.ep.rosidl_typesupport_fastrtps_c.c
[4.058s] -- Up-to-date: /home/pheonix/ros2_ws/install/rcl_interfaces/lib/python3.12/site-packages/rcl_interfaces/srv
[4.058s] -- Up-to-date: /home/pheonix/ros2_ws/install/rcl_interfaces/lib/python3.12/site-packages/rcl_interfaces/srv/_set_parameters.py
[4.058s] -- Up-to-date: /home/pheonix/ros2_ws/install/rcl_interfaces/lib/python3.12/site-packages/rcl_interfaces/srv/_list_parameters.py
[4.058s] -- Up-to-date: /home/pheonix/ros2_ws/install/rcl_interfaces/lib/python3.12/site-packages/rcl_interfaces/srv/_get_parameters.py
[4.058s] -- Up-to-date: /home/pheonix/ros2_ws/install/rcl_interfaces/lib/python3.12/site-packages/rcl_interfaces/srv/_list_parameters_s.c
[4.058s] -- Up-to-date: /home/pheonix/ros2_ws/install/rcl_interfaces/lib/python3.12/site-packages/rcl_interfaces/srv/_set_parameters_s.c
[4.058s] -- Up-to-date: /home/pheonix/ros2_ws/install/rcl_interfaces/lib/python3.12/site-packages/rcl_interfaces/srv/_set_parameters_atomically.py
[4.058s] -- Up-to-date: /home/pheonix/ros2_ws/install/rcl_interfaces/lib/python3.12/site-packages/rcl_interfaces/srv/_get_logger_levels_s.c
[4.058s] -- Up-to-date: /home/pheonix/ros2_ws/install/rcl_interfaces/lib/python3.12/site-packages/rcl_interfaces/srv/_get_logger_levels.py
[4.058s] -- Up-to-date: /home/pheonix/ros2_ws/install/rcl_interfaces/lib/python3.12/site-packages/rcl_interfaces/srv/_set_logger_levels.py
[4.058s] -- Up-to-date: /home/pheonix/ros2_ws/install/rcl_interfaces/lib/python3.12/site-packages/rcl_interfaces/srv/_set_parameters_atomically_s.c
[4.062s] -- Up-to-date: /home/pheonix/ros2_ws/install/rcl_interfaces/lib/python3.12/site-packages/rcl_interfaces/srv/_describe_parameters.py
[4.062s] -- Up-to-date: /home/pheonix/ros2_ws/install/rcl_interfaces/lib/python3.12/site-packages/rcl_interfaces/srv/_get_parameter_types_s.c
[4.062s] -- Up-to-date: /home/pheonix/ros2_ws/install/rcl_interfaces/lib/python3.12/site-packages/rcl_interfaces/srv/_set_logger_levels_s.c
[4.062s] -- Up-to-date: /home/pheonix/ros2_ws/install/rcl_interfaces/lib/python3.12/site-packages/rcl_interfaces/srv/__init__.py
[4.062s] -- Up-to-date: /home/pheonix/ros2_ws/install/rcl_interfaces/lib/python3.12/site-packages/rcl_interfaces/srv/_describe_parameters_s.c
[4.062s] -- Up-to-date: /home/pheonix/ros2_ws/install/rcl_interfaces/lib/python3.12/site-packages/rcl_interfaces/srv/_get_parameters_s.c
[4.062s] -- Up-to-date: /home/pheonix/ros2_ws/install/rcl_interfaces/lib/python3.12/site-packages/rcl_interfaces/srv/_get_parameter_types.py
[4.085s] Listing '/home/pheonix/ros2_ws/install/rcl_interfaces/lib/python3.12/site-packages/rcl_interfaces'...
[4.088s] Listing '/home/pheonix/ros2_ws/install/rcl_interfaces/lib/python3.12/site-packages/rcl_interfaces/msg'...
[4.088s] Listing '/home/pheonix/ros2_ws/install/rcl_interfaces/lib/python3.12/site-packages/rcl_interfaces/srv'...
[4.096s] -- Up-to-date: /home/pheonix/ros2_ws/install/rcl_interfaces/lib/python3.12/site-packages/rcl_interfaces/rcl_interfaces_s__rosidl_typesupport_fastrtps_c.so
[4.097s] -- Up-to-date: /home/pheonix/ros2_ws/install/rcl_interfaces/lib/python3.12/site-packages/rcl_interfaces/rcl_interfaces_s__rosidl_typesupport_introspection_c.so
[4.097s] -- Up-to-date: /home/pheonix/ros2_ws/install/rcl_interfaces/lib/python3.12/site-packages/rcl_interfaces/rcl_interfaces_s__rosidl_typesupport_c.so
[4.098s] -- Up-to-date: /home/pheonix/ros2_ws/install/rcl_interfaces/lib/librcl_interfaces__rosidl_generator_py.so
[4.114s] -- Up-to-date: /home/pheonix/ros2_ws/install/rcl_interfaces/share/rcl_interfaces/msg/FloatingPointRange.idl
[4.115s] -- Up-to-date: /home/pheonix/ros2_ws/install/rcl_interfaces/share/rcl_interfaces/msg/IntegerRange.idl
[4.115s] -- Up-to-date: /home/pheonix/ros2_ws/install/rcl_interfaces/share/rcl_interfaces/msg/ListParametersResult.idl
[4.115s] -- Up-to-date: /home/pheonix/ros2_ws/install/rcl_interfaces/share/rcl_interfaces/msg/Log.idl
[4.115s] -- Up-to-date: /home/pheonix/ros2_ws/install/rcl_interfaces/share/rcl_interfaces/msg/ParameterDescriptor.idl
[4.115s] -- Up-to-date: /home/pheonix/ros2_ws/install/rcl_interfaces/share/rcl_interfaces/msg/ParameterEventDescriptors.idl
[4.115s] -- Up-to-date: /home/pheonix/ros2_ws/install/rcl_interfaces/share/rcl_interfaces/msg/ParameterEvent.idl
[4.115s] -- Up-to-date: /home/pheonix/ros2_ws/install/rcl_interfaces/share/rcl_interfaces/msg/Parameter.idl
[4.115s] -- Up-to-date: /home/pheonix/ros2_ws/install/rcl_interfaces/share/rcl_interfaces/msg/ParameterType.idl
[4.115s] -- Up-to-date: /home/pheonix/ros2_ws/install/rcl_interfaces/share/rcl_interfaces/msg/ParameterValue.idl
[4.115s] -- Up-to-date: /home/pheonix/ros2_ws/install/rcl_interfaces/share/rcl_interfaces/msg/SetParametersResult.idl
[4.115s] -- Up-to-date: /home/pheonix/ros2_ws/install/rcl_interfaces/share/rcl_interfaces/msg/LoggerLevel.idl
[4.115s] -- Up-to-date: /home/pheonix/ros2_ws/install/rcl_interfaces/share/rcl_interfaces/msg/SetLoggerLevelsResult.idl
[4.115s] -- Up-to-date: /home/pheonix/ros2_ws/install/rcl_interfaces/share/rcl_interfaces/srv/DescribeParameters.idl
[4.115s] -- Up-to-date: /home/pheonix/ros2_ws/install/rcl_interfaces/share/rcl_interfaces/srv/GetParameters.idl
[4.115s] -- Up-to-date: /home/pheonix/ros2_ws/install/rcl_interfaces/share/rcl_interfaces/srv/GetParameterTypes.idl
[4.116s] -- Up-to-date: /home/pheonix/ros2_ws/install/rcl_interfaces/share/rcl_interfaces/srv/ListParameters.idl
[4.116s] -- Up-to-date: /home/pheonix/ros2_ws/install/rcl_interfaces/share/rcl_interfaces/srv/SetParametersAtomically.idl
[4.116s] -- Up-to-date: /home/pheonix/ros2_ws/install/rcl_interfaces/share/rcl_interfaces/srv/SetParameters.idl
[4.116s] -- Up-to-date: /home/pheonix/ros2_ws/install/rcl_interfaces/share/rcl_interfaces/srv/GetLoggerLevels.idl
[4.116s] -- Up-to-date: /home/pheonix/ros2_ws/install/rcl_interfaces/share/rcl_interfaces/srv/SetLoggerLevels.idl
[4.116s] -- Up-to-date: /home/pheonix/ros2_ws/install/rcl_interfaces/share/rcl_interfaces/msg/FloatingPointRange.msg
[4.116s] -- Up-to-date: /home/pheonix/ros2_ws/install/rcl_interfaces/share/rcl_interfaces/msg/IntegerRange.msg
[4.116s] -- Up-to-date: /home/pheonix/ros2_ws/install/rcl_interfaces/share/rcl_interfaces/msg/ListParametersResult.msg
[4.116s] -- Up-to-date: /home/pheonix/ros2_ws/install/rcl_interfaces/share/rcl_interfaces/msg/Log.msg
[4.116s] -- Up-to-date: /home/pheonix/ros2_ws/install/rcl_interfaces/share/rcl_interfaces/msg/ParameterDescriptor.msg
[4.116s] -- Up-to-date: /home/pheonix/ros2_ws/install/rcl_interfaces/share/rcl_interfaces/msg/ParameterEventDescriptors.msg
[4.116s] -- Up-to-date: /home/pheonix/ros2_ws/install/rcl_interfaces/share/rcl_interfaces/msg/ParameterEvent.msg
[4.116s] -- Up-to-date: /home/pheonix/ros2_ws/install/rcl_interfaces/share/rcl_interfaces/msg/Parameter.msg
[4.116s] -- Up-to-date: /home/pheonix/ros2_ws/install/rcl_interfaces/share/rcl_interfaces/msg/ParameterType.msg
[4.116s] -- Up-to-date: /home/pheonix/ros2_ws/install/rcl_interfaces/share/rcl_interfaces/msg/ParameterValue.msg
[4.116s] -- Up-to-date: /home/pheonix/ros2_ws/install/rcl_interfaces/share/rcl_interfaces/msg/SetParametersResult.msg
[4.116s] -- Up-to-date: /home/pheonix/ros2_ws/install/rcl_interfaces/share/rcl_interfaces/msg/LoggerLevel.msg
[4.116s] -- Up-to-date: /home/pheonix/ros2_ws/install/rcl_interfaces/share/rcl_interfaces/msg/SetLoggerLevelsResult.msg
[4.116s] -- Up-to-date: /home/pheonix/ros2_ws/install/rcl_interfaces/share/rcl_interfaces/srv/DescribeParameters.srv
[4.116s] -- Up-to-date: /home/pheonix/ros2_ws/install/rcl_interfaces/share/rcl_interfaces/srv/GetParameters.srv
[4.116s] -- Up-to-date: /home/pheonix/ros2_ws/install/rcl_interfaces/share/rcl_interfaces/srv/GetParameterTypes.srv
[4.116s] -- Up-to-date: /home/pheonix/ros2_ws/install/rcl_interfaces/share/rcl_interfaces/srv/ListParameters.srv
[4.116s] -- Up-to-date: /home/pheonix/ros2_ws/install/rcl_interfaces/share/rcl_interfaces/srv/SetParametersAtomically.srv
[4.116s] -- Up-to-date: /home/pheonix/ros2_ws/install/rcl_interfaces/share/rcl_interfaces/srv/SetParameters.srv
[4.116s] -- Up-to-date: /home/pheonix/ros2_ws/install/rcl_interfaces/share/rcl_interfaces/srv/GetLoggerLevels.srv
[4.116s] -- Up-to-date: /home/pheonix/ros2_ws/install/rcl_interfaces/share/rcl_interfaces/srv/SetLoggerLevels.srv
[4.116s] -- Up-to-date: /home/pheonix/ros2_ws/install/rcl_interfaces/share/rcl_interfaces/mapping_rules.yaml
[4.116s] -- Up-to-date: /home/pheonix/ros2_ws/install/rcl_interfaces/share/ament_index/resource_index/package_run_dependencies/rcl_interfaces
[4.116s] -- Up-to-date: /home/pheonix/ros2_ws/install/rcl_interfaces/share/ament_index/resource_index/parent_prefix_path/rcl_interfaces
[4.116s] -- Up-to-date: /home/pheonix/ros2_ws/install/rcl_interfaces/share/rcl_interfaces/environment/ament_prefix_path.sh
[4.116s] -- Up-to-date: /home/pheonix/ros2_ws/install/rcl_interfaces/share/rcl_interfaces/environment/ament_prefix_path.dsv
[4.116s] -- Up-to-date: /home/pheonix/ros2_ws/install/rcl_interfaces/share/rcl_interfaces/environment/path.sh
[4.116s] -- Up-to-date: /home/pheonix/ros2_ws/install/rcl_interfaces/share/rcl_interfaces/environment/path.dsv
[4.116s] -- Up-to-date: /home/pheonix/ros2_ws/install/rcl_interfaces/share/rcl_interfaces/local_setup.bash
[4.126s] -- Up-to-date: /home/pheonix/ros2_ws/install/rcl_interfaces/share/rcl_interfaces/local_setup.sh
[4.127s] -- Up-to-date: /home/pheonix/ros2_ws/install/rcl_interfaces/share/rcl_interfaces/local_setup.zsh
[4.129s] -- Up-to-date: /home/pheonix/ros2_ws/install/rcl_interfaces/share/rcl_interfaces/local_setup.dsv
[4.129s] -- Installing: /home/pheonix/ros2_ws/install/rcl_interfaces/share/rcl_interfaces/package.dsv
[4.129s] -- Up-to-date: /home/pheonix/ros2_ws/install/rcl_interfaces/share/ament_index/resource_index/packages/rcl_interfaces
[4.129s] -- Up-to-date: /home/pheonix/ros2_ws/install/rcl_interfaces/share/rcl_interfaces/cmake/export_rcl_interfaces__rosidl_generator_cExport.cmake
[4.129s] -- Up-to-date: /home/pheonix/ros2_ws/install/rcl_interfaces/share/rcl_interfaces/cmake/export_rcl_interfaces__rosidl_generator_cExport-noconfig.cmake
[4.129s] -- Up-to-date: /home/pheonix/ros2_ws/install/rcl_interfaces/share/rcl_interfaces/cmake/export_rcl_interfaces__rosidl_typesupport_fastrtps_cExport.cmake
[4.129s] -- Up-to-date: /home/pheonix/ros2_ws/install/rcl_interfaces/share/rcl_interfaces/cmake/export_rcl_interfaces__rosidl_typesupport_fastrtps_cExport-noconfig.cmake
[4.129s] -- Up-to-date: /home/pheonix/ros2_ws/install/rcl_interfaces/share/rcl_interfaces/cmake/rcl_interfaces__rosidl_typesupport_introspection_cExport.cmake
[4.130s] -- Up-to-date: /home/pheonix/ros2_ws/install/rcl_interfaces/share/rcl_interfaces/cmake/rcl_interfaces__rosidl_typesupport_introspection_cExport-noconfig.cmake
[4.130s] -- Up-to-date: /home/pheonix/ros2_ws/install/rcl_interfaces/share/rcl_interfaces/cmake/rcl_interfaces__rosidl_typesupport_cExport.cmake
[4.130s] -- Up-to-date: /home/pheonix/ros2_ws/install/rcl_interfaces/share/rcl_interfaces/cmake/rcl_interfaces__rosidl_typesupport_cExport-noconfig.cmake
[4.130s] -- Up-to-date: /home/pheonix/ros2_ws/install/rcl_interfaces/share/rcl_interfaces/cmake/export_rcl_interfaces__rosidl_generator_cppExport.cmake
[4.130s] -- Up-to-date: /home/pheonix/ros2_ws/install/rcl_interfaces/share/rcl_interfaces/cmake/export_rcl_interfaces__rosidl_typesupport_fastrtps_cppExport.cmake
[4.130s] -- Up-to-date: /home/pheonix/ros2_ws/install/rcl_interfaces/share/rcl_interfaces/cmake/export_rcl_interfaces__rosidl_typesupport_fastrtps_cppExport-noconfig.cmake
[4.130s] -- Up-to-date: /home/pheonix/ros2_ws/install/rcl_interfaces/share/rcl_interfaces/cmake/rcl_interfaces__rosidl_typesupport_introspection_cppExport.cmake
[4.130s] -- Up-to-date: /home/pheonix/ros2_ws/install/rcl_interfaces/share/rcl_interfaces/cmake/rcl_interfaces__rosidl_typesupport_introspection_cppExport-noconfig.cmake
[4.130s] -- Up-to-date: /home/pheonix/ros2_ws/install/rcl_interfaces/share/rcl_interfaces/cmake/rcl_interfaces__rosidl_typesupport_cppExport.cmake
[4.131s] -- Up-to-date: /home/pheonix/ros2_ws/install/rcl_interfaces/share/rcl_interfaces/cmake/rcl_interfaces__rosidl_typesupport_cppExport-noconfig.cmake
[4.133s] -- Up-to-date: /home/pheonix/ros2_ws/install/rcl_interfaces/share/rcl_interfaces/cmake/export_rcl_interfaces__rosidl_generator_pyExport.cmake
[4.133s] -- Up-to-date: /home/pheonix/ros2_ws/install/rcl_interfaces/share/rcl_interfaces/cmake/export_rcl_interfaces__rosidl_generator_pyExport-noconfig.cmake
[4.133s] -- Up-to-date: /home/pheonix/ros2_ws/install/rcl_interfaces/share/rcl_interfaces/cmake/rosidl_cmake-extras.cmake
[4.133s] -- Up-to-date: /home/pheonix/ros2_ws/install/rcl_interfaces/share/rcl_interfaces/cmake/ament_cmake_export_dependencies-extras.cmake
[4.133s] -- Up-to-date: /home/pheonix/ros2_ws/install/rcl_interfaces/share/rcl_interfaces/cmake/ament_cmake_export_include_directories-extras.cmake
[4.133s] -- Up-to-date: /home/pheonix/ros2_ws/install/rcl_interfaces/share/rcl_interfaces/cmake/ament_cmake_export_libraries-extras.cmake
[4.133s] -- Up-to-date: /home/pheonix/ros2_ws/install/rcl_interfaces/share/rcl_interfaces/cmake/ament_cmake_export_targets-extras.cmake
[4.133s] -- Up-to-date: /home/pheonix/ros2_ws/install/rcl_interfaces/share/rcl_interfaces/cmake/rosidl_cmake_export_typesupport_targets-extras.cmake
[4.134s] -- Up-to-date: /home/pheonix/ros2_ws/install/rcl_interfaces/share/rcl_interfaces/cmake/rosidl_cmake_export_typesupport_libraries-extras.cmake
[4.139s] -- Up-to-date: /home/pheonix/ros2_ws/install/rcl_interfaces/share/rcl_interfaces/cmake/rcl_interfacesConfig.cmake
[4.139s] -- Up-to-date: /home/pheonix/ros2_ws/install/rcl_interfaces/share/rcl_interfaces/cmake/rcl_interfacesConfig-version.cmake
[4.139s] -- Up-to-date: /home/pheonix/ros2_ws/install/rcl_interfaces/share/rcl_interfaces/package.xml
[4.144s] Invoked command in '/home/pheonix/ros2_ws/build/rcl_interfaces' returned '0': CMAKE_PREFIX_PATH=${CMAKE_PREFIX_PATH}:/opt/ros/jazzy DEBUGINFOD_URLS=https://debuginfod.ubuntu.com /usr/bin/cmake --install /home/pheonix/ros2_ws/build/rcl_interfaces
