[0.026s] Invoking command in '/home/pheonix/ros2_ws/build/rosgraph_msgs': CMAKE_PREFIX_PATH=${CMAKE_PREFIX_PATH}:/opt/ros/jazzy DEBUGINFOD_URLS=https://debuginfod.ubuntu.com /usr/bin/cmake --build /home/pheonix/ros2_ws/build/rosgraph_msgs -- -j2 -l2
[0.142s] [  2%] Built target rosgraph_msgs__rosidl_generator_type_description
[0.172s] [  2%] Built target ament_cmake_python_copy_rosgraph_msgs
[0.190s] [  5%] Built target rosgraph_msgs__cpp
[0.274s] [ 20%] Built target rosgraph_msgs__rosidl_generator_c
[0.348s] [ 29%] Built target rosgraph_msgs__rosidl_typesupport_fastrtps_cpp
[0.438s] [ 38%] Built target rosgraph_msgs__rosidl_typesupport_introspection_c
[0.504s] [ 47%] Built target rosgraph_msgs__rosidl_typesupport_c
[0.600s] running egg_info
[0.611s] [ 55%] Built target rosgraph_msgs__rosidl_typesupport_introspection_cpp
[0.631s] writing rosgraph_msgs.egg-info/PKG-INFO
[0.639s] writing dependency_links to rosgraph_msgs.egg-info/dependency_links.txt
[0.649s] writing top-level names to rosgraph_msgs.egg-info/top_level.txt
[0.696s] [ 64%] Built target rosgraph_msgs__rosidl_typesupport_cpp
[0.788s] reading manifest file 'rosgraph_msgs.egg-info/SOURCES.txt'
[0.793s] writing manifest file 'rosgraph_msgs.egg-info/SOURCES.txt'
[0.803s] [ 73%] Built target rosgraph_msgs__rosidl_typesupport_fastrtps_c
[0.892s] [ 73%] Built target ament_cmake_python_build_rosgraph_msgs_egg
[0.898s] [ 73%] Built target rosgraph_msgs
[0.966s] [ 76%] Built target rosgraph_msgs__py
[1.012s] [ 82%] Built target rosgraph_msgs__rosidl_generator_py
[1.079s] [ 88%] Built target rosgraph_msgs_s__rosidl_typesupport_fastrtps_c
[1.182s] [ 94%] Built target rosgraph_msgs_s__rosidl_typesupport_introspection_c
[1.249s] [100%] Built target rosgraph_msgs_s__rosidl_typesupport_c
[1.301s] Invoked command in '/home/pheonix/ros2_ws/build/rosgraph_msgs' returned '0': CMAKE_PREFIX_PATH=${CMAKE_PREFIX_PATH}:/opt/ros/jazzy DEBUGINFOD_URLS=https://debuginfod.ubuntu.com /usr/bin/cmake --build /home/pheonix/ros2_ws/build/rosgraph_msgs -- -j2 -l2
[1.621s] Invoking command in '/home/pheonix/ros2_ws/build/rosgraph_msgs': CMAKE_PREFIX_PATH=${CMAKE_PREFIX_PATH}:/opt/ros/jazzy DEBUGINFOD_URLS=https://debuginfod.ubuntu.com /usr/bin/cmake --install /home/pheonix/ros2_ws/build/rosgraph_msgs
[1.654s] -- Install configuration: ""
[1.654s] -- Up-to-date: /home/pheonix/ros2_ws/install/rosgraph_msgs/share/ament_index/resource_index/rosidl_interfaces/rosgraph_msgs
[1.654s] -- Up-to-date: /home/pheonix/ros2_ws/install/rosgraph_msgs/share/rosgraph_msgs/msg/Clock.json
[1.654s] -- Up-to-date: /home/pheonix/ros2_ws/install/rosgraph_msgs/include/rosgraph_msgs/rosgraph_msgs
[1.654s] -- Up-to-date: /home/pheonix/ros2_ws/install/rosgraph_msgs/include/rosgraph_msgs/rosgraph_msgs/msg
[1.654s] -- Up-to-date: /home/pheonix/ros2_ws/install/rosgraph_msgs/include/rosgraph_msgs/rosgraph_msgs/msg/clock.h
[1.654s] -- Up-to-date: /home/pheonix/ros2_ws/install/rosgraph_msgs/include/rosgraph_msgs/rosgraph_msgs/msg/rosidl_generator_c__visibility_control.h
[1.654s] -- Up-to-date: /home/pheonix/ros2_ws/install/rosgraph_msgs/include/rosgraph_msgs/rosgraph_msgs/msg/detail
[1.654s] -- Up-to-date: /home/pheonix/ros2_ws/install/rosgraph_msgs/include/rosgraph_msgs/rosgraph_msgs/msg/detail/clock__functions.h
[1.654s] -- Up-to-date: /home/pheonix/ros2_ws/install/rosgraph_msgs/include/rosgraph_msgs/rosgraph_msgs/msg/detail/clock__type_support.h
[1.654s] -- Installing: /home/pheonix/ros2_ws/install/rosgraph_msgs/include/rosgraph_msgs/rosgraph_msgs/msg/detail/clock__type_support.c
[1.654s] -- Up-to-date: /home/pheonix/ros2_ws/install/rosgraph_msgs/include/rosgraph_msgs/rosgraph_msgs/msg/detail/clock__description.c
[1.654s] -- Up-to-date: /home/pheonix/ros2_ws/install/rosgraph_msgs/include/rosgraph_msgs/rosgraph_msgs/msg/detail/clock__struct.h
[1.654s] -- Up-to-date: /home/pheonix/ros2_ws/install/rosgraph_msgs/include/rosgraph_msgs/rosgraph_msgs/msg/detail/clock__functions.c
[1.654s] -- Up-to-date: /home/pheonix/ros2_ws/install/rosgraph_msgs/share/rosgraph_msgs/environment/library_path.sh
[1.654s] -- Up-to-date: /home/pheonix/ros2_ws/install/rosgraph_msgs/share/rosgraph_msgs/environment/library_path.dsv
[1.654s] -- Up-to-date: /home/pheonix/ros2_ws/install/rosgraph_msgs/lib/librosgraph_msgs__rosidl_generator_c.so
[1.655s] -- Up-to-date: /home/pheonix/ros2_ws/install/rosgraph_msgs/include/rosgraph_msgs/rosgraph_msgs
[1.659s] -- Up-to-date: /home/pheonix/ros2_ws/install/rosgraph_msgs/include/rosgraph_msgs/rosgraph_msgs/msg
[1.659s] -- Up-to-date: /home/pheonix/ros2_ws/install/rosgraph_msgs/include/rosgraph_msgs/rosgraph_msgs/msg/rosidl_typesupport_fastrtps_c__visibility_control.h
[1.659s] -- Up-to-date: /home/pheonix/ros2_ws/install/rosgraph_msgs/include/rosgraph_msgs/rosgraph_msgs/msg/detail
[1.659s] -- Up-to-date: /home/pheonix/ros2_ws/install/rosgraph_msgs/include/rosgraph_msgs/rosgraph_msgs/msg/detail/clock__rosidl_typesupport_fastrtps_c.h
[1.659s] -- Up-to-date: /home/pheonix/ros2_ws/install/rosgraph_msgs/lib/librosgraph_msgs__rosidl_typesupport_fastrtps_c.so
[1.659s] -- Up-to-date: /home/pheonix/ros2_ws/install/rosgraph_msgs/include/rosgraph_msgs/rosgraph_msgs
[1.659s] -- Up-to-date: /home/pheonix/ros2_ws/install/rosgraph_msgs/include/rosgraph_msgs/rosgraph_msgs/msg
[1.659s] -- Up-to-date: /home/pheonix/ros2_ws/install/rosgraph_msgs/include/rosgraph_msgs/rosgraph_msgs/msg/rosidl_generator_cpp__visibility_control.hpp
[1.659s] -- Up-to-date: /home/pheonix/ros2_ws/install/rosgraph_msgs/include/rosgraph_msgs/rosgraph_msgs/msg/detail
[1.659s] -- Up-to-date: /home/pheonix/ros2_ws/install/rosgraph_msgs/include/rosgraph_msgs/rosgraph_msgs/msg/detail/clock__type_support.hpp
[1.659s] -- Up-to-date: /home/pheonix/ros2_ws/install/rosgraph_msgs/include/rosgraph_msgs/rosgraph_msgs/msg/detail/clock__builder.hpp
[1.659s] -- Up-to-date: /home/pheonix/ros2_ws/install/rosgraph_msgs/include/rosgraph_msgs/rosgraph_msgs/msg/detail/clock__traits.hpp
[1.660s] -- Up-to-date: /home/pheonix/ros2_ws/install/rosgraph_msgs/include/rosgraph_msgs/rosgraph_msgs/msg/detail/clock__struct.hpp
[1.660s] -- Up-to-date: /home/pheonix/ros2_ws/install/rosgraph_msgs/include/rosgraph_msgs/rosgraph_msgs/msg/clock.hpp
[1.660s] -- Up-to-date: /home/pheonix/ros2_ws/install/rosgraph_msgs/include/rosgraph_msgs/rosgraph_msgs
[1.660s] -- Up-to-date: /home/pheonix/ros2_ws/install/rosgraph_msgs/include/rosgraph_msgs/rosgraph_msgs/msg
[1.660s] -- Up-to-date: /home/pheonix/ros2_ws/install/rosgraph_msgs/include/rosgraph_msgs/rosgraph_msgs/msg/detail
[1.660s] -- Up-to-date: /home/pheonix/ros2_ws/install/rosgraph_msgs/include/rosgraph_msgs/rosgraph_msgs/msg/detail/dds_fastrtps
[1.660s] -- Up-to-date: /home/pheonix/ros2_ws/install/rosgraph_msgs/include/rosgraph_msgs/rosgraph_msgs/msg/detail/clock__rosidl_typesupport_fastrtps_cpp.hpp
[1.660s] -- Up-to-date: /home/pheonix/ros2_ws/install/rosgraph_msgs/include/rosgraph_msgs/rosgraph_msgs/msg/rosidl_typesupport_fastrtps_cpp__visibility_control.h
[1.660s] -- Up-to-date: /home/pheonix/ros2_ws/install/rosgraph_msgs/lib/librosgraph_msgs__rosidl_typesupport_fastrtps_cpp.so
[1.660s] -- Up-to-date: /home/pheonix/ros2_ws/install/rosgraph_msgs/include/rosgraph_msgs/rosgraph_msgs
[1.660s] -- Up-to-date: /home/pheonix/ros2_ws/install/rosgraph_msgs/include/rosgraph_msgs/rosgraph_msgs/msg
[1.660s] -- Up-to-date: /home/pheonix/ros2_ws/install/rosgraph_msgs/include/rosgraph_msgs/rosgraph_msgs/msg/detail
[1.660s] -- Up-to-date: /home/pheonix/ros2_ws/install/rosgraph_msgs/include/rosgraph_msgs/rosgraph_msgs/msg/detail/clock__rosidl_typesupport_introspection_c.h
[1.660s] -- Installing: /home/pheonix/ros2_ws/install/rosgraph_msgs/include/rosgraph_msgs/rosgraph_msgs/msg/detail/clock__type_support.c
[1.662s] -- Up-to-date: /home/pheonix/ros2_ws/install/rosgraph_msgs/include/rosgraph_msgs/rosgraph_msgs/msg/rosidl_typesupport_introspection_c__visibility_control.h
[1.662s] -- Up-to-date: /home/pheonix/ros2_ws/install/rosgraph_msgs/lib/librosgraph_msgs__rosidl_typesupport_introspection_c.so
[1.662s] -- Up-to-date: /home/pheonix/ros2_ws/install/rosgraph_msgs/lib/librosgraph_msgs__rosidl_typesupport_c.so
[1.662s] -- Up-to-date: /home/pheonix/ros2_ws/install/rosgraph_msgs/include/rosgraph_msgs/rosgraph_msgs
[1.662s] -- Up-to-date: /home/pheonix/ros2_ws/install/rosgraph_msgs/include/rosgraph_msgs/rosgraph_msgs/msg
[1.662s] -- Up-to-date: /home/pheonix/ros2_ws/install/rosgraph_msgs/include/rosgraph_msgs/rosgraph_msgs/msg/detail
[1.662s] -- Up-to-date: /home/pheonix/ros2_ws/install/rosgraph_msgs/include/rosgraph_msgs/rosgraph_msgs/msg/detail/clock__rosidl_typesupport_introspection_cpp.hpp
[1.662s] -- Up-to-date: /home/pheonix/ros2_ws/install/rosgraph_msgs/include/rosgraph_msgs/rosgraph_msgs/msg/detail/clock__type_support.cpp
[1.662s] -- Up-to-date: /home/pheonix/ros2_ws/install/rosgraph_msgs/lib/librosgraph_msgs__rosidl_typesupport_introspection_cpp.so
[1.662s] -- Up-to-date: /home/pheonix/ros2_ws/install/rosgraph_msgs/lib/librosgraph_msgs__rosidl_typesupport_cpp.so
[1.662s] -- Up-to-date: /home/pheonix/ros2_ws/install/rosgraph_msgs/share/rosgraph_msgs/environment/pythonpath.sh
[1.662s] -- Up-to-date: /home/pheonix/ros2_ws/install/rosgraph_msgs/share/rosgraph_msgs/environment/pythonpath.dsv
[1.662s] -- Up-to-date: /home/pheonix/ros2_ws/install/rosgraph_msgs/lib/python3.12/site-packages/rosgraph_msgs-2.2.0-py3.12.egg-info
[1.662s] -- Installing: /home/pheonix/ros2_ws/install/rosgraph_msgs/lib/python3.12/site-packages/rosgraph_msgs-2.2.0-py3.12.egg-info/SOURCES.txt
[1.662s] -- Installing: /home/pheonix/ros2_ws/install/rosgraph_msgs/lib/python3.12/site-packages/rosgraph_msgs-2.2.0-py3.12.egg-info/dependency_links.txt
[1.662s] -- Installing: /home/pheonix/ros2_ws/install/rosgraph_msgs/lib/python3.12/site-packages/rosgraph_msgs-2.2.0-py3.12.egg-info/PKG-INFO
[1.662s] -- Installing: /home/pheonix/ros2_ws/install/rosgraph_msgs/lib/python3.12/site-packages/rosgraph_msgs-2.2.0-py3.12.egg-info/top_level.txt
[1.665s] -- Up-to-date: /home/pheonix/ros2_ws/install/rosgraph_msgs/lib/python3.12/site-packages/rosgraph_msgs
[1.665s] -- Up-to-date: /home/pheonix/ros2_ws/install/rosgraph_msgs/lib/python3.12/site-packages/rosgraph_msgs/_rosgraph_msgs_s.ep.rosidl_typesupport_fastrtps_c.c
[1.665s] -- Up-to-date: /home/pheonix/ros2_ws/install/rosgraph_msgs/lib/python3.12/site-packages/rosgraph_msgs/rosgraph_msgs_s__rosidl_typesupport_c.so
[1.665s] -- Up-to-date: /home/pheonix/ros2_ws/install/rosgraph_msgs/lib/python3.12/site-packages/rosgraph_msgs/msg
[1.665s] -- Up-to-date: /home/pheonix/ros2_ws/install/rosgraph_msgs/lib/python3.12/site-packages/rosgraph_msgs/msg/_clock.py
[1.665s] -- Up-to-date: /home/pheonix/ros2_ws/install/rosgraph_msgs/lib/python3.12/site-packages/rosgraph_msgs/msg/__init__.py
[1.665s] -- Up-to-date: /home/pheonix/ros2_ws/install/rosgraph_msgs/lib/python3.12/site-packages/rosgraph_msgs/msg/_clock_s.c
[1.665s] -- Up-to-date: /home/pheonix/ros2_ws/install/rosgraph_msgs/lib/python3.12/site-packages/rosgraph_msgs/_rosgraph_msgs_s.ep.rosidl_typesupport_introspection_c.c
[1.665s] -- Up-to-date: /home/pheonix/ros2_ws/install/rosgraph_msgs/lib/python3.12/site-packages/rosgraph_msgs/__init__.py
[1.665s] -- Up-to-date: /home/pheonix/ros2_ws/install/rosgraph_msgs/lib/python3.12/site-packages/rosgraph_msgs/rosgraph_msgs_s__rosidl_typesupport_introspection_c.so
[1.665s] -- Up-to-date: /home/pheonix/ros2_ws/install/rosgraph_msgs/lib/python3.12/site-packages/rosgraph_msgs/_rosgraph_msgs_s.ep.rosidl_typesupport_c.c
[1.665s] -- Up-to-date: /home/pheonix/ros2_ws/install/rosgraph_msgs/lib/python3.12/site-packages/rosgraph_msgs/rosgraph_msgs_s__rosidl_typesupport_fastrtps_c.so
[1.709s] Listing '/home/pheonix/ros2_ws/install/rosgraph_msgs/lib/python3.12/site-packages/rosgraph_msgs'...
[1.709s] Listing '/home/pheonix/ros2_ws/install/rosgraph_msgs/lib/python3.12/site-packages/rosgraph_msgs/msg'...
[1.725s] -- Up-to-date: /home/pheonix/ros2_ws/install/rosgraph_msgs/lib/python3.12/site-packages/rosgraph_msgs/rosgraph_msgs_s__rosidl_typesupport_fastrtps_c.so
[1.726s] -- Up-to-date: /home/pheonix/ros2_ws/install/rosgraph_msgs/lib/python3.12/site-packages/rosgraph_msgs/rosgraph_msgs_s__rosidl_typesupport_introspection_c.so
[1.726s] -- Up-to-date: /home/pheonix/ros2_ws/install/rosgraph_msgs/lib/python3.12/site-packages/rosgraph_msgs/rosgraph_msgs_s__rosidl_typesupport_c.so
[1.727s] -- Up-to-date: /home/pheonix/ros2_ws/install/rosgraph_msgs/lib/librosgraph_msgs__rosidl_generator_py.so
[1.727s] -- Up-to-date: /home/pheonix/ros2_ws/install/rosgraph_msgs/share/rosgraph_msgs/msg/Clock.idl
[1.727s] -- Up-to-date: /home/pheonix/ros2_ws/install/rosgraph_msgs/share/rosgraph_msgs/msg/Clock.msg
[1.727s] -- Up-to-date: /home/pheonix/ros2_ws/install/rosgraph_msgs/share/ament_index/resource_index/package_run_dependencies/rosgraph_msgs
[1.727s] -- Up-to-date: /home/pheonix/ros2_ws/install/rosgraph_msgs/share/ament_index/resource_index/parent_prefix_path/rosgraph_msgs
[1.728s] -- Up-to-date: /home/pheonix/ros2_ws/install/rosgraph_msgs/share/rosgraph_msgs/environment/ament_prefix_path.sh
[1.730s] -- Up-to-date: /home/pheonix/ros2_ws/install/rosgraph_msgs/share/rosgraph_msgs/environment/ament_prefix_path.dsv
[1.730s] -- Up-to-date: /home/pheonix/ros2_ws/install/rosgraph_msgs/share/rosgraph_msgs/environment/path.sh
[1.732s] -- Up-to-date: /home/pheonix/ros2_ws/install/rosgraph_msgs/share/rosgraph_msgs/environment/path.dsv
[1.732s] -- Up-to-date: /home/pheonix/ros2_ws/install/rosgraph_msgs/share/rosgraph_msgs/local_setup.bash
[1.733s] -- Up-to-date: /home/pheonix/ros2_ws/install/rosgraph_msgs/share/rosgraph_msgs/local_setup.sh
[1.733s] -- Up-to-date: /home/pheonix/ros2_ws/install/rosgraph_msgs/share/rosgraph_msgs/local_setup.zsh
[1.733s] -- Up-to-date: /home/pheonix/ros2_ws/install/rosgraph_msgs/share/rosgraph_msgs/local_setup.dsv
[1.739s] -- Installing: /home/pheonix/ros2_ws/install/rosgraph_msgs/share/rosgraph_msgs/package.dsv
[1.739s] -- Up-to-date: /home/pheonix/ros2_ws/install/rosgraph_msgs/share/ament_index/resource_index/packages/rosgraph_msgs
[1.742s] -- Up-to-date: /home/pheonix/ros2_ws/install/rosgraph_msgs/share/rosgraph_msgs/cmake/export_rosgraph_msgs__rosidl_generator_cExport.cmake
[1.742s] -- Up-to-date: /home/pheonix/ros2_ws/install/rosgraph_msgs/share/rosgraph_msgs/cmake/export_rosgraph_msgs__rosidl_generator_cExport-noconfig.cmake
[1.743s] -- Up-to-date: /home/pheonix/ros2_ws/install/rosgraph_msgs/share/rosgraph_msgs/cmake/export_rosgraph_msgs__rosidl_typesupport_fastrtps_cExport.cmake
[1.743s] -- Up-to-date: /home/pheonix/ros2_ws/install/rosgraph_msgs/share/rosgraph_msgs/cmake/export_rosgraph_msgs__rosidl_typesupport_fastrtps_cExport-noconfig.cmake
[1.750s] -- Up-to-date: /home/pheonix/ros2_ws/install/rosgraph_msgs/share/rosgraph_msgs/cmake/export_rosgraph_msgs__rosidl_generator_cppExport.cmake
[1.750s] -- Up-to-date: /home/pheonix/ros2_ws/install/rosgraph_msgs/share/rosgraph_msgs/cmake/export_rosgraph_msgs__rosidl_typesupport_fastrtps_cppExport.cmake
[1.750s] -- Up-to-date: /home/pheonix/ros2_ws/install/rosgraph_msgs/share/rosgraph_msgs/cmake/export_rosgraph_msgs__rosidl_typesupport_fastrtps_cppExport-noconfig.cmake
[1.751s] -- Up-to-date: /home/pheonix/ros2_ws/install/rosgraph_msgs/share/rosgraph_msgs/cmake/rosgraph_msgs__rosidl_typesupport_introspection_cExport.cmake
[1.751s] -- Up-to-date: /home/pheonix/ros2_ws/install/rosgraph_msgs/share/rosgraph_msgs/cmake/rosgraph_msgs__rosidl_typesupport_introspection_cExport-noconfig.cmake
[1.751s] -- Up-to-date: /home/pheonix/ros2_ws/install/rosgraph_msgs/share/rosgraph_msgs/cmake/rosgraph_msgs__rosidl_typesupport_cExport.cmake
[1.752s] -- Up-to-date: /home/pheonix/ros2_ws/install/rosgraph_msgs/share/rosgraph_msgs/cmake/rosgraph_msgs__rosidl_typesupport_cExport-noconfig.cmake
[1.752s] -- Up-to-date: /home/pheonix/ros2_ws/install/rosgraph_msgs/share/rosgraph_msgs/cmake/rosgraph_msgs__rosidl_typesupport_introspection_cppExport.cmake
[1.752s] -- Up-to-date: /home/pheonix/ros2_ws/install/rosgraph_msgs/share/rosgraph_msgs/cmake/rosgraph_msgs__rosidl_typesupport_introspection_cppExport-noconfig.cmake
[1.757s] -- Up-to-date: /home/pheonix/ros2_ws/install/rosgraph_msgs/share/rosgraph_msgs/cmake/rosgraph_msgs__rosidl_typesupport_cppExport.cmake
[1.757s] -- Up-to-date: /home/pheonix/ros2_ws/install/rosgraph_msgs/share/rosgraph_msgs/cmake/rosgraph_msgs__rosidl_typesupport_cppExport-noconfig.cmake
[1.762s] -- Up-to-date: /home/pheonix/ros2_ws/install/rosgraph_msgs/share/rosgraph_msgs/cmake/export_rosgraph_msgs__rosidl_generator_pyExport.cmake
[1.762s] -- Up-to-date: /home/pheonix/ros2_ws/install/rosgraph_msgs/share/rosgraph_msgs/cmake/export_rosgraph_msgs__rosidl_generator_pyExport-noconfig.cmake
[1.762s] -- Up-to-date: /home/pheonix/ros2_ws/install/rosgraph_msgs/share/rosgraph_msgs/cmake/rosidl_cmake-extras.cmake
[1.762s] -- Up-to-date: /home/pheonix/ros2_ws/install/rosgraph_msgs/share/rosgraph_msgs/cmake/ament_cmake_export_dependencies-extras.cmake
[1.762s] -- Up-to-date: /home/pheonix/ros2_ws/install/rosgraph_msgs/share/rosgraph_msgs/cmake/ament_cmake_export_include_directories-extras.cmake
[1.762s] -- Up-to-date: /home/pheonix/ros2_ws/install/rosgraph_msgs/share/rosgraph_msgs/cmake/ament_cmake_export_libraries-extras.cmake
[1.762s] -- Up-to-date: /home/pheonix/ros2_ws/install/rosgraph_msgs/share/rosgraph_msgs/cmake/ament_cmake_export_targets-extras.cmake
[1.762s] -- Up-to-date: /home/pheonix/ros2_ws/install/rosgraph_msgs/share/rosgraph_msgs/cmake/rosidl_cmake_export_typesupport_targets-extras.cmake
[1.762s] -- Up-to-date: /home/pheonix/ros2_ws/install/rosgraph_msgs/share/rosgraph_msgs/cmake/rosidl_cmake_export_typesupport_libraries-extras.cmake
[1.762s] -- Up-to-date: /home/pheonix/ros2_ws/install/rosgraph_msgs/share/rosgraph_msgs/cmake/rosgraph_msgsConfig.cmake
[1.762s] -- Up-to-date: /home/pheonix/ros2_ws/install/rosgraph_msgs/share/rosgraph_msgs/cmake/rosgraph_msgsConfig-version.cmake
[1.762s] -- Up-to-date: /home/pheonix/ros2_ws/install/rosgraph_msgs/share/rosgraph_msgs/package.xml
[1.765s] Invoked command in '/home/pheonix/ros2_ws/build/rosgraph_msgs' returned '0': CMAKE_PREFIX_PATH=${CMAKE_PREFIX_PATH}:/opt/ros/jazzy DEBUGINFOD_URLS=https://debuginfod.ubuntu.com /usr/bin/cmake --install /home/pheonix/ros2_ws/build/rosgraph_msgs
