[1.541s] Invoking command in '/home/pheonix/ros2_ws/src/launch_ros/launch_ros': DEBUGINFOD_URLS=https://debuginfod.ubuntu.com PYTHONPATH=/home/pheonix/ros2_ws/build/launch_ros/prefix_override:/usr/lib/python3/dist-packages/colcon_core/task/python/colcon_distutils_commands:/home/pheonix/ros2_ws/install/launch_ros/lib/python3.12/site-packages:${PYTHONPATH} /usr/bin/python3 -W ignore:setup.py install is deprecated setup.py egg_info --egg-base ../../../build/launch_ros build --build-base /home/pheonix/ros2_ws/build/launch_ros/build install --record /home/pheonix/ros2_ws/build/launch_ros/install.log --single-version-externally-managed install_data
[1.873s] running egg_info
[1.889s] writing ../../../build/launch_ros/launch_ros.egg-info/PKG-INFO
[1.890s] writing dependency_links to ../../../build/launch_ros/launch_ros.egg-info/dependency_links.txt
[1.892s] writing entry points to ../../../build/launch_ros/launch_ros.egg-info/entry_points.txt
[1.892s] writing requirements to ../../../build/launch_ros/launch_ros.egg-info/requires.txt
[1.892s] writing top-level names to ../../../build/launch_ros/launch_ros.egg-info/top_level.txt
[1.918s] reading manifest file '../../../build/launch_ros/launch_ros.egg-info/SOURCES.txt'
[1.919s] writing manifest file '../../../build/launch_ros/launch_ros.egg-info/SOURCES.txt'
[1.921s] running build
[1.921s] running build_py
[1.928s] running install
[1.940s] running install_lib
[1.966s] running install_data
[1.967s] running install_egg_info
[1.982s] removing '/home/pheonix/ros2_ws/install/launch_ros/lib/python3.12/site-packages/launch_ros-0.27.2-py3.12.egg-info' (and everything under it)
[1.982s] Copying ../../../build/launch_ros/launch_ros.egg-info to /home/pheonix/ros2_ws/install/launch_ros/lib/python3.12/site-packages/launch_ros-0.27.2-py3.12.egg-info
[1.984s] running install_scripts
[2.092s] writing list of installed files to '/home/pheonix/ros2_ws/build/launch_ros/install.log'
[2.111s] Invoked command in '/home/pheonix/ros2_ws/src/launch_ros/launch_ros' returned '0': DEBUGINFOD_URLS=https://debuginfod.ubuntu.com PYTHONPATH=/home/pheonix/ros2_ws/build/launch_ros/prefix_override:/usr/lib/python3/dist-packages/colcon_core/task/python/colcon_distutils_commands:/home/pheonix/ros2_ws/install/launch_ros/lib/python3.12/site-packages:${PYTHONPATH} /usr/bin/python3 -W ignore:setup.py install is deprecated setup.py egg_info --egg-base ../../../build/launch_ros build --build-base /home/pheonix/ros2_ws/build/launch_ros/build install --record /home/pheonix/ros2_ws/build/launch_ros/install.log --single-version-externally-managed install_data
