[0.028s] Invoking command in '/home/pheonix/ros2_ws/build/turtlesim': CMAKE_PREFIX_PATH=${CMAKE_PREFIX_PATH}:/opt/ros/jazzy DEBUGINFOD_URLS=https://debuginfod.ubuntu.com /usr/bin/cmake --build /home/pheonix/ros2_ws/build/turtlesim -- -j2 -l2
[0.314s] [  0%] Built target turtlesim__rosidl_generator_type_description
[0.353s] [  0%] Built target ament_cmake_python_copy_turtlesim
[0.357s] [  1%] Built target turtlesim__cpp
[0.480s] [ 24%] Built target turtlesim__rosidl_generator_c
[0.590s] running egg_info
[0.631s] writing turtlesim.egg-info/PKG-INFO
[0.632s] writing dependency_links to turtlesim.egg-info/dependency_links.txt
[0.632s] writing top-level names to turtlesim.egg-info/top_level.txt
[0.637s] [ 33%] Built target turtlesim__rosidl_typesupport_cpp
[0.681s] reading manifest file 'turtlesim.egg-info/SOURCES.txt'
[0.698s] writing manifest file 'turtlesim.egg-info/SOURCES.txt'
[0.732s] [ 33%] Built target ament_cmake_python_build_turtlesim_egg
[0.784s] [ 41%] Built target turtlesim__rosidl_typesupport_fastrtps_c
[0.815s] [ 50%] Built target turtlesim__rosidl_typesupport_fastrtps_cpp
[0.873s] [ 59%] Built target turtlesim__rosidl_typesupport_introspection_c
[0.919s] [ 68%] Built target turtlesim__rosidl_typesupport_c
[0.952s] [ 76%] Built target turtlesim__rosidl_typesupport_introspection_cpp
[1.105s] [ 81%] Built target turtlesim_node
[1.128s] [ 83%] Built target turtle_teleop_key
[1.225s] [ 85%] Built target mimic
[1.236s] [ 86%] Built target draw_square
[1.261s] [ 86%] Built target turtlesim
[1.305s] [ 86%] Built target turtlesim__py
[1.389s] [ 94%] Built target turtlesim__rosidl_generator_py
[1.453s] [ 96%] Built target turtlesim_s__rosidl_typesupport_fastrtps_c
[1.517s] [ 98%] Built target turtlesim_s__rosidl_typesupport_introspection_c
[1.640s] [100%] Built target turtlesim_s__rosidl_typesupport_c
[1.656s] Invoked command in '/home/pheonix/ros2_ws/build/turtlesim' returned '0': CMAKE_PREFIX_PATH=${CMAKE_PREFIX_PATH}:/opt/ros/jazzy DEBUGINFOD_URLS=https://debuginfod.ubuntu.com /usr/bin/cmake --build /home/pheonix/ros2_ws/build/turtlesim -- -j2 -l2
[2.328s] Invoking command in '/home/pheonix/ros2_ws/build/turtlesim': CMAKE_PREFIX_PATH=${CMAKE_PREFIX_PATH}:/opt/ros/jazzy DEBUGINFOD_URLS=https://debuginfod.ubuntu.com /usr/bin/cmake --install /home/pheonix/ros2_ws/build/turtlesim
[2.338s] -- Install configuration: ""
[2.342s] -- Up-to-date: /home/pheonix/ros2_ws/install/turtlesim/share/ament_index/resource_index/rosidl_interfaces/turtlesim
[2.343s] -- Up-to-date: /home/pheonix/ros2_ws/install/turtlesim/share/turtlesim/action/RotateAbsolute.json
[2.344s] -- Up-to-date: /home/pheonix/ros2_ws/install/turtlesim/share/turtlesim/msg/Color.json
[2.344s] -- Up-to-date: /home/pheonix/ros2_ws/install/turtlesim/share/turtlesim/msg/Pose.json
[2.344s] -- Up-to-date: /home/pheonix/ros2_ws/install/turtlesim/share/turtlesim/srv/Kill.json
[2.344s] -- Up-to-date: /home/pheonix/ros2_ws/install/turtlesim/share/turtlesim/srv/SetPen.json
[2.344s] -- Up-to-date: /home/pheonix/ros2_ws/install/turtlesim/share/turtlesim/srv/Spawn.json
[2.345s] -- Up-to-date: /home/pheonix/ros2_ws/install/turtlesim/share/turtlesim/srv/TeleportAbsolute.json
[2.345s] -- Up-to-date: /home/pheonix/ros2_ws/install/turtlesim/share/turtlesim/srv/TeleportRelative.json
[2.346s] -- Up-to-date: /home/pheonix/ros2_ws/install/turtlesim/include/turtlesim/turtlesim
[2.346s] -- Up-to-date: /home/pheonix/ros2_ws/install/turtlesim/include/turtlesim/turtlesim/msg
[2.348s] -- Up-to-date: /home/pheonix/ros2_ws/install/turtlesim/include/turtlesim/turtlesim/msg/rosidl_generator_c__visibility_control.h
[2.348s] -- Up-to-date: /home/pheonix/ros2_ws/install/turtlesim/include/turtlesim/turtlesim/msg/detail
[2.348s] -- Installing: /home/pheonix/ros2_ws/install/turtlesim/include/turtlesim/turtlesim/msg/detail/color__type_support.c
[2.350s] -- Up-to-date: /home/pheonix/ros2_ws/install/turtlesim/include/turtlesim/turtlesim/msg/detail/pose__functions.c
[2.350s] -- Up-to-date: /home/pheonix/ros2_ws/install/turtlesim/include/turtlesim/turtlesim/msg/detail/color__struct.h
[2.350s] -- Up-to-date: /home/pheonix/ros2_ws/install/turtlesim/include/turtlesim/turtlesim/msg/detail/pose__functions.h
[2.350s] -- Up-to-date: /home/pheonix/ros2_ws/install/turtlesim/include/turtlesim/turtlesim/msg/detail/color__description.c
[2.350s] -- Up-to-date: /home/pheonix/ros2_ws/install/turtlesim/include/turtlesim/turtlesim/msg/detail/color__functions.h
[2.350s] -- Up-to-date: /home/pheonix/ros2_ws/install/turtlesim/include/turtlesim/turtlesim/msg/detail/pose__type_support.h
[2.350s] -- Up-to-date: /home/pheonix/ros2_ws/install/turtlesim/include/turtlesim/turtlesim/msg/detail/color__functions.c
[2.350s] -- Up-to-date: /home/pheonix/ros2_ws/install/turtlesim/include/turtlesim/turtlesim/msg/detail/pose__description.c
[2.350s] -- Up-to-date: /home/pheonix/ros2_ws/install/turtlesim/include/turtlesim/turtlesim/msg/detail/pose__struct.h
[2.350s] -- Up-to-date: /home/pheonix/ros2_ws/install/turtlesim/include/turtlesim/turtlesim/msg/detail/color__type_support.h
[2.350s] -- Installing: /home/pheonix/ros2_ws/install/turtlesim/include/turtlesim/turtlesim/msg/detail/pose__type_support.c
[2.350s] -- Up-to-date: /home/pheonix/ros2_ws/install/turtlesim/include/turtlesim/turtlesim/msg/pose.h
[2.350s] -- Up-to-date: /home/pheonix/ros2_ws/install/turtlesim/include/turtlesim/turtlesim/msg/color.h
[2.350s] -- Up-to-date: /home/pheonix/ros2_ws/install/turtlesim/include/turtlesim/turtlesim/action
[2.351s] -- Up-to-date: /home/pheonix/ros2_ws/install/turtlesim/include/turtlesim/turtlesim/action/rotate_absolute.h
[2.351s] -- Up-to-date: /home/pheonix/ros2_ws/install/turtlesim/include/turtlesim/turtlesim/action/detail
[2.352s] -- Up-to-date: /home/pheonix/ros2_ws/install/turtlesim/include/turtlesim/turtlesim/action/detail/rotate_absolute__functions.c
[2.352s] -- Up-to-date: /home/pheonix/ros2_ws/install/turtlesim/include/turtlesim/turtlesim/action/detail/rotate_absolute__struct.h
[2.352s] -- Up-to-date: /home/pheonix/ros2_ws/install/turtlesim/include/turtlesim/turtlesim/action/detail/rotate_absolute__description.c
[2.352s] -- Up-to-date: /home/pheonix/ros2_ws/install/turtlesim/include/turtlesim/turtlesim/action/detail/rotate_absolute__functions.h
[2.353s] -- Up-to-date: /home/pheonix/ros2_ws/install/turtlesim/include/turtlesim/turtlesim/action/detail/rotate_absolute__type_support.h
[2.353s] -- Installing: /home/pheonix/ros2_ws/install/turtlesim/include/turtlesim/turtlesim/action/detail/rotate_absolute__type_support.c
[2.353s] -- Up-to-date: /home/pheonix/ros2_ws/install/turtlesim/include/turtlesim/turtlesim/srv
[2.354s] -- Up-to-date: /home/pheonix/ros2_ws/install/turtlesim/include/turtlesim/turtlesim/srv/set_pen.h
[2.354s] -- Up-to-date: /home/pheonix/ros2_ws/install/turtlesim/include/turtlesim/turtlesim/srv/kill.h
[2.354s] -- Up-to-date: /home/pheonix/ros2_ws/install/turtlesim/include/turtlesim/turtlesim/srv/teleport_relative.h
[2.354s] -- Up-to-date: /home/pheonix/ros2_ws/install/turtlesim/include/turtlesim/turtlesim/srv/teleport_absolute.h
[2.354s] -- Up-to-date: /home/pheonix/ros2_ws/install/turtlesim/include/turtlesim/turtlesim/srv/detail
[2.355s] -- Installing: /home/pheonix/ros2_ws/install/turtlesim/include/turtlesim/turtlesim/srv/detail/teleport_relative__type_support.c
[2.355s] -- Up-to-date: /home/pheonix/ros2_ws/install/turtlesim/include/turtlesim/turtlesim/srv/detail/set_pen__type_support.h
[2.355s] -- Up-to-date: /home/pheonix/ros2_ws/install/turtlesim/include/turtlesim/turtlesim/srv/detail/kill__struct.h
[2.355s] -- Up-to-date: /home/pheonix/ros2_ws/install/turtlesim/include/turtlesim/turtlesim/srv/detail/kill__functions.c
[2.355s] -- Up-to-date: /home/pheonix/ros2_ws/install/turtlesim/include/turtlesim/turtlesim/srv/detail/spawn__functions.h
[2.356s] -- Up-to-date: /home/pheonix/ros2_ws/install/turtlesim/include/turtlesim/turtlesim/srv/detail/kill__description.c
[2.356s] -- Up-to-date: /home/pheonix/ros2_ws/install/turtlesim/include/turtlesim/turtlesim/srv/detail/teleport_relative__description.c
[2.356s] -- Up-to-date: /home/pheonix/ros2_ws/install/turtlesim/include/turtlesim/turtlesim/srv/detail/teleport_absolute__description.c
[2.356s] -- Installing: /home/pheonix/ros2_ws/install/turtlesim/include/turtlesim/turtlesim/srv/detail/kill__type_support.c
[2.356s] -- Up-to-date: /home/pheonix/ros2_ws/install/turtlesim/include/turtlesim/turtlesim/srv/detail/teleport_relative__struct.h
[2.356s] -- Installing: /home/pheonix/ros2_ws/install/turtlesim/include/turtlesim/turtlesim/srv/detail/set_pen__type_support.c
[2.357s] -- Up-to-date: /home/pheonix/ros2_ws/install/turtlesim/include/turtlesim/turtlesim/srv/detail/teleport_absolute__type_support.h
[2.357s] -- Installing: /home/pheonix/ros2_ws/install/turtlesim/include/turtlesim/turtlesim/srv/detail/spawn__type_support.c
[2.358s] -- Up-to-date: /home/pheonix/ros2_ws/install/turtlesim/include/turtlesim/turtlesim/srv/detail/teleport_absolute__struct.h
[2.358s] -- Up-to-date: /home/pheonix/ros2_ws/install/turtlesim/include/turtlesim/turtlesim/srv/detail/teleport_relative__functions.c
[2.358s] -- Up-to-date: /home/pheonix/ros2_ws/install/turtlesim/include/turtlesim/turtlesim/srv/detail/teleport_absolute__functions.c
[2.358s] -- Up-to-date: /home/pheonix/ros2_ws/install/turtlesim/include/turtlesim/turtlesim/srv/detail/teleport_relative__type_support.h
[2.358s] -- Up-to-date: /home/pheonix/ros2_ws/install/turtlesim/include/turtlesim/turtlesim/srv/detail/set_pen__description.c
[2.359s] -- Up-to-date: /home/pheonix/ros2_ws/install/turtlesim/include/turtlesim/turtlesim/srv/detail/kill__functions.h
[2.359s] -- Up-to-date: /home/pheonix/ros2_ws/install/turtlesim/include/turtlesim/turtlesim/srv/detail/teleport_relative__functions.h
[2.359s] -- Up-to-date: /home/pheonix/ros2_ws/install/turtlesim/include/turtlesim/turtlesim/srv/detail/set_pen__struct.h
[2.359s] -- Up-to-date: /home/pheonix/ros2_ws/install/turtlesim/include/turtlesim/turtlesim/srv/detail/spawn__struct.h
[2.359s] -- Up-to-date: /home/pheonix/ros2_ws/install/turtlesim/include/turtlesim/turtlesim/srv/detail/kill__type_support.h
[2.359s] -- Up-to-date: /home/pheonix/ros2_ws/install/turtlesim/include/turtlesim/turtlesim/srv/detail/teleport_absolute__functions.h
[2.359s] -- Up-to-date: /home/pheonix/ros2_ws/install/turtlesim/include/turtlesim/turtlesim/srv/detail/spawn__description.c
[2.359s] -- Up-to-date: /home/pheonix/ros2_ws/install/turtlesim/include/turtlesim/turtlesim/srv/detail/set_pen__functions.c
[2.359s] -- Installing: /home/pheonix/ros2_ws/install/turtlesim/include/turtlesim/turtlesim/srv/detail/teleport_absolute__type_support.c
[2.360s] -- Up-to-date: /home/pheonix/ros2_ws/install/turtlesim/include/turtlesim/turtlesim/srv/detail/spawn__functions.c
[2.360s] -- Up-to-date: /home/pheonix/ros2_ws/install/turtlesim/include/turtlesim/turtlesim/srv/detail/spawn__type_support.h
[2.360s] -- Up-to-date: /home/pheonix/ros2_ws/install/turtlesim/include/turtlesim/turtlesim/srv/detail/set_pen__functions.h
[2.360s] -- Up-to-date: /home/pheonix/ros2_ws/install/turtlesim/include/turtlesim/turtlesim/srv/spawn.h
[2.361s] -- Up-to-date: /home/pheonix/ros2_ws/install/turtlesim/share/turtlesim/environment/library_path.sh
[2.361s] -- Up-to-date: /home/pheonix/ros2_ws/install/turtlesim/share/turtlesim/environment/library_path.dsv
[2.363s] -- Up-to-date: /home/pheonix/ros2_ws/install/turtlesim/lib/libturtlesim__rosidl_generator_c.so
[2.363s] -- Up-to-date: /home/pheonix/ros2_ws/install/turtlesim/include/turtlesim/turtlesim
[2.363s] -- Up-to-date: /home/pheonix/ros2_ws/install/turtlesim/include/turtlesim/turtlesim/msg
[2.364s] -- Up-to-date: /home/pheonix/ros2_ws/install/turtlesim/include/turtlesim/turtlesim/msg/rosidl_typesupport_fastrtps_c__visibility_control.h
[2.364s] -- Up-to-date: /home/pheonix/ros2_ws/install/turtlesim/include/turtlesim/turtlesim/msg/detail
[2.364s] -- Up-to-date: /home/pheonix/ros2_ws/install/turtlesim/include/turtlesim/turtlesim/msg/detail/color__rosidl_typesupport_fastrtps_c.h
[2.364s] -- Up-to-date: /home/pheonix/ros2_ws/install/turtlesim/include/turtlesim/turtlesim/msg/detail/pose__rosidl_typesupport_fastrtps_c.h
[2.365s] -- Up-to-date: /home/pheonix/ros2_ws/install/turtlesim/include/turtlesim/turtlesim/action
[2.365s] -- Up-to-date: /home/pheonix/ros2_ws/install/turtlesim/include/turtlesim/turtlesim/action/detail
[2.365s] -- Up-to-date: /home/pheonix/ros2_ws/install/turtlesim/include/turtlesim/turtlesim/action/detail/rotate_absolute__rosidl_typesupport_fastrtps_c.h
[2.365s] -- Up-to-date: /home/pheonix/ros2_ws/install/turtlesim/include/turtlesim/turtlesim/srv
[2.365s] -- Up-to-date: /home/pheonix/ros2_ws/install/turtlesim/include/turtlesim/turtlesim/srv/detail
[2.365s] -- Up-to-date: /home/pheonix/ros2_ws/install/turtlesim/include/turtlesim/turtlesim/srv/detail/teleport_relative__rosidl_typesupport_fastrtps_c.h
[2.365s] -- Up-to-date: /home/pheonix/ros2_ws/install/turtlesim/include/turtlesim/turtlesim/srv/detail/set_pen__rosidl_typesupport_fastrtps_c.h
[2.365s] -- Up-to-date: /home/pheonix/ros2_ws/install/turtlesim/include/turtlesim/turtlesim/srv/detail/teleport_absolute__rosidl_typesupport_fastrtps_c.h
[2.365s] -- Up-to-date: /home/pheonix/ros2_ws/install/turtlesim/include/turtlesim/turtlesim/srv/detail/kill__rosidl_typesupport_fastrtps_c.h
[2.365s] -- Up-to-date: /home/pheonix/ros2_ws/install/turtlesim/include/turtlesim/turtlesim/srv/detail/spawn__rosidl_typesupport_fastrtps_c.h
[2.367s] -- Up-to-date: /home/pheonix/ros2_ws/install/turtlesim/lib/libturtlesim__rosidl_typesupport_fastrtps_c.so
[2.368s] -- Up-to-date: /home/pheonix/ros2_ws/install/turtlesim/include/turtlesim/turtlesim
[2.368s] -- Up-to-date: /home/pheonix/ros2_ws/install/turtlesim/include/turtlesim/turtlesim/msg
[2.368s] -- Up-to-date: /home/pheonix/ros2_ws/install/turtlesim/include/turtlesim/turtlesim/msg/rosidl_generator_cpp__visibility_control.hpp
[2.369s] -- Up-to-date: /home/pheonix/ros2_ws/install/turtlesim/include/turtlesim/turtlesim/msg/detail
[2.369s] -- Up-to-date: /home/pheonix/ros2_ws/install/turtlesim/include/turtlesim/turtlesim/msg/detail/pose__builder.hpp
[2.369s] -- Up-to-date: /home/pheonix/ros2_ws/install/turtlesim/include/turtlesim/turtlesim/msg/detail/color__struct.hpp
[2.370s] -- Up-to-date: /home/pheonix/ros2_ws/install/turtlesim/include/turtlesim/turtlesim/msg/detail/color__type_support.hpp
[2.370s] -- Up-to-date: /home/pheonix/ros2_ws/install/turtlesim/include/turtlesim/turtlesim/msg/detail/pose__struct.hpp
[2.371s] -- Up-to-date: /home/pheonix/ros2_ws/install/turtlesim/include/turtlesim/turtlesim/msg/detail/color__builder.hpp
[2.371s] -- Up-to-date: /home/pheonix/ros2_ws/install/turtlesim/include/turtlesim/turtlesim/msg/detail/color__traits.hpp
[2.371s] -- Up-to-date: /home/pheonix/ros2_ws/install/turtlesim/include/turtlesim/turtlesim/msg/detail/pose__type_support.hpp
[2.371s] -- Up-to-date: /home/pheonix/ros2_ws/install/turtlesim/include/turtlesim/turtlesim/msg/detail/pose__traits.hpp
[2.372s] -- Up-to-date: /home/pheonix/ros2_ws/install/turtlesim/include/turtlesim/turtlesim/msg/pose.hpp
[2.372s] -- Up-to-date: /home/pheonix/ros2_ws/install/turtlesim/include/turtlesim/turtlesim/msg/color.hpp
[2.372s] -- Up-to-date: /home/pheonix/ros2_ws/install/turtlesim/include/turtlesim/turtlesim/action
[2.372s] -- Up-to-date: /home/pheonix/ros2_ws/install/turtlesim/include/turtlesim/turtlesim/action/rotate_absolute.hpp
[2.372s] -- Up-to-date: /home/pheonix/ros2_ws/install/turtlesim/include/turtlesim/turtlesim/action/detail
[2.372s] -- Up-to-date: /home/pheonix/ros2_ws/install/turtlesim/include/turtlesim/turtlesim/action/detail/rotate_absolute__struct.hpp
[2.372s] -- Up-to-date: /home/pheonix/ros2_ws/install/turtlesim/include/turtlesim/turtlesim/action/detail/rotate_absolute__type_support.hpp
[2.373s] -- Up-to-date: /home/pheonix/ros2_ws/install/turtlesim/include/turtlesim/turtlesim/action/detail/rotate_absolute__builder.hpp
[2.373s] -- Up-to-date: /home/pheonix/ros2_ws/install/turtlesim/include/turtlesim/turtlesim/action/detail/rotate_absolute__traits.hpp
[2.373s] -- Up-to-date: /home/pheonix/ros2_ws/install/turtlesim/include/turtlesim/turtlesim/srv
[2.373s] -- Up-to-date: /home/pheonix/ros2_ws/install/turtlesim/include/turtlesim/turtlesim/srv/spawn.hpp
[2.373s] -- Up-to-date: /home/pheonix/ros2_ws/install/turtlesim/include/turtlesim/turtlesim/srv/kill.hpp
[2.373s] -- Up-to-date: /home/pheonix/ros2_ws/install/turtlesim/include/turtlesim/turtlesim/srv/set_pen.hpp
[2.373s] -- Up-to-date: /home/pheonix/ros2_ws/install/turtlesim/include/turtlesim/turtlesim/srv/detail
[2.373s] -- Up-to-date: /home/pheonix/ros2_ws/install/turtlesim/include/turtlesim/turtlesim/srv/detail/spawn__traits.hpp
[2.373s] -- Up-to-date: /home/pheonix/ros2_ws/install/turtlesim/include/turtlesim/turtlesim/srv/detail/spawn__type_support.hpp
[2.373s] -- Up-to-date: /home/pheonix/ros2_ws/install/turtlesim/include/turtlesim/turtlesim/srv/detail/kill__traits.hpp
[2.373s] -- Up-to-date: /home/pheonix/ros2_ws/install/turtlesim/include/turtlesim/turtlesim/srv/detail/spawn__builder.hpp
[2.373s] -- Up-to-date: /home/pheonix/ros2_ws/install/turtlesim/include/turtlesim/turtlesim/srv/detail/kill__builder.hpp
[2.373s] -- Up-to-date: /home/pheonix/ros2_ws/install/turtlesim/include/turtlesim/turtlesim/srv/detail/teleport_relative__traits.hpp
[2.373s] -- Up-to-date: /home/pheonix/ros2_ws/install/turtlesim/include/turtlesim/turtlesim/srv/detail/teleport_absolute__traits.hpp
[2.373s] -- Up-to-date: /home/pheonix/ros2_ws/install/turtlesim/include/turtlesim/turtlesim/srv/detail/set_pen__type_support.hpp
[2.373s] -- Up-to-date: /home/pheonix/ros2_ws/install/turtlesim/include/turtlesim/turtlesim/srv/detail/teleport_relative__type_support.hpp
[2.373s] -- Up-to-date: /home/pheonix/ros2_ws/install/turtlesim/include/turtlesim/turtlesim/srv/detail/kill__type_support.hpp
[2.374s] -- Up-to-date: /home/pheonix/ros2_ws/install/turtlesim/include/turtlesim/turtlesim/srv/detail/teleport_absolute__builder.hpp
[2.374s] -- Up-to-date: /home/pheonix/ros2_ws/install/turtlesim/include/turtlesim/turtlesim/srv/detail/teleport_relative__struct.hpp
[2.374s] -- Up-to-date: /home/pheonix/ros2_ws/install/turtlesim/include/turtlesim/turtlesim/srv/detail/teleport_absolute__struct.hpp
[2.374s] -- Up-to-date: /home/pheonix/ros2_ws/install/turtlesim/include/turtlesim/turtlesim/srv/detail/kill__struct.hpp
[2.374s] -- Up-to-date: /home/pheonix/ros2_ws/install/turtlesim/include/turtlesim/turtlesim/srv/detail/set_pen__traits.hpp
[2.374s] -- Up-to-date: /home/pheonix/ros2_ws/install/turtlesim/include/turtlesim/turtlesim/srv/detail/set_pen__builder.hpp
[2.375s] -- Up-to-date: /home/pheonix/ros2_ws/install/turtlesim/include/turtlesim/turtlesim/srv/detail/set_pen__struct.hpp
[2.375s] -- Up-to-date: /home/pheonix/ros2_ws/install/turtlesim/include/turtlesim/turtlesim/srv/detail/spawn__struct.hpp
[2.375s] -- Up-to-date: /home/pheonix/ros2_ws/install/turtlesim/include/turtlesim/turtlesim/srv/detail/teleport_relative__builder.hpp
[2.375s] -- Up-to-date: /home/pheonix/ros2_ws/install/turtlesim/include/turtlesim/turtlesim/srv/detail/teleport_absolute__type_support.hpp
[2.375s] -- Up-to-date: /home/pheonix/ros2_ws/install/turtlesim/include/turtlesim/turtlesim/srv/teleport_absolute.hpp
[2.375s] -- Up-to-date: /home/pheonix/ros2_ws/install/turtlesim/include/turtlesim/turtlesim/srv/teleport_relative.hpp
[2.375s] -- Up-to-date: /home/pheonix/ros2_ws/install/turtlesim/include/turtlesim/turtlesim
[2.375s] -- Up-to-date: /home/pheonix/ros2_ws/install/turtlesim/include/turtlesim/turtlesim/msg
[2.375s] -- Up-to-date: /home/pheonix/ros2_ws/install/turtlesim/include/turtlesim/turtlesim/msg/detail
[2.375s] -- Up-to-date: /home/pheonix/ros2_ws/install/turtlesim/include/turtlesim/turtlesim/msg/detail/color__rosidl_typesupport_fastrtps_cpp.hpp
[2.375s] -- Up-to-date: /home/pheonix/ros2_ws/install/turtlesim/include/turtlesim/turtlesim/msg/detail/dds_fastrtps
[2.376s] -- Up-to-date: /home/pheonix/ros2_ws/install/turtlesim/include/turtlesim/turtlesim/msg/detail/pose__rosidl_typesupport_fastrtps_cpp.hpp
[2.376s] -- Up-to-date: /home/pheonix/ros2_ws/install/turtlesim/include/turtlesim/turtlesim/msg/rosidl_typesupport_fastrtps_cpp__visibility_control.h
[2.376s] -- Up-to-date: /home/pheonix/ros2_ws/install/turtlesim/include/turtlesim/turtlesim/action
[2.376s] -- Up-to-date: /home/pheonix/ros2_ws/install/turtlesim/include/turtlesim/turtlesim/action/detail
[2.376s] -- Up-to-date: /home/pheonix/ros2_ws/install/turtlesim/include/turtlesim/turtlesim/action/detail/dds_fastrtps
[2.376s] -- Up-to-date: /home/pheonix/ros2_ws/install/turtlesim/include/turtlesim/turtlesim/action/detail/rotate_absolute__rosidl_typesupport_fastrtps_cpp.hpp
[2.377s] -- Up-to-date: /home/pheonix/ros2_ws/install/turtlesim/include/turtlesim/turtlesim/srv
[2.377s] -- Up-to-date: /home/pheonix/ros2_ws/install/turtlesim/include/turtlesim/turtlesim/srv/detail
[2.377s] -- Up-to-date: /home/pheonix/ros2_ws/install/turtlesim/include/turtlesim/turtlesim/srv/detail/dds_fastrtps
[2.377s] -- Up-to-date: /home/pheonix/ros2_ws/install/turtlesim/include/turtlesim/turtlesim/srv/detail/teleport_relative__rosidl_typesupport_fastrtps_cpp.hpp
[2.377s] -- Up-to-date: /home/pheonix/ros2_ws/install/turtlesim/include/turtlesim/turtlesim/srv/detail/spawn__rosidl_typesupport_fastrtps_cpp.hpp
[2.377s] -- Up-to-date: /home/pheonix/ros2_ws/install/turtlesim/include/turtlesim/turtlesim/srv/detail/teleport_absolute__rosidl_typesupport_fastrtps_cpp.hpp
[2.378s] -- Up-to-date: /home/pheonix/ros2_ws/install/turtlesim/include/turtlesim/turtlesim/srv/detail/set_pen__rosidl_typesupport_fastrtps_cpp.hpp
[2.378s] -- Up-to-date: /home/pheonix/ros2_ws/install/turtlesim/include/turtlesim/turtlesim/srv/detail/kill__rosidl_typesupport_fastrtps_cpp.hpp
[2.378s] -- Up-to-date: /home/pheonix/ros2_ws/install/turtlesim/lib/libturtlesim__rosidl_typesupport_fastrtps_cpp.so
[2.378s] -- Up-to-date: /home/pheonix/ros2_ws/install/turtlesim/include/turtlesim/turtlesim
[2.378s] -- Up-to-date: /home/pheonix/ros2_ws/install/turtlesim/include/turtlesim/turtlesim/msg
[2.378s] -- Up-to-date: /home/pheonix/ros2_ws/install/turtlesim/include/turtlesim/turtlesim/msg/detail
[2.378s] -- Installing: /home/pheonix/ros2_ws/install/turtlesim/include/turtlesim/turtlesim/msg/detail/color__type_support.c
[2.378s] -- Up-to-date: /home/pheonix/ros2_ws/install/turtlesim/include/turtlesim/turtlesim/msg/detail/pose__rosidl_typesupport_introspection_c.h
[2.378s] -- Up-to-date: /home/pheonix/ros2_ws/install/turtlesim/include/turtlesim/turtlesim/msg/detail/color__rosidl_typesupport_introspection_c.h
[2.378s] -- Installing: /home/pheonix/ros2_ws/install/turtlesim/include/turtlesim/turtlesim/msg/detail/pose__type_support.c
[2.378s] -- Up-to-date: /home/pheonix/ros2_ws/install/turtlesim/include/turtlesim/turtlesim/msg/rosidl_typesupport_introspection_c__visibility_control.h
[2.378s] -- Up-to-date: /home/pheonix/ros2_ws/install/turtlesim/include/turtlesim/turtlesim/action
[2.378s] -- Up-to-date: /home/pheonix/ros2_ws/install/turtlesim/include/turtlesim/turtlesim/action/detail
[2.378s] -- Up-to-date: /home/pheonix/ros2_ws/install/turtlesim/include/turtlesim/turtlesim/action/detail/rotate_absolute__rosidl_typesupport_introspection_c.h
[2.378s] -- Installing: /home/pheonix/ros2_ws/install/turtlesim/include/turtlesim/turtlesim/action/detail/rotate_absolute__type_support.c
[2.379s] -- Up-to-date: /home/pheonix/ros2_ws/install/turtlesim/include/turtlesim/turtlesim/srv
[2.379s] -- Up-to-date: /home/pheonix/ros2_ws/install/turtlesim/include/turtlesim/turtlesim/srv/detail
[2.379s] -- Installing: /home/pheonix/ros2_ws/install/turtlesim/include/turtlesim/turtlesim/srv/detail/teleport_relative__type_support.c
[2.380s] -- Up-to-date: /home/pheonix/ros2_ws/install/turtlesim/include/turtlesim/turtlesim/srv/detail/teleport_relative__rosidl_typesupport_introspection_c.h
[2.380s] -- Up-to-date: /home/pheonix/ros2_ws/install/turtlesim/include/turtlesim/turtlesim/srv/detail/spawn__rosidl_typesupport_introspection_c.h
[2.380s] -- Installing: /home/pheonix/ros2_ws/install/turtlesim/include/turtlesim/turtlesim/srv/detail/kill__type_support.c
[2.381s] -- Installing: /home/pheonix/ros2_ws/install/turtlesim/include/turtlesim/turtlesim/srv/detail/set_pen__type_support.c
[2.382s] -- Installing: /home/pheonix/ros2_ws/install/turtlesim/include/turtlesim/turtlesim/srv/detail/spawn__type_support.c
[2.383s] -- Up-to-date: /home/pheonix/ros2_ws/install/turtlesim/include/turtlesim/turtlesim/srv/detail/set_pen__rosidl_typesupport_introspection_c.h
[2.383s] -- Up-to-date: /home/pheonix/ros2_ws/install/turtlesim/include/turtlesim/turtlesim/srv/detail/kill__rosidl_typesupport_introspection_c.h
[2.383s] -- Up-to-date: /home/pheonix/ros2_ws/install/turtlesim/include/turtlesim/turtlesim/srv/detail/teleport_absolute__rosidl_typesupport_introspection_c.h
[2.384s] -- Installing: /home/pheonix/ros2_ws/install/turtlesim/include/turtlesim/turtlesim/srv/detail/teleport_absolute__type_support.c
[2.387s] -- Up-to-date: /home/pheonix/ros2_ws/install/turtlesim/lib/libturtlesim__rosidl_typesupport_introspection_c.so
[2.388s] -- Up-to-date: /home/pheonix/ros2_ws/install/turtlesim/lib/libturtlesim__rosidl_typesupport_c.so
[2.389s] -- Up-to-date: /home/pheonix/ros2_ws/install/turtlesim/include/turtlesim/turtlesim
[2.389s] -- Up-to-date: /home/pheonix/ros2_ws/install/turtlesim/include/turtlesim/turtlesim/msg
[2.390s] -- Up-to-date: /home/pheonix/ros2_ws/install/turtlesim/include/turtlesim/turtlesim/msg/detail
[2.390s] -- Up-to-date: /home/pheonix/ros2_ws/install/turtlesim/include/turtlesim/turtlesim/msg/detail/pose__rosidl_typesupport_introspection_cpp.hpp
[2.390s] -- Up-to-date: /home/pheonix/ros2_ws/install/turtlesim/include/turtlesim/turtlesim/msg/detail/color__rosidl_typesupport_introspection_cpp.hpp
[2.390s] -- Up-to-date: /home/pheonix/ros2_ws/install/turtlesim/include/turtlesim/turtlesim/msg/detail/color__type_support.cpp
[2.390s] -- Up-to-date: /home/pheonix/ros2_ws/install/turtlesim/include/turtlesim/turtlesim/msg/detail/pose__type_support.cpp
[2.391s] -- Up-to-date: /home/pheonix/ros2_ws/install/turtlesim/include/turtlesim/turtlesim/action
[2.391s] -- Up-to-date: /home/pheonix/ros2_ws/install/turtlesim/include/turtlesim/turtlesim/action/detail
[2.391s] -- Up-to-date: /home/pheonix/ros2_ws/install/turtlesim/include/turtlesim/turtlesim/action/detail/rotate_absolute__rosidl_typesupport_introspection_cpp.hpp
[2.392s] -- Up-to-date: /home/pheonix/ros2_ws/install/turtlesim/include/turtlesim/turtlesim/action/detail/rotate_absolute__type_support.cpp
[2.392s] -- Up-to-date: /home/pheonix/ros2_ws/install/turtlesim/include/turtlesim/turtlesim/srv
[2.392s] -- Up-to-date: /home/pheonix/ros2_ws/install/turtlesim/include/turtlesim/turtlesim/srv/detail
[2.392s] -- Up-to-date: /home/pheonix/ros2_ws/install/turtlesim/include/turtlesim/turtlesim/srv/detail/kill__type_support.cpp
[2.392s] -- Up-to-date: /home/pheonix/ros2_ws/install/turtlesim/include/turtlesim/turtlesim/srv/detail/teleport_absolute__type_support.cpp
[2.393s] -- Up-to-date: /home/pheonix/ros2_ws/install/turtlesim/include/turtlesim/turtlesim/srv/detail/spawn__type_support.cpp
[2.393s] -- Up-to-date: /home/pheonix/ros2_ws/install/turtlesim/include/turtlesim/turtlesim/srv/detail/teleport_relative__rosidl_typesupport_introspection_cpp.hpp
[2.393s] -- Up-to-date: /home/pheonix/ros2_ws/install/turtlesim/include/turtlesim/turtlesim/srv/detail/set_pen__type_support.cpp
[2.393s] -- Up-to-date: /home/pheonix/ros2_ws/install/turtlesim/include/turtlesim/turtlesim/srv/detail/teleport_absolute__rosidl_typesupport_introspection_cpp.hpp
[2.393s] -- Up-to-date: /home/pheonix/ros2_ws/install/turtlesim/include/turtlesim/turtlesim/srv/detail/set_pen__rosidl_typesupport_introspection_cpp.hpp
[2.393s] -- Up-to-date: /home/pheonix/ros2_ws/install/turtlesim/include/turtlesim/turtlesim/srv/detail/spawn__rosidl_typesupport_introspection_cpp.hpp
[2.393s] -- Up-to-date: /home/pheonix/ros2_ws/install/turtlesim/include/turtlesim/turtlesim/srv/detail/kill__rosidl_typesupport_introspection_cpp.hpp
[2.393s] -- Up-to-date: /home/pheonix/ros2_ws/install/turtlesim/include/turtlesim/turtlesim/srv/detail/teleport_relative__type_support.cpp
[2.393s] -- Up-to-date: /home/pheonix/ros2_ws/install/turtlesim/lib/libturtlesim__rosidl_typesupport_introspection_cpp.so
[2.394s] -- Up-to-date: /home/pheonix/ros2_ws/install/turtlesim/lib/libturtlesim__rosidl_typesupport_cpp.so
[2.394s] -- Up-to-date: /home/pheonix/ros2_ws/install/turtlesim/share/turtlesim/environment/pythonpath.sh
[2.394s] -- Up-to-date: /home/pheonix/ros2_ws/install/turtlesim/share/turtlesim/environment/pythonpath.dsv
[2.396s] -- Up-to-date: /home/pheonix/ros2_ws/install/turtlesim/lib/python3.12/site-packages/turtlesim-1.8.3-py3.12.egg-info
[2.396s] -- Installing: /home/pheonix/ros2_ws/install/turtlesim/lib/python3.12/site-packages/turtlesim-1.8.3-py3.12.egg-info/SOURCES.txt
[2.397s] -- Installing: /home/pheonix/ros2_ws/install/turtlesim/lib/python3.12/site-packages/turtlesim-1.8.3-py3.12.egg-info/dependency_links.txt
[2.397s] -- Installing: /home/pheonix/ros2_ws/install/turtlesim/lib/python3.12/site-packages/turtlesim-1.8.3-py3.12.egg-info/PKG-INFO
[2.397s] -- Installing: /home/pheonix/ros2_ws/install/turtlesim/lib/python3.12/site-packages/turtlesim-1.8.3-py3.12.egg-info/top_level.txt
[2.398s] -- Up-to-date: /home/pheonix/ros2_ws/install/turtlesim/lib/python3.12/site-packages/turtlesim
[2.398s] -- Up-to-date: /home/pheonix/ros2_ws/install/turtlesim/lib/python3.12/site-packages/turtlesim/_turtlesim_s.ep.rosidl_typesupport_introspection_c.c
[2.398s] -- Up-to-date: /home/pheonix/ros2_ws/install/turtlesim/lib/python3.12/site-packages/turtlesim/turtlesim_s__rosidl_typesupport_fastrtps_c.so
[2.398s] -- Up-to-date: /home/pheonix/ros2_ws/install/turtlesim/lib/python3.12/site-packages/turtlesim/msg
[2.400s] -- Up-to-date: /home/pheonix/ros2_ws/install/turtlesim/lib/python3.12/site-packages/turtlesim/msg/_pose.py
[2.400s] -- Up-to-date: /home/pheonix/ros2_ws/install/turtlesim/lib/python3.12/site-packages/turtlesim/msg/_color.py
[2.400s] -- Up-to-date: /home/pheonix/ros2_ws/install/turtlesim/lib/python3.12/site-packages/turtlesim/msg/__init__.py
[2.401s] -- Up-to-date: /home/pheonix/ros2_ws/install/turtlesim/lib/python3.12/site-packages/turtlesim/msg/_color_s.c
[2.401s] -- Up-to-date: /home/pheonix/ros2_ws/install/turtlesim/lib/python3.12/site-packages/turtlesim/msg/_pose_s.c
[2.404s] -- Up-to-date: /home/pheonix/ros2_ws/install/turtlesim/lib/python3.12/site-packages/turtlesim/_turtlesim_s.ep.rosidl_typesupport_c.c
[2.404s] -- Up-to-date: /home/pheonix/ros2_ws/install/turtlesim/lib/python3.12/site-packages/turtlesim/__init__.py
[2.404s] -- Up-to-date: /home/pheonix/ros2_ws/install/turtlesim/lib/python3.12/site-packages/turtlesim/turtlesim_s__rosidl_typesupport_c.so
[2.404s] -- Up-to-date: /home/pheonix/ros2_ws/install/turtlesim/lib/python3.12/site-packages/turtlesim/action
[2.404s] -- Up-to-date: /home/pheonix/ros2_ws/install/turtlesim/lib/python3.12/site-packages/turtlesim/action/_rotate_absolute.py
[2.405s] -- Up-to-date: /home/pheonix/ros2_ws/install/turtlesim/lib/python3.12/site-packages/turtlesim/action/__init__.py
[2.405s] -- Up-to-date: /home/pheonix/ros2_ws/install/turtlesim/lib/python3.12/site-packages/turtlesim/action/_rotate_absolute_s.c
[2.405s] -- Up-to-date: /home/pheonix/ros2_ws/install/turtlesim/lib/python3.12/site-packages/turtlesim/_turtlesim_s.ep.rosidl_typesupport_fastrtps_c.c
[2.405s] -- Up-to-date: /home/pheonix/ros2_ws/install/turtlesim/lib/python3.12/site-packages/turtlesim/srv
[2.405s] -- Up-to-date: /home/pheonix/ros2_ws/install/turtlesim/lib/python3.12/site-packages/turtlesim/srv/_set_pen.py
[2.405s] -- Up-to-date: /home/pheonix/ros2_ws/install/turtlesim/lib/python3.12/site-packages/turtlesim/srv/_kill.py
[2.405s] -- Up-to-date: /home/pheonix/ros2_ws/install/turtlesim/lib/python3.12/site-packages/turtlesim/srv/_spawn_s.c
[2.405s] -- Up-to-date: /home/pheonix/ros2_ws/install/turtlesim/lib/python3.12/site-packages/turtlesim/srv/_teleport_absolute_s.c
[2.405s] -- Up-to-date: /home/pheonix/ros2_ws/install/turtlesim/lib/python3.12/site-packages/turtlesim/srv/_teleport_relative_s.c
[2.405s] -- Up-to-date: /home/pheonix/ros2_ws/install/turtlesim/lib/python3.12/site-packages/turtlesim/srv/_teleport_relative.py
[2.405s] -- Up-to-date: /home/pheonix/ros2_ws/install/turtlesim/lib/python3.12/site-packages/turtlesim/srv/__init__.py
[2.405s] -- Up-to-date: /home/pheonix/ros2_ws/install/turtlesim/lib/python3.12/site-packages/turtlesim/srv/_set_pen_s.c
[2.405s] -- Up-to-date: /home/pheonix/ros2_ws/install/turtlesim/lib/python3.12/site-packages/turtlesim/srv/_spawn.py
[2.405s] -- Up-to-date: /home/pheonix/ros2_ws/install/turtlesim/lib/python3.12/site-packages/turtlesim/srv/_kill_s.c
[2.405s] -- Up-to-date: /home/pheonix/ros2_ws/install/turtlesim/lib/python3.12/site-packages/turtlesim/srv/_teleport_absolute.py
[2.405s] -- Up-to-date: /home/pheonix/ros2_ws/install/turtlesim/lib/python3.12/site-packages/turtlesim/turtlesim_s__rosidl_typesupport_introspection_c.so
[2.458s] Listing '/home/pheonix/ros2_ws/install/turtlesim/lib/python3.12/site-packages/turtlesim'...
[2.458s] Listing '/home/pheonix/ros2_ws/install/turtlesim/lib/python3.12/site-packages/turtlesim/action'...
[2.458s] Listing '/home/pheonix/ros2_ws/install/turtlesim/lib/python3.12/site-packages/turtlesim/msg'...
[2.458s] Listing '/home/pheonix/ros2_ws/install/turtlesim/lib/python3.12/site-packages/turtlesim/srv'...
[2.464s] -- Up-to-date: /home/pheonix/ros2_ws/install/turtlesim/lib/python3.12/site-packages/turtlesim/turtlesim_s__rosidl_typesupport_fastrtps_c.so
[2.466s] -- Up-to-date: /home/pheonix/ros2_ws/install/turtlesim/lib/python3.12/site-packages/turtlesim/turtlesim_s__rosidl_typesupport_introspection_c.so
[2.468s] -- Up-to-date: /home/pheonix/ros2_ws/install/turtlesim/lib/python3.12/site-packages/turtlesim/turtlesim_s__rosidl_typesupport_c.so
[2.472s] -- Up-to-date: /home/pheonix/ros2_ws/install/turtlesim/lib/libturtlesim__rosidl_generator_py.so
[2.472s] -- Up-to-date: /home/pheonix/ros2_ws/install/turtlesim/share/turtlesim/action/RotateAbsolute.idl
[2.472s] -- Up-to-date: /home/pheonix/ros2_ws/install/turtlesim/share/turtlesim/msg/Color.idl
[2.472s] -- Up-to-date: /home/pheonix/ros2_ws/install/turtlesim/share/turtlesim/msg/Pose.idl
[2.473s] -- Up-to-date: /home/pheonix/ros2_ws/install/turtlesim/share/turtlesim/srv/Kill.idl
[2.473s] -- Up-to-date: /home/pheonix/ros2_ws/install/turtlesim/share/turtlesim/srv/SetPen.idl
[2.473s] -- Up-to-date: /home/pheonix/ros2_ws/install/turtlesim/share/turtlesim/srv/Spawn.idl
[2.473s] -- Up-to-date: /home/pheonix/ros2_ws/install/turtlesim/share/turtlesim/srv/TeleportAbsolute.idl
[2.473s] -- Up-to-date: /home/pheonix/ros2_ws/install/turtlesim/share/turtlesim/srv/TeleportRelative.idl
[2.473s] -- Up-to-date: /home/pheonix/ros2_ws/install/turtlesim/share/turtlesim/action/RotateAbsolute.action
[2.473s] -- Up-to-date: /home/pheonix/ros2_ws/install/turtlesim/share/turtlesim/msg/Color.msg
[2.473s] -- Up-to-date: /home/pheonix/ros2_ws/install/turtlesim/share/turtlesim/msg/Pose.msg
[2.473s] -- Up-to-date: /home/pheonix/ros2_ws/install/turtlesim/share/turtlesim/srv/Kill.srv
[2.473s] -- Up-to-date: /home/pheonix/ros2_ws/install/turtlesim/share/turtlesim/srv/SetPen.srv
[2.473s] -- Up-to-date: /home/pheonix/ros2_ws/install/turtlesim/share/turtlesim/srv/Spawn.srv
[2.473s] -- Up-to-date: /home/pheonix/ros2_ws/install/turtlesim/share/turtlesim/srv/TeleportAbsolute.srv
[2.473s] -- Up-to-date: /home/pheonix/ros2_ws/install/turtlesim/share/turtlesim/srv/TeleportRelative.srv
[2.473s] -- Up-to-date: /home/pheonix/ros2_ws/install/turtlesim/lib/turtlesim/turtlesim_node
[2.475s] -- Up-to-date: /home/pheonix/ros2_ws/install/turtlesim/lib/turtlesim/turtle_teleop_key
[2.476s] -- Up-to-date: /home/pheonix/ros2_ws/install/turtlesim/lib/turtlesim/draw_square
[2.478s] -- Up-to-date: /home/pheonix/ros2_ws/install/turtlesim/lib/turtlesim/mimic
[2.478s] -- Up-to-date: /home/pheonix/ros2_ws/install/turtlesim/share/turtlesim/images
[2.479s] -- Up-to-date: /home/pheonix/ros2_ws/install/turtlesim/share/turtlesim/images/foxy.png
[2.479s] -- Up-to-date: /home/pheonix/ros2_ws/install/turtlesim/share/turtlesim/images/jazzy.png
[2.479s] -- Up-to-date: /home/pheonix/ros2_ws/install/turtlesim/share/turtlesim/images/ardent.png
[2.479s] -- Up-to-date: /home/pheonix/ros2_ws/install/turtlesim/share/turtlesim/images/bouncy.png
[2.480s] -- Up-to-date: /home/pheonix/ros2_ws/install/turtlesim/share/turtlesim/images/crystal.png
[2.480s] -- Up-to-date: /home/pheonix/ros2_ws/install/turtlesim/share/turtlesim/images/iron.png
[2.480s] -- Up-to-date: /home/pheonix/ros2_ws/install/turtlesim/share/turtlesim/images/rolling.png
[2.480s] -- Up-to-date: /home/pheonix/ros2_ws/install/turtlesim/share/turtlesim/images/eloquent.png
[2.480s] -- Up-to-date: /home/pheonix/ros2_ws/install/turtlesim/share/turtlesim/images/dashing.png
[2.480s] -- Up-to-date: /home/pheonix/ros2_ws/install/turtlesim/share/turtlesim/images/humble.png
[2.480s] -- Up-to-date: /home/pheonix/ros2_ws/install/turtlesim/share/turtlesim/images/galactic.png
[2.480s] -- Up-to-date: /home/pheonix/ros2_ws/install/turtlesim/share/turtlesim/launch
[2.481s] -- Up-to-date: /home/pheonix/ros2_ws/install/turtlesim/share/turtlesim/launch/multisim.launch.py
[2.481s] -- Up-to-date: /home/pheonix/ros2_ws/install/turtlesim/share/ament_index/resource_index/package_run_dependencies/turtlesim
[2.482s] -- Up-to-date: /home/pheonix/ros2_ws/install/turtlesim/share/ament_index/resource_index/parent_prefix_path/turtlesim
[2.482s] -- Up-to-date: /home/pheonix/ros2_ws/install/turtlesim/share/turtlesim/environment/ament_prefix_path.sh
[2.482s] -- Up-to-date: /home/pheonix/ros2_ws/install/turtlesim/share/turtlesim/environment/ament_prefix_path.dsv
[2.483s] -- Up-to-date: /home/pheonix/ros2_ws/install/turtlesim/share/turtlesim/environment/path.sh
[2.483s] -- Up-to-date: /home/pheonix/ros2_ws/install/turtlesim/share/turtlesim/environment/path.dsv
[2.483s] -- Up-to-date: /home/pheonix/ros2_ws/install/turtlesim/share/turtlesim/local_setup.bash
[2.483s] -- Up-to-date: /home/pheonix/ros2_ws/install/turtlesim/share/turtlesim/local_setup.sh
[2.483s] -- Up-to-date: /home/pheonix/ros2_ws/install/turtlesim/share/turtlesim/local_setup.zsh
[2.483s] -- Up-to-date: /home/pheonix/ros2_ws/install/turtlesim/share/turtlesim/local_setup.dsv
[2.484s] -- Installing: /home/pheonix/ros2_ws/install/turtlesim/share/turtlesim/package.dsv
[2.485s] -- Up-to-date: /home/pheonix/ros2_ws/install/turtlesim/share/ament_index/resource_index/packages/turtlesim
[2.487s] -- Up-to-date: /home/pheonix/ros2_ws/install/turtlesim/share/turtlesim/cmake/export_turtlesim__rosidl_generator_cExport.cmake
[2.487s] -- Up-to-date: /home/pheonix/ros2_ws/install/turtlesim/share/turtlesim/cmake/export_turtlesim__rosidl_generator_cExport-noconfig.cmake
[2.488s] -- Up-to-date: /home/pheonix/ros2_ws/install/turtlesim/share/turtlesim/cmake/export_turtlesim__rosidl_typesupport_fastrtps_cExport.cmake
[2.488s] -- Up-to-date: /home/pheonix/ros2_ws/install/turtlesim/share/turtlesim/cmake/export_turtlesim__rosidl_typesupport_fastrtps_cExport-noconfig.cmake
[2.489s] -- Up-to-date: /home/pheonix/ros2_ws/install/turtlesim/share/turtlesim/cmake/export_turtlesim__rosidl_generator_cppExport.cmake
[2.490s] -- Up-to-date: /home/pheonix/ros2_ws/install/turtlesim/share/turtlesim/cmake/export_turtlesim__rosidl_typesupport_fastrtps_cppExport.cmake
[2.490s] -- Up-to-date: /home/pheonix/ros2_ws/install/turtlesim/share/turtlesim/cmake/export_turtlesim__rosidl_typesupport_fastrtps_cppExport-noconfig.cmake
[2.491s] -- Up-to-date: /home/pheonix/ros2_ws/install/turtlesim/share/turtlesim/cmake/turtlesim__rosidl_typesupport_introspection_cExport.cmake
[2.491s] -- Up-to-date: /home/pheonix/ros2_ws/install/turtlesim/share/turtlesim/cmake/turtlesim__rosidl_typesupport_introspection_cExport-noconfig.cmake
[2.492s] -- Up-to-date: /home/pheonix/ros2_ws/install/turtlesim/share/turtlesim/cmake/turtlesim__rosidl_typesupport_cExport.cmake
[2.492s] -- Up-to-date: /home/pheonix/ros2_ws/install/turtlesim/share/turtlesim/cmake/turtlesim__rosidl_typesupport_cExport-noconfig.cmake
[2.494s] -- Up-to-date: /home/pheonix/ros2_ws/install/turtlesim/share/turtlesim/cmake/turtlesim__rosidl_typesupport_introspection_cppExport.cmake
[2.494s] -- Up-to-date: /home/pheonix/ros2_ws/install/turtlesim/share/turtlesim/cmake/turtlesim__rosidl_typesupport_introspection_cppExport-noconfig.cmake
[2.495s] -- Up-to-date: /home/pheonix/ros2_ws/install/turtlesim/share/turtlesim/cmake/turtlesim__rosidl_typesupport_cppExport.cmake
[2.495s] -- Up-to-date: /home/pheonix/ros2_ws/install/turtlesim/share/turtlesim/cmake/turtlesim__rosidl_typesupport_cppExport-noconfig.cmake
[2.495s] -- Up-to-date: /home/pheonix/ros2_ws/install/turtlesim/share/turtlesim/cmake/export_turtlesim__rosidl_generator_pyExport.cmake
[2.496s] -- Up-to-date: /home/pheonix/ros2_ws/install/turtlesim/share/turtlesim/cmake/export_turtlesim__rosidl_generator_pyExport-noconfig.cmake
[2.496s] -- Up-to-date: /home/pheonix/ros2_ws/install/turtlesim/share/turtlesim/cmake/rosidl_cmake-extras.cmake
[2.496s] -- Up-to-date: /home/pheonix/ros2_ws/install/turtlesim/share/turtlesim/cmake/ament_cmake_export_dependencies-extras.cmake
[2.496s] -- Up-to-date: /home/pheonix/ros2_ws/install/turtlesim/share/turtlesim/cmake/ament_cmake_export_include_directories-extras.cmake
[2.496s] -- Up-to-date: /home/pheonix/ros2_ws/install/turtlesim/share/turtlesim/cmake/ament_cmake_export_libraries-extras.cmake
[2.496s] -- Up-to-date: /home/pheonix/ros2_ws/install/turtlesim/share/turtlesim/cmake/ament_cmake_export_targets-extras.cmake
[2.497s] -- Up-to-date: /home/pheonix/ros2_ws/install/turtlesim/share/turtlesim/cmake/rosidl_cmake_export_typesupport_targets-extras.cmake
[2.497s] -- Up-to-date: /home/pheonix/ros2_ws/install/turtlesim/share/turtlesim/cmake/rosidl_cmake_export_typesupport_libraries-extras.cmake
[2.497s] -- Up-to-date: /home/pheonix/ros2_ws/install/turtlesim/share/turtlesim/cmake/turtlesimConfig.cmake
[2.497s] -- Up-to-date: /home/pheonix/ros2_ws/install/turtlesim/share/turtlesim/cmake/turtlesimConfig-version.cmake
[2.499s] -- Up-to-date: /home/pheonix/ros2_ws/install/turtlesim/share/turtlesim/package.xml
[2.499s] Invoked command in '/home/pheonix/ros2_ws/build/turtlesim' returned '0': CMAKE_PREFIX_PATH=${CMAKE_PREFIX_PATH}:/opt/ros/jazzy DEBUGINFOD_URLS=https://debuginfod.ubuntu.com /usr/bin/cmake --install /home/pheonix/ros2_ws/build/turtlesim
