[0.072s] Invoking command in '/home/pheonix/ros2_ws/build/composition_interfaces': AMENT_PREFIX_PATH=/home/pheonix/ros2_ws/install/rcl_interfaces:${AMENT_PREFIX_PATH} CMAKE_PREFIX_PATH=/home/pheonix/ros2_ws/install/rcl_interfaces:/opt/ros/jazzy/opt/gz_sim_vendor:/opt/ros/jazzy/opt/gz_sensors_vendor:/opt/ros/jazzy/opt/gz_physics_vendor:/opt/ros/jazzy/opt/sdformat_vendor:/opt/ros/jazzy/opt/gz_gui_vendor:/opt/ros/jazzy/opt/gz_transport_vendor:/opt/ros/jazzy/opt/gz_rendering_vendor:/opt/ros/jazzy/opt/gz_plugin_vendor:/opt/ros/jazzy/opt/gz_fuel_tools_vendor:/opt/ros/jazzy/opt/gz_msgs_vendor:/opt/ros/jazzy/opt/gz_common_vendor:/opt/ros/jazzy/opt/gz_tools_vendor:/opt/ros/jazzy/opt/gz_ogre_next_vendor:/opt/ros/jazzy/opt/gz_dartsim_vendor:/home/pheonix/ros2_ws/install/turtlesim:/opt/ros/jazzy/opt/gz_math_vendor:/opt/ros/jazzy/opt/gz_utils_vendor:/opt/ros/jazzy/opt/gz_cmake_vendor:/opt/ros/jazzy DEBUGINFOD_URLS=https://debuginfod.ubuntu.com LD_LIBRARY_PATH=/home/pheonix/ros2_ws/install/rcl_interfaces/lib:${LD_LIBRARY_PATH} PYTHONPATH=/home/pheonix/ros2_ws/install/rcl_interfaces/lib/python3.12/site-packages:${PYTHONPATH} /usr/bin/cmake --build /home/pheonix/ros2_ws/build/composition_interfaces -- -j2 -l2
[0.323s] [  1%] Built target composition_interfaces__rosidl_generator_type_description
[0.360s] [  1%] Built target ament_cmake_python_copy_composition_interfaces
[0.380s] [  3%] Built target composition_interfaces__cpp
[0.450s] [ 24%] Built target composition_interfaces__rosidl_generator_c
[0.715s] [ 33%] Built target composition_interfaces__rosidl_typesupport_cpp
[0.716s] running egg_info
[0.767s] [ 42%] Built target composition_interfaces__rosidl_typesupport_fastrtps_c
[0.812s] writing composition_interfaces.egg-info/PKG-INFO
[0.813s] writing dependency_links to composition_interfaces.egg-info/dependency_links.txt
[0.813s] writing top-level names to composition_interfaces.egg-info/top_level.txt
[0.883s] [ 51%] Built target composition_interfaces__rosidl_typesupport_introspection_c
[0.918s] reading manifest file 'composition_interfaces.egg-info/SOURCES.txt'
[0.936s] writing manifest file 'composition_interfaces.egg-info/SOURCES.txt'
[1.003s] [ 61%] Built target composition_interfaces__rosidl_typesupport_c
[1.119s] [ 61%] Built target ament_cmake_python_build_composition_interfaces_egg
[1.162s] [ 70%] Built target composition_interfaces__rosidl_typesupport_fastrtps_cpp
[1.206s] [ 79%] Built target composition_interfaces__rosidl_typesupport_introspection_cpp
[1.270s] [ 79%] Built target composition_interfaces
[1.314s] [ 81%] Built target composition_interfaces__py
[1.380s] [ 88%] Built target composition_interfaces__rosidl_generator_py
[1.447s] [ 92%] Built target composition_interfaces_s__rosidl_typesupport_fastrtps_c
[1.514s] [ 96%] Built target composition_interfaces_s__rosidl_typesupport_introspection_c
[1.606s] [100%] Built target composition_interfaces_s__rosidl_typesupport_c
[1.622s] Invoked command in '/home/pheonix/ros2_ws/build/composition_interfaces' returned '0': AMENT_PREFIX_PATH=/home/pheonix/ros2_ws/install/rcl_interfaces:${AMENT_PREFIX_PATH} CMAKE_PREFIX_PATH=/home/pheonix/ros2_ws/install/rcl_interfaces:/opt/ros/jazzy/opt/gz_sim_vendor:/opt/ros/jazzy/opt/gz_sensors_vendor:/opt/ros/jazzy/opt/gz_physics_vendor:/opt/ros/jazzy/opt/sdformat_vendor:/opt/ros/jazzy/opt/gz_gui_vendor:/opt/ros/jazzy/opt/gz_transport_vendor:/opt/ros/jazzy/opt/gz_rendering_vendor:/opt/ros/jazzy/opt/gz_plugin_vendor:/opt/ros/jazzy/opt/gz_fuel_tools_vendor:/opt/ros/jazzy/opt/gz_msgs_vendor:/opt/ros/jazzy/opt/gz_common_vendor:/opt/ros/jazzy/opt/gz_tools_vendor:/opt/ros/jazzy/opt/gz_ogre_next_vendor:/opt/ros/jazzy/opt/gz_dartsim_vendor:/home/pheonix/ros2_ws/install/turtlesim:/opt/ros/jazzy/opt/gz_math_vendor:/opt/ros/jazzy/opt/gz_utils_vendor:/opt/ros/jazzy/opt/gz_cmake_vendor:/opt/ros/jazzy DEBUGINFOD_URLS=https://debuginfod.ubuntu.com LD_LIBRARY_PATH=/home/pheonix/ros2_ws/install/rcl_interfaces/lib:${LD_LIBRARY_PATH} PYTHONPATH=/home/pheonix/ros2_ws/install/rcl_interfaces/lib/python3.12/site-packages:${PYTHONPATH} /usr/bin/cmake --build /home/pheonix/ros2_ws/build/composition_interfaces -- -j2 -l2
[2.425s] Invoking command in '/home/pheonix/ros2_ws/build/composition_interfaces': AMENT_PREFIX_PATH=/home/pheonix/ros2_ws/install/rcl_interfaces:${AMENT_PREFIX_PATH} CMAKE_PREFIX_PATH=/home/pheonix/ros2_ws/install/rcl_interfaces:/opt/ros/jazzy/opt/gz_sim_vendor:/opt/ros/jazzy/opt/gz_sensors_vendor:/opt/ros/jazzy/opt/gz_physics_vendor:/opt/ros/jazzy/opt/sdformat_vendor:/opt/ros/jazzy/opt/gz_gui_vendor:/opt/ros/jazzy/opt/gz_transport_vendor:/opt/ros/jazzy/opt/gz_rendering_vendor:/opt/ros/jazzy/opt/gz_plugin_vendor:/opt/ros/jazzy/opt/gz_fuel_tools_vendor:/opt/ros/jazzy/opt/gz_msgs_vendor:/opt/ros/jazzy/opt/gz_common_vendor:/opt/ros/jazzy/opt/gz_tools_vendor:/opt/ros/jazzy/opt/gz_ogre_next_vendor:/opt/ros/jazzy/opt/gz_dartsim_vendor:/home/pheonix/ros2_ws/install/turtlesim:/opt/ros/jazzy/opt/gz_math_vendor:/opt/ros/jazzy/opt/gz_utils_vendor:/opt/ros/jazzy/opt/gz_cmake_vendor:/opt/ros/jazzy DEBUGINFOD_URLS=https://debuginfod.ubuntu.com LD_LIBRARY_PATH=/home/pheonix/ros2_ws/install/rcl_interfaces/lib:${LD_LIBRARY_PATH} PYTHONPATH=/home/pheonix/ros2_ws/install/rcl_interfaces/lib/python3.12/site-packages:${PYTHONPATH} /usr/bin/cmake --install /home/pheonix/ros2_ws/build/composition_interfaces
[2.451s] -- Install configuration: ""
[2.451s] -- Installing: /home/pheonix/ros2_ws/install/composition_interfaces/share/ament_index/resource_index/rosidl_interfaces/composition_interfaces
[2.458s] -- Installing: /home/pheonix/ros2_ws/install/composition_interfaces/share/composition_interfaces/srv/LoadNode.json
[2.458s] -- Installing: /home/pheonix/ros2_ws/install/composition_interfaces/share/composition_interfaces/srv/ListNodes.json
[2.458s] -- Installing: /home/pheonix/ros2_ws/install/composition_interfaces/share/composition_interfaces/srv/UnloadNode.json
[2.458s] -- Installing: /home/pheonix/ros2_ws/install/composition_interfaces/include/composition_interfaces/composition_interfaces
[2.458s] -- Installing: /home/pheonix/ros2_ws/install/composition_interfaces/include/composition_interfaces/composition_interfaces/msg
[2.458s] -- Installing: /home/pheonix/ros2_ws/install/composition_interfaces/include/composition_interfaces/composition_interfaces/msg/rosidl_generator_c__visibility_control.h
[2.458s] -- Installing: /home/pheonix/ros2_ws/install/composition_interfaces/include/composition_interfaces/composition_interfaces/srv
[2.458s] -- Installing: /home/pheonix/ros2_ws/install/composition_interfaces/include/composition_interfaces/composition_interfaces/srv/unload_node.h
[2.460s] -- Installing: /home/pheonix/ros2_ws/install/composition_interfaces/include/composition_interfaces/composition_interfaces/srv/detail
[2.460s] -- Installing: /home/pheonix/ros2_ws/install/composition_interfaces/include/composition_interfaces/composition_interfaces/srv/detail/unload_node__type_support.c
[2.462s] -- Installing: /home/pheonix/ros2_ws/install/composition_interfaces/include/composition_interfaces/composition_interfaces/srv/detail/load_node__type_support.h
[2.462s] -- Installing: /home/pheonix/ros2_ws/install/composition_interfaces/include/composition_interfaces/composition_interfaces/srv/detail/list_nodes__type_support.c
[2.462s] -- Installing: /home/pheonix/ros2_ws/install/composition_interfaces/include/composition_interfaces/composition_interfaces/srv/detail/list_nodes__functions.c
[2.463s] -- Installing: /home/pheonix/ros2_ws/install/composition_interfaces/include/composition_interfaces/composition_interfaces/srv/detail/unload_node__description.c
[2.464s] -- Installing: /home/pheonix/ros2_ws/install/composition_interfaces/include/composition_interfaces/composition_interfaces/srv/detail/load_node__struct.h
[2.465s] -- Installing: /home/pheonix/ros2_ws/install/composition_interfaces/include/composition_interfaces/composition_interfaces/srv/detail/list_nodes__description.c
[2.466s] -- Installing: /home/pheonix/ros2_ws/install/composition_interfaces/include/composition_interfaces/composition_interfaces/srv/detail/unload_node__struct.h
[2.466s] -- Installing: /home/pheonix/ros2_ws/install/composition_interfaces/include/composition_interfaces/composition_interfaces/srv/detail/load_node__functions.c
[2.471s] -- Installing: /home/pheonix/ros2_ws/install/composition_interfaces/include/composition_interfaces/composition_interfaces/srv/detail/unload_node__functions.c
[2.473s] -- Installing: /home/pheonix/ros2_ws/install/composition_interfaces/include/composition_interfaces/composition_interfaces/srv/detail/load_node__description.c
[2.474s] -- Installing: /home/pheonix/ros2_ws/install/composition_interfaces/include/composition_interfaces/composition_interfaces/srv/detail/load_node__functions.h
[2.474s] -- Installing: /home/pheonix/ros2_ws/install/composition_interfaces/include/composition_interfaces/composition_interfaces/srv/detail/unload_node__type_support.h
[2.474s] -- Installing: /home/pheonix/ros2_ws/install/composition_interfaces/include/composition_interfaces/composition_interfaces/srv/detail/list_nodes__type_support.h
[2.474s] -- Installing: /home/pheonix/ros2_ws/install/composition_interfaces/include/composition_interfaces/composition_interfaces/srv/detail/load_node__type_support.c
[2.480s] -- Installing: /home/pheonix/ros2_ws/install/composition_interfaces/include/composition_interfaces/composition_interfaces/srv/detail/list_nodes__functions.h
[2.480s] -- Installing: /home/pheonix/ros2_ws/install/composition_interfaces/include/composition_interfaces/composition_interfaces/srv/detail/unload_node__functions.h
[2.480s] -- Installing: /home/pheonix/ros2_ws/install/composition_interfaces/include/composition_interfaces/composition_interfaces/srv/detail/list_nodes__struct.h
[2.483s] -- Installing: /home/pheonix/ros2_ws/install/composition_interfaces/include/composition_interfaces/composition_interfaces/srv/list_nodes.h
[2.483s] -- Installing: /home/pheonix/ros2_ws/install/composition_interfaces/include/composition_interfaces/composition_interfaces/srv/load_node.h
[2.483s] -- Installing: /home/pheonix/ros2_ws/install/composition_interfaces/share/composition_interfaces/environment/library_path.sh
[2.483s] -- Installing: /home/pheonix/ros2_ws/install/composition_interfaces/share/composition_interfaces/environment/library_path.dsv
[2.483s] -- Installing: /home/pheonix/ros2_ws/install/composition_interfaces/lib/libcomposition_interfaces__rosidl_generator_c.so
[2.504s] -- Set non-toolchain portion of runtime path of "/home/pheonix/ros2_ws/install/composition_interfaces/lib/libcomposition_interfaces__rosidl_generator_c.so" to ""
[2.504s] -- Up-to-date: /home/pheonix/ros2_ws/install/composition_interfaces/include/composition_interfaces/composition_interfaces
[2.504s] -- Up-to-date: /home/pheonix/ros2_ws/install/composition_interfaces/include/composition_interfaces/composition_interfaces/msg
[2.504s] -- Installing: /home/pheonix/ros2_ws/install/composition_interfaces/include/composition_interfaces/composition_interfaces/msg/rosidl_typesupport_fastrtps_c__visibility_control.h
[2.504s] -- Up-to-date: /home/pheonix/ros2_ws/install/composition_interfaces/include/composition_interfaces/composition_interfaces/srv
[2.504s] -- Up-to-date: /home/pheonix/ros2_ws/install/composition_interfaces/include/composition_interfaces/composition_interfaces/srv/detail
[2.504s] -- Installing: /home/pheonix/ros2_ws/install/composition_interfaces/include/composition_interfaces/composition_interfaces/srv/detail/list_nodes__rosidl_typesupport_fastrtps_c.h
[2.504s] -- Installing: /home/pheonix/ros2_ws/install/composition_interfaces/include/composition_interfaces/composition_interfaces/srv/detail/unload_node__rosidl_typesupport_fastrtps_c.h
[2.504s] -- Installing: /home/pheonix/ros2_ws/install/composition_interfaces/include/composition_interfaces/composition_interfaces/srv/detail/load_node__rosidl_typesupport_fastrtps_c.h
[2.504s] -- Installing: /home/pheonix/ros2_ws/install/composition_interfaces/lib/libcomposition_interfaces__rosidl_typesupport_fastrtps_c.so
[2.504s] -- Set non-toolchain portion of runtime path of "/home/pheonix/ros2_ws/install/composition_interfaces/lib/libcomposition_interfaces__rosidl_typesupport_fastrtps_c.so" to ""
[2.504s] -- Up-to-date: /home/pheonix/ros2_ws/install/composition_interfaces/include/composition_interfaces/composition_interfaces
[2.504s] -- Up-to-date: /home/pheonix/ros2_ws/install/composition_interfaces/include/composition_interfaces/composition_interfaces/msg
[2.504s] -- Installing: /home/pheonix/ros2_ws/install/composition_interfaces/include/composition_interfaces/composition_interfaces/msg/rosidl_typesupport_introspection_c__visibility_control.h
[2.504s] -- Up-to-date: /home/pheonix/ros2_ws/install/composition_interfaces/include/composition_interfaces/composition_interfaces/srv
[2.504s] -- Up-to-date: /home/pheonix/ros2_ws/install/composition_interfaces/include/composition_interfaces/composition_interfaces/srv/detail
[2.504s] -- Installing: /home/pheonix/ros2_ws/install/composition_interfaces/include/composition_interfaces/composition_interfaces/srv/detail/unload_node__type_support.c
[2.504s] -- Installing: /home/pheonix/ros2_ws/install/composition_interfaces/include/composition_interfaces/composition_interfaces/srv/detail/list_nodes__type_support.c
[2.504s] -- Installing: /home/pheonix/ros2_ws/install/composition_interfaces/include/composition_interfaces/composition_interfaces/srv/detail/list_nodes__rosidl_typesupport_introspection_c.h
[2.504s] -- Installing: /home/pheonix/ros2_ws/install/composition_interfaces/include/composition_interfaces/composition_interfaces/srv/detail/unload_node__rosidl_typesupport_introspection_c.h
[2.504s] -- Installing: /home/pheonix/ros2_ws/install/composition_interfaces/include/composition_interfaces/composition_interfaces/srv/detail/load_node__rosidl_typesupport_introspection_c.h
[2.504s] -- Installing: /home/pheonix/ros2_ws/install/composition_interfaces/include/composition_interfaces/composition_interfaces/srv/detail/load_node__type_support.c
[2.504s] -- Installing: /home/pheonix/ros2_ws/install/composition_interfaces/lib/libcomposition_interfaces__rosidl_typesupport_introspection_c.so
[2.504s] -- Set non-toolchain portion of runtime path of "/home/pheonix/ros2_ws/install/composition_interfaces/lib/libcomposition_interfaces__rosidl_typesupport_introspection_c.so" to ""
[2.504s] -- Installing: /home/pheonix/ros2_ws/install/composition_interfaces/lib/libcomposition_interfaces__rosidl_typesupport_c.so
[2.504s] -- Set non-toolchain portion of runtime path of "/home/pheonix/ros2_ws/install/composition_interfaces/lib/libcomposition_interfaces__rosidl_typesupport_c.so" to ""
[2.504s] -- Up-to-date: /home/pheonix/ros2_ws/install/composition_interfaces/include/composition_interfaces/composition_interfaces
[2.504s] -- Up-to-date: /home/pheonix/ros2_ws/install/composition_interfaces/include/composition_interfaces/composition_interfaces/msg
[2.504s] -- Installing: /home/pheonix/ros2_ws/install/composition_interfaces/include/composition_interfaces/composition_interfaces/msg/rosidl_generator_cpp__visibility_control.hpp
[2.504s] -- Up-to-date: /home/pheonix/ros2_ws/install/composition_interfaces/include/composition_interfaces/composition_interfaces/srv
[2.504s] -- Installing: /home/pheonix/ros2_ws/install/composition_interfaces/include/composition_interfaces/composition_interfaces/srv/load_node.hpp
[2.504s] -- Installing: /home/pheonix/ros2_ws/install/composition_interfaces/include/composition_interfaces/composition_interfaces/srv/unload_node.hpp
[2.504s] -- Up-to-date: /home/pheonix/ros2_ws/install/composition_interfaces/include/composition_interfaces/composition_interfaces/srv/detail
[2.504s] -- Installing: /home/pheonix/ros2_ws/install/composition_interfaces/include/composition_interfaces/composition_interfaces/srv/detail/list_nodes__struct.hpp
[2.505s] -- Installing: /home/pheonix/ros2_ws/install/composition_interfaces/include/composition_interfaces/composition_interfaces/srv/detail/list_nodes__type_support.hpp
[2.505s] -- Installing: /home/pheonix/ros2_ws/install/composition_interfaces/include/composition_interfaces/composition_interfaces/srv/detail/list_nodes__builder.hpp
[2.505s] -- Installing: /home/pheonix/ros2_ws/install/composition_interfaces/include/composition_interfaces/composition_interfaces/srv/detail/list_nodes__traits.hpp
[2.505s] -- Installing: /home/pheonix/ros2_ws/install/composition_interfaces/include/composition_interfaces/composition_interfaces/srv/detail/unload_node__type_support.hpp
[2.505s] -- Installing: /home/pheonix/ros2_ws/install/composition_interfaces/include/composition_interfaces/composition_interfaces/srv/detail/unload_node__builder.hpp
[2.505s] -- Installing: /home/pheonix/ros2_ws/install/composition_interfaces/include/composition_interfaces/composition_interfaces/srv/detail/unload_node__traits.hpp
[2.505s] -- Installing: /home/pheonix/ros2_ws/install/composition_interfaces/include/composition_interfaces/composition_interfaces/srv/detail/load_node__traits.hpp
[2.505s] -- Installing: /home/pheonix/ros2_ws/install/composition_interfaces/include/composition_interfaces/composition_interfaces/srv/detail/load_node__builder.hpp
[2.510s] -- Installing: /home/pheonix/ros2_ws/install/composition_interfaces/include/composition_interfaces/composition_interfaces/srv/detail/load_node__type_support.hpp
[2.510s] -- Installing: /home/pheonix/ros2_ws/install/composition_interfaces/include/composition_interfaces/composition_interfaces/srv/detail/load_node__struct.hpp
[2.510s] -- Installing: /home/pheonix/ros2_ws/install/composition_interfaces/include/composition_interfaces/composition_interfaces/srv/detail/unload_node__struct.hpp
[2.510s] -- Installing: /home/pheonix/ros2_ws/install/composition_interfaces/include/composition_interfaces/composition_interfaces/srv/list_nodes.hpp
[2.510s] -- Up-to-date: /home/pheonix/ros2_ws/install/composition_interfaces/include/composition_interfaces/composition_interfaces
[2.510s] -- Up-to-date: /home/pheonix/ros2_ws/install/composition_interfaces/include/composition_interfaces/composition_interfaces/msg
[2.510s] -- Installing: /home/pheonix/ros2_ws/install/composition_interfaces/include/composition_interfaces/composition_interfaces/msg/rosidl_typesupport_fastrtps_cpp__visibility_control.h
[2.510s] -- Up-to-date: /home/pheonix/ros2_ws/install/composition_interfaces/include/composition_interfaces/composition_interfaces/srv
[2.510s] -- Up-to-date: /home/pheonix/ros2_ws/install/composition_interfaces/include/composition_interfaces/composition_interfaces/srv/detail
[2.510s] -- Installing: /home/pheonix/ros2_ws/install/composition_interfaces/include/composition_interfaces/composition_interfaces/srv/detail/load_node__rosidl_typesupport_fastrtps_cpp.hpp
[2.510s] -- Installing: /home/pheonix/ros2_ws/install/composition_interfaces/include/composition_interfaces/composition_interfaces/srv/detail/dds_fastrtps
[2.510s] -- Installing: /home/pheonix/ros2_ws/install/composition_interfaces/include/composition_interfaces/composition_interfaces/srv/detail/unload_node__rosidl_typesupport_fastrtps_cpp.hpp
[2.510s] -- Installing: /home/pheonix/ros2_ws/install/composition_interfaces/include/composition_interfaces/composition_interfaces/srv/detail/list_nodes__rosidl_typesupport_fastrtps_cpp.hpp
[2.510s] -- Installing: /home/pheonix/ros2_ws/install/composition_interfaces/lib/libcomposition_interfaces__rosidl_typesupport_fastrtps_cpp.so
[2.512s] -- Set non-toolchain portion of runtime path of "/home/pheonix/ros2_ws/install/composition_interfaces/lib/libcomposition_interfaces__rosidl_typesupport_fastrtps_cpp.so" to ""
[2.512s] -- Up-to-date: /home/pheonix/ros2_ws/install/composition_interfaces/include/composition_interfaces/composition_interfaces
[2.512s] -- Up-to-date: /home/pheonix/ros2_ws/install/composition_interfaces/include/composition_interfaces/composition_interfaces/srv
[2.512s] -- Up-to-date: /home/pheonix/ros2_ws/install/composition_interfaces/include/composition_interfaces/composition_interfaces/srv/detail
[2.512s] -- Installing: /home/pheonix/ros2_ws/install/composition_interfaces/include/composition_interfaces/composition_interfaces/srv/detail/unload_node__rosidl_typesupport_introspection_cpp.hpp
[2.512s] -- Installing: /home/pheonix/ros2_ws/install/composition_interfaces/include/composition_interfaces/composition_interfaces/srv/detail/list_nodes__rosidl_typesupport_introspection_cpp.hpp
[2.512s] -- Installing: /home/pheonix/ros2_ws/install/composition_interfaces/include/composition_interfaces/composition_interfaces/srv/detail/list_nodes__type_support.cpp
[2.512s] -- Installing: /home/pheonix/ros2_ws/install/composition_interfaces/include/composition_interfaces/composition_interfaces/srv/detail/load_node__rosidl_typesupport_introspection_cpp.hpp
[2.512s] -- Installing: /home/pheonix/ros2_ws/install/composition_interfaces/include/composition_interfaces/composition_interfaces/srv/detail/load_node__type_support.cpp
[2.512s] -- Installing: /home/pheonix/ros2_ws/install/composition_interfaces/include/composition_interfaces/composition_interfaces/srv/detail/unload_node__type_support.cpp
[2.512s] -- Installing: /home/pheonix/ros2_ws/install/composition_interfaces/lib/libcomposition_interfaces__rosidl_typesupport_introspection_cpp.so
[2.512s] -- Set non-toolchain portion of runtime path of "/home/pheonix/ros2_ws/install/composition_interfaces/lib/libcomposition_interfaces__rosidl_typesupport_introspection_cpp.so" to ""
[2.512s] -- Installing: /home/pheonix/ros2_ws/install/composition_interfaces/lib/libcomposition_interfaces__rosidl_typesupport_cpp.so
[2.513s] -- Set non-toolchain portion of runtime path of "/home/pheonix/ros2_ws/install/composition_interfaces/lib/libcomposition_interfaces__rosidl_typesupport_cpp.so" to ""
[2.514s] -- Installing: /home/pheonix/ros2_ws/install/composition_interfaces/share/composition_interfaces/environment/pythonpath.sh
[2.514s] -- Installing: /home/pheonix/ros2_ws/install/composition_interfaces/share/composition_interfaces/environment/pythonpath.dsv
[2.514s] -- Installing: /home/pheonix/ros2_ws/install/composition_interfaces/lib/python3.12/site-packages/composition_interfaces-2.2.0-py3.12.egg-info
[2.518s] -- Installing: /home/pheonix/ros2_ws/install/composition_interfaces/lib/python3.12/site-packages/composition_interfaces-2.2.0-py3.12.egg-info/SOURCES.txt
[2.518s] -- Installing: /home/pheonix/ros2_ws/install/composition_interfaces/lib/python3.12/site-packages/composition_interfaces-2.2.0-py3.12.egg-info/dependency_links.txt
[2.518s] -- Installing: /home/pheonix/ros2_ws/install/composition_interfaces/lib/python3.12/site-packages/composition_interfaces-2.2.0-py3.12.egg-info/PKG-INFO
[2.518s] -- Installing: /home/pheonix/ros2_ws/install/composition_interfaces/lib/python3.12/site-packages/composition_interfaces-2.2.0-py3.12.egg-info/top_level.txt
[2.519s] -- Installing: /home/pheonix/ros2_ws/install/composition_interfaces/lib/python3.12/site-packages/composition_interfaces
[2.519s] -- Installing: /home/pheonix/ros2_ws/install/composition_interfaces/lib/python3.12/site-packages/composition_interfaces/composition_interfaces_s__rosidl_typesupport_introspection_c.so
[2.519s] -- Installing: /home/pheonix/ros2_ws/install/composition_interfaces/lib/python3.12/site-packages/composition_interfaces/composition_interfaces_s__rosidl_typesupport_c.so
[2.519s] -- Installing: /home/pheonix/ros2_ws/install/composition_interfaces/lib/python3.12/site-packages/composition_interfaces/composition_interfaces_s__rosidl_typesupport_fastrtps_c.so
[2.520s] -- Installing: /home/pheonix/ros2_ws/install/composition_interfaces/lib/python3.12/site-packages/composition_interfaces/_composition_interfaces_s.ep.rosidl_typesupport_c.c
[2.521s] -- Installing: /home/pheonix/ros2_ws/install/composition_interfaces/lib/python3.12/site-packages/composition_interfaces/__init__.py
[2.529s] -- Installing: /home/pheonix/ros2_ws/install/composition_interfaces/lib/python3.12/site-packages/composition_interfaces/_composition_interfaces_s.ep.rosidl_typesupport_introspection_c.c
[2.529s] -- Installing: /home/pheonix/ros2_ws/install/composition_interfaces/lib/python3.12/site-packages/composition_interfaces/_composition_interfaces_s.ep.rosidl_typesupport_fastrtps_c.c
[2.529s] -- Installing: /home/pheonix/ros2_ws/install/composition_interfaces/lib/python3.12/site-packages/composition_interfaces/srv
[2.529s] -- Installing: /home/pheonix/ros2_ws/install/composition_interfaces/lib/python3.12/site-packages/composition_interfaces/srv/_load_node.py
[2.529s] -- Installing: /home/pheonix/ros2_ws/install/composition_interfaces/lib/python3.12/site-packages/composition_interfaces/srv/_list_nodes_s.c
[2.529s] -- Installing: /home/pheonix/ros2_ws/install/composition_interfaces/lib/python3.12/site-packages/composition_interfaces/srv/_load_node_s.c
[2.529s] -- Installing: /home/pheonix/ros2_ws/install/composition_interfaces/lib/python3.12/site-packages/composition_interfaces/srv/_unload_node_s.c
[2.529s] -- Installing: /home/pheonix/ros2_ws/install/composition_interfaces/lib/python3.12/site-packages/composition_interfaces/srv/__init__.py
[2.529s] -- Installing: /home/pheonix/ros2_ws/install/composition_interfaces/lib/python3.12/site-packages/composition_interfaces/srv/_list_nodes.py
[2.529s] -- Installing: /home/pheonix/ros2_ws/install/composition_interfaces/lib/python3.12/site-packages/composition_interfaces/srv/_unload_node.py
[2.607s] Listing '/home/pheonix/ros2_ws/install/composition_interfaces/lib/python3.12/site-packages/composition_interfaces'...
[2.607s] Compiling '/home/pheonix/ros2_ws/install/composition_interfaces/lib/python3.12/site-packages/composition_interfaces/__init__.py'...
[2.607s] Listing '/home/pheonix/ros2_ws/install/composition_interfaces/lib/python3.12/site-packages/composition_interfaces/srv'...
[2.607s] Compiling '/home/pheonix/ros2_ws/install/composition_interfaces/lib/python3.12/site-packages/composition_interfaces/srv/__init__.py'...
[2.607s] Compiling '/home/pheonix/ros2_ws/install/composition_interfaces/lib/python3.12/site-packages/composition_interfaces/srv/_list_nodes.py'...
[2.607s] Compiling '/home/pheonix/ros2_ws/install/composition_interfaces/lib/python3.12/site-packages/composition_interfaces/srv/_load_node.py'...
[2.607s] Compiling '/home/pheonix/ros2_ws/install/composition_interfaces/lib/python3.12/site-packages/composition_interfaces/srv/_unload_node.py'...
[2.607s] -- Installing: /home/pheonix/ros2_ws/install/composition_interfaces/lib/python3.12/site-packages/composition_interfaces/composition_interfaces_s__rosidl_typesupport_fastrtps_c.so
[2.620s] -- Set non-toolchain portion of runtime path of "/home/pheonix/ros2_ws/install/composition_interfaces/lib/python3.12/site-packages/composition_interfaces/composition_interfaces_s__rosidl_typesupport_fastrtps_c.so" to ""
[2.620s] -- Installing: /home/pheonix/ros2_ws/install/composition_interfaces/lib/python3.12/site-packages/composition_interfaces/composition_interfaces_s__rosidl_typesupport_introspection_c.so
[2.620s] -- Set non-toolchain portion of runtime path of "/home/pheonix/ros2_ws/install/composition_interfaces/lib/python3.12/site-packages/composition_interfaces/composition_interfaces_s__rosidl_typesupport_introspection_c.so" to ""
[2.620s] -- Installing: /home/pheonix/ros2_ws/install/composition_interfaces/lib/python3.12/site-packages/composition_interfaces/composition_interfaces_s__rosidl_typesupport_c.so
[2.620s] -- Set non-toolchain portion of runtime path of "/home/pheonix/ros2_ws/install/composition_interfaces/lib/python3.12/site-packages/composition_interfaces/composition_interfaces_s__rosidl_typesupport_c.so" to ""
[2.620s] -- Installing: /home/pheonix/ros2_ws/install/composition_interfaces/lib/libcomposition_interfaces__rosidl_generator_py.so
[2.620s] -- Set non-toolchain portion of runtime path of "/home/pheonix/ros2_ws/install/composition_interfaces/lib/libcomposition_interfaces__rosidl_generator_py.so" to ""
[2.620s] -- Installing: /home/pheonix/ros2_ws/install/composition_interfaces/share/composition_interfaces/srv/LoadNode.idl
[2.620s] -- Installing: /home/pheonix/ros2_ws/install/composition_interfaces/share/composition_interfaces/srv/ListNodes.idl
[2.620s] -- Installing: /home/pheonix/ros2_ws/install/composition_interfaces/share/composition_interfaces/srv/UnloadNode.idl
[2.620s] -- Installing: /home/pheonix/ros2_ws/install/composition_interfaces/share/composition_interfaces/srv/LoadNode.srv
[2.620s] -- Installing: /home/pheonix/ros2_ws/install/composition_interfaces/share/composition_interfaces/srv/ListNodes.srv
[2.620s] -- Installing: /home/pheonix/ros2_ws/install/composition_interfaces/share/composition_interfaces/srv/UnloadNode.srv
[2.620s] -- Installing: /home/pheonix/ros2_ws/install/composition_interfaces/share/ament_index/resource_index/package_run_dependencies/composition_interfaces
[2.620s] -- Installing: /home/pheonix/ros2_ws/install/composition_interfaces/share/ament_index/resource_index/parent_prefix_path/composition_interfaces
[2.620s] -- Installing: /home/pheonix/ros2_ws/install/composition_interfaces/share/composition_interfaces/environment/ament_prefix_path.sh
[2.621s] -- Installing: /home/pheonix/ros2_ws/install/composition_interfaces/share/composition_interfaces/environment/ament_prefix_path.dsv
[2.621s] -- Installing: /home/pheonix/ros2_ws/install/composition_interfaces/share/composition_interfaces/environment/path.sh
[2.621s] -- Installing: /home/pheonix/ros2_ws/install/composition_interfaces/share/composition_interfaces/environment/path.dsv
[2.621s] -- Installing: /home/pheonix/ros2_ws/install/composition_interfaces/share/composition_interfaces/local_setup.bash
[2.621s] -- Installing: /home/pheonix/ros2_ws/install/composition_interfaces/share/composition_interfaces/local_setup.sh
[2.621s] -- Installing: /home/pheonix/ros2_ws/install/composition_interfaces/share/composition_interfaces/local_setup.zsh
[2.621s] -- Installing: /home/pheonix/ros2_ws/install/composition_interfaces/share/composition_interfaces/local_setup.dsv
[2.621s] -- Installing: /home/pheonix/ros2_ws/install/composition_interfaces/share/composition_interfaces/package.dsv
[2.621s] -- Installing: /home/pheonix/ros2_ws/install/composition_interfaces/share/ament_index/resource_index/packages/composition_interfaces
[2.621s] -- Installing: /home/pheonix/ros2_ws/install/composition_interfaces/share/composition_interfaces/cmake/export_composition_interfaces__rosidl_generator_cExport.cmake
[2.621s] -- Installing: /home/pheonix/ros2_ws/install/composition_interfaces/share/composition_interfaces/cmake/export_composition_interfaces__rosidl_generator_cExport-noconfig.cmake
[2.621s] -- Installing: /home/pheonix/ros2_ws/install/composition_interfaces/share/composition_interfaces/cmake/export_composition_interfaces__rosidl_typesupport_fastrtps_cExport.cmake
[2.621s] -- Installing: /home/pheonix/ros2_ws/install/composition_interfaces/share/composition_interfaces/cmake/export_composition_interfaces__rosidl_typesupport_fastrtps_cExport-noconfig.cmake
[2.621s] -- Installing: /home/pheonix/ros2_ws/install/composition_interfaces/share/composition_interfaces/cmake/composition_interfaces__rosidl_typesupport_introspection_cExport.cmake
[2.621s] -- Installing: /home/pheonix/ros2_ws/install/composition_interfaces/share/composition_interfaces/cmake/composition_interfaces__rosidl_typesupport_introspection_cExport-noconfig.cmake
[2.621s] -- Installing: /home/pheonix/ros2_ws/install/composition_interfaces/share/composition_interfaces/cmake/composition_interfaces__rosidl_typesupport_cExport.cmake
[2.621s] -- Installing: /home/pheonix/ros2_ws/install/composition_interfaces/share/composition_interfaces/cmake/composition_interfaces__rosidl_typesupport_cExport-noconfig.cmake
[2.621s] -- Installing: /home/pheonix/ros2_ws/install/composition_interfaces/share/composition_interfaces/cmake/export_composition_interfaces__rosidl_generator_cppExport.cmake
[2.621s] -- Installing: /home/pheonix/ros2_ws/install/composition_interfaces/share/composition_interfaces/cmake/export_composition_interfaces__rosidl_typesupport_fastrtps_cppExport.cmake
[2.621s] -- Installing: /home/pheonix/ros2_ws/install/composition_interfaces/share/composition_interfaces/cmake/export_composition_interfaces__rosidl_typesupport_fastrtps_cppExport-noconfig.cmake
[2.621s] -- Installing: /home/pheonix/ros2_ws/install/composition_interfaces/share/composition_interfaces/cmake/composition_interfaces__rosidl_typesupport_introspection_cppExport.cmake
[2.621s] -- Installing: /home/pheonix/ros2_ws/install/composition_interfaces/share/composition_interfaces/cmake/composition_interfaces__rosidl_typesupport_introspection_cppExport-noconfig.cmake
[2.621s] -- Installing: /home/pheonix/ros2_ws/install/composition_interfaces/share/composition_interfaces/cmake/composition_interfaces__rosidl_typesupport_cppExport.cmake
[2.621s] -- Installing: /home/pheonix/ros2_ws/install/composition_interfaces/share/composition_interfaces/cmake/composition_interfaces__rosidl_typesupport_cppExport-noconfig.cmake
[2.621s] -- Installing: /home/pheonix/ros2_ws/install/composition_interfaces/share/composition_interfaces/cmake/export_composition_interfaces__rosidl_generator_pyExport.cmake
[2.621s] -- Installing: /home/pheonix/ros2_ws/install/composition_interfaces/share/composition_interfaces/cmake/export_composition_interfaces__rosidl_generator_pyExport-noconfig.cmake
[2.621s] -- Installing: /home/pheonix/ros2_ws/install/composition_interfaces/share/composition_interfaces/cmake/rosidl_cmake-extras.cmake
[2.621s] -- Installing: /home/pheonix/ros2_ws/install/composition_interfaces/share/composition_interfaces/cmake/ament_cmake_export_dependencies-extras.cmake
[2.621s] -- Installing: /home/pheonix/ros2_ws/install/composition_interfaces/share/composition_interfaces/cmake/ament_cmake_export_include_directories-extras.cmake
[2.621s] -- Installing: /home/pheonix/ros2_ws/install/composition_interfaces/share/composition_interfaces/cmake/ament_cmake_export_libraries-extras.cmake
[2.621s] -- Installing: /home/pheonix/ros2_ws/install/composition_interfaces/share/composition_interfaces/cmake/ament_cmake_export_targets-extras.cmake
[2.621s] -- Installing: /home/pheonix/ros2_ws/install/composition_interfaces/share/composition_interfaces/cmake/rosidl_cmake_export_typesupport_targets-extras.cmake
[2.621s] -- Installing: /home/pheonix/ros2_ws/install/composition_interfaces/share/composition_interfaces/cmake/rosidl_cmake_export_typesupport_libraries-extras.cmake
[2.621s] -- Installing: /home/pheonix/ros2_ws/install/composition_interfaces/share/composition_interfaces/cmake/composition_interfacesConfig.cmake
[2.621s] -- Installing: /home/pheonix/ros2_ws/install/composition_interfaces/share/composition_interfaces/cmake/composition_interfacesConfig-version.cmake
[2.621s] -- Installing: /home/pheonix/ros2_ws/install/composition_interfaces/share/composition_interfaces/package.xml
[2.630s] Invoked command in '/home/pheonix/ros2_ws/build/composition_interfaces' returned '0': AMENT_PREFIX_PATH=/home/pheonix/ros2_ws/install/rcl_interfaces:${AMENT_PREFIX_PATH} CMAKE_PREFIX_PATH=/home/pheonix/ros2_ws/install/rcl_interfaces:/opt/ros/jazzy/opt/gz_sim_vendor:/opt/ros/jazzy/opt/gz_sensors_vendor:/opt/ros/jazzy/opt/gz_physics_vendor:/opt/ros/jazzy/opt/sdformat_vendor:/opt/ros/jazzy/opt/gz_gui_vendor:/opt/ros/jazzy/opt/gz_transport_vendor:/opt/ros/jazzy/opt/gz_rendering_vendor:/opt/ros/jazzy/opt/gz_plugin_vendor:/opt/ros/jazzy/opt/gz_fuel_tools_vendor:/opt/ros/jazzy/opt/gz_msgs_vendor:/opt/ros/jazzy/opt/gz_common_vendor:/opt/ros/jazzy/opt/gz_tools_vendor:/opt/ros/jazzy/opt/gz_ogre_next_vendor:/opt/ros/jazzy/opt/gz_dartsim_vendor:/home/pheonix/ros2_ws/install/turtlesim:/opt/ros/jazzy/opt/gz_math_vendor:/opt/ros/jazzy/opt/gz_utils_vendor:/opt/ros/jazzy/opt/gz_cmake_vendor:/opt/ros/jazzy DEBUGINFOD_URLS=https://debuginfod.ubuntu.com LD_LIBRARY_PATH=/home/pheonix/ros2_ws/install/rcl_interfaces/lib:${LD_LIBRARY_PATH} PYTHONPATH=/home/pheonix/ros2_ws/install/rcl_interfaces/lib/python3.12/site-packages:${PYTHONPATH} /usr/bin/cmake --install /home/pheonix/ros2_ws/build/composition_interfaces
