[0.184s] Invoking command in '/home/pheonix/ros2_ws/build/joy': CMAKE_PREFIX_PATH=${CMAKE_PREFIX_PATH}:/opt/ros/jazzy DEBUGINFOD_URLS=https://debuginfod.ubuntu.com /usr/bin/cmake --build /home/pheonix/ros2_ws/build/joy -- -j2 -l2
[0.455s] [ 20%] Built target joy_node
[0.457s] [ 40%] Built target joy
[0.492s] [ 60%] Built target game_controller
[0.496s] [ 80%] Built target game_controller_node
[0.530s] [100%] Built target joy_enumerate_devices
[0.540s] Invoked command in '/home/pheonix/ros2_ws/build/joy' returned '0': CMAKE_PREFIX_PATH=${CMAKE_PREFIX_PATH}:/opt/ros/jazzy DEBUGINFOD_URLS=https://debuginfod.ubuntu.com /usr/bin/cmake --build /home/pheonix/ros2_ws/build/joy -- -j2 -l2
[0.622s] Invoking command in '/home/pheonix/ros2_ws/build/joy': CMAKE_PREFIX_PATH=${CMAKE_PREFIX_PATH}:/opt/ros/jazzy DEBUGINFOD_URLS=https://debuginfod.ubuntu.com /usr/bin/cmake --install /home/pheonix/ros2_ws/build/joy
[0.634s] -- Install configuration: ""
[0.638s] -- Up-to-date: /home/pheonix/ros2_ws/install/joy/lib/libjoy.so
[0.640s] -- Up-to-date: /home/pheonix/ros2_ws/install/joy/lib/joy/joy_node
[0.642s] -- Up-to-date: /home/pheonix/ros2_ws/install/joy/lib/libgame_controller.so
[0.643s] -- Up-to-date: /home/pheonix/ros2_ws/install/joy/lib/joy/game_controller_node
[0.644s] -- Up-to-date: /home/pheonix/ros2_ws/install/joy/lib/joy/joy_enumerate_devices
[0.645s] -- Up-to-date: /home/pheonix/ros2_ws/install/joy/include/joy
[0.645s] -- Up-to-date: /home/pheonix/ros2_ws/install/joy/include/joy/joy
[0.646s] -- Up-to-date: /home/pheonix/ros2_ws/install/joy/include/joy/joy/game_controller.hpp
[0.646s] -- Up-to-date: /home/pheonix/ros2_ws/install/joy/include/joy/joy/joy.hpp
[0.647s] -- Up-to-date: /home/pheonix/ros2_ws/install/joy/share/joy/config
[0.647s] -- Up-to-date: /home/pheonix/ros2_ws/install/joy/share/joy/config/joy-params.yaml
[0.647s] -- Up-to-date: /home/pheonix/ros2_ws/install/joy/share/joy/launch
[0.648s] -- Up-to-date: /home/pheonix/ros2_ws/install/joy/share/joy/launch/joy-composed-launch.py
[0.648s] -- Up-to-date: /home/pheonix/ros2_ws/install/joy/share/joy/launch/joy-launch.py
[0.649s] -- Up-to-date: /home/pheonix/ros2_ws/install/joy/share/ament_index/resource_index/package_run_dependencies/joy
[0.649s] -- Up-to-date: /home/pheonix/ros2_ws/install/joy/share/ament_index/resource_index/parent_prefix_path/joy
[0.650s] -- Up-to-date: /home/pheonix/ros2_ws/install/joy/share/joy/environment/ament_prefix_path.sh
[0.650s] -- Up-to-date: /home/pheonix/ros2_ws/install/joy/share/joy/environment/ament_prefix_path.dsv
[0.650s] -- Up-to-date: /home/pheonix/ros2_ws/install/joy/share/joy/environment/path.sh
[0.650s] -- Up-to-date: /home/pheonix/ros2_ws/install/joy/share/joy/environment/path.dsv
[0.650s] -- Up-to-date: /home/pheonix/ros2_ws/install/joy/share/joy/local_setup.bash
[0.650s] -- Up-to-date: /home/pheonix/ros2_ws/install/joy/share/joy/local_setup.sh
[0.650s] -- Up-to-date: /home/pheonix/ros2_ws/install/joy/share/joy/local_setup.zsh
[0.650s] -- Up-to-date: /home/pheonix/ros2_ws/install/joy/share/joy/local_setup.dsv
[0.651s] -- Installing: /home/pheonix/ros2_ws/install/joy/share/joy/package.dsv
[0.652s] -- Up-to-date: /home/pheonix/ros2_ws/install/joy/share/ament_index/resource_index/packages/joy
[0.652s] -- Up-to-date: /home/pheonix/ros2_ws/install/joy/share/ament_index/resource_index/rclcpp_components/joy
[0.654s] -- Up-to-date: /home/pheonix/ros2_ws/install/joy/share/joy/cmake/export_joyExport.cmake
[0.654s] -- Up-to-date: /home/pheonix/ros2_ws/install/joy/share/joy/cmake/export_joyExport-noconfig.cmake
[0.655s] -- Up-to-date: /home/pheonix/ros2_ws/install/joy/share/joy/cmake/export_game_controllerExport.cmake
[0.655s] -- Up-to-date: /home/pheonix/ros2_ws/install/joy/share/joy/cmake/export_game_controllerExport-noconfig.cmake
[0.655s] -- Up-to-date: /home/pheonix/ros2_ws/install/joy/share/joy/cmake/ament_cmake_export_targets-extras.cmake
[0.655s] -- Up-to-date: /home/pheonix/ros2_ws/install/joy/share/joy/cmake/ament_cmake_export_dependencies-extras.cmake
[0.655s] -- Up-to-date: /home/pheonix/ros2_ws/install/joy/share/joy/cmake/joyConfig.cmake
[0.655s] -- Up-to-date: /home/pheonix/ros2_ws/install/joy/share/joy/cmake/joyConfig-version.cmake
[0.655s] -- Up-to-date: /home/pheonix/ros2_ws/install/joy/share/joy/package.xml
[0.657s] Invoked command in '/home/pheonix/ros2_ws/build/joy' returned '0': CMAKE_PREFIX_PATH=${CMAKE_PREFIX_PATH}:/opt/ros/jazzy DEBUGINFOD_URLS=https://debuginfod.ubuntu.com /usr/bin/cmake --install /home/pheonix/ros2_ws/build/joy
