-- Found ament_cmake_ros: 0.12.0 (/opt/ros/jazzy/share/ament_cmake_ros/cmake)
-- Override CMake install command with custom implementation using symlinks instead of copying resources
-- Found rclcpp: 28.1.3 (/opt/ros/jazzy/share/rclcpp/cmake)
-- Found rosidl_generator_c: 4.6.3 (/opt/ros/jazzy/share/rosidl_generator_c/cmake)
-- Found rosidl_generator_cpp: 4.6.3 (/opt/ros/jazzy/share/rosidl_generator_cpp/cmake)
-- Using all available rosidl_typesupport_c: rosidl_typesupport_fastrtps_c;rosidl_typesupport_introspection_c
-- Using all available rosidl_typesupport_cpp: rosidl_typesupport_fastrtps_cpp;rosidl_typesupport_introspection_cpp
-- Found rmw_implementation_cmake: 7.3.1 (/opt/ros/jazzy/share/rmw_implementation_cmake/cmake)
-- Found rmw_fastrtps_cpp: 8.4.1 (/opt/ros/jazzy/share/rmw_fastrtps_cpp/cmake)
-- Using RMW implementation 'rmw_fastrtps_cpp' as default
-- Found rclcpp_components: 28.1.3 (/opt/ros/jazzy/share/rclcpp_components/cmake)
-- Found sdl2_vendor: 3.3.0 (/opt/ros/jazzy/share/sdl2_vendor/cmake)
-- Found sensor_msgs: 5.3.5 (/opt/ros/jazzy/share/sensor_msgs/cmake)
-- Found ament_lint_auto: 0.17.1 (/opt/ros/jazzy/share/ament_lint_auto/cmake)
-- Added test 'cppcheck' to perform static code analysis on C / C++ code
-- Configured cppcheck include dirs: $<BUILD_INTERFACE:/home/pheonix/ros2_ws/src/joystick_drivers/joy/include>
-- Configured cppcheck exclude dirs and/or files: 
-- Added test 'cpplint' to check C / C++ code against the Google style
-- Configured cpplint exclude dirs and/or files: 
-- Added test 'flake8' to check Python code syntax and style conventions
-- Configured 'flake8' exclude dirs and/or files: 
-- Added test 'lint_cmake' to check CMake code style
-- Added test 'pep257' to check Python code against some of the docstring style conventions in PEP 257
-- Added test 'uncrustify' to check C / C++ code style
-- Configured uncrustify additional arguments: 
-- Added test 'xmllint' to check XML markup files
-- Configuring done (2.4s)
-- Generating done (0.1s)
-- Build files have been written to: /home/pheonix/ros2_ws/build/joy
[ 10%] [32m[1mLinking CXX executable joy_node[0m
[ 30%] Built target joy
[ 50%] Built target game_controller
[ 60%] [32m[1mLinking CXX executable game_controller_node[0m
[ 70%] Built target joy_node
[ 80%] Built target game_controller_node
[100%] Built target joy_enumerate_devices
-- Install configuration: ""
-- Execute custom install script
-- Symlinking: /home/pheonix/ros2_ws/install/joy/lib/joy/joy_node
-- Symlinking: /home/pheonix/ros2_ws/install/joy/lib/joy/game_controller_node
-- Symlinking: /home/pheonix/ros2_ws/install/joy/lib/joy/joy_enumerate_devices
-- Symlinking: /home/pheonix/ros2_ws/install/joy/include/joy/joy/game_controller.hpp
-- Symlinking: /home/pheonix/ros2_ws/install/joy/include/joy/joy/joy.hpp
-- Symlinking: /home/pheonix/ros2_ws/install/joy/share/joy/config/joy-params.yaml
-- Symlinking: /home/pheonix/ros2_ws/install/joy/share/joy/launch/joy-composed-launch.py
-- Symlinking: /home/pheonix/ros2_ws/install/joy/share/joy/launch/joy-launch.py
-- Symlinking: /home/pheonix/ros2_ws/install/joy/share/ament_index/resource_index/package_run_dependencies/joy
-- Symlinking: /home/pheonix/ros2_ws/install/joy/share/ament_index/resource_index/parent_prefix_path/joy
-- Symlinking: /home/pheonix/ros2_ws/install/joy/share/joy/environment/ament_prefix_path.sh
-- Symlinking: /home/pheonix/ros2_ws/install/joy/share/joy/environment/ament_prefix_path.dsv
-- Symlinking: /home/pheonix/ros2_ws/install/joy/share/joy/environment/path.sh
-- Symlinking: /home/pheonix/ros2_ws/install/joy/share/joy/environment/path.dsv
-- Symlinking: /home/pheonix/ros2_ws/install/joy/share/joy/local_setup.bash
-- Symlinking: /home/pheonix/ros2_ws/install/joy/share/joy/local_setup.sh
-- Symlinking: /home/pheonix/ros2_ws/install/joy/share/joy/local_setup.zsh
-- Symlinking: /home/pheonix/ros2_ws/install/joy/share/joy/local_setup.dsv
-- Symlinking: /home/pheonix/ros2_ws/install/joy/share/joy/package.dsv
-- Symlinking: /home/pheonix/ros2_ws/install/joy/share/ament_index/resource_index/packages/joy
-- Symlinking: /home/pheonix/ros2_ws/install/joy/share/ament_index/resource_index/rclcpp_components/joy
-- Symlinking: /home/pheonix/ros2_ws/install/joy/share/joy/cmake/ament_cmake_export_targets-extras.cmake
-- Symlinking: /home/pheonix/ros2_ws/install/joy/share/joy/cmake/ament_cmake_export_dependencies-extras.cmake
-- Symlinking: /home/pheonix/ros2_ws/install/joy/share/joy/cmake/joyConfig.cmake
-- Symlinking: /home/pheonix/ros2_ws/install/joy/share/joy/cmake/joyConfig-version.cmake
-- Symlinking: /home/pheonix/ros2_ws/install/joy/share/joy/package.xml
-- Up-to-date: /home/pheonix/ros2_ws/install/joy/lib/libjoy.so
-- Up-to-date: /home/pheonix/ros2_ws/install/joy/lib/libgame_controller.so
-- Up-to-date: /home/pheonix/ros2_ws/install/joy/share/joy/cmake/export_joyExport.cmake
-- Up-to-date: /home/pheonix/ros2_ws/install/joy/share/joy/cmake/export_joyExport-noconfig.cmake
-- Up-to-date: /home/pheonix/ros2_ws/install/joy/share/joy/cmake/export_game_controllerExport.cmake
-- Up-to-date: /home/pheonix/ros2_ws/install/joy/share/joy/cmake/export_game_controllerExport-noconfig.cmake
