-- The C compiler identification is GNU 13.2.0
-- The CXX compiler identification is GNU 13.2.0
-- Detecting C compiler ABI info
-- Detecting C compiler ABI info - done
-- Check for working C compiler: /usr/bin/cc - skipped
-- Detecting C compile features
-- Detecting C compile features - done
-- Detecting CXX compiler ABI info
-- Detecting CXX compiler ABI info - done
-- Check for working CXX compiler: /usr/bin/c++ - skipped
-- Detecting CXX compile features
-- Detecting CXX compile features - done
-- Found ament_cmake: 2.5.2 (/opt/ros/jazzy/share/ament_cmake/cmake)
-- Found Python3: /usr/bin/python3 (found version "3.12.3") found components: Interpreter 
-- Found builtin_interfaces: 2.0.2 (/opt/ros/jazzy/share/builtin_interfaces/cmake)
-- Found rosidl_generator_c: 4.6.3 (/opt/ros/jazzy/share/rosidl_generator_c/cmake)
-- Found rosidl_generator_cpp: 4.6.3 (/opt/ros/jazzy/share/rosidl_generator_cpp/cmake)
-- Using all available rosidl_typesupport_c: rosidl_typesupport_fastrtps_c;rosidl_typesupport_introspection_c
-- Using all available rosidl_typesupport_cpp: rosidl_typesupport_fastrtps_cpp;rosidl_typesupport_introspection_cpp
-- Found rosidl_default_generators: 1.6.0 (/opt/ros/jazzy/share/rosidl_default_generators/cmake)
-- Found rosidl_adapter: 4.6.3 (/opt/ros/jazzy/share/rosidl_adapter/cmake)
-- Found ament_cmake_ros: 0.12.0 (/opt/ros/jazzy/share/ament_cmake_ros/cmake)
-- Using all available rosidl_typesupport_c: rosidl_typesupport_fastrtps_c;rosidl_typesupport_introspection_c
-- Using all available rosidl_typesupport_cpp: rosidl_typesupport_fastrtps_cpp;rosidl_typesupport_introspection_cpp
-- Found python_cmake_module: 0.11.1 (/opt/ros/jazzy/share/python_cmake_module/cmake)
-- Found PythonExtra: /usr/bin/python3  
-- Found Python3: /usr/bin/python3 (found version "3.12.3") found components: Interpreter Development NumPy Development.Module Development.Embed 
-- Configuring done (5.4s)
-- Generating done (0.0s)
-- Build files have been written to: /home/pheonix/ros2_ws/build/statistics_msgs
[  1%] [34m[1mGenerating type hashes for ROS interfaces[0m
[  1%] Built target statistics_msgs__rosidl_generator_type_description
[  1%] Built target ament_cmake_python_copy_statistics_msgs
[  3%] [34m[1mGenerating C++ code for ROS interfaces[0m
[  3%] Built target statistics_msgs__cpp
[  5%] [34m[1mGenerating C code for ROS interfaces[0m
[  7%] [32mBuilding C object CMakeFiles/statistics_msgs__rosidl_generator_c.dir/rosidl_generator_c/statistics_msgs/msg/detail/metrics_message__description.c.o[0m
[  9%] [32mBuilding C object CMakeFiles/statistics_msgs__rosidl_generator_c.dir/rosidl_generator_c/statistics_msgs/msg/detail/metrics_message__functions.c.o[0m
[ 11%] [32mBuilding C object CMakeFiles/statistics_msgs__rosidl_generator_c.dir/rosidl_generator_c/statistics_msgs/msg/detail/metrics_message__type_support.c.o[0m
[ 12%] [32mBuilding C object CMakeFiles/statistics_msgs__rosidl_generator_c.dir/rosidl_generator_c/statistics_msgs/msg/detail/statistic_data_point__description.c.o[0m
[ 14%] [32mBuilding C object CMakeFiles/statistics_msgs__rosidl_generator_c.dir/rosidl_generator_c/statistics_msgs/msg/detail/statistic_data_point__functions.c.o[0m
[ 16%] [32mBuilding C object CMakeFiles/statistics_msgs__rosidl_generator_c.dir/rosidl_generator_c/statistics_msgs/msg/detail/statistic_data_point__type_support.c.o[0m
[ 18%] [32mBuilding C object CMakeFiles/statistics_msgs__rosidl_generator_c.dir/rosidl_generator_c/statistics_msgs/msg/detail/statistic_data_type__description.c.o[0m
[ 20%] [32mBuilding C object CMakeFiles/statistics_msgs__rosidl_generator_c.dir/rosidl_generator_c/statistics_msgs/msg/detail/statistic_data_type__functions.c.o[0m
[ 22%] [32mBuilding C object CMakeFiles/statistics_msgs__rosidl_generator_c.dir/rosidl_generator_c/statistics_msgs/msg/detail/statistic_data_type__type_support.c.o[0m
[ 24%] [32m[1mLinking C shared library libstatistics_msgs__rosidl_generator_c.so[0m
[ 24%] Built target statistics_msgs__rosidl_generator_c
running egg_info
creating statistics_msgs.egg-info
writing statistics_msgs.egg-info/PKG-INFO
writing dependency_links to statistics_msgs.egg-info/dependency_links.txt
writing top-level names to statistics_msgs.egg-info/top_level.txt
writing manifest file 'statistics_msgs.egg-info/SOURCES.txt'
reading manifest file 'statistics_msgs.egg-info/SOURCES.txt'
writing manifest file 'statistics_msgs.egg-info/SOURCES.txt'
[ 24%] Built target ament_cmake_python_build_statistics_msgs_egg
[ 25%] [34m[1mGenerating C++ type support dispatch for ROS interfaces[0m
[ 27%] [32mBuilding CXX object CMakeFiles/statistics_msgs__rosidl_typesupport_cpp.dir/rosidl_typesupport_cpp/statistics_msgs/msg/metrics_message__type_support.cpp.o[0m
[ 29%] [32mBuilding CXX object CMakeFiles/statistics_msgs__rosidl_typesupport_cpp.dir/rosidl_typesupport_cpp/statistics_msgs/msg/statistic_data_point__type_support.cpp.o[0m
[ 31%] [32mBuilding CXX object CMakeFiles/statistics_msgs__rosidl_typesupport_cpp.dir/rosidl_typesupport_cpp/statistics_msgs/msg/statistic_data_type__type_support.cpp.o[0m
[ 33%] [32m[1mLinking CXX shared library libstatistics_msgs__rosidl_typesupport_cpp.so[0m
[ 33%] Built target statistics_msgs__rosidl_typesupport_cpp
[ 35%] [34m[1mGenerating C type support for eProsima Fast-RTPS[0m
[ 37%] [32mBuilding CXX object CMakeFiles/statistics_msgs__rosidl_typesupport_fastrtps_c.dir/rosidl_typesupport_fastrtps_c/statistics_msgs/msg/detail/metrics_message__type_support_c.cpp.o[0m
[ 38%] [32mBuilding CXX object CMakeFiles/statistics_msgs__rosidl_typesupport_fastrtps_c.dir/rosidl_typesupport_fastrtps_c/statistics_msgs/msg/detail/statistic_data_point__type_support_c.cpp.o[0m
[ 40%] [32mBuilding CXX object CMakeFiles/statistics_msgs__rosidl_typesupport_fastrtps_c.dir/rosidl_typesupport_fastrtps_c/statistics_msgs/msg/detail/statistic_data_type__type_support_c.cpp.o[0m
[ 42%] [32m[1mLinking CXX shared library libstatistics_msgs__rosidl_typesupport_fastrtps_c.so[0m
[ 42%] Built target statistics_msgs__rosidl_typesupport_fastrtps_c
[ 44%] [34m[1mGenerating C++ type support for eProsima Fast-RTPS[0m
[ 46%] [32mBuilding CXX object CMakeFiles/statistics_msgs__rosidl_typesupport_fastrtps_cpp.dir/rosidl_typesupport_fastrtps_cpp/statistics_msgs/msg/detail/dds_fastrtps/metrics_message__type_support.cpp.o[0m
[ 48%] [32mBuilding CXX object CMakeFiles/statistics_msgs__rosidl_typesupport_fastrtps_cpp.dir/rosidl_typesupport_fastrtps_cpp/statistics_msgs/msg/detail/dds_fastrtps/statistic_data_point__type_support.cpp.o[0m
[ 50%] [32mBuilding CXX object CMakeFiles/statistics_msgs__rosidl_typesupport_fastrtps_cpp.dir/rosidl_typesupport_fastrtps_cpp/statistics_msgs/msg/detail/dds_fastrtps/statistic_data_type__type_support.cpp.o[0m
[ 51%] [32m[1mLinking CXX shared library libstatistics_msgs__rosidl_typesupport_fastrtps_cpp.so[0m
[ 51%] Built target statistics_msgs__rosidl_typesupport_fastrtps_cpp
[ 53%] [34m[1mGenerating C introspection for ROS interfaces[0m
[ 55%] [32mBuilding C object CMakeFiles/statistics_msgs__rosidl_typesupport_introspection_c.dir/rosidl_typesupport_introspection_c/statistics_msgs/msg/detail/metrics_message__type_support.c.o[0m
[ 57%] [32mBuilding C object CMakeFiles/statistics_msgs__rosidl_typesupport_introspection_c.dir/rosidl_typesupport_introspection_c/statistics_msgs/msg/detail/statistic_data_point__type_support.c.o[0m
[ 59%] [32mBuilding C object CMakeFiles/statistics_msgs__rosidl_typesupport_introspection_c.dir/rosidl_typesupport_introspection_c/statistics_msgs/msg/detail/statistic_data_type__type_support.c.o[0m
[ 61%] [32m[1mLinking C shared library libstatistics_msgs__rosidl_typesupport_introspection_c.so[0m
[ 61%] Built target statistics_msgs__rosidl_typesupport_introspection_c
[ 62%] [34m[1mGenerating C type support dispatch for ROS interfaces[0m
[ 64%] [32mBuilding CXX object CMakeFiles/statistics_msgs__rosidl_typesupport_c.dir/rosidl_typesupport_c/statistics_msgs/msg/metrics_message__type_support.cpp.o[0m
[ 66%] [32mBuilding CXX object CMakeFiles/statistics_msgs__rosidl_typesupport_c.dir/rosidl_typesupport_c/statistics_msgs/msg/statistic_data_point__type_support.cpp.o[0m
[ 68%] [32mBuilding CXX object CMakeFiles/statistics_msgs__rosidl_typesupport_c.dir/rosidl_typesupport_c/statistics_msgs/msg/statistic_data_type__type_support.cpp.o[0m
[ 70%] [32m[1mLinking CXX shared library libstatistics_msgs__rosidl_typesupport_c.so[0m
[ 70%] Built target statistics_msgs__rosidl_typesupport_c
[ 72%] [34m[1mGenerating C++ introspection for ROS interfaces[0m
[ 74%] [32mBuilding CXX object CMakeFiles/statistics_msgs__rosidl_typesupport_introspection_cpp.dir/rosidl_typesupport_introspection_cpp/statistics_msgs/msg/detail/metrics_message__type_support.cpp.o[0m
[ 75%] [32mBuilding CXX object CMakeFiles/statistics_msgs__rosidl_typesupport_introspection_cpp.dir/rosidl_typesupport_introspection_cpp/statistics_msgs/msg/detail/statistic_data_point__type_support.cpp.o[0m
[ 77%] [32mBuilding CXX object CMakeFiles/statistics_msgs__rosidl_typesupport_introspection_cpp.dir/rosidl_typesupport_introspection_cpp/statistics_msgs/msg/detail/statistic_data_type__type_support.cpp.o[0m
[ 79%] [32m[1mLinking CXX shared library libstatistics_msgs__rosidl_typesupport_introspection_cpp.so[0m
[ 79%] Built target statistics_msgs__rosidl_typesupport_introspection_cpp
[ 79%] Built target statistics_msgs
[ 81%] [34m[1mGenerating Python code for ROS interfaces[0m
[ 81%] Built target statistics_msgs__py
[ 83%] [32mBuilding C object CMakeFiles/statistics_msgs__rosidl_generator_py.dir/rosidl_generator_py/statistics_msgs/msg/_metrics_message_s.c.o[0m
[ 85%] [32mBuilding C object CMakeFiles/statistics_msgs__rosidl_generator_py.dir/rosidl_generator_py/statistics_msgs/msg/_statistic_data_point_s.c.o[0m
[ 87%] [32mBuilding C object CMakeFiles/statistics_msgs__rosidl_generator_py.dir/rosidl_generator_py/statistics_msgs/msg/_statistic_data_type_s.c.o[0m
[ 88%] [32m[1mLinking C shared library libstatistics_msgs__rosidl_generator_py.so[0m
[ 88%] Built target statistics_msgs__rosidl_generator_py
[ 90%] [32mBuilding C object CMakeFiles/statistics_msgs_s__rosidl_typesupport_fastrtps_c.dir/rosidl_generator_py/statistics_msgs/_statistics_msgs_s.ep.rosidl_typesupport_fastrtps_c.c.o[0m
[ 92%] [32m[1mLinking C shared module rosidl_generator_py/statistics_msgs/statistics_msgs_s__rosidl_typesupport_fastrtps_c.so[0m
[ 92%] Built target statistics_msgs_s__rosidl_typesupport_fastrtps_c
[ 94%] [32mBuilding C object CMakeFiles/statistics_msgs_s__rosidl_typesupport_introspection_c.dir/rosidl_generator_py/statistics_msgs/_statistics_msgs_s.ep.rosidl_typesupport_introspection_c.c.o[0m
[ 96%] [32m[1mLinking C shared module rosidl_generator_py/statistics_msgs/statistics_msgs_s__rosidl_typesupport_introspection_c.so[0m
[ 96%] Built target statistics_msgs_s__rosidl_typesupport_introspection_c
[ 98%] [32mBuilding C object CMakeFiles/statistics_msgs_s__rosidl_typesupport_c.dir/rosidl_generator_py/statistics_msgs/_statistics_msgs_s.ep.rosidl_typesupport_c.c.o[0m
[100%] [32m[1mLinking C shared module rosidl_generator_py/statistics_msgs/statistics_msgs_s__rosidl_typesupport_c.so[0m
[100%] Built target statistics_msgs_s__rosidl_typesupport_c
-- Install configuration: ""
-- Installing: /home/pheonix/ros2_ws/install/statistics_msgs/share/ament_index/resource_index/rosidl_interfaces/statistics_msgs
-- Installing: /home/pheonix/ros2_ws/install/statistics_msgs/share/statistics_msgs/msg/MetricsMessage.json
-- Installing: /home/pheonix/ros2_ws/install/statistics_msgs/share/statistics_msgs/msg/StatisticDataPoint.json
-- Installing: /home/pheonix/ros2_ws/install/statistics_msgs/share/statistics_msgs/msg/StatisticDataType.json
-- Installing: /home/pheonix/ros2_ws/install/statistics_msgs/include/statistics_msgs/statistics_msgs
-- Installing: /home/pheonix/ros2_ws/install/statistics_msgs/include/statistics_msgs/statistics_msgs/msg
-- Installing: /home/pheonix/ros2_ws/install/statistics_msgs/include/statistics_msgs/statistics_msgs/msg/statistic_data_point.h
-- Installing: /home/pheonix/ros2_ws/install/statistics_msgs/include/statistics_msgs/statistics_msgs/msg/statistic_data_type.h
-- Installing: /home/pheonix/ros2_ws/install/statistics_msgs/include/statistics_msgs/statistics_msgs/msg/rosidl_generator_c__visibility_control.h
-- Installing: /home/pheonix/ros2_ws/install/statistics_msgs/include/statistics_msgs/statistics_msgs/msg/detail
-- Installing: /home/pheonix/ros2_ws/install/statistics_msgs/include/statistics_msgs/statistics_msgs/msg/detail/statistic_data_point__type_support.h
-- Installing: /home/pheonix/ros2_ws/install/statistics_msgs/include/statistics_msgs/statistics_msgs/msg/detail/metrics_message__struct.h
-- Installing: /home/pheonix/ros2_ws/install/statistics_msgs/include/statistics_msgs/statistics_msgs/msg/detail/metrics_message__functions.h
-- Installing: /home/pheonix/ros2_ws/install/statistics_msgs/include/statistics_msgs/statistics_msgs/msg/detail/statistic_data_point__functions.h
-- Installing: /home/pheonix/ros2_ws/install/statistics_msgs/include/statistics_msgs/statistics_msgs/msg/detail/statistic_data_type__description.c
-- Installing: /home/pheonix/ros2_ws/install/statistics_msgs/include/statistics_msgs/statistics_msgs/msg/detail/statistic_data_point__functions.c
-- Installing: /home/pheonix/ros2_ws/install/statistics_msgs/include/statistics_msgs/statistics_msgs/msg/detail/statistic_data_type__functions.h
-- Installing: /home/pheonix/ros2_ws/install/statistics_msgs/include/statistics_msgs/statistics_msgs/msg/detail/statistic_data_type__type_support.h
-- Installing: /home/pheonix/ros2_ws/install/statistics_msgs/include/statistics_msgs/statistics_msgs/msg/detail/statistic_data_type__type_support.c
-- Installing: /home/pheonix/ros2_ws/install/statistics_msgs/include/statistics_msgs/statistics_msgs/msg/detail/metrics_message__functions.c
-- Installing: /home/pheonix/ros2_ws/install/statistics_msgs/include/statistics_msgs/statistics_msgs/msg/detail/metrics_message__type_support.h
-- Installing: /home/pheonix/ros2_ws/install/statistics_msgs/include/statistics_msgs/statistics_msgs/msg/detail/metrics_message__description.c
-- Installing: /home/pheonix/ros2_ws/install/statistics_msgs/include/statistics_msgs/statistics_msgs/msg/detail/statistic_data_point__type_support.c
-- Installing: /home/pheonix/ros2_ws/install/statistics_msgs/include/statistics_msgs/statistics_msgs/msg/detail/statistic_data_type__struct.h
-- Installing: /home/pheonix/ros2_ws/install/statistics_msgs/include/statistics_msgs/statistics_msgs/msg/detail/statistic_data_point__description.c
-- Installing: /home/pheonix/ros2_ws/install/statistics_msgs/include/statistics_msgs/statistics_msgs/msg/detail/statistic_data_point__struct.h
-- Installing: /home/pheonix/ros2_ws/install/statistics_msgs/include/statistics_msgs/statistics_msgs/msg/detail/metrics_message__type_support.c
-- Installing: /home/pheonix/ros2_ws/install/statistics_msgs/include/statistics_msgs/statistics_msgs/msg/detail/statistic_data_type__functions.c
-- Installing: /home/pheonix/ros2_ws/install/statistics_msgs/include/statistics_msgs/statistics_msgs/msg/metrics_message.h
-- Installing: /home/pheonix/ros2_ws/install/statistics_msgs/share/statistics_msgs/environment/library_path.sh
-- Installing: /home/pheonix/ros2_ws/install/statistics_msgs/share/statistics_msgs/environment/library_path.dsv
-- Installing: /home/pheonix/ros2_ws/install/statistics_msgs/lib/libstatistics_msgs__rosidl_generator_c.so
-- Set non-toolchain portion of runtime path of "/home/pheonix/ros2_ws/install/statistics_msgs/lib/libstatistics_msgs__rosidl_generator_c.so" to ""
-- Up-to-date: /home/pheonix/ros2_ws/install/statistics_msgs/include/statistics_msgs/statistics_msgs
-- Up-to-date: /home/pheonix/ros2_ws/install/statistics_msgs/include/statistics_msgs/statistics_msgs/msg
-- Installing: /home/pheonix/ros2_ws/install/statistics_msgs/include/statistics_msgs/statistics_msgs/msg/rosidl_typesupport_fastrtps_c__visibility_control.h
-- Up-to-date: /home/pheonix/ros2_ws/install/statistics_msgs/include/statistics_msgs/statistics_msgs/msg/detail
-- Installing: /home/pheonix/ros2_ws/install/statistics_msgs/include/statistics_msgs/statistics_msgs/msg/detail/metrics_message__rosidl_typesupport_fastrtps_c.h
-- Installing: /home/pheonix/ros2_ws/install/statistics_msgs/include/statistics_msgs/statistics_msgs/msg/detail/statistic_data_point__rosidl_typesupport_fastrtps_c.h
-- Installing: /home/pheonix/ros2_ws/install/statistics_msgs/include/statistics_msgs/statistics_msgs/msg/detail/statistic_data_type__rosidl_typesupport_fastrtps_c.h
-- Installing: /home/pheonix/ros2_ws/install/statistics_msgs/lib/libstatistics_msgs__rosidl_typesupport_fastrtps_c.so
-- Set non-toolchain portion of runtime path of "/home/pheonix/ros2_ws/install/statistics_msgs/lib/libstatistics_msgs__rosidl_typesupport_fastrtps_c.so" to ""
-- Up-to-date: /home/pheonix/ros2_ws/install/statistics_msgs/include/statistics_msgs/statistics_msgs
-- Up-to-date: /home/pheonix/ros2_ws/install/statistics_msgs/include/statistics_msgs/statistics_msgs/msg
-- Installing: /home/pheonix/ros2_ws/install/statistics_msgs/include/statistics_msgs/statistics_msgs/msg/statistic_data_point.hpp
-- Installing: /home/pheonix/ros2_ws/install/statistics_msgs/include/statistics_msgs/statistics_msgs/msg/rosidl_generator_cpp__visibility_control.hpp
-- Installing: /home/pheonix/ros2_ws/install/statistics_msgs/include/statistics_msgs/statistics_msgs/msg/metrics_message.hpp
-- Up-to-date: /home/pheonix/ros2_ws/install/statistics_msgs/include/statistics_msgs/statistics_msgs/msg/detail
-- Installing: /home/pheonix/ros2_ws/install/statistics_msgs/include/statistics_msgs/statistics_msgs/msg/detail/statistic_data_type__builder.hpp
-- Installing: /home/pheonix/ros2_ws/install/statistics_msgs/include/statistics_msgs/statistics_msgs/msg/detail/statistic_data_type__struct.hpp
-- Installing: /home/pheonix/ros2_ws/install/statistics_msgs/include/statistics_msgs/statistics_msgs/msg/detail/metrics_message__traits.hpp
-- Installing: /home/pheonix/ros2_ws/install/statistics_msgs/include/statistics_msgs/statistics_msgs/msg/detail/statistic_data_type__type_support.hpp
-- Installing: /home/pheonix/ros2_ws/install/statistics_msgs/include/statistics_msgs/statistics_msgs/msg/detail/statistic_data_point__builder.hpp
-- Installing: /home/pheonix/ros2_ws/install/statistics_msgs/include/statistics_msgs/statistics_msgs/msg/detail/metrics_message__struct.hpp
-- Installing: /home/pheonix/ros2_ws/install/statistics_msgs/include/statistics_msgs/statistics_msgs/msg/detail/statistic_data_point__struct.hpp
-- Installing: /home/pheonix/ros2_ws/install/statistics_msgs/include/statistics_msgs/statistics_msgs/msg/detail/statistic_data_point__traits.hpp
-- Installing: /home/pheonix/ros2_ws/install/statistics_msgs/include/statistics_msgs/statistics_msgs/msg/detail/metrics_message__builder.hpp
-- Installing: /home/pheonix/ros2_ws/install/statistics_msgs/include/statistics_msgs/statistics_msgs/msg/detail/statistic_data_type__traits.hpp
-- Installing: /home/pheonix/ros2_ws/install/statistics_msgs/include/statistics_msgs/statistics_msgs/msg/detail/metrics_message__type_support.hpp
-- Installing: /home/pheonix/ros2_ws/install/statistics_msgs/include/statistics_msgs/statistics_msgs/msg/detail/statistic_data_point__type_support.hpp
-- Installing: /home/pheonix/ros2_ws/install/statistics_msgs/include/statistics_msgs/statistics_msgs/msg/statistic_data_type.hpp
-- Up-to-date: /home/pheonix/ros2_ws/install/statistics_msgs/include/statistics_msgs/statistics_msgs
-- Up-to-date: /home/pheonix/ros2_ws/install/statistics_msgs/include/statistics_msgs/statistics_msgs/msg
-- Up-to-date: /home/pheonix/ros2_ws/install/statistics_msgs/include/statistics_msgs/statistics_msgs/msg/detail
-- Installing: /home/pheonix/ros2_ws/install/statistics_msgs/include/statistics_msgs/statistics_msgs/msg/detail/dds_fastrtps
-- Installing: /home/pheonix/ros2_ws/install/statistics_msgs/include/statistics_msgs/statistics_msgs/msg/detail/statistic_data_point__rosidl_typesupport_fastrtps_cpp.hpp
-- Installing: /home/pheonix/ros2_ws/install/statistics_msgs/include/statistics_msgs/statistics_msgs/msg/detail/statistic_data_type__rosidl_typesupport_fastrtps_cpp.hpp
-- Installing: /home/pheonix/ros2_ws/install/statistics_msgs/include/statistics_msgs/statistics_msgs/msg/detail/metrics_message__rosidl_typesupport_fastrtps_cpp.hpp
-- Installing: /home/pheonix/ros2_ws/install/statistics_msgs/include/statistics_msgs/statistics_msgs/msg/rosidl_typesupport_fastrtps_cpp__visibility_control.h
-- Installing: /home/pheonix/ros2_ws/install/statistics_msgs/lib/libstatistics_msgs__rosidl_typesupport_fastrtps_cpp.so
-- Set non-toolchain portion of runtime path of "/home/pheonix/ros2_ws/install/statistics_msgs/lib/libstatistics_msgs__rosidl_typesupport_fastrtps_cpp.so" to ""
-- Up-to-date: /home/pheonix/ros2_ws/install/statistics_msgs/include/statistics_msgs/statistics_msgs
-- Up-to-date: /home/pheonix/ros2_ws/install/statistics_msgs/include/statistics_msgs/statistics_msgs/msg
-- Up-to-date: /home/pheonix/ros2_ws/install/statistics_msgs/include/statistics_msgs/statistics_msgs/msg/detail
-- Installing: /home/pheonix/ros2_ws/install/statistics_msgs/include/statistics_msgs/statistics_msgs/msg/detail/statistic_data_type__type_support.c
-- Installing: /home/pheonix/ros2_ws/install/statistics_msgs/include/statistics_msgs/statistics_msgs/msg/detail/statistic_data_type__rosidl_typesupport_introspection_c.h
-- Installing: /home/pheonix/ros2_ws/install/statistics_msgs/include/statistics_msgs/statistics_msgs/msg/detail/statistic_data_point__rosidl_typesupport_introspection_c.h
-- Installing: /home/pheonix/ros2_ws/install/statistics_msgs/include/statistics_msgs/statistics_msgs/msg/detail/statistic_data_point__type_support.c
-- Installing: /home/pheonix/ros2_ws/install/statistics_msgs/include/statistics_msgs/statistics_msgs/msg/detail/metrics_message__type_support.c
-- Installing: /home/pheonix/ros2_ws/install/statistics_msgs/include/statistics_msgs/statistics_msgs/msg/detail/metrics_message__rosidl_typesupport_introspection_c.h
-- Installing: /home/pheonix/ros2_ws/install/statistics_msgs/include/statistics_msgs/statistics_msgs/msg/rosidl_typesupport_introspection_c__visibility_control.h
-- Installing: /home/pheonix/ros2_ws/install/statistics_msgs/lib/libstatistics_msgs__rosidl_typesupport_introspection_c.so
-- Set non-toolchain portion of runtime path of "/home/pheonix/ros2_ws/install/statistics_msgs/lib/libstatistics_msgs__rosidl_typesupport_introspection_c.so" to ""
-- Installing: /home/pheonix/ros2_ws/install/statistics_msgs/lib/libstatistics_msgs__rosidl_typesupport_c.so
-- Set non-toolchain portion of runtime path of "/home/pheonix/ros2_ws/install/statistics_msgs/lib/libstatistics_msgs__rosidl_typesupport_c.so" to ""
-- Up-to-date: /home/pheonix/ros2_ws/install/statistics_msgs/include/statistics_msgs/statistics_msgs
-- Up-to-date: /home/pheonix/ros2_ws/install/statistics_msgs/include/statistics_msgs/statistics_msgs/msg
-- Up-to-date: /home/pheonix/ros2_ws/install/statistics_msgs/include/statistics_msgs/statistics_msgs/msg/detail
-- Installing: /home/pheonix/ros2_ws/install/statistics_msgs/include/statistics_msgs/statistics_msgs/msg/detail/statistic_data_type__rosidl_typesupport_introspection_cpp.hpp
-- Installing: /home/pheonix/ros2_ws/install/statistics_msgs/include/statistics_msgs/statistics_msgs/msg/detail/statistic_data_point__type_support.cpp
-- Installing: /home/pheonix/ros2_ws/install/statistics_msgs/include/statistics_msgs/statistics_msgs/msg/detail/metrics_message__rosidl_typesupport_introspection_cpp.hpp
-- Installing: /home/pheonix/ros2_ws/install/statistics_msgs/include/statistics_msgs/statistics_msgs/msg/detail/statistic_data_point__rosidl_typesupport_introspection_cpp.hpp
-- Installing: /home/pheonix/ros2_ws/install/statistics_msgs/include/statistics_msgs/statistics_msgs/msg/detail/metrics_message__type_support.cpp
-- Installing: /home/pheonix/ros2_ws/install/statistics_msgs/include/statistics_msgs/statistics_msgs/msg/detail/statistic_data_type__type_support.cpp
-- Installing: /home/pheonix/ros2_ws/install/statistics_msgs/lib/libstatistics_msgs__rosidl_typesupport_introspection_cpp.so
-- Set non-toolchain portion of runtime path of "/home/pheonix/ros2_ws/install/statistics_msgs/lib/libstatistics_msgs__rosidl_typesupport_introspection_cpp.so" to ""
-- Installing: /home/pheonix/ros2_ws/install/statistics_msgs/lib/libstatistics_msgs__rosidl_typesupport_cpp.so
-- Set non-toolchain portion of runtime path of "/home/pheonix/ros2_ws/install/statistics_msgs/lib/libstatistics_msgs__rosidl_typesupport_cpp.so" to ""
-- Installing: /home/pheonix/ros2_ws/install/statistics_msgs/share/statistics_msgs/environment/pythonpath.sh
-- Installing: /home/pheonix/ros2_ws/install/statistics_msgs/share/statistics_msgs/environment/pythonpath.dsv
-- Installing: /home/pheonix/ros2_ws/install/statistics_msgs/lib/python3.12/site-packages/statistics_msgs-2.2.0-py3.12.egg-info
-- Installing: /home/pheonix/ros2_ws/install/statistics_msgs/lib/python3.12/site-packages/statistics_msgs-2.2.0-py3.12.egg-info/SOURCES.txt
-- Installing: /home/pheonix/ros2_ws/install/statistics_msgs/lib/python3.12/site-packages/statistics_msgs-2.2.0-py3.12.egg-info/dependency_links.txt
-- Installing: /home/pheonix/ros2_ws/install/statistics_msgs/lib/python3.12/site-packages/statistics_msgs-2.2.0-py3.12.egg-info/PKG-INFO
-- Installing: /home/pheonix/ros2_ws/install/statistics_msgs/lib/python3.12/site-packages/statistics_msgs-2.2.0-py3.12.egg-info/top_level.txt
-- Installing: /home/pheonix/ros2_ws/install/statistics_msgs/lib/python3.12/site-packages/statistics_msgs
-- Installing: /home/pheonix/ros2_ws/install/statistics_msgs/lib/python3.12/site-packages/statistics_msgs/statistics_msgs_s__rosidl_typesupport_fastrtps_c.so
-- Installing: /home/pheonix/ros2_ws/install/statistics_msgs/lib/python3.12/site-packages/statistics_msgs/statistics_msgs_s__rosidl_typesupport_introspection_c.so
-- Installing: /home/pheonix/ros2_ws/install/statistics_msgs/lib/python3.12/site-packages/statistics_msgs/statistics_msgs_s__rosidl_typesupport_c.so
-- Installing: /home/pheonix/ros2_ws/install/statistics_msgs/lib/python3.12/site-packages/statistics_msgs/_statistics_msgs_s.ep.rosidl_typesupport_c.c
-- Installing: /home/pheonix/ros2_ws/install/statistics_msgs/lib/python3.12/site-packages/statistics_msgs/msg
-- Installing: /home/pheonix/ros2_ws/install/statistics_msgs/lib/python3.12/site-packages/statistics_msgs/msg/_statistic_data_type.py
-- Installing: /home/pheonix/ros2_ws/install/statistics_msgs/lib/python3.12/site-packages/statistics_msgs/msg/_statistic_data_point.py
-- Installing: /home/pheonix/ros2_ws/install/statistics_msgs/lib/python3.12/site-packages/statistics_msgs/msg/_metrics_message_s.c
-- Installing: /home/pheonix/ros2_ws/install/statistics_msgs/lib/python3.12/site-packages/statistics_msgs/msg/_metrics_message.py
-- Installing: /home/pheonix/ros2_ws/install/statistics_msgs/lib/python3.12/site-packages/statistics_msgs/msg/_statistic_data_type_s.c
-- Installing: /home/pheonix/ros2_ws/install/statistics_msgs/lib/python3.12/site-packages/statistics_msgs/msg/__init__.py
-- Installing: /home/pheonix/ros2_ws/install/statistics_msgs/lib/python3.12/site-packages/statistics_msgs/msg/_statistic_data_point_s.c
-- Installing: /home/pheonix/ros2_ws/install/statistics_msgs/lib/python3.12/site-packages/statistics_msgs/__init__.py
-- Installing: /home/pheonix/ros2_ws/install/statistics_msgs/lib/python3.12/site-packages/statistics_msgs/_statistics_msgs_s.ep.rosidl_typesupport_introspection_c.c
-- Installing: /home/pheonix/ros2_ws/install/statistics_msgs/lib/python3.12/site-packages/statistics_msgs/_statistics_msgs_s.ep.rosidl_typesupport_fastrtps_c.c
Listing '/home/pheonix/ros2_ws/install/statistics_msgs/lib/python3.12/site-packages/statistics_msgs'...
Compiling '/home/pheonix/ros2_ws/install/statistics_msgs/lib/python3.12/site-packages/statistics_msgs/__init__.py'...
Listing '/home/pheonix/ros2_ws/install/statistics_msgs/lib/python3.12/site-packages/statistics_msgs/msg'...
Compiling '/home/pheonix/ros2_ws/install/statistics_msgs/lib/python3.12/site-packages/statistics_msgs/msg/__init__.py'...
Compiling '/home/pheonix/ros2_ws/install/statistics_msgs/lib/python3.12/site-packages/statistics_msgs/msg/_metrics_message.py'...
Compiling '/home/pheonix/ros2_ws/install/statistics_msgs/lib/python3.12/site-packages/statistics_msgs/msg/_statistic_data_point.py'...
Compiling '/home/pheonix/ros2_ws/install/statistics_msgs/lib/python3.12/site-packages/statistics_msgs/msg/_statistic_data_type.py'...
-- Installing: /home/pheonix/ros2_ws/install/statistics_msgs/lib/python3.12/site-packages/statistics_msgs/statistics_msgs_s__rosidl_typesupport_fastrtps_c.so
-- Set non-toolchain portion of runtime path of "/home/pheonix/ros2_ws/install/statistics_msgs/lib/python3.12/site-packages/statistics_msgs/statistics_msgs_s__rosidl_typesupport_fastrtps_c.so" to ""
-- Installing: /home/pheonix/ros2_ws/install/statistics_msgs/lib/python3.12/site-packages/statistics_msgs/statistics_msgs_s__rosidl_typesupport_introspection_c.so
-- Set non-toolchain portion of runtime path of "/home/pheonix/ros2_ws/install/statistics_msgs/lib/python3.12/site-packages/statistics_msgs/statistics_msgs_s__rosidl_typesupport_introspection_c.so" to ""
-- Installing: /home/pheonix/ros2_ws/install/statistics_msgs/lib/python3.12/site-packages/statistics_msgs/statistics_msgs_s__rosidl_typesupport_c.so
-- Set non-toolchain portion of runtime path of "/home/pheonix/ros2_ws/install/statistics_msgs/lib/python3.12/site-packages/statistics_msgs/statistics_msgs_s__rosidl_typesupport_c.so" to ""
-- Installing: /home/pheonix/ros2_ws/install/statistics_msgs/lib/libstatistics_msgs__rosidl_generator_py.so
-- Set non-toolchain portion of runtime path of "/home/pheonix/ros2_ws/install/statistics_msgs/lib/libstatistics_msgs__rosidl_generator_py.so" to ""
-- Installing: /home/pheonix/ros2_ws/install/statistics_msgs/share/statistics_msgs/msg/MetricsMessage.idl
-- Installing: /home/pheonix/ros2_ws/install/statistics_msgs/share/statistics_msgs/msg/StatisticDataPoint.idl
-- Installing: /home/pheonix/ros2_ws/install/statistics_msgs/share/statistics_msgs/msg/StatisticDataType.idl
-- Installing: /home/pheonix/ros2_ws/install/statistics_msgs/share/statistics_msgs/msg/MetricsMessage.msg
-- Installing: /home/pheonix/ros2_ws/install/statistics_msgs/share/statistics_msgs/msg/StatisticDataPoint.msg
-- Installing: /home/pheonix/ros2_ws/install/statistics_msgs/share/statistics_msgs/msg/StatisticDataType.msg
-- Installing: /home/pheonix/ros2_ws/install/statistics_msgs/share/ament_index/resource_index/package_run_dependencies/statistics_msgs
-- Installing: /home/pheonix/ros2_ws/install/statistics_msgs/share/ament_index/resource_index/parent_prefix_path/statistics_msgs
-- Installing: /home/pheonix/ros2_ws/install/statistics_msgs/share/statistics_msgs/environment/ament_prefix_path.sh
-- Installing: /home/pheonix/ros2_ws/install/statistics_msgs/share/statistics_msgs/environment/ament_prefix_path.dsv
-- Installing: /home/pheonix/ros2_ws/install/statistics_msgs/share/statistics_msgs/environment/path.sh
-- Installing: /home/pheonix/ros2_ws/install/statistics_msgs/share/statistics_msgs/environment/path.dsv
-- Installing: /home/pheonix/ros2_ws/install/statistics_msgs/share/statistics_msgs/local_setup.bash
-- Installing: /home/pheonix/ros2_ws/install/statistics_msgs/share/statistics_msgs/local_setup.sh
-- Installing: /home/pheonix/ros2_ws/install/statistics_msgs/share/statistics_msgs/local_setup.zsh
-- Installing: /home/pheonix/ros2_ws/install/statistics_msgs/share/statistics_msgs/local_setup.dsv
-- Installing: /home/pheonix/ros2_ws/install/statistics_msgs/share/statistics_msgs/package.dsv
-- Installing: /home/pheonix/ros2_ws/install/statistics_msgs/share/ament_index/resource_index/packages/statistics_msgs
-- Installing: /home/pheonix/ros2_ws/install/statistics_msgs/share/statistics_msgs/cmake/export_statistics_msgs__rosidl_generator_cExport.cmake
-- Installing: /home/pheonix/ros2_ws/install/statistics_msgs/share/statistics_msgs/cmake/export_statistics_msgs__rosidl_generator_cExport-noconfig.cmake
-- Installing: /home/pheonix/ros2_ws/install/statistics_msgs/share/statistics_msgs/cmake/export_statistics_msgs__rosidl_typesupport_fastrtps_cExport.cmake
-- Installing: /home/pheonix/ros2_ws/install/statistics_msgs/share/statistics_msgs/cmake/export_statistics_msgs__rosidl_typesupport_fastrtps_cExport-noconfig.cmake
-- Installing: /home/pheonix/ros2_ws/install/statistics_msgs/share/statistics_msgs/cmake/export_statistics_msgs__rosidl_generator_cppExport.cmake
-- Installing: /home/pheonix/ros2_ws/install/statistics_msgs/share/statistics_msgs/cmake/export_statistics_msgs__rosidl_typesupport_fastrtps_cppExport.cmake
-- Installing: /home/pheonix/ros2_ws/install/statistics_msgs/share/statistics_msgs/cmake/export_statistics_msgs__rosidl_typesupport_fastrtps_cppExport-noconfig.cmake
-- Installing: /home/pheonix/ros2_ws/install/statistics_msgs/share/statistics_msgs/cmake/statistics_msgs__rosidl_typesupport_introspection_cExport.cmake
-- Installing: /home/pheonix/ros2_ws/install/statistics_msgs/share/statistics_msgs/cmake/statistics_msgs__rosidl_typesupport_introspection_cExport-noconfig.cmake
-- Installing: /home/pheonix/ros2_ws/install/statistics_msgs/share/statistics_msgs/cmake/statistics_msgs__rosidl_typesupport_cExport.cmake
-- Installing: /home/pheonix/ros2_ws/install/statistics_msgs/share/statistics_msgs/cmake/statistics_msgs__rosidl_typesupport_cExport-noconfig.cmake
-- Installing: /home/pheonix/ros2_ws/install/statistics_msgs/share/statistics_msgs/cmake/statistics_msgs__rosidl_typesupport_introspection_cppExport.cmake
-- Installing: /home/pheonix/ros2_ws/install/statistics_msgs/share/statistics_msgs/cmake/statistics_msgs__rosidl_typesupport_introspection_cppExport-noconfig.cmake
-- Installing: /home/pheonix/ros2_ws/install/statistics_msgs/share/statistics_msgs/cmake/statistics_msgs__rosidl_typesupport_cppExport.cmake
-- Installing: /home/pheonix/ros2_ws/install/statistics_msgs/share/statistics_msgs/cmake/statistics_msgs__rosidl_typesupport_cppExport-noconfig.cmake
-- Installing: /home/pheonix/ros2_ws/install/statistics_msgs/share/statistics_msgs/cmake/export_statistics_msgs__rosidl_generator_pyExport.cmake
-- Installing: /home/pheonix/ros2_ws/install/statistics_msgs/share/statistics_msgs/cmake/export_statistics_msgs__rosidl_generator_pyExport-noconfig.cmake
-- Installing: /home/pheonix/ros2_ws/install/statistics_msgs/share/statistics_msgs/cmake/rosidl_cmake-extras.cmake
-- Installing: /home/pheonix/ros2_ws/install/statistics_msgs/share/statistics_msgs/cmake/ament_cmake_export_dependencies-extras.cmake
-- Installing: /home/pheonix/ros2_ws/install/statistics_msgs/share/statistics_msgs/cmake/ament_cmake_export_include_directories-extras.cmake
-- Installing: /home/pheonix/ros2_ws/install/statistics_msgs/share/statistics_msgs/cmake/ament_cmake_export_libraries-extras.cmake
-- Installing: /home/pheonix/ros2_ws/install/statistics_msgs/share/statistics_msgs/cmake/ament_cmake_export_targets-extras.cmake
-- Installing: /home/pheonix/ros2_ws/install/statistics_msgs/share/statistics_msgs/cmake/rosidl_cmake_export_typesupport_targets-extras.cmake
-- Installing: /home/pheonix/ros2_ws/install/statistics_msgs/share/statistics_msgs/cmake/rosidl_cmake_export_typesupport_libraries-extras.cmake
-- Installing: /home/pheonix/ros2_ws/install/statistics_msgs/share/statistics_msgs/cmake/statistics_msgsConfig.cmake
-- Installing: /home/pheonix/ros2_ws/install/statistics_msgs/share/statistics_msgs/cmake/statistics_msgsConfig-version.cmake
-- Installing: /home/pheonix/ros2_ws/install/statistics_msgs/share/statistics_msgs/package.xml
