[0.063s] Invoking command in '/home/pheonix/ros2_ws/build/composition_interfaces': AMENT_PREFIX_PATH=/home/pheonix/ros2_ws/install/rcl_interfaces:${AMENT_PREFIX_PATH} CMAKE_PREFIX_PATH=/home/pheonix/ros2_ws/install/rcl_interfaces:/opt/ros/jazzy/opt/gz_sim_vendor:/opt/ros/jazzy/opt/gz_sensors_vendor:/opt/ros/jazzy/opt/gz_physics_vendor:/opt/ros/jazzy/opt/sdformat_vendor:/opt/ros/jazzy/opt/gz_gui_vendor:/opt/ros/jazzy/opt/gz_transport_vendor:/opt/ros/jazzy/opt/gz_rendering_vendor:/opt/ros/jazzy/opt/gz_plugin_vendor:/opt/ros/jazzy/opt/gz_fuel_tools_vendor:/opt/ros/jazzy/opt/gz_msgs_vendor:/opt/ros/jazzy/opt/gz_common_vendor:/opt/ros/jazzy/opt/gz_tools_vendor:/opt/ros/jazzy/opt/gz_ogre_next_vendor:/opt/ros/jazzy/opt/gz_dartsim_vendor:/home/pheonix/ros2_ws/install/turtlesim:/opt/ros/jazzy/opt/gz_math_vendor:/opt/ros/jazzy/opt/gz_utils_vendor:/opt/ros/jazzy/opt/gz_cmake_vendor:/opt/ros/jazzy DEBUGINFOD_URLS=https://debuginfod.ubuntu.com LD_LIBRARY_PATH=/home/pheonix/ros2_ws/install/rcl_interfaces/lib:${LD_LIBRARY_PATH} PYTHONPATH=/home/pheonix/ros2_ws/install/rcl_interfaces/lib/python3.12/site-packages:${PYTHONPATH} /usr/bin/cmake --build /home/pheonix/ros2_ws/build/composition_interfaces -- -j2 -l2
[0.202s] [  1%] Built target composition_interfaces__rosidl_generator_type_description
[0.259s] [  1%] Built target ament_cmake_python_copy_composition_interfaces
[0.298s] [  3%] Built target composition_interfaces__cpp
[0.358s] [ 24%] Built target composition_interfaces__rosidl_generator_c
[0.716s] running egg_info
[0.756s] writing composition_interfaces.egg-info/PKG-INFO
[0.757s] writing dependency_links to composition_interfaces.egg-info/dependency_links.txt
[0.757s] writing top-level names to composition_interfaces.egg-info/top_level.txt
[0.791s] reading manifest file 'composition_interfaces.egg-info/SOURCES.txt'
[0.791s] writing manifest file 'composition_interfaces.egg-info/SOURCES.txt'
[0.837s] [ 24%] Built target ament_cmake_python_build_composition_interfaces_egg
[0.895s] [ 33%] Built target composition_interfaces__rosidl_typesupport_cpp
[0.979s] [ 42%] Built target composition_interfaces__rosidl_typesupport_fastrtps_c
[1.043s] [ 51%] Built target composition_interfaces__rosidl_typesupport_introspection_c
[1.096s] [ 61%] Built target composition_interfaces__rosidl_typesupport_c
[1.156s] [ 70%] Built target composition_interfaces__rosidl_typesupport_fastrtps_cpp
[1.234s] [ 79%] Built target composition_interfaces__rosidl_typesupport_introspection_cpp
[1.303s] [ 79%] Built target composition_interfaces
[1.389s] [ 81%] Built target composition_interfaces__py
[1.441s] [ 88%] Built target composition_interfaces__rosidl_generator_py
[1.546s] [ 92%] Built target composition_interfaces_s__rosidl_typesupport_fastrtps_c
[1.650s] [ 96%] Built target composition_interfaces_s__rosidl_typesupport_introspection_c
[1.693s] [100%] Built target composition_interfaces_s__rosidl_typesupport_c
[1.702s] Invoked command in '/home/pheonix/ros2_ws/build/composition_interfaces' returned '0': AMENT_PREFIX_PATH=/home/pheonix/ros2_ws/install/rcl_interfaces:${AMENT_PREFIX_PATH} CMAKE_PREFIX_PATH=/home/pheonix/ros2_ws/install/rcl_interfaces:/opt/ros/jazzy/opt/gz_sim_vendor:/opt/ros/jazzy/opt/gz_sensors_vendor:/opt/ros/jazzy/opt/gz_physics_vendor:/opt/ros/jazzy/opt/sdformat_vendor:/opt/ros/jazzy/opt/gz_gui_vendor:/opt/ros/jazzy/opt/gz_transport_vendor:/opt/ros/jazzy/opt/gz_rendering_vendor:/opt/ros/jazzy/opt/gz_plugin_vendor:/opt/ros/jazzy/opt/gz_fuel_tools_vendor:/opt/ros/jazzy/opt/gz_msgs_vendor:/opt/ros/jazzy/opt/gz_common_vendor:/opt/ros/jazzy/opt/gz_tools_vendor:/opt/ros/jazzy/opt/gz_ogre_next_vendor:/opt/ros/jazzy/opt/gz_dartsim_vendor:/home/pheonix/ros2_ws/install/turtlesim:/opt/ros/jazzy/opt/gz_math_vendor:/opt/ros/jazzy/opt/gz_utils_vendor:/opt/ros/jazzy/opt/gz_cmake_vendor:/opt/ros/jazzy DEBUGINFOD_URLS=https://debuginfod.ubuntu.com LD_LIBRARY_PATH=/home/pheonix/ros2_ws/install/rcl_interfaces/lib:${LD_LIBRARY_PATH} PYTHONPATH=/home/pheonix/ros2_ws/install/rcl_interfaces/lib/python3.12/site-packages:${PYTHONPATH} /usr/bin/cmake --build /home/pheonix/ros2_ws/build/composition_interfaces -- -j2 -l2
[1.860s] Invoking command in '/home/pheonix/ros2_ws/build/composition_interfaces': AMENT_PREFIX_PATH=/home/pheonix/ros2_ws/install/rcl_interfaces:${AMENT_PREFIX_PATH} CMAKE_PREFIX_PATH=/home/pheonix/ros2_ws/install/rcl_interfaces:/opt/ros/jazzy/opt/gz_sim_vendor:/opt/ros/jazzy/opt/gz_sensors_vendor:/opt/ros/jazzy/opt/gz_physics_vendor:/opt/ros/jazzy/opt/sdformat_vendor:/opt/ros/jazzy/opt/gz_gui_vendor:/opt/ros/jazzy/opt/gz_transport_vendor:/opt/ros/jazzy/opt/gz_rendering_vendor:/opt/ros/jazzy/opt/gz_plugin_vendor:/opt/ros/jazzy/opt/gz_fuel_tools_vendor:/opt/ros/jazzy/opt/gz_msgs_vendor:/opt/ros/jazzy/opt/gz_common_vendor:/opt/ros/jazzy/opt/gz_tools_vendor:/opt/ros/jazzy/opt/gz_ogre_next_vendor:/opt/ros/jazzy/opt/gz_dartsim_vendor:/home/pheonix/ros2_ws/install/turtlesim:/opt/ros/jazzy/opt/gz_math_vendor:/opt/ros/jazzy/opt/gz_utils_vendor:/opt/ros/jazzy/opt/gz_cmake_vendor:/opt/ros/jazzy DEBUGINFOD_URLS=https://debuginfod.ubuntu.com LD_LIBRARY_PATH=/home/pheonix/ros2_ws/install/rcl_interfaces/lib:${LD_LIBRARY_PATH} PYTHONPATH=/home/pheonix/ros2_ws/install/rcl_interfaces/lib/python3.12/site-packages:${PYTHONPATH} /usr/bin/cmake --install /home/pheonix/ros2_ws/build/composition_interfaces
[1.879s] -- Install configuration: ""
[1.881s] -- Up-to-date: /home/pheonix/ros2_ws/install/composition_interfaces/share/ament_index/resource_index/rosidl_interfaces/composition_interfaces
[1.884s] -- Up-to-date: /home/pheonix/ros2_ws/install/composition_interfaces/share/composition_interfaces/srv/LoadNode.json
[1.884s] -- Up-to-date: /home/pheonix/ros2_ws/install/composition_interfaces/share/composition_interfaces/srv/ListNodes.json
[1.884s] -- Up-to-date: /home/pheonix/ros2_ws/install/composition_interfaces/share/composition_interfaces/srv/UnloadNode.json
[1.884s] -- Up-to-date: /home/pheonix/ros2_ws/install/composition_interfaces/include/composition_interfaces/composition_interfaces
[1.884s] -- Up-to-date: /home/pheonix/ros2_ws/install/composition_interfaces/include/composition_interfaces/composition_interfaces/msg
[1.884s] -- Up-to-date: /home/pheonix/ros2_ws/install/composition_interfaces/include/composition_interfaces/composition_interfaces/msg/rosidl_generator_c__visibility_control.h
[1.884s] -- Up-to-date: /home/pheonix/ros2_ws/install/composition_interfaces/include/composition_interfaces/composition_interfaces/srv
[1.885s] -- Up-to-date: /home/pheonix/ros2_ws/install/composition_interfaces/include/composition_interfaces/composition_interfaces/srv/unload_node.h
[1.885s] -- Up-to-date: /home/pheonix/ros2_ws/install/composition_interfaces/include/composition_interfaces/composition_interfaces/srv/detail
[1.885s] -- Installing: /home/pheonix/ros2_ws/install/composition_interfaces/include/composition_interfaces/composition_interfaces/srv/detail/unload_node__type_support.c
[1.885s] -- Up-to-date: /home/pheonix/ros2_ws/install/composition_interfaces/include/composition_interfaces/composition_interfaces/srv/detail/load_node__type_support.h
[1.885s] -- Installing: /home/pheonix/ros2_ws/install/composition_interfaces/include/composition_interfaces/composition_interfaces/srv/detail/list_nodes__type_support.c
[1.885s] -- Up-to-date: /home/pheonix/ros2_ws/install/composition_interfaces/include/composition_interfaces/composition_interfaces/srv/detail/list_nodes__functions.c
[1.886s] -- Up-to-date: /home/pheonix/ros2_ws/install/composition_interfaces/include/composition_interfaces/composition_interfaces/srv/detail/unload_node__description.c
[1.886s] -- Up-to-date: /home/pheonix/ros2_ws/install/composition_interfaces/include/composition_interfaces/composition_interfaces/srv/detail/load_node__struct.h
[1.886s] -- Up-to-date: /home/pheonix/ros2_ws/install/composition_interfaces/include/composition_interfaces/composition_interfaces/srv/detail/list_nodes__description.c
[1.886s] -- Up-to-date: /home/pheonix/ros2_ws/install/composition_interfaces/include/composition_interfaces/composition_interfaces/srv/detail/unload_node__struct.h
[1.886s] -- Up-to-date: /home/pheonix/ros2_ws/install/composition_interfaces/include/composition_interfaces/composition_interfaces/srv/detail/load_node__functions.c
[1.886s] -- Up-to-date: /home/pheonix/ros2_ws/install/composition_interfaces/include/composition_interfaces/composition_interfaces/srv/detail/unload_node__functions.c
[1.886s] -- Up-to-date: /home/pheonix/ros2_ws/install/composition_interfaces/include/composition_interfaces/composition_interfaces/srv/detail/load_node__description.c
[1.886s] -- Up-to-date: /home/pheonix/ros2_ws/install/composition_interfaces/include/composition_interfaces/composition_interfaces/srv/detail/load_node__functions.h
[1.886s] -- Up-to-date: /home/pheonix/ros2_ws/install/composition_interfaces/include/composition_interfaces/composition_interfaces/srv/detail/unload_node__type_support.h
[1.886s] -- Up-to-date: /home/pheonix/ros2_ws/install/composition_interfaces/include/composition_interfaces/composition_interfaces/srv/detail/list_nodes__type_support.h
[1.886s] -- Installing: /home/pheonix/ros2_ws/install/composition_interfaces/include/composition_interfaces/composition_interfaces/srv/detail/load_node__type_support.c
[1.886s] -- Up-to-date: /home/pheonix/ros2_ws/install/composition_interfaces/include/composition_interfaces/composition_interfaces/srv/detail/list_nodes__functions.h
[1.886s] -- Up-to-date: /home/pheonix/ros2_ws/install/composition_interfaces/include/composition_interfaces/composition_interfaces/srv/detail/unload_node__functions.h
[1.886s] -- Up-to-date: /home/pheonix/ros2_ws/install/composition_interfaces/include/composition_interfaces/composition_interfaces/srv/detail/list_nodes__struct.h
[1.886s] -- Up-to-date: /home/pheonix/ros2_ws/install/composition_interfaces/include/composition_interfaces/composition_interfaces/srv/list_nodes.h
[1.887s] -- Up-to-date: /home/pheonix/ros2_ws/install/composition_interfaces/include/composition_interfaces/composition_interfaces/srv/load_node.h
[1.887s] -- Up-to-date: /home/pheonix/ros2_ws/install/composition_interfaces/share/composition_interfaces/environment/library_path.sh
[1.887s] -- Up-to-date: /home/pheonix/ros2_ws/install/composition_interfaces/share/composition_interfaces/environment/library_path.dsv
[1.887s] -- Up-to-date: /home/pheonix/ros2_ws/install/composition_interfaces/lib/libcomposition_interfaces__rosidl_generator_c.so
[1.887s] -- Up-to-date: /home/pheonix/ros2_ws/install/composition_interfaces/include/composition_interfaces/composition_interfaces
[1.888s] -- Up-to-date: /home/pheonix/ros2_ws/install/composition_interfaces/include/composition_interfaces/composition_interfaces/msg
[1.888s] -- Up-to-date: /home/pheonix/ros2_ws/install/composition_interfaces/include/composition_interfaces/composition_interfaces/msg/rosidl_typesupport_fastrtps_c__visibility_control.h
[1.888s] -- Up-to-date: /home/pheonix/ros2_ws/install/composition_interfaces/include/composition_interfaces/composition_interfaces/srv
[1.888s] -- Up-to-date: /home/pheonix/ros2_ws/install/composition_interfaces/include/composition_interfaces/composition_interfaces/srv/detail
[1.888s] -- Up-to-date: /home/pheonix/ros2_ws/install/composition_interfaces/include/composition_interfaces/composition_interfaces/srv/detail/list_nodes__rosidl_typesupport_fastrtps_c.h
[1.888s] -- Up-to-date: /home/pheonix/ros2_ws/install/composition_interfaces/include/composition_interfaces/composition_interfaces/srv/detail/unload_node__rosidl_typesupport_fastrtps_c.h
[1.888s] -- Up-to-date: /home/pheonix/ros2_ws/install/composition_interfaces/include/composition_interfaces/composition_interfaces/srv/detail/load_node__rosidl_typesupport_fastrtps_c.h
[1.888s] -- Up-to-date: /home/pheonix/ros2_ws/install/composition_interfaces/lib/libcomposition_interfaces__rosidl_typesupport_fastrtps_c.so
[1.888s] -- Up-to-date: /home/pheonix/ros2_ws/install/composition_interfaces/include/composition_interfaces/composition_interfaces
[1.889s] -- Up-to-date: /home/pheonix/ros2_ws/install/composition_interfaces/include/composition_interfaces/composition_interfaces/msg
[1.889s] -- Up-to-date: /home/pheonix/ros2_ws/install/composition_interfaces/include/composition_interfaces/composition_interfaces/msg/rosidl_typesupport_introspection_c__visibility_control.h
[1.889s] -- Up-to-date: /home/pheonix/ros2_ws/install/composition_interfaces/include/composition_interfaces/composition_interfaces/srv
[1.889s] -- Up-to-date: /home/pheonix/ros2_ws/install/composition_interfaces/include/composition_interfaces/composition_interfaces/srv/detail
[1.889s] -- Installing: /home/pheonix/ros2_ws/install/composition_interfaces/include/composition_interfaces/composition_interfaces/srv/detail/unload_node__type_support.c
[1.893s] -- Installing: /home/pheonix/ros2_ws/install/composition_interfaces/include/composition_interfaces/composition_interfaces/srv/detail/list_nodes__type_support.c
[1.899s] -- Up-to-date: /home/pheonix/ros2_ws/install/composition_interfaces/include/composition_interfaces/composition_interfaces/srv/detail/list_nodes__rosidl_typesupport_introspection_c.h
[1.899s] -- Up-to-date: /home/pheonix/ros2_ws/install/composition_interfaces/include/composition_interfaces/composition_interfaces/srv/detail/unload_node__rosidl_typesupport_introspection_c.h
[1.899s] -- Up-to-date: /home/pheonix/ros2_ws/install/composition_interfaces/include/composition_interfaces/composition_interfaces/srv/detail/load_node__rosidl_typesupport_introspection_c.h
[1.899s] -- Installing: /home/pheonix/ros2_ws/install/composition_interfaces/include/composition_interfaces/composition_interfaces/srv/detail/load_node__type_support.c
[1.901s] -- Up-to-date: /home/pheonix/ros2_ws/install/composition_interfaces/lib/libcomposition_interfaces__rosidl_typesupport_introspection_c.so
[1.901s] -- Up-to-date: /home/pheonix/ros2_ws/install/composition_interfaces/lib/libcomposition_interfaces__rosidl_typesupport_c.so
[1.901s] -- Up-to-date: /home/pheonix/ros2_ws/install/composition_interfaces/include/composition_interfaces/composition_interfaces
[1.901s] -- Up-to-date: /home/pheonix/ros2_ws/install/composition_interfaces/include/composition_interfaces/composition_interfaces/msg
[1.901s] -- Up-to-date: /home/pheonix/ros2_ws/install/composition_interfaces/include/composition_interfaces/composition_interfaces/msg/rosidl_generator_cpp__visibility_control.hpp
[1.901s] -- Up-to-date: /home/pheonix/ros2_ws/install/composition_interfaces/include/composition_interfaces/composition_interfaces/srv
[1.901s] -- Up-to-date: /home/pheonix/ros2_ws/install/composition_interfaces/include/composition_interfaces/composition_interfaces/srv/load_node.hpp
[1.901s] -- Up-to-date: /home/pheonix/ros2_ws/install/composition_interfaces/include/composition_interfaces/composition_interfaces/srv/unload_node.hpp
[1.901s] -- Up-to-date: /home/pheonix/ros2_ws/install/composition_interfaces/include/composition_interfaces/composition_interfaces/srv/detail
[1.901s] -- Up-to-date: /home/pheonix/ros2_ws/install/composition_interfaces/include/composition_interfaces/composition_interfaces/srv/detail/list_nodes__struct.hpp
[1.901s] -- Up-to-date: /home/pheonix/ros2_ws/install/composition_interfaces/include/composition_interfaces/composition_interfaces/srv/detail/list_nodes__type_support.hpp
[1.901s] -- Up-to-date: /home/pheonix/ros2_ws/install/composition_interfaces/include/composition_interfaces/composition_interfaces/srv/detail/list_nodes__builder.hpp
[1.901s] -- Up-to-date: /home/pheonix/ros2_ws/install/composition_interfaces/include/composition_interfaces/composition_interfaces/srv/detail/list_nodes__traits.hpp
[1.901s] -- Up-to-date: /home/pheonix/ros2_ws/install/composition_interfaces/include/composition_interfaces/composition_interfaces/srv/detail/unload_node__type_support.hpp
[1.902s] -- Up-to-date: /home/pheonix/ros2_ws/install/composition_interfaces/include/composition_interfaces/composition_interfaces/srv/detail/unload_node__builder.hpp
[1.902s] -- Up-to-date: /home/pheonix/ros2_ws/install/composition_interfaces/include/composition_interfaces/composition_interfaces/srv/detail/unload_node__traits.hpp
[1.902s] -- Up-to-date: /home/pheonix/ros2_ws/install/composition_interfaces/include/composition_interfaces/composition_interfaces/srv/detail/load_node__traits.hpp
[1.902s] -- Up-to-date: /home/pheonix/ros2_ws/install/composition_interfaces/include/composition_interfaces/composition_interfaces/srv/detail/load_node__builder.hpp
[1.903s] -- Up-to-date: /home/pheonix/ros2_ws/install/composition_interfaces/include/composition_interfaces/composition_interfaces/srv/detail/load_node__type_support.hpp
[1.903s] -- Up-to-date: /home/pheonix/ros2_ws/install/composition_interfaces/include/composition_interfaces/composition_interfaces/srv/detail/load_node__struct.hpp
[1.903s] -- Up-to-date: /home/pheonix/ros2_ws/install/composition_interfaces/include/composition_interfaces/composition_interfaces/srv/detail/unload_node__struct.hpp
[1.903s] -- Up-to-date: /home/pheonix/ros2_ws/install/composition_interfaces/include/composition_interfaces/composition_interfaces/srv/list_nodes.hpp
[1.903s] -- Up-to-date: /home/pheonix/ros2_ws/install/composition_interfaces/include/composition_interfaces/composition_interfaces
[1.903s] -- Up-to-date: /home/pheonix/ros2_ws/install/composition_interfaces/include/composition_interfaces/composition_interfaces/msg
[1.903s] -- Up-to-date: /home/pheonix/ros2_ws/install/composition_interfaces/include/composition_interfaces/composition_interfaces/msg/rosidl_typesupport_fastrtps_cpp__visibility_control.h
[1.903s] -- Up-to-date: /home/pheonix/ros2_ws/install/composition_interfaces/include/composition_interfaces/composition_interfaces/srv
[1.903s] -- Up-to-date: /home/pheonix/ros2_ws/install/composition_interfaces/include/composition_interfaces/composition_interfaces/srv/detail
[1.903s] -- Up-to-date: /home/pheonix/ros2_ws/install/composition_interfaces/include/composition_interfaces/composition_interfaces/srv/detail/load_node__rosidl_typesupport_fastrtps_cpp.hpp
[1.904s] -- Up-to-date: /home/pheonix/ros2_ws/install/composition_interfaces/include/composition_interfaces/composition_interfaces/srv/detail/dds_fastrtps
[1.904s] -- Up-to-date: /home/pheonix/ros2_ws/install/composition_interfaces/include/composition_interfaces/composition_interfaces/srv/detail/unload_node__rosidl_typesupport_fastrtps_cpp.hpp
[1.904s] -- Up-to-date: /home/pheonix/ros2_ws/install/composition_interfaces/include/composition_interfaces/composition_interfaces/srv/detail/list_nodes__rosidl_typesupport_fastrtps_cpp.hpp
[1.904s] -- Up-to-date: /home/pheonix/ros2_ws/install/composition_interfaces/lib/libcomposition_interfaces__rosidl_typesupport_fastrtps_cpp.so
[1.905s] -- Up-to-date: /home/pheonix/ros2_ws/install/composition_interfaces/include/composition_interfaces/composition_interfaces
[1.905s] -- Up-to-date: /home/pheonix/ros2_ws/install/composition_interfaces/include/composition_interfaces/composition_interfaces/srv
[1.907s] -- Up-to-date: /home/pheonix/ros2_ws/install/composition_interfaces/include/composition_interfaces/composition_interfaces/srv/detail
[1.907s] -- Up-to-date: /home/pheonix/ros2_ws/install/composition_interfaces/include/composition_interfaces/composition_interfaces/srv/detail/unload_node__rosidl_typesupport_introspection_cpp.hpp
[1.907s] -- Up-to-date: /home/pheonix/ros2_ws/install/composition_interfaces/include/composition_interfaces/composition_interfaces/srv/detail/list_nodes__rosidl_typesupport_introspection_cpp.hpp
[1.907s] -- Up-to-date: /home/pheonix/ros2_ws/install/composition_interfaces/include/composition_interfaces/composition_interfaces/srv/detail/list_nodes__type_support.cpp
[1.907s] -- Up-to-date: /home/pheonix/ros2_ws/install/composition_interfaces/include/composition_interfaces/composition_interfaces/srv/detail/load_node__rosidl_typesupport_introspection_cpp.hpp
[1.907s] -- Up-to-date: /home/pheonix/ros2_ws/install/composition_interfaces/include/composition_interfaces/composition_interfaces/srv/detail/load_node__type_support.cpp
[1.907s] -- Up-to-date: /home/pheonix/ros2_ws/install/composition_interfaces/include/composition_interfaces/composition_interfaces/srv/detail/unload_node__type_support.cpp
[1.907s] -- Up-to-date: /home/pheonix/ros2_ws/install/composition_interfaces/lib/libcomposition_interfaces__rosidl_typesupport_introspection_cpp.so
[1.908s] -- Up-to-date: /home/pheonix/ros2_ws/install/composition_interfaces/lib/libcomposition_interfaces__rosidl_typesupport_cpp.so
[1.909s] -- Up-to-date: /home/pheonix/ros2_ws/install/composition_interfaces/share/composition_interfaces/environment/pythonpath.sh
[1.909s] -- Up-to-date: /home/pheonix/ros2_ws/install/composition_interfaces/share/composition_interfaces/environment/pythonpath.dsv
[1.909s] -- Up-to-date: /home/pheonix/ros2_ws/install/composition_interfaces/lib/python3.12/site-packages/composition_interfaces-2.2.0-py3.12.egg-info
[1.909s] -- Installing: /home/pheonix/ros2_ws/install/composition_interfaces/lib/python3.12/site-packages/composition_interfaces-2.2.0-py3.12.egg-info/SOURCES.txt
[1.909s] -- Installing: /home/pheonix/ros2_ws/install/composition_interfaces/lib/python3.12/site-packages/composition_interfaces-2.2.0-py3.12.egg-info/dependency_links.txt
[1.909s] -- Installing: /home/pheonix/ros2_ws/install/composition_interfaces/lib/python3.12/site-packages/composition_interfaces-2.2.0-py3.12.egg-info/PKG-INFO
[1.909s] -- Installing: /home/pheonix/ros2_ws/install/composition_interfaces/lib/python3.12/site-packages/composition_interfaces-2.2.0-py3.12.egg-info/top_level.txt
[1.909s] -- Up-to-date: /home/pheonix/ros2_ws/install/composition_interfaces/lib/python3.12/site-packages/composition_interfaces
[1.910s] -- Up-to-date: /home/pheonix/ros2_ws/install/composition_interfaces/lib/python3.12/site-packages/composition_interfaces/composition_interfaces_s__rosidl_typesupport_introspection_c.so
[1.912s] -- Up-to-date: /home/pheonix/ros2_ws/install/composition_interfaces/lib/python3.12/site-packages/composition_interfaces/composition_interfaces_s__rosidl_typesupport_c.so
[1.912s] -- Up-to-date: /home/pheonix/ros2_ws/install/composition_interfaces/lib/python3.12/site-packages/composition_interfaces/composition_interfaces_s__rosidl_typesupport_fastrtps_c.so
[1.917s] -- Up-to-date: /home/pheonix/ros2_ws/install/composition_interfaces/lib/python3.12/site-packages/composition_interfaces/_composition_interfaces_s.ep.rosidl_typesupport_c.c
[1.917s] -- Up-to-date: /home/pheonix/ros2_ws/install/composition_interfaces/lib/python3.12/site-packages/composition_interfaces/__init__.py
[1.918s] -- Up-to-date: /home/pheonix/ros2_ws/install/composition_interfaces/lib/python3.12/site-packages/composition_interfaces/_composition_interfaces_s.ep.rosidl_typesupport_introspection_c.c
[1.918s] -- Up-to-date: /home/pheonix/ros2_ws/install/composition_interfaces/lib/python3.12/site-packages/composition_interfaces/_composition_interfaces_s.ep.rosidl_typesupport_fastrtps_c.c
[1.918s] -- Up-to-date: /home/pheonix/ros2_ws/install/composition_interfaces/lib/python3.12/site-packages/composition_interfaces/srv
[1.918s] -- Up-to-date: /home/pheonix/ros2_ws/install/composition_interfaces/lib/python3.12/site-packages/composition_interfaces/srv/_load_node.py
[1.918s] -- Up-to-date: /home/pheonix/ros2_ws/install/composition_interfaces/lib/python3.12/site-packages/composition_interfaces/srv/_list_nodes_s.c
[1.918s] -- Up-to-date: /home/pheonix/ros2_ws/install/composition_interfaces/lib/python3.12/site-packages/composition_interfaces/srv/_load_node_s.c
[1.918s] -- Up-to-date: /home/pheonix/ros2_ws/install/composition_interfaces/lib/python3.12/site-packages/composition_interfaces/srv/_unload_node_s.c
[1.918s] -- Up-to-date: /home/pheonix/ros2_ws/install/composition_interfaces/lib/python3.12/site-packages/composition_interfaces/srv/__init__.py
[1.919s] -- Up-to-date: /home/pheonix/ros2_ws/install/composition_interfaces/lib/python3.12/site-packages/composition_interfaces/srv/_list_nodes.py
[1.919s] -- Up-to-date: /home/pheonix/ros2_ws/install/composition_interfaces/lib/python3.12/site-packages/composition_interfaces/srv/_unload_node.py
[1.974s] Listing '/home/pheonix/ros2_ws/install/composition_interfaces/lib/python3.12/site-packages/composition_interfaces'...
[1.974s] Listing '/home/pheonix/ros2_ws/install/composition_interfaces/lib/python3.12/site-packages/composition_interfaces/srv'...
[1.980s] -- Up-to-date: /home/pheonix/ros2_ws/install/composition_interfaces/lib/python3.12/site-packages/composition_interfaces/composition_interfaces_s__rosidl_typesupport_fastrtps_c.so
[1.981s] -- Up-to-date: /home/pheonix/ros2_ws/install/composition_interfaces/lib/python3.12/site-packages/composition_interfaces/composition_interfaces_s__rosidl_typesupport_introspection_c.so
[1.982s] -- Up-to-date: /home/pheonix/ros2_ws/install/composition_interfaces/lib/python3.12/site-packages/composition_interfaces/composition_interfaces_s__rosidl_typesupport_c.so
[1.983s] -- Up-to-date: /home/pheonix/ros2_ws/install/composition_interfaces/lib/libcomposition_interfaces__rosidl_generator_py.so
[1.989s] -- Up-to-date: /home/pheonix/ros2_ws/install/composition_interfaces/share/composition_interfaces/srv/LoadNode.idl
[1.989s] -- Up-to-date: /home/pheonix/ros2_ws/install/composition_interfaces/share/composition_interfaces/srv/ListNodes.idl
[1.989s] -- Up-to-date: /home/pheonix/ros2_ws/install/composition_interfaces/share/composition_interfaces/srv/UnloadNode.idl
[1.989s] -- Up-to-date: /home/pheonix/ros2_ws/install/composition_interfaces/share/composition_interfaces/srv/LoadNode.srv
[1.989s] -- Up-to-date: /home/pheonix/ros2_ws/install/composition_interfaces/share/composition_interfaces/srv/ListNodes.srv
[1.989s] -- Up-to-date: /home/pheonix/ros2_ws/install/composition_interfaces/share/composition_interfaces/srv/UnloadNode.srv
[1.989s] -- Up-to-date: /home/pheonix/ros2_ws/install/composition_interfaces/share/ament_index/resource_index/package_run_dependencies/composition_interfaces
[1.989s] -- Up-to-date: /home/pheonix/ros2_ws/install/composition_interfaces/share/ament_index/resource_index/parent_prefix_path/composition_interfaces
[1.989s] -- Up-to-date: /home/pheonix/ros2_ws/install/composition_interfaces/share/composition_interfaces/environment/ament_prefix_path.sh
[1.989s] -- Up-to-date: /home/pheonix/ros2_ws/install/composition_interfaces/share/composition_interfaces/environment/ament_prefix_path.dsv
[1.989s] -- Up-to-date: /home/pheonix/ros2_ws/install/composition_interfaces/share/composition_interfaces/environment/path.sh
[1.994s] -- Up-to-date: /home/pheonix/ros2_ws/install/composition_interfaces/share/composition_interfaces/environment/path.dsv
[1.999s] -- Up-to-date: /home/pheonix/ros2_ws/install/composition_interfaces/share/composition_interfaces/local_setup.bash
[1.999s] -- Up-to-date: /home/pheonix/ros2_ws/install/composition_interfaces/share/composition_interfaces/local_setup.sh
[1.999s] -- Up-to-date: /home/pheonix/ros2_ws/install/composition_interfaces/share/composition_interfaces/local_setup.zsh
[1.999s] -- Up-to-date: /home/pheonix/ros2_ws/install/composition_interfaces/share/composition_interfaces/local_setup.dsv
[1.999s] -- Installing: /home/pheonix/ros2_ws/install/composition_interfaces/share/composition_interfaces/package.dsv
[2.000s] -- Up-to-date: /home/pheonix/ros2_ws/install/composition_interfaces/share/ament_index/resource_index/packages/composition_interfaces
[2.000s] -- Up-to-date: /home/pheonix/ros2_ws/install/composition_interfaces/share/composition_interfaces/cmake/export_composition_interfaces__rosidl_generator_cExport.cmake
[2.000s] -- Up-to-date: /home/pheonix/ros2_ws/install/composition_interfaces/share/composition_interfaces/cmake/export_composition_interfaces__rosidl_generator_cExport-noconfig.cmake
[2.000s] -- Up-to-date: /home/pheonix/ros2_ws/install/composition_interfaces/share/composition_interfaces/cmake/export_composition_interfaces__rosidl_typesupport_fastrtps_cExport.cmake
[2.000s] -- Up-to-date: /home/pheonix/ros2_ws/install/composition_interfaces/share/composition_interfaces/cmake/export_composition_interfaces__rosidl_typesupport_fastrtps_cExport-noconfig.cmake
[2.001s] -- Up-to-date: /home/pheonix/ros2_ws/install/composition_interfaces/share/composition_interfaces/cmake/composition_interfaces__rosidl_typesupport_introspection_cExport.cmake
[2.001s] -- Up-to-date: /home/pheonix/ros2_ws/install/composition_interfaces/share/composition_interfaces/cmake/composition_interfaces__rosidl_typesupport_introspection_cExport-noconfig.cmake
[2.001s] -- Up-to-date: /home/pheonix/ros2_ws/install/composition_interfaces/share/composition_interfaces/cmake/composition_interfaces__rosidl_typesupport_cExport.cmake
[2.001s] -- Up-to-date: /home/pheonix/ros2_ws/install/composition_interfaces/share/composition_interfaces/cmake/composition_interfaces__rosidl_typesupport_cExport-noconfig.cmake
[2.004s] -- Up-to-date: /home/pheonix/ros2_ws/install/composition_interfaces/share/composition_interfaces/cmake/export_composition_interfaces__rosidl_generator_cppExport.cmake
[2.004s] -- Up-to-date: /home/pheonix/ros2_ws/install/composition_interfaces/share/composition_interfaces/cmake/export_composition_interfaces__rosidl_typesupport_fastrtps_cppExport.cmake
[2.004s] -- Up-to-date: /home/pheonix/ros2_ws/install/composition_interfaces/share/composition_interfaces/cmake/export_composition_interfaces__rosidl_typesupport_fastrtps_cppExport-noconfig.cmake
[2.005s] -- Up-to-date: /home/pheonix/ros2_ws/install/composition_interfaces/share/composition_interfaces/cmake/composition_interfaces__rosidl_typesupport_introspection_cppExport.cmake
[2.005s] -- Up-to-date: /home/pheonix/ros2_ws/install/composition_interfaces/share/composition_interfaces/cmake/composition_interfaces__rosidl_typesupport_introspection_cppExport-noconfig.cmake
[2.005s] -- Up-to-date: /home/pheonix/ros2_ws/install/composition_interfaces/share/composition_interfaces/cmake/composition_interfaces__rosidl_typesupport_cppExport.cmake
[2.006s] -- Up-to-date: /home/pheonix/ros2_ws/install/composition_interfaces/share/composition_interfaces/cmake/composition_interfaces__rosidl_typesupport_cppExport-noconfig.cmake
[2.006s] -- Up-to-date: /home/pheonix/ros2_ws/install/composition_interfaces/share/composition_interfaces/cmake/export_composition_interfaces__rosidl_generator_pyExport.cmake
[2.006s] -- Up-to-date: /home/pheonix/ros2_ws/install/composition_interfaces/share/composition_interfaces/cmake/export_composition_interfaces__rosidl_generator_pyExport-noconfig.cmake
[2.006s] -- Up-to-date: /home/pheonix/ros2_ws/install/composition_interfaces/share/composition_interfaces/cmake/rosidl_cmake-extras.cmake
[2.006s] -- Up-to-date: /home/pheonix/ros2_ws/install/composition_interfaces/share/composition_interfaces/cmake/ament_cmake_export_dependencies-extras.cmake
[2.008s] -- Up-to-date: /home/pheonix/ros2_ws/install/composition_interfaces/share/composition_interfaces/cmake/ament_cmake_export_include_directories-extras.cmake
[2.008s] -- Up-to-date: /home/pheonix/ros2_ws/install/composition_interfaces/share/composition_interfaces/cmake/ament_cmake_export_libraries-extras.cmake
[2.008s] -- Up-to-date: /home/pheonix/ros2_ws/install/composition_interfaces/share/composition_interfaces/cmake/ament_cmake_export_targets-extras.cmake
[2.008s] -- Up-to-date: /home/pheonix/ros2_ws/install/composition_interfaces/share/composition_interfaces/cmake/rosidl_cmake_export_typesupport_targets-extras.cmake
[2.009s] -- Up-to-date: /home/pheonix/ros2_ws/install/composition_interfaces/share/composition_interfaces/cmake/rosidl_cmake_export_typesupport_libraries-extras.cmake
[2.009s] -- Up-to-date: /home/pheonix/ros2_ws/install/composition_interfaces/share/composition_interfaces/cmake/composition_interfacesConfig.cmake
[2.009s] -- Up-to-date: /home/pheonix/ros2_ws/install/composition_interfaces/share/composition_interfaces/cmake/composition_interfacesConfig-version.cmake
[2.009s] -- Up-to-date: /home/pheonix/ros2_ws/install/composition_interfaces/share/composition_interfaces/package.xml
[2.015s] Invoked command in '/home/pheonix/ros2_ws/build/composition_interfaces' returned '0': AMENT_PREFIX_PATH=/home/pheonix/ros2_ws/install/rcl_interfaces:${AMENT_PREFIX_PATH} CMAKE_PREFIX_PATH=/home/pheonix/ros2_ws/install/rcl_interfaces:/opt/ros/jazzy/opt/gz_sim_vendor:/opt/ros/jazzy/opt/gz_sensors_vendor:/opt/ros/jazzy/opt/gz_physics_vendor:/opt/ros/jazzy/opt/sdformat_vendor:/opt/ros/jazzy/opt/gz_gui_vendor:/opt/ros/jazzy/opt/gz_transport_vendor:/opt/ros/jazzy/opt/gz_rendering_vendor:/opt/ros/jazzy/opt/gz_plugin_vendor:/opt/ros/jazzy/opt/gz_fuel_tools_vendor:/opt/ros/jazzy/opt/gz_msgs_vendor:/opt/ros/jazzy/opt/gz_common_vendor:/opt/ros/jazzy/opt/gz_tools_vendor:/opt/ros/jazzy/opt/gz_ogre_next_vendor:/opt/ros/jazzy/opt/gz_dartsim_vendor:/home/pheonix/ros2_ws/install/turtlesim:/opt/ros/jazzy/opt/gz_math_vendor:/opt/ros/jazzy/opt/gz_utils_vendor:/opt/ros/jazzy/opt/gz_cmake_vendor:/opt/ros/jazzy DEBUGINFOD_URLS=https://debuginfod.ubuntu.com LD_LIBRARY_PATH=/home/pheonix/ros2_ws/install/rcl_interfaces/lib:${LD_LIBRARY_PATH} PYTHONPATH=/home/pheonix/ros2_ws/install/rcl_interfaces/lib/python3.12/site-packages:${PYTHONPATH} /usr/bin/cmake --install /home/pheonix/ros2_ws/build/composition_interfaces
